[INFO] Steering file: MC15ri_rhopeta_Novo_conv.py

Applying BELLE2 style settings...

[1mRooFit v3.60 -- Developed by Wouter Verkerke and David Kirkby[0m 
                Copyright (C) 2000-2013 NIKHEF, University of California & Stanford University
                All rights reserved, please read http://roofit.sourceforge.net/license.txt

[#1] INFO:DataHandling -- RooAbsReal::attachToTree(iCascDcyBrP_Dsp_0) TTree Int_t branch iCascDcyBrP_Dsp_0 will be converted to double precision.
[#1] INFO:DataHandling -- RooAbsReal::attachToTree(iCascDcyBrCcP_Dsp_0) TTree Int_t branch iCascDcyBrCcP_Dsp_0 will be converted to double precision.
[#1] INFO:DataHandling -- RooTreeDataStore::loadValues(data) Skipping event #0 because Dp_M cannot accommodate the value 1.9641
[#1] INFO:DataHandling -- RooTreeDataStore::loadValues(data) Skipping event #2 because Dp_M cannot accommodate the value 1.9175
[#1] INFO:DataHandling -- RooTreeDataStore::loadValues(data) Skipping event #6 because Dp_M cannot accommodate the value 2.00102
[#1] INFO:DataHandling -- RooTreeDataStore::loadValues(data) Skipping event #12 because Dp_M cannot accommodate the value 1.86947
[#1] INFO:DataHandling -- RooTreeDataStore::loadValues(data) Skipping ...
[#0] WARNING:DataHandling -- RooTreeDataStore::loadValues(data) Ignored 552801 out-of-range events
[#1] INFO:Caching -- Changing internal binning of variable 'Dp_M' in FFT 'CB_left' from 100 to 930 to improve the precision of the numerical FFT. This can be done manually by setting an additional binning named 'cache'.
[#1] INFO:Eval -- RooRealVar::setRange(Dp_M) new range named 'fit' created with bounds [1.6,1.85]
[#1] INFO:Minization -- RooMinimizer::optimizeConst: activating const optimization
[#1] INFO:Fitting -- RooAbsOptTestStatistic::ctor(nll_CB_left_data) constructing test statistic for sub-range named fit
[#1] INFO:Eval -- RooRealVar::setRange(Dp_M) new range named 'NormalizationRangeForfit' created with bounds [1.6,1.85]
[#1] INFO:Eval -- RooRealVar::setRange(Dp_M) new range named 'fit_nll_CB_left_data' created with bounds [1.6,1.85]
[#1] INFO:Fitting -- RooAbsOptTestStatistic::ctor(nll_CB_left_data) fixing interpretation of coefficients of any RooAddPdf to full domain of observables 
[#1] INFO:Eval -- RooRealVar::setRange(Dp_M) new range named 'refrange_fft_CB_left' created with bounds [1.6,1.85]
[#1] INFO:Caching -- RooAbsCachedPdf::getCache(CB_left) creating new cache 0x85dcd10 with pdf Novo_CONV_gaussian_CACHE_Obs[Dp_M]_NORM_Dp_M_etapip_gg_rank_Dp_isSignal_iCascDcyBrP_Dsp_0_iCascDcyBrCcP_Dsp_0_Pip_genMotherPDG_etapip_Eta_genMotherPDG_Pip_charge for nset (Dp_M,etapip_gg_rank,Dp_isSignal,iCascDcyBrP_Dsp_0,iCascDcyBrCcP_Dsp_0,Pip_genMotherPDG,etapip_Eta_genMotherPDG,Pip_charge) with code 0
[#1] INFO:Eval -- RooAbsTestStatistic::initMPMode: started 4 remote server process.
 **********
 **    1 **SET PRINT           1
 **********
 **********
 **    2 **SET NOGRAD
 **********
 PARAMETER DEFINITIONS:
    NO.   NAME         VALUE      STEP SIZE      LIMITS
     1 mean         1.70000e+00  6.44500e-03    1.65000e+00  1.71445e+00
     2 mean_gaussian   0.00000e+00  2.00000e-01   -1.00000e+00  1.00000e+00
     3 sigma        5.00000e-02  7.33477e-03    1.00000e-03  7.43477e-02
     4 sigma_gaussian   1.00000e-02  4.95000e-03    1.00000e-04  1.00000e+00
     5 tail         2.00000e-01  4.35177e-02    1.00000e-03  4.36177e-01
 **********
 **    3 **SET ERR         0.5
 **********
 **********
 **    4 **SET PRINT           1
 **********
 **********
 **    5 **SET STR           1
 **********
 NOW USING STRATEGY  1: TRY TO BALANCE SPEED AGAINST RELIABILITY
 **********
 **    6 **MIGRAD        2500           1
 **********
 FIRST CALL TO USER FUNCTION AT NEW START POINT, WITH IFLAG=4.
[#1] INFO:Caching -- RooAbsCachedPdf::getCache(CB_left) creating new cache 0x8cd9490 with pdf Novo_CONV_gaussian_CACHE_Obs[Dp_M]_NORM_Dp_M_etapip_gg_rank_Dp_isSignal_iCascDcyBrP_Dsp_0_iCascDcyBrCcP_Dsp_0_Pip_genMotherPDG_etapip_Eta_genMotherPDG_Pip_charge for nset (Dp_M,etapip_gg_rank,Dp_isSignal,iCascDcyBrP_Dsp_0,iCascDcyBrCcP_Dsp_0,Pip_genMotherPDG,etapip_Eta_genMotherPDG,Pip_charge) with code 0 from preexisting content.[#1] INFO:Caching -- RooAbsCachedPdf::getCache(CB_left) creating new cache 0x8cd9490 with pdf Novo_CONV_gaussian_CACHE_Obs[Dp_M]_NORM_Dp_M_etapip_gg_rank_Dp_isSignal_iCascDcyBrP_Dsp_0_iCascDcyBrCcP_Dsp_0_Pip_genMotherPDG_etapip_Eta_genMotherPDG_Pip_charge for nset (Dp_M,etapip_gg_rank,Dp_isSignal,iCascDcyBrP_Dsp_0,iCascDcyBrCcP_Dsp_0,Pip_genMotherPDG,etapip_Eta_genMotherPDG,Pip_charge) with code 0 from preexisting content.[#1] INFO:Caching -- RooAbsCachedPdf::getCache(CB_left) creating new cache 0x8cd9490 with pdf Novo_CONV_gaussian_CACHE_Obs[Dp_M]_NORM_Dp_M_etapip_gg_rank_Dp_isSignal_iCascDcyBrP_Dsp_0_iCascDcyBrCcP_Dsp_0_Pip_genMotherPDG_etapip_Eta_genMotherPDG_Pip_charge for nset (Dp_M,etapip_gg_rank,Dp_isSignal,iCascDcyBrP_Dsp_0,iCascDcyBrCcP_Dsp_0,Pip_genMotherPDG,etapip_Eta_genMotherPDG,Pip_charge) with code 0 from preexisting content.[#1] INFO:Caching -- RooAbsCachedPdf::getCache(CB_left) creating new cache 0x8cd9490 with pdf Novo_CONV_gaussian_CACHE_Obs[Dp_M]_NORM_Dp_M_etapip_gg_rank_Dp_isSignal_iCascDcyBrP_Dsp_0_iCascDcyBrCcP_Dsp_0_Pip_genMotherPDG_etapip_Eta_genMotherPDG_Pip_charge for nset (Dp_M,etapip_gg_rank,Dp_isSignal,iCascDcyBrP_Dsp_0,iCascDcyBrCcP_Dsp_0,Pip_genMotherPDG,etapip_Eta_genMotherPDG,Pip_charge) with code 0 from preexisting content.



 START MIGRAD MINIMIZATION.  STRATEGY  1.  CONVERGENCE WHEN EDM .LT. 1.00e-03
 FCN=-428597 FROM MIGRAD    STATUS=INITIATE       47 CALLS          48 TOTAL
                     EDM= unknown      STRATEGY= 1      NO ERROR MATRIX       
  EXT PARAMETER               CURRENT GUESS       STEP         FIRST   
  NO.   NAME      VALUE            ERROR          SIZE      DERIVATIVE 
   1  mean         1.70000e+00   6.44500e-03   0.00000e+00  -1.47485e+04
   2  mean_gaussian   0.00000e+00   2.00000e-01   0.00000e+00  -6.11517e+05
   3  sigma        5.00000e-02   7.33477e-03   0.00000e+00  -4.56764e+03
   4  sigma_gaussian   3.95600e-02   4.95000e-03   2.00634e-01  -2.70621e+02
   5  tail         2.00000e-01   4.35177e-02   0.00000e+00   4.83455e+03
                               ERR DEF= 0.5
 MIGRAD FAILS TO FIND IMPROVEMENT
 MACHINE ACCURACY LIMITS FURTHER IMPROVEMENT.
 MIGRAD MINIMIZATION HAS CONVERGED.
 MIGRAD WILL VERIFY CONVERGENCE AND ERROR MATRIX.
 EIGENVALUES OF SECOND-DERIVATIVE MATRIX:
        -8.2897e-02  7.8309e-02  6.7106e-01  8.1970e-01  3.5138e+00
 MINUIT WARNING IN HESSE   
 ============== MATRIX FORCED POS-DEF BY ADDING 0.086411 TO DIAGONAL.
 FCN=-437675 FROM HESSE     STATUS=NOT POSDEF     39 CALLS         549 TOTAL
                     EDM=2.95355    STRATEGY= 1      ERR MATRIX NOT POS-DEF
  EXT PARAMETER                APPROXIMATE        STEP         FIRST   
  NO.   NAME      VALUE            ERROR          SIZE      DERIVATIVE 
   1  mean         1.71443e+00   4.06872e-02   3.96489e-02   1.67452e+00
   2  mean_gaussian   5.09717e-03   1.13491e-03   5.58265e-05   4.18249e+02
   3  sigma        7.43474e-02   1.57198e-04   4.15851e-02  -3.65873e-01
   4  sigma_gaussian   8.19044e-03   3.74890e-04   1.19341e-03  -1.84076e+01
   5  tail         4.24660e-01   9.01063e-03   1.07420e-02   4.76604e-01
                               ERR DEF= 0.5
 MIGRAD MINIMIZATION HAS CONVERGED.
 MIGRAD WILL VERIFY CONVERGENCE AND ERROR MATRIX.
 COVARIANCE MATRIX CALCULATED SUCCESSFULLY
 FCN=-437675 FROM MIGRAD    STATUS=CONVERGED     666 CALLS         667 TOTAL
                     EDM=0.00023854    STRATEGY= 1      ERROR MATRIX ACCURATE 
  EXT PARAMETER                                   STEP         FIRST   
  NO.   NAME      VALUE            ERROR          SIZE      DERIVATIVE 
   1  mean         1.71445e+00   2.44613e-04   4.52756e-02** at limit **
   2  mean_gaussian   5.07731e-03   2.64881e-04   5.58194e-05  -3.64404e+00
   3  sigma        7.43477e-02   1.88738e-04   3.96921e-02** at limit **
   4  sigma_gaussian   8.21450e-03   3.85606e-04   1.18277e-03  -2.09084e+00
   5  tail         4.24770e-01   4.76927e-03   1.08381e-02  -3.13290e-01
                               ERR DEF= 0.5
 EXTERNAL ERROR MATRIX.    NDIM=  25    NPAR=  5    ERR DEF=0.5
  1.604e-13  2.509e-11 -4.207e-18 -6.056e-12  1.639e-10 
  2.509e-11  7.016e-08 -3.628e-12  4.554e-08 -9.961e-07 
 -4.207e-18 -3.628e-12  1.297e-14 -5.142e-12  1.722e-10 
 -6.056e-12  4.554e-08 -5.142e-12  1.487e-07 -1.343e-06 
  1.639e-10 -9.961e-07  1.722e-10 -1.343e-06  2.278e-05 
 PARAMETER  CORRELATION COEFFICIENTS  
       NO.  GLOBAL      1      2      3      4      5
        1  0.57357   1.000  0.237 -0.000 -0.039  0.086
        2  0.88725   0.237  1.000 -0.120  0.446 -0.788
        3  0.49799  -0.000 -0.120  1.000 -0.117  0.317
        4  0.79785  -0.039  0.446 -0.117  1.000 -0.730
        5  0.93851   0.086 -0.788  0.317 -0.730  1.000
 **********
 **    7 **SET ERR         0.5
 **********
 **********
 **    8 **SET PRINT           1
 **********
 **********
 **    9 **HESSE        2500
 **********
 EIGENVALUES OF SECOND-DERIVATIVE MATRIX:
        -4.3807e-02 -6.3227e-03  1.3066e-01  6.7767e-01  4.2418e+00
 MINUIT WARNING IN HESSE   
 ============== MATRIX FORCED POS-DEF BY ADDING 0.048049 TO DIAGONAL.
 FCN=-437675 FROM HESSE     STATUS=NOT POSDEF     51 CALLS         718 TOTAL
                     EDM=0.00308835    STRATEGY= 1      ERR MATRIX NOT POS-DEF
  EXT PARAMETER                APPROXIMATE     INTERNAL      INTERNAL  
  NO.   NAME      VALUE            ERROR       STEP SIZE       VALUE   
   1  mean         1.71445e+00   3.33017e-04   4.83773e-01   1.57090e+00
                                 WARNING -   - ABOVE PARAMETER IS AT LIMIT.
   2  mean_gaussian   5.07731e-03   7.13846e-04   2.23278e-06   5.07734e-03
   3  sigma        7.43477e-02   3.35348e-04   4.95468e-01   1.57077e+00
                                 WARNING -   - ABOVE PARAMETER IS AT LIMIT.
   4  sigma_gaussian   8.21450e-03   6.66606e-04   4.73109e-05  -1.39038e+00
   5  tail         4.24770e-01   9.92141e-03   4.33525e-04   1.89603e+00
                               ERR DEF= 0.5
 EXTERNAL ERROR MATRIX.    NDIM=  25    NPAR=  5    ERR DEF=0.5
  2.185e-13  3.198e-10 -6.162e-14 -2.414e-10 -2.903e-09 
  3.198e-10  5.096e-07 -9.028e-11 -3.356e-07 -4.790e-06 
 -6.162e-14 -9.028e-11  2.306e-14  8.836e-11  1.345e-09 
 -2.414e-10 -3.356e-07  8.836e-11  4.444e-07  4.382e-06 
 -2.903e-09 -4.790e-06  1.345e-09  4.382e-06  9.911e-05 
ERR MATRIX NOT POS-DEF
 PARAMETER  CORRELATION COEFFICIENTS  
       NO.  GLOBAL      1      2      3      4      5
        1  0.99392   1.000  0.958 -0.868 -0.775 -0.624
        2  0.98592   0.958  1.000 -0.833 -0.705 -0.674
        3  0.99563  -0.868 -0.833  1.000  0.873  0.890
        4  0.94019  -0.775 -0.705  0.873  1.000  0.660
        5  0.98684  -0.624 -0.674  0.890  0.660  1.000
 ERR MATRIX NOT POS-DEF
[#1] INFO:Minization -- RooMinimizer::optimizeConst: deactivating const optimization
[#0] ERROR:InputArguments -- RooAbsRealLValue::frame(Dp_M) ERROR: unrecognized command:  
[#1] INFO:Plotting -- RooAbsPdf::plotOn(CB_left) p.d.f was fitted in a subrange and no explicit Range() and NormRange() was specified. Plotting / normalising in fit range. To override, do one of the following
	- Clear the automatic fit range attribute: <pdf>.setStringAttribute("fitrange", nullptr);
	- Explicitly specify the plotting range: Range("<rangeName>").
	- Explicitly specify where to compute the normalisation: NormRange("<rangeName>").
	The default (full) range can be denoted with Range("") / NormRange("").
[#1] INFO:Plotting -- RooAbsPdf::plotOn(CB_left) only plotting range 'fit_nll_CB_left_data'
[#1] INFO:Plotting -- RooAbsPdf::plotOn(CB_left) p.d.f. curve is normalized using explicit choice of ranges 'fit_nll_CB_left_data'
[#1] INFO:Caching -- RooAbsCachedPdf::getCache(CB_left) creating new cache 0x98ef6f0 with pdf Novo_CONV_gaussian_CACHE_Obs[Dp_M]_NORM_Dp_M for nset (Dp_M) with code 0
etapip_gg_rank==1 && ( (iCascDcyBrP_Dsp_0==1 && Pip_charge==1) || (iCascDcyBrCcP_Dsp_0==1 && Pip_charge==-1)) && abs(Pip_genMotherPDG)==213 && abs(etapip_Eta_genMotherPDG)==431
282801.0
