Sender: LSF System <lsfadmin@ccb194>
Subject: Job 52359098: <bash -c "basf2 etapip_gg_fit_v6_toymc_100.py 109 > /home/belle2/jaeyoung/storage_ghi/Ntuples_ghi_2/MC15ri_generic/MC15ri_etaetapip_tight_v2_240419_Kp_BCS_etapi0const/bsub_log//MC15ri_etapip_gg_fitv6_toyMC_100_109.log"> in cluster <centralcluster> Done

Job <bash -c "basf2 etapip_gg_fit_v6_toymc_100.py 109 > /home/belle2/jaeyoung/storage_ghi/Ntuples_ghi_2/MC15ri_generic/MC15ri_etaetapip_tight_v2_240419_Kp_BCS_etapi0const/bsub_log//MC15ri_etapip_gg_fitv6_toyMC_100_109.log"> was submitted from host <ccw02> by user <jaeyoung> in cluster <centralcluster> at Sat Jul 20 14:38:40 2024
Job was executed on host(s) <ccb194>, in queue <s>, as user <jaeyoung> in cluster <centralcluster> at Sat Jul 20 14:39:50 2024
</home/belle2/jaeyoung> was used as the home directory.
</home/belle2/jaeyoung/workspace/DRAW_and_FITTING/main/FITTING/etapip/MC15ri_generic/tight_v2_fit_v6/ToyMC> was used as the working directory.
Started at Sat Jul 20 14:39:50 2024
Terminated at Sat Jul 20 15:25:07 2024
Results reported at Sat Jul 20 15:25:07 2024

Your job looked like:

------------------------------------------------------------
# LSBATCH: User input
bash -c "basf2 etapip_gg_fit_v6_toymc_100.py 109 > /home/belle2/jaeyoung/storage_ghi/Ntuples_ghi_2/MC15ri_generic/MC15ri_etaetapip_tight_v2_240419_Kp_BCS_etapi0const/bsub_log//MC15ri_etapip_gg_fitv6_toyMC_100_109.log"
------------------------------------------------------------

Successfully completed.

Resource usage summary:

    CPU time :                                   2690.53 sec.
    Max Memory :                                 1380 MB
    Average Memory :                             1030.69 MB
    Total Requested Memory :                     4000.00 MB
    Delta Memory :                               2620.00 MB
    Max Swap :                                   -
    Max Processes :                              19
    Max Threads :                                20
    Run time :                                   2718 sec.
    Turnaround time :                            2787 sec.

The output (if any) follows:



PS:

Read file <./bsub_log/109.err> for stderr output of this job.

Sender: LSF System <lsfadmin@ccb517>
Subject: Job 53029408: <bash -c "basf2 etapip_gg_fit_v6_toymc_100.py 109 > /home/belle2/jaeyoung/storage_ghi/Ntuples_ghi_2/MC15ri_generic/MC15ri_etaetapip_tight_v2_240419_Kp_BCS_etapi0const/bsub_log//MC15ri_etapip_gg_fitv6_toyMC_100_109.log"> in cluster <centralcluster> Done

Job <bash -c "basf2 etapip_gg_fit_v6_toymc_100.py 109 > /home/belle2/jaeyoung/storage_ghi/Ntuples_ghi_2/MC15ri_generic/MC15ri_etaetapip_tight_v2_240419_Kp_BCS_etapi0const/bsub_log//MC15ri_etapip_gg_fitv6_toyMC_100_109.log"> was submitted from host <ccw03> by user <jaeyoung> in cluster <centralcluster> at Sun Jul 21 17:30:06 2024
Job was executed on host(s) <ccb517>, in queue <s>, as user <jaeyoung> in cluster <centralcluster> at Sun Jul 21 17:30:33 2024
</home/belle2/jaeyoung> was used as the home directory.
</home/belle2/jaeyoung/workspace/DRAW_and_FITTING/main/FITTING/etapip/MC15ri_generic/tight_v2_fit_v6/ToyMC> was used as the working directory.
Started at Sun Jul 21 17:30:33 2024
Terminated at Sun Jul 21 18:21:08 2024
Results reported at Sun Jul 21 18:21:08 2024

Your job looked like:

------------------------------------------------------------
# LSBATCH: User input
bash -c "basf2 etapip_gg_fit_v6_toymc_100.py 109 > /home/belle2/jaeyoung/storage_ghi/Ntuples_ghi_2/MC15ri_generic/MC15ri_etaetapip_tight_v2_240419_Kp_BCS_etapi0const/bsub_log//MC15ri_etapip_gg_fitv6_toyMC_100_109.log"
------------------------------------------------------------

Successfully completed.

Resource usage summary:

    CPU time :                                   2945.68 sec.
    Max Memory :                                 1311 MB
    Average Memory :                             949.24 MB
    Total Requested Memory :                     4000.00 MB
    Delta Memory :                               2689.00 MB
    Max Swap :                                   -
    Max Processes :                              19
    Max Threads :                                20
    Run time :                                   3035 sec.
    Turnaround time :                            3062 sec.

The output (if any) follows:



PS:

Read file <./bsub_log/109.err> for stderr output of this job.

Sender: LSF System <lsfadmin@ccb280>
Subject: Job 53202149: <bash -c "basf2 etapip_gg_fit_v6_toymc_100.py 109 > /home/belle2/jaeyoung/storage_ghi/Ntuples_ghi_2/MC15ri_generic/MC15ri_etaetapip_tight_v2_240419_Kp_BCS_etapi0const/bsub_log//MC15ri_etapip_gg_fitv6_toyMC_100_109.log"> in cluster <centralcluster> Exited

Job <bash -c "basf2 etapip_gg_fit_v6_toymc_100.py 109 > /home/belle2/jaeyoung/storage_ghi/Ntuples_ghi_2/MC15ri_generic/MC15ri_etaetapip_tight_v2_240419_Kp_BCS_etapi0const/bsub_log//MC15ri_etapip_gg_fitv6_toyMC_100_109.log"> was submitted from host <ccw03> by user <jaeyoung> in cluster <centralcluster> at Mon Jul 22 00:49:06 2024
Job was executed on host(s) <ccb280>, in queue <s>, as user <jaeyoung> in cluster <centralcluster> at Mon Jul 22 00:49:28 2024
</home/belle2/jaeyoung> was used as the home directory.
</home/belle2/jaeyoung/workspace/DRAW_and_FITTING/main/FITTING/etapip/MC15ri_generic/tight_v2_fit_v6/ToyMC> was used as the working directory.
Started at Mon Jul 22 00:49:28 2024
Terminated at Mon Jul 22 01:06:49 2024
Results reported at Mon Jul 22 01:06:49 2024

Your job looked like:

------------------------------------------------------------
# LSBATCH: User input
bash -c "basf2 etapip_gg_fit_v6_toymc_100.py 109 > /home/belle2/jaeyoung/storage_ghi/Ntuples_ghi_2/MC15ri_generic/MC15ri_etaetapip_tight_v2_240419_Kp_BCS_etapi0const/bsub_log//MC15ri_etapip_gg_fitv6_toyMC_100_109.log"
------------------------------------------------------------

Exited with exit code 1.

Resource usage summary:

    CPU time :                                   1030.37 sec.
    Max Memory :                                 1255 MB
    Average Memory :                             1166.20 MB
    Total Requested Memory :                     4000.00 MB
    Delta Memory :                               2745.00 MB
    Max Swap :                                   -
    Max Processes :                              19
    Max Threads :                                20
    Run time :                                   1042 sec.
    Turnaround time :                            1063 sec.

The output (if any) follows:



PS:

Read file <./bsub_log/109.err> for stderr output of this job.

Sender: LSF System <lsfadmin@ccb525>
Subject: Job 53406611: <bash -c "basf2 etapip_gg_fit_v6_toymc_100.py 109 > /home/belle2/jaeyoung/storage_ghi/Ntuples_ghi_2/MC15ri_generic/MC15ri_etaetapip_tight_v2_240419_Kp_BCS_etapi0const/bsub_log//MC15ri_etapip_gg_fitv6_toyMC_100_109.log"> in cluster <centralcluster> Done

Job <bash -c "basf2 etapip_gg_fit_v6_toymc_100.py 109 > /home/belle2/jaeyoung/storage_ghi/Ntuples_ghi_2/MC15ri_generic/MC15ri_etaetapip_tight_v2_240419_Kp_BCS_etapi0const/bsub_log//MC15ri_etapip_gg_fitv6_toyMC_100_109.log"> was submitted from host <ccw06> by user <jaeyoung> in cluster <centralcluster> at Mon Jul 22 10:48:06 2024
Job was executed on host(s) <ccb525>, in queue <s>, as user <jaeyoung> in cluster <centralcluster> at Mon Jul 22 10:48:12 2024
</home/belle2/jaeyoung> was used as the home directory.
</home/belle2/jaeyoung/workspace/DRAW_and_FITTING/main/FITTING/etapip/MC15ri_generic/tight_v2_fit_v6/ToyMC> was used as the working directory.
Started at Mon Jul 22 10:48:12 2024
Terminated at Mon Jul 22 11:34:58 2024
Results reported at Mon Jul 22 11:34:58 2024

Your job looked like:

------------------------------------------------------------
# LSBATCH: User input
bash -c "basf2 etapip_gg_fit_v6_toymc_100.py 109 > /home/belle2/jaeyoung/storage_ghi/Ntuples_ghi_2/MC15ri_generic/MC15ri_etaetapip_tight_v2_240419_Kp_BCS_etapi0const/bsub_log//MC15ri_etapip_gg_fitv6_toyMC_100_109.log"
------------------------------------------------------------

Successfully completed.

Resource usage summary:

    CPU time :                                   2796.91 sec.
    Max Memory :                                 1311 MB
    Average Memory :                             939.96 MB
    Total Requested Memory :                     4000.00 MB
    Delta Memory :                               2689.00 MB
    Max Swap :                                   -
    Max Processes :                              19
    Max Threads :                                20
    Run time :                                   2805 sec.
    Turnaround time :                            2812 sec.

The output (if any) follows:



PS:

Read file <./bsub_log/109.err> for stderr output of this job.

Sender: LSF System <lsfadmin@ccb034>
Subject: Job 53598543: <bash -c "basf2 etapip_gg_fit_v6_toymc_100.py 109 > /home/belle2/jaeyoung/storage_ghi/Ntuples_ghi_2/MC15ri_generic/MC15ri_etaetapip_tight_v2_240419_Kp_BCS_etapi0const/bsub_log//MC15ri_etapip_gg_fitv6_toyMC_100_109.log"> in cluster <centralcluster> Done

Job <bash -c "basf2 etapip_gg_fit_v6_toymc_100.py 109 > /home/belle2/jaeyoung/storage_ghi/Ntuples_ghi_2/MC15ri_generic/MC15ri_etaetapip_tight_v2_240419_Kp_BCS_etapi0const/bsub_log//MC15ri_etapip_gg_fitv6_toyMC_100_109.log"> was submitted from host <ccw03> by user <jaeyoung> in cluster <centralcluster> at Mon Jul 22 18:34:08 2024
Job was executed on host(s) <ccb034>, in queue <s>, as user <jaeyoung> in cluster <centralcluster> at Mon Jul 22 18:34:13 2024
</home/belle2/jaeyoung> was used as the home directory.
</home/belle2/jaeyoung/workspace/DRAW_and_FITTING/main/FITTING/etapip/MC15ri_generic/tight_v2_fit_v6/ToyMC> was used as the working directory.
Started at Mon Jul 22 18:34:13 2024
Terminated at Mon Jul 22 19:20:06 2024
Results reported at Mon Jul 22 19:20:06 2024

Your job looked like:

------------------------------------------------------------
# LSBATCH: User input
bash -c "basf2 etapip_gg_fit_v6_toymc_100.py 109 > /home/belle2/jaeyoung/storage_ghi/Ntuples_ghi_2/MC15ri_generic/MC15ri_etaetapip_tight_v2_240419_Kp_BCS_etapi0const/bsub_log//MC15ri_etapip_gg_fitv6_toyMC_100_109.log"
------------------------------------------------------------

Successfully completed.

Resource usage summary:

    CPU time :                                   2722.42 sec.
    Max Memory :                                 1313 MB
    Average Memory :                             969.56 MB
    Total Requested Memory :                     4000.00 MB
    Delta Memory :                               2687.00 MB
    Max Swap :                                   -
    Max Processes :                              19
    Max Threads :                                20
    Run time :                                   2754 sec.
    Turnaround time :                            2758 sec.

The output (if any) follows:



PS:

Read file <./bsub_log/109.err> for stderr output of this job.

Sender: LSF System <lsfadmin@ccb504>
Subject: Job 53831533: <bash -c "basf2 etapip_gg_fit_v6_toymc_100.py 109 > /home/belle2/jaeyoung/storage_ghi/Ntuples_ghi_2/MC15ri_generic/MC15ri_etaetapip_tight_v2_240419_Kp_BCS_etapi0const/bsub_log//MC15ri_etapip_gg_fitv6_toyMC_100_109.log"> in cluster <centralcluster> Done

Job <bash -c "basf2 etapip_gg_fit_v6_toymc_100.py 109 > /home/belle2/jaeyoung/storage_ghi/Ntuples_ghi_2/MC15ri_generic/MC15ri_etaetapip_tight_v2_240419_Kp_BCS_etapi0const/bsub_log//MC15ri_etapip_gg_fitv6_toyMC_100_109.log"> was submitted from host <ccw05> by user <jaeyoung> in cluster <centralcluster> at Tue Jul 23 00:48:52 2024
Job was executed on host(s) <ccb504>, in queue <s>, as user <jaeyoung> in cluster <centralcluster> at Tue Jul 23 00:49:04 2024
</home/belle2/jaeyoung> was used as the home directory.
</home/belle2/jaeyoung/workspace/DRAW_and_FITTING/main/FITTING/etapip/MC15ri_generic/tight_v2_fit_v6/ToyMC> was used as the working directory.
Started at Tue Jul 23 00:49:04 2024
Terminated at Tue Jul 23 01:36:45 2024
Results reported at Tue Jul 23 01:36:45 2024

Your job looked like:

------------------------------------------------------------
# LSBATCH: User input
bash -c "basf2 etapip_gg_fit_v6_toymc_100.py 109 > /home/belle2/jaeyoung/storage_ghi/Ntuples_ghi_2/MC15ri_generic/MC15ri_etaetapip_tight_v2_240419_Kp_BCS_etapi0const/bsub_log//MC15ri_etapip_gg_fitv6_toyMC_100_109.log"
------------------------------------------------------------

Successfully completed.

Resource usage summary:

    CPU time :                                   2830.99 sec.
    Max Memory :                                 1312 MB
    Average Memory :                             950.48 MB
    Total Requested Memory :                     4000.00 MB
    Delta Memory :                               2688.00 MB
    Max Swap :                                   -
    Max Processes :                              19
    Max Threads :                                20
    Run time :                                   2861 sec.
    Turnaround time :                            2873 sec.

The output (if any) follows:



PS:

Read file <./bsub_log/109.err> for stderr output of this job.

Sender: LSF System <lsfadmin@ccb073>
Subject: Job 54396799: <bash -c "basf2 etapip_gg_fit_v6_toymc_100.py 109 > /home/belle2/jaeyoung/storage_ghi/Ntuples_ghi_2/MC15ri_generic/MC15ri_etaetapip_tight_v2_240419_Kp_BCS_etapi0const/bsub_log//MC15ri_etapip_gg_fitv6_toyMC_100_109.log"> in cluster <centralcluster> Done

Job <bash -c "basf2 etapip_gg_fit_v6_toymc_100.py 109 > /home/belle2/jaeyoung/storage_ghi/Ntuples_ghi_2/MC15ri_generic/MC15ri_etaetapip_tight_v2_240419_Kp_BCS_etapi0const/bsub_log//MC15ri_etapip_gg_fitv6_toyMC_100_109.log"> was submitted from host <ccw04> by user <jaeyoung> in cluster <centralcluster> at Tue Jul 23 17:58:11 2024
Job was executed on host(s) <ccb073>, in queue <s>, as user <jaeyoung> in cluster <centralcluster> at Tue Jul 23 18:03:26 2024
</home/belle2/jaeyoung> was used as the home directory.
</home/belle2/jaeyoung/workspace/DRAW_and_FITTING/main/FITTING/etapip/MC15ri_generic/tight_v2_fit_v6/ToyMC> was used as the working directory.
Started at Tue Jul 23 18:03:26 2024
Terminated at Tue Jul 23 18:51:33 2024
Results reported at Tue Jul 23 18:51:33 2024

Your job looked like:

------------------------------------------------------------
# LSBATCH: User input
bash -c "basf2 etapip_gg_fit_v6_toymc_100.py 109 > /home/belle2/jaeyoung/storage_ghi/Ntuples_ghi_2/MC15ri_generic/MC15ri_etaetapip_tight_v2_240419_Kp_BCS_etapi0const/bsub_log//MC15ri_etapip_gg_fitv6_toyMC_100_109.log"
------------------------------------------------------------

Successfully completed.

Resource usage summary:

    CPU time :                                   2856.50 sec.
    Max Memory :                                 1312 MB
    Average Memory :                             971.11 MB
    Total Requested Memory :                     4000.00 MB
    Delta Memory :                               2688.00 MB
    Max Swap :                                   -
    Max Processes :                              19
    Max Threads :                                20
    Run time :                                   2888 sec.
    Turnaround time :                            3202 sec.

The output (if any) follows:



PS:

Read file <./bsub_log/109.err> for stderr output of this job.

Sender: LSF System <lsfadmin@ccb072>
Subject: Job 54469486: <bash -c "basf2 etapip_gg_fit_v6_toymc_100.py 109 > /home/belle2/jaeyoung/storage_ghi/Ntuples_ghi_2/MC15ri_generic/MC15ri_etaetapip_tight_v2_240419_Kp_BCS_etapi0const/bsub_log//MC15ri_etapip_gg_fitv6_toyMC_100_109.log"> in cluster <centralcluster> Done

Job <bash -c "basf2 etapip_gg_fit_v6_toymc_100.py 109 > /home/belle2/jaeyoung/storage_ghi/Ntuples_ghi_2/MC15ri_generic/MC15ri_etaetapip_tight_v2_240419_Kp_BCS_etapi0const/bsub_log//MC15ri_etapip_gg_fitv6_toyMC_100_109.log"> was submitted from host <ccw03> by user <jaeyoung> in cluster <centralcluster> at Tue Jul 23 19:37:03 2024
Job was executed on host(s) <ccb072>, in queue <s>, as user <jaeyoung> in cluster <centralcluster> at Tue Jul 23 19:37:04 2024
</home/belle2/jaeyoung> was used as the home directory.
</home/belle2/jaeyoung/workspace/DRAW_and_FITTING/main/FITTING/etapip/MC15ri_generic/tight_v2_fit_v6/ToyMC> was used as the working directory.
Started at Tue Jul 23 19:37:04 2024
Terminated at Tue Jul 23 20:25:58 2024
Results reported at Tue Jul 23 20:25:58 2024

Your job looked like:

------------------------------------------------------------
# LSBATCH: User input
bash -c "basf2 etapip_gg_fit_v6_toymc_100.py 109 > /home/belle2/jaeyoung/storage_ghi/Ntuples_ghi_2/MC15ri_generic/MC15ri_etaetapip_tight_v2_240419_Kp_BCS_etapi0const/bsub_log//MC15ri_etapip_gg_fitv6_toyMC_100_109.log"
------------------------------------------------------------

Successfully completed.

Resource usage summary:

    CPU time :                                   2924.66 sec.
    Max Memory :                                 1326 MB
    Average Memory :                             975.81 MB
    Total Requested Memory :                     4000.00 MB
    Delta Memory :                               2674.00 MB
    Max Swap :                                   -
    Max Processes :                              19
    Max Threads :                                20
    Run time :                                   2933 sec.
    Turnaround time :                            2935 sec.

The output (if any) follows:



PS:

Read file <./bsub_log/109.err> for stderr output of this job.

Sender: LSF System <lsfadmin@ccb100>
Subject: Job 55515496: <bash -c "basf2 etapip_gg_fit_v6_toymc_100.py 109 > /home/belle2/jaeyoung/storage_ghi/Ntuples_ghi_2/MC15ri_generic/MC15ri_etaetapip_tight_v2_240419_Kp_BCS_etapi0const/bsub_log//MC15ri_etapip_gg_fitv6_toyMC_100_109.log"> in cluster <centralcluster> Done

Job <bash -c "basf2 etapip_gg_fit_v6_toymc_100.py 109 > /home/belle2/jaeyoung/storage_ghi/Ntuples_ghi_2/MC15ri_generic/MC15ri_etaetapip_tight_v2_240419_Kp_BCS_etapi0const/bsub_log//MC15ri_etapip_gg_fitv6_toyMC_100_109.log"> was submitted from host <ccw01> by user <jaeyoung> in cluster <centralcluster> at Thu Jul 25 20:49:59 2024
Job was executed on host(s) <ccb100>, in queue <s>, as user <jaeyoung> in cluster <centralcluster> at Thu Jul 25 20:50:00 2024
</home/belle2/jaeyoung> was used as the home directory.
</gpfs/home/belle2/jaeyoung/workspace/DRAW_and_FITTING/main/FITTING/etapip/MC15ri_generic/tight_v2_fit_v6/ToyMC> was used as the working directory.
Started at Thu Jul 25 20:50:00 2024
Terminated at Thu Jul 25 21:37:51 2024
Results reported at Thu Jul 25 21:37:51 2024

Your job looked like:

------------------------------------------------------------
# LSBATCH: User input
bash -c "basf2 etapip_gg_fit_v6_toymc_100.py 109 > /home/belle2/jaeyoung/storage_ghi/Ntuples_ghi_2/MC15ri_generic/MC15ri_etaetapip_tight_v2_240419_Kp_BCS_etapi0const/bsub_log//MC15ri_etapip_gg_fitv6_toyMC_100_109.log"
------------------------------------------------------------

Successfully completed.

Resource usage summary:

    CPU time :                                   2858.38 sec.
    Max Memory :                                 1316 MB
    Average Memory :                             967.25 MB
    Total Requested Memory :                     4000.00 MB
    Delta Memory :                               2684.00 MB
    Max Swap :                                   -
    Max Processes :                              19
    Max Threads :                                20
    Run time :                                   2872 sec.
    Turnaround time :                            2872 sec.

The output (if any) follows:



PS:

Read file <./bsub_log/109.err> for stderr output of this job.

Sender: LSF System <lsfadmin@ccb027>
Subject: Job 56102704: <bash -c "basf2 etapip_gg_fit_v6_toymc_100.py 109 > /home/belle2/jaeyoung/storage_ghi/Ntuples_ghi_2/MC15ri_generic/MC15ri_etaetapip_tight_v2_240419_Kp_BCS_etapi0const/bsub_log//MC15ri_etapip_gg_fitv6_toyMC_100_109.log"> in cluster <centralcluster> Done

Job <bash -c "basf2 etapip_gg_fit_v6_toymc_100.py 109 > /home/belle2/jaeyoung/storage_ghi/Ntuples_ghi_2/MC15ri_generic/MC15ri_etaetapip_tight_v2_240419_Kp_BCS_etapi0const/bsub_log//MC15ri_etapip_gg_fitv6_toyMC_100_109.log"> was submitted from host <ccw06> by user <jaeyoung> in cluster <centralcluster> at Fri Jul 26 23:43:12 2024
Job was executed on host(s) <ccb027>, in queue <s>, as user <jaeyoung> in cluster <centralcluster> at Sat Jul 27 00:14:55 2024
</home/belle2/jaeyoung> was used as the home directory.
</home/belle2/jaeyoung/workspace/DRAW_and_FITTING/main/FITTING/etapip/MC15ri_generic/tight_v2_fit_v6/ToyMC> was used as the working directory.
Started at Sat Jul 27 00:14:55 2024
Terminated at Sat Jul 27 00:49:14 2024
Results reported at Sat Jul 27 00:49:14 2024

Your job looked like:

------------------------------------------------------------
# LSBATCH: User input
bash -c "basf2 etapip_gg_fit_v6_toymc_100.py 109 > /home/belle2/jaeyoung/storage_ghi/Ntuples_ghi_2/MC15ri_generic/MC15ri_etaetapip_tight_v2_240419_Kp_BCS_etapi0const/bsub_log//MC15ri_etapip_gg_fitv6_toyMC_100_109.log"
------------------------------------------------------------

Successfully completed.

Resource usage summary:

    CPU time :                                   2035.70 sec.
    Max Memory :                                 921 MB
    Average Memory :                             636.14 MB
    Total Requested Memory :                     4000.00 MB
    Delta Memory :                               3079.00 MB
    Max Swap :                                   -
    Max Processes :                              19
    Max Threads :                                20
    Run time :                                   2059 sec.
    Turnaround time :                            3962 sec.

The output (if any) follows:



PS:

Read file <./bsub_log/109.err> for stderr output of this job.

Sender: LSF System <lsfadmin@ccb037>
Subject: Job 56133435: <bash -c "basf2 etapip_gg_fit_v6_toymc_100.py 109 > /home/belle2/jaeyoung/storage_ghi/Ntuples_ghi_2/MC15ri_generic/MC15ri_etaetapip_tight_v2_240419_Kp_BCS_etapi0const/bsub_log//MC15ri_etapip_gg_fitv6_toyMC_100_109.log"> in cluster <centralcluster> Done

Job <bash -c "basf2 etapip_gg_fit_v6_toymc_100.py 109 > /home/belle2/jaeyoung/storage_ghi/Ntuples_ghi_2/MC15ri_generic/MC15ri_etaetapip_tight_v2_240419_Kp_BCS_etapi0const/bsub_log//MC15ri_etapip_gg_fitv6_toyMC_100_109.log"> was submitted from host <ccw03> by user <jaeyoung> in cluster <centralcluster> at Sat Jul 27 01:12:38 2024
Job was executed on host(s) <ccb037>, in queue <s>, as user <jaeyoung> in cluster <centralcluster> at Sat Jul 27 03:03:28 2024
</home/belle2/jaeyoung> was used as the home directory.
</gpfs/home/belle2/jaeyoung/workspace/DRAW_and_FITTING/main/FITTING/etapip/MC15ri_generic/tight_v2_fit_v6/ToyMC> was used as the working directory.
Started at Sat Jul 27 03:03:28 2024
Terminated at Sat Jul 27 03:44:00 2024
Results reported at Sat Jul 27 03:44:00 2024

Your job looked like:

------------------------------------------------------------
# LSBATCH: User input
bash -c "basf2 etapip_gg_fit_v6_toymc_100.py 109 > /home/belle2/jaeyoung/storage_ghi/Ntuples_ghi_2/MC15ri_generic/MC15ri_etaetapip_tight_v2_240419_Kp_BCS_etapi0const/bsub_log//MC15ri_etapip_gg_fitv6_toyMC_100_109.log"
------------------------------------------------------------

Successfully completed.

Resource usage summary:

    CPU time :                                   2378.26 sec.
    Max Memory :                                 916 MB
    Average Memory :                             652.23 MB
    Total Requested Memory :                     4000.00 MB
    Delta Memory :                               3084.00 MB
    Max Swap :                                   -
    Max Processes :                              19
    Max Threads :                                20
    Run time :                                   2432 sec.
    Turnaround time :                            9082 sec.

The output (if any) follows:



PS:

Read file <./bsub_log/109.err> for stderr output of this job.

Sender: LSF System <lsfadmin@ccb229>
Subject: Job 57219099: <bash -c "basf2 etapip_gg_fit_v6_toymc_100.py 109 > /home/belle2/jaeyoung/storage_ghi/Ntuples_ghi_2/MC15ri_generic/MC15ri_etaetapip_tight_v2_240419_Kp_BCS_etapi0const/bsub_log//MC15ri_etapip_gg_fitv6_toyMC_100_109.log"> in cluster <centralcluster> Exited

Job <bash -c "basf2 etapip_gg_fit_v6_toymc_100.py 109 > /home/belle2/jaeyoung/storage_ghi/Ntuples_ghi_2/MC15ri_generic/MC15ri_etaetapip_tight_v2_240419_Kp_BCS_etapi0const/bsub_log//MC15ri_etapip_gg_fitv6_toyMC_100_109.log"> was submitted from host <ccx03> by user <jaeyoung> in cluster <centralcluster> at Mon Jul 29 18:44:20 2024
Job was executed on host(s) <ccb229>, in queue <s>, as user <jaeyoung> in cluster <centralcluster> at Mon Jul 29 18:44:20 2024
</home/belle2/jaeyoung> was used as the home directory.
</gpfs/home/belle2/jaeyoung/workspace/DRAW_and_FITTING/main/FITTING/etapip/MC15ri_generic/tight_v2_fit_v6/ToyMC> was used as the working directory.
Started at Mon Jul 29 18:44:20 2024
Terminated at Mon Jul 29 19:47:02 2024
Results reported at Mon Jul 29 19:47:02 2024

Your job looked like:

------------------------------------------------------------
# LSBATCH: User input
bash -c "basf2 etapip_gg_fit_v6_toymc_100.py 109 > /home/belle2/jaeyoung/storage_ghi/Ntuples_ghi_2/MC15ri_generic/MC15ri_etaetapip_tight_v2_240419_Kp_BCS_etapi0const/bsub_log//MC15ri_etapip_gg_fitv6_toyMC_100_109.log"
------------------------------------------------------------

Exited with exit code 1.

Resource usage summary:

    CPU time :                                   3749.56 sec.
    Max Memory :                                 1398 MB
    Average Memory :                             1035.82 MB
    Total Requested Memory :                     4000.00 MB
    Delta Memory :                               2602.00 MB
    Max Swap :                                   -
    Max Processes :                              19
    Max Threads :                                20
    Run time :                                   3762 sec.
    Turnaround time :                            3762 sec.

The output (if any) follows:



PS:

Read file <./bsub_log/109.err> for stderr output of this job.

Sender: LSF System <lsfadmin@ccb067>
Subject: Job 57307992: <bash -c "basf2 etapip_gg_fit_v6_toymc_100.py 109 > /home/belle2/jaeyoung/storage_ghi/Ntuples_ghi_2/MC15ri_generic/MC15ri_etaetapip_tight_v2_240419_Kp_BCS_etapi0const/bsub_log//MC15ri_etapip_gg_fitv6_toyMC_100_109.log"> in cluster <centralcluster> Done

Job <bash -c "basf2 etapip_gg_fit_v6_toymc_100.py 109 > /home/belle2/jaeyoung/storage_ghi/Ntuples_ghi_2/MC15ri_generic/MC15ri_etaetapip_tight_v2_240419_Kp_BCS_etapi0const/bsub_log//MC15ri_etapip_gg_fitv6_toyMC_100_109.log"> was submitted from host <ccw03> by user <jaeyoung> in cluster <centralcluster> at Mon Jul 29 23:01:54 2024
Job was executed on host(s) <ccb067>, in queue <s>, as user <jaeyoung> in cluster <centralcluster> at Mon Jul 29 23:02:08 2024
</home/belle2/jaeyoung> was used as the home directory.
</home/belle2/jaeyoung/workspace/DRAW_and_FITTING/main/FITTING/etapip/MC15ri_generic/tight_v2_fit_v6/ToyMC> was used as the working directory.
Started at Mon Jul 29 23:02:08 2024
Terminated at Tue Jul 30 00:06:26 2024
Results reported at Tue Jul 30 00:06:26 2024

Your job looked like:

------------------------------------------------------------
# LSBATCH: User input
bash -c "basf2 etapip_gg_fit_v6_toymc_100.py 109 > /home/belle2/jaeyoung/storage_ghi/Ntuples_ghi_2/MC15ri_generic/MC15ri_etaetapip_tight_v2_240419_Kp_BCS_etapi0const/bsub_log//MC15ri_etapip_gg_fitv6_toyMC_100_109.log"
------------------------------------------------------------

Successfully completed.

Resource usage summary:

    CPU time :                                   3823.49 sec.
    Max Memory :                                 1426 MB
    Average Memory :                             1030.67 MB
    Total Requested Memory :                     4000.00 MB
    Delta Memory :                               2574.00 MB
    Max Swap :                                   -
    Max Processes :                              19
    Max Threads :                                20
    Run time :                                   3859 sec.
    Turnaround time :                            3872 sec.

The output (if any) follows:



PS:

Read file <./bsub_log/109.err> for stderr output of this job.

Sender: LSF System <lsfadmin@ccb511>
Subject: Job 57389807: <bash -c "basf2 etapip_gg_fit_v6_toymc_100.py 109 > /home/belle2/jaeyoung/storage_ghi/Ntuples_ghi_2/MC15ri_generic/MC15ri_etaetapip_tight_v2_240419_Kp_BCS_etapi0const/bsub_log//MC15ri_etapip_gg_fitv6_toyMC_100_109.log"> in cluster <centralcluster> Done

Job <bash -c "basf2 etapip_gg_fit_v6_toymc_100.py 109 > /home/belle2/jaeyoung/storage_ghi/Ntuples_ghi_2/MC15ri_generic/MC15ri_etaetapip_tight_v2_240419_Kp_BCS_etapi0const/bsub_log//MC15ri_etapip_gg_fitv6_toyMC_100_109.log"> was submitted from host <ccw03> by user <jaeyoung> in cluster <centralcluster> at Tue Jul 30 01:16:51 2024
Job was executed on host(s) <ccb511>, in queue <s>, as user <jaeyoung> in cluster <centralcluster> at Tue Jul 30 01:17:04 2024
</home/belle2/jaeyoung> was used as the home directory.
</home/belle2/jaeyoung/workspace/DRAW_and_FITTING/main/FITTING/etapip/MC15ri_generic/tight_v2_fit_v6/ToyMC> was used as the working directory.
Started at Tue Jul 30 01:17:04 2024
Terminated at Tue Jul 30 02:23:47 2024
Results reported at Tue Jul 30 02:23:47 2024

Your job looked like:

------------------------------------------------------------
# LSBATCH: User input
bash -c "basf2 etapip_gg_fit_v6_toymc_100.py 109 > /home/belle2/jaeyoung/storage_ghi/Ntuples_ghi_2/MC15ri_generic/MC15ri_etaetapip_tight_v2_240419_Kp_BCS_etapi0const/bsub_log//MC15ri_etapip_gg_fitv6_toyMC_100_109.log"
------------------------------------------------------------

Successfully completed.

Resource usage summary:

    CPU time :                                   3938.44 sec.
    Max Memory :                                 1427 MB
    Average Memory :                             1032.11 MB
    Total Requested Memory :                     4000.00 MB
    Delta Memory :                               2573.00 MB
    Max Swap :                                   -
    Max Processes :                              19
    Max Threads :                                20
    Run time :                                   4003 sec.
    Turnaround time :                            4016 sec.

The output (if any) follows:



PS:

Read file <./bsub_log/109.err> for stderr output of this job.

