Sender: LSF System <lsfadmin@ccb141>
Subject: Job 52359114: <bash -c "basf2 etapip_gg_fit_v6_toymc_100.py 116 > /home/belle2/jaeyoung/storage_ghi/Ntuples_ghi_2/MC15ri_generic/MC15ri_etaetapip_tight_v2_240419_Kp_BCS_etapi0const/bsub_log//MC15ri_etapip_gg_fitv6_toyMC_100_116.log"> in cluster <centralcluster> Done

Job <bash -c "basf2 etapip_gg_fit_v6_toymc_100.py 116 > /home/belle2/jaeyoung/storage_ghi/Ntuples_ghi_2/MC15ri_generic/MC15ri_etaetapip_tight_v2_240419_Kp_BCS_etapi0const/bsub_log//MC15ri_etapip_gg_fitv6_toyMC_100_116.log"> was submitted from host <ccw02> by user <jaeyoung> in cluster <centralcluster> at Sat Jul 20 14:38:43 2024
Job was executed on host(s) <ccb141>, in queue <s>, as user <jaeyoung> in cluster <centralcluster> at Sat Jul 20 14:39:50 2024
</home/belle2/jaeyoung> was used as the home directory.
</home/belle2/jaeyoung/workspace/DRAW_and_FITTING/main/FITTING/etapip/MC15ri_generic/tight_v2_fit_v6/ToyMC> was used as the working directory.
Started at Sat Jul 20 14:39:50 2024
Terminated at Sat Jul 20 15:29:35 2024
Results reported at Sat Jul 20 15:29:35 2024

Your job looked like:

------------------------------------------------------------
# LSBATCH: User input
bash -c "basf2 etapip_gg_fit_v6_toymc_100.py 116 > /home/belle2/jaeyoung/storage_ghi/Ntuples_ghi_2/MC15ri_generic/MC15ri_etaetapip_tight_v2_240419_Kp_BCS_etapi0const/bsub_log//MC15ri_etapip_gg_fitv6_toyMC_100_116.log"
------------------------------------------------------------

Successfully completed.

Resource usage summary:

    CPU time :                                   2965.25 sec.
    Max Memory :                                 1311 MB
    Average Memory :                             956.80 MB
    Total Requested Memory :                     4000.00 MB
    Delta Memory :                               2689.00 MB
    Max Swap :                                   -
    Max Processes :                              19
    Max Threads :                                20
    Run time :                                   2986 sec.
    Turnaround time :                            3052 sec.

The output (if any) follows:



PS:

Read file <./bsub_log/116.err> for stderr output of this job.

Sender: LSF System <lsfadmin@ccb114>
Subject: Job 53029434: <bash -c "basf2 etapip_gg_fit_v6_toymc_100.py 116 > /home/belle2/jaeyoung/storage_ghi/Ntuples_ghi_2/MC15ri_generic/MC15ri_etaetapip_tight_v2_240419_Kp_BCS_etapi0const/bsub_log//MC15ri_etapip_gg_fitv6_toyMC_100_116.log"> in cluster <centralcluster> Done

Job <bash -c "basf2 etapip_gg_fit_v6_toymc_100.py 116 > /home/belle2/jaeyoung/storage_ghi/Ntuples_ghi_2/MC15ri_generic/MC15ri_etaetapip_tight_v2_240419_Kp_BCS_etapi0const/bsub_log//MC15ri_etapip_gg_fitv6_toyMC_100_116.log"> was submitted from host <ccw03> by user <jaeyoung> in cluster <centralcluster> at Sun Jul 21 17:30:08 2024
Job was executed on host(s) <ccb114>, in queue <s>, as user <jaeyoung> in cluster <centralcluster> at Sun Jul 21 17:30:36 2024
</home/belle2/jaeyoung> was used as the home directory.
</home/belle2/jaeyoung/workspace/DRAW_and_FITTING/main/FITTING/etapip/MC15ri_generic/tight_v2_fit_v6/ToyMC> was used as the working directory.
Started at Sun Jul 21 17:30:36 2024
Terminated at Sun Jul 21 18:18:56 2024
Results reported at Sun Jul 21 18:18:56 2024

Your job looked like:

------------------------------------------------------------
# LSBATCH: User input
bash -c "basf2 etapip_gg_fit_v6_toymc_100.py 116 > /home/belle2/jaeyoung/storage_ghi/Ntuples_ghi_2/MC15ri_generic/MC15ri_etaetapip_tight_v2_240419_Kp_BCS_etapi0const/bsub_log//MC15ri_etapip_gg_fitv6_toyMC_100_116.log"
------------------------------------------------------------

Successfully completed.

Resource usage summary:

    CPU time :                                   2862.71 sec.
    Max Memory :                                 1313 MB
    Average Memory :                             954.34 MB
    Total Requested Memory :                     4000.00 MB
    Delta Memory :                               2687.00 MB
    Max Swap :                                   -
    Max Processes :                              19
    Max Threads :                                20
    Run time :                                   2899 sec.
    Turnaround time :                            2928 sec.

The output (if any) follows:



PS:

Read file <./bsub_log/116.err> for stderr output of this job.

Sender: LSF System <lsfadmin@ccb042>
Subject: Job 53202164: <bash -c "basf2 etapip_gg_fit_v6_toymc_100.py 116 > /home/belle2/jaeyoung/storage_ghi/Ntuples_ghi_2/MC15ri_generic/MC15ri_etaetapip_tight_v2_240419_Kp_BCS_etapi0const/bsub_log//MC15ri_etapip_gg_fitv6_toyMC_100_116.log"> in cluster <centralcluster> Exited

Job <bash -c "basf2 etapip_gg_fit_v6_toymc_100.py 116 > /home/belle2/jaeyoung/storage_ghi/Ntuples_ghi_2/MC15ri_generic/MC15ri_etaetapip_tight_v2_240419_Kp_BCS_etapi0const/bsub_log//MC15ri_etapip_gg_fitv6_toyMC_100_116.log"> was submitted from host <ccw03> by user <jaeyoung> in cluster <centralcluster> at Mon Jul 22 00:49:08 2024
Job was executed on host(s) <ccb042>, in queue <s>, as user <jaeyoung> in cluster <centralcluster> at Mon Jul 22 00:49:34 2024
</home/belle2/jaeyoung> was used as the home directory.
</home/belle2/jaeyoung/workspace/DRAW_and_FITTING/main/FITTING/etapip/MC15ri_generic/tight_v2_fit_v6/ToyMC> was used as the working directory.
Started at Mon Jul 22 00:49:34 2024
Terminated at Mon Jul 22 01:05:40 2024
Results reported at Mon Jul 22 01:05:40 2024

Your job looked like:

------------------------------------------------------------
# LSBATCH: User input
bash -c "basf2 etapip_gg_fit_v6_toymc_100.py 116 > /home/belle2/jaeyoung/storage_ghi/Ntuples_ghi_2/MC15ri_generic/MC15ri_etaetapip_tight_v2_240419_Kp_BCS_etapi0const/bsub_log//MC15ri_etapip_gg_fitv6_toyMC_100_116.log"
------------------------------------------------------------

Exited with exit code 1.

Resource usage summary:

    CPU time :                                   962.77 sec.
    Max Memory :                                 1253 MB
    Average Memory :                             1168.32 MB
    Total Requested Memory :                     4000.00 MB
    Delta Memory :                               2747.00 MB
    Max Swap :                                   -
    Max Processes :                              19
    Max Threads :                                20
    Run time :                                   967 sec.
    Turnaround time :                            992 sec.

The output (if any) follows:



PS:

Read file <./bsub_log/116.err> for stderr output of this job.

Sender: LSF System <lsfadmin@ccb572>
Subject: Job 53406630: <bash -c "basf2 etapip_gg_fit_v6_toymc_100.py 116 > /home/belle2/jaeyoung/storage_ghi/Ntuples_ghi_2/MC15ri_generic/MC15ri_etaetapip_tight_v2_240419_Kp_BCS_etapi0const/bsub_log//MC15ri_etapip_gg_fitv6_toyMC_100_116.log"> in cluster <centralcluster> Done

Job <bash -c "basf2 etapip_gg_fit_v6_toymc_100.py 116 > /home/belle2/jaeyoung/storage_ghi/Ntuples_ghi_2/MC15ri_generic/MC15ri_etaetapip_tight_v2_240419_Kp_BCS_etapi0const/bsub_log//MC15ri_etapip_gg_fitv6_toyMC_100_116.log"> was submitted from host <ccw06> by user <jaeyoung> in cluster <centralcluster> at Mon Jul 22 10:48:08 2024
Job was executed on host(s) <ccb572>, in queue <s>, as user <jaeyoung> in cluster <centralcluster> at Mon Jul 22 10:48:14 2024
</home/belle2/jaeyoung> was used as the home directory.
</home/belle2/jaeyoung/workspace/DRAW_and_FITTING/main/FITTING/etapip/MC15ri_generic/tight_v2_fit_v6/ToyMC> was used as the working directory.
Started at Mon Jul 22 10:48:14 2024
Terminated at Mon Jul 22 11:35:21 2024
Results reported at Mon Jul 22 11:35:21 2024

Your job looked like:

------------------------------------------------------------
# LSBATCH: User input
bash -c "basf2 etapip_gg_fit_v6_toymc_100.py 116 > /home/belle2/jaeyoung/storage_ghi/Ntuples_ghi_2/MC15ri_generic/MC15ri_etaetapip_tight_v2_240419_Kp_BCS_etapi0const/bsub_log//MC15ri_etapip_gg_fitv6_toyMC_100_116.log"
------------------------------------------------------------

Successfully completed.

Resource usage summary:

    CPU time :                                   2794.56 sec.
    Max Memory :                                 1311 MB
    Average Memory :                             939.00 MB
    Total Requested Memory :                     4000.00 MB
    Delta Memory :                               2689.00 MB
    Max Swap :                                   -
    Max Processes :                              19
    Max Threads :                                20
    Run time :                                   2828 sec.
    Turnaround time :                            2833 sec.

The output (if any) follows:



PS:

Read file <./bsub_log/116.err> for stderr output of this job.

Sender: LSF System <lsfadmin@ccb067>
Subject: Job 53598566: <bash -c "basf2 etapip_gg_fit_v6_toymc_100.py 116 > /home/belle2/jaeyoung/storage_ghi/Ntuples_ghi_2/MC15ri_generic/MC15ri_etaetapip_tight_v2_240419_Kp_BCS_etapi0const/bsub_log//MC15ri_etapip_gg_fitv6_toyMC_100_116.log"> in cluster <centralcluster> Done

Job <bash -c "basf2 etapip_gg_fit_v6_toymc_100.py 116 > /home/belle2/jaeyoung/storage_ghi/Ntuples_ghi_2/MC15ri_generic/MC15ri_etaetapip_tight_v2_240419_Kp_BCS_etapi0const/bsub_log//MC15ri_etapip_gg_fitv6_toyMC_100_116.log"> was submitted from host <ccw03> by user <jaeyoung> in cluster <centralcluster> at Mon Jul 22 18:34:10 2024
Job was executed on host(s) <ccb067>, in queue <s>, as user <jaeyoung> in cluster <centralcluster> at Mon Jul 22 18:34:13 2024
</home/belle2/jaeyoung> was used as the home directory.
</home/belle2/jaeyoung/workspace/DRAW_and_FITTING/main/FITTING/etapip/MC15ri_generic/tight_v2_fit_v6/ToyMC> was used as the working directory.
Started at Mon Jul 22 18:34:13 2024
Terminated at Mon Jul 22 19:23:36 2024
Results reported at Mon Jul 22 19:23:36 2024

Your job looked like:

------------------------------------------------------------
# LSBATCH: User input
bash -c "basf2 etapip_gg_fit_v6_toymc_100.py 116 > /home/belle2/jaeyoung/storage_ghi/Ntuples_ghi_2/MC15ri_generic/MC15ri_etaetapip_tight_v2_240419_Kp_BCS_etapi0const/bsub_log//MC15ri_etapip_gg_fitv6_toyMC_100_116.log"
------------------------------------------------------------

Successfully completed.

Resource usage summary:

    CPU time :                                   2909.19 sec.
    Max Memory :                                 1311 MB
    Average Memory :                             955.28 MB
    Total Requested Memory :                     4000.00 MB
    Delta Memory :                               2689.00 MB
    Max Swap :                                   -
    Max Processes :                              19
    Max Threads :                                20
    Run time :                                   2963 sec.
    Turnaround time :                            2966 sec.

The output (if any) follows:



PS:

Read file <./bsub_log/116.err> for stderr output of this job.

Sender: LSF System <lsfadmin@ccb569>
Subject: Job 53831567: <bash -c "basf2 etapip_gg_fit_v6_toymc_100.py 116 > /home/belle2/jaeyoung/storage_ghi/Ntuples_ghi_2/MC15ri_generic/MC15ri_etaetapip_tight_v2_240419_Kp_BCS_etapi0const/bsub_log//MC15ri_etapip_gg_fitv6_toyMC_100_116.log"> in cluster <centralcluster> Done

Job <bash -c "basf2 etapip_gg_fit_v6_toymc_100.py 116 > /home/belle2/jaeyoung/storage_ghi/Ntuples_ghi_2/MC15ri_generic/MC15ri_etaetapip_tight_v2_240419_Kp_BCS_etapi0const/bsub_log//MC15ri_etapip_gg_fitv6_toyMC_100_116.log"> was submitted from host <ccw05> by user <jaeyoung> in cluster <centralcluster> at Tue Jul 23 00:48:54 2024
Job was executed on host(s) <ccb569>, in queue <s>, as user <jaeyoung> in cluster <centralcluster> at Tue Jul 23 00:49:06 2024
</home/belle2/jaeyoung> was used as the home directory.
</home/belle2/jaeyoung/workspace/DRAW_and_FITTING/main/FITTING/etapip/MC15ri_generic/tight_v2_fit_v6/ToyMC> was used as the working directory.
Started at Tue Jul 23 00:49:06 2024
Terminated at Tue Jul 23 01:38:32 2024
Results reported at Tue Jul 23 01:38:32 2024

Your job looked like:

------------------------------------------------------------
# LSBATCH: User input
bash -c "basf2 etapip_gg_fit_v6_toymc_100.py 116 > /home/belle2/jaeyoung/storage_ghi/Ntuples_ghi_2/MC15ri_generic/MC15ri_etaetapip_tight_v2_240419_Kp_BCS_etapi0const/bsub_log//MC15ri_etapip_gg_fitv6_toyMC_100_116.log"
------------------------------------------------------------

Successfully completed.

Resource usage summary:

    CPU time :                                   2843.71 sec.
    Max Memory :                                 1311 MB
    Average Memory :                             941.14 MB
    Total Requested Memory :                     4000.00 MB
    Delta Memory :                               2689.00 MB
    Max Swap :                                   -
    Max Processes :                              19
    Max Threads :                                20
    Run time :                                   2966 sec.
    Turnaround time :                            2978 sec.

The output (if any) follows:



PS:

Read file <./bsub_log/116.err> for stderr output of this job.

Sender: LSF System <lsfadmin@ccb187>
Subject: Job 54396838: <bash -c "basf2 etapip_gg_fit_v6_toymc_100.py 116 > /home/belle2/jaeyoung/storage_ghi/Ntuples_ghi_2/MC15ri_generic/MC15ri_etaetapip_tight_v2_240419_Kp_BCS_etapi0const/bsub_log//MC15ri_etapip_gg_fitv6_toyMC_100_116.log"> in cluster <centralcluster> Done

Job <bash -c "basf2 etapip_gg_fit_v6_toymc_100.py 116 > /home/belle2/jaeyoung/storage_ghi/Ntuples_ghi_2/MC15ri_generic/MC15ri_etaetapip_tight_v2_240419_Kp_BCS_etapi0const/bsub_log//MC15ri_etapip_gg_fitv6_toyMC_100_116.log"> was submitted from host <ccw04> by user <jaeyoung> in cluster <centralcluster> at Tue Jul 23 17:58:14 2024
Job was executed on host(s) <ccb187>, in queue <s>, as user <jaeyoung> in cluster <centralcluster> at Tue Jul 23 18:24:19 2024
</home/belle2/jaeyoung> was used as the home directory.
</home/belle2/jaeyoung/workspace/DRAW_and_FITTING/main/FITTING/etapip/MC15ri_generic/tight_v2_fit_v6/ToyMC> was used as the working directory.
Started at Tue Jul 23 18:24:19 2024
Terminated at Tue Jul 23 19:09:55 2024
Results reported at Tue Jul 23 19:09:55 2024

Your job looked like:

------------------------------------------------------------
# LSBATCH: User input
bash -c "basf2 etapip_gg_fit_v6_toymc_100.py 116 > /home/belle2/jaeyoung/storage_ghi/Ntuples_ghi_2/MC15ri_generic/MC15ri_etaetapip_tight_v2_240419_Kp_BCS_etapi0const/bsub_log//MC15ri_etapip_gg_fitv6_toyMC_100_116.log"
------------------------------------------------------------

Successfully completed.

Resource usage summary:

    CPU time :                                   2716.22 sec.
    Max Memory :                                 1349 MB
    Average Memory :                             983.49 MB
    Total Requested Memory :                     4000.00 MB
    Delta Memory :                               2651.00 MB
    Max Swap :                                   -
    Max Processes :                              19
    Max Threads :                                20
    Run time :                                   2736 sec.
    Turnaround time :                            4301 sec.

The output (if any) follows:



PS:

Read file <./bsub_log/116.err> for stderr output of this job.

