Sender: LSF System <lsfadmin@ccb045>
Subject: Job 52359188: <bash -c "basf2 etapip_gg_fit_v6_toymc_100.py 143 > /home/belle2/jaeyoung/storage_ghi/Ntuples_ghi_2/MC15ri_generic/MC15ri_etaetapip_tight_v2_240419_Kp_BCS_etapi0const/bsub_log//MC15ri_etapip_gg_fitv6_toyMC_100_143.log"> in cluster <centralcluster> Done

Job <bash -c "basf2 etapip_gg_fit_v6_toymc_100.py 143 > /home/belle2/jaeyoung/storage_ghi/Ntuples_ghi_2/MC15ri_generic/MC15ri_etaetapip_tight_v2_240419_Kp_BCS_etapi0const/bsub_log//MC15ri_etapip_gg_fitv6_toyMC_100_143.log"> was submitted from host <ccw02> by user <jaeyoung> in cluster <centralcluster> at Sat Jul 20 14:38:52 2024
Job was executed on host(s) <ccb045>, in queue <s>, as user <jaeyoung> in cluster <centralcluster> at Sat Jul 20 14:39:58 2024
</home/belle2/jaeyoung> was used as the home directory.
</home/belle2/jaeyoung/workspace/DRAW_and_FITTING/main/FITTING/etapip/MC15ri_generic/tight_v2_fit_v6/ToyMC> was used as the working directory.
Started at Sat Jul 20 14:39:58 2024
Terminated at Sat Jul 20 15:27:29 2024
Results reported at Sat Jul 20 15:27:29 2024

Your job looked like:

------------------------------------------------------------
# LSBATCH: User input
bash -c "basf2 etapip_gg_fit_v6_toymc_100.py 143 > /home/belle2/jaeyoung/storage_ghi/Ntuples_ghi_2/MC15ri_generic/MC15ri_etaetapip_tight_v2_240419_Kp_BCS_etapi0const/bsub_log//MC15ri_etapip_gg_fitv6_toyMC_100_143.log"
------------------------------------------------------------

Successfully completed.

Resource usage summary:

    CPU time :                                   2840.83 sec.
    Max Memory :                                 1311 MB
    Average Memory :                             954.72 MB
    Total Requested Memory :                     4000.00 MB
    Delta Memory :                               2689.00 MB
    Max Swap :                                   -
    Max Processes :                              19
    Max Threads :                                20
    Run time :                                   2852 sec.
    Turnaround time :                            2917 sec.

The output (if any) follows:



PS:

Read file <./bsub_log/143.err> for stderr output of this job.

Sender: LSF System <lsfadmin@ccb094>
Subject: Job 53029546: <bash -c "basf2 etapip_gg_fit_v6_toymc_100.py 143 > /home/belle2/jaeyoung/storage_ghi/Ntuples_ghi_2/MC15ri_generic/MC15ri_etaetapip_tight_v2_240419_Kp_BCS_etapi0const/bsub_log//MC15ri_etapip_gg_fitv6_toyMC_100_143.log"> in cluster <centralcluster> Done

Job <bash -c "basf2 etapip_gg_fit_v6_toymc_100.py 143 > /home/belle2/jaeyoung/storage_ghi/Ntuples_ghi_2/MC15ri_generic/MC15ri_etaetapip_tight_v2_240419_Kp_BCS_etapi0const/bsub_log//MC15ri_etapip_gg_fitv6_toyMC_100_143.log"> was submitted from host <ccw03> by user <jaeyoung> in cluster <centralcluster> at Sun Jul 21 17:30:17 2024
Job was executed on host(s) <ccb094>, in queue <s>, as user <jaeyoung> in cluster <centralcluster> at Sun Jul 21 17:30:46 2024
</home/belle2/jaeyoung> was used as the home directory.
</home/belle2/jaeyoung/workspace/DRAW_and_FITTING/main/FITTING/etapip/MC15ri_generic/tight_v2_fit_v6/ToyMC> was used as the working directory.
Started at Sun Jul 21 17:30:46 2024
Terminated at Sun Jul 21 18:19:26 2024
Results reported at Sun Jul 21 18:19:26 2024

Your job looked like:

------------------------------------------------------------
# LSBATCH: User input
bash -c "basf2 etapip_gg_fit_v6_toymc_100.py 143 > /home/belle2/jaeyoung/storage_ghi/Ntuples_ghi_2/MC15ri_generic/MC15ri_etaetapip_tight_v2_240419_Kp_BCS_etapi0const/bsub_log//MC15ri_etapip_gg_fitv6_toyMC_100_143.log"
------------------------------------------------------------

Successfully completed.

Resource usage summary:

    CPU time :                                   2893.65 sec.
    Max Memory :                                 1311 MB
    Average Memory :                             950.74 MB
    Total Requested Memory :                     4000.00 MB
    Delta Memory :                               2689.00 MB
    Max Swap :                                   -
    Max Processes :                              19
    Max Threads :                                20
    Run time :                                   2921 sec.
    Turnaround time :                            2949 sec.

The output (if any) follows:



PS:

Read file <./bsub_log/143.err> for stderr output of this job.

Sender: LSF System <lsfadmin@ccb035>
Subject: Job 53202222: <bash -c "basf2 etapip_gg_fit_v6_toymc_100.py 143 > /home/belle2/jaeyoung/storage_ghi/Ntuples_ghi_2/MC15ri_generic/MC15ri_etaetapip_tight_v2_240419_Kp_BCS_etapi0const/bsub_log//MC15ri_etapip_gg_fitv6_toyMC_100_143.log"> in cluster <centralcluster> Exited

Job <bash -c "basf2 etapip_gg_fit_v6_toymc_100.py 143 > /home/belle2/jaeyoung/storage_ghi/Ntuples_ghi_2/MC15ri_generic/MC15ri_etaetapip_tight_v2_240419_Kp_BCS_etapi0const/bsub_log//MC15ri_etapip_gg_fitv6_toyMC_100_143.log"> was submitted from host <ccw03> by user <jaeyoung> in cluster <centralcluster> at Mon Jul 22 00:49:18 2024
Job was executed on host(s) <ccb035>, in queue <s>, as user <jaeyoung> in cluster <centralcluster> at Mon Jul 22 00:49:43 2024
</home/belle2/jaeyoung> was used as the home directory.
</home/belle2/jaeyoung/workspace/DRAW_and_FITTING/main/FITTING/etapip/MC15ri_generic/tight_v2_fit_v6/ToyMC> was used as the working directory.
Started at Mon Jul 22 00:49:43 2024
Terminated at Mon Jul 22 01:06:06 2024
Results reported at Mon Jul 22 01:06:06 2024

Your job looked like:

------------------------------------------------------------
# LSBATCH: User input
bash -c "basf2 etapip_gg_fit_v6_toymc_100.py 143 > /home/belle2/jaeyoung/storage_ghi/Ntuples_ghi_2/MC15ri_generic/MC15ri_etaetapip_tight_v2_240419_Kp_BCS_etapi0const/bsub_log//MC15ri_etapip_gg_fitv6_toyMC_100_143.log"
------------------------------------------------------------

Exited with exit code 1.

Resource usage summary:

    CPU time :                                   977.28 sec.
    Max Memory :                                 1253 MB
    Average Memory :                             1178.29 MB
    Total Requested Memory :                     4000.00 MB
    Delta Memory :                               2747.00 MB
    Max Swap :                                   -
    Max Processes :                              19
    Max Threads :                                20
    Run time :                                   982 sec.
    Turnaround time :                            1008 sec.

The output (if any) follows:



PS:

Read file <./bsub_log/143.err> for stderr output of this job.

Sender: LSF System <lsfadmin@ccb543>
Subject: Job 53406686: <bash -c "basf2 etapip_gg_fit_v6_toymc_100.py 143 > /home/belle2/jaeyoung/storage_ghi/Ntuples_ghi_2/MC15ri_generic/MC15ri_etaetapip_tight_v2_240419_Kp_BCS_etapi0const/bsub_log//MC15ri_etapip_gg_fitv6_toyMC_100_143.log"> in cluster <centralcluster> Done

Job <bash -c "basf2 etapip_gg_fit_v6_toymc_100.py 143 > /home/belle2/jaeyoung/storage_ghi/Ntuples_ghi_2/MC15ri_generic/MC15ri_etaetapip_tight_v2_240419_Kp_BCS_etapi0const/bsub_log//MC15ri_etapip_gg_fitv6_toyMC_100_143.log"> was submitted from host <ccw06> by user <jaeyoung> in cluster <centralcluster> at Mon Jul 22 10:48:16 2024
Job was executed on host(s) <ccb543>, in queue <s>, as user <jaeyoung> in cluster <centralcluster> at Mon Jul 22 10:48:22 2024
</home/belle2/jaeyoung> was used as the home directory.
</home/belle2/jaeyoung/workspace/DRAW_and_FITTING/main/FITTING/etapip/MC15ri_generic/tight_v2_fit_v6/ToyMC> was used as the working directory.
Started at Mon Jul 22 10:48:22 2024
Terminated at Mon Jul 22 11:37:38 2024
Results reported at Mon Jul 22 11:37:38 2024

Your job looked like:

------------------------------------------------------------
# LSBATCH: User input
bash -c "basf2 etapip_gg_fit_v6_toymc_100.py 143 > /home/belle2/jaeyoung/storage_ghi/Ntuples_ghi_2/MC15ri_generic/MC15ri_etaetapip_tight_v2_240419_Kp_BCS_etapi0const/bsub_log//MC15ri_etapip_gg_fitv6_toyMC_100_143.log"
------------------------------------------------------------

Successfully completed.

Resource usage summary:

    CPU time :                                   2910.59 sec.
    Max Memory :                                 1312 MB
    Average Memory :                             954.68 MB
    Total Requested Memory :                     4000.00 MB
    Delta Memory :                               2688.00 MB
    Max Swap :                                   -
    Max Processes :                              19
    Max Threads :                                20
    Run time :                                   2956 sec.
    Turnaround time :                            2962 sec.

The output (if any) follows:



PS:

Read file <./bsub_log/143.err> for stderr output of this job.

Sender: LSF System <lsfadmin@ccb088>
Subject: Job 53598665: <bash -c "basf2 etapip_gg_fit_v6_toymc_100.py 143 > /home/belle2/jaeyoung/storage_ghi/Ntuples_ghi_2/MC15ri_generic/MC15ri_etaetapip_tight_v2_240419_Kp_BCS_etapi0const/bsub_log//MC15ri_etapip_gg_fitv6_toyMC_100_143.log"> in cluster <centralcluster> Done

Job <bash -c "basf2 etapip_gg_fit_v6_toymc_100.py 143 > /home/belle2/jaeyoung/storage_ghi/Ntuples_ghi_2/MC15ri_generic/MC15ri_etaetapip_tight_v2_240419_Kp_BCS_etapi0const/bsub_log//MC15ri_etapip_gg_fitv6_toyMC_100_143.log"> was submitted from host <ccw03> by user <jaeyoung> in cluster <centralcluster> at Mon Jul 22 18:34:20 2024
Job was executed on host(s) <ccb088>, in queue <s>, as user <jaeyoung> in cluster <centralcluster> at Mon Jul 22 18:34:29 2024
</home/belle2/jaeyoung> was used as the home directory.
</home/belle2/jaeyoung/workspace/DRAW_and_FITTING/main/FITTING/etapip/MC15ri_generic/tight_v2_fit_v6/ToyMC> was used as the working directory.
Started at Mon Jul 22 18:34:29 2024
Terminated at Mon Jul 22 19:22:11 2024
Results reported at Mon Jul 22 19:22:11 2024

Your job looked like:

------------------------------------------------------------
# LSBATCH: User input
bash -c "basf2 etapip_gg_fit_v6_toymc_100.py 143 > /home/belle2/jaeyoung/storage_ghi/Ntuples_ghi_2/MC15ri_generic/MC15ri_etaetapip_tight_v2_240419_Kp_BCS_etapi0const/bsub_log//MC15ri_etapip_gg_fitv6_toyMC_100_143.log"
------------------------------------------------------------

Successfully completed.

Resource usage summary:

    CPU time :                                   2837.61 sec.
    Max Memory :                                 1311 MB
    Average Memory :                             966.98 MB
    Total Requested Memory :                     4000.00 MB
    Delta Memory :                               2689.00 MB
    Max Swap :                                   -
    Max Processes :                              19
    Max Threads :                                20
    Run time :                                   2863 sec.
    Turnaround time :                            2871 sec.

The output (if any) follows:



PS:

Read file <./bsub_log/143.err> for stderr output of this job.

Sender: LSF System <lsfadmin@ccb198>
Subject: Job 53831709: <bash -c "basf2 etapip_gg_fit_v6_toymc_100.py 143 > /home/belle2/jaeyoung/storage_ghi/Ntuples_ghi_2/MC15ri_generic/MC15ri_etaetapip_tight_v2_240419_Kp_BCS_etapi0const/bsub_log//MC15ri_etapip_gg_fitv6_toyMC_100_143.log"> in cluster <centralcluster> Done

Job <bash -c "basf2 etapip_gg_fit_v6_toymc_100.py 143 > /home/belle2/jaeyoung/storage_ghi/Ntuples_ghi_2/MC15ri_generic/MC15ri_etaetapip_tight_v2_240419_Kp_BCS_etapi0const/bsub_log//MC15ri_etapip_gg_fitv6_toyMC_100_143.log"> was submitted from host <ccw05> by user <jaeyoung> in cluster <centralcluster> at Tue Jul 23 00:49:05 2024
Job was executed on host(s) <ccb198>, in queue <s>, as user <jaeyoung> in cluster <centralcluster> at Tue Jul 23 00:49:18 2024
</home/belle2/jaeyoung> was used as the home directory.
</home/belle2/jaeyoung/workspace/DRAW_and_FITTING/main/FITTING/etapip/MC15ri_generic/tight_v2_fit_v6/ToyMC> was used as the working directory.
Started at Tue Jul 23 00:49:18 2024
Terminated at Tue Jul 23 01:36:14 2024
Results reported at Tue Jul 23 01:36:14 2024

Your job looked like:

------------------------------------------------------------
# LSBATCH: User input
bash -c "basf2 etapip_gg_fit_v6_toymc_100.py 143 > /home/belle2/jaeyoung/storage_ghi/Ntuples_ghi_2/MC15ri_generic/MC15ri_etaetapip_tight_v2_240419_Kp_BCS_etapi0const/bsub_log//MC15ri_etapip_gg_fitv6_toyMC_100_143.log"
------------------------------------------------------------

Successfully completed.

Resource usage summary:

    CPU time :                                   2766.45 sec.
    Max Memory :                                 1311 MB
    Average Memory :                             945.46 MB
    Total Requested Memory :                     4000.00 MB
    Delta Memory :                               2689.00 MB
    Max Swap :                                   -
    Max Processes :                              19
    Max Threads :                                20
    Run time :                                   2816 sec.
    Turnaround time :                            2829 sec.

The output (if any) follows:



PS:

Read file <./bsub_log/143.err> for stderr output of this job.

Sender: LSF System <lsfadmin@ccb018>
Subject: Job 54397025: <bash -c "basf2 etapip_gg_fit_v6_toymc_100.py 143 > /home/belle2/jaeyoung/storage_ghi/Ntuples_ghi_2/MC15ri_generic/MC15ri_etaetapip_tight_v2_240419_Kp_BCS_etapi0const/bsub_log//MC15ri_etapip_gg_fitv6_toyMC_100_143.log"> in cluster <centralcluster> Done

Job <bash -c "basf2 etapip_gg_fit_v6_toymc_100.py 143 > /home/belle2/jaeyoung/storage_ghi/Ntuples_ghi_2/MC15ri_generic/MC15ri_etaetapip_tight_v2_240419_Kp_BCS_etapi0const/bsub_log//MC15ri_etapip_gg_fitv6_toyMC_100_143.log"> was submitted from host <ccw04> by user <jaeyoung> in cluster <centralcluster> at Tue Jul 23 17:58:24 2024
Job was executed on host(s) <ccb018>, in queue <s>, as user <jaeyoung> in cluster <centralcluster> at Tue Jul 23 18:24:27 2024
</home/belle2/jaeyoung> was used as the home directory.
</home/belle2/jaeyoung/workspace/DRAW_and_FITTING/main/FITTING/etapip/MC15ri_generic/tight_v2_fit_v6/ToyMC> was used as the working directory.
Started at Tue Jul 23 18:24:27 2024
Terminated at Tue Jul 23 19:11:19 2024
Results reported at Tue Jul 23 19:11:19 2024

Your job looked like:

------------------------------------------------------------
# LSBATCH: User input
bash -c "basf2 etapip_gg_fit_v6_toymc_100.py 143 > /home/belle2/jaeyoung/storage_ghi/Ntuples_ghi_2/MC15ri_generic/MC15ri_etaetapip_tight_v2_240419_Kp_BCS_etapi0const/bsub_log//MC15ri_etapip_gg_fitv6_toyMC_100_143.log"
------------------------------------------------------------

Successfully completed.

Resource usage summary:

    CPU time :                                   2791.99 sec.
    Max Memory :                                 1313 MB
    Average Memory :                             950.41 MB
    Total Requested Memory :                     4000.00 MB
    Delta Memory :                               2687.00 MB
    Max Swap :                                   -
    Max Processes :                              19
    Max Threads :                                20
    Run time :                                   2813 sec.
    Turnaround time :                            4375 sec.

The output (if any) follows:



PS:

Read file <./bsub_log/143.err> for stderr output of this job.

