Sender: LSF System <lsfadmin@ccb163>
Subject: Job 52359194: <bash -c "basf2 etapip_gg_fit_v6_toymc_100.py 146 > /home/belle2/jaeyoung/storage_ghi/Ntuples_ghi_2/MC15ri_generic/MC15ri_etaetapip_tight_v2_240419_Kp_BCS_etapi0const/bsub_log//MC15ri_etapip_gg_fitv6_toyMC_100_146.log"> in cluster <centralcluster> Done

Job <bash -c "basf2 etapip_gg_fit_v6_toymc_100.py 146 > /home/belle2/jaeyoung/storage_ghi/Ntuples_ghi_2/MC15ri_generic/MC15ri_etaetapip_tight_v2_240419_Kp_BCS_etapi0const/bsub_log//MC15ri_etapip_gg_fitv6_toyMC_100_146.log"> was submitted from host <ccw02> by user <jaeyoung> in cluster <centralcluster> at Sat Jul 20 14:38:53 2024
Job was executed on host(s) <ccb163>, in queue <s>, as user <jaeyoung> in cluster <centralcluster> at Sat Jul 20 14:39:58 2024
</home/belle2/jaeyoung> was used as the home directory.
</home/belle2/jaeyoung/workspace/DRAW_and_FITTING/main/FITTING/etapip/MC15ri_generic/tight_v2_fit_v6/ToyMC> was used as the working directory.
Started at Sat Jul 20 14:39:58 2024
Terminated at Sat Jul 20 15:27:05 2024
Results reported at Sat Jul 20 15:27:05 2024

Your job looked like:

------------------------------------------------------------
# LSBATCH: User input
bash -c "basf2 etapip_gg_fit_v6_toymc_100.py 146 > /home/belle2/jaeyoung/storage_ghi/Ntuples_ghi_2/MC15ri_generic/MC15ri_etaetapip_tight_v2_240419_Kp_BCS_etapi0const/bsub_log//MC15ri_etapip_gg_fitv6_toyMC_100_146.log"
------------------------------------------------------------

Successfully completed.

Resource usage summary:

    CPU time :                                   2815.07 sec.
    Max Memory :                                 1311 MB
    Average Memory :                             937.63 MB
    Total Requested Memory :                     4000.00 MB
    Delta Memory :                               2689.00 MB
    Max Swap :                                   -
    Max Processes :                              19
    Max Threads :                                20
    Run time :                                   2827 sec.
    Turnaround time :                            2892 sec.

The output (if any) follows:



PS:

Read file <./bsub_log/146.err> for stderr output of this job.

Sender: LSF System <lsfadmin@ccb090>
Subject: Job 53029558: <bash -c "basf2 etapip_gg_fit_v6_toymc_100.py 146 > /home/belle2/jaeyoung/storage_ghi/Ntuples_ghi_2/MC15ri_generic/MC15ri_etaetapip_tight_v2_240419_Kp_BCS_etapi0const/bsub_log//MC15ri_etapip_gg_fitv6_toyMC_100_146.log"> in cluster <centralcluster> Done

Job <bash -c "basf2 etapip_gg_fit_v6_toymc_100.py 146 > /home/belle2/jaeyoung/storage_ghi/Ntuples_ghi_2/MC15ri_generic/MC15ri_etaetapip_tight_v2_240419_Kp_BCS_etapi0const/bsub_log//MC15ri_etapip_gg_fitv6_toyMC_100_146.log"> was submitted from host <ccw03> by user <jaeyoung> in cluster <centralcluster> at Sun Jul 21 17:30:18 2024
Job was executed on host(s) <ccb090>, in queue <s>, as user <jaeyoung> in cluster <centralcluster> at Sun Jul 21 17:30:46 2024
</home/belle2/jaeyoung> was used as the home directory.
</home/belle2/jaeyoung/workspace/DRAW_and_FITTING/main/FITTING/etapip/MC15ri_generic/tight_v2_fit_v6/ToyMC> was used as the working directory.
Started at Sun Jul 21 17:30:46 2024
Terminated at Sun Jul 21 18:19:37 2024
Results reported at Sun Jul 21 18:19:37 2024

Your job looked like:

------------------------------------------------------------
# LSBATCH: User input
bash -c "basf2 etapip_gg_fit_v6_toymc_100.py 146 > /home/belle2/jaeyoung/storage_ghi/Ntuples_ghi_2/MC15ri_generic/MC15ri_etaetapip_tight_v2_240419_Kp_BCS_etapi0const/bsub_log//MC15ri_etapip_gg_fitv6_toyMC_100_146.log"
------------------------------------------------------------

Successfully completed.

Resource usage summary:

    CPU time :                                   2905.79 sec.
    Max Memory :                                 1318 MB
    Average Memory :                             963.77 MB
    Total Requested Memory :                     4000.00 MB
    Delta Memory :                               2682.00 MB
    Max Swap :                                   -
    Max Processes :                              19
    Max Threads :                                20
    Run time :                                   2932 sec.
    Turnaround time :                            2959 sec.

The output (if any) follows:



PS:

Read file <./bsub_log/146.err> for stderr output of this job.

Sender: LSF System <lsfadmin@ccb101>
Subject: Job 53202228: <bash -c "basf2 etapip_gg_fit_v6_toymc_100.py 146 > /home/belle2/jaeyoung/storage_ghi/Ntuples_ghi_2/MC15ri_generic/MC15ri_etaetapip_tight_v2_240419_Kp_BCS_etapi0const/bsub_log//MC15ri_etapip_gg_fitv6_toyMC_100_146.log"> in cluster <centralcluster> Exited

Job <bash -c "basf2 etapip_gg_fit_v6_toymc_100.py 146 > /home/belle2/jaeyoung/storage_ghi/Ntuples_ghi_2/MC15ri_generic/MC15ri_etaetapip_tight_v2_240419_Kp_BCS_etapi0const/bsub_log//MC15ri_etapip_gg_fitv6_toyMC_100_146.log"> was submitted from host <ccw03> by user <jaeyoung> in cluster <centralcluster> at Mon Jul 22 00:49:19 2024
Job was executed on host(s) <ccb101>, in queue <s>, as user <jaeyoung> in cluster <centralcluster> at Mon Jul 22 00:49:44 2024
</home/belle2/jaeyoung> was used as the home directory.
</home/belle2/jaeyoung/workspace/DRAW_and_FITTING/main/FITTING/etapip/MC15ri_generic/tight_v2_fit_v6/ToyMC> was used as the working directory.
Started at Mon Jul 22 00:49:44 2024
Terminated at Mon Jul 22 01:06:08 2024
Results reported at Mon Jul 22 01:06:08 2024

Your job looked like:

------------------------------------------------------------
# LSBATCH: User input
bash -c "basf2 etapip_gg_fit_v6_toymc_100.py 146 > /home/belle2/jaeyoung/storage_ghi/Ntuples_ghi_2/MC15ri_generic/MC15ri_etaetapip_tight_v2_240419_Kp_BCS_etapi0const/bsub_log//MC15ri_etapip_gg_fitv6_toyMC_100_146.log"
------------------------------------------------------------

Exited with exit code 1.

Resource usage summary:

    CPU time :                                   975.66 sec.
    Max Memory :                                 1255 MB
    Average Memory :                             1170.28 MB
    Total Requested Memory :                     4000.00 MB
    Delta Memory :                               2745.00 MB
    Max Swap :                                   -
    Max Processes :                              19
    Max Threads :                                20
    Run time :                                   983 sec.
    Turnaround time :                            1009 sec.

The output (if any) follows:



PS:

Read file <./bsub_log/146.err> for stderr output of this job.

Sender: LSF System <lsfadmin@ccb052>
Subject: Job 53406692: <bash -c "basf2 etapip_gg_fit_v6_toymc_100.py 146 > /home/belle2/jaeyoung/storage_ghi/Ntuples_ghi_2/MC15ri_generic/MC15ri_etaetapip_tight_v2_240419_Kp_BCS_etapi0const/bsub_log//MC15ri_etapip_gg_fitv6_toyMC_100_146.log"> in cluster <centralcluster> Done

Job <bash -c "basf2 etapip_gg_fit_v6_toymc_100.py 146 > /home/belle2/jaeyoung/storage_ghi/Ntuples_ghi_2/MC15ri_generic/MC15ri_etaetapip_tight_v2_240419_Kp_BCS_etapi0const/bsub_log//MC15ri_etapip_gg_fitv6_toyMC_100_146.log"> was submitted from host <ccw06> by user <jaeyoung> in cluster <centralcluster> at Mon Jul 22 10:48:17 2024
Job was executed on host(s) <ccb052>, in queue <s>, as user <jaeyoung> in cluster <centralcluster> at Mon Jul 22 10:48:24 2024
</home/belle2/jaeyoung> was used as the home directory.
</home/belle2/jaeyoung/workspace/DRAW_and_FITTING/main/FITTING/etapip/MC15ri_generic/tight_v2_fit_v6/ToyMC> was used as the working directory.
Started at Mon Jul 22 10:48:24 2024
Terminated at Mon Jul 22 11:34:18 2024
Results reported at Mon Jul 22 11:34:18 2024

Your job looked like:

------------------------------------------------------------
# LSBATCH: User input
bash -c "basf2 etapip_gg_fit_v6_toymc_100.py 146 > /home/belle2/jaeyoung/storage_ghi/Ntuples_ghi_2/MC15ri_generic/MC15ri_etaetapip_tight_v2_240419_Kp_BCS_etapi0const/bsub_log//MC15ri_etapip_gg_fitv6_toyMC_100_146.log"
------------------------------------------------------------

Successfully completed.

Resource usage summary:

    CPU time :                                   2714.08 sec.
    Max Memory :                                 1311 MB
    Average Memory :                             956.28 MB
    Total Requested Memory :                     4000.00 MB
    Delta Memory :                               2689.00 MB
    Max Swap :                                   -
    Max Processes :                              19
    Max Threads :                                20
    Run time :                                   2755 sec.
    Turnaround time :                            2761 sec.

The output (if any) follows:



PS:

Read file <./bsub_log/146.err> for stderr output of this job.

Sender: LSF System <lsfadmin@ccb216>
Subject: Job 53598674: <bash -c "basf2 etapip_gg_fit_v6_toymc_100.py 146 > /home/belle2/jaeyoung/storage_ghi/Ntuples_ghi_2/MC15ri_generic/MC15ri_etaetapip_tight_v2_240419_Kp_BCS_etapi0const/bsub_log//MC15ri_etapip_gg_fitv6_toyMC_100_146.log"> in cluster <centralcluster> Done

Job <bash -c "basf2 etapip_gg_fit_v6_toymc_100.py 146 > /home/belle2/jaeyoung/storage_ghi/Ntuples_ghi_2/MC15ri_generic/MC15ri_etaetapip_tight_v2_240419_Kp_BCS_etapi0const/bsub_log//MC15ri_etapip_gg_fitv6_toyMC_100_146.log"> was submitted from host <ccw03> by user <jaeyoung> in cluster <centralcluster> at Mon Jul 22 18:34:21 2024
Job was executed on host(s) <ccb216>, in queue <s>, as user <jaeyoung> in cluster <centralcluster> at Mon Jul 22 18:34:29 2024
</home/belle2/jaeyoung> was used as the home directory.
</home/belle2/jaeyoung/workspace/DRAW_and_FITTING/main/FITTING/etapip/MC15ri_generic/tight_v2_fit_v6/ToyMC> was used as the working directory.
Started at Mon Jul 22 18:34:29 2024
Terminated at Mon Jul 22 19:18:45 2024
Results reported at Mon Jul 22 19:18:45 2024

Your job looked like:

------------------------------------------------------------
# LSBATCH: User input
bash -c "basf2 etapip_gg_fit_v6_toymc_100.py 146 > /home/belle2/jaeyoung/storage_ghi/Ntuples_ghi_2/MC15ri_generic/MC15ri_etaetapip_tight_v2_240419_Kp_BCS_etapi0const/bsub_log//MC15ri_etapip_gg_fitv6_toyMC_100_146.log"
------------------------------------------------------------

Successfully completed.

Resource usage summary:

    CPU time :                                   2627.92 sec.
    Max Memory :                                 1311 MB
    Average Memory :                             944.55 MB
    Total Requested Memory :                     4000.00 MB
    Delta Memory :                               2689.00 MB
    Max Swap :                                   -
    Max Processes :                              19
    Max Threads :                                20
    Run time :                                   2657 sec.
    Turnaround time :                            2664 sec.

The output (if any) follows:



PS:

Read file <./bsub_log/146.err> for stderr output of this job.

Sender: LSF System <lsfadmin@ccb086>
Subject: Job 53831723: <bash -c "basf2 etapip_gg_fit_v6_toymc_100.py 146 > /home/belle2/jaeyoung/storage_ghi/Ntuples_ghi_2/MC15ri_generic/MC15ri_etaetapip_tight_v2_240419_Kp_BCS_etapi0const/bsub_log//MC15ri_etapip_gg_fitv6_toyMC_100_146.log"> in cluster <centralcluster> Done

Job <bash -c "basf2 etapip_gg_fit_v6_toymc_100.py 146 > /home/belle2/jaeyoung/storage_ghi/Ntuples_ghi_2/MC15ri_generic/MC15ri_etaetapip_tight_v2_240419_Kp_BCS_etapi0const/bsub_log//MC15ri_etapip_gg_fitv6_toyMC_100_146.log"> was submitted from host <ccw05> by user <jaeyoung> in cluster <centralcluster> at Tue Jul 23 00:49:06 2024
Job was executed on host(s) <ccb086>, in queue <s>, as user <jaeyoung> in cluster <centralcluster> at Tue Jul 23 00:49:23 2024
</home/belle2/jaeyoung> was used as the home directory.
</home/belle2/jaeyoung/workspace/DRAW_and_FITTING/main/FITTING/etapip/MC15ri_generic/tight_v2_fit_v6/ToyMC> was used as the working directory.
Started at Tue Jul 23 00:49:23 2024
Terminated at Tue Jul 23 01:36:27 2024
Results reported at Tue Jul 23 01:36:27 2024

Your job looked like:

------------------------------------------------------------
# LSBATCH: User input
bash -c "basf2 etapip_gg_fit_v6_toymc_100.py 146 > /home/belle2/jaeyoung/storage_ghi/Ntuples_ghi_2/MC15ri_generic/MC15ri_etaetapip_tight_v2_240419_Kp_BCS_etapi0const/bsub_log//MC15ri_etapip_gg_fitv6_toyMC_100_146.log"
------------------------------------------------------------

Successfully completed.

Resource usage summary:

    CPU time :                                   2803.62 sec.
    Max Memory :                                 1319 MB
    Average Memory :                             988.77 MB
    Total Requested Memory :                     4000.00 MB
    Delta Memory :                               2681.00 MB
    Max Swap :                                   -
    Max Processes :                              19
    Max Threads :                                20
    Run time :                                   2825 sec.
    Turnaround time :                            2841 sec.

The output (if any) follows:



PS:

Read file <./bsub_log/146.err> for stderr output of this job.

Sender: LSF System <lsfadmin@ccb026>
Subject: Job 54397048: <bash -c "basf2 etapip_gg_fit_v6_toymc_100.py 146 > /home/belle2/jaeyoung/storage_ghi/Ntuples_ghi_2/MC15ri_generic/MC15ri_etaetapip_tight_v2_240419_Kp_BCS_etapi0const/bsub_log//MC15ri_etapip_gg_fitv6_toyMC_100_146.log"> in cluster <centralcluster> Done

Job <bash -c "basf2 etapip_gg_fit_v6_toymc_100.py 146 > /home/belle2/jaeyoung/storage_ghi/Ntuples_ghi_2/MC15ri_generic/MC15ri_etaetapip_tight_v2_240419_Kp_BCS_etapi0const/bsub_log//MC15ri_etapip_gg_fitv6_toyMC_100_146.log"> was submitted from host <ccw04> by user <jaeyoung> in cluster <centralcluster> at Tue Jul 23 17:58:25 2024
Job was executed on host(s) <ccb026>, in queue <s>, as user <jaeyoung> in cluster <centralcluster> at Tue Jul 23 18:24:27 2024
</home/belle2/jaeyoung> was used as the home directory.
</home/belle2/jaeyoung/workspace/DRAW_and_FITTING/main/FITTING/etapip/MC15ri_generic/tight_v2_fit_v6/ToyMC> was used as the working directory.
Started at Tue Jul 23 18:24:27 2024
Terminated at Tue Jul 23 19:11:07 2024
Results reported at Tue Jul 23 19:11:07 2024

Your job looked like:

------------------------------------------------------------
# LSBATCH: User input
bash -c "basf2 etapip_gg_fit_v6_toymc_100.py 146 > /home/belle2/jaeyoung/storage_ghi/Ntuples_ghi_2/MC15ri_generic/MC15ri_etaetapip_tight_v2_240419_Kp_BCS_etapi0const/bsub_log//MC15ri_etapip_gg_fitv6_toyMC_100_146.log"
------------------------------------------------------------

Successfully completed.

Resource usage summary:

    CPU time :                                   2776.28 sec.
    Max Memory :                                 1313 MB
    Average Memory :                             939.06 MB
    Total Requested Memory :                     4000.00 MB
    Delta Memory :                               2687.00 MB
    Max Swap :                                   -
    Max Processes :                              19
    Max Threads :                                20
    Run time :                                   2800 sec.
    Turnaround time :                            4362 sec.

The output (if any) follows:



PS:

Read file <./bsub_log/146.err> for stderr output of this job.

Sender: LSF System <lsfadmin@ccb055>
Subject: Job 54469696: <bash -c "basf2 etapip_gg_fit_v6_toymc_100.py 146 > /home/belle2/jaeyoung/storage_ghi/Ntuples_ghi_2/MC15ri_generic/MC15ri_etaetapip_tight_v2_240419_Kp_BCS_etapi0const/bsub_log//MC15ri_etapip_gg_fitv6_toyMC_100_146.log"> in cluster <centralcluster> Done

Job <bash -c "basf2 etapip_gg_fit_v6_toymc_100.py 146 > /home/belle2/jaeyoung/storage_ghi/Ntuples_ghi_2/MC15ri_generic/MC15ri_etaetapip_tight_v2_240419_Kp_BCS_etapi0const/bsub_log//MC15ri_etapip_gg_fitv6_toyMC_100_146.log"> was submitted from host <ccw03> by user <jaeyoung> in cluster <centralcluster> at Tue Jul 23 19:37:17 2024
Job was executed on host(s) <ccb055>, in queue <s>, as user <jaeyoung> in cluster <centralcluster> at Tue Jul 23 19:37:20 2024
</home/belle2/jaeyoung> was used as the home directory.
</home/belle2/jaeyoung/workspace/DRAW_and_FITTING/main/FITTING/etapip/MC15ri_generic/tight_v2_fit_v6/ToyMC> was used as the working directory.
Started at Tue Jul 23 19:37:20 2024
Terminated at Tue Jul 23 20:24:47 2024
Results reported at Tue Jul 23 20:24:47 2024

Your job looked like:

------------------------------------------------------------
# LSBATCH: User input
bash -c "basf2 etapip_gg_fit_v6_toymc_100.py 146 > /home/belle2/jaeyoung/storage_ghi/Ntuples_ghi_2/MC15ri_generic/MC15ri_etaetapip_tight_v2_240419_Kp_BCS_etapi0const/bsub_log//MC15ri_etapip_gg_fitv6_toyMC_100_146.log"
------------------------------------------------------------

Successfully completed.

Resource usage summary:

    CPU time :                                   2822.40 sec.
    Max Memory :                                 1313 MB
    Average Memory :                             962.36 MB
    Total Requested Memory :                     4000.00 MB
    Delta Memory :                               2687.00 MB
    Max Swap :                                   -
    Max Processes :                              19
    Max Threads :                                20
    Run time :                                   2847 sec.
    Turnaround time :                            2850 sec.

The output (if any) follows:



PS:

Read file <./bsub_log/146.err> for stderr output of this job.

Sender: LSF System <lsfadmin@ccb064>
Subject: Job 55515543: <bash -c "basf2 etapip_gg_fit_v6_toymc_100.py 146 > /home/belle2/jaeyoung/storage_ghi/Ntuples_ghi_2/MC15ri_generic/MC15ri_etaetapip_tight_v2_240419_Kp_BCS_etapi0const/bsub_log//MC15ri_etapip_gg_fitv6_toyMC_100_146.log"> in cluster <centralcluster> Done

Job <bash -c "basf2 etapip_gg_fit_v6_toymc_100.py 146 > /home/belle2/jaeyoung/storage_ghi/Ntuples_ghi_2/MC15ri_generic/MC15ri_etaetapip_tight_v2_240419_Kp_BCS_etapi0const/bsub_log//MC15ri_etapip_gg_fitv6_toyMC_100_146.log"> was submitted from host <ccw01> by user <jaeyoung> in cluster <centralcluster> at Thu Jul 25 20:50:12 2024
Job was executed on host(s) <ccb064>, in queue <s>, as user <jaeyoung> in cluster <centralcluster> at Thu Jul 25 20:50:13 2024
</home/belle2/jaeyoung> was used as the home directory.
</gpfs/home/belle2/jaeyoung/workspace/DRAW_and_FITTING/main/FITTING/etapip/MC15ri_generic/tight_v2_fit_v6/ToyMC> was used as the working directory.
Started at Thu Jul 25 20:50:13 2024
Terminated at Thu Jul 25 21:38:16 2024
Results reported at Thu Jul 25 21:38:16 2024

Your job looked like:

------------------------------------------------------------
# LSBATCH: User input
bash -c "basf2 etapip_gg_fit_v6_toymc_100.py 146 > /home/belle2/jaeyoung/storage_ghi/Ntuples_ghi_2/MC15ri_generic/MC15ri_etaetapip_tight_v2_240419_Kp_BCS_etapi0const/bsub_log//MC15ri_etapip_gg_fitv6_toyMC_100_146.log"
------------------------------------------------------------

Successfully completed.

Resource usage summary:

    CPU time :                                   2774.90 sec.
    Max Memory :                                 1313 MB
    Average Memory :                             938.24 MB
    Total Requested Memory :                     4000.00 MB
    Delta Memory :                               2687.00 MB
    Max Swap :                                   -
    Max Processes :                              19
    Max Threads :                                20
    Run time :                                   2884 sec.
    Turnaround time :                            2884 sec.

The output (if any) follows:



PS:

Read file <./bsub_log/146.err> for stderr output of this job.

Sender: LSF System <lsfadmin@ccb039>
Subject: Job 56102841: <bash -c "basf2 etapip_gg_fit_v6_toymc_100.py 146 > /home/belle2/jaeyoung/storage_ghi/Ntuples_ghi_2/MC15ri_generic/MC15ri_etaetapip_tight_v2_240419_Kp_BCS_etapi0const/bsub_log//MC15ri_etapip_gg_fitv6_toyMC_100_146.log"> in cluster <centralcluster> Done

Job <bash -c "basf2 etapip_gg_fit_v6_toymc_100.py 146 > /home/belle2/jaeyoung/storage_ghi/Ntuples_ghi_2/MC15ri_generic/MC15ri_etaetapip_tight_v2_240419_Kp_BCS_etapi0const/bsub_log//MC15ri_etapip_gg_fitv6_toyMC_100_146.log"> was submitted from host <ccw06> by user <jaeyoung> in cluster <centralcluster> at Fri Jul 26 23:43:22 2024
Job was executed on host(s) <ccb039>, in queue <s>, as user <jaeyoung> in cluster <centralcluster> at Sat Jul 27 00:15:46 2024
</home/belle2/jaeyoung> was used as the home directory.
</home/belle2/jaeyoung/workspace/DRAW_and_FITTING/main/FITTING/etapip/MC15ri_generic/tight_v2_fit_v6/ToyMC> was used as the working directory.
Started at Sat Jul 27 00:15:46 2024
Terminated at Sat Jul 27 00:48:19 2024
Results reported at Sat Jul 27 00:48:19 2024

Your job looked like:

------------------------------------------------------------
# LSBATCH: User input
bash -c "basf2 etapip_gg_fit_v6_toymc_100.py 146 > /home/belle2/jaeyoung/storage_ghi/Ntuples_ghi_2/MC15ri_generic/MC15ri_etaetapip_tight_v2_240419_Kp_BCS_etapi0const/bsub_log//MC15ri_etapip_gg_fitv6_toyMC_100_146.log"
------------------------------------------------------------

Successfully completed.

Resource usage summary:

    CPU time :                                   1930.70 sec.
    Max Memory :                                 898 MB
    Average Memory :                             650.51 MB
    Total Requested Memory :                     4000.00 MB
    Delta Memory :                               3102.00 MB
    Max Swap :                                   -
    Max Processes :                              19
    Max Threads :                                20
    Run time :                                   1954 sec.
    Turnaround time :                            3897 sec.

The output (if any) follows:



PS:

Read file <./bsub_log/146.err> for stderr output of this job.

Sender: LSF System <lsfadmin@ccb507>
Subject: Job 56133478: <bash -c "basf2 etapip_gg_fit_v6_toymc_100.py 146 > /home/belle2/jaeyoung/storage_ghi/Ntuples_ghi_2/MC15ri_generic/MC15ri_etaetapip_tight_v2_240419_Kp_BCS_etapi0const/bsub_log//MC15ri_etapip_gg_fitv6_toyMC_100_146.log"> in cluster <centralcluster> Done

Job <bash -c "basf2 etapip_gg_fit_v6_toymc_100.py 146 > /home/belle2/jaeyoung/storage_ghi/Ntuples_ghi_2/MC15ri_generic/MC15ri_etaetapip_tight_v2_240419_Kp_BCS_etapi0const/bsub_log//MC15ri_etapip_gg_fitv6_toyMC_100_146.log"> was submitted from host <ccw03> by user <jaeyoung> in cluster <centralcluster> at Sat Jul 27 01:12:48 2024
Job was executed on host(s) <ccb507>, in queue <s>, as user <jaeyoung> in cluster <centralcluster> at Sat Jul 27 03:03:44 2024
</home/belle2/jaeyoung> was used as the home directory.
</gpfs/home/belle2/jaeyoung/workspace/DRAW_and_FITTING/main/FITTING/etapip/MC15ri_generic/tight_v2_fit_v6/ToyMC> was used as the working directory.
Started at Sat Jul 27 03:03:44 2024
Terminated at Sat Jul 27 03:44:32 2024
Results reported at Sat Jul 27 03:44:32 2024

Your job looked like:

------------------------------------------------------------
# LSBATCH: User input
bash -c "basf2 etapip_gg_fit_v6_toymc_100.py 146 > /home/belle2/jaeyoung/storage_ghi/Ntuples_ghi_2/MC15ri_generic/MC15ri_etaetapip_tight_v2_240419_Kp_BCS_etapi0const/bsub_log//MC15ri_etapip_gg_fitv6_toyMC_100_146.log"
------------------------------------------------------------

Successfully completed.

Resource usage summary:

    CPU time :                                   2425.50 sec.
    Max Memory :                                 954 MB
    Average Memory :                             676.09 MB
    Total Requested Memory :                     4000.00 MB
    Delta Memory :                               3046.00 MB
    Max Swap :                                   -
    Max Processes :                              19
    Max Threads :                                20
    Run time :                                   2449 sec.
    Turnaround time :                            9104 sec.

The output (if any) follows:



PS:

Read file <./bsub_log/146.err> for stderr output of this job.

