Sender: LSF System <lsfadmin@ccb112>
Subject: Job 52359208: <bash -c "basf2 etapip_gg_fit_v6_toymc_100.py 147 > /home/belle2/jaeyoung/storage_ghi/Ntuples_ghi_2/MC15ri_generic/MC15ri_etaetapip_tight_v2_240419_Kp_BCS_etapi0const/bsub_log//MC15ri_etapip_gg_fitv6_toyMC_100_147.log"> in cluster <centralcluster> Done

Job <bash -c "basf2 etapip_gg_fit_v6_toymc_100.py 147 > /home/belle2/jaeyoung/storage_ghi/Ntuples_ghi_2/MC15ri_generic/MC15ri_etaetapip_tight_v2_240419_Kp_BCS_etapi0const/bsub_log//MC15ri_etapip_gg_fitv6_toyMC_100_147.log"> was submitted from host <ccw02> by user <jaeyoung> in cluster <centralcluster> at Sat Jul 20 14:38:54 2024
Job was executed on host(s) <ccb112>, in queue <s>, as user <jaeyoung> in cluster <centralcluster> at Sat Jul 20 14:39:58 2024
</home/belle2/jaeyoung> was used as the home directory.
</home/belle2/jaeyoung/workspace/DRAW_and_FITTING/main/FITTING/etapip/MC15ri_generic/tight_v2_fit_v6/ToyMC> was used as the working directory.
Started at Sat Jul 20 14:39:58 2024
Terminated at Sat Jul 20 15:26:36 2024
Results reported at Sat Jul 20 15:26:36 2024

Your job looked like:

------------------------------------------------------------
# LSBATCH: User input
bash -c "basf2 etapip_gg_fit_v6_toymc_100.py 147 > /home/belle2/jaeyoung/storage_ghi/Ntuples_ghi_2/MC15ri_generic/MC15ri_etaetapip_tight_v2_240419_Kp_BCS_etapi0const/bsub_log//MC15ri_etapip_gg_fitv6_toyMC_100_147.log"
------------------------------------------------------------

Successfully completed.

Resource usage summary:

    CPU time :                                   2790.72 sec.
    Max Memory :                                 1311 MB
    Average Memory :                             946.78 MB
    Total Requested Memory :                     4000.00 MB
    Delta Memory :                               2689.00 MB
    Max Swap :                                   -
    Max Processes :                              19
    Max Threads :                                20
    Run time :                                   2799 sec.
    Turnaround time :                            2862 sec.

The output (if any) follows:



PS:

Read file <./bsub_log/147.err> for stderr output of this job.

Sender: LSF System <lsfadmin@ccb059>
Subject: Job 53029562: <bash -c "basf2 etapip_gg_fit_v6_toymc_100.py 147 > /home/belle2/jaeyoung/storage_ghi/Ntuples_ghi_2/MC15ri_generic/MC15ri_etaetapip_tight_v2_240419_Kp_BCS_etapi0const/bsub_log//MC15ri_etapip_gg_fitv6_toyMC_100_147.log"> in cluster <centralcluster> Done

Job <bash -c "basf2 etapip_gg_fit_v6_toymc_100.py 147 > /home/belle2/jaeyoung/storage_ghi/Ntuples_ghi_2/MC15ri_generic/MC15ri_etaetapip_tight_v2_240419_Kp_BCS_etapi0const/bsub_log//MC15ri_etapip_gg_fitv6_toyMC_100_147.log"> was submitted from host <ccw03> by user <jaeyoung> in cluster <centralcluster> at Sun Jul 21 17:30:18 2024
Job was executed on host(s) <ccb059>, in queue <s>, as user <jaeyoung> in cluster <centralcluster> at Sun Jul 21 17:30:46 2024
</home/belle2/jaeyoung> was used as the home directory.
</home/belle2/jaeyoung/workspace/DRAW_and_FITTING/main/FITTING/etapip/MC15ri_generic/tight_v2_fit_v6/ToyMC> was used as the working directory.
Started at Sun Jul 21 17:30:46 2024
Terminated at Sun Jul 21 18:20:20 2024
Results reported at Sun Jul 21 18:20:20 2024

Your job looked like:

------------------------------------------------------------
# LSBATCH: User input
bash -c "basf2 etapip_gg_fit_v6_toymc_100.py 147 > /home/belle2/jaeyoung/storage_ghi/Ntuples_ghi_2/MC15ri_generic/MC15ri_etaetapip_tight_v2_240419_Kp_BCS_etapi0const/bsub_log//MC15ri_etapip_gg_fitv6_toyMC_100_147.log"
------------------------------------------------------------

Successfully completed.

Resource usage summary:

    CPU time :                                   2928.65 sec.
    Max Memory :                                 1315 MB
    Average Memory :                             958.25 MB
    Total Requested Memory :                     4000.00 MB
    Delta Memory :                               2685.00 MB
    Max Swap :                                   -
    Max Processes :                              19
    Max Threads :                                20
    Run time :                                   2975 sec.
    Turnaround time :                            3002 sec.

The output (if any) follows:



PS:

Read file <./bsub_log/147.err> for stderr output of this job.

Sender: LSF System <lsfadmin@ccb116>
Subject: Job 53202230: <bash -c "basf2 etapip_gg_fit_v6_toymc_100.py 147 > /home/belle2/jaeyoung/storage_ghi/Ntuples_ghi_2/MC15ri_generic/MC15ri_etaetapip_tight_v2_240419_Kp_BCS_etapi0const/bsub_log//MC15ri_etapip_gg_fitv6_toyMC_100_147.log"> in cluster <centralcluster> Exited

Job <bash -c "basf2 etapip_gg_fit_v6_toymc_100.py 147 > /home/belle2/jaeyoung/storage_ghi/Ntuples_ghi_2/MC15ri_generic/MC15ri_etaetapip_tight_v2_240419_Kp_BCS_etapi0const/bsub_log//MC15ri_etapip_gg_fitv6_toyMC_100_147.log"> was submitted from host <ccw03> by user <jaeyoung> in cluster <centralcluster> at Mon Jul 22 00:49:19 2024
Job was executed on host(s) <ccb116>, in queue <s>, as user <jaeyoung> in cluster <centralcluster> at Mon Jul 22 00:49:44 2024
</home/belle2/jaeyoung> was used as the home directory.
</home/belle2/jaeyoung/workspace/DRAW_and_FITTING/main/FITTING/etapip/MC15ri_generic/tight_v2_fit_v6/ToyMC> was used as the working directory.
Started at Mon Jul 22 00:49:44 2024
Terminated at Mon Jul 22 01:06:10 2024
Results reported at Mon Jul 22 01:06:10 2024

Your job looked like:

------------------------------------------------------------
# LSBATCH: User input
bash -c "basf2 etapip_gg_fit_v6_toymc_100.py 147 > /home/belle2/jaeyoung/storage_ghi/Ntuples_ghi_2/MC15ri_generic/MC15ri_etaetapip_tight_v2_240419_Kp_BCS_etapi0const/bsub_log//MC15ri_etapip_gg_fitv6_toyMC_100_147.log"
------------------------------------------------------------

Exited with exit code 1.

Resource usage summary:

    CPU time :                                   982.32 sec.
    Max Memory :                                 1255 MB
    Average Memory :                             1153.96 MB
    Total Requested Memory :                     4000.00 MB
    Delta Memory :                               2745.00 MB
    Max Swap :                                   -
    Max Processes :                              19
    Max Threads :                                20
    Run time :                                   986 sec.
    Turnaround time :                            1011 sec.

The output (if any) follows:



PS:

Read file <./bsub_log/147.err> for stderr output of this job.

Sender: LSF System <lsfadmin@ccb123>
Subject: Job 53406694: <bash -c "basf2 etapip_gg_fit_v6_toymc_100.py 147 > /home/belle2/jaeyoung/storage_ghi/Ntuples_ghi_2/MC15ri_generic/MC15ri_etaetapip_tight_v2_240419_Kp_BCS_etapi0const/bsub_log//MC15ri_etapip_gg_fitv6_toyMC_100_147.log"> in cluster <centralcluster> Done

Job <bash -c "basf2 etapip_gg_fit_v6_toymc_100.py 147 > /home/belle2/jaeyoung/storage_ghi/Ntuples_ghi_2/MC15ri_generic/MC15ri_etaetapip_tight_v2_240419_Kp_BCS_etapi0const/bsub_log//MC15ri_etapip_gg_fitv6_toyMC_100_147.log"> was submitted from host <ccw06> by user <jaeyoung> in cluster <centralcluster> at Mon Jul 22 10:48:17 2024
Job was executed on host(s) <ccb123>, in queue <s>, as user <jaeyoung> in cluster <centralcluster> at Mon Jul 22 10:48:24 2024
</home/belle2/jaeyoung> was used as the home directory.
</home/belle2/jaeyoung/workspace/DRAW_and_FITTING/main/FITTING/etapip/MC15ri_generic/tight_v2_fit_v6/ToyMC> was used as the working directory.
Started at Mon Jul 22 10:48:24 2024
Terminated at Mon Jul 22 11:34:17 2024
Results reported at Mon Jul 22 11:34:17 2024

Your job looked like:

------------------------------------------------------------
# LSBATCH: User input
bash -c "basf2 etapip_gg_fit_v6_toymc_100.py 147 > /home/belle2/jaeyoung/storage_ghi/Ntuples_ghi_2/MC15ri_generic/MC15ri_etaetapip_tight_v2_240419_Kp_BCS_etapi0const/bsub_log//MC15ri_etapip_gg_fitv6_toyMC_100_147.log"
------------------------------------------------------------

Successfully completed.

Resource usage summary:

    CPU time :                                   2743.29 sec.
    Max Memory :                                 1310 MB
    Average Memory :                             942.91 MB
    Total Requested Memory :                     4000.00 MB
    Delta Memory :                               2690.00 MB
    Max Swap :                                   -
    Max Processes :                              19
    Max Threads :                                20
    Run time :                                   2754 sec.
    Turnaround time :                            2760 sec.

The output (if any) follows:



PS:

Read file <./bsub_log/147.err> for stderr output of this job.

Sender: LSF System <lsfadmin@ccb518>
Subject: Job 53598677: <bash -c "basf2 etapip_gg_fit_v6_toymc_100.py 147 > /home/belle2/jaeyoung/storage_ghi/Ntuples_ghi_2/MC15ri_generic/MC15ri_etaetapip_tight_v2_240419_Kp_BCS_etapi0const/bsub_log//MC15ri_etapip_gg_fitv6_toyMC_100_147.log"> in cluster <centralcluster> Done

Job <bash -c "basf2 etapip_gg_fit_v6_toymc_100.py 147 > /home/belle2/jaeyoung/storage_ghi/Ntuples_ghi_2/MC15ri_generic/MC15ri_etaetapip_tight_v2_240419_Kp_BCS_etapi0const/bsub_log//MC15ri_etapip_gg_fitv6_toyMC_100_147.log"> was submitted from host <ccw03> by user <jaeyoung> in cluster <centralcluster> at Mon Jul 22 18:34:21 2024
Job was executed on host(s) <ccb518>, in queue <s>, as user <jaeyoung> in cluster <centralcluster> at Mon Jul 22 18:34:29 2024
</home/belle2/jaeyoung> was used as the home directory.
</home/belle2/jaeyoung/workspace/DRAW_and_FITTING/main/FITTING/etapip/MC15ri_generic/tight_v2_fit_v6/ToyMC> was used as the working directory.
Started at Mon Jul 22 18:34:29 2024
Terminated at Mon Jul 22 19:21:42 2024
Results reported at Mon Jul 22 19:21:42 2024

Your job looked like:

------------------------------------------------------------
# LSBATCH: User input
bash -c "basf2 etapip_gg_fit_v6_toymc_100.py 147 > /home/belle2/jaeyoung/storage_ghi/Ntuples_ghi_2/MC15ri_generic/MC15ri_etaetapip_tight_v2_240419_Kp_BCS_etapi0const/bsub_log//MC15ri_etapip_gg_fitv6_toyMC_100_147.log"
------------------------------------------------------------

Successfully completed.

Resource usage summary:

    CPU time :                                   2793.29 sec.
    Max Memory :                                 1311 MB
    Average Memory :                             951.73 MB
    Total Requested Memory :                     4000.00 MB
    Delta Memory :                               2689.00 MB
    Max Swap :                                   -
    Max Processes :                              19
    Max Threads :                                20
    Run time :                                   2833 sec.
    Turnaround time :                            2841 sec.

The output (if any) follows:



PS:

Read file <./bsub_log/147.err> for stderr output of this job.

Sender: LSF System <lsfadmin@ccb088>
Subject: Job 53831728: <bash -c "basf2 etapip_gg_fit_v6_toymc_100.py 147 > /home/belle2/jaeyoung/storage_ghi/Ntuples_ghi_2/MC15ri_generic/MC15ri_etaetapip_tight_v2_240419_Kp_BCS_etapi0const/bsub_log//MC15ri_etapip_gg_fitv6_toyMC_100_147.log"> in cluster <centralcluster> Done

Job <bash -c "basf2 etapip_gg_fit_v6_toymc_100.py 147 > /home/belle2/jaeyoung/storage_ghi/Ntuples_ghi_2/MC15ri_generic/MC15ri_etaetapip_tight_v2_240419_Kp_BCS_etapi0const/bsub_log//MC15ri_etapip_gg_fitv6_toyMC_100_147.log"> was submitted from host <ccw05> by user <jaeyoung> in cluster <centralcluster> at Tue Jul 23 00:49:06 2024
Job was executed on host(s) <ccb088>, in queue <s>, as user <jaeyoung> in cluster <centralcluster> at Tue Jul 23 00:49:25 2024
</home/belle2/jaeyoung> was used as the home directory.
</home/belle2/jaeyoung/workspace/DRAW_and_FITTING/main/FITTING/etapip/MC15ri_generic/tight_v2_fit_v6/ToyMC> was used as the working directory.
Started at Tue Jul 23 00:49:25 2024
Terminated at Tue Jul 23 01:36:33 2024
Results reported at Tue Jul 23 01:36:33 2024

Your job looked like:

------------------------------------------------------------
# LSBATCH: User input
bash -c "basf2 etapip_gg_fit_v6_toymc_100.py 147 > /home/belle2/jaeyoung/storage_ghi/Ntuples_ghi_2/MC15ri_generic/MC15ri_etaetapip_tight_v2_240419_Kp_BCS_etapi0const/bsub_log//MC15ri_etapip_gg_fitv6_toyMC_100_147.log"
------------------------------------------------------------

Successfully completed.

Resource usage summary:

    CPU time :                                   2816.26 sec.
    Max Memory :                                 1311 MB
    Average Memory :                             938.58 MB
    Total Requested Memory :                     4000.00 MB
    Delta Memory :                               2689.00 MB
    Max Swap :                                   -
    Max Processes :                              19
    Max Threads :                                20
    Run time :                                   2829 sec.
    Turnaround time :                            2847 sec.

The output (if any) follows:



PS:

Read file <./bsub_log/147.err> for stderr output of this job.

Sender: LSF System <lsfadmin@ccb089>
Subject: Job 54397055: <bash -c "basf2 etapip_gg_fit_v6_toymc_100.py 147 > /home/belle2/jaeyoung/storage_ghi/Ntuples_ghi_2/MC15ri_generic/MC15ri_etaetapip_tight_v2_240419_Kp_BCS_etapi0const/bsub_log//MC15ri_etapip_gg_fitv6_toyMC_100_147.log"> in cluster <centralcluster> Done

Job <bash -c "basf2 etapip_gg_fit_v6_toymc_100.py 147 > /home/belle2/jaeyoung/storage_ghi/Ntuples_ghi_2/MC15ri_generic/MC15ri_etaetapip_tight_v2_240419_Kp_BCS_etapi0const/bsub_log//MC15ri_etapip_gg_fitv6_toyMC_100_147.log"> was submitted from host <ccw04> by user <jaeyoung> in cluster <centralcluster> at Tue Jul 23 17:58:25 2024
Job was executed on host(s) <ccb089>, in queue <s>, as user <jaeyoung> in cluster <centralcluster> at Tue Jul 23 18:24:27 2024
</home/belle2/jaeyoung> was used as the home directory.
</home/belle2/jaeyoung/workspace/DRAW_and_FITTING/main/FITTING/etapip/MC15ri_generic/tight_v2_fit_v6/ToyMC> was used as the working directory.
Started at Tue Jul 23 18:24:27 2024
Terminated at Tue Jul 23 19:11:52 2024
Results reported at Tue Jul 23 19:11:52 2024

Your job looked like:

------------------------------------------------------------
# LSBATCH: User input
bash -c "basf2 etapip_gg_fit_v6_toymc_100.py 147 > /home/belle2/jaeyoung/storage_ghi/Ntuples_ghi_2/MC15ri_generic/MC15ri_etaetapip_tight_v2_240419_Kp_BCS_etapi0const/bsub_log//MC15ri_etapip_gg_fitv6_toyMC_100_147.log"
------------------------------------------------------------

Successfully completed.

Resource usage summary:

    CPU time :                                   2834.98 sec.
    Max Memory :                                 1313 MB
    Average Memory :                             923.22 MB
    Total Requested Memory :                     4000.00 MB
    Delta Memory :                               2687.00 MB
    Max Swap :                                   -
    Max Processes :                              19
    Max Threads :                                20
    Run time :                                   2845 sec.
    Turnaround time :                            4407 sec.

The output (if any) follows:



PS:

Read file <./bsub_log/147.err> for stderr output of this job.

