Sender: LSF System <lsfadmin@ccb172>
Subject: Job 52359220: <bash -c "basf2 etapip_gg_fit_v6_toymc_100.py 150 > /home/belle2/jaeyoung/storage_ghi/Ntuples_ghi_2/MC15ri_generic/MC15ri_etaetapip_tight_v2_240419_Kp_BCS_etapi0const/bsub_log//MC15ri_etapip_gg_fitv6_toyMC_100_150.log"> in cluster <centralcluster> Done

Job <bash -c "basf2 etapip_gg_fit_v6_toymc_100.py 150 > /home/belle2/jaeyoung/storage_ghi/Ntuples_ghi_2/MC15ri_generic/MC15ri_etaetapip_tight_v2_240419_Kp_BCS_etapi0const/bsub_log//MC15ri_etapip_gg_fitv6_toyMC_100_150.log"> was submitted from host <ccw02> by user <jaeyoung> in cluster <centralcluster> at Sat Jul 20 14:38:55 2024
Job was executed on host(s) <ccb172>, in queue <s>, as user <jaeyoung> in cluster <centralcluster> at Sat Jul 20 14:39:59 2024
</home/belle2/jaeyoung> was used as the home directory.
</home/belle2/jaeyoung/workspace/DRAW_and_FITTING/main/FITTING/etapip/MC15ri_generic/tight_v2_fit_v6/ToyMC> was used as the working directory.
Started at Sat Jul 20 14:39:59 2024
Terminated at Sat Jul 20 15:28:59 2024
Results reported at Sat Jul 20 15:28:59 2024

Your job looked like:

------------------------------------------------------------
# LSBATCH: User input
bash -c "basf2 etapip_gg_fit_v6_toymc_100.py 150 > /home/belle2/jaeyoung/storage_ghi/Ntuples_ghi_2/MC15ri_generic/MC15ri_etaetapip_tight_v2_240419_Kp_BCS_etapi0const/bsub_log//MC15ri_etapip_gg_fitv6_toyMC_100_150.log"
------------------------------------------------------------

Successfully completed.

Resource usage summary:

    CPU time :                                   2914.08 sec.
    Max Memory :                                 1311 MB
    Average Memory :                             937.15 MB
    Total Requested Memory :                     4000.00 MB
    Delta Memory :                               2689.00 MB
    Max Swap :                                   -
    Max Processes :                              19
    Max Threads :                                20
    Run time :                                   2941 sec.
    Turnaround time :                            3004 sec.

The output (if any) follows:



PS:

Read file <./bsub_log/150.err> for stderr output of this job.

Sender: LSF System <lsfadmin@ccb042>
Subject: Job 53029574: <bash -c "basf2 etapip_gg_fit_v6_toymc_100.py 150 > /home/belle2/jaeyoung/storage_ghi/Ntuples_ghi_2/MC15ri_generic/MC15ri_etaetapip_tight_v2_240419_Kp_BCS_etapi0const/bsub_log//MC15ri_etapip_gg_fitv6_toyMC_100_150.log"> in cluster <centralcluster> Done

Job <bash -c "basf2 etapip_gg_fit_v6_toymc_100.py 150 > /home/belle2/jaeyoung/storage_ghi/Ntuples_ghi_2/MC15ri_generic/MC15ri_etaetapip_tight_v2_240419_Kp_BCS_etapi0const/bsub_log//MC15ri_etapip_gg_fitv6_toyMC_100_150.log"> was submitted from host <ccw03> by user <jaeyoung> in cluster <centralcluster> at Sun Jul 21 17:30:19 2024
Job was executed on host(s) <ccb042>, in queue <s>, as user <jaeyoung> in cluster <centralcluster> at Sun Jul 21 17:30:46 2024
</home/belle2/jaeyoung> was used as the home directory.
</home/belle2/jaeyoung/workspace/DRAW_and_FITTING/main/FITTING/etapip/MC15ri_generic/tight_v2_fit_v6/ToyMC> was used as the working directory.
Started at Sun Jul 21 17:30:46 2024
Terminated at Sun Jul 21 18:18:28 2024
Results reported at Sun Jul 21 18:18:28 2024

Your job looked like:

------------------------------------------------------------
# LSBATCH: User input
bash -c "basf2 etapip_gg_fit_v6_toymc_100.py 150 > /home/belle2/jaeyoung/storage_ghi/Ntuples_ghi_2/MC15ri_generic/MC15ri_etaetapip_tight_v2_240419_Kp_BCS_etapi0const/bsub_log//MC15ri_etapip_gg_fitv6_toyMC_100_150.log"
------------------------------------------------------------

Successfully completed.

Resource usage summary:

    CPU time :                                   2831.53 sec.
    Max Memory :                                 1311 MB
    Average Memory :                             937.71 MB
    Total Requested Memory :                     4000.00 MB
    Delta Memory :                               2689.00 MB
    Max Swap :                                   -
    Max Processes :                              19
    Max Threads :                                20
    Run time :                                   2862 sec.
    Turnaround time :                            2889 sec.

The output (if any) follows:



PS:

Read file <./bsub_log/150.err> for stderr output of this job.

Sender: LSF System <lsfadmin@ccb100>
Subject: Job 53202237: <bash -c "basf2 etapip_gg_fit_v6_toymc_100.py 150 > /home/belle2/jaeyoung/storage_ghi/Ntuples_ghi_2/MC15ri_generic/MC15ri_etaetapip_tight_v2_240419_Kp_BCS_etapi0const/bsub_log//MC15ri_etapip_gg_fitv6_toyMC_100_150.log"> in cluster <centralcluster> Exited

Job <bash -c "basf2 etapip_gg_fit_v6_toymc_100.py 150 > /home/belle2/jaeyoung/storage_ghi/Ntuples_ghi_2/MC15ri_generic/MC15ri_etaetapip_tight_v2_240419_Kp_BCS_etapi0const/bsub_log//MC15ri_etapip_gg_fitv6_toyMC_100_150.log"> was submitted from host <ccw03> by user <jaeyoung> in cluster <centralcluster> at Mon Jul 22 00:49:20 2024
Job was executed on host(s) <ccb100>, in queue <s>, as user <jaeyoung> in cluster <centralcluster> at Mon Jul 22 00:49:46 2024
</home/belle2/jaeyoung> was used as the home directory.
</home/belle2/jaeyoung/workspace/DRAW_and_FITTING/main/FITTING/etapip/MC15ri_generic/tight_v2_fit_v6/ToyMC> was used as the working directory.
Started at Mon Jul 22 00:49:46 2024
Terminated at Mon Jul 22 01:05:25 2024
Results reported at Mon Jul 22 01:05:25 2024

Your job looked like:

------------------------------------------------------------
# LSBATCH: User input
bash -c "basf2 etapip_gg_fit_v6_toymc_100.py 150 > /home/belle2/jaeyoung/storage_ghi/Ntuples_ghi_2/MC15ri_generic/MC15ri_etaetapip_tight_v2_240419_Kp_BCS_etapi0const/bsub_log//MC15ri_etapip_gg_fitv6_toyMC_100_150.log"
------------------------------------------------------------

Exited with exit code 1.

Resource usage summary:

    CPU time :                                   934.67 sec.
    Max Memory :                                 1258 MB
    Average Memory :                             1170.50 MB
    Total Requested Memory :                     4000.00 MB
    Delta Memory :                               2742.00 MB
    Max Swap :                                   -
    Max Processes :                              19
    Max Threads :                                20
    Run time :                                   939 sec.
    Turnaround time :                            965 sec.

The output (if any) follows:



PS:

Read file <./bsub_log/150.err> for stderr output of this job.

Sender: LSF System <lsfadmin@ccb161>
Subject: Job 53406701: <bash -c "basf2 etapip_gg_fit_v6_toymc_100.py 150 > /home/belle2/jaeyoung/storage_ghi/Ntuples_ghi_2/MC15ri_generic/MC15ri_etaetapip_tight_v2_240419_Kp_BCS_etapi0const/bsub_log//MC15ri_etapip_gg_fitv6_toyMC_100_150.log"> in cluster <centralcluster> Done

Job <bash -c "basf2 etapip_gg_fit_v6_toymc_100.py 150 > /home/belle2/jaeyoung/storage_ghi/Ntuples_ghi_2/MC15ri_generic/MC15ri_etaetapip_tight_v2_240419_Kp_BCS_etapi0const/bsub_log//MC15ri_etapip_gg_fitv6_toyMC_100_150.log"> was submitted from host <ccw06> by user <jaeyoung> in cluster <centralcluster> at Mon Jul 22 10:48:18 2024
Job was executed on host(s) <ccb161>, in queue <s>, as user <jaeyoung> in cluster <centralcluster> at Mon Jul 22 10:48:25 2024
</home/belle2/jaeyoung> was used as the home directory.
</home/belle2/jaeyoung/workspace/DRAW_and_FITTING/main/FITTING/etapip/MC15ri_generic/tight_v2_fit_v6/ToyMC> was used as the working directory.
Started at Mon Jul 22 10:48:25 2024
Terminated at Mon Jul 22 11:34:57 2024
Results reported at Mon Jul 22 11:34:57 2024

Your job looked like:

------------------------------------------------------------
# LSBATCH: User input
bash -c "basf2 etapip_gg_fit_v6_toymc_100.py 150 > /home/belle2/jaeyoung/storage_ghi/Ntuples_ghi_2/MC15ri_generic/MC15ri_etaetapip_tight_v2_240419_Kp_BCS_etapi0const/bsub_log//MC15ri_etapip_gg_fitv6_toyMC_100_150.log"
------------------------------------------------------------

Successfully completed.

Resource usage summary:

    CPU time :                                   2770.57 sec.
    Max Memory :                                 1311 MB
    Average Memory :                             944.08 MB
    Total Requested Memory :                     4000.00 MB
    Delta Memory :                               2689.00 MB
    Max Swap :                                   -
    Max Processes :                              19
    Max Threads :                                20
    Run time :                                   2793 sec.
    Turnaround time :                            2799 sec.

The output (if any) follows:



PS:

Read file <./bsub_log/150.err> for stderr output of this job.

Sender: LSF System <lsfadmin@ccb073>
Subject: Job 53598687: <bash -c "basf2 etapip_gg_fit_v6_toymc_100.py 150 > /home/belle2/jaeyoung/storage_ghi/Ntuples_ghi_2/MC15ri_generic/MC15ri_etaetapip_tight_v2_240419_Kp_BCS_etapi0const/bsub_log//MC15ri_etapip_gg_fitv6_toyMC_100_150.log"> in cluster <centralcluster> Done

Job <bash -c "basf2 etapip_gg_fit_v6_toymc_100.py 150 > /home/belle2/jaeyoung/storage_ghi/Ntuples_ghi_2/MC15ri_generic/MC15ri_etaetapip_tight_v2_240419_Kp_BCS_etapi0const/bsub_log//MC15ri_etapip_gg_fitv6_toyMC_100_150.log"> was submitted from host <ccw03> by user <jaeyoung> in cluster <centralcluster> at Mon Jul 22 18:34:22 2024
Job was executed on host(s) <ccb073>, in queue <s>, as user <jaeyoung> in cluster <centralcluster> at Mon Jul 22 18:34:38 2024
</home/belle2/jaeyoung> was used as the home directory.
</home/belle2/jaeyoung/workspace/DRAW_and_FITTING/main/FITTING/etapip/MC15ri_generic/tight_v2_fit_v6/ToyMC> was used as the working directory.
Started at Mon Jul 22 18:34:38 2024
Terminated at Mon Jul 22 19:20:23 2024
Results reported at Mon Jul 22 19:20:23 2024

Your job looked like:

------------------------------------------------------------
# LSBATCH: User input
bash -c "basf2 etapip_gg_fit_v6_toymc_100.py 150 > /home/belle2/jaeyoung/storage_ghi/Ntuples_ghi_2/MC15ri_generic/MC15ri_etaetapip_tight_v2_240419_Kp_BCS_etapi0const/bsub_log//MC15ri_etapip_gg_fitv6_toyMC_100_150.log"
------------------------------------------------------------

Successfully completed.

Resource usage summary:

    CPU time :                                   2736.45 sec.
    Max Memory :                                 1311 MB
    Average Memory :                             952.30 MB
    Total Requested Memory :                     4000.00 MB
    Delta Memory :                               2689.00 MB
    Max Swap :                                   -
    Max Processes :                              19
    Max Threads :                                20
    Run time :                                   2746 sec.
    Turnaround time :                            2761 sec.

The output (if any) follows:



PS:

Read file <./bsub_log/150.err> for stderr output of this job.

Sender: LSF System <lsfadmin@ccb257>
Subject: Job 53831743: <bash -c "basf2 etapip_gg_fit_v6_toymc_100.py 150 > /home/belle2/jaeyoung/storage_ghi/Ntuples_ghi_2/MC15ri_generic/MC15ri_etaetapip_tight_v2_240419_Kp_BCS_etapi0const/bsub_log//MC15ri_etapip_gg_fitv6_toyMC_100_150.log"> in cluster <centralcluster> Done

Job <bash -c "basf2 etapip_gg_fit_v6_toymc_100.py 150 > /home/belle2/jaeyoung/storage_ghi/Ntuples_ghi_2/MC15ri_generic/MC15ri_etaetapip_tight_v2_240419_Kp_BCS_etapi0const/bsub_log//MC15ri_etapip_gg_fitv6_toyMC_100_150.log"> was submitted from host <ccw05> by user <jaeyoung> in cluster <centralcluster> at Tue Jul 23 00:49:07 2024
Job was executed on host(s) <ccb257>, in queue <s>, as user <jaeyoung> in cluster <centralcluster> at Tue Jul 23 00:49:25 2024
</home/belle2/jaeyoung> was used as the home directory.
</home/belle2/jaeyoung/workspace/DRAW_and_FITTING/main/FITTING/etapip/MC15ri_generic/tight_v2_fit_v6/ToyMC> was used as the working directory.
Started at Tue Jul 23 00:49:25 2024
Terminated at Tue Jul 23 01:38:10 2024
Results reported at Tue Jul 23 01:38:10 2024

Your job looked like:

------------------------------------------------------------
# LSBATCH: User input
bash -c "basf2 etapip_gg_fit_v6_toymc_100.py 150 > /home/belle2/jaeyoung/storage_ghi/Ntuples_ghi_2/MC15ri_generic/MC15ri_etaetapip_tight_v2_240419_Kp_BCS_etapi0const/bsub_log//MC15ri_etapip_gg_fitv6_toyMC_100_150.log"
------------------------------------------------------------

Successfully completed.

Resource usage summary:

    CPU time :                                   2900.25 sec.
    Max Memory :                                 1311 MB
    Average Memory :                             966.22 MB
    Total Requested Memory :                     4000.00 MB
    Delta Memory :                               2689.00 MB
    Max Swap :                                   -
    Max Processes :                              19
    Max Threads :                                20
    Run time :                                   2925 sec.
    Turnaround time :                            2943 sec.

The output (if any) follows:



PS:

Read file <./bsub_log/150.err> for stderr output of this job.

Sender: LSF System <lsfadmin@ccb126>
Subject: Job 54397076: <bash -c "basf2 etapip_gg_fit_v6_toymc_100.py 150 > /home/belle2/jaeyoung/storage_ghi/Ntuples_ghi_2/MC15ri_generic/MC15ri_etaetapip_tight_v2_240419_Kp_BCS_etapi0const/bsub_log//MC15ri_etapip_gg_fitv6_toyMC_100_150.log"> in cluster <centralcluster> Done

Job <bash -c "basf2 etapip_gg_fit_v6_toymc_100.py 150 > /home/belle2/jaeyoung/storage_ghi/Ntuples_ghi_2/MC15ri_generic/MC15ri_etaetapip_tight_v2_240419_Kp_BCS_etapi0const/bsub_log//MC15ri_etapip_gg_fitv6_toyMC_100_150.log"> was submitted from host <ccw04> by user <jaeyoung> in cluster <centralcluster> at Tue Jul 23 17:58:26 2024
Job was executed on host(s) <ccb126>, in queue <s>, as user <jaeyoung> in cluster <centralcluster> at Tue Jul 23 18:24:28 2024
</home/belle2/jaeyoung> was used as the home directory.
</home/belle2/jaeyoung/workspace/DRAW_and_FITTING/main/FITTING/etapip/MC15ri_generic/tight_v2_fit_v6/ToyMC> was used as the working directory.
Started at Tue Jul 23 18:24:28 2024
Terminated at Tue Jul 23 19:11:45 2024
Results reported at Tue Jul 23 19:11:45 2024

Your job looked like:

------------------------------------------------------------
# LSBATCH: User input
bash -c "basf2 etapip_gg_fit_v6_toymc_100.py 150 > /home/belle2/jaeyoung/storage_ghi/Ntuples_ghi_2/MC15ri_generic/MC15ri_etaetapip_tight_v2_240419_Kp_BCS_etapi0const/bsub_log//MC15ri_etapip_gg_fitv6_toyMC_100_150.log"
------------------------------------------------------------

Successfully completed.

Resource usage summary:

    CPU time :                                   2801.58 sec.
    Max Memory :                                 1313 MB
    Average Memory :                             941.18 MB
    Total Requested Memory :                     4000.00 MB
    Delta Memory :                               2687.00 MB
    Max Swap :                                   -
    Max Processes :                              19
    Max Threads :                                20
    Run time :                                   2836 sec.
    Turnaround time :                            4399 sec.

The output (if any) follows:



PS:

Read file <./bsub_log/150.err> for stderr output of this job.

