Sender: LSF System <lsfadmin@ccb098>
Subject: Job 52359231: <bash -c "basf2 etapip_gg_fit_v6_toymc_100.py 155 > /home/belle2/jaeyoung/storage_ghi/Ntuples_ghi_2/MC15ri_generic/MC15ri_etaetapip_tight_v2_240419_Kp_BCS_etapi0const/bsub_log//MC15ri_etapip_gg_fitv6_toyMC_100_155.log"> in cluster <centralcluster> Done

Job <bash -c "basf2 etapip_gg_fit_v6_toymc_100.py 155 > /home/belle2/jaeyoung/storage_ghi/Ntuples_ghi_2/MC15ri_generic/MC15ri_etaetapip_tight_v2_240419_Kp_BCS_etapi0const/bsub_log//MC15ri_etapip_gg_fitv6_toyMC_100_155.log"> was submitted from host <ccw02> by user <jaeyoung> in cluster <centralcluster> at Sat Jul 20 14:38:56 2024
Job was executed on host(s) <ccb098>, in queue <s>, as user <jaeyoung> in cluster <centralcluster> at Sat Jul 20 14:40:00 2024
</home/belle2/jaeyoung> was used as the home directory.
</home/belle2/jaeyoung/workspace/DRAW_and_FITTING/main/FITTING/etapip/MC15ri_generic/tight_v2_fit_v6/ToyMC> was used as the working directory.
Started at Sat Jul 20 14:40:00 2024
Terminated at Sat Jul 20 15:29:12 2024
Results reported at Sat Jul 20 15:29:12 2024

Your job looked like:

------------------------------------------------------------
# LSBATCH: User input
bash -c "basf2 etapip_gg_fit_v6_toymc_100.py 155 > /home/belle2/jaeyoung/storage_ghi/Ntuples_ghi_2/MC15ri_generic/MC15ri_etaetapip_tight_v2_240419_Kp_BCS_etapi0const/bsub_log//MC15ri_etapip_gg_fitv6_toyMC_100_155.log"
------------------------------------------------------------

Successfully completed.

Resource usage summary:

    CPU time :                                   2943.16 sec.
    Max Memory :                                 1313 MB
    Average Memory :                             960.70 MB
    Total Requested Memory :                     4000.00 MB
    Delta Memory :                               2687.00 MB
    Max Swap :                                   -
    Max Processes :                              19
    Max Threads :                                20
    Run time :                                   2953 sec.
    Turnaround time :                            3016 sec.

The output (if any) follows:



PS:

Read file <./bsub_log/155.err> for stderr output of this job.

Sender: LSF System <lsfadmin@ccb174>
Subject: Job 53029592: <bash -c "basf2 etapip_gg_fit_v6_toymc_100.py 155 > /home/belle2/jaeyoung/storage_ghi/Ntuples_ghi_2/MC15ri_generic/MC15ri_etaetapip_tight_v2_240419_Kp_BCS_etapi0const/bsub_log//MC15ri_etapip_gg_fitv6_toyMC_100_155.log"> in cluster <centralcluster> Done

Job <bash -c "basf2 etapip_gg_fit_v6_toymc_100.py 155 > /home/belle2/jaeyoung/storage_ghi/Ntuples_ghi_2/MC15ri_generic/MC15ri_etaetapip_tight_v2_240419_Kp_BCS_etapi0const/bsub_log//MC15ri_etapip_gg_fitv6_toyMC_100_155.log"> was submitted from host <ccw03> by user <jaeyoung> in cluster <centralcluster> at Sun Jul 21 17:30:21 2024
Job was executed on host(s) <ccb174>, in queue <s>, as user <jaeyoung> in cluster <centralcluster> at Sun Jul 21 17:30:50 2024
</home/belle2/jaeyoung> was used as the home directory.
</home/belle2/jaeyoung/workspace/DRAW_and_FITTING/main/FITTING/etapip/MC15ri_generic/tight_v2_fit_v6/ToyMC> was used as the working directory.
Started at Sun Jul 21 17:30:50 2024
Terminated at Sun Jul 21 18:18:56 2024
Results reported at Sun Jul 21 18:18:56 2024

Your job looked like:

------------------------------------------------------------
# LSBATCH: User input
bash -c "basf2 etapip_gg_fit_v6_toymc_100.py 155 > /home/belle2/jaeyoung/storage_ghi/Ntuples_ghi_2/MC15ri_generic/MC15ri_etaetapip_tight_v2_240419_Kp_BCS_etapi0const/bsub_log//MC15ri_etapip_gg_fitv6_toyMC_100_155.log"
------------------------------------------------------------

Successfully completed.

Resource usage summary:

    CPU time :                                   2864.98 sec.
    Max Memory :                                 1311 MB
    Average Memory :                             936.66 MB
    Total Requested Memory :                     4000.00 MB
    Delta Memory :                               2689.00 MB
    Max Swap :                                   -
    Max Processes :                              19
    Max Threads :                                20
    Run time :                                   2885 sec.
    Turnaround time :                            2915 sec.

The output (if any) follows:



PS:

Read file <./bsub_log/155.err> for stderr output of this job.

Sender: LSF System <lsfadmin@ccb010>
Subject: Job 53202248: <bash -c "basf2 etapip_gg_fit_v6_toymc_100.py 155 > /home/belle2/jaeyoung/storage_ghi/Ntuples_ghi_2/MC15ri_generic/MC15ri_etaetapip_tight_v2_240419_Kp_BCS_etapi0const/bsub_log//MC15ri_etapip_gg_fitv6_toyMC_100_155.log"> in cluster <centralcluster> Exited

Job <bash -c "basf2 etapip_gg_fit_v6_toymc_100.py 155 > /home/belle2/jaeyoung/storage_ghi/Ntuples_ghi_2/MC15ri_generic/MC15ri_etaetapip_tight_v2_240419_Kp_BCS_etapi0const/bsub_log//MC15ri_etapip_gg_fitv6_toyMC_100_155.log"> was submitted from host <ccw03> by user <jaeyoung> in cluster <centralcluster> at Mon Jul 22 00:49:22 2024
Job was executed on host(s) <ccb010>, in queue <s>, as user <jaeyoung> in cluster <centralcluster> at Mon Jul 22 00:49:47 2024
</home/belle2/jaeyoung> was used as the home directory.
</home/belle2/jaeyoung/workspace/DRAW_and_FITTING/main/FITTING/etapip/MC15ri_generic/tight_v2_fit_v6/ToyMC> was used as the working directory.
Started at Mon Jul 22 00:49:47 2024
Terminated at Mon Jul 22 01:07:00 2024
Results reported at Mon Jul 22 01:07:00 2024

Your job looked like:

------------------------------------------------------------
# LSBATCH: User input
bash -c "basf2 etapip_gg_fit_v6_toymc_100.py 155 > /home/belle2/jaeyoung/storage_ghi/Ntuples_ghi_2/MC15ri_generic/MC15ri_etaetapip_tight_v2_240419_Kp_BCS_etapi0const/bsub_log//MC15ri_etapip_gg_fitv6_toyMC_100_155.log"
------------------------------------------------------------

Exited with exit code 1.

Resource usage summary:

    CPU time :                                   1026.85 sec.
    Max Memory :                                 1265 MB
    Average Memory :                             1185.45 MB
    Total Requested Memory :                     4000.00 MB
    Delta Memory :                               2735.00 MB
    Max Swap :                                   -
    Max Processes :                              19
    Max Threads :                                20
    Run time :                                   1032 sec.
    Turnaround time :                            1058 sec.

The output (if any) follows:



PS:

Read file <./bsub_log/155.err> for stderr output of this job.

Sender: LSF System <lsfadmin@ccb535>
Subject: Job 53406711: <bash -c "basf2 etapip_gg_fit_v6_toymc_100.py 155 > /home/belle2/jaeyoung/storage_ghi/Ntuples_ghi_2/MC15ri_generic/MC15ri_etaetapip_tight_v2_240419_Kp_BCS_etapi0const/bsub_log//MC15ri_etapip_gg_fitv6_toyMC_100_155.log"> in cluster <centralcluster> Done

Job <bash -c "basf2 etapip_gg_fit_v6_toymc_100.py 155 > /home/belle2/jaeyoung/storage_ghi/Ntuples_ghi_2/MC15ri_generic/MC15ri_etaetapip_tight_v2_240419_Kp_BCS_etapi0const/bsub_log//MC15ri_etapip_gg_fitv6_toyMC_100_155.log"> was submitted from host <ccw06> by user <jaeyoung> in cluster <centralcluster> at Mon Jul 22 10:48:19 2024
Job was executed on host(s) <ccb535>, in queue <s>, as user <jaeyoung> in cluster <centralcluster> at Mon Jul 22 10:48:26 2024
</home/belle2/jaeyoung> was used as the home directory.
</home/belle2/jaeyoung/workspace/DRAW_and_FITTING/main/FITTING/etapip/MC15ri_generic/tight_v2_fit_v6/ToyMC> was used as the working directory.
Started at Mon Jul 22 10:48:26 2024
Terminated at Mon Jul 22 11:36:21 2024
Results reported at Mon Jul 22 11:36:21 2024

Your job looked like:

------------------------------------------------------------
# LSBATCH: User input
bash -c "basf2 etapip_gg_fit_v6_toymc_100.py 155 > /home/belle2/jaeyoung/storage_ghi/Ntuples_ghi_2/MC15ri_generic/MC15ri_etaetapip_tight_v2_240419_Kp_BCS_etapi0const/bsub_log//MC15ri_etapip_gg_fitv6_toyMC_100_155.log"
------------------------------------------------------------

Successfully completed.

Resource usage summary:

    CPU time :                                   2865.62 sec.
    Max Memory :                                 1311 MB
    Average Memory :                             948.59 MB
    Total Requested Memory :                     4000.00 MB
    Delta Memory :                               2689.00 MB
    Max Swap :                                   -
    Max Processes :                              19
    Max Threads :                                20
    Run time :                                   2875 sec.
    Turnaround time :                            2882 sec.

The output (if any) follows:



PS:

Read file <./bsub_log/155.err> for stderr output of this job.

Sender: LSF System <lsfadmin@ccb158>
Subject: Job 53598702: <bash -c "basf2 etapip_gg_fit_v6_toymc_100.py 155 > /home/belle2/jaeyoung/storage_ghi/Ntuples_ghi_2/MC15ri_generic/MC15ri_etaetapip_tight_v2_240419_Kp_BCS_etapi0const/bsub_log//MC15ri_etapip_gg_fitv6_toyMC_100_155.log"> in cluster <centralcluster> Done

Job <bash -c "basf2 etapip_gg_fit_v6_toymc_100.py 155 > /home/belle2/jaeyoung/storage_ghi/Ntuples_ghi_2/MC15ri_generic/MC15ri_etaetapip_tight_v2_240419_Kp_BCS_etapi0const/bsub_log//MC15ri_etapip_gg_fitv6_toyMC_100_155.log"> was submitted from host <ccw03> by user <jaeyoung> in cluster <centralcluster> at Mon Jul 22 18:34:24 2024
Job was executed on host(s) <ccb158>, in queue <s>, as user <jaeyoung> in cluster <centralcluster> at Mon Jul 22 18:34:42 2024
</home/belle2/jaeyoung> was used as the home directory.
</home/belle2/jaeyoung/workspace/DRAW_and_FITTING/main/FITTING/etapip/MC15ri_generic/tight_v2_fit_v6/ToyMC> was used as the working directory.
Started at Mon Jul 22 18:34:42 2024
Terminated at Mon Jul 22 19:22:13 2024
Results reported at Mon Jul 22 19:22:13 2024

Your job looked like:

------------------------------------------------------------
# LSBATCH: User input
bash -c "basf2 etapip_gg_fit_v6_toymc_100.py 155 > /home/belle2/jaeyoung/storage_ghi/Ntuples_ghi_2/MC15ri_generic/MC15ri_etaetapip_tight_v2_240419_Kp_BCS_etapi0const/bsub_log//MC15ri_etapip_gg_fitv6_toyMC_100_155.log"
------------------------------------------------------------

Successfully completed.

Resource usage summary:

    CPU time :                                   2832.86 sec.
    Max Memory :                                 1311 MB
    Average Memory :                             951.41 MB
    Total Requested Memory :                     4000.00 MB
    Delta Memory :                               2689.00 MB
    Max Swap :                                   -
    Max Processes :                              19
    Max Threads :                                20
    Run time :                                   2851 sec.
    Turnaround time :                            2869 sec.

The output (if any) follows:



PS:

Read file <./bsub_log/155.err> for stderr output of this job.

Sender: LSF System <lsfadmin@ccb273>
Subject: Job 53831768: <bash -c "basf2 etapip_gg_fit_v6_toymc_100.py 155 > /home/belle2/jaeyoung/storage_ghi/Ntuples_ghi_2/MC15ri_generic/MC15ri_etaetapip_tight_v2_240419_Kp_BCS_etapi0const/bsub_log//MC15ri_etapip_gg_fitv6_toyMC_100_155.log"> in cluster <centralcluster> Done

Job <bash -c "basf2 etapip_gg_fit_v6_toymc_100.py 155 > /home/belle2/jaeyoung/storage_ghi/Ntuples_ghi_2/MC15ri_generic/MC15ri_etaetapip_tight_v2_240419_Kp_BCS_etapi0const/bsub_log//MC15ri_etapip_gg_fitv6_toyMC_100_155.log"> was submitted from host <ccw05> by user <jaeyoung> in cluster <centralcluster> at Tue Jul 23 00:49:09 2024
Job was executed on host(s) <ccb273>, in queue <s>, as user <jaeyoung> in cluster <centralcluster> at Tue Jul 23 00:49:30 2024
</home/belle2/jaeyoung> was used as the home directory.
</home/belle2/jaeyoung/workspace/DRAW_and_FITTING/main/FITTING/etapip/MC15ri_generic/tight_v2_fit_v6/ToyMC> was used as the working directory.
Started at Tue Jul 23 00:49:30 2024
Terminated at Tue Jul 23 01:35:45 2024
Results reported at Tue Jul 23 01:35:45 2024

Your job looked like:

------------------------------------------------------------
# LSBATCH: User input
bash -c "basf2 etapip_gg_fit_v6_toymc_100.py 155 > /home/belle2/jaeyoung/storage_ghi/Ntuples_ghi_2/MC15ri_generic/MC15ri_etaetapip_tight_v2_240419_Kp_BCS_etapi0const/bsub_log//MC15ri_etapip_gg_fitv6_toyMC_100_155.log"
------------------------------------------------------------

Successfully completed.

Resource usage summary:

    CPU time :                                   2764.78 sec.
    Max Memory :                                 1311 MB
    Average Memory :                             964.69 MB
    Total Requested Memory :                     4000.00 MB
    Delta Memory :                               2689.00 MB
    Max Swap :                                   -
    Max Processes :                              19
    Max Threads :                                20
    Run time :                                   2775 sec.
    Turnaround time :                            2796 sec.

The output (if any) follows:



PS:

Read file <./bsub_log/155.err> for stderr output of this job.

Sender: LSF System <lsfadmin@ccb266>
Subject: Job 54397113: <bash -c "basf2 etapip_gg_fit_v6_toymc_100.py 155 > /home/belle2/jaeyoung/storage_ghi/Ntuples_ghi_2/MC15ri_generic/MC15ri_etaetapip_tight_v2_240419_Kp_BCS_etapi0const/bsub_log//MC15ri_etapip_gg_fitv6_toyMC_100_155.log"> in cluster <centralcluster> Done

Job <bash -c "basf2 etapip_gg_fit_v6_toymc_100.py 155 > /home/belle2/jaeyoung/storage_ghi/Ntuples_ghi_2/MC15ri_generic/MC15ri_etaetapip_tight_v2_240419_Kp_BCS_etapi0const/bsub_log//MC15ri_etapip_gg_fitv6_toyMC_100_155.log"> was submitted from host <ccw04> by user <jaeyoung> in cluster <centralcluster> at Tue Jul 23 17:58:28 2024
Job was executed on host(s) <ccb266>, in queue <s>, as user <jaeyoung> in cluster <centralcluster> at Tue Jul 23 18:24:29 2024
</home/belle2/jaeyoung> was used as the home directory.
</home/belle2/jaeyoung/workspace/DRAW_and_FITTING/main/FITTING/etapip/MC15ri_generic/tight_v2_fit_v6/ToyMC> was used as the working directory.
Started at Tue Jul 23 18:24:29 2024
Terminated at Tue Jul 23 19:10:57 2024
Results reported at Tue Jul 23 19:10:57 2024

Your job looked like:

------------------------------------------------------------
# LSBATCH: User input
bash -c "basf2 etapip_gg_fit_v6_toymc_100.py 155 > /home/belle2/jaeyoung/storage_ghi/Ntuples_ghi_2/MC15ri_generic/MC15ri_etaetapip_tight_v2_240419_Kp_BCS_etapi0const/bsub_log//MC15ri_etapip_gg_fitv6_toyMC_100_155.log"
------------------------------------------------------------

Successfully completed.

Resource usage summary:

    CPU time :                                   2778.66 sec.
    Max Memory :                                 1374 MB
    Average Memory :                             976.55 MB
    Total Requested Memory :                     4000.00 MB
    Delta Memory :                               2626.00 MB
    Max Swap :                                   -
    Max Processes :                              19
    Max Threads :                                20
    Run time :                                   2789 sec.
    Turnaround time :                            4349 sec.

The output (if any) follows:



PS:

Read file <./bsub_log/155.err> for stderr output of this job.

