Sender: LSF System <lsfadmin@ccb100>
Subject: Job 52359239: <bash -c "basf2 etapip_gg_fit_v6_toymc_100.py 159 > /home/belle2/jaeyoung/storage_ghi/Ntuples_ghi_2/MC15ri_generic/MC15ri_etaetapip_tight_v2_240419_Kp_BCS_etapi0const/bsub_log//MC15ri_etapip_gg_fitv6_toyMC_100_159.log"> in cluster <centralcluster> Done

Job <bash -c "basf2 etapip_gg_fit_v6_toymc_100.py 159 > /home/belle2/jaeyoung/storage_ghi/Ntuples_ghi_2/MC15ri_generic/MC15ri_etaetapip_tight_v2_240419_Kp_BCS_etapi0const/bsub_log//MC15ri_etapip_gg_fitv6_toyMC_100_159.log"> was submitted from host <ccw02> by user <jaeyoung> in cluster <centralcluster> at Sat Jul 20 14:38:58 2024
Job was executed on host(s) <ccb100>, in queue <s>, as user <jaeyoung> in cluster <centralcluster> at Sat Jul 20 14:40:02 2024
</home/belle2/jaeyoung> was used as the home directory.
</home/belle2/jaeyoung/workspace/DRAW_and_FITTING/main/FITTING/etapip/MC15ri_generic/tight_v2_fit_v6/ToyMC> was used as the working directory.
Started at Sat Jul 20 14:40:02 2024
Terminated at Sat Jul 20 15:30:45 2024
Results reported at Sat Jul 20 15:30:45 2024

Your job looked like:

------------------------------------------------------------
# LSBATCH: User input
bash -c "basf2 etapip_gg_fit_v6_toymc_100.py 159 > /home/belle2/jaeyoung/storage_ghi/Ntuples_ghi_2/MC15ri_generic/MC15ri_etaetapip_tight_v2_240419_Kp_BCS_etapi0const/bsub_log//MC15ri_etapip_gg_fitv6_toyMC_100_159.log"
------------------------------------------------------------

Successfully completed.

Resource usage summary:

    CPU time :                                   3021.59 sec.
    Max Memory :                                 1312 MB
    Average Memory :                             954.71 MB
    Total Requested Memory :                     4000.00 MB
    Delta Memory :                               2688.00 MB
    Max Swap :                                   -
    Max Processes :                              19
    Max Threads :                                20
    Run time :                                   3042 sec.
    Turnaround time :                            3107 sec.

The output (if any) follows:



PS:

Read file <./bsub_log/159.err> for stderr output of this job.

Sender: LSF System <lsfadmin@ccb033>
Subject: Job 53029605: <bash -c "basf2 etapip_gg_fit_v6_toymc_100.py 159 > /home/belle2/jaeyoung/storage_ghi/Ntuples_ghi_2/MC15ri_generic/MC15ri_etaetapip_tight_v2_240419_Kp_BCS_etapi0const/bsub_log//MC15ri_etapip_gg_fitv6_toyMC_100_159.log"> in cluster <centralcluster> Done

Job <bash -c "basf2 etapip_gg_fit_v6_toymc_100.py 159 > /home/belle2/jaeyoung/storage_ghi/Ntuples_ghi_2/MC15ri_generic/MC15ri_etaetapip_tight_v2_240419_Kp_BCS_etapi0const/bsub_log//MC15ri_etapip_gg_fitv6_toyMC_100_159.log"> was submitted from host <ccw03> by user <jaeyoung> in cluster <centralcluster> at Sun Jul 21 17:30:22 2024
Job was executed on host(s) <ccb033>, in queue <s>, as user <jaeyoung> in cluster <centralcluster> at Sun Jul 21 17:30:51 2024
</home/belle2/jaeyoung> was used as the home directory.
</home/belle2/jaeyoung/workspace/DRAW_and_FITTING/main/FITTING/etapip/MC15ri_generic/tight_v2_fit_v6/ToyMC> was used as the working directory.
Started at Sun Jul 21 17:30:51 2024
Terminated at Sun Jul 21 18:18:36 2024
Results reported at Sun Jul 21 18:18:36 2024

Your job looked like:

------------------------------------------------------------
# LSBATCH: User input
bash -c "basf2 etapip_gg_fit_v6_toymc_100.py 159 > /home/belle2/jaeyoung/storage_ghi/Ntuples_ghi_2/MC15ri_generic/MC15ri_etaetapip_tight_v2_240419_Kp_BCS_etapi0const/bsub_log//MC15ri_etapip_gg_fitv6_toyMC_100_159.log"
------------------------------------------------------------

Successfully completed.

Resource usage summary:

    CPU time :                                   2827.38 sec.
    Max Memory :                                 1311 MB
    Average Memory :                             917.57 MB
    Total Requested Memory :                     4000.00 MB
    Delta Memory :                               2689.00 MB
    Max Swap :                                   -
    Max Processes :                              19
    Max Threads :                                20
    Run time :                                   2864 sec.
    Turnaround time :                            2894 sec.

The output (if any) follows:



PS:

Read file <./bsub_log/159.err> for stderr output of this job.

Sender: LSF System <lsfadmin@ccb028>
Subject: Job 53202256: <bash -c "basf2 etapip_gg_fit_v6_toymc_100.py 159 > /home/belle2/jaeyoung/storage_ghi/Ntuples_ghi_2/MC15ri_generic/MC15ri_etaetapip_tight_v2_240419_Kp_BCS_etapi0const/bsub_log//MC15ri_etapip_gg_fitv6_toyMC_100_159.log"> in cluster <centralcluster> Exited

Job <bash -c "basf2 etapip_gg_fit_v6_toymc_100.py 159 > /home/belle2/jaeyoung/storage_ghi/Ntuples_ghi_2/MC15ri_generic/MC15ri_etaetapip_tight_v2_240419_Kp_BCS_etapi0const/bsub_log//MC15ri_etapip_gg_fitv6_toyMC_100_159.log"> was submitted from host <ccw03> by user <jaeyoung> in cluster <centralcluster> at Mon Jul 22 00:49:23 2024
Job was executed on host(s) <ccb028>, in queue <s>, as user <jaeyoung> in cluster <centralcluster> at Mon Jul 22 00:49:48 2024
</home/belle2/jaeyoung> was used as the home directory.
</home/belle2/jaeyoung/workspace/DRAW_and_FITTING/main/FITTING/etapip/MC15ri_generic/tight_v2_fit_v6/ToyMC> was used as the working directory.
Started at Mon Jul 22 00:49:48 2024
Terminated at Mon Jul 22 01:06:52 2024
Results reported at Mon Jul 22 01:06:52 2024

Your job looked like:

------------------------------------------------------------
# LSBATCH: User input
bash -c "basf2 etapip_gg_fit_v6_toymc_100.py 159 > /home/belle2/jaeyoung/storage_ghi/Ntuples_ghi_2/MC15ri_generic/MC15ri_etaetapip_tight_v2_240419_Kp_BCS_etapi0const/bsub_log//MC15ri_etapip_gg_fitv6_toyMC_100_159.log"
------------------------------------------------------------

Exited with exit code 1.

Resource usage summary:

    CPU time :                                   1018.25 sec.
    Max Memory :                                 1257 MB
    Average Memory :                             1175.79 MB
    Total Requested Memory :                     4000.00 MB
    Delta Memory :                               2743.00 MB
    Max Swap :                                   -
    Max Processes :                              19
    Max Threads :                                20
    Run time :                                   1023 sec.
    Turnaround time :                            1049 sec.

The output (if any) follows:



PS:

Read file <./bsub_log/159.err> for stderr output of this job.

Sender: LSF System <lsfadmin@ccb208>
Subject: Job 53406720: <bash -c "basf2 etapip_gg_fit_v6_toymc_100.py 159 > /home/belle2/jaeyoung/storage_ghi/Ntuples_ghi_2/MC15ri_generic/MC15ri_etaetapip_tight_v2_240419_Kp_BCS_etapi0const/bsub_log//MC15ri_etapip_gg_fitv6_toyMC_100_159.log"> in cluster <centralcluster> Done

Job <bash -c "basf2 etapip_gg_fit_v6_toymc_100.py 159 > /home/belle2/jaeyoung/storage_ghi/Ntuples_ghi_2/MC15ri_generic/MC15ri_etaetapip_tight_v2_240419_Kp_BCS_etapi0const/bsub_log//MC15ri_etapip_gg_fitv6_toyMC_100_159.log"> was submitted from host <ccw06> by user <jaeyoung> in cluster <centralcluster> at Mon Jul 22 10:48:20 2024
Job was executed on host(s) <ccb208>, in queue <s>, as user <jaeyoung> in cluster <centralcluster> at Mon Jul 22 10:48:27 2024
</home/belle2/jaeyoung> was used as the home directory.
</home/belle2/jaeyoung/workspace/DRAW_and_FITTING/main/FITTING/etapip/MC15ri_generic/tight_v2_fit_v6/ToyMC> was used as the working directory.
Started at Mon Jul 22 10:48:27 2024
Terminated at Mon Jul 22 11:37:12 2024
Results reported at Mon Jul 22 11:37:12 2024

Your job looked like:

------------------------------------------------------------
# LSBATCH: User input
bash -c "basf2 etapip_gg_fit_v6_toymc_100.py 159 > /home/belle2/jaeyoung/storage_ghi/Ntuples_ghi_2/MC15ri_generic/MC15ri_etaetapip_tight_v2_240419_Kp_BCS_etapi0const/bsub_log//MC15ri_etapip_gg_fitv6_toyMC_100_159.log"
------------------------------------------------------------

Successfully completed.

Resource usage summary:

    CPU time :                                   2884.06 sec.
    Max Memory :                                 1315 MB
    Average Memory :                             943.89 MB
    Total Requested Memory :                     4000.00 MB
    Delta Memory :                               2685.00 MB
    Max Swap :                                   -
    Max Processes :                              19
    Max Threads :                                20
    Run time :                                   2925 sec.
    Turnaround time :                            2932 sec.

The output (if any) follows:



PS:

Read file <./bsub_log/159.err> for stderr output of this job.

Sender: LSF System <lsfadmin@ccb557>
Subject: Job 53598715: <bash -c "basf2 etapip_gg_fit_v6_toymc_100.py 159 > /home/belle2/jaeyoung/storage_ghi/Ntuples_ghi_2/MC15ri_generic/MC15ri_etaetapip_tight_v2_240419_Kp_BCS_etapi0const/bsub_log//MC15ri_etapip_gg_fitv6_toyMC_100_159.log"> in cluster <centralcluster> Done

Job <bash -c "basf2 etapip_gg_fit_v6_toymc_100.py 159 > /home/belle2/jaeyoung/storage_ghi/Ntuples_ghi_2/MC15ri_generic/MC15ri_etaetapip_tight_v2_240419_Kp_BCS_etapi0const/bsub_log//MC15ri_etapip_gg_fitv6_toyMC_100_159.log"> was submitted from host <ccw03> by user <jaeyoung> in cluster <centralcluster> at Mon Jul 22 18:34:25 2024
Job was executed on host(s) <ccb557>, in queue <s>, as user <jaeyoung> in cluster <centralcluster> at Mon Jul 22 18:35:16 2024
</home/belle2/jaeyoung> was used as the home directory.
</home/belle2/jaeyoung/workspace/DRAW_and_FITTING/main/FITTING/etapip/MC15ri_generic/tight_v2_fit_v6/ToyMC> was used as the working directory.
Started at Mon Jul 22 18:35:16 2024
Terminated at Mon Jul 22 19:20:18 2024
Results reported at Mon Jul 22 19:20:18 2024

Your job looked like:

------------------------------------------------------------
# LSBATCH: User input
bash -c "basf2 etapip_gg_fit_v6_toymc_100.py 159 > /home/belle2/jaeyoung/storage_ghi/Ntuples_ghi_2/MC15ri_generic/MC15ri_etaetapip_tight_v2_240419_Kp_BCS_etapi0const/bsub_log//MC15ri_etapip_gg_fitv6_toyMC_100_159.log"
------------------------------------------------------------

Successfully completed.

Resource usage summary:

    CPU time :                                   2692.51 sec.
    Max Memory :                                 1342 MB
    Average Memory :                             966.51 MB
    Total Requested Memory :                     4000.00 MB
    Delta Memory :                               2658.00 MB
    Max Swap :                                   -
    Max Processes :                              19
    Max Threads :                                20
    Run time :                                   2702 sec.
    Turnaround time :                            2753 sec.

The output (if any) follows:



PS:

Read file <./bsub_log/159.err> for stderr output of this job.

Sender: LSF System <lsfadmin@ccb279>
Subject: Job 53831785: <bash -c "basf2 etapip_gg_fit_v6_toymc_100.py 159 > /home/belle2/jaeyoung/storage_ghi/Ntuples_ghi_2/MC15ri_generic/MC15ri_etaetapip_tight_v2_240419_Kp_BCS_etapi0const/bsub_log//MC15ri_etapip_gg_fitv6_toyMC_100_159.log"> in cluster <centralcluster> Done

Job <bash -c "basf2 etapip_gg_fit_v6_toymc_100.py 159 > /home/belle2/jaeyoung/storage_ghi/Ntuples_ghi_2/MC15ri_generic/MC15ri_etaetapip_tight_v2_240419_Kp_BCS_etapi0const/bsub_log//MC15ri_etapip_gg_fitv6_toyMC_100_159.log"> was submitted from host <ccw05> by user <jaeyoung> in cluster <centralcluster> at Tue Jul 23 00:49:11 2024
Job was executed on host(s) <ccb279>, in queue <s>, as user <jaeyoung> in cluster <centralcluster> at Tue Jul 23 00:49:33 2024
</home/belle2/jaeyoung> was used as the home directory.
</home/belle2/jaeyoung/workspace/DRAW_and_FITTING/main/FITTING/etapip/MC15ri_generic/tight_v2_fit_v6/ToyMC> was used as the working directory.
Started at Tue Jul 23 00:49:33 2024
Terminated at Tue Jul 23 01:34:47 2024
Results reported at Tue Jul 23 01:34:47 2024

Your job looked like:

------------------------------------------------------------
# LSBATCH: User input
bash -c "basf2 etapip_gg_fit_v6_toymc_100.py 159 > /home/belle2/jaeyoung/storage_ghi/Ntuples_ghi_2/MC15ri_generic/MC15ri_etaetapip_tight_v2_240419_Kp_BCS_etapi0const/bsub_log//MC15ri_etapip_gg_fitv6_toyMC_100_159.log"
------------------------------------------------------------

Successfully completed.

Resource usage summary:

    CPU time :                                   2678.30 sec.
    Max Memory :                                 1311 MB
    Average Memory :                             960.23 MB
    Total Requested Memory :                     4000.00 MB
    Delta Memory :                               2689.00 MB
    Max Swap :                                   -
    Max Processes :                              19
    Max Threads :                                20
    Run time :                                   2714 sec.
    Turnaround time :                            2736 sec.

The output (if any) follows:



PS:

Read file <./bsub_log/159.err> for stderr output of this job.

Sender: LSF System <lsfadmin@ccb040>
Subject: Job 54397143: <bash -c "basf2 etapip_gg_fit_v6_toymc_100.py 159 > /home/belle2/jaeyoung/storage_ghi/Ntuples_ghi_2/MC15ri_generic/MC15ri_etaetapip_tight_v2_240419_Kp_BCS_etapi0const/bsub_log//MC15ri_etapip_gg_fitv6_toyMC_100_159.log"> in cluster <centralcluster> Done

Job <bash -c "basf2 etapip_gg_fit_v6_toymc_100.py 159 > /home/belle2/jaeyoung/storage_ghi/Ntuples_ghi_2/MC15ri_generic/MC15ri_etaetapip_tight_v2_240419_Kp_BCS_etapi0const/bsub_log//MC15ri_etapip_gg_fitv6_toyMC_100_159.log"> was submitted from host <ccw04> by user <jaeyoung> in cluster <centralcluster> at Tue Jul 23 17:58:29 2024
Job was executed on host(s) <ccb040>, in queue <s>, as user <jaeyoung> in cluster <centralcluster> at Tue Jul 23 18:24:29 2024
</home/belle2/jaeyoung> was used as the home directory.
</home/belle2/jaeyoung/workspace/DRAW_and_FITTING/main/FITTING/etapip/MC15ri_generic/tight_v2_fit_v6/ToyMC> was used as the working directory.
Started at Tue Jul 23 18:24:29 2024
Terminated at Tue Jul 23 19:11:56 2024
Results reported at Tue Jul 23 19:11:56 2024

Your job looked like:

------------------------------------------------------------
# LSBATCH: User input
bash -c "basf2 etapip_gg_fit_v6_toymc_100.py 159 > /home/belle2/jaeyoung/storage_ghi/Ntuples_ghi_2/MC15ri_generic/MC15ri_etaetapip_tight_v2_240419_Kp_BCS_etapi0const/bsub_log//MC15ri_etapip_gg_fitv6_toyMC_100_159.log"
------------------------------------------------------------

Successfully completed.

Resource usage summary:

    CPU time :                                   2828.18 sec.
    Max Memory :                                 1314 MB
    Average Memory :                             951.36 MB
    Total Requested Memory :                     4000.00 MB
    Delta Memory :                               2686.00 MB
    Max Swap :                                   -
    Max Processes :                              19
    Max Threads :                                20
    Run time :                                   2847 sec.
    Turnaround time :                            4407 sec.

The output (if any) follows:



PS:

Read file <./bsub_log/159.err> for stderr output of this job.

