Sender: LSF System <lsfadmin@ccb528>
Subject: Job 52359241: <bash -c "basf2 etapip_gg_fit_v6_toymc_100.py 160 > /home/belle2/jaeyoung/storage_ghi/Ntuples_ghi_2/MC15ri_generic/MC15ri_etaetapip_tight_v2_240419_Kp_BCS_etapi0const/bsub_log//MC15ri_etapip_gg_fitv6_toyMC_100_160.log"> in cluster <centralcluster> Done

Job <bash -c "basf2 etapip_gg_fit_v6_toymc_100.py 160 > /home/belle2/jaeyoung/storage_ghi/Ntuples_ghi_2/MC15ri_generic/MC15ri_etaetapip_tight_v2_240419_Kp_BCS_etapi0const/bsub_log//MC15ri_etapip_gg_fitv6_toyMC_100_160.log"> was submitted from host <ccw02> by user <jaeyoung> in cluster <centralcluster> at Sat Jul 20 14:38:58 2024
Job was executed on host(s) <ccb528>, in queue <s>, as user <jaeyoung> in cluster <centralcluster> at Sat Jul 20 14:40:02 2024
</home/belle2/jaeyoung> was used as the home directory.
</home/belle2/jaeyoung/workspace/DRAW_and_FITTING/main/FITTING/etapip/MC15ri_generic/tight_v2_fit_v6/ToyMC> was used as the working directory.
Started at Sat Jul 20 14:40:02 2024
Terminated at Sat Jul 20 15:30:59 2024
Results reported at Sat Jul 20 15:30:59 2024

Your job looked like:

------------------------------------------------------------
# LSBATCH: User input
bash -c "basf2 etapip_gg_fit_v6_toymc_100.py 160 > /home/belle2/jaeyoung/storage_ghi/Ntuples_ghi_2/MC15ri_generic/MC15ri_etaetapip_tight_v2_240419_Kp_BCS_etapi0const/bsub_log//MC15ri_etapip_gg_fitv6_toyMC_100_160.log"
------------------------------------------------------------

Successfully completed.

Resource usage summary:

    CPU time :                                   2946.48 sec.
    Max Memory :                                 1327 MB
    Average Memory :                             979.37 MB
    Total Requested Memory :                     4000.00 MB
    Delta Memory :                               2673.00 MB
    Max Swap :                                   -
    Max Processes :                              19
    Max Threads :                                20
    Run time :                                   3058 sec.
    Turnaround time :                            3121 sec.

The output (if any) follows:



PS:

Read file <./bsub_log/160.err> for stderr output of this job.

Sender: LSF System <lsfadmin@ccb151>
Subject: Job 53029610: <bash -c "basf2 etapip_gg_fit_v6_toymc_100.py 160 > /home/belle2/jaeyoung/storage_ghi/Ntuples_ghi_2/MC15ri_generic/MC15ri_etaetapip_tight_v2_240419_Kp_BCS_etapi0const/bsub_log//MC15ri_etapip_gg_fitv6_toyMC_100_160.log"> in cluster <centralcluster> Done

Job <bash -c "basf2 etapip_gg_fit_v6_toymc_100.py 160 > /home/belle2/jaeyoung/storage_ghi/Ntuples_ghi_2/MC15ri_generic/MC15ri_etaetapip_tight_v2_240419_Kp_BCS_etapi0const/bsub_log//MC15ri_etapip_gg_fitv6_toyMC_100_160.log"> was submitted from host <ccw03> by user <jaeyoung> in cluster <centralcluster> at Sun Jul 21 17:30:23 2024
Job was executed on host(s) <ccb151>, in queue <s>, as user <jaeyoung> in cluster <centralcluster> at Sun Jul 21 17:30:51 2024
</home/belle2/jaeyoung> was used as the home directory.
</home/belle2/jaeyoung/workspace/DRAW_and_FITTING/main/FITTING/etapip/MC15ri_generic/tight_v2_fit_v6/ToyMC> was used as the working directory.
Started at Sun Jul 21 17:30:51 2024
Terminated at Sun Jul 21 18:19:55 2024
Results reported at Sun Jul 21 18:19:55 2024

Your job looked like:

------------------------------------------------------------
# LSBATCH: User input
bash -c "basf2 etapip_gg_fit_v6_toymc_100.py 160 > /home/belle2/jaeyoung/storage_ghi/Ntuples_ghi_2/MC15ri_generic/MC15ri_etaetapip_tight_v2_240419_Kp_BCS_etapi0const/bsub_log//MC15ri_etapip_gg_fitv6_toyMC_100_160.log"
------------------------------------------------------------

Successfully completed.

Resource usage summary:

    CPU time :                                   2878.86 sec.
    Max Memory :                                 1311 MB
    Average Memory :                             932.34 MB
    Total Requested Memory :                     4000.00 MB
    Delta Memory :                               2689.00 MB
    Max Swap :                                   -
    Max Processes :                              19
    Max Threads :                                20
    Run time :                                   2944 sec.
    Turnaround time :                            2972 sec.

The output (if any) follows:



PS:

Read file <./bsub_log/160.err> for stderr output of this job.

Sender: LSF System <lsfadmin@ccb203>
Subject: Job 53202259: <bash -c "basf2 etapip_gg_fit_v6_toymc_100.py 160 > /home/belle2/jaeyoung/storage_ghi/Ntuples_ghi_2/MC15ri_generic/MC15ri_etaetapip_tight_v2_240419_Kp_BCS_etapi0const/bsub_log//MC15ri_etapip_gg_fitv6_toyMC_100_160.log"> in cluster <centralcluster> Exited

Job <bash -c "basf2 etapip_gg_fit_v6_toymc_100.py 160 > /home/belle2/jaeyoung/storage_ghi/Ntuples_ghi_2/MC15ri_generic/MC15ri_etaetapip_tight_v2_240419_Kp_BCS_etapi0const/bsub_log//MC15ri_etapip_gg_fitv6_toyMC_100_160.log"> was submitted from host <ccw03> by user <jaeyoung> in cluster <centralcluster> at Mon Jul 22 00:49:24 2024
Job was executed on host(s) <ccb203>, in queue <s>, as user <jaeyoung> in cluster <centralcluster> at Mon Jul 22 00:49:48 2024
</home/belle2/jaeyoung> was used as the home directory.
</home/belle2/jaeyoung/workspace/DRAW_and_FITTING/main/FITTING/etapip/MC15ri_generic/tight_v2_fit_v6/ToyMC> was used as the working directory.
Started at Mon Jul 22 00:49:48 2024
Terminated at Mon Jul 22 01:07:00 2024
Results reported at Mon Jul 22 01:07:00 2024

Your job looked like:

------------------------------------------------------------
# LSBATCH: User input
bash -c "basf2 etapip_gg_fit_v6_toymc_100.py 160 > /home/belle2/jaeyoung/storage_ghi/Ntuples_ghi_2/MC15ri_generic/MC15ri_etaetapip_tight_v2_240419_Kp_BCS_etapi0const/bsub_log//MC15ri_etapip_gg_fitv6_toyMC_100_160.log"
------------------------------------------------------------

Exited with exit code 1.

Resource usage summary:

    CPU time :                                   1026.24 sec.
    Max Memory :                                 1255 MB
    Average Memory :                             1169.25 MB
    Total Requested Memory :                     4000.00 MB
    Delta Memory :                               2745.00 MB
    Max Swap :                                   -
    Max Processes :                              19
    Max Threads :                                20
    Run time :                                   1033 sec.
    Turnaround time :                            1056 sec.

The output (if any) follows:



PS:

Read file <./bsub_log/160.err> for stderr output of this job.

Sender: LSF System <lsfadmin@ccb247>
Subject: Job 53406722: <bash -c "basf2 etapip_gg_fit_v6_toymc_100.py 160 > /home/belle2/jaeyoung/storage_ghi/Ntuples_ghi_2/MC15ri_generic/MC15ri_etaetapip_tight_v2_240419_Kp_BCS_etapi0const/bsub_log//MC15ri_etapip_gg_fitv6_toyMC_100_160.log"> in cluster <centralcluster> Done

Job <bash -c "basf2 etapip_gg_fit_v6_toymc_100.py 160 > /home/belle2/jaeyoung/storage_ghi/Ntuples_ghi_2/MC15ri_generic/MC15ri_etaetapip_tight_v2_240419_Kp_BCS_etapi0const/bsub_log//MC15ri_etapip_gg_fitv6_toyMC_100_160.log"> was submitted from host <ccw06> by user <jaeyoung> in cluster <centralcluster> at Mon Jul 22 10:48:21 2024
Job was executed on host(s) <ccb247>, in queue <s>, as user <jaeyoung> in cluster <centralcluster> at Mon Jul 22 10:48:27 2024
</home/belle2/jaeyoung> was used as the home directory.
</home/belle2/jaeyoung/workspace/DRAW_and_FITTING/main/FITTING/etapip/MC15ri_generic/tight_v2_fit_v6/ToyMC> was used as the working directory.
Started at Mon Jul 22 10:48:27 2024
Terminated at Mon Jul 22 11:34:12 2024
Results reported at Mon Jul 22 11:34:12 2024

Your job looked like:

------------------------------------------------------------
# LSBATCH: User input
bash -c "basf2 etapip_gg_fit_v6_toymc_100.py 160 > /home/belle2/jaeyoung/storage_ghi/Ntuples_ghi_2/MC15ri_generic/MC15ri_etaetapip_tight_v2_240419_Kp_BCS_etapi0const/bsub_log//MC15ri_etapip_gg_fitv6_toyMC_100_160.log"
------------------------------------------------------------

Successfully completed.

Resource usage summary:

    CPU time :                                   2718.60 sec.
    Max Memory :                                 1311 MB
    Average Memory :                             950.20 MB
    Total Requested Memory :                     4000.00 MB
    Delta Memory :                               2689.00 MB
    Max Swap :                                   -
    Max Processes :                              19
    Max Threads :                                20
    Run time :                                   2745 sec.
    Turnaround time :                            2751 sec.

The output (if any) follows:



PS:

Read file <./bsub_log/160.err> for stderr output of this job.

Sender: LSF System <lsfadmin@ccb220>
Subject: Job 53598718: <bash -c "basf2 etapip_gg_fit_v6_toymc_100.py 160 > /home/belle2/jaeyoung/storage_ghi/Ntuples_ghi_2/MC15ri_generic/MC15ri_etaetapip_tight_v2_240419_Kp_BCS_etapi0const/bsub_log//MC15ri_etapip_gg_fitv6_toyMC_100_160.log"> in cluster <centralcluster> Done

Job <bash -c "basf2 etapip_gg_fit_v6_toymc_100.py 160 > /home/belle2/jaeyoung/storage_ghi/Ntuples_ghi_2/MC15ri_generic/MC15ri_etaetapip_tight_v2_240419_Kp_BCS_etapi0const/bsub_log//MC15ri_etapip_gg_fitv6_toyMC_100_160.log"> was submitted from host <ccw03> by user <jaeyoung> in cluster <centralcluster> at Mon Jul 22 18:34:25 2024
Job was executed on host(s) <ccb220>, in queue <s>, as user <jaeyoung> in cluster <centralcluster> at Mon Jul 22 18:35:16 2024
</home/belle2/jaeyoung> was used as the home directory.
</home/belle2/jaeyoung/workspace/DRAW_and_FITTING/main/FITTING/etapip/MC15ri_generic/tight_v2_fit_v6/ToyMC> was used as the working directory.
Started at Mon Jul 22 18:35:16 2024
Terminated at Mon Jul 22 19:23:38 2024
Results reported at Mon Jul 22 19:23:38 2024

Your job looked like:

------------------------------------------------------------
# LSBATCH: User input
bash -c "basf2 etapip_gg_fit_v6_toymc_100.py 160 > /home/belle2/jaeyoung/storage_ghi/Ntuples_ghi_2/MC15ri_generic/MC15ri_etaetapip_tight_v2_240419_Kp_BCS_etapi0const/bsub_log//MC15ri_etapip_gg_fitv6_toyMC_100_160.log"
------------------------------------------------------------

Successfully completed.

Resource usage summary:

    CPU time :                                   2890.40 sec.
    Max Memory :                                 1315 MB
    Average Memory :                             950.81 MB
    Total Requested Memory :                     4000.00 MB
    Delta Memory :                               2685.00 MB
    Max Swap :                                   -
    Max Processes :                              19
    Max Threads :                                20
    Run time :                                   2903 sec.
    Turnaround time :                            2953 sec.

The output (if any) follows:



PS:

Read file <./bsub_log/160.err> for stderr output of this job.

Sender: LSF System <lsfadmin@ccb059>
Subject: Job 53831789: <bash -c "basf2 etapip_gg_fit_v6_toymc_100.py 160 > /home/belle2/jaeyoung/storage_ghi/Ntuples_ghi_2/MC15ri_generic/MC15ri_etaetapip_tight_v2_240419_Kp_BCS_etapi0const/bsub_log//MC15ri_etapip_gg_fitv6_toyMC_100_160.log"> in cluster <centralcluster> Done

Job <bash -c "basf2 etapip_gg_fit_v6_toymc_100.py 160 > /home/belle2/jaeyoung/storage_ghi/Ntuples_ghi_2/MC15ri_generic/MC15ri_etaetapip_tight_v2_240419_Kp_BCS_etapi0const/bsub_log//MC15ri_etapip_gg_fitv6_toyMC_100_160.log"> was submitted from host <ccw05> by user <jaeyoung> in cluster <centralcluster> at Tue Jul 23 00:49:11 2024
Job was executed on host(s) <ccb059>, in queue <s>, as user <jaeyoung> in cluster <centralcluster> at Tue Jul 23 00:49:34 2024
</home/belle2/jaeyoung> was used as the home directory.
</home/belle2/jaeyoung/workspace/DRAW_and_FITTING/main/FITTING/etapip/MC15ri_generic/tight_v2_fit_v6/ToyMC> was used as the working directory.
Started at Tue Jul 23 00:49:34 2024
Terminated at Tue Jul 23 01:35:39 2024
Results reported at Tue Jul 23 01:35:39 2024

Your job looked like:

------------------------------------------------------------
# LSBATCH: User input
bash -c "basf2 etapip_gg_fit_v6_toymc_100.py 160 > /home/belle2/jaeyoung/storage_ghi/Ntuples_ghi_2/MC15ri_generic/MC15ri_etaetapip_tight_v2_240419_Kp_BCS_etapi0const/bsub_log//MC15ri_etapip_gg_fitv6_toyMC_100_160.log"
------------------------------------------------------------

Successfully completed.

Resource usage summary:

    CPU time :                                   2724.13 sec.
    Max Memory :                                 1311 MB
    Average Memory :                             949.45 MB
    Total Requested Memory :                     4000.00 MB
    Delta Memory :                               2689.00 MB
    Max Swap :                                   -
    Max Processes :                              19
    Max Threads :                                20
    Run time :                                   2765 sec.
    Turnaround time :                            2788 sec.

The output (if any) follows:



PS:

Read file <./bsub_log/160.err> for stderr output of this job.

Sender: LSF System <lsfadmin@ccb070>
Subject: Job 54397150: <bash -c "basf2 etapip_gg_fit_v6_toymc_100.py 160 > /home/belle2/jaeyoung/storage_ghi/Ntuples_ghi_2/MC15ri_generic/MC15ri_etaetapip_tight_v2_240419_Kp_BCS_etapi0const/bsub_log//MC15ri_etapip_gg_fitv6_toyMC_100_160.log"> in cluster <centralcluster> Done

Job <bash -c "basf2 etapip_gg_fit_v6_toymc_100.py 160 > /home/belle2/jaeyoung/storage_ghi/Ntuples_ghi_2/MC15ri_generic/MC15ri_etaetapip_tight_v2_240419_Kp_BCS_etapi0const/bsub_log//MC15ri_etapip_gg_fitv6_toyMC_100_160.log"> was submitted from host <ccw04> by user <jaeyoung> in cluster <centralcluster> at Tue Jul 23 17:58:30 2024
Job was executed on host(s) <ccb070>, in queue <s>, as user <jaeyoung> in cluster <centralcluster> at Tue Jul 23 18:24:29 2024
</home/belle2/jaeyoung> was used as the home directory.
</home/belle2/jaeyoung/workspace/DRAW_and_FITTING/main/FITTING/etapip/MC15ri_generic/tight_v2_fit_v6/ToyMC> was used as the working directory.
Started at Tue Jul 23 18:24:29 2024
Terminated at Tue Jul 23 19:10:57 2024
Results reported at Tue Jul 23 19:10:57 2024

Your job looked like:

------------------------------------------------------------
# LSBATCH: User input
bash -c "basf2 etapip_gg_fit_v6_toymc_100.py 160 > /home/belle2/jaeyoung/storage_ghi/Ntuples_ghi_2/MC15ri_generic/MC15ri_etaetapip_tight_v2_240419_Kp_BCS_etapi0const/bsub_log//MC15ri_etapip_gg_fitv6_toyMC_100_160.log"
------------------------------------------------------------

Successfully completed.

Resource usage summary:

    CPU time :                                   2777.43 sec.
    Max Memory :                                 1314 MB
    Average Memory :                             930.46 MB
    Total Requested Memory :                     4000.00 MB
    Delta Memory :                               2686.00 MB
    Max Swap :                                   -
    Max Processes :                              19
    Max Threads :                                20
    Run time :                                   2788 sec.
    Turnaround time :                            4347 sec.

The output (if any) follows:



PS:

Read file <./bsub_log/160.err> for stderr output of this job.

Sender: LSF System <lsfadmin@ccb127>
Subject: Job 54469773: <bash -c "basf2 etapip_gg_fit_v6_toymc_100.py 160 > /home/belle2/jaeyoung/storage_ghi/Ntuples_ghi_2/MC15ri_generic/MC15ri_etaetapip_tight_v2_240419_Kp_BCS_etapi0const/bsub_log//MC15ri_etapip_gg_fitv6_toyMC_100_160.log"> in cluster <centralcluster> Done

Job <bash -c "basf2 etapip_gg_fit_v6_toymc_100.py 160 > /home/belle2/jaeyoung/storage_ghi/Ntuples_ghi_2/MC15ri_generic/MC15ri_etaetapip_tight_v2_240419_Kp_BCS_etapi0const/bsub_log//MC15ri_etapip_gg_fitv6_toyMC_100_160.log"> was submitted from host <ccw03> by user <jaeyoung> in cluster <centralcluster> at Tue Jul 23 19:37:22 2024
Job was executed on host(s) <ccb127>, in queue <s>, as user <jaeyoung> in cluster <centralcluster> at Tue Jul 23 19:37:23 2024
</home/belle2/jaeyoung> was used as the home directory.
</home/belle2/jaeyoung/workspace/DRAW_and_FITTING/main/FITTING/etapip/MC15ri_generic/tight_v2_fit_v6/ToyMC> was used as the working directory.
Started at Tue Jul 23 19:37:23 2024
Terminated at Tue Jul 23 20:24:24 2024
Results reported at Tue Jul 23 20:24:24 2024

Your job looked like:

------------------------------------------------------------
# LSBATCH: User input
bash -c "basf2 etapip_gg_fit_v6_toymc_100.py 160 > /home/belle2/jaeyoung/storage_ghi/Ntuples_ghi_2/MC15ri_generic/MC15ri_etaetapip_tight_v2_240419_Kp_BCS_etapi0const/bsub_log//MC15ri_etapip_gg_fitv6_toyMC_100_160.log"
------------------------------------------------------------

Successfully completed.

Resource usage summary:

    CPU time :                                   2812.18 sec.
    Max Memory :                                 1315 MB
    Average Memory :                             983.44 MB
    Total Requested Memory :                     4000.00 MB
    Delta Memory :                               2685.00 MB
    Max Swap :                                   -
    Max Processes :                              19
    Max Threads :                                20
    Run time :                                   2822 sec.
    Turnaround time :                            2822 sec.

The output (if any) follows:



PS:

Read file <./bsub_log/160.err> for stderr output of this job.

Sender: LSF System <lsfadmin@ccb147>
Subject: Job 55515572: <bash -c "basf2 etapip_gg_fit_v6_toymc_100.py 160 > /home/belle2/jaeyoung/storage_ghi/Ntuples_ghi_2/MC15ri_generic/MC15ri_etaetapip_tight_v2_240419_Kp_BCS_etapi0const/bsub_log//MC15ri_etapip_gg_fitv6_toyMC_100_160.log"> in cluster <centralcluster> Done

Job <bash -c "basf2 etapip_gg_fit_v6_toymc_100.py 160 > /home/belle2/jaeyoung/storage_ghi/Ntuples_ghi_2/MC15ri_generic/MC15ri_etaetapip_tight_v2_240419_Kp_BCS_etapi0const/bsub_log//MC15ri_etapip_gg_fitv6_toyMC_100_160.log"> was submitted from host <ccw01> by user <jaeyoung> in cluster <centralcluster> at Thu Jul 25 20:50:17 2024
Job was executed on host(s) <ccb147>, in queue <s>, as user <jaeyoung> in cluster <centralcluster> at Thu Jul 25 20:50:18 2024
</home/belle2/jaeyoung> was used as the home directory.
</gpfs/home/belle2/jaeyoung/workspace/DRAW_and_FITTING/main/FITTING/etapip/MC15ri_generic/tight_v2_fit_v6/ToyMC> was used as the working directory.
Started at Thu Jul 25 20:50:18 2024
Terminated at Thu Jul 25 21:38:47 2024
Results reported at Thu Jul 25 21:38:47 2024

Your job looked like:

------------------------------------------------------------
# LSBATCH: User input
bash -c "basf2 etapip_gg_fit_v6_toymc_100.py 160 > /home/belle2/jaeyoung/storage_ghi/Ntuples_ghi_2/MC15ri_generic/MC15ri_etaetapip_tight_v2_240419_Kp_BCS_etapi0const/bsub_log//MC15ri_etapip_gg_fitv6_toyMC_100_160.log"
------------------------------------------------------------

Successfully completed.

Resource usage summary:

    CPU time :                                   2844.98 sec.
    Max Memory :                                 1323 MB
    Average Memory :                             941.94 MB
    Total Requested Memory :                     4000.00 MB
    Delta Memory :                               2677.00 MB
    Max Swap :                                   -
    Max Processes :                              19
    Max Threads :                                20
    Run time :                                   2910 sec.
    Turnaround time :                            2910 sec.

The output (if any) follows:



PS:

Read file <./bsub_log/160.err> for stderr output of this job.

Sender: LSF System <lsfadmin@ccb543>
Subject: Job 56102891: <bash -c "basf2 etapip_gg_fit_v6_toymc_100.py 160 > /home/belle2/jaeyoung/storage_ghi/Ntuples_ghi_2/MC15ri_generic/MC15ri_etaetapip_tight_v2_240419_Kp_BCS_etapi0const/bsub_log//MC15ri_etapip_gg_fitv6_toyMC_100_160.log"> in cluster <centralcluster> Done

Job <bash -c "basf2 etapip_gg_fit_v6_toymc_100.py 160 > /home/belle2/jaeyoung/storage_ghi/Ntuples_ghi_2/MC15ri_generic/MC15ri_etaetapip_tight_v2_240419_Kp_BCS_etapi0const/bsub_log//MC15ri_etapip_gg_fitv6_toyMC_100_160.log"> was submitted from host <ccw06> by user <jaeyoung> in cluster <centralcluster> at Fri Jul 26 23:43:26 2024
Job was executed on host(s) <ccb543>, in queue <s>, as user <jaeyoung> in cluster <centralcluster> at Sat Jul 27 00:16:07 2024
</home/belle2/jaeyoung> was used as the home directory.
</home/belle2/jaeyoung/workspace/DRAW_and_FITTING/main/FITTING/etapip/MC15ri_generic/tight_v2_fit_v6/ToyMC> was used as the working directory.
Started at Sat Jul 27 00:16:07 2024
Terminated at Sat Jul 27 00:51:08 2024
Results reported at Sat Jul 27 00:51:08 2024

Your job looked like:

------------------------------------------------------------
# LSBATCH: User input
bash -c "basf2 etapip_gg_fit_v6_toymc_100.py 160 > /home/belle2/jaeyoung/storage_ghi/Ntuples_ghi_2/MC15ri_generic/MC15ri_etaetapip_tight_v2_240419_Kp_BCS_etapi0const/bsub_log//MC15ri_etapip_gg_fitv6_toyMC_100_160.log"
------------------------------------------------------------

Successfully completed.

Resource usage summary:

    CPU time :                                   2025.62 sec.
    Max Memory :                                 895 MB
    Average Memory :                             651.95 MB
    Total Requested Memory :                     4000.00 MB
    Delta Memory :                               3105.00 MB
    Max Swap :                                   -
    Max Processes :                              19
    Max Threads :                                20
    Run time :                                   2101 sec.
    Turnaround time :                            4062 sec.

The output (if any) follows:



PS:

Read file <./bsub_log/160.err> for stderr output of this job.

Sender: LSF System <lsfadmin@ccb254>
Subject: Job 56133494: <bash -c "basf2 etapip_gg_fit_v6_toymc_100.py 160 > /home/belle2/jaeyoung/storage_ghi/Ntuples_ghi_2/MC15ri_generic/MC15ri_etaetapip_tight_v2_240419_Kp_BCS_etapi0const/bsub_log//MC15ri_etapip_gg_fitv6_toyMC_100_160.log"> in cluster <centralcluster> Done

Job <bash -c "basf2 etapip_gg_fit_v6_toymc_100.py 160 > /home/belle2/jaeyoung/storage_ghi/Ntuples_ghi_2/MC15ri_generic/MC15ri_etaetapip_tight_v2_240419_Kp_BCS_etapi0const/bsub_log//MC15ri_etapip_gg_fitv6_toyMC_100_160.log"> was submitted from host <ccw03> by user <jaeyoung> in cluster <centralcluster> at Sat Jul 27 01:12:51 2024
Job was executed on host(s) <ccb254>, in queue <s>, as user <jaeyoung> in cluster <centralcluster> at Sat Jul 27 03:03:49 2024
</home/belle2/jaeyoung> was used as the home directory.
</gpfs/home/belle2/jaeyoung/workspace/DRAW_and_FITTING/main/FITTING/etapip/MC15ri_generic/tight_v2_fit_v6/ToyMC> was used as the working directory.
Started at Sat Jul 27 03:03:49 2024
Terminated at Sat Jul 27 03:43:09 2024
Results reported at Sat Jul 27 03:43:09 2024

Your job looked like:

------------------------------------------------------------
# LSBATCH: User input
bash -c "basf2 etapip_gg_fit_v6_toymc_100.py 160 > /home/belle2/jaeyoung/storage_ghi/Ntuples_ghi_2/MC15ri_generic/MC15ri_etaetapip_tight_v2_240419_Kp_BCS_etapi0const/bsub_log//MC15ri_etapip_gg_fitv6_toyMC_100_160.log"
------------------------------------------------------------

Successfully completed.

Resource usage summary:

    CPU time :                                   2308.48 sec.
    Max Memory :                                 936 MB
    Average Memory :                             674.27 MB
    Total Requested Memory :                     4000.00 MB
    Delta Memory :                               3064.00 MB
    Max Swap :                                   -
    Max Processes :                              19
    Max Threads :                                20
    Run time :                                   2361 sec.
    Turnaround time :                            9018 sec.

The output (if any) follows:



PS:

Read file <./bsub_log/160.err> for stderr output of this job.

Sender: LSF System <lsfadmin@ccb253>
Subject: Job 57219558: <bash -c "basf2 etapip_gg_fit_v6_toymc_100.py 160 > /home/belle2/jaeyoung/storage_ghi/Ntuples_ghi_2/MC15ri_generic/MC15ri_etaetapip_tight_v2_240419_Kp_BCS_etapi0const/bsub_log//MC15ri_etapip_gg_fitv6_toyMC_100_160.log"> in cluster <centralcluster> Exited

Job <bash -c "basf2 etapip_gg_fit_v6_toymc_100.py 160 > /home/belle2/jaeyoung/storage_ghi/Ntuples_ghi_2/MC15ri_generic/MC15ri_etaetapip_tight_v2_240419_Kp_BCS_etapi0const/bsub_log//MC15ri_etapip_gg_fitv6_toyMC_100_160.log"> was submitted from host <ccx03> by user <jaeyoung> in cluster <centralcluster> at Mon Jul 29 18:44:37 2024
Job was executed on host(s) <ccb253>, in queue <s>, as user <jaeyoung> in cluster <centralcluster> at Mon Jul 29 18:44:38 2024
</home/belle2/jaeyoung> was used as the home directory.
</gpfs/home/belle2/jaeyoung/workspace/DRAW_and_FITTING/main/FITTING/etapip/MC15ri_generic/tight_v2_fit_v6/ToyMC> was used as the working directory.
Started at Mon Jul 29 18:44:38 2024
Terminated at Mon Jul 29 19:47:21 2024
Results reported at Mon Jul 29 19:47:21 2024

Your job looked like:

------------------------------------------------------------
# LSBATCH: User input
bash -c "basf2 etapip_gg_fit_v6_toymc_100.py 160 > /home/belle2/jaeyoung/storage_ghi/Ntuples_ghi_2/MC15ri_generic/MC15ri_etaetapip_tight_v2_240419_Kp_BCS_etapi0const/bsub_log//MC15ri_etapip_gg_fitv6_toyMC_100_160.log"
------------------------------------------------------------

Exited with exit code 1.

Resource usage summary:

    CPU time :                                   3685.05 sec.
    Max Memory :                                 1399 MB
    Average Memory :                             1039.60 MB
    Total Requested Memory :                     4000.00 MB
    Delta Memory :                               2601.00 MB
    Max Swap :                                   2 MB
    Max Processes :                              19
    Max Threads :                                20
    Run time :                                   3764 sec.
    Turnaround time :                            3764 sec.

The output (if any) follows:



PS:

Read file <./bsub_log/160.err> for stderr output of this job.

Sender: LSF System <lsfadmin@ccb196>
Subject: Job 57308120: <bash -c "basf2 etapip_gg_fit_v6_toymc_100.py 160 > /home/belle2/jaeyoung/storage_ghi/Ntuples_ghi_2/MC15ri_generic/MC15ri_etaetapip_tight_v2_240419_Kp_BCS_etapi0const/bsub_log//MC15ri_etapip_gg_fitv6_toyMC_100_160.log"> in cluster <centralcluster> Done

Job <bash -c "basf2 etapip_gg_fit_v6_toymc_100.py 160 > /home/belle2/jaeyoung/storage_ghi/Ntuples_ghi_2/MC15ri_generic/MC15ri_etaetapip_tight_v2_240419_Kp_BCS_etapi0const/bsub_log//MC15ri_etapip_gg_fitv6_toyMC_100_160.log"> was submitted from host <ccw03> by user <jaeyoung> in cluster <centralcluster> at Mon Jul 29 23:02:10 2024
Job was executed on host(s) <ccb196>, in queue <s>, as user <jaeyoung> in cluster <centralcluster> at Mon Jul 29 23:02:57 2024
</home/belle2/jaeyoung> was used as the home directory.
</home/belle2/jaeyoung/workspace/DRAW_and_FITTING/main/FITTING/etapip/MC15ri_generic/tight_v2_fit_v6/ToyMC> was used as the working directory.
Started at Mon Jul 29 23:02:57 2024
Terminated at Tue Jul 30 00:05:28 2024
Results reported at Tue Jul 30 00:05:28 2024

Your job looked like:

------------------------------------------------------------
# LSBATCH: User input
bash -c "basf2 etapip_gg_fit_v6_toymc_100.py 160 > /home/belle2/jaeyoung/storage_ghi/Ntuples_ghi_2/MC15ri_generic/MC15ri_etaetapip_tight_v2_240419_Kp_BCS_etapi0const/bsub_log//MC15ri_etapip_gg_fitv6_toyMC_100_160.log"
------------------------------------------------------------

Successfully completed.

Resource usage summary:

    CPU time :                                   3720.58 sec.
    Max Memory :                                 1454 MB
    Average Memory :                             1053.64 MB
    Total Requested Memory :                     4000.00 MB
    Delta Memory :                               2546.00 MB
    Max Swap :                                   -
    Max Processes :                              19
    Max Threads :                                20
    Run time :                                   3752 sec.
    Turnaround time :                            3798 sec.

The output (if any) follows:



PS:

Read file <./bsub_log/160.err> for stderr output of this job.

Sender: LSF System <lsfadmin@ccb027>
Subject: Job 57389901: <bash -c "basf2 etapip_gg_fit_v6_toymc_100.py 160 > /home/belle2/jaeyoung/storage_ghi/Ntuples_ghi_2/MC15ri_generic/MC15ri_etaetapip_tight_v2_240419_Kp_BCS_etapi0const/bsub_log//MC15ri_etapip_gg_fitv6_toyMC_100_160.log"> in cluster <centralcluster> Done

Job <bash -c "basf2 etapip_gg_fit_v6_toymc_100.py 160 > /home/belle2/jaeyoung/storage_ghi/Ntuples_ghi_2/MC15ri_generic/MC15ri_etaetapip_tight_v2_240419_Kp_BCS_etapi0const/bsub_log//MC15ri_etapip_gg_fitv6_toyMC_100_160.log"> was submitted from host <ccw03> by user <jaeyoung> in cluster <centralcluster> at Tue Jul 30 01:17:01 2024
Job was executed on host(s) <ccb027>, in queue <s>, as user <jaeyoung> in cluster <centralcluster> at Tue Jul 30 01:17:25 2024
</home/belle2/jaeyoung> was used as the home directory.
</home/belle2/jaeyoung/workspace/DRAW_and_FITTING/main/FITTING/etapip/MC15ri_generic/tight_v2_fit_v6/ToyMC> was used as the working directory.
Started at Tue Jul 30 01:17:25 2024
Terminated at Tue Jul 30 02:18:41 2024
Results reported at Tue Jul 30 02:18:41 2024

Your job looked like:

------------------------------------------------------------
# LSBATCH: User input
bash -c "basf2 etapip_gg_fit_v6_toymc_100.py 160 > /home/belle2/jaeyoung/storage_ghi/Ntuples_ghi_2/MC15ri_generic/MC15ri_etaetapip_tight_v2_240419_Kp_BCS_etapi0const/bsub_log//MC15ri_etapip_gg_fitv6_toyMC_100_160.log"
------------------------------------------------------------

Successfully completed.

Resource usage summary:

    CPU time :                                   3636.38 sec.
    Max Memory :                                 1456 MB
    Average Memory :                             1069.48 MB
    Total Requested Memory :                     4000.00 MB
    Delta Memory :                               2544.00 MB
    Max Swap :                                   -
    Max Processes :                              19
    Max Threads :                                20
    Run time :                                   3676 sec.
    Turnaround time :                            3700 sec.

The output (if any) follows:



PS:

Read file <./bsub_log/160.err> for stderr output of this job.

