Sender: LSF System <lsfadmin@ccb091>
Subject: Job 52359258: <bash -c "basf2 etapip_gg_fit_v6_toymc_100.py 168 > /home/belle2/jaeyoung/storage_ghi/Ntuples_ghi_2/MC15ri_generic/MC15ri_etaetapip_tight_v2_240419_Kp_BCS_etapi0const/bsub_log//MC15ri_etapip_gg_fitv6_toyMC_100_168.log"> in cluster <centralcluster> Done

Job <bash -c "basf2 etapip_gg_fit_v6_toymc_100.py 168 > /home/belle2/jaeyoung/storage_ghi/Ntuples_ghi_2/MC15ri_generic/MC15ri_etaetapip_tight_v2_240419_Kp_BCS_etapi0const/bsub_log//MC15ri_etapip_gg_fitv6_toyMC_100_168.log"> was submitted from host <ccw02> by user <jaeyoung> in cluster <centralcluster> at Sat Jul 20 14:39:01 2024
Job was executed on host(s) <ccb091>, in queue <s>, as user <jaeyoung> in cluster <centralcluster> at Sat Jul 20 14:40:14 2024
</home/belle2/jaeyoung> was used as the home directory.
</home/belle2/jaeyoung/workspace/DRAW_and_FITTING/main/FITTING/etapip/MC15ri_generic/tight_v2_fit_v6/ToyMC> was used as the working directory.
Started at Sat Jul 20 14:40:14 2024
Terminated at Sat Jul 20 15:28:16 2024
Results reported at Sat Jul 20 15:28:16 2024

Your job looked like:

------------------------------------------------------------
# LSBATCH: User input
bash -c "basf2 etapip_gg_fit_v6_toymc_100.py 168 > /home/belle2/jaeyoung/storage_ghi/Ntuples_ghi_2/MC15ri_generic/MC15ri_etaetapip_tight_v2_240419_Kp_BCS_etapi0const/bsub_log//MC15ri_etapip_gg_fitv6_toyMC_100_168.log"
------------------------------------------------------------

Successfully completed.

Resource usage summary:

    CPU time :                                   2865.08 sec.
    Max Memory :                                 1311 MB
    Average Memory :                             942.39 MB
    Total Requested Memory :                     4000.00 MB
    Delta Memory :                               2689.00 MB
    Max Swap :                                   -
    Max Processes :                              19
    Max Threads :                                20
    Run time :                                   2883 sec.
    Turnaround time :                            2955 sec.

The output (if any) follows:



PS:

Read file <./bsub_log/168.err> for stderr output of this job.

Sender: LSF System <lsfadmin@ccb233>
Subject: Job 53029640: <bash -c "basf2 etapip_gg_fit_v6_toymc_100.py 168 > /home/belle2/jaeyoung/storage_ghi/Ntuples_ghi_2/MC15ri_generic/MC15ri_etaetapip_tight_v2_240419_Kp_BCS_etapi0const/bsub_log//MC15ri_etapip_gg_fitv6_toyMC_100_168.log"> in cluster <centralcluster> Done

Job <bash -c "basf2 etapip_gg_fit_v6_toymc_100.py 168 > /home/belle2/jaeyoung/storage_ghi/Ntuples_ghi_2/MC15ri_generic/MC15ri_etaetapip_tight_v2_240419_Kp_BCS_etapi0const/bsub_log//MC15ri_etapip_gg_fitv6_toyMC_100_168.log"> was submitted from host <ccw03> by user <jaeyoung> in cluster <centralcluster> at Sun Jul 21 17:30:25 2024
Job was executed on host(s) <ccb233>, in queue <s>, as user <jaeyoung> in cluster <centralcluster> at Sun Jul 21 17:30:54 2024
</home/belle2/jaeyoung> was used as the home directory.
</home/belle2/jaeyoung/workspace/DRAW_and_FITTING/main/FITTING/etapip/MC15ri_generic/tight_v2_fit_v6/ToyMC> was used as the working directory.
Started at Sun Jul 21 17:30:54 2024
Terminated at Sun Jul 21 18:16:44 2024
Results reported at Sun Jul 21 18:16:44 2024

Your job looked like:

------------------------------------------------------------
# LSBATCH: User input
bash -c "basf2 etapip_gg_fit_v6_toymc_100.py 168 > /home/belle2/jaeyoung/storage_ghi/Ntuples_ghi_2/MC15ri_generic/MC15ri_etaetapip_tight_v2_240419_Kp_BCS_etapi0const/bsub_log//MC15ri_etapip_gg_fitv6_toyMC_100_168.log"
------------------------------------------------------------

Successfully completed.

Resource usage summary:

    CPU time :                                   2736.82 sec.
    Max Memory :                                 1311 MB
    Average Memory :                             952.71 MB
    Total Requested Memory :                     4000.00 MB
    Delta Memory :                               2689.00 MB
    Max Swap :                                   -
    Max Processes :                              19
    Max Threads :                                20
    Run time :                                   2750 sec.
    Turnaround time :                            2779 sec.

The output (if any) follows:



PS:

Read file <./bsub_log/168.err> for stderr output of this job.

Sender: LSF System <lsfadmin@ccb073>
Subject: Job 53202276: <bash -c "basf2 etapip_gg_fit_v6_toymc_100.py 168 > /home/belle2/jaeyoung/storage_ghi/Ntuples_ghi_2/MC15ri_generic/MC15ri_etaetapip_tight_v2_240419_Kp_BCS_etapi0const/bsub_log//MC15ri_etapip_gg_fitv6_toyMC_100_168.log"> in cluster <centralcluster> Exited

Job <bash -c "basf2 etapip_gg_fit_v6_toymc_100.py 168 > /home/belle2/jaeyoung/storage_ghi/Ntuples_ghi_2/MC15ri_generic/MC15ri_etaetapip_tight_v2_240419_Kp_BCS_etapi0const/bsub_log//MC15ri_etapip_gg_fitv6_toyMC_100_168.log"> was submitted from host <ccw03> by user <jaeyoung> in cluster <centralcluster> at Mon Jul 22 00:49:27 2024
Job was executed on host(s) <ccb073>, in queue <s>, as user <jaeyoung> in cluster <centralcluster> at Mon Jul 22 00:49:50 2024
</home/belle2/jaeyoung> was used as the home directory.
</home/belle2/jaeyoung/workspace/DRAW_and_FITTING/main/FITTING/etapip/MC15ri_generic/tight_v2_fit_v6/ToyMC> was used as the working directory.
Started at Mon Jul 22 00:49:50 2024
Terminated at Mon Jul 22 01:07:41 2024
Results reported at Mon Jul 22 01:07:41 2024

Your job looked like:

------------------------------------------------------------
# LSBATCH: User input
bash -c "basf2 etapip_gg_fit_v6_toymc_100.py 168 > /home/belle2/jaeyoung/storage_ghi/Ntuples_ghi_2/MC15ri_generic/MC15ri_etaetapip_tight_v2_240419_Kp_BCS_etapi0const/bsub_log//MC15ri_etapip_gg_fitv6_toyMC_100_168.log"
------------------------------------------------------------

Exited with exit code 1.

Resource usage summary:

    CPU time :                                   1065.43 sec.
    Max Memory :                                 1255 MB
    Average Memory :                             1167.67 MB
    Total Requested Memory :                     4000.00 MB
    Delta Memory :                               2745.00 MB
    Max Swap :                                   -
    Max Processes :                              19
    Max Threads :                                20
    Run time :                                   1071 sec.
    Turnaround time :                            1094 sec.

The output (if any) follows:



PS:

Read file <./bsub_log/168.err> for stderr output of this job.

Sender: LSF System <lsfadmin@ccb147>
Subject: Job 53406739: <bash -c "basf2 etapip_gg_fit_v6_toymc_100.py 168 > /home/belle2/jaeyoung/storage_ghi/Ntuples_ghi_2/MC15ri_generic/MC15ri_etaetapip_tight_v2_240419_Kp_BCS_etapi0const/bsub_log//MC15ri_etapip_gg_fitv6_toyMC_100_168.log"> in cluster <centralcluster> Done

Job <bash -c "basf2 etapip_gg_fit_v6_toymc_100.py 168 > /home/belle2/jaeyoung/storage_ghi/Ntuples_ghi_2/MC15ri_generic/MC15ri_etaetapip_tight_v2_240419_Kp_BCS_etapi0const/bsub_log//MC15ri_etapip_gg_fitv6_toyMC_100_168.log"> was submitted from host <ccw06> by user <jaeyoung> in cluster <centralcluster> at Mon Jul 22 10:48:23 2024
Job was executed on host(s) <ccb147>, in queue <s>, as user <jaeyoung> in cluster <centralcluster> at Mon Jul 22 10:48:31 2024
</home/belle2/jaeyoung> was used as the home directory.
</home/belle2/jaeyoung/workspace/DRAW_and_FITTING/main/FITTING/etapip/MC15ri_generic/tight_v2_fit_v6/ToyMC> was used as the working directory.
Started at Mon Jul 22 10:48:31 2024
Terminated at Mon Jul 22 11:35:37 2024
Results reported at Mon Jul 22 11:35:37 2024

Your job looked like:

------------------------------------------------------------
# LSBATCH: User input
bash -c "basf2 etapip_gg_fit_v6_toymc_100.py 168 > /home/belle2/jaeyoung/storage_ghi/Ntuples_ghi_2/MC15ri_generic/MC15ri_etaetapip_tight_v2_240419_Kp_BCS_etapi0const/bsub_log//MC15ri_etapip_gg_fitv6_toyMC_100_168.log"
------------------------------------------------------------

Successfully completed.

Resource usage summary:

    CPU time :                                   2814.28 sec.
    Max Memory :                                 1311 MB
    Average Memory :                             945.77 MB
    Total Requested Memory :                     4000.00 MB
    Delta Memory :                               2689.00 MB
    Max Swap :                                   -
    Max Processes :                              19
    Max Threads :                                20
    Run time :                                   2826 sec.
    Turnaround time :                            2834 sec.

The output (if any) follows:



PS:

Read file <./bsub_log/168.err> for stderr output of this job.

Sender: LSF System <lsfadmin@ccb549>
Subject: Job 53598741: <bash -c "basf2 etapip_gg_fit_v6_toymc_100.py 168 > /home/belle2/jaeyoung/storage_ghi/Ntuples_ghi_2/MC15ri_generic/MC15ri_etaetapip_tight_v2_240419_Kp_BCS_etapi0const/bsub_log//MC15ri_etapip_gg_fitv6_toyMC_100_168.log"> in cluster <centralcluster> Done

Job <bash -c "basf2 etapip_gg_fit_v6_toymc_100.py 168 > /home/belle2/jaeyoung/storage_ghi/Ntuples_ghi_2/MC15ri_generic/MC15ri_etaetapip_tight_v2_240419_Kp_BCS_etapi0const/bsub_log//MC15ri_etapip_gg_fitv6_toyMC_100_168.log"> was submitted from host <ccw03> by user <jaeyoung> in cluster <centralcluster> at Mon Jul 22 18:34:28 2024
Job was executed on host(s) <ccb549>, in queue <s>, as user <jaeyoung> in cluster <centralcluster> at Mon Jul 22 18:35:32 2024
</home/belle2/jaeyoung> was used as the home directory.
</home/belle2/jaeyoung/workspace/DRAW_and_FITTING/main/FITTING/etapip/MC15ri_generic/tight_v2_fit_v6/ToyMC> was used as the working directory.
Started at Mon Jul 22 18:35:32 2024
Terminated at Mon Jul 22 19:23:40 2024
Results reported at Mon Jul 22 19:23:40 2024

Your job looked like:

------------------------------------------------------------
# LSBATCH: User input
bash -c "basf2 etapip_gg_fit_v6_toymc_100.py 168 > /home/belle2/jaeyoung/storage_ghi/Ntuples_ghi_2/MC15ri_generic/MC15ri_etaetapip_tight_v2_240419_Kp_BCS_etapi0const/bsub_log//MC15ri_etapip_gg_fitv6_toyMC_100_168.log"
------------------------------------------------------------

Successfully completed.

Resource usage summary:

    CPU time :                                   2855.55 sec.
    Max Memory :                                 1312 MB
    Average Memory :                             955.65 MB
    Total Requested Memory :                     4000.00 MB
    Delta Memory :                               2688.00 MB
    Max Swap :                                   -
    Max Processes :                              19
    Max Threads :                                20
    Run time :                                   2889 sec.
    Turnaround time :                            2952 sec.

The output (if any) follows:



PS:

Read file <./bsub_log/168.err> for stderr output of this job.

Sender: LSF System <lsfadmin@ccb281>
Subject: Job 53831828: <bash -c "basf2 etapip_gg_fit_v6_toymc_100.py 168 > /home/belle2/jaeyoung/storage_ghi/Ntuples_ghi_2/MC15ri_generic/MC15ri_etaetapip_tight_v2_240419_Kp_BCS_etapi0const/bsub_log//MC15ri_etapip_gg_fitv6_toyMC_100_168.log"> in cluster <centralcluster> Done

Job <bash -c "basf2 etapip_gg_fit_v6_toymc_100.py 168 > /home/belle2/jaeyoung/storage_ghi/Ntuples_ghi_2/MC15ri_generic/MC15ri_etaetapip_tight_v2_240419_Kp_BCS_etapi0const/bsub_log//MC15ri_etapip_gg_fitv6_toyMC_100_168.log"> was submitted from host <ccw05> by user <jaeyoung> in cluster <centralcluster> at Tue Jul 23 00:49:14 2024
Job was executed on host(s) <ccb281>, in queue <s>, as user <jaeyoung> in cluster <centralcluster> at Tue Jul 23 00:49:35 2024
</home/belle2/jaeyoung> was used as the home directory.
</home/belle2/jaeyoung/workspace/DRAW_and_FITTING/main/FITTING/etapip/MC15ri_generic/tight_v2_fit_v6/ToyMC> was used as the working directory.
Started at Tue Jul 23 00:49:35 2024
Terminated at Tue Jul 23 01:37:47 2024
Results reported at Tue Jul 23 01:37:47 2024

Your job looked like:

------------------------------------------------------------
# LSBATCH: User input
bash -c "basf2 etapip_gg_fit_v6_toymc_100.py 168 > /home/belle2/jaeyoung/storage_ghi/Ntuples_ghi_2/MC15ri_generic/MC15ri_etaetapip_tight_v2_240419_Kp_BCS_etapi0const/bsub_log//MC15ri_etapip_gg_fitv6_toyMC_100_168.log"
------------------------------------------------------------

Successfully completed.

Resource usage summary:

    CPU time :                                   2852.26 sec.
    Max Memory :                                 1313 MB
    Average Memory :                             959.72 MB
    Total Requested Memory :                     4000.00 MB
    Delta Memory :                               2687.00 MB
    Max Swap :                                   -
    Max Processes :                              19
    Max Threads :                                20
    Run time :                                   2893 sec.
    Turnaround time :                            2913 sec.

The output (if any) follows:



PS:

Read file <./bsub_log/168.err> for stderr output of this job.

Sender: LSF System <lsfadmin@ccb541>
Subject: Job 54397203: <bash -c "basf2 etapip_gg_fit_v6_toymc_100.py 168 > /home/belle2/jaeyoung/storage_ghi/Ntuples_ghi_2/MC15ri_generic/MC15ri_etaetapip_tight_v2_240419_Kp_BCS_etapi0const/bsub_log//MC15ri_etapip_gg_fitv6_toyMC_100_168.log"> in cluster <centralcluster> Done

Job <bash -c "basf2 etapip_gg_fit_v6_toymc_100.py 168 > /home/belle2/jaeyoung/storage_ghi/Ntuples_ghi_2/MC15ri_generic/MC15ri_etaetapip_tight_v2_240419_Kp_BCS_etapi0const/bsub_log//MC15ri_etapip_gg_fitv6_toyMC_100_168.log"> was submitted from host <ccw04> by user <jaeyoung> in cluster <centralcluster> at Tue Jul 23 17:58:33 2024
Job was executed on host(s) <ccb541>, in queue <s>, as user <jaeyoung> in cluster <centralcluster> at Tue Jul 23 18:24:29 2024
</home/belle2/jaeyoung> was used as the home directory.
</home/belle2/jaeyoung/workspace/DRAW_and_FITTING/main/FITTING/etapip/MC15ri_generic/tight_v2_fit_v6/ToyMC> was used as the working directory.
Started at Tue Jul 23 18:24:29 2024
Terminated at Tue Jul 23 19:10:47 2024
Results reported at Tue Jul 23 19:10:47 2024

Your job looked like:

------------------------------------------------------------
# LSBATCH: User input
bash -c "basf2 etapip_gg_fit_v6_toymc_100.py 168 > /home/belle2/jaeyoung/storage_ghi/Ntuples_ghi_2/MC15ri_generic/MC15ri_etaetapip_tight_v2_240419_Kp_BCS_etapi0const/bsub_log//MC15ri_etapip_gg_fitv6_toyMC_100_168.log"
------------------------------------------------------------

Successfully completed.

Resource usage summary:

    CPU time :                                   2734.04 sec.
    Max Memory :                                 1313 MB
    Average Memory :                             954.17 MB
    Total Requested Memory :                     4000.00 MB
    Delta Memory :                               2687.00 MB
    Max Swap :                                   -
    Max Processes :                              19
    Max Threads :                                20
    Run time :                                   2779 sec.
    Turnaround time :                            4334 sec.

The output (if any) follows:



PS:

Read file <./bsub_log/168.err> for stderr output of this job.

