Sender: LSF System <lsfadmin@ccb071>
Subject: Job 51906714: <bash -c "basf2 etapip_gg_fit_v6_toymc_100.py 17 > /home/belle2/jaeyoung/storage_ghi/Ntuples_ghi_2/MC15ri_generic/MC15ri_etaetapip_tight_v2_240419_Kp_BCS_etapi0const/bsub_log//MC15ri_etapip_gg_fitv6_toyMC_100_17.log"> in cluster <centralcluster> Done

Job <bash -c "basf2 etapip_gg_fit_v6_toymc_100.py 17 > /home/belle2/jaeyoung/storage_ghi/Ntuples_ghi_2/MC15ri_generic/MC15ri_etaetapip_tight_v2_240419_Kp_BCS_etapi0const/bsub_log//MC15ri_etapip_gg_fitv6_toyMC_100_17.log"> was submitted from host <ccw03> by user <jaeyoung> in cluster <centralcluster> at Fri Jul 19 17:59:45 2024
Job was executed on host(s) <ccb071>, in queue <s>, as user <jaeyoung> in cluster <centralcluster> at Fri Jul 19 17:59:46 2024
</home/belle2/jaeyoung> was used as the home directory.
</home/belle2/jaeyoung/workspace/DRAW_and_FITTING/main/FITTING/etapip/MC15ri_generic/tight_v2_fit_v6/ToyMC> was used as the working directory.
Started at Fri Jul 19 17:59:46 2024
Terminated at Fri Jul 19 18:45:50 2024
Results reported at Fri Jul 19 18:45:50 2024

Your job looked like:

------------------------------------------------------------
# LSBATCH: User input
bash -c "basf2 etapip_gg_fit_v6_toymc_100.py 17 > /home/belle2/jaeyoung/storage_ghi/Ntuples_ghi_2/MC15ri_generic/MC15ri_etaetapip_tight_v2_240419_Kp_BCS_etapi0const/bsub_log//MC15ri_etapip_gg_fitv6_toyMC_100_17.log"
------------------------------------------------------------

Successfully completed.

Resource usage summary:

    CPU time :                                   2749.74 sec.
    Max Memory :                                 1313 MB
    Average Memory :                             959.64 MB
    Total Requested Memory :                     4000.00 MB
    Delta Memory :                               2687.00 MB
    Max Swap :                                   -
    Max Processes :                              19
    Max Threads :                                20
    Run time :                                   2764 sec.
    Turnaround time :                            2765 sec.

The output (if any) follows:



PS:

Read file <./bsub_log/17.err> for stderr output of this job.

Sender: LSF System <lsfadmin@ccb014>
Subject: Job 52358884: <bash -c "basf2 etapip_gg_fit_v6_toymc_100.py 17 > /home/belle2/jaeyoung/storage_ghi/Ntuples_ghi_2/MC15ri_generic/MC15ri_etaetapip_tight_v2_240419_Kp_BCS_etapi0const/bsub_log//MC15ri_etapip_gg_fitv6_toyMC_100_17.log"> in cluster <centralcluster> Done

Job <bash -c "basf2 etapip_gg_fit_v6_toymc_100.py 17 > /home/belle2/jaeyoung/storage_ghi/Ntuples_ghi_2/MC15ri_generic/MC15ri_etaetapip_tight_v2_240419_Kp_BCS_etapi0const/bsub_log//MC15ri_etapip_gg_fitv6_toyMC_100_17.log"> was submitted from host <ccw02> by user <jaeyoung> in cluster <centralcluster> at Sat Jul 20 14:38:09 2024
Job was executed on host(s) <ccb014>, in queue <s>, as user <jaeyoung> in cluster <centralcluster> at Sat Jul 20 14:38:10 2024
</home/belle2/jaeyoung> was used as the home directory.
</home/belle2/jaeyoung/workspace/DRAW_and_FITTING/main/FITTING/etapip/MC15ri_generic/tight_v2_fit_v6/ToyMC> was used as the working directory.
Started at Sat Jul 20 14:38:10 2024
Terminated at Sat Jul 20 15:29:14 2024
Results reported at Sat Jul 20 15:29:14 2024

Your job looked like:

------------------------------------------------------------
# LSBATCH: User input
bash -c "basf2 etapip_gg_fit_v6_toymc_100.py 17 > /home/belle2/jaeyoung/storage_ghi/Ntuples_ghi_2/MC15ri_generic/MC15ri_etaetapip_tight_v2_240419_Kp_BCS_etapi0const/bsub_log//MC15ri_etapip_gg_fitv6_toyMC_100_17.log"
------------------------------------------------------------

Successfully completed.

Resource usage summary:

    CPU time :                                   3021.13 sec.
    Max Memory :                                 1311 MB
    Average Memory :                             921.83 MB
    Total Requested Memory :                     4000.00 MB
    Delta Memory :                               2689.00 MB
    Max Swap :                                   -
    Max Processes :                              19
    Max Threads :                                20
    Run time :                                   3065 sec.
    Turnaround time :                            3065 sec.

The output (if any) follows:



PS:

Read file <./bsub_log/17.err> for stderr output of this job.

Sender: LSF System <lsfadmin@ccb034>
Subject: Job 53029026: <bash -c "basf2 etapip_gg_fit_v6_toymc_100.py 17 > /home/belle2/jaeyoung/storage_ghi/Ntuples_ghi_2/MC15ri_generic/MC15ri_etaetapip_tight_v2_240419_Kp_BCS_etapi0const/bsub_log//MC15ri_etapip_gg_fitv6_toyMC_100_17.log"> in cluster <centralcluster> Done

Job <bash -c "basf2 etapip_gg_fit_v6_toymc_100.py 17 > /home/belle2/jaeyoung/storage_ghi/Ntuples_ghi_2/MC15ri_generic/MC15ri_etaetapip_tight_v2_240419_Kp_BCS_etapi0const/bsub_log//MC15ri_etapip_gg_fitv6_toyMC_100_17.log"> was submitted from host <ccw03> by user <jaeyoung> in cluster <centralcluster> at Sun Jul 21 17:29:33 2024
Job was executed on host(s) <ccb034>, in queue <s>, as user <jaeyoung> in cluster <centralcluster> at Sun Jul 21 17:29:39 2024
</home/belle2/jaeyoung> was used as the home directory.
</home/belle2/jaeyoung/workspace/DRAW_and_FITTING/main/FITTING/etapip/MC15ri_generic/tight_v2_fit_v6/ToyMC> was used as the working directory.
Started at Sun Jul 21 17:29:39 2024
Terminated at Sun Jul 21 18:18:47 2024
Results reported at Sun Jul 21 18:18:47 2024

Your job looked like:

------------------------------------------------------------
# LSBATCH: User input
bash -c "basf2 etapip_gg_fit_v6_toymc_100.py 17 > /home/belle2/jaeyoung/storage_ghi/Ntuples_ghi_2/MC15ri_generic/MC15ri_etaetapip_tight_v2_240419_Kp_BCS_etapi0const/bsub_log//MC15ri_etapip_gg_fitv6_toyMC_100_17.log"
------------------------------------------------------------

Successfully completed.

Resource usage summary:

    CPU time :                                   2868.62 sec.
    Max Memory :                                 1311 MB
    Average Memory :                             946.89 MB
    Total Requested Memory :                     4000.00 MB
    Delta Memory :                               2689.00 MB
    Max Swap :                                   -
    Max Processes :                              19
    Max Threads :                                20
    Run time :                                   2948 sec.
    Turnaround time :                            2954 sec.

The output (if any) follows:



PS:

Read file <./bsub_log/17.err> for stderr output of this job.

Sender: LSF System <lsfadmin@ccb246>
Subject: Job 53201879: <bash -c "basf2 etapip_gg_fit_v6_toymc_100.py 17 > /home/belle2/jaeyoung/storage_ghi/Ntuples_ghi_2/MC15ri_generic/MC15ri_etaetapip_tight_v2_240419_Kp_BCS_etapi0const/bsub_log//MC15ri_etapip_gg_fitv6_toyMC_100_17.log"> in cluster <centralcluster> Exited

Job <bash -c "basf2 etapip_gg_fit_v6_toymc_100.py 17 > /home/belle2/jaeyoung/storage_ghi/Ntuples_ghi_2/MC15ri_generic/MC15ri_etaetapip_tight_v2_240419_Kp_BCS_etapi0const/bsub_log//MC15ri_etapip_gg_fitv6_toyMC_100_17.log"> was submitted from host <ccw03> by user <jaeyoung> in cluster <centralcluster> at Mon Jul 22 00:48:33 2024
Job was executed on host(s) <ccb246>, in queue <s>, as user <jaeyoung> in cluster <centralcluster> at Mon Jul 22 00:48:35 2024
</home/belle2/jaeyoung> was used as the home directory.
</home/belle2/jaeyoung/workspace/DRAW_and_FITTING/main/FITTING/etapip/MC15ri_generic/tight_v2_fit_v6/ToyMC> was used as the working directory.
Started at Mon Jul 22 00:48:35 2024
Terminated at Mon Jul 22 01:06:42 2024
Results reported at Mon Jul 22 01:06:42 2024

Your job looked like:

------------------------------------------------------------
# LSBATCH: User input
bash -c "basf2 etapip_gg_fit_v6_toymc_100.py 17 > /home/belle2/jaeyoung/storage_ghi/Ntuples_ghi_2/MC15ri_generic/MC15ri_etaetapip_tight_v2_240419_Kp_BCS_etapi0const/bsub_log//MC15ri_etapip_gg_fitv6_toyMC_100_17.log"
------------------------------------------------------------

Exited with exit code 1.

Resource usage summary:

    CPU time :                                   1081.19 sec.
    Max Memory :                                 1255 MB
    Average Memory :                             1172.14 MB
    Total Requested Memory :                     4000.00 MB
    Delta Memory :                               2745.00 MB
    Max Swap :                                   -
    Max Processes :                              19
    Max Threads :                                20
    Run time :                                   1087 sec.
    Turnaround time :                            1089 sec.

The output (if any) follows:



PS:

Read file <./bsub_log/17.err> for stderr output of this job.

Sender: LSF System <lsfadmin@ccb572>
Subject: Job 53406391: <bash -c "basf2 etapip_gg_fit_v6_toymc_100.py 17 > /home/belle2/jaeyoung/storage_ghi/Ntuples_ghi_2/MC15ri_generic/MC15ri_etaetapip_tight_v2_240419_Kp_BCS_etapi0const/bsub_log//MC15ri_etapip_gg_fitv6_toyMC_100_17.log"> in cluster <centralcluster> Done

Job <bash -c "basf2 etapip_gg_fit_v6_toymc_100.py 17 > /home/belle2/jaeyoung/storage_ghi/Ntuples_ghi_2/MC15ri_generic/MC15ri_etaetapip_tight_v2_240419_Kp_BCS_etapi0const/bsub_log//MC15ri_etapip_gg_fitv6_toyMC_100_17.log"> was submitted from host <ccw06> by user <jaeyoung> in cluster <centralcluster> at Mon Jul 22 10:47:38 2024
Job was executed on host(s) <ccb572>, in queue <s>, as user <jaeyoung> in cluster <centralcluster> at Mon Jul 22 10:47:40 2024
</home/belle2/jaeyoung> was used as the home directory.
</home/belle2/jaeyoung/workspace/DRAW_and_FITTING/main/FITTING/etapip/MC15ri_generic/tight_v2_fit_v6/ToyMC> was used as the working directory.
Started at Mon Jul 22 10:47:40 2024
Terminated at Mon Jul 22 11:34:42 2024
Results reported at Mon Jul 22 11:34:42 2024

Your job looked like:

------------------------------------------------------------
# LSBATCH: User input
bash -c "basf2 etapip_gg_fit_v6_toymc_100.py 17 > /home/belle2/jaeyoung/storage_ghi/Ntuples_ghi_2/MC15ri_generic/MC15ri_etaetapip_tight_v2_240419_Kp_BCS_etapi0const/bsub_log//MC15ri_etapip_gg_fitv6_toyMC_100_17.log"
------------------------------------------------------------

Successfully completed.

Resource usage summary:

    CPU time :                                   2806.99 sec.
    Max Memory :                                 1311 MB
    Average Memory :                             945.18 MB
    Total Requested Memory :                     4000.00 MB
    Delta Memory :                               2689.00 MB
    Max Swap :                                   -
    Max Processes :                              19
    Max Threads :                                20
    Run time :                                   2822 sec.
    Turnaround time :                            2824 sec.

The output (if any) follows:



PS:

Read file <./bsub_log/17.err> for stderr output of this job.

Sender: LSF System <lsfadmin@ccb059>
Subject: Job 53598226: <bash -c "basf2 etapip_gg_fit_v6_toymc_100.py 17 > /home/belle2/jaeyoung/storage_ghi/Ntuples_ghi_2/MC15ri_generic/MC15ri_etaetapip_tight_v2_240419_Kp_BCS_etapi0const/bsub_log//MC15ri_etapip_gg_fitv6_toyMC_100_17.log"> in cluster <centralcluster> Done

Job <bash -c "basf2 etapip_gg_fit_v6_toymc_100.py 17 > /home/belle2/jaeyoung/storage_ghi/Ntuples_ghi_2/MC15ri_generic/MC15ri_etaetapip_tight_v2_240419_Kp_BCS_etapi0const/bsub_log//MC15ri_etapip_gg_fitv6_toyMC_100_17.log"> was submitted from host <ccw03> by user <jaeyoung> in cluster <centralcluster> at Mon Jul 22 18:33:36 2024
Job was executed on host(s) <ccb059>, in queue <s>, as user <jaeyoung> in cluster <centralcluster> at Mon Jul 22 18:33:42 2024
</home/belle2/jaeyoung> was used as the home directory.
</home/belle2/jaeyoung/workspace/DRAW_and_FITTING/main/FITTING/etapip/MC15ri_generic/tight_v2_fit_v6/ToyMC> was used as the working directory.
Started at Mon Jul 22 18:33:42 2024
Terminated at Mon Jul 22 19:18:24 2024
Results reported at Mon Jul 22 19:18:24 2024

Your job looked like:

------------------------------------------------------------
# LSBATCH: User input
bash -c "basf2 etapip_gg_fit_v6_toymc_100.py 17 > /home/belle2/jaeyoung/storage_ghi/Ntuples_ghi_2/MC15ri_generic/MC15ri_etaetapip_tight_v2_240419_Kp_BCS_etapi0const/bsub_log//MC15ri_etapip_gg_fitv6_toyMC_100_17.log"
------------------------------------------------------------

Successfully completed.

Resource usage summary:

    CPU time :                                   2672.44 sec.
    Max Memory :                                 1311 MB
    Average Memory :                             951.10 MB
    Total Requested Memory :                     4000.00 MB
    Delta Memory :                               2689.00 MB
    Max Swap :                                   -
    Max Processes :                              19
    Max Threads :                                20
    Run time :                                   2681 sec.
    Turnaround time :                            2688 sec.

The output (if any) follows:



PS:

Read file <./bsub_log/17.err> for stderr output of this job.

Sender: LSF System <lsfadmin@ccb559>
Subject: Job 53831069: <bash -c "basf2 etapip_gg_fit_v6_toymc_100.py 17 > /home/belle2/jaeyoung/storage_ghi/Ntuples_ghi_2/MC15ri_generic/MC15ri_etaetapip_tight_v2_240419_Kp_BCS_etapi0const/bsub_log//MC15ri_etapip_gg_fitv6_toyMC_100_17.log"> in cluster <centralcluster> Done

Job <bash -c "basf2 etapip_gg_fit_v6_toymc_100.py 17 > /home/belle2/jaeyoung/storage_ghi/Ntuples_ghi_2/MC15ri_generic/MC15ri_etaetapip_tight_v2_240419_Kp_BCS_etapi0const/bsub_log//MC15ri_etapip_gg_fitv6_toyMC_100_17.log"> was submitted from host <ccw05> by user <jaeyoung> in cluster <centralcluster> at Tue Jul 23 00:48:09 2024
Job was executed on host(s) <ccb559>, in queue <s>, as user <jaeyoung> in cluster <centralcluster> at Tue Jul 23 00:48:17 2024
</home/belle2/jaeyoung> was used as the home directory.
</home/belle2/jaeyoung/workspace/DRAW_and_FITTING/main/FITTING/etapip/MC15ri_generic/tight_v2_fit_v6/ToyMC> was used as the working directory.
Started at Tue Jul 23 00:48:17 2024
Terminated at Tue Jul 23 01:35:43 2024
Results reported at Tue Jul 23 01:35:43 2024

Your job looked like:

------------------------------------------------------------
# LSBATCH: User input
bash -c "basf2 etapip_gg_fit_v6_toymc_100.py 17 > /home/belle2/jaeyoung/storage_ghi/Ntuples_ghi_2/MC15ri_generic/MC15ri_etaetapip_tight_v2_240419_Kp_BCS_etapi0const/bsub_log//MC15ri_etapip_gg_fitv6_toyMC_100_17.log"
------------------------------------------------------------

Successfully completed.

Resource usage summary:

    CPU time :                                   2810.42 sec.
    Max Memory :                                 1311 MB
    Average Memory :                             952.05 MB
    Total Requested Memory :                     4000.00 MB
    Delta Memory :                               2689.00 MB
    Max Swap :                                   -
    Max Processes :                              19
    Max Threads :                                20
    Run time :                                   2846 sec.
    Turnaround time :                            2854 sec.

The output (if any) follows:



PS:

Read file <./bsub_log/17.err> for stderr output of this job.

Sender: LSF System <lsfadmin@ccb104>
Subject: Job 54396262: <bash -c "basf2 etapip_gg_fit_v6_toymc_100.py 17 > /home/belle2/jaeyoung/storage_ghi/Ntuples_ghi_2/MC15ri_generic/MC15ri_etaetapip_tight_v2_240419_Kp_BCS_etapi0const/bsub_log//MC15ri_etapip_gg_fitv6_toyMC_100_17.log"> in cluster <centralcluster> Done

Job <bash -c "basf2 etapip_gg_fit_v6_toymc_100.py 17 > /home/belle2/jaeyoung/storage_ghi/Ntuples_ghi_2/MC15ri_generic/MC15ri_etaetapip_tight_v2_240419_Kp_BCS_etapi0const/bsub_log//MC15ri_etapip_gg_fitv6_toyMC_100_17.log"> was submitted from host <ccw04> by user <jaeyoung> in cluster <centralcluster> at Tue Jul 23 17:57:38 2024
Job was executed on host(s) <ccb104>, in queue <s>, as user <jaeyoung> in cluster <centralcluster> at Tue Jul 23 17:57:41 2024
</home/belle2/jaeyoung> was used as the home directory.
</home/belle2/jaeyoung/workspace/DRAW_and_FITTING/main/FITTING/etapip/MC15ri_generic/tight_v2_fit_v6/ToyMC> was used as the working directory.
Started at Tue Jul 23 17:57:41 2024
Terminated at Tue Jul 23 18:44:25 2024
Results reported at Tue Jul 23 18:44:25 2024

Your job looked like:

------------------------------------------------------------
# LSBATCH: User input
bash -c "basf2 etapip_gg_fit_v6_toymc_100.py 17 > /home/belle2/jaeyoung/storage_ghi/Ntuples_ghi_2/MC15ri_generic/MC15ri_etaetapip_tight_v2_240419_Kp_BCS_etapi0const/bsub_log//MC15ri_etapip_gg_fitv6_toyMC_100_17.log"
------------------------------------------------------------

Successfully completed.

Resource usage summary:

    CPU time :                                   2754.43 sec.
    Max Memory :                                 1313 MB
    Average Memory :                             962.35 MB
    Total Requested Memory :                     4000.00 MB
    Delta Memory :                               2687.00 MB
    Max Swap :                                   -
    Max Processes :                              19
    Max Threads :                                20
    Run time :                                   2804 sec.
    Turnaround time :                            2807 sec.

The output (if any) follows:



PS:

Read file <./bsub_log/17.err> for stderr output of this job.

Sender: LSF System <lsfadmin@ccb554>
Subject: Job 54468955: <bash -c "basf2 etapip_gg_fit_v6_toymc_100.py 17 > /home/belle2/jaeyoung/storage_ghi/Ntuples_ghi_2/MC15ri_generic/MC15ri_etaetapip_tight_v2_240419_Kp_BCS_etapi0const/bsub_log//MC15ri_etapip_gg_fitv6_toyMC_100_17.log"> in cluster <centralcluster> Done

Job <bash -c "basf2 etapip_gg_fit_v6_toymc_100.py 17 > /home/belle2/jaeyoung/storage_ghi/Ntuples_ghi_2/MC15ri_generic/MC15ri_etaetapip_tight_v2_240419_Kp_BCS_etapi0const/bsub_log//MC15ri_etapip_gg_fitv6_toyMC_100_17.log"> was submitted from host <ccw03> by user <jaeyoung> in cluster <centralcluster> at Tue Jul 23 19:36:29 2024
Job was executed on host(s) <ccb554>, in queue <s>, as user <jaeyoung> in cluster <centralcluster> at Tue Jul 23 19:36:32 2024
</home/belle2/jaeyoung> was used as the home directory.
</home/belle2/jaeyoung/workspace/DRAW_and_FITTING/main/FITTING/etapip/MC15ri_generic/tight_v2_fit_v6/ToyMC> was used as the working directory.
Started at Tue Jul 23 19:36:32 2024
Terminated at Tue Jul 23 20:24:49 2024
Results reported at Tue Jul 23 20:24:49 2024

Your job looked like:

------------------------------------------------------------
# LSBATCH: User input
bash -c "basf2 etapip_gg_fit_v6_toymc_100.py 17 > /home/belle2/jaeyoung/storage_ghi/Ntuples_ghi_2/MC15ri_generic/MC15ri_etaetapip_tight_v2_240419_Kp_BCS_etapi0const/bsub_log//MC15ri_etapip_gg_fitv6_toyMC_100_17.log"
------------------------------------------------------------

Successfully completed.

Resource usage summary:

    CPU time :                                   2817.92 sec.
    Max Memory :                                 1311 MB
    Average Memory :                             943.44 MB
    Total Requested Memory :                     4000.00 MB
    Delta Memory :                               2689.00 MB
    Max Swap :                                   -
    Max Processes :                              19
    Max Threads :                                20
    Run time :                                   2897 sec.
    Turnaround time :                            2900 sec.

The output (if any) follows:



PS:

Read file <./bsub_log/17.err> for stderr output of this job.

Sender: LSF System <lsfadmin@ccb058>
Subject: Job 55515379: <bash -c "basf2 etapip_gg_fit_v6_toymc_100.py 17 > /home/belle2/jaeyoung/storage_ghi/Ntuples_ghi_2/MC15ri_generic/MC15ri_etaetapip_tight_v2_240419_Kp_BCS_etapi0const/bsub_log//MC15ri_etapip_gg_fitv6_toyMC_100_17.log"> in cluster <centralcluster> Done

Job <bash -c "basf2 etapip_gg_fit_v6_toymc_100.py 17 > /home/belle2/jaeyoung/storage_ghi/Ntuples_ghi_2/MC15ri_generic/MC15ri_etaetapip_tight_v2_240419_Kp_BCS_etapi0const/bsub_log//MC15ri_etapip_gg_fitv6_toyMC_100_17.log"> was submitted from host <ccw01> by user <jaeyoung> in cluster <centralcluster> at Thu Jul 25 20:49:26 2024
Job was executed on host(s) <ccb058>, in queue <s>, as user <jaeyoung> in cluster <centralcluster> at Thu Jul 25 20:49:26 2024
</home/belle2/jaeyoung> was used as the home directory.
</gpfs/home/belle2/jaeyoung/workspace/DRAW_and_FITTING/main/FITTING/etapip/MC15ri_generic/tight_v2_fit_v6/ToyMC> was used as the working directory.
Started at Thu Jul 25 20:49:26 2024
Terminated at Thu Jul 25 21:38:01 2024
Results reported at Thu Jul 25 21:38:01 2024

Your job looked like:

------------------------------------------------------------
# LSBATCH: User input
bash -c "basf2 etapip_gg_fit_v6_toymc_100.py 17 > /home/belle2/jaeyoung/storage_ghi/Ntuples_ghi_2/MC15ri_generic/MC15ri_etaetapip_tight_v2_240419_Kp_BCS_etapi0const/bsub_log//MC15ri_etapip_gg_fitv6_toyMC_100_17.log"
------------------------------------------------------------

Successfully completed.

Resource usage summary:

    CPU time :                                   2896.38 sec.
    Max Memory :                                 1313 MB
    Average Memory :                             947.95 MB
    Total Requested Memory :                     4000.00 MB
    Delta Memory :                               2687.00 MB
    Max Swap :                                   -
    Max Processes :                              19
    Max Threads :                                20
    Run time :                                   2916 sec.
    Turnaround time :                            2915 sec.

The output (if any) follows:



PS:

Read file <./bsub_log/17.err> for stderr output of this job.

Sender: LSF System <lsfadmin@ccb230>
Subject: Job 56102342: <bash -c "basf2 etapip_gg_fit_v6_toymc_100.py 17 > /home/belle2/jaeyoung/storage_ghi/Ntuples_ghi_2/MC15ri_generic/MC15ri_etaetapip_tight_v2_240419_Kp_BCS_etapi0const/bsub_log//MC15ri_etapip_gg_fitv6_toyMC_100_17.log"> in cluster <centralcluster> Done

Job <bash -c "basf2 etapip_gg_fit_v6_toymc_100.py 17 > /home/belle2/jaeyoung/storage_ghi/Ntuples_ghi_2/MC15ri_generic/MC15ri_etaetapip_tight_v2_240419_Kp_BCS_etapi0const/bsub_log//MC15ri_etapip_gg_fitv6_toyMC_100_17.log"> was submitted from host <ccw06> by user <jaeyoung> in cluster <centralcluster> at Fri Jul 26 23:42:48 2024
Job was executed on host(s) <ccb230>, in queue <s>, as user <jaeyoung> in cluster <centralcluster> at Sat Jul 27 00:13:04 2024
</home/belle2/jaeyoung> was used as the home directory.
</home/belle2/jaeyoung/workspace/DRAW_and_FITTING/main/FITTING/etapip/MC15ri_generic/tight_v2_fit_v6/ToyMC> was used as the working directory.
Started at Sat Jul 27 00:13:04 2024
Terminated at Sat Jul 27 00:47:53 2024
Results reported at Sat Jul 27 00:47:53 2024

Your job looked like:

------------------------------------------------------------
# LSBATCH: User input
bash -c "basf2 etapip_gg_fit_v6_toymc_100.py 17 > /home/belle2/jaeyoung/storage_ghi/Ntuples_ghi_2/MC15ri_generic/MC15ri_etaetapip_tight_v2_240419_Kp_BCS_etapi0const/bsub_log//MC15ri_etapip_gg_fitv6_toyMC_100_17.log"
------------------------------------------------------------

Successfully completed.

Resource usage summary:

    CPU time :                                   2032.42 sec.
    Max Memory :                                 888 MB
    Average Memory :                             638.37 MB
    Total Requested Memory :                     4000.00 MB
    Delta Memory :                               3112.00 MB
    Max Swap :                                   -
    Max Processes :                              19
    Max Threads :                                20
    Run time :                                   2090 sec.
    Turnaround time :                            3905 sec.

The output (if any) follows:



PS:

Read file <./bsub_log/17.err> for stderr output of this job.

Sender: LSF System <lsfadmin@ccb030>
Subject: Job 56133329: <bash -c "basf2 etapip_gg_fit_v6_toymc_100.py 17 > /home/belle2/jaeyoung/storage_ghi/Ntuples_ghi_2/MC15ri_generic/MC15ri_etaetapip_tight_v2_240419_Kp_BCS_etapi0const/bsub_log//MC15ri_etapip_gg_fitv6_toyMC_100_17.log"> in cluster <centralcluster> Done

Job <bash -c "basf2 etapip_gg_fit_v6_toymc_100.py 17 > /home/belle2/jaeyoung/storage_ghi/Ntuples_ghi_2/MC15ri_generic/MC15ri_etaetapip_tight_v2_240419_Kp_BCS_etapi0const/bsub_log//MC15ri_etapip_gg_fitv6_toyMC_100_17.log"> was submitted from host <ccw03> by user <jaeyoung> in cluster <centralcluster> at Sat Jul 27 01:12:15 2024
Job was executed on host(s) <ccb030>, in queue <s>, as user <jaeyoung> in cluster <centralcluster> at Sat Jul 27 03:02:48 2024
</home/belle2/jaeyoung> was used as the home directory.
</gpfs/home/belle2/jaeyoung/workspace/DRAW_and_FITTING/main/FITTING/etapip/MC15ri_generic/tight_v2_fit_v6/ToyMC> was used as the working directory.
Started at Sat Jul 27 03:02:48 2024
Terminated at Sat Jul 27 03:42:03 2024
Results reported at Sat Jul 27 03:42:03 2024

Your job looked like:

------------------------------------------------------------
# LSBATCH: User input
bash -c "basf2 etapip_gg_fit_v6_toymc_100.py 17 > /home/belle2/jaeyoung/storage_ghi/Ntuples_ghi_2/MC15ri_generic/MC15ri_etaetapip_tight_v2_240419_Kp_BCS_etapi0const/bsub_log//MC15ri_etapip_gg_fitv6_toyMC_100_17.log"
------------------------------------------------------------

Successfully completed.

Resource usage summary:

    CPU time :                                   2324.95 sec.
    Max Memory :                                 918 MB
    Average Memory :                             659.25 MB
    Total Requested Memory :                     4000.00 MB
    Delta Memory :                               3082.00 MB
    Max Swap :                                   -
    Max Processes :                              19
    Max Threads :                                20
    Run time :                                   2355 sec.
    Turnaround time :                            8988 sec.

The output (if any) follows:



PS:

Read file <./bsub_log/17.err> for stderr output of this job.

Sender: LSF System <lsfadmin@ccb225>
Subject: Job 57217493: <bash -c "basf2 etapip_gg_fit_v6_toymc_100.py 17 > /home/belle2/jaeyoung/storage_ghi/Ntuples_ghi_2/MC15ri_generic/MC15ri_etaetapip_tight_v2_240419_Kp_BCS_etapi0const/bsub_log//MC15ri_etapip_gg_fitv6_toyMC_100_17.log"> in cluster <centralcluster> Exited

Job <bash -c "basf2 etapip_gg_fit_v6_toymc_100.py 17 > /home/belle2/jaeyoung/storage_ghi/Ntuples_ghi_2/MC15ri_generic/MC15ri_etaetapip_tight_v2_240419_Kp_BCS_etapi0const/bsub_log//MC15ri_etapip_gg_fitv6_toyMC_100_17.log"> was submitted from host <ccx03> by user <jaeyoung> in cluster <centralcluster> at Mon Jul 29 18:41:39 2024
Job was executed on host(s) <ccb225>, in queue <s>, as user <jaeyoung> in cluster <centralcluster> at Mon Jul 29 18:41:40 2024
</home/belle2/jaeyoung> was used as the home directory.
</gpfs/home/belle2/jaeyoung/workspace/DRAW_and_FITTING/main/FITTING/etapip/MC15ri_generic/tight_v2_fit_v6/ToyMC> was used as the working directory.
Started at Mon Jul 29 18:41:40 2024
Terminated at Mon Jul 29 18:42:12 2024
Results reported at Mon Jul 29 18:42:12 2024

Your job looked like:

------------------------------------------------------------
# LSBATCH: User input
bash -c "basf2 etapip_gg_fit_v6_toymc_100.py 17 > /home/belle2/jaeyoung/storage_ghi/Ntuples_ghi_2/MC15ri_generic/MC15ri_etaetapip_tight_v2_240419_Kp_BCS_etapi0const/bsub_log//MC15ri_etapip_gg_fitv6_toyMC_100_17.log"
------------------------------------------------------------

TERM_OWNER: job killed by owner.
Exited with exit code 143.

Resource usage summary:

    CPU time :                                   28.00 sec.
    Max Memory :                                 271 MB
    Average Memory :                             234.29 MB
    Total Requested Memory :                     4000.00 MB
    Delta Memory :                               3729.00 MB
    Max Swap :                                   -
    Max Processes :                              4
    Max Threads :                                5
    Run time :                                   15 sec.
    Turnaround time :                            33 sec.

The output (if any) follows:



PS:

Read file <./bsub_log/17.err> for stderr output of this job.

Sender: LSF System <lsfadmin@ccb548>
Subject: Job 57218799: <bash -c "basf2 etapip_gg_fit_v6_toymc_100.py 17 > /home/belle2/jaeyoung/storage_ghi/Ntuples_ghi_2/MC15ri_generic/MC15ri_etaetapip_tight_v2_240419_Kp_BCS_etapi0const/bsub_log//MC15ri_etapip_gg_fitv6_toyMC_100_17.log"> in cluster <centralcluster> Exited

Job <bash -c "basf2 etapip_gg_fit_v6_toymc_100.py 17 > /home/belle2/jaeyoung/storage_ghi/Ntuples_ghi_2/MC15ri_generic/MC15ri_etaetapip_tight_v2_240419_Kp_BCS_etapi0const/bsub_log//MC15ri_etapip_gg_fitv6_toyMC_100_17.log"> was submitted from host <ccx03> by user <jaeyoung> in cluster <centralcluster> at Mon Jul 29 18:43:49 2024
Job was executed on host(s) <ccb548>, in queue <s>, as user <jaeyoung> in cluster <centralcluster> at Mon Jul 29 18:43:50 2024
</home/belle2/jaeyoung> was used as the home directory.
</gpfs/home/belle2/jaeyoung/workspace/DRAW_and_FITTING/main/FITTING/etapip/MC15ri_generic/tight_v2_fit_v6/ToyMC> was used as the working directory.
Started at Mon Jul 29 18:43:50 2024
Terminated at Mon Jul 29 19:46:39 2024
Results reported at Mon Jul 29 19:46:39 2024

Your job looked like:

------------------------------------------------------------
# LSBATCH: User input
bash -c "basf2 etapip_gg_fit_v6_toymc_100.py 17 > /home/belle2/jaeyoung/storage_ghi/Ntuples_ghi_2/MC15ri_generic/MC15ri_etaetapip_tight_v2_240419_Kp_BCS_etapi0const/bsub_log//MC15ri_etapip_gg_fitv6_toyMC_100_17.log"
------------------------------------------------------------

Exited with exit code 1.

Resource usage summary:

    CPU time :                                   3723.76 sec.
    Max Memory :                                 1423 MB
    Average Memory :                             1046.14 MB
    Total Requested Memory :                     4000.00 MB
    Delta Memory :                               2577.00 MB
    Max Swap :                                   -
    Max Processes :                              19
    Max Threads :                                20
    Run time :                                   3770 sec.
    Turnaround time :                            3770 sec.

The output (if any) follows:



PS:

Read file <./bsub_log/17.err> for stderr output of this job.

Sender: LSF System <lsfadmin@ccb231>
Subject: Job 57307757: <bash -c "basf2 etapip_gg_fit_v6_toymc_100.py 17 > /home/belle2/jaeyoung/storage_ghi/Ntuples_ghi_2/MC15ri_generic/MC15ri_etaetapip_tight_v2_240419_Kp_BCS_etapi0const/bsub_log//MC15ri_etapip_gg_fitv6_toyMC_100_17.log"> in cluster <centralcluster> Done

Job <bash -c "basf2 etapip_gg_fit_v6_toymc_100.py 17 > /home/belle2/jaeyoung/storage_ghi/Ntuples_ghi_2/MC15ri_generic/MC15ri_etaetapip_tight_v2_240419_Kp_BCS_etapi0const/bsub_log//MC15ri_etapip_gg_fitv6_toyMC_100_17.log"> was submitted from host <ccw03> by user <jaeyoung> in cluster <centralcluster> at Mon Jul 29 23:01:24 2024
Job was executed on host(s) <ccb231>, in queue <s>, as user <jaeyoung> in cluster <centralcluster> at Mon Jul 29 23:01:25 2024
</home/belle2/jaeyoung> was used as the home directory.
</home/belle2/jaeyoung/workspace/DRAW_and_FITTING/main/FITTING/etapip/MC15ri_generic/tight_v2_fit_v6/ToyMC> was used as the working directory.
Started at Mon Jul 29 23:01:25 2024
Terminated at Tue Jul 30 00:06:57 2024
Results reported at Tue Jul 30 00:06:57 2024

Your job looked like:

------------------------------------------------------------
# LSBATCH: User input
bash -c "basf2 etapip_gg_fit_v6_toymc_100.py 17 > /home/belle2/jaeyoung/storage_ghi/Ntuples_ghi_2/MC15ri_generic/MC15ri_etaetapip_tight_v2_240419_Kp_BCS_etapi0const/bsub_log//MC15ri_etapip_gg_fitv6_toyMC_100_17.log"
------------------------------------------------------------

Successfully completed.

Resource usage summary:

    CPU time :                                   3883.14 sec.
    Max Memory :                                 1428 MB
    Average Memory :                             1059.22 MB
    Total Requested Memory :                     4000.00 MB
    Delta Memory :                               2572.00 MB
    Max Swap :                                   -
    Max Processes :                              19
    Max Threads :                                20
    Run time :                                   3932 sec.
    Turnaround time :                            3933 sec.

The output (if any) follows:



PS:

Read file <./bsub_log/17.err> for stderr output of this job.

Sender: LSF System <lsfadmin@ccb100>
Subject: Job 57389641: <bash -c "basf2 etapip_gg_fit_v6_toymc_100.py 17 > /home/belle2/jaeyoung/storage_ghi/Ntuples_ghi_2/MC15ri_generic/MC15ri_etaetapip_tight_v2_240419_Kp_BCS_etapi0const/bsub_log//MC15ri_etapip_gg_fitv6_toyMC_100_17.log"> in cluster <centralcluster> Done

Job <bash -c "basf2 etapip_gg_fit_v6_toymc_100.py 17 > /home/belle2/jaeyoung/storage_ghi/Ntuples_ghi_2/MC15ri_generic/MC15ri_etaetapip_tight_v2_240419_Kp_BCS_etapi0const/bsub_log//MC15ri_etapip_gg_fitv6_toyMC_100_17.log"> was submitted from host <ccw03> by user <jaeyoung> in cluster <centralcluster> at Tue Jul 30 01:16:33 2024
Job was executed on host(s) <ccb100>, in queue <s>, as user <jaeyoung> in cluster <centralcluster> at Tue Jul 30 01:16:36 2024
</home/belle2/jaeyoung> was used as the home directory.
</home/belle2/jaeyoung/workspace/DRAW_and_FITTING/main/FITTING/etapip/MC15ri_generic/tight_v2_fit_v6/ToyMC> was used as the working directory.
Started at Tue Jul 30 01:16:36 2024
Terminated at Tue Jul 30 02:18:24 2024
Results reported at Tue Jul 30 02:18:24 2024

Your job looked like:

------------------------------------------------------------
# LSBATCH: User input
bash -c "basf2 etapip_gg_fit_v6_toymc_100.py 17 > /home/belle2/jaeyoung/storage_ghi/Ntuples_ghi_2/MC15ri_generic/MC15ri_etaetapip_tight_v2_240419_Kp_BCS_etapi0const/bsub_log//MC15ri_etapip_gg_fitv6_toyMC_100_17.log"
------------------------------------------------------------

Successfully completed.

Resource usage summary:

    CPU time :                                   3697.52 sec.
    Max Memory :                                 1396 MB
    Average Memory :                             1032.59 MB
    Total Requested Memory :                     4000.00 MB
    Delta Memory :                               2604.00 MB
    Max Swap :                                   -
    Max Processes :                              19
    Max Threads :                                20
    Run time :                                   3709 sec.
    Turnaround time :                            3711 sec.

The output (if any) follows:



PS:

Read file <./bsub_log/17.err> for stderr output of this job.

