Sender: LSF System <lsfadmin@ccb541>
Subject: Job 52359265: <bash -c "basf2 etapip_gg_fit_v6_toymc_100.py 171 > /home/belle2/jaeyoung/storage_ghi/Ntuples_ghi_2/MC15ri_generic/MC15ri_etaetapip_tight_v2_240419_Kp_BCS_etapi0const/bsub_log//MC15ri_etapip_gg_fitv6_toyMC_100_171.log"> in cluster <centralcluster> Done

Job <bash -c "basf2 etapip_gg_fit_v6_toymc_100.py 171 > /home/belle2/jaeyoung/storage_ghi/Ntuples_ghi_2/MC15ri_generic/MC15ri_etaetapip_tight_v2_240419_Kp_BCS_etapi0const/bsub_log//MC15ri_etapip_gg_fitv6_toyMC_100_171.log"> was submitted from host <ccw02> by user <jaeyoung> in cluster <centralcluster> at Sat Jul 20 14:39:02 2024
Job was executed on host(s) <ccb541>, in queue <s>, as user <jaeyoung> in cluster <centralcluster> at Sat Jul 20 14:40:20 2024
</home/belle2/jaeyoung> was used as the home directory.
</home/belle2/jaeyoung/workspace/DRAW_and_FITTING/main/FITTING/etapip/MC15ri_generic/tight_v2_fit_v6/ToyMC> was used as the working directory.
Started at Sat Jul 20 14:40:20 2024
Terminated at Sat Jul 20 15:28:32 2024
Results reported at Sat Jul 20 15:28:32 2024

Your job looked like:

------------------------------------------------------------
# LSBATCH: User input
bash -c "basf2 etapip_gg_fit_v6_toymc_100.py 171 > /home/belle2/jaeyoung/storage_ghi/Ntuples_ghi_2/MC15ri_generic/MC15ri_etaetapip_tight_v2_240419_Kp_BCS_etapi0const/bsub_log//MC15ri_etapip_gg_fitv6_toyMC_100_171.log"
------------------------------------------------------------

Successfully completed.

Resource usage summary:

    CPU time :                                   2871.65 sec.
    Max Memory :                                 1311 MB
    Average Memory :                             934.31 MB
    Total Requested Memory :                     4000.00 MB
    Delta Memory :                               2689.00 MB
    Max Swap :                                   -
    Max Processes :                              19
    Max Threads :                                20
    Run time :                                   2892 sec.
    Turnaround time :                            2970 sec.

The output (if any) follows:



PS:

Read file <./bsub_log/171.err> for stderr output of this job.

Sender: LSF System <lsfadmin@ccb183>
Subject: Job 53029650: <bash -c "basf2 etapip_gg_fit_v6_toymc_100.py 171 > /home/belle2/jaeyoung/storage_ghi/Ntuples_ghi_2/MC15ri_generic/MC15ri_etaetapip_tight_v2_240419_Kp_BCS_etapi0const/bsub_log//MC15ri_etapip_gg_fitv6_toyMC_100_171.log"> in cluster <centralcluster> Done

Job <bash -c "basf2 etapip_gg_fit_v6_toymc_100.py 171 > /home/belle2/jaeyoung/storage_ghi/Ntuples_ghi_2/MC15ri_generic/MC15ri_etaetapip_tight_v2_240419_Kp_BCS_etapi0const/bsub_log//MC15ri_etapip_gg_fitv6_toyMC_100_171.log"> was submitted from host <ccw03> by user <jaeyoung> in cluster <centralcluster> at Sun Jul 21 17:30:26 2024
Job was executed on host(s) <ccb183>, in queue <s>, as user <jaeyoung> in cluster <centralcluster> at Sun Jul 21 17:30:54 2024
</home/belle2/jaeyoung> was used as the home directory.
</home/belle2/jaeyoung/workspace/DRAW_and_FITTING/main/FITTING/etapip/MC15ri_generic/tight_v2_fit_v6/ToyMC> was used as the working directory.
Started at Sun Jul 21 17:30:54 2024
Terminated at Sun Jul 21 18:19:18 2024
Results reported at Sun Jul 21 18:19:18 2024

Your job looked like:

------------------------------------------------------------
# LSBATCH: User input
bash -c "basf2 etapip_gg_fit_v6_toymc_100.py 171 > /home/belle2/jaeyoung/storage_ghi/Ntuples_ghi_2/MC15ri_generic/MC15ri_etaetapip_tight_v2_240419_Kp_BCS_etapi0const/bsub_log//MC15ri_etapip_gg_fitv6_toyMC_100_171.log"
------------------------------------------------------------

Successfully completed.

Resource usage summary:

    CPU time :                                   2892.12 sec.
    Max Memory :                                 1311 MB
    Average Memory :                             910.85 MB
    Total Requested Memory :                     4000.00 MB
    Delta Memory :                               2689.00 MB
    Max Swap :                                   -
    Max Processes :                              19
    Max Threads :                                20
    Run time :                                   2903 sec.
    Turnaround time :                            2932 sec.

The output (if any) follows:



PS:

Read file <./bsub_log/171.err> for stderr output of this job.

Sender: LSF System <lsfadmin@ccb288>
Subject: Job 53202283: <bash -c "basf2 etapip_gg_fit_v6_toymc_100.py 171 > /home/belle2/jaeyoung/storage_ghi/Ntuples_ghi_2/MC15ri_generic/MC15ri_etaetapip_tight_v2_240419_Kp_BCS_etapi0const/bsub_log//MC15ri_etapip_gg_fitv6_toyMC_100_171.log"> in cluster <centralcluster> Exited

Job <bash -c "basf2 etapip_gg_fit_v6_toymc_100.py 171 > /home/belle2/jaeyoung/storage_ghi/Ntuples_ghi_2/MC15ri_generic/MC15ri_etaetapip_tight_v2_240419_Kp_BCS_etapi0const/bsub_log//MC15ri_etapip_gg_fitv6_toyMC_100_171.log"> was submitted from host <ccw03> by user <jaeyoung> in cluster <centralcluster> at Mon Jul 22 00:49:28 2024
Job was executed on host(s) <ccb288>, in queue <s>, as user <jaeyoung> in cluster <centralcluster> at Mon Jul 22 00:49:50 2024
</home/belle2/jaeyoung> was used as the home directory.
</home/belle2/jaeyoung/workspace/DRAW_and_FITTING/main/FITTING/etapip/MC15ri_generic/tight_v2_fit_v6/ToyMC> was used as the working directory.
Started at Mon Jul 22 00:49:50 2024
Terminated at Mon Jul 22 01:07:16 2024
Results reported at Mon Jul 22 01:07:16 2024

Your job looked like:

------------------------------------------------------------
# LSBATCH: User input
bash -c "basf2 etapip_gg_fit_v6_toymc_100.py 171 > /home/belle2/jaeyoung/storage_ghi/Ntuples_ghi_2/MC15ri_generic/MC15ri_etaetapip_tight_v2_240419_Kp_BCS_etapi0const/bsub_log//MC15ri_etapip_gg_fitv6_toyMC_100_171.log"
------------------------------------------------------------

Exited with exit code 1.

Resource usage summary:

    CPU time :                                   1035.23 sec.
    Max Memory :                                 1255 MB
    Average Memory :                             1168.17 MB
    Total Requested Memory :                     4000.00 MB
    Delta Memory :                               2745.00 MB
    Max Swap :                                   -
    Max Processes :                              19
    Max Threads :                                20
    Run time :                                   1046 sec.
    Turnaround time :                            1068 sec.

The output (if any) follows:



PS:

Read file <./bsub_log/171.err> for stderr output of this job.

Sender: LSF System <lsfadmin@ccb218>
Subject: Job 53406745: <bash -c "basf2 etapip_gg_fit_v6_toymc_100.py 171 > /home/belle2/jaeyoung/storage_ghi/Ntuples_ghi_2/MC15ri_generic/MC15ri_etaetapip_tight_v2_240419_Kp_BCS_etapi0const/bsub_log//MC15ri_etapip_gg_fitv6_toyMC_100_171.log"> in cluster <centralcluster> Done

Job <bash -c "basf2 etapip_gg_fit_v6_toymc_100.py 171 > /home/belle2/jaeyoung/storage_ghi/Ntuples_ghi_2/MC15ri_generic/MC15ri_etaetapip_tight_v2_240419_Kp_BCS_etapi0const/bsub_log//MC15ri_etapip_gg_fitv6_toyMC_100_171.log"> was submitted from host <ccw06> by user <jaeyoung> in cluster <centralcluster> at Mon Jul 22 10:48:24 2024
Job was executed on host(s) <ccb218>, in queue <s>, as user <jaeyoung> in cluster <centralcluster> at Mon Jul 22 10:48:32 2024
</home/belle2/jaeyoung> was used as the home directory.
</home/belle2/jaeyoung/workspace/DRAW_and_FITTING/main/FITTING/etapip/MC15ri_generic/tight_v2_fit_v6/ToyMC> was used as the working directory.
Started at Mon Jul 22 10:48:32 2024
Terminated at Mon Jul 22 11:36:43 2024
Results reported at Mon Jul 22 11:36:43 2024

Your job looked like:

------------------------------------------------------------
# LSBATCH: User input
bash -c "basf2 etapip_gg_fit_v6_toymc_100.py 171 > /home/belle2/jaeyoung/storage_ghi/Ntuples_ghi_2/MC15ri_generic/MC15ri_etaetapip_tight_v2_240419_Kp_BCS_etapi0const/bsub_log//MC15ri_etapip_gg_fitv6_toyMC_100_171.log"
------------------------------------------------------------

Successfully completed.

Resource usage summary:

    CPU time :                                   2881.05 sec.
    Max Memory :                                 1311 MB
    Average Memory :                             962.35 MB
    Total Requested Memory :                     4000.00 MB
    Delta Memory :                               2689.00 MB
    Max Swap :                                   -
    Max Processes :                              19
    Max Threads :                                20
    Run time :                                   2891 sec.
    Turnaround time :                            2899 sec.

The output (if any) follows:



PS:

Read file <./bsub_log/171.err> for stderr output of this job.

Sender: LSF System <lsfadmin@ccb023>
Subject: Job 53598751: <bash -c "basf2 etapip_gg_fit_v6_toymc_100.py 171 > /home/belle2/jaeyoung/storage_ghi/Ntuples_ghi_2/MC15ri_generic/MC15ri_etaetapip_tight_v2_240419_Kp_BCS_etapi0const/bsub_log//MC15ri_etapip_gg_fitv6_toyMC_100_171.log"> in cluster <centralcluster> Done

Job <bash -c "basf2 etapip_gg_fit_v6_toymc_100.py 171 > /home/belle2/jaeyoung/storage_ghi/Ntuples_ghi_2/MC15ri_generic/MC15ri_etaetapip_tight_v2_240419_Kp_BCS_etapi0const/bsub_log//MC15ri_etapip_gg_fitv6_toyMC_100_171.log"> was submitted from host <ccw03> by user <jaeyoung> in cluster <centralcluster> at Mon Jul 22 18:34:29 2024
Job was executed on host(s) <ccb023>, in queue <s>, as user <jaeyoung> in cluster <centralcluster> at Mon Jul 22 18:35:32 2024
</home/belle2/jaeyoung> was used as the home directory.
</home/belle2/jaeyoung/workspace/DRAW_and_FITTING/main/FITTING/etapip/MC15ri_generic/tight_v2_fit_v6/ToyMC> was used as the working directory.
Started at Mon Jul 22 18:35:32 2024
Terminated at Mon Jul 22 19:21:55 2024
Results reported at Mon Jul 22 19:21:55 2024

Your job looked like:

------------------------------------------------------------
# LSBATCH: User input
bash -c "basf2 etapip_gg_fit_v6_toymc_100.py 171 > /home/belle2/jaeyoung/storage_ghi/Ntuples_ghi_2/MC15ri_generic/MC15ri_etaetapip_tight_v2_240419_Kp_BCS_etapi0const/bsub_log//MC15ri_etapip_gg_fitv6_toyMC_100_171.log"
------------------------------------------------------------

Successfully completed.

Resource usage summary:

    CPU time :                                   2767.45 sec.
    Max Memory :                                 1311 MB
    Average Memory :                             947.72 MB
    Total Requested Memory :                     4000.00 MB
    Delta Memory :                               2689.00 MB
    Max Swap :                                   -
    Max Processes :                              19
    Max Threads :                                20
    Run time :                                   2783 sec.
    Turnaround time :                            2846 sec.

The output (if any) follows:



PS:

Read file <./bsub_log/171.err> for stderr output of this job.

Sender: LSF System <lsfadmin@ccb240>
Subject: Job 53831842: <bash -c "basf2 etapip_gg_fit_v6_toymc_100.py 171 > /home/belle2/jaeyoung/storage_ghi/Ntuples_ghi_2/MC15ri_generic/MC15ri_etaetapip_tight_v2_240419_Kp_BCS_etapi0const/bsub_log//MC15ri_etapip_gg_fitv6_toyMC_100_171.log"> in cluster <centralcluster> Done

Job <bash -c "basf2 etapip_gg_fit_v6_toymc_100.py 171 > /home/belle2/jaeyoung/storage_ghi/Ntuples_ghi_2/MC15ri_generic/MC15ri_etaetapip_tight_v2_240419_Kp_BCS_etapi0const/bsub_log//MC15ri_etapip_gg_fitv6_toyMC_100_171.log"> was submitted from host <ccw05> by user <jaeyoung> in cluster <centralcluster> at Tue Jul 23 00:49:15 2024
Job was executed on host(s) <ccb240>, in queue <s>, as user <jaeyoung> in cluster <centralcluster> at Tue Jul 23 00:49:36 2024
</home/belle2/jaeyoung> was used as the home directory.
</home/belle2/jaeyoung/workspace/DRAW_and_FITTING/main/FITTING/etapip/MC15ri_generic/tight_v2_fit_v6/ToyMC> was used as the working directory.
Started at Tue Jul 23 00:49:36 2024
Terminated at Tue Jul 23 01:36:04 2024
Results reported at Tue Jul 23 01:36:04 2024

Your job looked like:

------------------------------------------------------------
# LSBATCH: User input
bash -c "basf2 etapip_gg_fit_v6_toymc_100.py 171 > /home/belle2/jaeyoung/storage_ghi/Ntuples_ghi_2/MC15ri_generic/MC15ri_etaetapip_tight_v2_240419_Kp_BCS_etapi0const/bsub_log//MC15ri_etapip_gg_fitv6_toyMC_100_171.log"
------------------------------------------------------------

Successfully completed.

Resource usage summary:

    CPU time :                                   2779.43 sec.
    Max Memory :                                 1311 MB
    Average Memory :                             940.96 MB
    Total Requested Memory :                     4000.00 MB
    Delta Memory :                               2689.00 MB
    Max Swap :                                   -
    Max Processes :                              19
    Max Threads :                                20
    Run time :                                   2788 sec.
    Turnaround time :                            2809 sec.

The output (if any) follows:



PS:

Read file <./bsub_log/171.err> for stderr output of this job.

Sender: LSF System <lsfadmin@ccb190>
Subject: Job 54397220: <bash -c "basf2 etapip_gg_fit_v6_toymc_100.py 171 > /home/belle2/jaeyoung/storage_ghi/Ntuples_ghi_2/MC15ri_generic/MC15ri_etaetapip_tight_v2_240419_Kp_BCS_etapi0const/bsub_log//MC15ri_etapip_gg_fitv6_toyMC_100_171.log"> in cluster <centralcluster> Done

Job <bash -c "basf2 etapip_gg_fit_v6_toymc_100.py 171 > /home/belle2/jaeyoung/storage_ghi/Ntuples_ghi_2/MC15ri_generic/MC15ri_etaetapip_tight_v2_240419_Kp_BCS_etapi0const/bsub_log//MC15ri_etapip_gg_fitv6_toyMC_100_171.log"> was submitted from host <ccw04> by user <jaeyoung> in cluster <centralcluster> at Tue Jul 23 17:58:34 2024
Job was executed on host(s) <ccb190>, in queue <s>, as user <jaeyoung> in cluster <centralcluster> at Tue Jul 23 18:24:30 2024
</home/belle2/jaeyoung> was used as the home directory.
</home/belle2/jaeyoung/workspace/DRAW_and_FITTING/main/FITTING/etapip/MC15ri_generic/tight_v2_fit_v6/ToyMC> was used as the working directory.
Started at Tue Jul 23 18:24:30 2024
Terminated at Tue Jul 23 19:10:12 2024
Results reported at Tue Jul 23 19:10:12 2024

Your job looked like:

------------------------------------------------------------
# LSBATCH: User input
bash -c "basf2 etapip_gg_fit_v6_toymc_100.py 171 > /home/belle2/jaeyoung/storage_ghi/Ntuples_ghi_2/MC15ri_generic/MC15ri_etaetapip_tight_v2_240419_Kp_BCS_etapi0const/bsub_log//MC15ri_etapip_gg_fitv6_toyMC_100_171.log"
------------------------------------------------------------

Successfully completed.

Resource usage summary:

    CPU time :                                   2731.96 sec.
    Max Memory :                                 1313 MB
    Average Memory :                             954.60 MB
    Total Requested Memory :                     4000.00 MB
    Delta Memory :                               2687.00 MB
    Max Swap :                                   -
    Max Processes :                              19
    Max Threads :                                20
    Run time :                                   2742 sec.
    Turnaround time :                            4298 sec.

The output (if any) follows:



PS:

Read file <./bsub_log/171.err> for stderr output of this job.

