Sender: LSF System <lsfadmin@ccb537>
Subject: Job 52359274: <bash -c "basf2 etapip_gg_fit_v6_toymc_100.py 175 > /home/belle2/jaeyoung/storage_ghi/Ntuples_ghi_2/MC15ri_generic/MC15ri_etaetapip_tight_v2_240419_Kp_BCS_etapi0const/bsub_log//MC15ri_etapip_gg_fitv6_toyMC_100_175.log"> in cluster <centralcluster> Done

Job <bash -c "basf2 etapip_gg_fit_v6_toymc_100.py 175 > /home/belle2/jaeyoung/storage_ghi/Ntuples_ghi_2/MC15ri_generic/MC15ri_etaetapip_tight_v2_240419_Kp_BCS_etapi0const/bsub_log//MC15ri_etapip_gg_fitv6_toyMC_100_175.log"> was submitted from host <ccw02> by user <jaeyoung> in cluster <centralcluster> at Sat Jul 20 14:39:03 2024
Job was executed on host(s) <ccb537>, in queue <s>, as user <jaeyoung> in cluster <centralcluster> at Sat Jul 20 14:40:23 2024
</home/belle2/jaeyoung> was used as the home directory.
</home/belle2/jaeyoung/workspace/DRAW_and_FITTING/main/FITTING/etapip/MC15ri_generic/tight_v2_fit_v6/ToyMC> was used as the working directory.
Started at Sat Jul 20 14:40:23 2024
Terminated at Sat Jul 20 15:28:11 2024
Results reported at Sat Jul 20 15:28:11 2024

Your job looked like:

------------------------------------------------------------
# LSBATCH: User input
bash -c "basf2 etapip_gg_fit_v6_toymc_100.py 175 > /home/belle2/jaeyoung/storage_ghi/Ntuples_ghi_2/MC15ri_generic/MC15ri_etaetapip_tight_v2_240419_Kp_BCS_etapi0const/bsub_log//MC15ri_etapip_gg_fitv6_toyMC_100_175.log"
------------------------------------------------------------

Successfully completed.

Resource usage summary:

    CPU time :                                   2852.39 sec.
    Max Memory :                                 1311 MB
    Average Memory :                             953.43 MB
    Total Requested Memory :                     4000.00 MB
    Delta Memory :                               2689.00 MB
    Max Swap :                                   -
    Max Processes :                              19
    Max Threads :                                20
    Run time :                                   2869 sec.
    Turnaround time :                            2948 sec.

The output (if any) follows:



PS:

Read file <./bsub_log/175.err> for stderr output of this job.

Sender: LSF System <lsfadmin@ccb116>
Subject: Job 53029665: <bash -c "basf2 etapip_gg_fit_v6_toymc_100.py 175 > /home/belle2/jaeyoung/storage_ghi/Ntuples_ghi_2/MC15ri_generic/MC15ri_etaetapip_tight_v2_240419_Kp_BCS_etapi0const/bsub_log//MC15ri_etapip_gg_fitv6_toyMC_100_175.log"> in cluster <centralcluster> Done

Job <bash -c "basf2 etapip_gg_fit_v6_toymc_100.py 175 > /home/belle2/jaeyoung/storage_ghi/Ntuples_ghi_2/MC15ri_generic/MC15ri_etaetapip_tight_v2_240419_Kp_BCS_etapi0const/bsub_log//MC15ri_etapip_gg_fitv6_toyMC_100_175.log"> was submitted from host <ccw03> by user <jaeyoung> in cluster <centralcluster> at Sun Jul 21 17:30:28 2024
Job was executed on host(s) <ccb116>, in queue <s>, as user <jaeyoung> in cluster <centralcluster> at Sun Jul 21 17:30:57 2024
</home/belle2/jaeyoung> was used as the home directory.
</home/belle2/jaeyoung/workspace/DRAW_and_FITTING/main/FITTING/etapip/MC15ri_generic/tight_v2_fit_v6/ToyMC> was used as the working directory.
Started at Sun Jul 21 17:30:57 2024
Terminated at Sun Jul 21 18:17:21 2024
Results reported at Sun Jul 21 18:17:21 2024

Your job looked like:

------------------------------------------------------------
# LSBATCH: User input
bash -c "basf2 etapip_gg_fit_v6_toymc_100.py 175 > /home/belle2/jaeyoung/storage_ghi/Ntuples_ghi_2/MC15ri_generic/MC15ri_etaetapip_tight_v2_240419_Kp_BCS_etapi0const/bsub_log//MC15ri_etapip_gg_fitv6_toyMC_100_175.log"
------------------------------------------------------------

Successfully completed.

Resource usage summary:

    CPU time :                                   2760.84 sec.
    Max Memory :                                 1311 MB
    Average Memory :                             945.67 MB
    Total Requested Memory :                     4000.00 MB
    Delta Memory :                               2689.00 MB
    Max Swap :                                   -
    Max Processes :                              19
    Max Threads :                                20
    Run time :                                   2784 sec.
    Turnaround time :                            2813 sec.

The output (if any) follows:



PS:

Read file <./bsub_log/175.err> for stderr output of this job.

Sender: LSF System <lsfadmin@ccb152>
Subject: Job 53202302: <bash -c "basf2 etapip_gg_fit_v6_toymc_100.py 175 > /home/belle2/jaeyoung/storage_ghi/Ntuples_ghi_2/MC15ri_generic/MC15ri_etaetapip_tight_v2_240419_Kp_BCS_etapi0const/bsub_log//MC15ri_etapip_gg_fitv6_toyMC_100_175.log"> in cluster <centralcluster> Exited

Job <bash -c "basf2 etapip_gg_fit_v6_toymc_100.py 175 > /home/belle2/jaeyoung/storage_ghi/Ntuples_ghi_2/MC15ri_generic/MC15ri_etaetapip_tight_v2_240419_Kp_BCS_etapi0const/bsub_log//MC15ri_etapip_gg_fitv6_toyMC_100_175.log"> was submitted from host <ccw03> by user <jaeyoung> in cluster <centralcluster> at Mon Jul 22 00:49:29 2024
Job was executed on host(s) <ccb152>, in queue <s>, as user <jaeyoung> in cluster <centralcluster> at Mon Jul 22 00:49:56 2024
</home/belle2/jaeyoung> was used as the home directory.
</home/belle2/jaeyoung/workspace/DRAW_and_FITTING/main/FITTING/etapip/MC15ri_generic/tight_v2_fit_v6/ToyMC> was used as the working directory.
Started at Mon Jul 22 00:49:56 2024
Terminated at Mon Jul 22 01:06:39 2024
Results reported at Mon Jul 22 01:06:39 2024

Your job looked like:

------------------------------------------------------------
# LSBATCH: User input
bash -c "basf2 etapip_gg_fit_v6_toymc_100.py 175 > /home/belle2/jaeyoung/storage_ghi/Ntuples_ghi_2/MC15ri_generic/MC15ri_etaetapip_tight_v2_240419_Kp_BCS_etapi0const/bsub_log//MC15ri_etapip_gg_fitv6_toyMC_100_175.log"
------------------------------------------------------------

Exited with exit code 1.

Resource usage summary:

    CPU time :                                   992.58 sec.
    Max Memory :                                 1258 MB
    Average Memory :                             1166.09 MB
    Total Requested Memory :                     4000.00 MB
    Delta Memory :                               2742.00 MB
    Max Swap :                                   -
    Max Processes :                              19
    Max Threads :                                20
    Run time :                                   1004 sec.
    Turnaround time :                            1030 sec.

The output (if any) follows:



PS:

Read file <./bsub_log/175.err> for stderr output of this job.

Sender: LSF System <lsfadmin@ccb571>
Subject: Job 53406755: <bash -c "basf2 etapip_gg_fit_v6_toymc_100.py 175 > /home/belle2/jaeyoung/storage_ghi/Ntuples_ghi_2/MC15ri_generic/MC15ri_etaetapip_tight_v2_240419_Kp_BCS_etapi0const/bsub_log//MC15ri_etapip_gg_fitv6_toyMC_100_175.log"> in cluster <centralcluster> Done

Job <bash -c "basf2 etapip_gg_fit_v6_toymc_100.py 175 > /home/belle2/jaeyoung/storage_ghi/Ntuples_ghi_2/MC15ri_generic/MC15ri_etaetapip_tight_v2_240419_Kp_BCS_etapi0const/bsub_log//MC15ri_etapip_gg_fitv6_toyMC_100_175.log"> was submitted from host <ccw06> by user <jaeyoung> in cluster <centralcluster> at Mon Jul 22 10:48:25 2024
Job was executed on host(s) <ccb571>, in queue <s>, as user <jaeyoung> in cluster <centralcluster> at Mon Jul 22 10:48:32 2024
</home/belle2/jaeyoung> was used as the home directory.
</home/belle2/jaeyoung/workspace/DRAW_and_FITTING/main/FITTING/etapip/MC15ri_generic/tight_v2_fit_v6/ToyMC> was used as the working directory.
Started at Mon Jul 22 10:48:32 2024
Terminated at Mon Jul 22 11:37:36 2024
Results reported at Mon Jul 22 11:37:36 2024

Your job looked like:

------------------------------------------------------------
# LSBATCH: User input
bash -c "basf2 etapip_gg_fit_v6_toymc_100.py 175 > /home/belle2/jaeyoung/storage_ghi/Ntuples_ghi_2/MC15ri_generic/MC15ri_etaetapip_tight_v2_240419_Kp_BCS_etapi0const/bsub_log//MC15ri_etapip_gg_fitv6_toyMC_100_175.log"
------------------------------------------------------------

Successfully completed.

Resource usage summary:

    CPU time :                                   2873.34 sec.
    Max Memory :                                 1311 MB
    Average Memory :                             949.12 MB
    Total Requested Memory :                     4000.00 MB
    Delta Memory :                               2689.00 MB
    Max Swap :                                   -
    Max Processes :                              19
    Max Threads :                                20
    Run time :                                   2943 sec.
    Turnaround time :                            2951 sec.

The output (if any) follows:



PS:

Read file <./bsub_log/175.err> for stderr output of this job.

Sender: LSF System <lsfadmin@ccb062>
Subject: Job 53598763: <bash -c "basf2 etapip_gg_fit_v6_toymc_100.py 175 > /home/belle2/jaeyoung/storage_ghi/Ntuples_ghi_2/MC15ri_generic/MC15ri_etaetapip_tight_v2_240419_Kp_BCS_etapi0const/bsub_log//MC15ri_etapip_gg_fitv6_toyMC_100_175.log"> in cluster <centralcluster> Done

Job <bash -c "basf2 etapip_gg_fit_v6_toymc_100.py 175 > /home/belle2/jaeyoung/storage_ghi/Ntuples_ghi_2/MC15ri_generic/MC15ri_etaetapip_tight_v2_240419_Kp_BCS_etapi0const/bsub_log//MC15ri_etapip_gg_fitv6_toyMC_100_175.log"> was submitted from host <ccw03> by user <jaeyoung> in cluster <centralcluster> at Mon Jul 22 18:34:31 2024
Job was executed on host(s) <ccb062>, in queue <s>, as user <jaeyoung> in cluster <centralcluster> at Mon Jul 22 18:35:32 2024
</home/belle2/jaeyoung> was used as the home directory.
</home/belle2/jaeyoung/workspace/DRAW_and_FITTING/main/FITTING/etapip/MC15ri_generic/tight_v2_fit_v6/ToyMC> was used as the working directory.
Started at Mon Jul 22 18:35:32 2024
Terminated at Mon Jul 22 19:21:21 2024
Results reported at Mon Jul 22 19:21:21 2024

Your job looked like:

------------------------------------------------------------
# LSBATCH: User input
bash -c "basf2 etapip_gg_fit_v6_toymc_100.py 175 > /home/belle2/jaeyoung/storage_ghi/Ntuples_ghi_2/MC15ri_generic/MC15ri_etaetapip_tight_v2_240419_Kp_BCS_etapi0const/bsub_log//MC15ri_etapip_gg_fitv6_toyMC_100_175.log"
------------------------------------------------------------

Successfully completed.

Resource usage summary:

    CPU time :                                   2740.12 sec.
    Max Memory :                                 1371 MB
    Average Memory :                             1047.81 MB
    Total Requested Memory :                     4000.00 MB
    Delta Memory :                               2629.00 MB
    Max Swap :                                   -
    Max Processes :                              19
    Max Threads :                                20
    Run time :                                   2749 sec.
    Turnaround time :                            2810 sec.

The output (if any) follows:



PS:

Read file <./bsub_log/175.err> for stderr output of this job.

Sender: LSF System <lsfadmin@ccb522>
Subject: Job 53831863: <bash -c "basf2 etapip_gg_fit_v6_toymc_100.py 175 > /home/belle2/jaeyoung/storage_ghi/Ntuples_ghi_2/MC15ri_generic/MC15ri_etaetapip_tight_v2_240419_Kp_BCS_etapi0const/bsub_log//MC15ri_etapip_gg_fitv6_toyMC_100_175.log"> in cluster <centralcluster> Done

Job <bash -c "basf2 etapip_gg_fit_v6_toymc_100.py 175 > /home/belle2/jaeyoung/storage_ghi/Ntuples_ghi_2/MC15ri_generic/MC15ri_etaetapip_tight_v2_240419_Kp_BCS_etapi0const/bsub_log//MC15ri_etapip_gg_fitv6_toyMC_100_175.log"> was submitted from host <ccw05> by user <jaeyoung> in cluster <centralcluster> at Tue Jul 23 00:49:17 2024
Job was executed on host(s) <ccb522>, in queue <s>, as user <jaeyoung> in cluster <centralcluster> at Tue Jul 23 00:49:36 2024
</home/belle2/jaeyoung> was used as the home directory.
</home/belle2/jaeyoung/workspace/DRAW_and_FITTING/main/FITTING/etapip/MC15ri_generic/tight_v2_fit_v6/ToyMC> was used as the working directory.
Started at Tue Jul 23 00:49:36 2024
Terminated at Tue Jul 23 01:36:31 2024
Results reported at Tue Jul 23 01:36:31 2024

Your job looked like:

------------------------------------------------------------
# LSBATCH: User input
bash -c "basf2 etapip_gg_fit_v6_toymc_100.py 175 > /home/belle2/jaeyoung/storage_ghi/Ntuples_ghi_2/MC15ri_generic/MC15ri_etaetapip_tight_v2_240419_Kp_BCS_etapi0const/bsub_log//MC15ri_etapip_gg_fitv6_toyMC_100_175.log"
------------------------------------------------------------

Successfully completed.

Resource usage summary:

    CPU time :                                   2749.61 sec.
    Max Memory :                                 1311 MB
    Average Memory :                             955.91 MB
    Total Requested Memory :                     4000.00 MB
    Delta Memory :                               2689.00 MB
    Max Swap :                                   -
    Max Processes :                              19
    Max Threads :                                20
    Run time :                                   2816 sec.
    Turnaround time :                            2834 sec.

The output (if any) follows:



PS:

Read file <./bsub_log/175.err> for stderr output of this job.

Sender: LSF System <lsfadmin@ccb155>
Subject: Job 54397245: <bash -c "basf2 etapip_gg_fit_v6_toymc_100.py 175 > /home/belle2/jaeyoung/storage_ghi/Ntuples_ghi_2/MC15ri_generic/MC15ri_etaetapip_tight_v2_240419_Kp_BCS_etapi0const/bsub_log//MC15ri_etapip_gg_fitv6_toyMC_100_175.log"> in cluster <centralcluster> Done

Job <bash -c "basf2 etapip_gg_fit_v6_toymc_100.py 175 > /home/belle2/jaeyoung/storage_ghi/Ntuples_ghi_2/MC15ri_generic/MC15ri_etaetapip_tight_v2_240419_Kp_BCS_etapi0const/bsub_log//MC15ri_etapip_gg_fitv6_toyMC_100_175.log"> was submitted from host <ccw04> by user <jaeyoung> in cluster <centralcluster> at Tue Jul 23 17:58:35 2024
Job was executed on host(s) <ccb155>, in queue <s>, as user <jaeyoung> in cluster <centralcluster> at Tue Jul 23 18:24:30 2024
</home/belle2/jaeyoung> was used as the home directory.
</home/belle2/jaeyoung/workspace/DRAW_and_FITTING/main/FITTING/etapip/MC15ri_generic/tight_v2_fit_v6/ToyMC> was used as the working directory.
Started at Tue Jul 23 18:24:30 2024
Terminated at Tue Jul 23 19:12:14 2024
Results reported at Tue Jul 23 19:12:14 2024

Your job looked like:

------------------------------------------------------------
# LSBATCH: User input
bash -c "basf2 etapip_gg_fit_v6_toymc_100.py 175 > /home/belle2/jaeyoung/storage_ghi/Ntuples_ghi_2/MC15ri_generic/MC15ri_etaetapip_tight_v2_240419_Kp_BCS_etapi0const/bsub_log//MC15ri_etapip_gg_fitv6_toyMC_100_175.log"
------------------------------------------------------------

Successfully completed.

Resource usage summary:

    CPU time :                                   2844.27 sec.
    Max Memory :                                 1313 MB
    Average Memory :                             940.66 MB
    Total Requested Memory :                     4000.00 MB
    Delta Memory :                               2687.00 MB
    Max Swap :                                   -
    Max Processes :                              19
    Max Threads :                                20
    Run time :                                   2863 sec.
    Turnaround time :                            4419 sec.

The output (if any) follows:



PS:

Read file <./bsub_log/175.err> for stderr output of this job.

Sender: LSF System <lsfadmin@ccb524>
Subject: Job 54469853: <bash -c "basf2 etapip_gg_fit_v6_toymc_100.py 175 > /home/belle2/jaeyoung/storage_ghi/Ntuples_ghi_2/MC15ri_generic/MC15ri_etaetapip_tight_v2_240419_Kp_BCS_etapi0const/bsub_log//MC15ri_etapip_gg_fitv6_toyMC_100_175.log"> in cluster <centralcluster> Done

Job <bash -c "basf2 etapip_gg_fit_v6_toymc_100.py 175 > /home/belle2/jaeyoung/storage_ghi/Ntuples_ghi_2/MC15ri_generic/MC15ri_etaetapip_tight_v2_240419_Kp_BCS_etapi0const/bsub_log//MC15ri_etapip_gg_fitv6_toyMC_100_175.log"> was submitted from host <ccw03> by user <jaeyoung> in cluster <centralcluster> at Tue Jul 23 19:37:27 2024
Job was executed on host(s) <ccb524>, in queue <s>, as user <jaeyoung> in cluster <centralcluster> at Tue Jul 23 19:37:29 2024
</home/belle2/jaeyoung> was used as the home directory.
</home/belle2/jaeyoung/workspace/DRAW_and_FITTING/main/FITTING/etapip/MC15ri_generic/tight_v2_fit_v6/ToyMC> was used as the working directory.
Started at Tue Jul 23 19:37:29 2024
Terminated at Tue Jul 23 20:24:28 2024
Results reported at Tue Jul 23 20:24:28 2024

Your job looked like:

------------------------------------------------------------
# LSBATCH: User input
bash -c "basf2 etapip_gg_fit_v6_toymc_100.py 175 > /home/belle2/jaeyoung/storage_ghi/Ntuples_ghi_2/MC15ri_generic/MC15ri_etaetapip_tight_v2_240419_Kp_BCS_etapi0const/bsub_log//MC15ri_etapip_gg_fitv6_toyMC_100_175.log"
------------------------------------------------------------

Successfully completed.

Resource usage summary:

    CPU time :                                   2809.92 sec.
    Max Memory :                                 1312 MB
    Average Memory :                             952.01 MB
    Total Requested Memory :                     4000.00 MB
    Delta Memory :                               2688.00 MB
    Max Swap :                                   -
    Max Processes :                              19
    Max Threads :                                20
    Run time :                                   2820 sec.
    Turnaround time :                            2821 sec.

The output (if any) follows:



PS:

Read file <./bsub_log/175.err> for stderr output of this job.

Sender: LSF System <lsfadmin@ccb543>
Subject: Job 55515609: <bash -c "basf2 etapip_gg_fit_v6_toymc_100.py 175 > /home/belle2/jaeyoung/storage_ghi/Ntuples_ghi_2/MC15ri_generic/MC15ri_etaetapip_tight_v2_240419_Kp_BCS_etapi0const/bsub_log//MC15ri_etapip_gg_fitv6_toyMC_100_175.log"> in cluster <centralcluster> Done

Job <bash -c "basf2 etapip_gg_fit_v6_toymc_100.py 175 > /home/belle2/jaeyoung/storage_ghi/Ntuples_ghi_2/MC15ri_generic/MC15ri_etaetapip_tight_v2_240419_Kp_BCS_etapi0const/bsub_log//MC15ri_etapip_gg_fitv6_toyMC_100_175.log"> was submitted from host <ccw01> by user <jaeyoung> in cluster <centralcluster> at Thu Jul 25 20:50:23 2024
Job was executed on host(s) <ccb543>, in queue <s>, as user <jaeyoung> in cluster <centralcluster> at Thu Jul 25 20:50:24 2024
</home/belle2/jaeyoung> was used as the home directory.
</gpfs/home/belle2/jaeyoung/workspace/DRAW_and_FITTING/main/FITTING/etapip/MC15ri_generic/tight_v2_fit_v6/ToyMC> was used as the working directory.
Started at Thu Jul 25 20:50:24 2024
Terminated at Thu Jul 25 21:40:50 2024
Results reported at Thu Jul 25 21:40:50 2024

Your job looked like:

------------------------------------------------------------
# LSBATCH: User input
bash -c "basf2 etapip_gg_fit_v6_toymc_100.py 175 > /home/belle2/jaeyoung/storage_ghi/Ntuples_ghi_2/MC15ri_generic/MC15ri_etaetapip_tight_v2_240419_Kp_BCS_etapi0const/bsub_log//MC15ri_etapip_gg_fitv6_toyMC_100_175.log"
------------------------------------------------------------

Successfully completed.

Resource usage summary:

    CPU time :                                   2905.25 sec.
    Max Memory :                                 1314 MB
    Average Memory :                             985.40 MB
    Total Requested Memory :                     4000.00 MB
    Delta Memory :                               2686.00 MB
    Max Swap :                                   -
    Max Processes :                              19
    Max Threads :                                20
    Run time :                                   3025 sec.
    Turnaround time :                            3027 sec.

The output (if any) follows:



PS:

Read file <./bsub_log/175.err> for stderr output of this job.

Sender: LSF System <lsfadmin@ccb268>
Subject: Job 56102944: <bash -c "basf2 etapip_gg_fit_v6_toymc_100.py 175 > /home/belle2/jaeyoung/storage_ghi/Ntuples_ghi_2/MC15ri_generic/MC15ri_etaetapip_tight_v2_240419_Kp_BCS_etapi0const/bsub_log//MC15ri_etapip_gg_fitv6_toyMC_100_175.log"> in cluster <centralcluster> Done

Job <bash -c "basf2 etapip_gg_fit_v6_toymc_100.py 175 > /home/belle2/jaeyoung/storage_ghi/Ntuples_ghi_2/MC15ri_generic/MC15ri_etaetapip_tight_v2_240419_Kp_BCS_etapi0const/bsub_log//MC15ri_etapip_gg_fitv6_toyMC_100_175.log"> was submitted from host <ccw06> by user <jaeyoung> in cluster <centralcluster> at Fri Jul 26 23:43:29 2024
Job was executed on host(s) <ccb268>, in queue <s>, as user <jaeyoung> in cluster <centralcluster> at Sat Jul 27 00:16:35 2024
</home/belle2/jaeyoung> was used as the home directory.
</home/belle2/jaeyoung/workspace/DRAW_and_FITTING/main/FITTING/etapip/MC15ri_generic/tight_v2_fit_v6/ToyMC> was used as the working directory.
Started at Sat Jul 27 00:16:35 2024
Terminated at Sat Jul 27 00:50:06 2024
Results reported at Sat Jul 27 00:50:06 2024

Your job looked like:

------------------------------------------------------------
# LSBATCH: User input
bash -c "basf2 etapip_gg_fit_v6_toymc_100.py 175 > /home/belle2/jaeyoung/storage_ghi/Ntuples_ghi_2/MC15ri_generic/MC15ri_etaetapip_tight_v2_240419_Kp_BCS_etapi0const/bsub_log//MC15ri_etapip_gg_fitv6_toyMC_100_175.log"
------------------------------------------------------------

Successfully completed.

Resource usage summary:

    CPU time :                                   1962.42 sec.
    Max Memory :                                 915 MB
    Average Memory :                             650.28 MB
    Total Requested Memory :                     4000.00 MB
    Delta Memory :                               3085.00 MB
    Max Swap :                                   -
    Max Processes :                              19
    Max Threads :                                20
    Run time :                                   2011 sec.
    Turnaround time :                            3997 sec.

The output (if any) follows:



PS:

Read file <./bsub_log/175.err> for stderr output of this job.

Sender: LSF System <lsfadmin@ccb552>
Subject: Job 56133511: <bash -c "basf2 etapip_gg_fit_v6_toymc_100.py 175 > /home/belle2/jaeyoung/storage_ghi/Ntuples_ghi_2/MC15ri_generic/MC15ri_etaetapip_tight_v2_240419_Kp_BCS_etapi0const/bsub_log//MC15ri_etapip_gg_fitv6_toyMC_100_175.log"> in cluster <centralcluster> Done

Job <bash -c "basf2 etapip_gg_fit_v6_toymc_100.py 175 > /home/belle2/jaeyoung/storage_ghi/Ntuples_ghi_2/MC15ri_generic/MC15ri_etaetapip_tight_v2_240419_Kp_BCS_etapi0const/bsub_log//MC15ri_etapip_gg_fitv6_toyMC_100_175.log"> was submitted from host <ccw03> by user <jaeyoung> in cluster <centralcluster> at Sat Jul 27 01:12:56 2024
Job was executed on host(s) <ccb552>, in queue <s>, as user <jaeyoung> in cluster <centralcluster> at Sat Jul 27 03:03:56 2024
</home/belle2/jaeyoung> was used as the home directory.
</gpfs/home/belle2/jaeyoung/workspace/DRAW_and_FITTING/main/FITTING/etapip/MC15ri_generic/tight_v2_fit_v6/ToyMC> was used as the working directory.
Started at Sat Jul 27 03:03:56 2024
Terminated at Sat Jul 27 03:44:05 2024
Results reported at Sat Jul 27 03:44:05 2024

Your job looked like:

------------------------------------------------------------
# LSBATCH: User input
bash -c "basf2 etapip_gg_fit_v6_toymc_100.py 175 > /home/belle2/jaeyoung/storage_ghi/Ntuples_ghi_2/MC15ri_generic/MC15ri_etaetapip_tight_v2_240419_Kp_BCS_etapi0const/bsub_log//MC15ri_etapip_gg_fitv6_toyMC_100_175.log"
------------------------------------------------------------

Successfully completed.

Resource usage summary:

    CPU time :                                   2373.59 sec.
    Max Memory :                                 930 MB
    Average Memory :                             674.14 MB
    Total Requested Memory :                     4000.00 MB
    Delta Memory :                               3070.00 MB
    Max Swap :                                   -
    Max Processes :                              19
    Max Threads :                                20
    Run time :                                   2409 sec.
    Turnaround time :                            9069 sec.

The output (if any) follows:



PS:

Read file <./bsub_log/175.err> for stderr output of this job.

