Sender: LSF System <lsfadmin@ccb042>
Subject: Job 52359280: <bash -c "basf2 etapip_gg_fit_v6_toymc_100.py 178 > /home/belle2/jaeyoung/storage_ghi/Ntuples_ghi_2/MC15ri_generic/MC15ri_etaetapip_tight_v2_240419_Kp_BCS_etapi0const/bsub_log//MC15ri_etapip_gg_fitv6_toyMC_100_178.log"> in cluster <centralcluster> Done

Job <bash -c "basf2 etapip_gg_fit_v6_toymc_100.py 178 > /home/belle2/jaeyoung/storage_ghi/Ntuples_ghi_2/MC15ri_generic/MC15ri_etaetapip_tight_v2_240419_Kp_BCS_etapi0const/bsub_log//MC15ri_etapip_gg_fitv6_toyMC_100_178.log"> was submitted from host <ccw02> by user <jaeyoung> in cluster <centralcluster> at Sat Jul 20 14:39:04 2024
Job was executed on host(s) <ccb042>, in queue <s>, as user <jaeyoung> in cluster <centralcluster> at Sat Jul 20 14:40:27 2024
</home/belle2/jaeyoung> was used as the home directory.
</home/belle2/jaeyoung/workspace/DRAW_and_FITTING/main/FITTING/etapip/MC15ri_generic/tight_v2_fit_v6/ToyMC> was used as the working directory.
Started at Sat Jul 20 14:40:27 2024
Terminated at Sat Jul 20 15:27:52 2024
Results reported at Sat Jul 20 15:27:52 2024

Your job looked like:

------------------------------------------------------------
# LSBATCH: User input
bash -c "basf2 etapip_gg_fit_v6_toymc_100.py 178 > /home/belle2/jaeyoung/storage_ghi/Ntuples_ghi_2/MC15ri_generic/MC15ri_etaetapip_tight_v2_240419_Kp_BCS_etapi0const/bsub_log//MC15ri_etapip_gg_fitv6_toyMC_100_178.log"
------------------------------------------------------------

Successfully completed.

Resource usage summary:

    CPU time :                                   2808.55 sec.
    Max Memory :                                 1311 MB
    Average Memory :                             944.43 MB
    Total Requested Memory :                     4000.00 MB
    Delta Memory :                               2689.00 MB
    Max Swap :                                   -
    Max Processes :                              19
    Max Threads :                                20
    Run time :                                   2845 sec.
    Turnaround time :                            2928 sec.

The output (if any) follows:



PS:

Read file <./bsub_log/178.err> for stderr output of this job.

Sender: LSF System <lsfadmin@ccb003>
Subject: Job 53029676: <bash -c "basf2 etapip_gg_fit_v6_toymc_100.py 178 > /home/belle2/jaeyoung/storage_ghi/Ntuples_ghi_2/MC15ri_generic/MC15ri_etaetapip_tight_v2_240419_Kp_BCS_etapi0const/bsub_log//MC15ri_etapip_gg_fitv6_toyMC_100_178.log"> in cluster <centralcluster> Done

Job <bash -c "basf2 etapip_gg_fit_v6_toymc_100.py 178 > /home/belle2/jaeyoung/storage_ghi/Ntuples_ghi_2/MC15ri_generic/MC15ri_etaetapip_tight_v2_240419_Kp_BCS_etapi0const/bsub_log//MC15ri_etapip_gg_fitv6_toyMC_100_178.log"> was submitted from host <ccw03> by user <jaeyoung> in cluster <centralcluster> at Sun Jul 21 17:30:29 2024
Job was executed on host(s) <ccb003>, in queue <s>, as user <jaeyoung> in cluster <centralcluster> at Sun Jul 21 17:30:57 2024
</home/belle2/jaeyoung> was used as the home directory.
</home/belle2/jaeyoung/workspace/DRAW_and_FITTING/main/FITTING/etapip/MC15ri_generic/tight_v2_fit_v6/ToyMC> was used as the working directory.
Started at Sun Jul 21 17:30:57 2024
Terminated at Sun Jul 21 18:19:40 2024
Results reported at Sun Jul 21 18:19:40 2024

Your job looked like:

------------------------------------------------------------
# LSBATCH: User input
bash -c "basf2 etapip_gg_fit_v6_toymc_100.py 178 > /home/belle2/jaeyoung/storage_ghi/Ntuples_ghi_2/MC15ri_generic/MC15ri_etaetapip_tight_v2_240419_Kp_BCS_etapi0const/bsub_log//MC15ri_etapip_gg_fitv6_toyMC_100_178.log"
------------------------------------------------------------

Successfully completed.

Resource usage summary:

    CPU time :                                   2898.73 sec.
    Max Memory :                                 1311 MB
    Average Memory :                             945.98 MB
    Total Requested Memory :                     4000.00 MB
    Delta Memory :                               2689.00 MB
    Max Swap :                                   -
    Max Processes :                              19
    Max Threads :                                20
    Run time :                                   2924 sec.
    Turnaround time :                            2951 sec.

The output (if any) follows:



PS:

Read file <./bsub_log/178.err> for stderr output of this job.

Sender: LSF System <lsfadmin@ccb224>
Subject: Job 53202308: <bash -c "basf2 etapip_gg_fit_v6_toymc_100.py 178 > /home/belle2/jaeyoung/storage_ghi/Ntuples_ghi_2/MC15ri_generic/MC15ri_etaetapip_tight_v2_240419_Kp_BCS_etapi0const/bsub_log//MC15ri_etapip_gg_fitv6_toyMC_100_178.log"> in cluster <centralcluster> Exited

Job <bash -c "basf2 etapip_gg_fit_v6_toymc_100.py 178 > /home/belle2/jaeyoung/storage_ghi/Ntuples_ghi_2/MC15ri_generic/MC15ri_etaetapip_tight_v2_240419_Kp_BCS_etapi0const/bsub_log//MC15ri_etapip_gg_fitv6_toyMC_100_178.log"> was submitted from host <ccw03> by user <jaeyoung> in cluster <centralcluster> at Mon Jul 22 00:49:30 2024
Job was executed on host(s) <ccb224>, in queue <s>, as user <jaeyoung> in cluster <centralcluster> at Mon Jul 22 00:49:59 2024
</home/belle2/jaeyoung> was used as the home directory.
</home/belle2/jaeyoung/workspace/DRAW_and_FITTING/main/FITTING/etapip/MC15ri_generic/tight_v2_fit_v6/ToyMC> was used as the working directory.
Started at Mon Jul 22 00:49:59 2024
Terminated at Mon Jul 22 01:07:09 2024
Results reported at Mon Jul 22 01:07:09 2024

Your job looked like:

------------------------------------------------------------
# LSBATCH: User input
bash -c "basf2 etapip_gg_fit_v6_toymc_100.py 178 > /home/belle2/jaeyoung/storage_ghi/Ntuples_ghi_2/MC15ri_generic/MC15ri_etaetapip_tight_v2_240419_Kp_BCS_etapi0const/bsub_log//MC15ri_etapip_gg_fitv6_toyMC_100_178.log"
------------------------------------------------------------

Exited with exit code 1.

Resource usage summary:

    CPU time :                                   1024.08 sec.
    Max Memory :                                 1314 MB
    Average Memory :                             1215.60 MB
    Total Requested Memory :                     4000.00 MB
    Delta Memory :                               2686.00 MB
    Max Swap :                                   -
    Max Processes :                              19
    Max Threads :                                20
    Run time :                                   1029 sec.
    Turnaround time :                            1059 sec.

The output (if any) follows:



PS:

Read file <./bsub_log/178.err> for stderr output of this job.

Sender: LSF System <lsfadmin@ccb270>
Subject: Job 53406761: <bash -c "basf2 etapip_gg_fit_v6_toymc_100.py 178 > /home/belle2/jaeyoung/storage_ghi/Ntuples_ghi_2/MC15ri_generic/MC15ri_etaetapip_tight_v2_240419_Kp_BCS_etapi0const/bsub_log//MC15ri_etapip_gg_fitv6_toyMC_100_178.log"> in cluster <centralcluster> Done

Job <bash -c "basf2 etapip_gg_fit_v6_toymc_100.py 178 > /home/belle2/jaeyoung/storage_ghi/Ntuples_ghi_2/MC15ri_generic/MC15ri_etaetapip_tight_v2_240419_Kp_BCS_etapi0const/bsub_log//MC15ri_etapip_gg_fitv6_toyMC_100_178.log"> was submitted from host <ccw06> by user <jaeyoung> in cluster <centralcluster> at Mon Jul 22 10:48:26 2024
Job was executed on host(s) <ccb270>, in queue <s>, as user <jaeyoung> in cluster <centralcluster> at Mon Jul 22 10:48:33 2024
</home/belle2/jaeyoung> was used as the home directory.
</home/belle2/jaeyoung/workspace/DRAW_and_FITTING/main/FITTING/etapip/MC15ri_generic/tight_v2_fit_v6/ToyMC> was used as the working directory.
Started at Mon Jul 22 10:48:33 2024
Terminated at Mon Jul 22 11:35:17 2024
Results reported at Mon Jul 22 11:35:17 2024

Your job looked like:

------------------------------------------------------------
# LSBATCH: User input
bash -c "basf2 etapip_gg_fit_v6_toymc_100.py 178 > /home/belle2/jaeyoung/storage_ghi/Ntuples_ghi_2/MC15ri_generic/MC15ri_etaetapip_tight_v2_240419_Kp_BCS_etapi0const/bsub_log//MC15ri_etapip_gg_fitv6_toyMC_100_178.log"
------------------------------------------------------------

Successfully completed.

Resource usage summary:

    CPU time :                                   2769.48 sec.
    Max Memory :                                 1311 MB
    Average Memory :                             936.45 MB
    Total Requested Memory :                     4000.00 MB
    Delta Memory :                               2689.00 MB
    Max Swap :                                   -
    Max Processes :                              19
    Max Threads :                                20
    Run time :                                   2805 sec.
    Turnaround time :                            2811 sec.

The output (if any) follows:



PS:

Read file <./bsub_log/178.err> for stderr output of this job.

Sender: LSF System <lsfadmin@ccb035>
Subject: Job 53598772: <bash -c "basf2 etapip_gg_fit_v6_toymc_100.py 178 > /home/belle2/jaeyoung/storage_ghi/Ntuples_ghi_2/MC15ri_generic/MC15ri_etaetapip_tight_v2_240419_Kp_BCS_etapi0const/bsub_log//MC15ri_etapip_gg_fitv6_toyMC_100_178.log"> in cluster <centralcluster> Done

Job <bash -c "basf2 etapip_gg_fit_v6_toymc_100.py 178 > /home/belle2/jaeyoung/storage_ghi/Ntuples_ghi_2/MC15ri_generic/MC15ri_etaetapip_tight_v2_240419_Kp_BCS_etapi0const/bsub_log//MC15ri_etapip_gg_fitv6_toyMC_100_178.log"> was submitted from host <ccw03> by user <jaeyoung> in cluster <centralcluster> at Mon Jul 22 18:34:32 2024
Job was executed on host(s) <ccb035>, in queue <s>, as user <jaeyoung> in cluster <centralcluster> at Mon Jul 22 18:35:33 2024
</home/belle2/jaeyoung> was used as the home directory.
</home/belle2/jaeyoung/workspace/DRAW_and_FITTING/main/FITTING/etapip/MC15ri_generic/tight_v2_fit_v6/ToyMC> was used as the working directory.
Started at Mon Jul 22 18:35:33 2024
Terminated at Mon Jul 22 19:22:14 2024
Results reported at Mon Jul 22 19:22:14 2024

Your job looked like:

------------------------------------------------------------
# LSBATCH: User input
bash -c "basf2 etapip_gg_fit_v6_toymc_100.py 178 > /home/belle2/jaeyoung/storage_ghi/Ntuples_ghi_2/MC15ri_generic/MC15ri_etaetapip_tight_v2_240419_Kp_BCS_etapi0const/bsub_log//MC15ri_etapip_gg_fitv6_toyMC_100_178.log"
------------------------------------------------------------

Successfully completed.

Resource usage summary:

    CPU time :                                   2785.42 sec.
    Max Memory :                                 1311 MB
    Average Memory :                             933.53 MB
    Total Requested Memory :                     4000.00 MB
    Delta Memory :                               2689.00 MB
    Max Swap :                                   -
    Max Processes :                              19
    Max Threads :                                20
    Run time :                                   2803 sec.
    Turnaround time :                            2862 sec.

The output (if any) follows:



PS:

Read file <./bsub_log/178.err> for stderr output of this job.

Sender: LSF System <lsfadmin@ccb280>
Subject: Job 53831876: <bash -c "basf2 etapip_gg_fit_v6_toymc_100.py 178 > /home/belle2/jaeyoung/storage_ghi/Ntuples_ghi_2/MC15ri_generic/MC15ri_etaetapip_tight_v2_240419_Kp_BCS_etapi0const/bsub_log//MC15ri_etapip_gg_fitv6_toyMC_100_178.log"> in cluster <centralcluster> Done

Job <bash -c "basf2 etapip_gg_fit_v6_toymc_100.py 178 > /home/belle2/jaeyoung/storage_ghi/Ntuples_ghi_2/MC15ri_generic/MC15ri_etaetapip_tight_v2_240419_Kp_BCS_etapi0const/bsub_log//MC15ri_etapip_gg_fitv6_toyMC_100_178.log"> was submitted from host <ccw05> by user <jaeyoung> in cluster <centralcluster> at Tue Jul 23 00:49:18 2024
Job was executed on host(s) <ccb280>, in queue <s>, as user <jaeyoung> in cluster <centralcluster> at Tue Jul 23 00:49:36 2024
</home/belle2/jaeyoung> was used as the home directory.
</home/belle2/jaeyoung/workspace/DRAW_and_FITTING/main/FITTING/etapip/MC15ri_generic/tight_v2_fit_v6/ToyMC> was used as the working directory.
Started at Tue Jul 23 00:49:36 2024
Terminated at Tue Jul 23 01:35:41 2024
Results reported at Tue Jul 23 01:35:41 2024

Your job looked like:

------------------------------------------------------------
# LSBATCH: User input
bash -c "basf2 etapip_gg_fit_v6_toymc_100.py 178 > /home/belle2/jaeyoung/storage_ghi/Ntuples_ghi_2/MC15ri_generic/MC15ri_etaetapip_tight_v2_240419_Kp_BCS_etapi0const/bsub_log//MC15ri_etapip_gg_fitv6_toyMC_100_178.log"
------------------------------------------------------------

Successfully completed.

Resource usage summary:

    CPU time :                                   2707.30 sec.
    Max Memory :                                 1311 MB
    Average Memory :                             952.28 MB
    Total Requested Memory :                     4000.00 MB
    Delta Memory :                               2689.00 MB
    Max Swap :                                   -
    Max Processes :                              19
    Max Threads :                                20
    Run time :                                   2766 sec.
    Turnaround time :                            2783 sec.

The output (if any) follows:



PS:

Read file <./bsub_log/178.err> for stderr output of this job.

Sender: LSF System <lsfadmin@ccb096>
Subject: Job 54397261: <bash -c "basf2 etapip_gg_fit_v6_toymc_100.py 178 > /home/belle2/jaeyoung/storage_ghi/Ntuples_ghi_2/MC15ri_generic/MC15ri_etaetapip_tight_v2_240419_Kp_BCS_etapi0const/bsub_log//MC15ri_etapip_gg_fitv6_toyMC_100_178.log"> in cluster <centralcluster> Done

Job <bash -c "basf2 etapip_gg_fit_v6_toymc_100.py 178 > /home/belle2/jaeyoung/storage_ghi/Ntuples_ghi_2/MC15ri_generic/MC15ri_etaetapip_tight_v2_240419_Kp_BCS_etapi0const/bsub_log//MC15ri_etapip_gg_fitv6_toyMC_100_178.log"> was submitted from host <ccw04> by user <jaeyoung> in cluster <centralcluster> at Tue Jul 23 17:58:36 2024
Job was executed on host(s) <ccb096>, in queue <s>, as user <jaeyoung> in cluster <centralcluster> at Tue Jul 23 18:24:30 2024
</home/belle2/jaeyoung> was used as the home directory.
</home/belle2/jaeyoung/workspace/DRAW_and_FITTING/main/FITTING/etapip/MC15ri_generic/tight_v2_fit_v6/ToyMC> was used as the working directory.
Started at Tue Jul 23 18:24:30 2024
Terminated at Tue Jul 23 19:12:20 2024
Results reported at Tue Jul 23 19:12:20 2024

Your job looked like:

------------------------------------------------------------
# LSBATCH: User input
bash -c "basf2 etapip_gg_fit_v6_toymc_100.py 178 > /home/belle2/jaeyoung/storage_ghi/Ntuples_ghi_2/MC15ri_generic/MC15ri_etaetapip_tight_v2_240419_Kp_BCS_etapi0const/bsub_log//MC15ri_etapip_gg_fitv6_toyMC_100_178.log"
------------------------------------------------------------

Successfully completed.

Resource usage summary:

    CPU time :                                   2827.89 sec.
    Max Memory :                                 1313 MB
    Average Memory :                             946.14 MB
    Total Requested Memory :                     4000.00 MB
    Delta Memory :                               2687.00 MB
    Max Swap :                                   -
    Max Processes :                              19
    Max Threads :                                20
    Run time :                                   2871 sec.
    Turnaround time :                            4424 sec.

The output (if any) follows:



PS:

Read file <./bsub_log/178.err> for stderr output of this job.

