Sender: LSF System <lsfadmin@ccb513>
Subject: Job 52359284: <bash -c "basf2 etapip_gg_fit_v6_toymc_100.py 180 > /home/belle2/jaeyoung/storage_ghi/Ntuples_ghi_2/MC15ri_generic/MC15ri_etaetapip_tight_v2_240419_Kp_BCS_etapi0const/bsub_log//MC15ri_etapip_gg_fitv6_toyMC_100_180.log"> in cluster <centralcluster> Done

Job <bash -c "basf2 etapip_gg_fit_v6_toymc_100.py 180 > /home/belle2/jaeyoung/storage_ghi/Ntuples_ghi_2/MC15ri_generic/MC15ri_etaetapip_tight_v2_240419_Kp_BCS_etapi0const/bsub_log//MC15ri_etapip_gg_fitv6_toyMC_100_180.log"> was submitted from host <ccw02> by user <jaeyoung> in cluster <centralcluster> at Sat Jul 20 14:39:05 2024
Job was executed on host(s) <ccb513>, in queue <s>, as user <jaeyoung> in cluster <centralcluster> at Sat Jul 20 14:40:27 2024
</home/belle2/jaeyoung> was used as the home directory.
</home/belle2/jaeyoung/workspace/DRAW_and_FITTING/main/FITTING/etapip/MC15ri_generic/tight_v2_fit_v6/ToyMC> was used as the working directory.
Started at Sat Jul 20 14:40:27 2024
Terminated at Sat Jul 20 15:30:03 2024
Results reported at Sat Jul 20 15:30:03 2024

Your job looked like:

------------------------------------------------------------
# LSBATCH: User input
bash -c "basf2 etapip_gg_fit_v6_toymc_100.py 180 > /home/belle2/jaeyoung/storage_ghi/Ntuples_ghi_2/MC15ri_generic/MC15ri_etaetapip_tight_v2_240419_Kp_BCS_etapi0const/bsub_log//MC15ri_etapip_gg_fitv6_toyMC_100_180.log"
------------------------------------------------------------

Successfully completed.

Resource usage summary:

    CPU time :                                   2942.67 sec.
    Max Memory :                                 1311 MB
    Average Memory :                             951.73 MB
    Total Requested Memory :                     4000.00 MB
    Delta Memory :                               2689.00 MB
    Max Swap :                                   -
    Max Processes :                              19
    Max Threads :                                20
    Run time :                                   2977 sec.
    Turnaround time :                            3058 sec.

The output (if any) follows:



PS:

Read file <./bsub_log/180.err> for stderr output of this job.

Sender: LSF System <lsfadmin@ccb028>
Subject: Job 53029683: <bash -c "basf2 etapip_gg_fit_v6_toymc_100.py 180 > /home/belle2/jaeyoung/storage_ghi/Ntuples_ghi_2/MC15ri_generic/MC15ri_etaetapip_tight_v2_240419_Kp_BCS_etapi0const/bsub_log//MC15ri_etapip_gg_fitv6_toyMC_100_180.log"> in cluster <centralcluster> Done

Job <bash -c "basf2 etapip_gg_fit_v6_toymc_100.py 180 > /home/belle2/jaeyoung/storage_ghi/Ntuples_ghi_2/MC15ri_generic/MC15ri_etaetapip_tight_v2_240419_Kp_BCS_etapi0const/bsub_log//MC15ri_etapip_gg_fitv6_toyMC_100_180.log"> was submitted from host <ccw03> by user <jaeyoung> in cluster <centralcluster> at Sun Jul 21 17:30:29 2024
Job was executed on host(s) <ccb028>, in queue <s>, as user <jaeyoung> in cluster <centralcluster> at Sun Jul 21 17:30:58 2024
</home/belle2/jaeyoung> was used as the home directory.
</home/belle2/jaeyoung/workspace/DRAW_and_FITTING/main/FITTING/etapip/MC15ri_generic/tight_v2_fit_v6/ToyMC> was used as the working directory.
Started at Sun Jul 21 17:30:58 2024
Terminated at Sun Jul 21 18:20:13 2024
Results reported at Sun Jul 21 18:20:13 2024

Your job looked like:

------------------------------------------------------------
# LSBATCH: User input
bash -c "basf2 etapip_gg_fit_v6_toymc_100.py 180 > /home/belle2/jaeyoung/storage_ghi/Ntuples_ghi_2/MC15ri_generic/MC15ri_etaetapip_tight_v2_240419_Kp_BCS_etapi0const/bsub_log//MC15ri_etapip_gg_fitv6_toyMC_100_180.log"
------------------------------------------------------------

Successfully completed.

Resource usage summary:

    CPU time :                                   2946.06 sec.
    Max Memory :                                 1311 MB
    Average Memory :                             969.74 MB
    Total Requested Memory :                     4000.00 MB
    Delta Memory :                               2689.00 MB
    Max Swap :                                   -
    Max Processes :                              19
    Max Threads :                                20
    Run time :                                   2955 sec.
    Turnaround time :                            2984 sec.

The output (if any) follows:



PS:

Read file <./bsub_log/180.err> for stderr output of this job.

Sender: LSF System <lsfadmin@ccb159>
Subject: Job 53202312: <bash -c "basf2 etapip_gg_fit_v6_toymc_100.py 180 > /home/belle2/jaeyoung/storage_ghi/Ntuples_ghi_2/MC15ri_generic/MC15ri_etaetapip_tight_v2_240419_Kp_BCS_etapi0const/bsub_log//MC15ri_etapip_gg_fitv6_toyMC_100_180.log"> in cluster <centralcluster> Exited

Job <bash -c "basf2 etapip_gg_fit_v6_toymc_100.py 180 > /home/belle2/jaeyoung/storage_ghi/Ntuples_ghi_2/MC15ri_generic/MC15ri_etaetapip_tight_v2_240419_Kp_BCS_etapi0const/bsub_log//MC15ri_etapip_gg_fitv6_toyMC_100_180.log"> was submitted from host <ccw03> by user <jaeyoung> in cluster <centralcluster> at Mon Jul 22 00:49:31 2024
Job was executed on host(s) <ccb159>, in queue <s>, as user <jaeyoung> in cluster <centralcluster> at Mon Jul 22 00:50:00 2024
</home/belle2/jaeyoung> was used as the home directory.
</home/belle2/jaeyoung/workspace/DRAW_and_FITTING/main/FITTING/etapip/MC15ri_generic/tight_v2_fit_v6/ToyMC> was used as the working directory.
Started at Mon Jul 22 00:50:00 2024
Terminated at Mon Jul 22 01:07:16 2024
Results reported at Mon Jul 22 01:07:16 2024

Your job looked like:

------------------------------------------------------------
# LSBATCH: User input
bash -c "basf2 etapip_gg_fit_v6_toymc_100.py 180 > /home/belle2/jaeyoung/storage_ghi/Ntuples_ghi_2/MC15ri_generic/MC15ri_etaetapip_tight_v2_240419_Kp_BCS_etapi0const/bsub_log//MC15ri_etapip_gg_fitv6_toyMC_100_180.log"
------------------------------------------------------------

Exited with exit code 1.

Resource usage summary:

    CPU time :                                   1030.98 sec.
    Max Memory :                                 1253 MB
    Average Memory :                             1156.26 MB
    Total Requested Memory :                     4000.00 MB
    Delta Memory :                               2747.00 MB
    Max Swap :                                   -
    Max Processes :                              19
    Max Threads :                                20
    Run time :                                   1037 sec.
    Turnaround time :                            1065 sec.

The output (if any) follows:



PS:

Read file <./bsub_log/180.err> for stderr output of this job.

Sender: LSF System <lsfadmin@ccb219>
Subject: Job 53406765: <bash -c "basf2 etapip_gg_fit_v6_toymc_100.py 180 > /home/belle2/jaeyoung/storage_ghi/Ntuples_ghi_2/MC15ri_generic/MC15ri_etaetapip_tight_v2_240419_Kp_BCS_etapi0const/bsub_log//MC15ri_etapip_gg_fitv6_toyMC_100_180.log"> in cluster <centralcluster> Done

Job <bash -c "basf2 etapip_gg_fit_v6_toymc_100.py 180 > /home/belle2/jaeyoung/storage_ghi/Ntuples_ghi_2/MC15ri_generic/MC15ri_etaetapip_tight_v2_240419_Kp_BCS_etapi0const/bsub_log//MC15ri_etapip_gg_fitv6_toyMC_100_180.log"> was submitted from host <ccw06> by user <jaeyoung> in cluster <centralcluster> at Mon Jul 22 10:48:26 2024
Job was executed on host(s) <ccb219>, in queue <s>, as user <jaeyoung> in cluster <centralcluster> at Mon Jul 22 10:48:33 2024
</home/belle2/jaeyoung> was used as the home directory.
</home/belle2/jaeyoung/workspace/DRAW_and_FITTING/main/FITTING/etapip/MC15ri_generic/tight_v2_fit_v6/ToyMC> was used as the working directory.
Started at Mon Jul 22 10:48:33 2024
Terminated at Mon Jul 22 11:36:12 2024
Results reported at Mon Jul 22 11:36:12 2024

Your job looked like:

------------------------------------------------------------
# LSBATCH: User input
bash -c "basf2 etapip_gg_fit_v6_toymc_100.py 180 > /home/belle2/jaeyoung/storage_ghi/Ntuples_ghi_2/MC15ri_generic/MC15ri_etaetapip_tight_v2_240419_Kp_BCS_etapi0const/bsub_log//MC15ri_etapip_gg_fitv6_toyMC_100_180.log"
------------------------------------------------------------

Successfully completed.

Resource usage summary:

    CPU time :                                   2840.94 sec.
    Max Memory :                                 1313 MB
    Average Memory :                             966.36 MB
    Total Requested Memory :                     4000.00 MB
    Delta Memory :                               2687.00 MB
    Max Swap :                                   -
    Max Processes :                              19
    Max Threads :                                20
    Run time :                                   2860 sec.
    Turnaround time :                            2866 sec.

The output (if any) follows:



PS:

Read file <./bsub_log/180.err> for stderr output of this job.

Sender: LSF System <lsfadmin@ccb553>
Subject: Job 53598777: <bash -c "basf2 etapip_gg_fit_v6_toymc_100.py 180 > /home/belle2/jaeyoung/storage_ghi/Ntuples_ghi_2/MC15ri_generic/MC15ri_etaetapip_tight_v2_240419_Kp_BCS_etapi0const/bsub_log//MC15ri_etapip_gg_fitv6_toyMC_100_180.log"> in cluster <centralcluster> Done

Job <bash -c "basf2 etapip_gg_fit_v6_toymc_100.py 180 > /home/belle2/jaeyoung/storage_ghi/Ntuples_ghi_2/MC15ri_generic/MC15ri_etaetapip_tight_v2_240419_Kp_BCS_etapi0const/bsub_log//MC15ri_etapip_gg_fitv6_toyMC_100_180.log"> was submitted from host <ccw03> by user <jaeyoung> in cluster <centralcluster> at Mon Jul 22 18:34:32 2024
Job was executed on host(s) <ccb553>, in queue <s>, as user <jaeyoung> in cluster <centralcluster> at Mon Jul 22 18:35:33 2024
</home/belle2/jaeyoung> was used as the home directory.
</home/belle2/jaeyoung/workspace/DRAW_and_FITTING/main/FITTING/etapip/MC15ri_generic/tight_v2_fit_v6/ToyMC> was used as the working directory.
Started at Mon Jul 22 18:35:33 2024
Terminated at Mon Jul 22 19:25:03 2024
Results reported at Mon Jul 22 19:25:03 2024

Your job looked like:

------------------------------------------------------------
# LSBATCH: User input
bash -c "basf2 etapip_gg_fit_v6_toymc_100.py 180 > /home/belle2/jaeyoung/storage_ghi/Ntuples_ghi_2/MC15ri_generic/MC15ri_etaetapip_tight_v2_240419_Kp_BCS_etapi0const/bsub_log//MC15ri_etapip_gg_fitv6_toyMC_100_180.log"
------------------------------------------------------------

Successfully completed.

Resource usage summary:

    CPU time :                                   2960.77 sec.
    Max Memory :                                 1311 MB
    Average Memory :                             959.89 MB
    Total Requested Memory :                     4000.00 MB
    Delta Memory :                               2689.00 MB
    Max Swap :                                   -
    Max Processes :                              19
    Max Threads :                                20
    Run time :                                   2970 sec.
    Turnaround time :                            3031 sec.

The output (if any) follows:



PS:

Read file <./bsub_log/180.err> for stderr output of this job.

Sender: LSF System <lsfadmin@ccb026>
Subject: Job 53831886: <bash -c "basf2 etapip_gg_fit_v6_toymc_100.py 180 > /home/belle2/jaeyoung/storage_ghi/Ntuples_ghi_2/MC15ri_generic/MC15ri_etaetapip_tight_v2_240419_Kp_BCS_etapi0const/bsub_log//MC15ri_etapip_gg_fitv6_toyMC_100_180.log"> in cluster <centralcluster> Done

Job <bash -c "basf2 etapip_gg_fit_v6_toymc_100.py 180 > /home/belle2/jaeyoung/storage_ghi/Ntuples_ghi_2/MC15ri_generic/MC15ri_etaetapip_tight_v2_240419_Kp_BCS_etapi0const/bsub_log//MC15ri_etapip_gg_fitv6_toyMC_100_180.log"> was submitted from host <ccw05> by user <jaeyoung> in cluster <centralcluster> at Tue Jul 23 00:49:18 2024
Job was executed on host(s) <ccb026>, in queue <s>, as user <jaeyoung> in cluster <centralcluster> at Tue Jul 23 00:49:37 2024
</home/belle2/jaeyoung> was used as the home directory.
</home/belle2/jaeyoung/workspace/DRAW_and_FITTING/main/FITTING/etapip/MC15ri_generic/tight_v2_fit_v6/ToyMC> was used as the working directory.
Started at Tue Jul 23 00:49:37 2024
Terminated at Tue Jul 23 01:38:16 2024
Results reported at Tue Jul 23 01:38:16 2024

Your job looked like:

------------------------------------------------------------
# LSBATCH: User input
bash -c "basf2 etapip_gg_fit_v6_toymc_100.py 180 > /home/belle2/jaeyoung/storage_ghi/Ntuples_ghi_2/MC15ri_generic/MC15ri_etaetapip_tight_v2_240419_Kp_BCS_etapi0const/bsub_log//MC15ri_etapip_gg_fitv6_toyMC_100_180.log"
------------------------------------------------------------

Successfully completed.

Resource usage summary:

    CPU time :                                   2813.17 sec.
    Max Memory :                                 1311 MB
    Average Memory :                             956.89 MB
    Total Requested Memory :                     4000.00 MB
    Delta Memory :                               2689.00 MB
    Max Swap :                                   -
    Max Processes :                              19
    Max Threads :                                20
    Run time :                                   2920 sec.
    Turnaround time :                            2938 sec.

The output (if any) follows:



PS:

Read file <./bsub_log/180.err> for stderr output of this job.

Sender: LSF System <lsfadmin@ccb539>
Subject: Job 54397281: <bash -c "basf2 etapip_gg_fit_v6_toymc_100.py 180 > /home/belle2/jaeyoung/storage_ghi/Ntuples_ghi_2/MC15ri_generic/MC15ri_etaetapip_tight_v2_240419_Kp_BCS_etapi0const/bsub_log//MC15ri_etapip_gg_fitv6_toyMC_100_180.log"> in cluster <centralcluster> Done

Job <bash -c "basf2 etapip_gg_fit_v6_toymc_100.py 180 > /home/belle2/jaeyoung/storage_ghi/Ntuples_ghi_2/MC15ri_generic/MC15ri_etaetapip_tight_v2_240419_Kp_BCS_etapi0const/bsub_log//MC15ri_etapip_gg_fitv6_toyMC_100_180.log"> was submitted from host <ccw04> by user <jaeyoung> in cluster <centralcluster> at Tue Jul 23 17:58:37 2024
Job was executed on host(s) <ccb539>, in queue <s>, as user <jaeyoung> in cluster <centralcluster> at Tue Jul 23 18:24:30 2024
</home/belle2/jaeyoung> was used as the home directory.
</home/belle2/jaeyoung/workspace/DRAW_and_FITTING/main/FITTING/etapip/MC15ri_generic/tight_v2_fit_v6/ToyMC> was used as the working directory.
Started at Tue Jul 23 18:24:30 2024
Terminated at Tue Jul 23 19:12:06 2024
Results reported at Tue Jul 23 19:12:06 2024

Your job looked like:

------------------------------------------------------------
# LSBATCH: User input
bash -c "basf2 etapip_gg_fit_v6_toymc_100.py 180 > /home/belle2/jaeyoung/storage_ghi/Ntuples_ghi_2/MC15ri_generic/MC15ri_etaetapip_tight_v2_240419_Kp_BCS_etapi0const/bsub_log//MC15ri_etapip_gg_fitv6_toyMC_100_180.log"
------------------------------------------------------------

Successfully completed.

Resource usage summary:

    CPU time :                                   2816.95 sec.
    Max Memory :                                 1314 MB
    Average Memory :                             941.10 MB
    Total Requested Memory :                     4000.00 MB
    Delta Memory :                               2686.00 MB
    Max Swap :                                   -
    Max Processes :                              19
    Max Threads :                                20
    Run time :                                   2857 sec.
    Turnaround time :                            4409 sec.

The output (if any) follows:



PS:

Read file <./bsub_log/180.err> for stderr output of this job.

Sender: LSF System <lsfadmin@ccb031>
Subject: Job 54469880: <bash -c "basf2 etapip_gg_fit_v6_toymc_100.py 180 > /home/belle2/jaeyoung/storage_ghi/Ntuples_ghi_2/MC15ri_generic/MC15ri_etaetapip_tight_v2_240419_Kp_BCS_etapi0const/bsub_log//MC15ri_etapip_gg_fitv6_toyMC_100_180.log"> in cluster <centralcluster> Done

Job <bash -c "basf2 etapip_gg_fit_v6_toymc_100.py 180 > /home/belle2/jaeyoung/storage_ghi/Ntuples_ghi_2/MC15ri_generic/MC15ri_etaetapip_tight_v2_240419_Kp_BCS_etapi0const/bsub_log//MC15ri_etapip_gg_fitv6_toyMC_100_180.log"> was submitted from host <ccw03> by user <jaeyoung> in cluster <centralcluster> at Tue Jul 23 19:37:29 2024
Job was executed on host(s) <ccb031>, in queue <s>, as user <jaeyoung> in cluster <centralcluster> at Tue Jul 23 19:37:30 2024
</home/belle2/jaeyoung> was used as the home directory.
</home/belle2/jaeyoung/workspace/DRAW_and_FITTING/main/FITTING/etapip/MC15ri_generic/tight_v2_fit_v6/ToyMC> was used as the working directory.
Started at Tue Jul 23 19:37:30 2024
Terminated at Tue Jul 23 20:23:14 2024
Results reported at Tue Jul 23 20:23:14 2024

Your job looked like:

------------------------------------------------------------
# LSBATCH: User input
bash -c "basf2 etapip_gg_fit_v6_toymc_100.py 180 > /home/belle2/jaeyoung/storage_ghi/Ntuples_ghi_2/MC15ri_generic/MC15ri_etaetapip_tight_v2_240419_Kp_BCS_etapi0const/bsub_log//MC15ri_etapip_gg_fitv6_toyMC_100_180.log"
------------------------------------------------------------

Successfully completed.

Resource usage summary:

    CPU time :                                   2714.75 sec.
    Max Memory :                                 1311 MB
    Average Memory :                             948.00 MB
    Total Requested Memory :                     4000.00 MB
    Delta Memory :                               2689.00 MB
    Max Swap :                                   -
    Max Processes :                              19
    Max Threads :                                20
    Run time :                                   2745 sec.
    Turnaround time :                            2745 sec.

The output (if any) follows:



PS:

Read file <./bsub_log/180.err> for stderr output of this job.

Sender: LSF System <lsfadmin@ccb114>
Subject: Job 55515622: <bash -c "basf2 etapip_gg_fit_v6_toymc_100.py 180 > /home/belle2/jaeyoung/storage_ghi/Ntuples_ghi_2/MC15ri_generic/MC15ri_etaetapip_tight_v2_240419_Kp_BCS_etapi0const/bsub_log//MC15ri_etapip_gg_fitv6_toyMC_100_180.log"> in cluster <centralcluster> Done

Job <bash -c "basf2 etapip_gg_fit_v6_toymc_100.py 180 > /home/belle2/jaeyoung/storage_ghi/Ntuples_ghi_2/MC15ri_generic/MC15ri_etaetapip_tight_v2_240419_Kp_BCS_etapi0const/bsub_log//MC15ri_etapip_gg_fitv6_toyMC_100_180.log"> was submitted from host <ccw01> by user <jaeyoung> in cluster <centralcluster> at Thu Jul 25 20:50:25 2024
Job was executed on host(s) <ccb114>, in queue <s>, as user <jaeyoung> in cluster <centralcluster> at Thu Jul 25 20:50:26 2024
</home/belle2/jaeyoung> was used as the home directory.
</gpfs/home/belle2/jaeyoung/workspace/DRAW_and_FITTING/main/FITTING/etapip/MC15ri_generic/tight_v2_fit_v6/ToyMC> was used as the working directory.
Started at Thu Jul 25 20:50:26 2024
Terminated at Thu Jul 25 21:39:24 2024
Results reported at Thu Jul 25 21:39:24 2024

Your job looked like:

------------------------------------------------------------
# LSBATCH: User input
bash -c "basf2 etapip_gg_fit_v6_toymc_100.py 180 > /home/belle2/jaeyoung/storage_ghi/Ntuples_ghi_2/MC15ri_generic/MC15ri_etaetapip_tight_v2_240419_Kp_BCS_etapi0const/bsub_log//MC15ri_etapip_gg_fitv6_toyMC_100_180.log"
------------------------------------------------------------

Successfully completed.

Resource usage summary:

    CPU time :                                   2836.35 sec.
    Max Memory :                                 1343 MB
    Average Memory :                             985.16 MB
    Total Requested Memory :                     4000.00 MB
    Delta Memory :                               2657.00 MB
    Max Swap :                                   -
    Max Processes :                              19
    Max Threads :                                20
    Run time :                                   2939 sec.
    Turnaround time :                            2939 sec.

The output (if any) follows:



PS:

Read file <./bsub_log/180.err> for stderr output of this job.

Sender: LSF System <lsfadmin@ccb543>
Subject: Job 56102962: <bash -c "basf2 etapip_gg_fit_v6_toymc_100.py 180 > /home/belle2/jaeyoung/storage_ghi/Ntuples_ghi_2/MC15ri_generic/MC15ri_etaetapip_tight_v2_240419_Kp_BCS_etapi0const/bsub_log//MC15ri_etapip_gg_fitv6_toyMC_100_180.log"> in cluster <centralcluster> Done

Job <bash -c "basf2 etapip_gg_fit_v6_toymc_100.py 180 > /home/belle2/jaeyoung/storage_ghi/Ntuples_ghi_2/MC15ri_generic/MC15ri_etaetapip_tight_v2_240419_Kp_BCS_etapi0const/bsub_log//MC15ri_etapip_gg_fitv6_toyMC_100_180.log"> was submitted from host <ccw06> by user <jaeyoung> in cluster <centralcluster> at Fri Jul 26 23:43:31 2024
Job was executed on host(s) <ccb543>, in queue <s>, as user <jaeyoung> in cluster <centralcluster> at Sat Jul 27 00:16:42 2024
</home/belle2/jaeyoung> was used as the home directory.
</home/belle2/jaeyoung/workspace/DRAW_and_FITTING/main/FITTING/etapip/MC15ri_generic/tight_v2_fit_v6/ToyMC> was used as the working directory.
Started at Sat Jul 27 00:16:42 2024
Terminated at Sat Jul 27 00:51:24 2024
Results reported at Sat Jul 27 00:51:24 2024

Your job looked like:

------------------------------------------------------------
# LSBATCH: User input
bash -c "basf2 etapip_gg_fit_v6_toymc_100.py 180 > /home/belle2/jaeyoung/storage_ghi/Ntuples_ghi_2/MC15ri_generic/MC15ri_etaetapip_tight_v2_240419_Kp_BCS_etapi0const/bsub_log//MC15ri_etapip_gg_fitv6_toyMC_100_180.log"
------------------------------------------------------------

Successfully completed.

Resource usage summary:

    CPU time :                                   2006.49 sec.
    Max Memory :                                 887 MB
    Average Memory :                             648.44 MB
    Total Requested Memory :                     4000.00 MB
    Delta Memory :                               3113.00 MB
    Max Swap :                                   -
    Max Processes :                              19
    Max Threads :                                20
    Run time :                                   2083 sec.
    Turnaround time :                            4073 sec.

The output (if any) follows:



PS:

Read file <./bsub_log/180.err> for stderr output of this job.

Sender: LSF System <lsfadmin@ccb521>
Subject: Job 56133517: <bash -c "basf2 etapip_gg_fit_v6_toymc_100.py 180 > /home/belle2/jaeyoung/storage_ghi/Ntuples_ghi_2/MC15ri_generic/MC15ri_etaetapip_tight_v2_240419_Kp_BCS_etapi0const/bsub_log//MC15ri_etapip_gg_fitv6_toyMC_100_180.log"> in cluster <centralcluster> Done

Job <bash -c "basf2 etapip_gg_fit_v6_toymc_100.py 180 > /home/belle2/jaeyoung/storage_ghi/Ntuples_ghi_2/MC15ri_generic/MC15ri_etaetapip_tight_v2_240419_Kp_BCS_etapi0const/bsub_log//MC15ri_etapip_gg_fitv6_toyMC_100_180.log"> was submitted from host <ccw03> by user <jaeyoung> in cluster <centralcluster> at Sat Jul 27 01:12:57 2024
Job was executed on host(s) <ccb521>, in queue <s>, as user <jaeyoung> in cluster <centralcluster> at Sat Jul 27 03:04:00 2024
</home/belle2/jaeyoung> was used as the home directory.
</gpfs/home/belle2/jaeyoung/workspace/DRAW_and_FITTING/main/FITTING/etapip/MC15ri_generic/tight_v2_fit_v6/ToyMC> was used as the working directory.
Started at Sat Jul 27 03:04:00 2024
Terminated at Sat Jul 27 03:42:25 2024
Results reported at Sat Jul 27 03:42:25 2024

Your job looked like:

------------------------------------------------------------
# LSBATCH: User input
bash -c "basf2 etapip_gg_fit_v6_toymc_100.py 180 > /home/belle2/jaeyoung/storage_ghi/Ntuples_ghi_2/MC15ri_generic/MC15ri_etaetapip_tight_v2_240419_Kp_BCS_etapi0const/bsub_log//MC15ri_etapip_gg_fitv6_toyMC_100_180.log"
------------------------------------------------------------

Successfully completed.

Resource usage summary:

    CPU time :                                   2275.25 sec.
    Max Memory :                                 919 MB
    Average Memory :                             666.52 MB
    Total Requested Memory :                     4000.00 MB
    Delta Memory :                               3081.00 MB
    Max Swap :                                   -
    Max Processes :                              19
    Max Threads :                                20
    Run time :                                   2306 sec.
    Turnaround time :                            8968 sec.

The output (if any) follows:



PS:

Read file <./bsub_log/180.err> for stderr output of this job.

Sender: LSF System <lsfadmin@ccb104>
Subject: Job 57219798: <bash -c "basf2 etapip_gg_fit_v6_toymc_100.py 180 > /home/belle2/jaeyoung/storage_ghi/Ntuples_ghi_2/MC15ri_generic/MC15ri_etaetapip_tight_v2_240419_Kp_BCS_etapi0const/bsub_log//MC15ri_etapip_gg_fitv6_toyMC_100_180.log"> in cluster <centralcluster> Exited

Job <bash -c "basf2 etapip_gg_fit_v6_toymc_100.py 180 > /home/belle2/jaeyoung/storage_ghi/Ntuples_ghi_2/MC15ri_generic/MC15ri_etaetapip_tight_v2_240419_Kp_BCS_etapi0const/bsub_log//MC15ri_etapip_gg_fitv6_toyMC_100_180.log"> was submitted from host <ccx03> by user <jaeyoung> in cluster <centralcluster> at Mon Jul 29 18:44:44 2024
Job was executed on host(s) <ccb104>, in queue <s>, as user <jaeyoung> in cluster <centralcluster> at Mon Jul 29 18:44:45 2024
</home/belle2/jaeyoung> was used as the home directory.
</gpfs/home/belle2/jaeyoung/workspace/DRAW_and_FITTING/main/FITTING/etapip/MC15ri_generic/tight_v2_fit_v6/ToyMC> was used as the working directory.
Started at Mon Jul 29 18:44:45 2024
Terminated at Mon Jul 29 19:47:53 2024
Results reported at Mon Jul 29 19:47:53 2024

Your job looked like:

------------------------------------------------------------
# LSBATCH: User input
bash -c "basf2 etapip_gg_fit_v6_toymc_100.py 180 > /home/belle2/jaeyoung/storage_ghi/Ntuples_ghi_2/MC15ri_generic/MC15ri_etaetapip_tight_v2_240419_Kp_BCS_etapi0const/bsub_log//MC15ri_etapip_gg_fitv6_toyMC_100_180.log"
------------------------------------------------------------

Exited with exit code 1.

Resource usage summary:

    CPU time :                                   3759.80 sec.
    Max Memory :                                 1397 MB
    Average Memory :                             1038.84 MB
    Total Requested Memory :                     4000.00 MB
    Delta Memory :                               2603.00 MB
    Max Swap :                                   -
    Max Processes :                              19
    Max Threads :                                20
    Run time :                                   3788 sec.
    Turnaround time :                            3789 sec.

The output (if any) follows:



PS:

Read file <./bsub_log/180.err> for stderr output of this job.

Sender: LSF System <lsfadmin@ccb152>
Subject: Job 57308192: <bash -c "basf2 etapip_gg_fit_v6_toymc_100.py 180 > /home/belle2/jaeyoung/storage_ghi/Ntuples_ghi_2/MC15ri_generic/MC15ri_etaetapip_tight_v2_240419_Kp_BCS_etapi0const/bsub_log//MC15ri_etapip_gg_fitv6_toyMC_100_180.log"> in cluster <centralcluster> Done

Job <bash -c "basf2 etapip_gg_fit_v6_toymc_100.py 180 > /home/belle2/jaeyoung/storage_ghi/Ntuples_ghi_2/MC15ri_generic/MC15ri_etaetapip_tight_v2_240419_Kp_BCS_etapi0const/bsub_log//MC15ri_etapip_gg_fitv6_toyMC_100_180.log"> was submitted from host <ccw03> by user <jaeyoung> in cluster <centralcluster> at Mon Jul 29 23:02:16 2024
Job was executed on host(s) <ccb152>, in queue <s>, as user <jaeyoung> in cluster <centralcluster> at Mon Jul 29 23:03:06 2024
</home/belle2/jaeyoung> was used as the home directory.
</home/belle2/jaeyoung/workspace/DRAW_and_FITTING/main/FITTING/etapip/MC15ri_generic/tight_v2_fit_v6/ToyMC> was used as the working directory.
Started at Mon Jul 29 23:03:06 2024
Terminated at Tue Jul 30 00:05:07 2024
Results reported at Tue Jul 30 00:05:07 2024

Your job looked like:

------------------------------------------------------------
# LSBATCH: User input
bash -c "basf2 etapip_gg_fit_v6_toymc_100.py 180 > /home/belle2/jaeyoung/storage_ghi/Ntuples_ghi_2/MC15ri_generic/MC15ri_etaetapip_tight_v2_240419_Kp_BCS_etapi0const/bsub_log//MC15ri_etapip_gg_fitv6_toyMC_100_180.log"
------------------------------------------------------------

Successfully completed.

Resource usage summary:

    CPU time :                                   3687.09 sec.
    Max Memory :                                 1433 MB
    Average Memory :                             1045.60 MB
    Total Requested Memory :                     4000.00 MB
    Delta Memory :                               2567.00 MB
    Max Swap :                                   -
    Max Processes :                              19
    Max Threads :                                20
    Run time :                                   3722 sec.
    Turnaround time :                            3771 sec.

The output (if any) follows:



PS:

Read file <./bsub_log/180.err> for stderr output of this job.

Sender: LSF System <lsfadmin@ccb005>
Subject: Job 57389936: <bash -c "basf2 etapip_gg_fit_v6_toymc_100.py 180 > /home/belle2/jaeyoung/storage_ghi/Ntuples_ghi_2/MC15ri_generic/MC15ri_etaetapip_tight_v2_240419_Kp_BCS_etapi0const/bsub_log//MC15ri_etapip_gg_fitv6_toyMC_100_180.log"> in cluster <centralcluster> Done

Job <bash -c "basf2 etapip_gg_fit_v6_toymc_100.py 180 > /home/belle2/jaeyoung/storage_ghi/Ntuples_ghi_2/MC15ri_generic/MC15ri_etaetapip_tight_v2_240419_Kp_BCS_etapi0const/bsub_log//MC15ri_etapip_gg_fitv6_toyMC_100_180.log"> was submitted from host <ccw03> by user <jaeyoung> in cluster <centralcluster> at Tue Jul 30 01:17:05 2024
Job was executed on host(s) <ccb005>, in queue <s>, as user <jaeyoung> in cluster <centralcluster> at Tue Jul 30 01:17:31 2024
</home/belle2/jaeyoung> was used as the home directory.
</home/belle2/jaeyoung/workspace/DRAW_and_FITTING/main/FITTING/etapip/MC15ri_generic/tight_v2_fit_v6/ToyMC> was used as the working directory.
Started at Tue Jul 30 01:17:31 2024
Terminated at Tue Jul 30 02:20:37 2024
Results reported at Tue Jul 30 02:20:37 2024

Your job looked like:

------------------------------------------------------------
# LSBATCH: User input
bash -c "basf2 etapip_gg_fit_v6_toymc_100.py 180 > /home/belle2/jaeyoung/storage_ghi/Ntuples_ghi_2/MC15ri_generic/MC15ri_etaetapip_tight_v2_240419_Kp_BCS_etapi0const/bsub_log//MC15ri_etapip_gg_fitv6_toyMC_100_180.log"
------------------------------------------------------------

Successfully completed.

Resource usage summary:

    CPU time :                                   3723.84 sec.
    Max Memory :                                 1427 MB
    Average Memory :                             1036.76 MB
    Total Requested Memory :                     4000.00 MB
    Delta Memory :                               2573.00 MB
    Max Swap :                                   -
    Max Processes :                              19
    Max Threads :                                20
    Run time :                                   3787 sec.
    Turnaround time :                            3812 sec.

The output (if any) follows:



PS:

Read file <./bsub_log/180.err> for stderr output of this job.

