Sender: LSF System <lsfadmin@ccb041>
Subject: Job 52359287: <bash -c "basf2 etapip_gg_fit_v6_toymc_100.py 181 > /home/belle2/jaeyoung/storage_ghi/Ntuples_ghi_2/MC15ri_generic/MC15ri_etaetapip_tight_v2_240419_Kp_BCS_etapi0const/bsub_log//MC15ri_etapip_gg_fitv6_toyMC_100_181.log"> in cluster <centralcluster> Done

Job <bash -c "basf2 etapip_gg_fit_v6_toymc_100.py 181 > /home/belle2/jaeyoung/storage_ghi/Ntuples_ghi_2/MC15ri_generic/MC15ri_etaetapip_tight_v2_240419_Kp_BCS_etapi0const/bsub_log//MC15ri_etapip_gg_fitv6_toyMC_100_181.log"> was submitted from host <ccw02> by user <jaeyoung> in cluster <centralcluster> at Sat Jul 20 14:39:05 2024
Job was executed on host(s) <ccb041>, in queue <s>, as user <jaeyoung> in cluster <centralcluster> at Sat Jul 20 14:40:27 2024
</home/belle2/jaeyoung> was used as the home directory.
</home/belle2/jaeyoung/workspace/DRAW_and_FITTING/main/FITTING/etapip/MC15ri_generic/tight_v2_fit_v6/ToyMC> was used as the working directory.
Started at Sat Jul 20 14:40:27 2024
Terminated at Sat Jul 20 15:29:58 2024
Results reported at Sat Jul 20 15:29:58 2024

Your job looked like:

------------------------------------------------------------
# LSBATCH: User input
bash -c "basf2 etapip_gg_fit_v6_toymc_100.py 181 > /home/belle2/jaeyoung/storage_ghi/Ntuples_ghi_2/MC15ri_generic/MC15ri_etaetapip_tight_v2_240419_Kp_BCS_etapi0const/bsub_log//MC15ri_etapip_gg_fitv6_toyMC_100_181.log"
------------------------------------------------------------

Successfully completed.

Resource usage summary:

    CPU time :                                   2931.33 sec.
    Max Memory :                                 1311 MB
    Average Memory :                             936.62 MB
    Total Requested Memory :                     4000.00 MB
    Delta Memory :                               2689.00 MB
    Max Swap :                                   -
    Max Processes :                              19
    Max Threads :                                20
    Run time :                                   2971 sec.
    Turnaround time :                            3053 sec.

The output (if any) follows:



PS:

Read file <./bsub_log/181.err> for stderr output of this job.

Sender: LSF System <lsfadmin@ccb509>
Subject: Job 53029687: <bash -c "basf2 etapip_gg_fit_v6_toymc_100.py 181 > /home/belle2/jaeyoung/storage_ghi/Ntuples_ghi_2/MC15ri_generic/MC15ri_etaetapip_tight_v2_240419_Kp_BCS_etapi0const/bsub_log//MC15ri_etapip_gg_fitv6_toyMC_100_181.log"> in cluster <centralcluster> Done

Job <bash -c "basf2 etapip_gg_fit_v6_toymc_100.py 181 > /home/belle2/jaeyoung/storage_ghi/Ntuples_ghi_2/MC15ri_generic/MC15ri_etaetapip_tight_v2_240419_Kp_BCS_etapi0const/bsub_log//MC15ri_etapip_gg_fitv6_toyMC_100_181.log"> was submitted from host <ccw03> by user <jaeyoung> in cluster <centralcluster> at Sun Jul 21 17:30:30 2024
Job was executed on host(s) <ccb509>, in queue <s>, as user <jaeyoung> in cluster <centralcluster> at Sun Jul 21 17:30:58 2024
</home/belle2/jaeyoung> was used as the home directory.
</home/belle2/jaeyoung/workspace/DRAW_and_FITTING/main/FITTING/etapip/MC15ri_generic/tight_v2_fit_v6/ToyMC> was used as the working directory.
Started at Sun Jul 21 17:30:58 2024
Terminated at Sun Jul 21 18:17:45 2024
Results reported at Sun Jul 21 18:17:45 2024

Your job looked like:

------------------------------------------------------------
# LSBATCH: User input
bash -c "basf2 etapip_gg_fit_v6_toymc_100.py 181 > /home/belle2/jaeyoung/storage_ghi/Ntuples_ghi_2/MC15ri_generic/MC15ri_etaetapip_tight_v2_240419_Kp_BCS_etapi0const/bsub_log//MC15ri_etapip_gg_fitv6_toyMC_100_181.log"
------------------------------------------------------------

Successfully completed.

Resource usage summary:

    CPU time :                                   5286.58 sec.
    Max Memory :                                 1311 MB
    Average Memory :                             959.17 MB
    Total Requested Memory :                     4000.00 MB
    Delta Memory :                               2689.00 MB
    Max Swap :                                   -
    Max Processes :                              19
    Max Threads :                                20
    Run time :                                   2807 sec.
    Turnaround time :                            2835 sec.

The output (if any) follows:



PS:

Read file <./bsub_log/181.err> for stderr output of this job.

Sender: LSF System <lsfadmin@ccb156>
Subject: Job 53202314: <bash -c "basf2 etapip_gg_fit_v6_toymc_100.py 181 > /home/belle2/jaeyoung/storage_ghi/Ntuples_ghi_2/MC15ri_generic/MC15ri_etaetapip_tight_v2_240419_Kp_BCS_etapi0const/bsub_log//MC15ri_etapip_gg_fitv6_toyMC_100_181.log"> in cluster <centralcluster> Exited

Job <bash -c "basf2 etapip_gg_fit_v6_toymc_100.py 181 > /home/belle2/jaeyoung/storage_ghi/Ntuples_ghi_2/MC15ri_generic/MC15ri_etaetapip_tight_v2_240419_Kp_BCS_etapi0const/bsub_log//MC15ri_etapip_gg_fitv6_toyMC_100_181.log"> was submitted from host <ccw03> by user <jaeyoung> in cluster <centralcluster> at Mon Jul 22 00:49:31 2024
Job was executed on host(s) <ccb156>, in queue <s>, as user <jaeyoung> in cluster <centralcluster> at Mon Jul 22 00:50:00 2024
</home/belle2/jaeyoung> was used as the home directory.
</home/belle2/jaeyoung/workspace/DRAW_and_FITTING/main/FITTING/etapip/MC15ri_generic/tight_v2_fit_v6/ToyMC> was used as the working directory.
Started at Mon Jul 22 00:50:00 2024
Terminated at Mon Jul 22 01:06:32 2024
Results reported at Mon Jul 22 01:06:32 2024

Your job looked like:

------------------------------------------------------------
# LSBATCH: User input
bash -c "basf2 etapip_gg_fit_v6_toymc_100.py 181 > /home/belle2/jaeyoung/storage_ghi/Ntuples_ghi_2/MC15ri_generic/MC15ri_etaetapip_tight_v2_240419_Kp_BCS_etapi0const/bsub_log//MC15ri_etapip_gg_fitv6_toyMC_100_181.log"
------------------------------------------------------------

Exited with exit code 1.

Resource usage summary:

    CPU time :                                   987.02 sec.
    Max Memory :                                 1258 MB
    Average Memory :                             1171.87 MB
    Total Requested Memory :                     4000.00 MB
    Delta Memory :                               2742.00 MB
    Max Swap :                                   -
    Max Processes :                              19
    Max Threads :                                20
    Run time :                                   993 sec.
    Turnaround time :                            1021 sec.

The output (if any) follows:



PS:

Read file <./bsub_log/181.err> for stderr output of this job.

Sender: LSF System <lsfadmin@ccb533>
Subject: Job 53406767: <bash -c "basf2 etapip_gg_fit_v6_toymc_100.py 181 > /home/belle2/jaeyoung/storage_ghi/Ntuples_ghi_2/MC15ri_generic/MC15ri_etaetapip_tight_v2_240419_Kp_BCS_etapi0const/bsub_log//MC15ri_etapip_gg_fitv6_toyMC_100_181.log"> in cluster <centralcluster> Done

Job <bash -c "basf2 etapip_gg_fit_v6_toymc_100.py 181 > /home/belle2/jaeyoung/storage_ghi/Ntuples_ghi_2/MC15ri_generic/MC15ri_etaetapip_tight_v2_240419_Kp_BCS_etapi0const/bsub_log//MC15ri_etapip_gg_fitv6_toyMC_100_181.log"> was submitted from host <ccw06> by user <jaeyoung> in cluster <centralcluster> at Mon Jul 22 10:48:27 2024
Job was executed on host(s) <ccb533>, in queue <s>, as user <jaeyoung> in cluster <centralcluster> at Mon Jul 22 10:48:33 2024
</home/belle2/jaeyoung> was used as the home directory.
</home/belle2/jaeyoung/workspace/DRAW_and_FITTING/main/FITTING/etapip/MC15ri_generic/tight_v2_fit_v6/ToyMC> was used as the working directory.
Started at Mon Jul 22 10:48:33 2024
Terminated at Mon Jul 22 11:35:51 2024
Results reported at Mon Jul 22 11:35:51 2024

Your job looked like:

------------------------------------------------------------
# LSBATCH: User input
bash -c "basf2 etapip_gg_fit_v6_toymc_100.py 181 > /home/belle2/jaeyoung/storage_ghi/Ntuples_ghi_2/MC15ri_generic/MC15ri_etaetapip_tight_v2_240419_Kp_BCS_etapi0const/bsub_log//MC15ri_etapip_gg_fitv6_toyMC_100_181.log"
------------------------------------------------------------

Successfully completed.

Resource usage summary:

    CPU time :                                   2803.07 sec.
    Max Memory :                                 1311 MB
    Average Memory :                             952.64 MB
    Total Requested Memory :                     4000.00 MB
    Delta Memory :                               2689.00 MB
    Max Swap :                                   -
    Max Processes :                              19
    Max Threads :                                20
    Run time :                                   2838 sec.
    Turnaround time :                            2844 sec.

The output (if any) follows:



PS:

Read file <./bsub_log/181.err> for stderr output of this job.

Sender: LSF System <lsfadmin@ccb548>
Subject: Job 53598780: <bash -c "basf2 etapip_gg_fit_v6_toymc_100.py 181 > /home/belle2/jaeyoung/storage_ghi/Ntuples_ghi_2/MC15ri_generic/MC15ri_etaetapip_tight_v2_240419_Kp_BCS_etapi0const/bsub_log//MC15ri_etapip_gg_fitv6_toyMC_100_181.log"> in cluster <centralcluster> Done

Job <bash -c "basf2 etapip_gg_fit_v6_toymc_100.py 181 > /home/belle2/jaeyoung/storage_ghi/Ntuples_ghi_2/MC15ri_generic/MC15ri_etaetapip_tight_v2_240419_Kp_BCS_etapi0const/bsub_log//MC15ri_etapip_gg_fitv6_toyMC_100_181.log"> was submitted from host <ccw03> by user <jaeyoung> in cluster <centralcluster> at Mon Jul 22 18:34:33 2024
Job was executed on host(s) <ccb548>, in queue <s>, as user <jaeyoung> in cluster <centralcluster> at Mon Jul 22 18:35:33 2024
</home/belle2/jaeyoung> was used as the home directory.
</home/belle2/jaeyoung/workspace/DRAW_and_FITTING/main/FITTING/etapip/MC15ri_generic/tight_v2_fit_v6/ToyMC> was used as the working directory.
Started at Mon Jul 22 18:35:33 2024
Terminated at Mon Jul 22 19:22:53 2024
Results reported at Mon Jul 22 19:22:53 2024

Your job looked like:

------------------------------------------------------------
# LSBATCH: User input
bash -c "basf2 etapip_gg_fit_v6_toymc_100.py 181 > /home/belle2/jaeyoung/storage_ghi/Ntuples_ghi_2/MC15ri_generic/MC15ri_etaetapip_tight_v2_240419_Kp_BCS_etapi0const/bsub_log//MC15ri_etapip_gg_fitv6_toyMC_100_181.log"
------------------------------------------------------------

Successfully completed.

Resource usage summary:

    CPU time :                                   2824.67 sec.
    Max Memory :                                 1311 MB
    Average Memory :                             934.83 MB
    Total Requested Memory :                     4000.00 MB
    Delta Memory :                               2689.00 MB
    Max Swap :                                   -
    Max Processes :                              19
    Max Threads :                                20
    Run time :                                   2840 sec.
    Turnaround time :                            2900 sec.

The output (if any) follows:



PS:

Read file <./bsub_log/181.err> for stderr output of this job.

Sender: LSF System <lsfadmin@ccb169>
Subject: Job 53831890: <bash -c "basf2 etapip_gg_fit_v6_toymc_100.py 181 > /home/belle2/jaeyoung/storage_ghi/Ntuples_ghi_2/MC15ri_generic/MC15ri_etaetapip_tight_v2_240419_Kp_BCS_etapi0const/bsub_log//MC15ri_etapip_gg_fitv6_toyMC_100_181.log"> in cluster <centralcluster> Done

Job <bash -c "basf2 etapip_gg_fit_v6_toymc_100.py 181 > /home/belle2/jaeyoung/storage_ghi/Ntuples_ghi_2/MC15ri_generic/MC15ri_etaetapip_tight_v2_240419_Kp_BCS_etapi0const/bsub_log//MC15ri_etapip_gg_fitv6_toyMC_100_181.log"> was submitted from host <ccw05> by user <jaeyoung> in cluster <centralcluster> at Tue Jul 23 00:49:19 2024
Job was executed on host(s) <ccb169>, in queue <s>, as user <jaeyoung> in cluster <centralcluster> at Tue Jul 23 00:49:38 2024
</home/belle2/jaeyoung> was used as the home directory.
</home/belle2/jaeyoung/workspace/DRAW_and_FITTING/main/FITTING/etapip/MC15ri_generic/tight_v2_fit_v6/ToyMC> was used as the working directory.
Started at Tue Jul 23 00:49:38 2024
Terminated at Tue Jul 23 01:36:13 2024
Results reported at Tue Jul 23 01:36:13 2024

Your job looked like:

------------------------------------------------------------
# LSBATCH: User input
bash -c "basf2 etapip_gg_fit_v6_toymc_100.py 181 > /home/belle2/jaeyoung/storage_ghi/Ntuples_ghi_2/MC15ri_generic/MC15ri_etaetapip_tight_v2_240419_Kp_BCS_etapi0const/bsub_log//MC15ri_etapip_gg_fitv6_toyMC_100_181.log"
------------------------------------------------------------

Successfully completed.

Resource usage summary:

    CPU time :                                   2755.42 sec.
    Max Memory :                                 1311 MB
    Average Memory :                             940.43 MB
    Total Requested Memory :                     4000.00 MB
    Delta Memory :                               2689.00 MB
    Max Swap :                                   -
    Max Processes :                              19
    Max Threads :                                20
    Run time :                                   2795 sec.
    Turnaround time :                            2814 sec.

The output (if any) follows:



PS:

Read file <./bsub_log/181.err> for stderr output of this job.

Sender: LSF System <lsfadmin@ccb140>
Subject: Job 54397297: <bash -c "basf2 etapip_gg_fit_v6_toymc_100.py 181 > /home/belle2/jaeyoung/storage_ghi/Ntuples_ghi_2/MC15ri_generic/MC15ri_etaetapip_tight_v2_240419_Kp_BCS_etapi0const/bsub_log//MC15ri_etapip_gg_fitv6_toyMC_100_181.log"> in cluster <centralcluster> Done

Job <bash -c "basf2 etapip_gg_fit_v6_toymc_100.py 181 > /home/belle2/jaeyoung/storage_ghi/Ntuples_ghi_2/MC15ri_generic/MC15ri_etaetapip_tight_v2_240419_Kp_BCS_etapi0const/bsub_log//MC15ri_etapip_gg_fitv6_toyMC_100_181.log"> was submitted from host <ccw04> by user <jaeyoung> in cluster <centralcluster> at Tue Jul 23 17:58:37 2024
Job was executed on host(s) <ccb140>, in queue <s>, as user <jaeyoung> in cluster <centralcluster> at Tue Jul 23 18:24:31 2024
</home/belle2/jaeyoung> was used as the home directory.
</home/belle2/jaeyoung/workspace/DRAW_and_FITTING/main/FITTING/etapip/MC15ri_generic/tight_v2_fit_v6/ToyMC> was used as the working directory.
Started at Tue Jul 23 18:24:31 2024
Terminated at Tue Jul 23 19:11:02 2024
Results reported at Tue Jul 23 19:11:02 2024

Your job looked like:

------------------------------------------------------------
# LSBATCH: User input
bash -c "basf2 etapip_gg_fit_v6_toymc_100.py 181 > /home/belle2/jaeyoung/storage_ghi/Ntuples_ghi_2/MC15ri_generic/MC15ri_etaetapip_tight_v2_240419_Kp_BCS_etapi0const/bsub_log//MC15ri_etapip_gg_fitv6_toyMC_100_181.log"
------------------------------------------------------------

Successfully completed.

Resource usage summary:

    CPU time :                                   2781.35 sec.
    Max Memory :                                 1313 MB
    Average Memory :                             945.11 MB
    Total Requested Memory :                     4000.00 MB
    Delta Memory :                               2687.00 MB
    Max Swap :                                   -
    Max Processes :                              19
    Max Threads :                                20
    Run time :                                   2791 sec.
    Turnaround time :                            4345 sec.

The output (if any) follows:



PS:

Read file <./bsub_log/181.err> for stderr output of this job.

