Sender: LSF System <lsfadmin@ccb061>
Subject: Job 52359295: <bash -c "basf2 etapip_gg_fit_v6_toymc_100.py 185 > /home/belle2/jaeyoung/storage_ghi/Ntuples_ghi_2/MC15ri_generic/MC15ri_etaetapip_tight_v2_240419_Kp_BCS_etapi0const/bsub_log//MC15ri_etapip_gg_fitv6_toyMC_100_185.log"> in cluster <centralcluster> Done

Job <bash -c "basf2 etapip_gg_fit_v6_toymc_100.py 185 > /home/belle2/jaeyoung/storage_ghi/Ntuples_ghi_2/MC15ri_generic/MC15ri_etaetapip_tight_v2_240419_Kp_BCS_etapi0const/bsub_log//MC15ri_etapip_gg_fitv6_toyMC_100_185.log"> was submitted from host <ccw02> by user <jaeyoung> in cluster <centralcluster> at Sat Jul 20 14:39:07 2024
Job was executed on host(s) <ccb061>, in queue <s>, as user <jaeyoung> in cluster <centralcluster> at Sat Jul 20 14:40:31 2024
</home/belle2/jaeyoung> was used as the home directory.
</home/belle2/jaeyoung/workspace/DRAW_and_FITTING/main/FITTING/etapip/MC15ri_generic/tight_v2_fit_v6/ToyMC> was used as the working directory.
Started at Sat Jul 20 14:40:31 2024
Terminated at Sat Jul 20 15:26:42 2024
Results reported at Sat Jul 20 15:26:42 2024

Your job looked like:

------------------------------------------------------------
# LSBATCH: User input
bash -c "basf2 etapip_gg_fit_v6_toymc_100.py 185 > /home/belle2/jaeyoung/storage_ghi/Ntuples_ghi_2/MC15ri_generic/MC15ri_etaetapip_tight_v2_240419_Kp_BCS_etapi0const/bsub_log//MC15ri_etapip_gg_fitv6_toyMC_100_185.log"
------------------------------------------------------------

Successfully completed.

Resource usage summary:

    CPU time :                                   2763.25 sec.
    Max Memory :                                 1311 MB
    Average Memory :                             955.64 MB
    Total Requested Memory :                     4000.00 MB
    Delta Memory :                               2689.00 MB
    Max Swap :                                   -
    Max Processes :                              19
    Max Threads :                                20
    Run time :                                   2771 sec.
    Turnaround time :                            2855 sec.

The output (if any) follows:



PS:

Read file <./bsub_log/185.err> for stderr output of this job.

Sender: LSF System <lsfadmin@ccb161>
Subject: Job 53029702: <bash -c "basf2 etapip_gg_fit_v6_toymc_100.py 185 > /home/belle2/jaeyoung/storage_ghi/Ntuples_ghi_2/MC15ri_generic/MC15ri_etaetapip_tight_v2_240419_Kp_BCS_etapi0const/bsub_log//MC15ri_etapip_gg_fitv6_toyMC_100_185.log"> in cluster <centralcluster> Done

Job <bash -c "basf2 etapip_gg_fit_v6_toymc_100.py 185 > /home/belle2/jaeyoung/storage_ghi/Ntuples_ghi_2/MC15ri_generic/MC15ri_etaetapip_tight_v2_240419_Kp_BCS_etapi0const/bsub_log//MC15ri_etapip_gg_fitv6_toyMC_100_185.log"> was submitted from host <ccw03> by user <jaeyoung> in cluster <centralcluster> at Sun Jul 21 17:30:31 2024
Job was executed on host(s) <ccb161>, in queue <s>, as user <jaeyoung> in cluster <centralcluster> at Sun Jul 21 17:30:59 2024
</home/belle2/jaeyoung> was used as the home directory.
</home/belle2/jaeyoung/workspace/DRAW_and_FITTING/main/FITTING/etapip/MC15ri_generic/tight_v2_fit_v6/ToyMC> was used as the working directory.
Started at Sun Jul 21 17:30:59 2024
Terminated at Sun Jul 21 18:22:09 2024
Results reported at Sun Jul 21 18:22:09 2024

Your job looked like:

------------------------------------------------------------
# LSBATCH: User input
bash -c "basf2 etapip_gg_fit_v6_toymc_100.py 185 > /home/belle2/jaeyoung/storage_ghi/Ntuples_ghi_2/MC15ri_generic/MC15ri_etaetapip_tight_v2_240419_Kp_BCS_etapi0const/bsub_log//MC15ri_etapip_gg_fitv6_toyMC_100_185.log"
------------------------------------------------------------

Successfully completed.

Resource usage summary:

    CPU time :                                   2978.62 sec.
    Max Memory :                                 1311 MB
    Average Memory :                             951.75 MB
    Total Requested Memory :                     4000.00 MB
    Delta Memory :                               2689.00 MB
    Max Swap :                                   -
    Max Processes :                              19
    Max Threads :                                20
    Run time :                                   3071 sec.
    Turnaround time :                            3098 sec.

The output (if any) follows:



PS:

Read file <./bsub_log/185.err> for stderr output of this job.

Sender: LSF System <lsfadmin@ccb553>
Subject: Job 53202323: <bash -c "basf2 etapip_gg_fit_v6_toymc_100.py 185 > /home/belle2/jaeyoung/storage_ghi/Ntuples_ghi_2/MC15ri_generic/MC15ri_etaetapip_tight_v2_240419_Kp_BCS_etapi0const/bsub_log//MC15ri_etapip_gg_fitv6_toyMC_100_185.log"> in cluster <centralcluster> Exited

Job <bash -c "basf2 etapip_gg_fit_v6_toymc_100.py 185 > /home/belle2/jaeyoung/storage_ghi/Ntuples_ghi_2/MC15ri_generic/MC15ri_etaetapip_tight_v2_240419_Kp_BCS_etapi0const/bsub_log//MC15ri_etapip_gg_fitv6_toyMC_100_185.log"> was submitted from host <ccw03> by user <jaeyoung> in cluster <centralcluster> at Mon Jul 22 00:49:33 2024
Job was executed on host(s) <ccb553>, in queue <s>, as user <jaeyoung> in cluster <centralcluster> at Mon Jul 22 00:50:06 2024
</home/belle2/jaeyoung> was used as the home directory.
</home/belle2/jaeyoung/workspace/DRAW_and_FITTING/main/FITTING/etapip/MC15ri_generic/tight_v2_fit_v6/ToyMC> was used as the working directory.
Started at Mon Jul 22 00:50:06 2024
Terminated at Mon Jul 22 01:07:26 2024
Results reported at Mon Jul 22 01:07:26 2024

Your job looked like:

------------------------------------------------------------
# LSBATCH: User input
bash -c "basf2 etapip_gg_fit_v6_toymc_100.py 185 > /home/belle2/jaeyoung/storage_ghi/Ntuples_ghi_2/MC15ri_generic/MC15ri_etaetapip_tight_v2_240419_Kp_BCS_etapi0const/bsub_log//MC15ri_etapip_gg_fitv6_toyMC_100_185.log"
------------------------------------------------------------

Exited with exit code 1.

Resource usage summary:

    CPU time :                                   1026.96 sec.
    Max Memory :                                 1252 MB
    Average Memory :                             1161.92 MB
    Total Requested Memory :                     4000.00 MB
    Delta Memory :                               2748.00 MB
    Max Swap :                                   -
    Max Processes :                              19
    Max Threads :                                20
    Run time :                                   1041 sec.
    Turnaround time :                            1073 sec.

The output (if any) follows:



PS:

Read file <./bsub_log/185.err> for stderr output of this job.

Sender: LSF System <lsfadmin@ccb037>
Subject: Job 53406776: <bash -c "basf2 etapip_gg_fit_v6_toymc_100.py 185 > /home/belle2/jaeyoung/storage_ghi/Ntuples_ghi_2/MC15ri_generic/MC15ri_etaetapip_tight_v2_240419_Kp_BCS_etapi0const/bsub_log//MC15ri_etapip_gg_fitv6_toyMC_100_185.log"> in cluster <centralcluster> Done

Job <bash -c "basf2 etapip_gg_fit_v6_toymc_100.py 185 > /home/belle2/jaeyoung/storage_ghi/Ntuples_ghi_2/MC15ri_generic/MC15ri_etaetapip_tight_v2_240419_Kp_BCS_etapi0const/bsub_log//MC15ri_etapip_gg_fitv6_toyMC_100_185.log"> was submitted from host <ccw06> by user <jaeyoung> in cluster <centralcluster> at Mon Jul 22 10:48:28 2024
Job was executed on host(s) <ccb037>, in queue <s>, as user <jaeyoung> in cluster <centralcluster> at Mon Jul 22 10:48:35 2024
</home/belle2/jaeyoung> was used as the home directory.
</home/belle2/jaeyoung/workspace/DRAW_and_FITTING/main/FITTING/etapip/MC15ri_generic/tight_v2_fit_v6/ToyMC> was used as the working directory.
Started at Mon Jul 22 10:48:35 2024
Terminated at Mon Jul 22 11:35:19 2024
Results reported at Mon Jul 22 11:35:19 2024

Your job looked like:

------------------------------------------------------------
# LSBATCH: User input
bash -c "basf2 etapip_gg_fit_v6_toymc_100.py 185 > /home/belle2/jaeyoung/storage_ghi/Ntuples_ghi_2/MC15ri_generic/MC15ri_etaetapip_tight_v2_240419_Kp_BCS_etapi0const/bsub_log//MC15ri_etapip_gg_fitv6_toyMC_100_185.log"
------------------------------------------------------------

Successfully completed.

Resource usage summary:

    CPU time :                                   2789.24 sec.
    Max Memory :                                 1329 MB
    Average Memory :                             974.75 MB
    Total Requested Memory :                     4000.00 MB
    Delta Memory :                               2671.00 MB
    Max Swap :                                   -
    Max Processes :                              19
    Max Threads :                                20
    Run time :                                   2805 sec.
    Turnaround time :                            2811 sec.

The output (if any) follows:



PS:

Read file <./bsub_log/185.err> for stderr output of this job.

Sender: LSF System <lsfadmin@ccb213>
Subject: Job 53598792: <bash -c "basf2 etapip_gg_fit_v6_toymc_100.py 185 > /home/belle2/jaeyoung/storage_ghi/Ntuples_ghi_2/MC15ri_generic/MC15ri_etaetapip_tight_v2_240419_Kp_BCS_etapi0const/bsub_log//MC15ri_etapip_gg_fitv6_toyMC_100_185.log"> in cluster <centralcluster> Done

Job <bash -c "basf2 etapip_gg_fit_v6_toymc_100.py 185 > /home/belle2/jaeyoung/storage_ghi/Ntuples_ghi_2/MC15ri_generic/MC15ri_etaetapip_tight_v2_240419_Kp_BCS_etapi0const/bsub_log//MC15ri_etapip_gg_fitv6_toyMC_100_185.log"> was submitted from host <ccw03> by user <jaeyoung> in cluster <centralcluster> at Mon Jul 22 18:34:34 2024
Job was executed on host(s) <ccb213>, in queue <s>, as user <jaeyoung> in cluster <centralcluster> at Mon Jul 22 18:35:37 2024
</home/belle2/jaeyoung> was used as the home directory.
</home/belle2/jaeyoung/workspace/DRAW_and_FITTING/main/FITTING/etapip/MC15ri_generic/tight_v2_fit_v6/ToyMC> was used as the working directory.
Started at Mon Jul 22 18:35:37 2024
Terminated at Mon Jul 22 19:24:18 2024
Results reported at Mon Jul 22 19:24:18 2024

Your job looked like:

------------------------------------------------------------
# LSBATCH: User input
bash -c "basf2 etapip_gg_fit_v6_toymc_100.py 185 > /home/belle2/jaeyoung/storage_ghi/Ntuples_ghi_2/MC15ri_generic/MC15ri_etaetapip_tight_v2_240419_Kp_BCS_etapi0const/bsub_log//MC15ri_etapip_gg_fitv6_toyMC_100_185.log"
------------------------------------------------------------

Successfully completed.

Resource usage summary:

    CPU time :                                   2900.13 sec.
    Max Memory :                                 1315 MB
    Average Memory :                             964.52 MB
    Total Requested Memory :                     4000.00 MB
    Delta Memory :                               2685.00 MB
    Max Swap :                                   -
    Max Processes :                              19
    Max Threads :                                20
    Run time :                                   2921 sec.
    Turnaround time :                            2984 sec.

The output (if any) follows:



PS:

Read file <./bsub_log/185.err> for stderr output of this job.

Sender: LSF System <lsfadmin@ccb569>
Subject: Job 53831912: <bash -c "basf2 etapip_gg_fit_v6_toymc_100.py 185 > /home/belle2/jaeyoung/storage_ghi/Ntuples_ghi_2/MC15ri_generic/MC15ri_etaetapip_tight_v2_240419_Kp_BCS_etapi0const/bsub_log//MC15ri_etapip_gg_fitv6_toyMC_100_185.log"> in cluster <centralcluster> Done

Job <bash -c "basf2 etapip_gg_fit_v6_toymc_100.py 185 > /home/belle2/jaeyoung/storage_ghi/Ntuples_ghi_2/MC15ri_generic/MC15ri_etaetapip_tight_v2_240419_Kp_BCS_etapi0const/bsub_log//MC15ri_etapip_gg_fitv6_toyMC_100_185.log"> was submitted from host <ccw05> by user <jaeyoung> in cluster <centralcluster> at Tue Jul 23 00:49:20 2024
Job was executed on host(s) <ccb569>, in queue <s>, as user <jaeyoung> in cluster <centralcluster> at Tue Jul 23 00:49:40 2024
</home/belle2/jaeyoung> was used as the home directory.
</home/belle2/jaeyoung/workspace/DRAW_and_FITTING/main/FITTING/etapip/MC15ri_generic/tight_v2_fit_v6/ToyMC> was used as the working directory.
Started at Tue Jul 23 00:49:40 2024
Terminated at Tue Jul 23 01:39:59 2024
Results reported at Tue Jul 23 01:39:59 2024

Your job looked like:

------------------------------------------------------------
# LSBATCH: User input
bash -c "basf2 etapip_gg_fit_v6_toymc_100.py 185 > /home/belle2/jaeyoung/storage_ghi/Ntuples_ghi_2/MC15ri_generic/MC15ri_etaetapip_tight_v2_240419_Kp_BCS_etapi0const/bsub_log//MC15ri_etapip_gg_fitv6_toyMC_100_185.log"
------------------------------------------------------------

Successfully completed.

Resource usage summary:

    CPU time :                                   2898.01 sec.
    Max Memory :                                 1311 MB
    Average Memory :                             933.13 MB
    Total Requested Memory :                     4000.00 MB
    Delta Memory :                               2689.00 MB
    Max Swap :                                   -
    Max Processes :                              19
    Max Threads :                                20
    Run time :                                   3020 sec.
    Turnaround time :                            3039 sec.

The output (if any) follows:



PS:

Read file <./bsub_log/185.err> for stderr output of this job.

Sender: LSF System <lsfadmin@ccb178>
Subject: Job 54397323: <bash -c "basf2 etapip_gg_fit_v6_toymc_100.py 185 > /home/belle2/jaeyoung/storage_ghi/Ntuples_ghi_2/MC15ri_generic/MC15ri_etaetapip_tight_v2_240419_Kp_BCS_etapi0const/bsub_log//MC15ri_etapip_gg_fitv6_toyMC_100_185.log"> in cluster <centralcluster> Done

Job <bash -c "basf2 etapip_gg_fit_v6_toymc_100.py 185 > /home/belle2/jaeyoung/storage_ghi/Ntuples_ghi_2/MC15ri_generic/MC15ri_etaetapip_tight_v2_240419_Kp_BCS_etapi0const/bsub_log//MC15ri_etapip_gg_fitv6_toyMC_100_185.log"> was submitted from host <ccw04> by user <jaeyoung> in cluster <centralcluster> at Tue Jul 23 17:58:39 2024
Job was executed on host(s) <ccb178>, in queue <s>, as user <jaeyoung> in cluster <centralcluster> at Tue Jul 23 18:24:32 2024
</home/belle2/jaeyoung> was used as the home directory.
</home/belle2/jaeyoung/workspace/DRAW_and_FITTING/main/FITTING/etapip/MC15ri_generic/tight_v2_fit_v6/ToyMC> was used as the working directory.
Started at Tue Jul 23 18:24:32 2024
Terminated at Tue Jul 23 19:10:49 2024
Results reported at Tue Jul 23 19:10:49 2024

Your job looked like:

------------------------------------------------------------
# LSBATCH: User input
bash -c "basf2 etapip_gg_fit_v6_toymc_100.py 185 > /home/belle2/jaeyoung/storage_ghi/Ntuples_ghi_2/MC15ri_generic/MC15ri_etaetapip_tight_v2_240419_Kp_BCS_etapi0const/bsub_log//MC15ri_etapip_gg_fitv6_toyMC_100_185.log"
------------------------------------------------------------

Successfully completed.

Resource usage summary:

    CPU time :                                   2750.07 sec.
    Max Memory :                                 1313 MB
    Average Memory :                             941.80 MB
    Total Requested Memory :                     4000.00 MB
    Delta Memory :                               2687.00 MB
    Max Swap :                                   -
    Max Processes :                              19
    Max Threads :                                20
    Run time :                                   2778 sec.
    Turnaround time :                            4330 sec.

The output (if any) follows:



PS:

Read file <./bsub_log/185.err> for stderr output of this job.

