Sender: LSF System <lsfadmin@ccb224>
Subject: Job 52359314: <bash -c "basf2 etapip_gg_fit_v6_toymc_100.py 194 > /home/belle2/jaeyoung/storage_ghi/Ntuples_ghi_2/MC15ri_generic/MC15ri_etaetapip_tight_v2_240419_Kp_BCS_etapi0const/bsub_log//MC15ri_etapip_gg_fitv6_toyMC_100_194.log"> in cluster <centralcluster> Done

Job <bash -c "basf2 etapip_gg_fit_v6_toymc_100.py 194 > /home/belle2/jaeyoung/storage_ghi/Ntuples_ghi_2/MC15ri_generic/MC15ri_etaetapip_tight_v2_240419_Kp_BCS_etapi0const/bsub_log//MC15ri_etapip_gg_fitv6_toyMC_100_194.log"> was submitted from host <ccw02> by user <jaeyoung> in cluster <centralcluster> at Sat Jul 20 14:39:10 2024
Job was executed on host(s) <ccb224>, in queue <s>, as user <jaeyoung> in cluster <centralcluster> at Sat Jul 20 14:41:39 2024
</home/belle2/jaeyoung> was used as the home directory.
</home/belle2/jaeyoung/workspace/DRAW_and_FITTING/main/FITTING/etapip/MC15ri_generic/tight_v2_fit_v6/ToyMC> was used as the working directory.
Started at Sat Jul 20 14:41:39 2024
Terminated at Sat Jul 20 15:28:28 2024
Results reported at Sat Jul 20 15:28:28 2024

Your job looked like:

------------------------------------------------------------
# LSBATCH: User input
bash -c "basf2 etapip_gg_fit_v6_toymc_100.py 194 > /home/belle2/jaeyoung/storage_ghi/Ntuples_ghi_2/MC15ri_generic/MC15ri_etaetapip_tight_v2_240419_Kp_BCS_etapi0const/bsub_log//MC15ri_etapip_gg_fitv6_toyMC_100_194.log"
------------------------------------------------------------

Successfully completed.

Resource usage summary:

    CPU time :                                   2799.21 sec.
    Max Memory :                                 1311 MB
    Average Memory :                             944.67 MB
    Total Requested Memory :                     4000.00 MB
    Delta Memory :                               2689.00 MB
    Max Swap :                                   -
    Max Processes :                              19
    Max Threads :                                20
    Run time :                                   2810 sec.
    Turnaround time :                            2958 sec.

The output (if any) follows:



PS:

Read file <./bsub_log/194.err> for stderr output of this job.

Sender: LSF System <lsfadmin@ccb203>
Subject: Job 53029734: <bash -c "basf2 etapip_gg_fit_v6_toymc_100.py 194 > /home/belle2/jaeyoung/storage_ghi/Ntuples_ghi_2/MC15ri_generic/MC15ri_etaetapip_tight_v2_240419_Kp_BCS_etapi0const/bsub_log//MC15ri_etapip_gg_fitv6_toyMC_100_194.log"> in cluster <centralcluster> Done

Job <bash -c "basf2 etapip_gg_fit_v6_toymc_100.py 194 > /home/belle2/jaeyoung/storage_ghi/Ntuples_ghi_2/MC15ri_generic/MC15ri_etaetapip_tight_v2_240419_Kp_BCS_etapi0const/bsub_log//MC15ri_etapip_gg_fitv6_toyMC_100_194.log"> was submitted from host <ccw03> by user <jaeyoung> in cluster <centralcluster> at Sun Jul 21 17:30:34 2024
Job was executed on host(s) <ccb203>, in queue <s>, as user <jaeyoung> in cluster <centralcluster> at Sun Jul 21 17:31:03 2024
</home/belle2/jaeyoung> was used as the home directory.
</home/belle2/jaeyoung/workspace/DRAW_and_FITTING/main/FITTING/etapip/MC15ri_generic/tight_v2_fit_v6/ToyMC> was used as the working directory.
Started at Sun Jul 21 17:31:03 2024
Terminated at Sun Jul 21 18:19:40 2024
Results reported at Sun Jul 21 18:19:40 2024

Your job looked like:

------------------------------------------------------------
# LSBATCH: User input
bash -c "basf2 etapip_gg_fit_v6_toymc_100.py 194 > /home/belle2/jaeyoung/storage_ghi/Ntuples_ghi_2/MC15ri_generic/MC15ri_etaetapip_tight_v2_240419_Kp_BCS_etapi0const/bsub_log//MC15ri_etapip_gg_fitv6_toyMC_100_194.log"
------------------------------------------------------------

Successfully completed.

Resource usage summary:

    CPU time :                                   2895.43 sec.
    Max Memory :                                 1311 MB
    Average Memory :                             948.36 MB
    Total Requested Memory :                     4000.00 MB
    Delta Memory :                               2689.00 MB
    Max Swap :                                   -
    Max Processes :                              19
    Max Threads :                                20
    Run time :                                   2917 sec.
    Turnaround time :                            2946 sec.

The output (if any) follows:



PS:

Read file <./bsub_log/194.err> for stderr output of this job.

Sender: LSF System <lsfadmin@ccb541>
Subject: Job 53202342: <bash -c "basf2 etapip_gg_fit_v6_toymc_100.py 194 > /home/belle2/jaeyoung/storage_ghi/Ntuples_ghi_2/MC15ri_generic/MC15ri_etaetapip_tight_v2_240419_Kp_BCS_etapi0const/bsub_log//MC15ri_etapip_gg_fitv6_toyMC_100_194.log"> in cluster <centralcluster> Exited

Job <bash -c "basf2 etapip_gg_fit_v6_toymc_100.py 194 > /home/belle2/jaeyoung/storage_ghi/Ntuples_ghi_2/MC15ri_generic/MC15ri_etaetapip_tight_v2_240419_Kp_BCS_etapi0const/bsub_log//MC15ri_etapip_gg_fitv6_toyMC_100_194.log"> was submitted from host <ccw03> by user <jaeyoung> in cluster <centralcluster> at Mon Jul 22 00:49:36 2024
Job was executed on host(s) <ccb541>, in queue <s>, as user <jaeyoung> in cluster <centralcluster> at Mon Jul 22 00:50:16 2024
</home/belle2/jaeyoung> was used as the home directory.
</home/belle2/jaeyoung/workspace/DRAW_and_FITTING/main/FITTING/etapip/MC15ri_generic/tight_v2_fit_v6/ToyMC> was used as the working directory.
Started at Mon Jul 22 00:50:16 2024
Terminated at Mon Jul 22 01:06:56 2024
Results reported at Mon Jul 22 01:06:56 2024

Your job looked like:

------------------------------------------------------------
# LSBATCH: User input
bash -c "basf2 etapip_gg_fit_v6_toymc_100.py 194 > /home/belle2/jaeyoung/storage_ghi/Ntuples_ghi_2/MC15ri_generic/MC15ri_etaetapip_tight_v2_240419_Kp_BCS_etapi0const/bsub_log//MC15ri_etapip_gg_fitv6_toyMC_100_194.log"
------------------------------------------------------------

Exited with exit code 1.

Resource usage summary:

    CPU time :                                   988.62 sec.
    Max Memory :                                 1258 MB
    Average Memory :                             1168.33 MB
    Total Requested Memory :                     4000.00 MB
    Delta Memory :                               2742.00 MB
    Max Swap :                                   -
    Max Processes :                              19
    Max Threads :                                20
    Run time :                                   1000 sec.
    Turnaround time :                            1040 sec.

The output (if any) follows:



PS:

Read file <./bsub_log/194.err> for stderr output of this job.

Sender: LSF System <lsfadmin@ccb062>
Subject: Job 53406795: <bash -c "basf2 etapip_gg_fit_v6_toymc_100.py 194 > /home/belle2/jaeyoung/storage_ghi/Ntuples_ghi_2/MC15ri_generic/MC15ri_etaetapip_tight_v2_240419_Kp_BCS_etapi0const/bsub_log//MC15ri_etapip_gg_fitv6_toyMC_100_194.log"> in cluster <centralcluster> Done

Job <bash -c "basf2 etapip_gg_fit_v6_toymc_100.py 194 > /home/belle2/jaeyoung/storage_ghi/Ntuples_ghi_2/MC15ri_generic/MC15ri_etaetapip_tight_v2_240419_Kp_BCS_etapi0const/bsub_log//MC15ri_etapip_gg_fitv6_toyMC_100_194.log"> was submitted from host <ccw06> by user <jaeyoung> in cluster <centralcluster> at Mon Jul 22 10:48:30 2024
Job was executed on host(s) <ccb062>, in queue <s>, as user <jaeyoung> in cluster <centralcluster> at Mon Jul 22 10:48:39 2024
</home/belle2/jaeyoung> was used as the home directory.
</home/belle2/jaeyoung/workspace/DRAW_and_FITTING/main/FITTING/etapip/MC15ri_generic/tight_v2_fit_v6/ToyMC> was used as the working directory.
Started at Mon Jul 22 10:48:39 2024
Terminated at Mon Jul 22 11:34:37 2024
Results reported at Mon Jul 22 11:34:37 2024

Your job looked like:

------------------------------------------------------------
# LSBATCH: User input
bash -c "basf2 etapip_gg_fit_v6_toymc_100.py 194 > /home/belle2/jaeyoung/storage_ghi/Ntuples_ghi_2/MC15ri_generic/MC15ri_etaetapip_tight_v2_240419_Kp_BCS_etapi0const/bsub_log//MC15ri_etapip_gg_fitv6_toyMC_100_194.log"
------------------------------------------------------------

Successfully completed.

Resource usage summary:

    CPU time :                                   2749.74 sec.
    Max Memory :                                 1319 MB
    Average Memory :                             962.89 MB
    Total Requested Memory :                     4000.00 MB
    Delta Memory :                               2681.00 MB
    Max Swap :                                   -
    Max Processes :                              19
    Max Threads :                                20
    Run time :                                   2757 sec.
    Turnaround time :                            2767 sec.

The output (if any) follows:



PS:

Read file <./bsub_log/194.err> for stderr output of this job.

Sender: LSF System <lsfadmin@ccb265>
Subject: Job 53598826: <bash -c "basf2 etapip_gg_fit_v6_toymc_100.py 194 > /home/belle2/jaeyoung/storage_ghi/Ntuples_ghi_2/MC15ri_generic/MC15ri_etaetapip_tight_v2_240419_Kp_BCS_etapi0const/bsub_log//MC15ri_etapip_gg_fitv6_toyMC_100_194.log"> in cluster <centralcluster> Done

Job <bash -c "basf2 etapip_gg_fit_v6_toymc_100.py 194 > /home/belle2/jaeyoung/storage_ghi/Ntuples_ghi_2/MC15ri_generic/MC15ri_etaetapip_tight_v2_240419_Kp_BCS_etapi0const/bsub_log//MC15ri_etapip_gg_fitv6_toyMC_100_194.log"> was submitted from host <ccw03> by user <jaeyoung> in cluster <centralcluster> at Mon Jul 22 18:34:37 2024
Job was executed on host(s) <ccb265>, in queue <s>, as user <jaeyoung> in cluster <centralcluster> at Mon Jul 22 18:35:43 2024
</home/belle2/jaeyoung> was used as the home directory.
</home/belle2/jaeyoung/workspace/DRAW_and_FITTING/main/FITTING/etapip/MC15ri_generic/tight_v2_fit_v6/ToyMC> was used as the working directory.
Started at Mon Jul 22 18:35:43 2024
Terminated at Mon Jul 22 19:22:20 2024
Results reported at Mon Jul 22 19:22:20 2024

Your job looked like:

------------------------------------------------------------
# LSBATCH: User input
bash -c "basf2 etapip_gg_fit_v6_toymc_100.py 194 > /home/belle2/jaeyoung/storage_ghi/Ntuples_ghi_2/MC15ri_generic/MC15ri_etaetapip_tight_v2_240419_Kp_BCS_etapi0const/bsub_log//MC15ri_etapip_gg_fitv6_toyMC_100_194.log"
------------------------------------------------------------

Successfully completed.

Resource usage summary:

    CPU time :                                   2782.24 sec.
    Max Memory :                                 1314 MB
    Average Memory :                             959.94 MB
    Total Requested Memory :                     4000.00 MB
    Delta Memory :                               2686.00 MB
    Max Swap :                                   -
    Max Processes :                              19
    Max Threads :                                20
    Run time :                                   2796 sec.
    Turnaround time :                            2863 sec.

The output (if any) follows:



PS:

Read file <./bsub_log/194.err> for stderr output of this job.

Sender: LSF System <lsfadmin@ccb042>
Subject: Job 53831955: <bash -c "basf2 etapip_gg_fit_v6_toymc_100.py 194 > /home/belle2/jaeyoung/storage_ghi/Ntuples_ghi_2/MC15ri_generic/MC15ri_etaetapip_tight_v2_240419_Kp_BCS_etapi0const/bsub_log//MC15ri_etapip_gg_fitv6_toyMC_100_194.log"> in cluster <centralcluster> Done

Job <bash -c "basf2 etapip_gg_fit_v6_toymc_100.py 194 > /home/belle2/jaeyoung/storage_ghi/Ntuples_ghi_2/MC15ri_generic/MC15ri_etaetapip_tight_v2_240419_Kp_BCS_etapi0const/bsub_log//MC15ri_etapip_gg_fitv6_toyMC_100_194.log"> was submitted from host <ccw05> by user <jaeyoung> in cluster <centralcluster> at Tue Jul 23 00:49:24 2024
Job was executed on host(s) <ccb042>, in queue <s>, as user <jaeyoung> in cluster <centralcluster> at Tue Jul 23 00:49:42 2024
</home/belle2/jaeyoung> was used as the home directory.
</home/belle2/jaeyoung/workspace/DRAW_and_FITTING/main/FITTING/etapip/MC15ri_generic/tight_v2_fit_v6/ToyMC> was used as the working directory.
Started at Tue Jul 23 00:49:42 2024
Terminated at Tue Jul 23 01:36:35 2024
Results reported at Tue Jul 23 01:36:35 2024

Your job looked like:

------------------------------------------------------------
# LSBATCH: User input
bash -c "basf2 etapip_gg_fit_v6_toymc_100.py 194 > /home/belle2/jaeyoung/storage_ghi/Ntuples_ghi_2/MC15ri_generic/MC15ri_etaetapip_tight_v2_240419_Kp_BCS_etapi0const/bsub_log//MC15ri_etapip_gg_fitv6_toyMC_100_194.log"
------------------------------------------------------------

Successfully completed.

Resource usage summary:

    CPU time :                                   2797.21 sec.
    Max Memory :                                 1311 MB
    Average Memory :                             953.95 MB
    Total Requested Memory :                     4000.00 MB
    Delta Memory :                               2689.00 MB
    Max Swap :                                   -
    Max Processes :                              19
    Max Threads :                                20
    Run time :                                   2814 sec.
    Turnaround time :                            2831 sec.

The output (if any) follows:



PS:

Read file <./bsub_log/194.err> for stderr output of this job.

Sender: LSF System <lsfadmin@ccb139>
Subject: Job 54397378: <bash -c "basf2 etapip_gg_fit_v6_toymc_100.py 194 > /home/belle2/jaeyoung/storage_ghi/Ntuples_ghi_2/MC15ri_generic/MC15ri_etaetapip_tight_v2_240419_Kp_BCS_etapi0const/bsub_log//MC15ri_etapip_gg_fitv6_toyMC_100_194.log"> in cluster <centralcluster> Done

Job <bash -c "basf2 etapip_gg_fit_v6_toymc_100.py 194 > /home/belle2/jaeyoung/storage_ghi/Ntuples_ghi_2/MC15ri_generic/MC15ri_etaetapip_tight_v2_240419_Kp_BCS_etapi0const/bsub_log//MC15ri_etapip_gg_fitv6_toyMC_100_194.log"> was submitted from host <ccw04> by user <jaeyoung> in cluster <centralcluster> at Tue Jul 23 17:58:42 2024
Job was executed on host(s) <ccb139>, in queue <s>, as user <jaeyoung> in cluster <centralcluster> at Tue Jul 23 18:24:34 2024
</home/belle2/jaeyoung> was used as the home directory.
</home/belle2/jaeyoung/workspace/DRAW_and_FITTING/main/FITTING/etapip/MC15ri_generic/tight_v2_fit_v6/ToyMC> was used as the working directory.
Started at Tue Jul 23 18:24:34 2024
Terminated at Tue Jul 23 19:13:45 2024
Results reported at Tue Jul 23 19:13:45 2024

Your job looked like:

------------------------------------------------------------
# LSBATCH: User input
bash -c "basf2 etapip_gg_fit_v6_toymc_100.py 194 > /home/belle2/jaeyoung/storage_ghi/Ntuples_ghi_2/MC15ri_generic/MC15ri_etaetapip_tight_v2_240419_Kp_BCS_etapi0const/bsub_log//MC15ri_etapip_gg_fitv6_toyMC_100_194.log"
------------------------------------------------------------

Successfully completed.

Resource usage summary:

    CPU time :                                   2917.25 sec.
    Max Memory :                                 1312 MB
    Average Memory :                             941.56 MB
    Total Requested Memory :                     4000.00 MB
    Delta Memory :                               2688.00 MB
    Max Swap :                                   -
    Max Processes :                              19
    Max Threads :                                20
    Run time :                                   2950 sec.
    Turnaround time :                            4503 sec.

The output (if any) follows:



PS:

Read file <./bsub_log/194.err> for stderr output of this job.

Sender: LSF System <lsfadmin@ccb514>
Subject: Job 54469955: <bash -c "basf2 etapip_gg_fit_v6_toymc_100.py 194 > /home/belle2/jaeyoung/storage_ghi/Ntuples_ghi_2/MC15ri_generic/MC15ri_etaetapip_tight_v2_240419_Kp_BCS_etapi0const/bsub_log//MC15ri_etapip_gg_fitv6_toyMC_100_194.log"> in cluster <centralcluster> Done

Job <bash -c "basf2 etapip_gg_fit_v6_toymc_100.py 194 > /home/belle2/jaeyoung/storage_ghi/Ntuples_ghi_2/MC15ri_generic/MC15ri_etaetapip_tight_v2_240419_Kp_BCS_etapi0const/bsub_log//MC15ri_etapip_gg_fitv6_toyMC_100_194.log"> was submitted from host <ccw03> by user <jaeyoung> in cluster <centralcluster> at Tue Jul 23 19:37:34 2024
Job was executed on host(s) <ccb514>, in queue <s>, as user <jaeyoung> in cluster <centralcluster> at Tue Jul 23 19:37:35 2024
</home/belle2/jaeyoung> was used as the home directory.
</home/belle2/jaeyoung/workspace/DRAW_and_FITTING/main/FITTING/etapip/MC15ri_generic/tight_v2_fit_v6/ToyMC> was used as the working directory.
Started at Tue Jul 23 19:37:35 2024
Terminated at Tue Jul 23 20:24:30 2024
Results reported at Tue Jul 23 20:24:30 2024

Your job looked like:

------------------------------------------------------------
# LSBATCH: User input
bash -c "basf2 etapip_gg_fit_v6_toymc_100.py 194 > /home/belle2/jaeyoung/storage_ghi/Ntuples_ghi_2/MC15ri_generic/MC15ri_etaetapip_tight_v2_240419_Kp_BCS_etapi0const/bsub_log//MC15ri_etapip_gg_fitv6_toyMC_100_194.log"
------------------------------------------------------------

Successfully completed.

Resource usage summary:

    CPU time :                                   2803.97 sec.
    Max Memory :                                 1313 MB
    Average Memory :                             943.12 MB
    Total Requested Memory :                     4000.00 MB
    Delta Memory :                               2687.00 MB
    Max Swap :                                   -
    Max Processes :                              19
    Max Threads :                                20
    Run time :                                   2814 sec.
    Turnaround time :                            2816 sec.

The output (if any) follows:



PS:

Read file <./bsub_log/194.err> for stderr output of this job.

Sender: LSF System <lsfadmin@ccb215>
Subject: Job 55515648: <bash -c "basf2 etapip_gg_fit_v6_toymc_100.py 194 > /home/belle2/jaeyoung/storage_ghi/Ntuples_ghi_2/MC15ri_generic/MC15ri_etaetapip_tight_v2_240419_Kp_BCS_etapi0const/bsub_log//MC15ri_etapip_gg_fitv6_toyMC_100_194.log"> in cluster <centralcluster> Done

Job <bash -c "basf2 etapip_gg_fit_v6_toymc_100.py 194 > /home/belle2/jaeyoung/storage_ghi/Ntuples_ghi_2/MC15ri_generic/MC15ri_etaetapip_tight_v2_240419_Kp_BCS_etapi0const/bsub_log//MC15ri_etapip_gg_fitv6_toyMC_100_194.log"> was submitted from host <ccw01> by user <jaeyoung> in cluster <centralcluster> at Thu Jul 25 20:50:30 2024
Job was executed on host(s) <ccb215>, in queue <s>, as user <jaeyoung> in cluster <centralcluster> at Thu Jul 25 20:50:31 2024
</home/belle2/jaeyoung> was used as the home directory.
</gpfs/home/belle2/jaeyoung/workspace/DRAW_and_FITTING/main/FITTING/etapip/MC15ri_generic/tight_v2_fit_v6/ToyMC> was used as the working directory.
Started at Thu Jul 25 20:50:31 2024
Terminated at Thu Jul 25 21:47:41 2024
Results reported at Thu Jul 25 21:47:41 2024

Your job looked like:

------------------------------------------------------------
# LSBATCH: User input
bash -c "basf2 etapip_gg_fit_v6_toymc_100.py 194 > /home/belle2/jaeyoung/storage_ghi/Ntuples_ghi_2/MC15ri_generic/MC15ri_etaetapip_tight_v2_240419_Kp_BCS_etapi0const/bsub_log//MC15ri_etapip_gg_fitv6_toyMC_100_194.log"
------------------------------------------------------------

Successfully completed.

Resource usage summary:

    CPU time :                                   3415.26 sec.
    Max Memory :                                 1313 MB
    Average Memory :                             976.91 MB
    Total Requested Memory :                     4000.00 MB
    Delta Memory :                               2687.00 MB
    Max Swap :                                   -
    Max Processes :                              19
    Max Threads :                                20
    Run time :                                   3431 sec.
    Turnaround time :                            3431 sec.

The output (if any) follows:



PS:

Read file <./bsub_log/194.err> for stderr output of this job.

Sender: LSF System <lsfadmin@ccb202>
Subject: Job 56103011: <bash -c "basf2 etapip_gg_fit_v6_toymc_100.py 194 > /home/belle2/jaeyoung/storage_ghi/Ntuples_ghi_2/MC15ri_generic/MC15ri_etaetapip_tight_v2_240419_Kp_BCS_etapi0const/bsub_log//MC15ri_etapip_gg_fitv6_toyMC_100_194.log"> in cluster <centralcluster> Done

Job <bash -c "basf2 etapip_gg_fit_v6_toymc_100.py 194 > /home/belle2/jaeyoung/storage_ghi/Ntuples_ghi_2/MC15ri_generic/MC15ri_etaetapip_tight_v2_240419_Kp_BCS_etapi0const/bsub_log//MC15ri_etapip_gg_fitv6_toyMC_100_194.log"> was submitted from host <ccw06> by user <jaeyoung> in cluster <centralcluster> at Fri Jul 26 23:43:35 2024
Job was executed on host(s) <ccb202>, in queue <s>, as user <jaeyoung> in cluster <centralcluster> at Sat Jul 27 00:17:04 2024
</home/belle2/jaeyoung> was used as the home directory.
</home/belle2/jaeyoung/workspace/DRAW_and_FITTING/main/FITTING/etapip/MC15ri_generic/tight_v2_fit_v6/ToyMC> was used as the working directory.
Started at Sat Jul 27 00:17:04 2024
Terminated at Sat Jul 27 00:50:45 2024
Results reported at Sat Jul 27 00:50:45 2024

Your job looked like:

------------------------------------------------------------
# LSBATCH: User input
bash -c "basf2 etapip_gg_fit_v6_toymc_100.py 194 > /home/belle2/jaeyoung/storage_ghi/Ntuples_ghi_2/MC15ri_generic/MC15ri_etaetapip_tight_v2_240419_Kp_BCS_etapi0const/bsub_log//MC15ri_etapip_gg_fitv6_toyMC_100_194.log"
------------------------------------------------------------

Successfully completed.

Resource usage summary:

    CPU time :                                   1934.65 sec.
    Max Memory :                                 954 MB
    Average Memory :                             675.90 MB
    Total Requested Memory :                     4000.00 MB
    Delta Memory :                               3046.00 MB
    Max Swap :                                   -
    Max Processes :                              19
    Max Threads :                                20
    Run time :                                   2021 sec.
    Turnaround time :                            4030 sec.

The output (if any) follows:



PS:

Read file <./bsub_log/194.err> for stderr output of this job.

Sender: LSF System <lsfadmin@ccb222>
Subject: Job 56133533: <bash -c "basf2 etapip_gg_fit_v6_toymc_100.py 194 > /home/belle2/jaeyoung/storage_ghi/Ntuples_ghi_2/MC15ri_generic/MC15ri_etaetapip_tight_v2_240419_Kp_BCS_etapi0const/bsub_log//MC15ri_etapip_gg_fitv6_toyMC_100_194.log"> in cluster <centralcluster> Done

Job <bash -c "basf2 etapip_gg_fit_v6_toymc_100.py 194 > /home/belle2/jaeyoung/storage_ghi/Ntuples_ghi_2/MC15ri_generic/MC15ri_etaetapip_tight_v2_240419_Kp_BCS_etapi0const/bsub_log//MC15ri_etapip_gg_fitv6_toyMC_100_194.log"> was submitted from host <ccw03> by user <jaeyoung> in cluster <centralcluster> at Sat Jul 27 01:13:01 2024
Job was executed on host(s) <ccb222>, in queue <s>, as user <jaeyoung> in cluster <centralcluster> at Sat Jul 27 03:04:04 2024
</home/belle2/jaeyoung> was used as the home directory.
</gpfs/home/belle2/jaeyoung/workspace/DRAW_and_FITTING/main/FITTING/etapip/MC15ri_generic/tight_v2_fit_v6/ToyMC> was used as the working directory.
Started at Sat Jul 27 03:04:04 2024
Terminated at Sat Jul 27 03:43:17 2024
Results reported at Sat Jul 27 03:43:17 2024

Your job looked like:

------------------------------------------------------------
# LSBATCH: User input
bash -c "basf2 etapip_gg_fit_v6_toymc_100.py 194 > /home/belle2/jaeyoung/storage_ghi/Ntuples_ghi_2/MC15ri_generic/MC15ri_etaetapip_tight_v2_240419_Kp_BCS_etapi0const/bsub_log//MC15ri_etapip_gg_fitv6_toyMC_100_194.log"
------------------------------------------------------------

Successfully completed.

Resource usage summary:

    CPU time :                                   2329.95 sec.
    Max Memory :                                 899 MB
    Average Memory :                             645.70 MB
    Total Requested Memory :                     4000.00 MB
    Delta Memory :                               3101.00 MB
    Max Swap :                                   -
    Max Processes :                              19
    Max Threads :                                20
    Run time :                                   2353 sec.
    Turnaround time :                            9016 sec.

The output (if any) follows:



PS:

Read file <./bsub_log/194.err> for stderr output of this job.

