Sender: LSF System <lsfadmin@ccb036>
Subject: Job 52359327: <bash -c "basf2 etapip_gg_fit_v6_toymc_100.py 200 > /home/belle2/jaeyoung/storage_ghi/Ntuples_ghi_2/MC15ri_generic/MC15ri_etaetapip_tight_v2_240419_Kp_BCS_etapi0const/bsub_log//MC15ri_etapip_gg_fitv6_toyMC_100_200.log"> in cluster <centralcluster> Done

Job <bash -c "basf2 etapip_gg_fit_v6_toymc_100.py 200 > /home/belle2/jaeyoung/storage_ghi/Ntuples_ghi_2/MC15ri_generic/MC15ri_etaetapip_tight_v2_240419_Kp_BCS_etapi0const/bsub_log//MC15ri_etapip_gg_fitv6_toyMC_100_200.log"> was submitted from host <ccw02> by user <jaeyoung> in cluster <centralcluster> at Sat Jul 20 14:39:12 2024
Job was executed on host(s) <ccb036>, in queue <s>, as user <jaeyoung> in cluster <centralcluster> at Sat Jul 20 14:41:55 2024
</home/belle2/jaeyoung> was used as the home directory.
</home/belle2/jaeyoung/workspace/DRAW_and_FITTING/main/FITTING/etapip/MC15ri_generic/tight_v2_fit_v6/ToyMC> was used as the working directory.
Started at Sat Jul 20 14:41:55 2024
Terminated at Sat Jul 20 15:29:06 2024
Results reported at Sat Jul 20 15:29:06 2024

Your job looked like:

------------------------------------------------------------
# LSBATCH: User input
bash -c "basf2 etapip_gg_fit_v6_toymc_100.py 200 > /home/belle2/jaeyoung/storage_ghi/Ntuples_ghi_2/MC15ri_generic/MC15ri_etaetapip_tight_v2_240419_Kp_BCS_etapi0const/bsub_log//MC15ri_etapip_gg_fitv6_toyMC_100_200.log"
------------------------------------------------------------

Successfully completed.

Resource usage summary:

    CPU time :                                   2820.99 sec.
    Max Memory :                                 1311 MB
    Average Memory :                             949.98 MB
    Total Requested Memory :                     4000.00 MB
    Delta Memory :                               2689.00 MB
    Max Swap :                                   -
    Max Processes :                              19
    Max Threads :                                20
    Run time :                                   2832 sec.
    Turnaround time :                            2994 sec.

The output (if any) follows:



PS:

Read file <./bsub_log/200.err> for stderr output of this job.

Sender: LSF System <lsfadmin@ccb233>
Subject: Job 53029758: <bash -c "basf2 etapip_gg_fit_v6_toymc_100.py 200 > /home/belle2/jaeyoung/storage_ghi/Ntuples_ghi_2/MC15ri_generic/MC15ri_etaetapip_tight_v2_240419_Kp_BCS_etapi0const/bsub_log//MC15ri_etapip_gg_fitv6_toyMC_100_200.log"> in cluster <centralcluster> Done

Job <bash -c "basf2 etapip_gg_fit_v6_toymc_100.py 200 > /home/belle2/jaeyoung/storage_ghi/Ntuples_ghi_2/MC15ri_generic/MC15ri_etaetapip_tight_v2_240419_Kp_BCS_etapi0const/bsub_log//MC15ri_etapip_gg_fitv6_toyMC_100_200.log"> was submitted from host <ccw03> by user <jaeyoung> in cluster <centralcluster> at Sun Jul 21 17:30:36 2024
Job was executed on host(s) <ccb233>, in queue <s>, as user <jaeyoung> in cluster <centralcluster> at Sun Jul 21 17:31:04 2024
</home/belle2/jaeyoung> was used as the home directory.
</home/belle2/jaeyoung/workspace/DRAW_and_FITTING/main/FITTING/etapip/MC15ri_generic/tight_v2_fit_v6/ToyMC> was used as the working directory.
Started at Sun Jul 21 17:31:04 2024
Terminated at Sun Jul 21 18:19:02 2024
Results reported at Sun Jul 21 18:19:02 2024

Your job looked like:

------------------------------------------------------------
# LSBATCH: User input
bash -c "basf2 etapip_gg_fit_v6_toymc_100.py 200 > /home/belle2/jaeyoung/storage_ghi/Ntuples_ghi_2/MC15ri_generic/MC15ri_etaetapip_tight_v2_240419_Kp_BCS_etapi0const/bsub_log//MC15ri_etapip_gg_fitv6_toyMC_100_200.log"
------------------------------------------------------------

Successfully completed.

Resource usage summary:

    CPU time :                                   2856.99 sec.
    Max Memory :                                 1310 MB
    Average Memory :                             954.64 MB
    Total Requested Memory :                     4000.00 MB
    Delta Memory :                               2690.00 MB
    Max Swap :                                   -
    Max Processes :                              19
    Max Threads :                                20
    Run time :                                   2877 sec.
    Turnaround time :                            2906 sec.

The output (if any) follows:



PS:

Read file <./bsub_log/200.err> for stderr output of this job.

Sender: LSF System <lsfadmin@ccb536>
Subject: Job 53202356: <bash -c "basf2 etapip_gg_fit_v6_toymc_100.py 200 > /home/belle2/jaeyoung/storage_ghi/Ntuples_ghi_2/MC15ri_generic/MC15ri_etaetapip_tight_v2_240419_Kp_BCS_etapi0const/bsub_log//MC15ri_etapip_gg_fitv6_toyMC_100_200.log"> in cluster <centralcluster> Exited

Job <bash -c "basf2 etapip_gg_fit_v6_toymc_100.py 200 > /home/belle2/jaeyoung/storage_ghi/Ntuples_ghi_2/MC15ri_generic/MC15ri_etaetapip_tight_v2_240419_Kp_BCS_etapi0const/bsub_log//MC15ri_etapip_gg_fitv6_toyMC_100_200.log"> was submitted from host <ccw03> by user <jaeyoung> in cluster <centralcluster> at Mon Jul 22 00:49:38 2024
Job was executed on host(s) <ccb536>, in queue <s>, as user <jaeyoung> in cluster <centralcluster> at Mon Jul 22 00:50:21 2024
</home/belle2/jaeyoung> was used as the home directory.
</home/belle2/jaeyoung/workspace/DRAW_and_FITTING/main/FITTING/etapip/MC15ri_generic/tight_v2_fit_v6/ToyMC> was used as the working directory.
Started at Mon Jul 22 00:50:21 2024
Terminated at Mon Jul 22 01:08:07 2024
Results reported at Mon Jul 22 01:08:07 2024

Your job looked like:

------------------------------------------------------------
# LSBATCH: User input
bash -c "basf2 etapip_gg_fit_v6_toymc_100.py 200 > /home/belle2/jaeyoung/storage_ghi/Ntuples_ghi_2/MC15ri_generic/MC15ri_etaetapip_tight_v2_240419_Kp_BCS_etapi0const/bsub_log//MC15ri_etapip_gg_fitv6_toyMC_100_200.log"
------------------------------------------------------------

Exited with exit code 1.

Resource usage summary:

    CPU time :                                   1031.25 sec.
    Max Memory :                                 1253 MB
    Average Memory :                             1164.23 MB
    Total Requested Memory :                     4000.00 MB
    Delta Memory :                               2747.00 MB
    Max Swap :                                   -
    Max Processes :                              19
    Max Threads :                                20
    Run time :                                   1066 sec.
    Turnaround time :                            1109 sec.

The output (if any) follows:



PS:

Read file <./bsub_log/200.err> for stderr output of this job.

Sender: LSF System <lsfadmin@ccb157>
Subject: Job 53406807: <bash -c "basf2 etapip_gg_fit_v6_toymc_100.py 200 > /home/belle2/jaeyoung/storage_ghi/Ntuples_ghi_2/MC15ri_generic/MC15ri_etaetapip_tight_v2_240419_Kp_BCS_etapi0const/bsub_log//MC15ri_etapip_gg_fitv6_toyMC_100_200.log"> in cluster <centralcluster> Done

Job <bash -c "basf2 etapip_gg_fit_v6_toymc_100.py 200 > /home/belle2/jaeyoung/storage_ghi/Ntuples_ghi_2/MC15ri_generic/MC15ri_etaetapip_tight_v2_240419_Kp_BCS_etapi0const/bsub_log//MC15ri_etapip_gg_fitv6_toyMC_100_200.log"> was submitted from host <ccw06> by user <jaeyoung> in cluster <centralcluster> at Mon Jul 22 10:48:32 2024
Job was executed on host(s) <ccb157>, in queue <s>, as user <jaeyoung> in cluster <centralcluster> at Mon Jul 22 10:48:42 2024
</home/belle2/jaeyoung> was used as the home directory.
</home/belle2/jaeyoung/workspace/DRAW_and_FITTING/main/FITTING/etapip/MC15ri_generic/tight_v2_fit_v6/ToyMC> was used as the working directory.
Started at Mon Jul 22 10:48:42 2024
Terminated at Mon Jul 22 11:35:03 2024
Results reported at Mon Jul 22 11:35:03 2024

Your job looked like:

------------------------------------------------------------
# LSBATCH: User input
bash -c "basf2 etapip_gg_fit_v6_toymc_100.py 200 > /home/belle2/jaeyoung/storage_ghi/Ntuples_ghi_2/MC15ri_generic/MC15ri_etaetapip_tight_v2_240419_Kp_BCS_etapi0const/bsub_log//MC15ri_etapip_gg_fitv6_toyMC_100_200.log"
------------------------------------------------------------

Successfully completed.

Resource usage summary:

    CPU time :                                   2766.61 sec.
    Max Memory :                                 1311 MB
    Average Memory :                             948.47 MB
    Total Requested Memory :                     4000.00 MB
    Delta Memory :                               2689.00 MB
    Max Swap :                                   -
    Max Processes :                              19
    Max Threads :                                20
    Run time :                                   2781 sec.
    Turnaround time :                            2791 sec.

The output (if any) follows:



PS:

Read file <./bsub_log/200.err> for stderr output of this job.

Sender: LSF System <lsfadmin@ccb271>
Subject: Job 53598843: <bash -c "basf2 etapip_gg_fit_v6_toymc_100.py 200 > /home/belle2/jaeyoung/storage_ghi/Ntuples_ghi_2/MC15ri_generic/MC15ri_etaetapip_tight_v2_240419_Kp_BCS_etapi0const/bsub_log//MC15ri_etapip_gg_fitv6_toyMC_100_200.log"> in cluster <centralcluster> Done

Job <bash -c "basf2 etapip_gg_fit_v6_toymc_100.py 200 > /home/belle2/jaeyoung/storage_ghi/Ntuples_ghi_2/MC15ri_generic/MC15ri_etaetapip_tight_v2_240419_Kp_BCS_etapi0const/bsub_log//MC15ri_etapip_gg_fitv6_toyMC_100_200.log"> was submitted from host <ccw03> by user <jaeyoung> in cluster <centralcluster> at Mon Jul 22 18:34:39 2024
Job was executed on host(s) <ccb271>, in queue <s>, as user <jaeyoung> in cluster <centralcluster> at Mon Jul 22 18:35:47 2024
</home/belle2/jaeyoung> was used as the home directory.
</home/belle2/jaeyoung/workspace/DRAW_and_FITTING/main/FITTING/etapip/MC15ri_generic/tight_v2_fit_v6/ToyMC> was used as the working directory.
Started at Mon Jul 22 18:35:47 2024
Terminated at Mon Jul 22 19:21:48 2024
Results reported at Mon Jul 22 19:21:48 2024

Your job looked like:

------------------------------------------------------------
# LSBATCH: User input
bash -c "basf2 etapip_gg_fit_v6_toymc_100.py 200 > /home/belle2/jaeyoung/storage_ghi/Ntuples_ghi_2/MC15ri_generic/MC15ri_etaetapip_tight_v2_240419_Kp_BCS_etapi0const/bsub_log//MC15ri_etapip_gg_fitv6_toyMC_100_200.log"
------------------------------------------------------------

Successfully completed.

Resource usage summary:

    CPU time :                                   2751.67 sec.
    Max Memory :                                 1311 MB
    Average Memory :                             950.73 MB
    Total Requested Memory :                     4000.00 MB
    Delta Memory :                               2689.00 MB
    Max Swap :                                   -
    Max Processes :                              19
    Max Threads :                                20
    Run time :                                   2761 sec.
    Turnaround time :                            2829 sec.

The output (if any) follows:



PS:

Read file <./bsub_log/200.err> for stderr output of this job.

Sender: LSF System <lsfadmin@ccb208>
Subject: Job 53831982: <bash -c "basf2 etapip_gg_fit_v6_toymc_100.py 200 > /home/belle2/jaeyoung/storage_ghi/Ntuples_ghi_2/MC15ri_generic/MC15ri_etaetapip_tight_v2_240419_Kp_BCS_etapi0const/bsub_log//MC15ri_etapip_gg_fitv6_toyMC_100_200.log"> in cluster <centralcluster> Done

Job <bash -c "basf2 etapip_gg_fit_v6_toymc_100.py 200 > /home/belle2/jaeyoung/storage_ghi/Ntuples_ghi_2/MC15ri_generic/MC15ri_etaetapip_tight_v2_240419_Kp_BCS_etapi0const/bsub_log//MC15ri_etapip_gg_fitv6_toyMC_100_200.log"> was submitted from host <ccw05> by user <jaeyoung> in cluster <centralcluster> at Tue Jul 23 00:49:26 2024
Job was executed on host(s) <ccb208>, in queue <s>, as user <jaeyoung> in cluster <centralcluster> at Tue Jul 23 00:49:43 2024
</home/belle2/jaeyoung> was used as the home directory.
</home/belle2/jaeyoung/workspace/DRAW_and_FITTING/main/FITTING/etapip/MC15ri_generic/tight_v2_fit_v6/ToyMC> was used as the working directory.
Started at Tue Jul 23 00:49:43 2024
Terminated at Tue Jul 23 01:36:57 2024
Results reported at Tue Jul 23 01:36:57 2024

Your job looked like:

------------------------------------------------------------
# LSBATCH: User input
bash -c "basf2 etapip_gg_fit_v6_toymc_100.py 200 > /home/belle2/jaeyoung/storage_ghi/Ntuples_ghi_2/MC15ri_generic/MC15ri_etaetapip_tight_v2_240419_Kp_BCS_etapi0const/bsub_log//MC15ri_etapip_gg_fitv6_toyMC_100_200.log"
------------------------------------------------------------

Successfully completed.

Resource usage summary:

    CPU time :                                   2803.67 sec.
    Max Memory :                                 1311 MB
    Average Memory :                             954.87 MB
    Total Requested Memory :                     4000.00 MB
    Delta Memory :                               2689.00 MB
    Max Swap :                                   -
    Max Processes :                              19
    Max Threads :                                20
    Run time :                                   2834 sec.
    Turnaround time :                            2851 sec.

The output (if any) follows:



PS:

Read file <./bsub_log/200.err> for stderr output of this job.

Sender: LSF System <lsfadmin@ccb094>
Subject: Job 54397411: <bash -c "basf2 etapip_gg_fit_v6_toymc_100.py 200 > /home/belle2/jaeyoung/storage_ghi/Ntuples_ghi_2/MC15ri_generic/MC15ri_etaetapip_tight_v2_240419_Kp_BCS_etapi0const/bsub_log//MC15ri_etapip_gg_fitv6_toyMC_100_200.log"> in cluster <centralcluster> Done

Job <bash -c "basf2 etapip_gg_fit_v6_toymc_100.py 200 > /home/belle2/jaeyoung/storage_ghi/Ntuples_ghi_2/MC15ri_generic/MC15ri_etaetapip_tight_v2_240419_Kp_BCS_etapi0const/bsub_log//MC15ri_etapip_gg_fitv6_toyMC_100_200.log"> was submitted from host <ccw04> by user <jaeyoung> in cluster <centralcluster> at Tue Jul 23 17:58:44 2024
Job was executed on host(s) <ccb094>, in queue <s>, as user <jaeyoung> in cluster <centralcluster> at Tue Jul 23 18:24:37 2024
</home/belle2/jaeyoung> was used as the home directory.
</home/belle2/jaeyoung/workspace/DRAW_and_FITTING/main/FITTING/etapip/MC15ri_generic/tight_v2_fit_v6/ToyMC> was used as the working directory.
Started at Tue Jul 23 18:24:37 2024
Terminated at Tue Jul 23 19:11:28 2024
Results reported at Tue Jul 23 19:11:28 2024

Your job looked like:

------------------------------------------------------------
# LSBATCH: User input
bash -c "basf2 etapip_gg_fit_v6_toymc_100.py 200 > /home/belle2/jaeyoung/storage_ghi/Ntuples_ghi_2/MC15ri_generic/MC15ri_etaetapip_tight_v2_240419_Kp_BCS_etapi0const/bsub_log//MC15ri_etapip_gg_fitv6_toyMC_100_200.log"
------------------------------------------------------------

Successfully completed.

Resource usage summary:

    CPU time :                                   2796.50 sec.
    Max Memory :                                 1313 MB
    Average Memory :                             942.77 MB
    Total Requested Memory :                     4000.00 MB
    Delta Memory :                               2687.00 MB
    Max Swap :                                   -
    Max Processes :                              19
    Max Threads :                                20
    Run time :                                   2812 sec.
    Turnaround time :                            4364 sec.

The output (if any) follows:



PS:

Read file <./bsub_log/200.err> for stderr output of this job.

Sender: LSF System <lsfadmin@ccb035>
Subject: Job 54469987: <bash -c "basf2 etapip_gg_fit_v6_toymc_100.py 200 > /home/belle2/jaeyoung/storage_ghi/Ntuples_ghi_2/MC15ri_generic/MC15ri_etaetapip_tight_v2_240419_Kp_BCS_etapi0const/bsub_log//MC15ri_etapip_gg_fitv6_toyMC_100_200.log"> in cluster <centralcluster> Done

Job <bash -c "basf2 etapip_gg_fit_v6_toymc_100.py 200 > /home/belle2/jaeyoung/storage_ghi/Ntuples_ghi_2/MC15ri_generic/MC15ri_etaetapip_tight_v2_240419_Kp_BCS_etapi0const/bsub_log//MC15ri_etapip_gg_fitv6_toyMC_100_200.log"> was submitted from host <ccw03> by user <jaeyoung> in cluster <centralcluster> at Tue Jul 23 19:37:36 2024
Job was executed on host(s) <ccb035>, in queue <s>, as user <jaeyoung> in cluster <centralcluster> at Tue Jul 23 19:37:38 2024
</home/belle2/jaeyoung> was used as the home directory.
</home/belle2/jaeyoung/workspace/DRAW_and_FITTING/main/FITTING/etapip/MC15ri_generic/tight_v2_fit_v6/ToyMC> was used as the working directory.
Started at Tue Jul 23 19:37:38 2024
Terminated at Tue Jul 23 20:27:06 2024
Results reported at Tue Jul 23 20:27:06 2024

Your job looked like:

------------------------------------------------------------
# LSBATCH: User input
bash -c "basf2 etapip_gg_fit_v6_toymc_100.py 200 > /home/belle2/jaeyoung/storage_ghi/Ntuples_ghi_2/MC15ri_generic/MC15ri_etaetapip_tight_v2_240419_Kp_BCS_etapi0const/bsub_log//MC15ri_etapip_gg_fitv6_toyMC_100_200.log"
------------------------------------------------------------

Successfully completed.

Resource usage summary:

    CPU time :                                   2866.68 sec.
    Max Memory :                                 1312 MB
    Average Memory :                             957.72 MB
    Total Requested Memory :                     4000.00 MB
    Delta Memory :                               2688.00 MB
    Max Swap :                                   -
    Max Processes :                              19
    Max Threads :                                20
    Run time :                                   2969 sec.
    Turnaround time :                            2970 sec.

The output (if any) follows:



PS:

Read file <./bsub_log/200.err> for stderr output of this job.

Sender: LSF System <lsfadmin@ccb131>
Subject: Job 55515663: <bash -c "basf2 etapip_gg_fit_v6_toymc_100.py 200 > /home/belle2/jaeyoung/storage_ghi/Ntuples_ghi_2/MC15ri_generic/MC15ri_etaetapip_tight_v2_240419_Kp_BCS_etapi0const/bsub_log//MC15ri_etapip_gg_fitv6_toyMC_100_200.log"> in cluster <centralcluster> Done

Job <bash -c "basf2 etapip_gg_fit_v6_toymc_100.py 200 > /home/belle2/jaeyoung/storage_ghi/Ntuples_ghi_2/MC15ri_generic/MC15ri_etaetapip_tight_v2_240419_Kp_BCS_etapi0const/bsub_log//MC15ri_etapip_gg_fitv6_toyMC_100_200.log"> was submitted from host <ccw01> by user <jaeyoung> in cluster <centralcluster> at Thu Jul 25 20:50:32 2024
Job was executed on host(s) <ccb131>, in queue <s>, as user <jaeyoung> in cluster <centralcluster> at Thu Jul 25 20:50:33 2024
</home/belle2/jaeyoung> was used as the home directory.
</gpfs/home/belle2/jaeyoung/workspace/DRAW_and_FITTING/main/FITTING/etapip/MC15ri_generic/tight_v2_fit_v6/ToyMC> was used as the working directory.
Started at Thu Jul 25 20:50:33 2024
Terminated at Thu Jul 25 21:39:52 2024
Results reported at Thu Jul 25 21:39:52 2024

Your job looked like:

------------------------------------------------------------
# LSBATCH: User input
bash -c "basf2 etapip_gg_fit_v6_toymc_100.py 200 > /home/belle2/jaeyoung/storage_ghi/Ntuples_ghi_2/MC15ri_generic/MC15ri_etaetapip_tight_v2_240419_Kp_BCS_etapi0const/bsub_log//MC15ri_etapip_gg_fitv6_toyMC_100_200.log"
------------------------------------------------------------

Successfully completed.

Resource usage summary:

    CPU time :                                   2915.17 sec.
    Max Memory :                                 1313 MB
    Average Memory :                             947.95 MB
    Total Requested Memory :                     4000.00 MB
    Delta Memory :                               2687.00 MB
    Max Swap :                                   -
    Max Processes :                              19
    Max Threads :                                20
    Run time :                                   2958 sec.
    Turnaround time :                            2960 sec.

The output (if any) follows:



PS:

Read file <./bsub_log/200.err> for stderr output of this job.

Sender: LSF System <lsfadmin@ccb034>
Subject: Job 56103032: <bash -c "basf2 etapip_gg_fit_v6_toymc_100.py 200 > /home/belle2/jaeyoung/storage_ghi/Ntuples_ghi_2/MC15ri_generic/MC15ri_etaetapip_tight_v2_240419_Kp_BCS_etapi0const/bsub_log//MC15ri_etapip_gg_fitv6_toyMC_100_200.log"> in cluster <centralcluster> Done

Job <bash -c "basf2 etapip_gg_fit_v6_toymc_100.py 200 > /home/belle2/jaeyoung/storage_ghi/Ntuples_ghi_2/MC15ri_generic/MC15ri_etaetapip_tight_v2_240419_Kp_BCS_etapi0const/bsub_log//MC15ri_etapip_gg_fitv6_toyMC_100_200.log"> was submitted from host <ccw06> by user <jaeyoung> in cluster <centralcluster> at Fri Jul 26 23:43:36 2024
Job was executed on host(s) <ccb034>, in queue <s>, as user <jaeyoung> in cluster <centralcluster> at Sat Jul 27 00:17:14 2024
</home/belle2/jaeyoung> was used as the home directory.
</home/belle2/jaeyoung/workspace/DRAW_and_FITTING/main/FITTING/etapip/MC15ri_generic/tight_v2_fit_v6/ToyMC> was used as the working directory.
Started at Sat Jul 27 00:17:14 2024
Terminated at Sat Jul 27 00:50:10 2024
Results reported at Sat Jul 27 00:50:10 2024

Your job looked like:

------------------------------------------------------------
# LSBATCH: User input
bash -c "basf2 etapip_gg_fit_v6_toymc_100.py 200 > /home/belle2/jaeyoung/storage_ghi/Ntuples_ghi_2/MC15ri_generic/MC15ri_etaetapip_tight_v2_240419_Kp_BCS_etapi0const/bsub_log//MC15ri_etapip_gg_fitv6_toyMC_100_200.log"
------------------------------------------------------------

Successfully completed.

Resource usage summary:

    CPU time :                                   1936.25 sec.
    Max Memory :                                 922 MB
    Average Memory :                             676.74 MB
    Total Requested Memory :                     4000.00 MB
    Delta Memory :                               3078.00 MB
    Max Swap :                                   -
    Max Processes :                              19
    Max Threads :                                20
    Run time :                                   1977 sec.
    Turnaround time :                            3994 sec.

The output (if any) follows:



PS:

Read file <./bsub_log/200.err> for stderr output of this job.

Sender: LSF System <lsfadmin@ccb029>
Subject: Job 56133541: <bash -c "basf2 etapip_gg_fit_v6_toymc_100.py 200 > /home/belle2/jaeyoung/storage_ghi/Ntuples_ghi_2/MC15ri_generic/MC15ri_etaetapip_tight_v2_240419_Kp_BCS_etapi0const/bsub_log//MC15ri_etapip_gg_fitv6_toyMC_100_200.log"> in cluster <centralcluster> Done

Job <bash -c "basf2 etapip_gg_fit_v6_toymc_100.py 200 > /home/belle2/jaeyoung/storage_ghi/Ntuples_ghi_2/MC15ri_generic/MC15ri_etaetapip_tight_v2_240419_Kp_BCS_etapi0const/bsub_log//MC15ri_etapip_gg_fitv6_toyMC_100_200.log"> was submitted from host <ccw03> by user <jaeyoung> in cluster <centralcluster> at Sat Jul 27 01:13:03 2024
Job was executed on host(s) <ccb029>, in queue <s>, as user <jaeyoung> in cluster <centralcluster> at Sat Jul 27 03:04:05 2024
</home/belle2/jaeyoung> was used as the home directory.
</gpfs/home/belle2/jaeyoung/workspace/DRAW_and_FITTING/main/FITTING/etapip/MC15ri_generic/tight_v2_fit_v6/ToyMC> was used as the working directory.
Started at Sat Jul 27 03:04:05 2024
Terminated at Sat Jul 27 03:42:22 2024
Results reported at Sat Jul 27 03:42:22 2024

Your job looked like:

------------------------------------------------------------
# LSBATCH: User input
bash -c "basf2 etapip_gg_fit_v6_toymc_100.py 200 > /home/belle2/jaeyoung/storage_ghi/Ntuples_ghi_2/MC15ri_generic/MC15ri_etaetapip_tight_v2_240419_Kp_BCS_etapi0const/bsub_log//MC15ri_etapip_gg_fitv6_toyMC_100_200.log"
------------------------------------------------------------

Successfully completed.

Resource usage summary:

    CPU time :                                   2273.95 sec.
    Max Memory :                                 922 MB
    Average Memory :                             685.36 MB
    Total Requested Memory :                     4000.00 MB
    Delta Memory :                               3078.00 MB
    Max Swap :                                   -
    Max Processes :                              19
    Max Threads :                                20
    Run time :                                   2298 sec.
    Turnaround time :                            8959 sec.

The output (if any) follows:



PS:

Read file <./bsub_log/200.err> for stderr output of this job.

Sender: LSF System <lsfadmin@ccb537>
Subject: Job 57220043: <bash -c "basf2 etapip_gg_fit_v6_toymc_100.py 200 > /home/belle2/jaeyoung/storage_ghi/Ntuples_ghi_2/MC15ri_generic/MC15ri_etaetapip_tight_v2_240419_Kp_BCS_etapi0const/bsub_log//MC15ri_etapip_gg_fitv6_toyMC_100_200.log"> in cluster <centralcluster> Exited

Job <bash -c "basf2 etapip_gg_fit_v6_toymc_100.py 200 > /home/belle2/jaeyoung/storage_ghi/Ntuples_ghi_2/MC15ri_generic/MC15ri_etaetapip_tight_v2_240419_Kp_BCS_etapi0const/bsub_log//MC15ri_etapip_gg_fitv6_toyMC_100_200.log"> was submitted from host <ccx03> by user <jaeyoung> in cluster <centralcluster> at Mon Jul 29 18:44:50 2024
Job was executed on host(s) <ccb537>, in queue <s>, as user <jaeyoung> in cluster <centralcluster> at Mon Jul 29 18:44:51 2024
</home/belle2/jaeyoung> was used as the home directory.
</gpfs/home/belle2/jaeyoung/workspace/DRAW_and_FITTING/main/FITTING/etapip/MC15ri_generic/tight_v2_fit_v6/ToyMC> was used as the working directory.
Started at Mon Jul 29 18:44:51 2024
Terminated at Mon Jul 29 19:50:53 2024
Results reported at Mon Jul 29 19:50:53 2024

Your job looked like:

------------------------------------------------------------
# LSBATCH: User input
bash -c "basf2 etapip_gg_fit_v6_toymc_100.py 200 > /home/belle2/jaeyoung/storage_ghi/Ntuples_ghi_2/MC15ri_generic/MC15ri_etaetapip_tight_v2_240419_Kp_BCS_etapi0const/bsub_log//MC15ri_etapip_gg_fitv6_toyMC_100_200.log"
------------------------------------------------------------

Exited with exit code 1.

Resource usage summary:

    CPU time :                                   3919.05 sec.
    Max Memory :                                 1422 MB
    Average Memory :                             1052.79 MB
    Total Requested Memory :                     4000.00 MB
    Delta Memory :                               2578.00 MB
    Max Swap :                                   -
    Max Processes :                              19
    Max Threads :                                20
    Run time :                                   3963 sec.
    Turnaround time :                            3963 sec.

The output (if any) follows:



PS:

Read file <./bsub_log/200.err> for stderr output of this job.

Sender: LSF System <lsfadmin@ccb104>
Subject: Job 57308272: <bash -c "basf2 etapip_gg_fit_v6_toymc_100.py 200 > /home/belle2/jaeyoung/storage_ghi/Ntuples_ghi_2/MC15ri_generic/MC15ri_etaetapip_tight_v2_240419_Kp_BCS_etapi0const/bsub_log//MC15ri_etapip_gg_fitv6_toyMC_100_200.log"> in cluster <centralcluster> Done

Job <bash -c "basf2 etapip_gg_fit_v6_toymc_100.py 200 > /home/belle2/jaeyoung/storage_ghi/Ntuples_ghi_2/MC15ri_generic/MC15ri_etaetapip_tight_v2_240419_Kp_BCS_etapi0const/bsub_log//MC15ri_etapip_gg_fitv6_toyMC_100_200.log"> was submitted from host <ccw03> by user <jaeyoung> in cluster <centralcluster> at Mon Jul 29 23:02:22 2024
Job was executed on host(s) <ccb104>, in queue <s>, as user <jaeyoung> in cluster <centralcluster> at Mon Jul 29 23:03:11 2024
</home/belle2/jaeyoung> was used as the home directory.
</home/belle2/jaeyoung/workspace/DRAW_and_FITTING/main/FITTING/etapip/MC15ri_generic/tight_v2_fit_v6/ToyMC> was used as the working directory.
Started at Mon Jul 29 23:03:11 2024
Terminated at Tue Jul 30 00:07:49 2024
Results reported at Tue Jul 30 00:07:49 2024

Your job looked like:

------------------------------------------------------------
# LSBATCH: User input
bash -c "basf2 etapip_gg_fit_v6_toymc_100.py 200 > /home/belle2/jaeyoung/storage_ghi/Ntuples_ghi_2/MC15ri_generic/MC15ri_etaetapip_tight_v2_240419_Kp_BCS_etapi0const/bsub_log//MC15ri_etapip_gg_fitv6_toyMC_100_200.log"
------------------------------------------------------------

Successfully completed.

Resource usage summary:

    CPU time :                                   3813.62 sec.
    Max Memory :                                 1398 MB
    Average Memory :                             1035.23 MB
    Total Requested Memory :                     4000.00 MB
    Delta Memory :                               2602.00 MB
    Max Swap :                                   -
    Max Processes :                              19
    Max Threads :                                20
    Run time :                                   3879 sec.
    Turnaround time :                            3927 sec.

The output (if any) follows:



PS:

Read file <./bsub_log/200.err> for stderr output of this job.

Sender: LSF System <lsfadmin@ccb534>
Subject: Job 57389972: <bash -c "basf2 etapip_gg_fit_v6_toymc_100.py 200 > /home/belle2/jaeyoung/storage_ghi/Ntuples_ghi_2/MC15ri_generic/MC15ri_etaetapip_tight_v2_240419_Kp_BCS_etapi0const/bsub_log//MC15ri_etapip_gg_fitv6_toyMC_100_200.log"> in cluster <centralcluster> Done

Job <bash -c "basf2 etapip_gg_fit_v6_toymc_100.py 200 > /home/belle2/jaeyoung/storage_ghi/Ntuples_ghi_2/MC15ri_generic/MC15ri_etaetapip_tight_v2_240419_Kp_BCS_etapi0const/bsub_log//MC15ri_etapip_gg_fitv6_toyMC_100_200.log"> was submitted from host <ccw03> by user <jaeyoung> in cluster <centralcluster> at Tue Jul 30 01:17:09 2024
Job was executed on host(s) <ccb534>, in queue <s>, as user <jaeyoung> in cluster <centralcluster> at Tue Jul 30 01:17:42 2024
</home/belle2/jaeyoung> was used as the home directory.
</home/belle2/jaeyoung/workspace/DRAW_and_FITTING/main/FITTING/etapip/MC15ri_generic/tight_v2_fit_v6/ToyMC> was used as the working directory.
Started at Tue Jul 30 01:17:42 2024
Terminated at Tue Jul 30 02:24:08 2024
Results reported at Tue Jul 30 02:24:08 2024

Your job looked like:

------------------------------------------------------------
# LSBATCH: User input
bash -c "basf2 etapip_gg_fit_v6_toymc_100.py 200 > /home/belle2/jaeyoung/storage_ghi/Ntuples_ghi_2/MC15ri_generic/MC15ri_etaetapip_tight_v2_240419_Kp_BCS_etapi0const/bsub_log//MC15ri_etapip_gg_fitv6_toyMC_100_200.log"
------------------------------------------------------------

Successfully completed.

Resource usage summary:

    CPU time :                                   3927.52 sec.
    Max Memory :                                 1402 MB
    Average Memory :                             1035.76 MB
    Total Requested Memory :                     4000.00 MB
    Delta Memory :                               2598.00 MB
    Max Swap :                                   -
    Max Processes :                              19
    Max Threads :                                20
    Run time :                                   3985 sec.
    Turnaround time :                            4019 sec.

The output (if any) follows:



PS:

Read file <./bsub_log/200.err> for stderr output of this job.

