Sender: LSF System <lsfadmin@ccb184>
Subject: Job 52359342: <bash -c "basf2 etapip_gg_fit_v6_toymc_100.py 207 > /home/belle2/jaeyoung/storage_ghi/Ntuples_ghi_2/MC15ri_generic/MC15ri_etaetapip_tight_v2_240419_Kp_BCS_etapi0const/bsub_log//MC15ri_etapip_gg_fitv6_toyMC_100_207.log"> in cluster <centralcluster> Done

Job <bash -c "basf2 etapip_gg_fit_v6_toymc_100.py 207 > /home/belle2/jaeyoung/storage_ghi/Ntuples_ghi_2/MC15ri_generic/MC15ri_etaetapip_tight_v2_240419_Kp_BCS_etapi0const/bsub_log//MC15ri_etapip_gg_fitv6_toyMC_100_207.log"> was submitted from host <ccw02> by user <jaeyoung> in cluster <centralcluster> at Sat Jul 20 14:39:15 2024
Job was executed on host(s) <ccb184>, in queue <s>, as user <jaeyoung> in cluster <centralcluster> at Sat Jul 20 14:42:06 2024
</home/belle2/jaeyoung> was used as the home directory.
</home/belle2/jaeyoung/workspace/DRAW_and_FITTING/main/FITTING/etapip/MC15ri_generic/tight_v2_fit_v6/ToyMC> was used as the working directory.
Started at Sat Jul 20 14:42:06 2024
Terminated at Sat Jul 20 15:28:52 2024
Results reported at Sat Jul 20 15:28:52 2024

Your job looked like:

------------------------------------------------------------
# LSBATCH: User input
bash -c "basf2 etapip_gg_fit_v6_toymc_100.py 207 > /home/belle2/jaeyoung/storage_ghi/Ntuples_ghi_2/MC15ri_generic/MC15ri_etaetapip_tight_v2_240419_Kp_BCS_etapi0const/bsub_log//MC15ri_etapip_gg_fitv6_toyMC_100_207.log"
------------------------------------------------------------

Successfully completed.

Resource usage summary:

    CPU time :                                   2792.10 sec.
    Max Memory :                                 1311 MB
    Average Memory :                             942.24 MB
    Total Requested Memory :                     4000.00 MB
    Delta Memory :                               2689.00 MB
    Max Swap :                                   -
    Max Processes :                              19
    Max Threads :                                20
    Run time :                                   2807 sec.
    Turnaround time :                            2977 sec.

The output (if any) follows:



PS:

Read file <./bsub_log/207.err> for stderr output of this job.

Sender: LSF System <lsfadmin@ccb081>
Subject: Job 53029783: <bash -c "basf2 etapip_gg_fit_v6_toymc_100.py 207 > /home/belle2/jaeyoung/storage_ghi/Ntuples_ghi_2/MC15ri_generic/MC15ri_etaetapip_tight_v2_240419_Kp_BCS_etapi0const/bsub_log//MC15ri_etapip_gg_fitv6_toyMC_100_207.log"> in cluster <centralcluster> Done

Job <bash -c "basf2 etapip_gg_fit_v6_toymc_100.py 207 > /home/belle2/jaeyoung/storage_ghi/Ntuples_ghi_2/MC15ri_generic/MC15ri_etaetapip_tight_v2_240419_Kp_BCS_etapi0const/bsub_log//MC15ri_etapip_gg_fitv6_toyMC_100_207.log"> was submitted from host <ccw03> by user <jaeyoung> in cluster <centralcluster> at Sun Jul 21 17:30:38 2024
Job was executed on host(s) <ccb081>, in queue <s>, as user <jaeyoung> in cluster <centralcluster> at Sun Jul 21 17:31:06 2024
</home/belle2/jaeyoung> was used as the home directory.
</home/belle2/jaeyoung/workspace/DRAW_and_FITTING/main/FITTING/etapip/MC15ri_generic/tight_v2_fit_v6/ToyMC> was used as the working directory.
Started at Sun Jul 21 17:31:06 2024
Terminated at Sun Jul 21 18:21:33 2024
Results reported at Sun Jul 21 18:21:33 2024

Your job looked like:

------------------------------------------------------------
# LSBATCH: User input
bash -c "basf2 etapip_gg_fit_v6_toymc_100.py 207 > /home/belle2/jaeyoung/storage_ghi/Ntuples_ghi_2/MC15ri_generic/MC15ri_etaetapip_tight_v2_240419_Kp_BCS_etapi0const/bsub_log//MC15ri_etapip_gg_fitv6_toyMC_100_207.log"
------------------------------------------------------------

Successfully completed.

Resource usage summary:

    CPU time :                                   2987.43 sec.
    Max Memory :                                 1311 MB
    Average Memory :                             926.71 MB
    Total Requested Memory :                     4000.00 MB
    Delta Memory :                               2689.00 MB
    Max Swap :                                   -
    Max Processes :                              19
    Max Threads :                                20
    Run time :                                   3026 sec.
    Turnaround time :                            3055 sec.

The output (if any) follows:



PS:

Read file <./bsub_log/207.err> for stderr output of this job.

Sender: LSF System <lsfadmin@ccb061>
Subject: Job 53202371: <bash -c "basf2 etapip_gg_fit_v6_toymc_100.py 207 > /home/belle2/jaeyoung/storage_ghi/Ntuples_ghi_2/MC15ri_generic/MC15ri_etaetapip_tight_v2_240419_Kp_BCS_etapi0const/bsub_log//MC15ri_etapip_gg_fitv6_toyMC_100_207.log"> in cluster <centralcluster> Exited

Job <bash -c "basf2 etapip_gg_fit_v6_toymc_100.py 207 > /home/belle2/jaeyoung/storage_ghi/Ntuples_ghi_2/MC15ri_generic/MC15ri_etaetapip_tight_v2_240419_Kp_BCS_etapi0const/bsub_log//MC15ri_etapip_gg_fitv6_toyMC_100_207.log"> was submitted from host <ccw03> by user <jaeyoung> in cluster <centralcluster> at Mon Jul 22 00:49:40 2024
Job was executed on host(s) <ccb061>, in queue <s>, as user <jaeyoung> in cluster <centralcluster> at Mon Jul 22 00:50:23 2024
</home/belle2/jaeyoung> was used as the home directory.
</home/belle2/jaeyoung/workspace/DRAW_and_FITTING/main/FITTING/etapip/MC15ri_generic/tight_v2_fit_v6/ToyMC> was used as the working directory.
Started at Mon Jul 22 00:50:23 2024
Terminated at Mon Jul 22 01:07:06 2024
Results reported at Mon Jul 22 01:07:06 2024

Your job looked like:

------------------------------------------------------------
# LSBATCH: User input
bash -c "basf2 etapip_gg_fit_v6_toymc_100.py 207 > /home/belle2/jaeyoung/storage_ghi/Ntuples_ghi_2/MC15ri_generic/MC15ri_etaetapip_tight_v2_240419_Kp_BCS_etapi0const/bsub_log//MC15ri_etapip_gg_fitv6_toyMC_100_207.log"
------------------------------------------------------------

Exited with exit code 1.

Resource usage summary:

    CPU time :                                   998.76 sec.
    Max Memory :                                 1256 MB
    Average Memory :                             1164.91 MB
    Total Requested Memory :                     4000.00 MB
    Delta Memory :                               2744.00 MB
    Max Swap :                                   -
    Max Processes :                              19
    Max Threads :                                20
    Run time :                                   1003 sec.
    Turnaround time :                            1046 sec.

The output (if any) follows:



PS:

Read file <./bsub_log/207.err> for stderr output of this job.

Sender: LSF System <lsfadmin@ccb060>
Subject: Job 53406822: <bash -c "basf2 etapip_gg_fit_v6_toymc_100.py 207 > /home/belle2/jaeyoung/storage_ghi/Ntuples_ghi_2/MC15ri_generic/MC15ri_etaetapip_tight_v2_240419_Kp_BCS_etapi0const/bsub_log//MC15ri_etapip_gg_fitv6_toyMC_100_207.log"> in cluster <centralcluster> Done

Job <bash -c "basf2 etapip_gg_fit_v6_toymc_100.py 207 > /home/belle2/jaeyoung/storage_ghi/Ntuples_ghi_2/MC15ri_generic/MC15ri_etaetapip_tight_v2_240419_Kp_BCS_etapi0const/bsub_log//MC15ri_etapip_gg_fitv6_toyMC_100_207.log"> was submitted from host <ccw06> by user <jaeyoung> in cluster <centralcluster> at Mon Jul 22 10:48:34 2024
Job was executed on host(s) <ccb060>, in queue <s>, as user <jaeyoung> in cluster <centralcluster> at Mon Jul 22 10:48:48 2024
</home/belle2/jaeyoung> was used as the home directory.
</home/belle2/jaeyoung/workspace/DRAW_and_FITTING/main/FITTING/etapip/MC15ri_generic/tight_v2_fit_v6/ToyMC> was used as the working directory.
Started at Mon Jul 22 10:48:48 2024
Terminated at Mon Jul 22 11:34:00 2024
Results reported at Mon Jul 22 11:34:00 2024

Your job looked like:

------------------------------------------------------------
# LSBATCH: User input
bash -c "basf2 etapip_gg_fit_v6_toymc_100.py 207 > /home/belle2/jaeyoung/storage_ghi/Ntuples_ghi_2/MC15ri_generic/MC15ri_etaetapip_tight_v2_240419_Kp_BCS_etapi0const/bsub_log//MC15ri_etapip_gg_fitv6_toyMC_100_207.log"
------------------------------------------------------------

Successfully completed.

Resource usage summary:

    CPU time :                                   2701.79 sec.
    Max Memory :                                 1311 MB
    Average Memory :                             955.36 MB
    Total Requested Memory :                     4000.00 MB
    Delta Memory :                               2689.00 MB
    Max Swap :                                   -
    Max Processes :                              19
    Max Threads :                                20
    Run time :                                   2712 sec.
    Turnaround time :                            2726 sec.

The output (if any) follows:



PS:

Read file <./bsub_log/207.err> for stderr output of this job.

Sender: LSF System <lsfadmin@ccb168>
Subject: Job 53598863: <bash -c "basf2 etapip_gg_fit_v6_toymc_100.py 207 > /home/belle2/jaeyoung/storage_ghi/Ntuples_ghi_2/MC15ri_generic/MC15ri_etaetapip_tight_v2_240419_Kp_BCS_etapi0const/bsub_log//MC15ri_etapip_gg_fitv6_toyMC_100_207.log"> in cluster <centralcluster> Done

Job <bash -c "basf2 etapip_gg_fit_v6_toymc_100.py 207 > /home/belle2/jaeyoung/storage_ghi/Ntuples_ghi_2/MC15ri_generic/MC15ri_etaetapip_tight_v2_240419_Kp_BCS_etapi0const/bsub_log//MC15ri_etapip_gg_fitv6_toyMC_100_207.log"> was submitted from host <ccw03> by user <jaeyoung> in cluster <centralcluster> at Mon Jul 22 18:34:41 2024
Job was executed on host(s) <ccb168>, in queue <s>, as user <jaeyoung> in cluster <centralcluster> at Mon Jul 22 18:35:49 2024
</home/belle2/jaeyoung> was used as the home directory.
</home/belle2/jaeyoung/workspace/DRAW_and_FITTING/main/FITTING/etapip/MC15ri_generic/tight_v2_fit_v6/ToyMC> was used as the working directory.
Started at Mon Jul 22 18:35:49 2024
Terminated at Mon Jul 22 19:21:16 2024
Results reported at Mon Jul 22 19:21:16 2024

Your job looked like:

------------------------------------------------------------
# LSBATCH: User input
bash -c "basf2 etapip_gg_fit_v6_toymc_100.py 207 > /home/belle2/jaeyoung/storage_ghi/Ntuples_ghi_2/MC15ri_generic/MC15ri_etaetapip_tight_v2_240419_Kp_BCS_etapi0const/bsub_log//MC15ri_etapip_gg_fitv6_toyMC_100_207.log"
------------------------------------------------------------

Successfully completed.

Resource usage summary:

    CPU time :                                   2717.77 sec.
    Max Memory :                                 1311 MB
    Average Memory :                             946.48 MB
    Total Requested Memory :                     4000.00 MB
    Delta Memory :                               2689.00 MB
    Max Swap :                                   -
    Max Processes :                              19
    Max Threads :                                20
    Run time :                                   2727 sec.
    Turnaround time :                            2795 sec.

The output (if any) follows:



PS:

Read file <./bsub_log/207.err> for stderr output of this job.

Sender: LSF System <lsfadmin@ccb537>
Subject: Job 53832015: <bash -c "basf2 etapip_gg_fit_v6_toymc_100.py 207 > /home/belle2/jaeyoung/storage_ghi/Ntuples_ghi_2/MC15ri_generic/MC15ri_etaetapip_tight_v2_240419_Kp_BCS_etapi0const/bsub_log//MC15ri_etapip_gg_fitv6_toyMC_100_207.log"> in cluster <centralcluster> Done

Job <bash -c "basf2 etapip_gg_fit_v6_toymc_100.py 207 > /home/belle2/jaeyoung/storage_ghi/Ntuples_ghi_2/MC15ri_generic/MC15ri_etaetapip_tight_v2_240419_Kp_BCS_etapi0const/bsub_log//MC15ri_etapip_gg_fitv6_toyMC_100_207.log"> was submitted from host <ccw05> by user <jaeyoung> in cluster <centralcluster> at Tue Jul 23 00:49:28 2024
Job was executed on host(s) <ccb537>, in queue <s>, as user <jaeyoung> in cluster <centralcluster> at Tue Jul 23 00:49:46 2024
</home/belle2/jaeyoung> was used as the home directory.
</home/belle2/jaeyoung/workspace/DRAW_and_FITTING/main/FITTING/etapip/MC15ri_generic/tight_v2_fit_v6/ToyMC> was used as the working directory.
Started at Tue Jul 23 00:49:46 2024
Terminated at Tue Jul 23 01:37:17 2024
Results reported at Tue Jul 23 01:37:17 2024

Your job looked like:

------------------------------------------------------------
# LSBATCH: User input
bash -c "basf2 etapip_gg_fit_v6_toymc_100.py 207 > /home/belle2/jaeyoung/storage_ghi/Ntuples_ghi_2/MC15ri_generic/MC15ri_etaetapip_tight_v2_240419_Kp_BCS_etapi0const/bsub_log//MC15ri_etapip_gg_fitv6_toyMC_100_207.log"
------------------------------------------------------------

Successfully completed.

Resource usage summary:

    CPU time :                                   2765.75 sec.
    Max Memory :                                 1311 MB
    Average Memory :                             939.80 MB
    Total Requested Memory :                     4000.00 MB
    Delta Memory :                               2689.00 MB
    Max Swap :                                   -
    Max Processes :                              19
    Max Threads :                                20
    Run time :                                   2851 sec.
    Turnaround time :                            2869 sec.

The output (if any) follows:



PS:

Read file <./bsub_log/207.err> for stderr output of this job.

Sender: LSF System <lsfadmin@ccb096>
Subject: Job 54397447: <bash -c "basf2 etapip_gg_fit_v6_toymc_100.py 207 > /home/belle2/jaeyoung/storage_ghi/Ntuples_ghi_2/MC15ri_generic/MC15ri_etaetapip_tight_v2_240419_Kp_BCS_etapi0const/bsub_log//MC15ri_etapip_gg_fitv6_toyMC_100_207.log"> in cluster <centralcluster> Done

Job <bash -c "basf2 etapip_gg_fit_v6_toymc_100.py 207 > /home/belle2/jaeyoung/storage_ghi/Ntuples_ghi_2/MC15ri_generic/MC15ri_etaetapip_tight_v2_240419_Kp_BCS_etapi0const/bsub_log//MC15ri_etapip_gg_fitv6_toyMC_100_207.log"> was submitted from host <ccw04> by user <jaeyoung> in cluster <centralcluster> at Tue Jul 23 17:58:47 2024
Job was executed on host(s) <ccb096>, in queue <s>, as user <jaeyoung> in cluster <centralcluster> at Tue Jul 23 18:24:38 2024
</home/belle2/jaeyoung> was used as the home directory.
</home/belle2/jaeyoung/workspace/DRAW_and_FITTING/main/FITTING/etapip/MC15ri_generic/tight_v2_fit_v6/ToyMC> was used as the working directory.
Started at Tue Jul 23 18:24:38 2024
Terminated at Tue Jul 23 19:12:16 2024
Results reported at Tue Jul 23 19:12:16 2024

Your job looked like:

------------------------------------------------------------
# LSBATCH: User input
bash -c "basf2 etapip_gg_fit_v6_toymc_100.py 207 > /home/belle2/jaeyoung/storage_ghi/Ntuples_ghi_2/MC15ri_generic/MC15ri_etaetapip_tight_v2_240419_Kp_BCS_etapi0const/bsub_log//MC15ri_etapip_gg_fitv6_toyMC_100_207.log"
------------------------------------------------------------

Successfully completed.

Resource usage summary:

    CPU time :                                   2822.64 sec.
    Max Memory :                                 1314 MB
    Average Memory :                             933.88 MB
    Total Requested Memory :                     4000.00 MB
    Delta Memory :                               2686.00 MB
    Max Swap :                                   -
    Max Processes :                              19
    Max Threads :                                20
    Run time :                                   2857 sec.
    Turnaround time :                            4409 sec.

The output (if any) follows:



PS:

Read file <./bsub_log/207.err> for stderr output of this job.

