Sender: LSF System <lsfadmin@ccb184>
Subject: Job 52359355: <bash -c "basf2 etapip_gg_fit_v6_toymc_100.py 213 > /home/belle2/jaeyoung/storage_ghi/Ntuples_ghi_2/MC15ri_generic/MC15ri_etaetapip_tight_v2_240419_Kp_BCS_etapi0const/bsub_log//MC15ri_etapip_gg_fitv6_toyMC_100_213.log"> in cluster <centralcluster> Done

Job <bash -c "basf2 etapip_gg_fit_v6_toymc_100.py 213 > /home/belle2/jaeyoung/storage_ghi/Ntuples_ghi_2/MC15ri_generic/MC15ri_etaetapip_tight_v2_240419_Kp_BCS_etapi0const/bsub_log//MC15ri_etapip_gg_fitv6_toyMC_100_213.log"> was submitted from host <ccw02> by user <jaeyoung> in cluster <centralcluster> at Sat Jul 20 14:39:17 2024
Job was executed on host(s) <ccb184>, in queue <s>, as user <jaeyoung> in cluster <centralcluster> at Sat Jul 20 14:42:08 2024
</home/belle2/jaeyoung> was used as the home directory.
</home/belle2/jaeyoung/workspace/DRAW_and_FITTING/main/FITTING/etapip/MC15ri_generic/tight_v2_fit_v6/ToyMC> was used as the working directory.
Started at Sat Jul 20 14:42:08 2024
Terminated at Sat Jul 20 15:29:56 2024
Results reported at Sat Jul 20 15:29:56 2024

Your job looked like:

------------------------------------------------------------
# LSBATCH: User input
bash -c "basf2 etapip_gg_fit_v6_toymc_100.py 213 > /home/belle2/jaeyoung/storage_ghi/Ntuples_ghi_2/MC15ri_generic/MC15ri_etaetapip_tight_v2_240419_Kp_BCS_etapi0const/bsub_log//MC15ri_etapip_gg_fitv6_toyMC_100_213.log"
------------------------------------------------------------

Successfully completed.

Resource usage summary:

    CPU time :                                   2858.75 sec.
    Max Memory :                                 1311 MB
    Average Memory :                             932.37 MB
    Total Requested Memory :                     4000.00 MB
    Delta Memory :                               2689.00 MB
    Max Swap :                                   -
    Max Processes :                              19
    Max Threads :                                20
    Run time :                                   2869 sec.
    Turnaround time :                            3039 sec.

The output (if any) follows:



PS:

Read file <./bsub_log/213.err> for stderr output of this job.

Sender: LSF System <lsfadmin@ccb009>
Subject: Job 53029805: <bash -c "basf2 etapip_gg_fit_v6_toymc_100.py 213 > /home/belle2/jaeyoung/storage_ghi/Ntuples_ghi_2/MC15ri_generic/MC15ri_etaetapip_tight_v2_240419_Kp_BCS_etapi0const/bsub_log//MC15ri_etapip_gg_fitv6_toyMC_100_213.log"> in cluster <centralcluster> Done

Job <bash -c "basf2 etapip_gg_fit_v6_toymc_100.py 213 > /home/belle2/jaeyoung/storage_ghi/Ntuples_ghi_2/MC15ri_generic/MC15ri_etaetapip_tight_v2_240419_Kp_BCS_etapi0const/bsub_log//MC15ri_etapip_gg_fitv6_toyMC_100_213.log"> was submitted from host <ccw03> by user <jaeyoung> in cluster <centralcluster> at Sun Jul 21 17:30:40 2024
Job was executed on host(s) <ccb009>, in queue <s>, as user <jaeyoung> in cluster <centralcluster> at Sun Jul 21 17:31:07 2024
</home/belle2/jaeyoung> was used as the home directory.
</home/belle2/jaeyoung/workspace/DRAW_and_FITTING/main/FITTING/etapip/MC15ri_generic/tight_v2_fit_v6/ToyMC> was used as the working directory.
Started at Sun Jul 21 17:31:07 2024
Terminated at Sun Jul 21 18:20:18 2024
Results reported at Sun Jul 21 18:20:18 2024

Your job looked like:

------------------------------------------------------------
# LSBATCH: User input
bash -c "basf2 etapip_gg_fit_v6_toymc_100.py 213 > /home/belle2/jaeyoung/storage_ghi/Ntuples_ghi_2/MC15ri_generic/MC15ri_etaetapip_tight_v2_240419_Kp_BCS_etapi0const/bsub_log//MC15ri_etapip_gg_fitv6_toyMC_100_213.log"
------------------------------------------------------------

Successfully completed.

Resource usage summary:

    CPU time :                                   2901.90 sec.
    Max Memory :                                 1311 MB
    Average Memory :                             947.49 MB
    Total Requested Memory :                     4000.00 MB
    Delta Memory :                               2689.00 MB
    Max Swap :                                   -
    Max Processes :                              19
    Max Threads :                                20
    Run time :                                   2950 sec.
    Turnaround time :                            2978 sec.

The output (if any) follows:



PS:

Read file <./bsub_log/213.err> for stderr output of this job.

Sender: LSF System <lsfadmin@ccb174>
Subject: Job 53202384: <bash -c "basf2 etapip_gg_fit_v6_toymc_100.py 213 > /home/belle2/jaeyoung/storage_ghi/Ntuples_ghi_2/MC15ri_generic/MC15ri_etaetapip_tight_v2_240419_Kp_BCS_etapi0const/bsub_log//MC15ri_etapip_gg_fitv6_toyMC_100_213.log"> in cluster <centralcluster> Exited

Job <bash -c "basf2 etapip_gg_fit_v6_toymc_100.py 213 > /home/belle2/jaeyoung/storage_ghi/Ntuples_ghi_2/MC15ri_generic/MC15ri_etaetapip_tight_v2_240419_Kp_BCS_etapi0const/bsub_log//MC15ri_etapip_gg_fitv6_toyMC_100_213.log"> was submitted from host <ccw03> by user <jaeyoung> in cluster <centralcluster> at Mon Jul 22 00:49:43 2024
Job was executed on host(s) <ccb174>, in queue <s>, as user <jaeyoung> in cluster <centralcluster> at Mon Jul 22 00:50:25 2024
</home/belle2/jaeyoung> was used as the home directory.
</home/belle2/jaeyoung/workspace/DRAW_and_FITTING/main/FITTING/etapip/MC15ri_generic/tight_v2_fit_v6/ToyMC> was used as the working directory.
Started at Mon Jul 22 00:50:25 2024
Terminated at Mon Jul 22 01:07:07 2024
Results reported at Mon Jul 22 01:07:07 2024

Your job looked like:

------------------------------------------------------------
# LSBATCH: User input
bash -c "basf2 etapip_gg_fit_v6_toymc_100.py 213 > /home/belle2/jaeyoung/storage_ghi/Ntuples_ghi_2/MC15ri_generic/MC15ri_etaetapip_tight_v2_240419_Kp_BCS_etapi0const/bsub_log//MC15ri_etapip_gg_fitv6_toyMC_100_213.log"
------------------------------------------------------------

Exited with exit code 1.

Resource usage summary:

    CPU time :                                   997.57 sec.
    Max Memory :                                 1254 MB
    Average Memory :                             1149.61 MB
    Total Requested Memory :                     4000.00 MB
    Delta Memory :                               2746.00 MB
    Max Swap :                                   -
    Max Processes :                              19
    Max Threads :                                20
    Run time :                                   1003 sec.
    Turnaround time :                            1044 sec.

The output (if any) follows:



PS:

Read file <./bsub_log/213.err> for stderr output of this job.

Sender: LSF System <lsfadmin@ccb512>
Subject: Job 53406837: <bash -c "basf2 etapip_gg_fit_v6_toymc_100.py 213 > /home/belle2/jaeyoung/storage_ghi/Ntuples_ghi_2/MC15ri_generic/MC15ri_etaetapip_tight_v2_240419_Kp_BCS_etapi0const/bsub_log//MC15ri_etapip_gg_fitv6_toyMC_100_213.log"> in cluster <centralcluster> Done

Job <bash -c "basf2 etapip_gg_fit_v6_toymc_100.py 213 > /home/belle2/jaeyoung/storage_ghi/Ntuples_ghi_2/MC15ri_generic/MC15ri_etaetapip_tight_v2_240419_Kp_BCS_etapi0const/bsub_log//MC15ri_etapip_gg_fitv6_toyMC_100_213.log"> was submitted from host <ccw06> by user <jaeyoung> in cluster <centralcluster> at Mon Jul 22 10:48:36 2024
Job was executed on host(s) <ccb512>, in queue <s>, as user <jaeyoung> in cluster <centralcluster> at Mon Jul 22 10:48:49 2024
</home/belle2/jaeyoung> was used as the home directory.
</home/belle2/jaeyoung/workspace/DRAW_and_FITTING/main/FITTING/etapip/MC15ri_generic/tight_v2_fit_v6/ToyMC> was used as the working directory.
Started at Mon Jul 22 10:48:49 2024
Terminated at Mon Jul 22 11:37:47 2024
Results reported at Mon Jul 22 11:37:47 2024

Your job looked like:

------------------------------------------------------------
# LSBATCH: User input
bash -c "basf2 etapip_gg_fit_v6_toymc_100.py 213 > /home/belle2/jaeyoung/storage_ghi/Ntuples_ghi_2/MC15ri_generic/MC15ri_etaetapip_tight_v2_240419_Kp_BCS_etapi0const/bsub_log//MC15ri_etapip_gg_fitv6_toyMC_100_213.log"
------------------------------------------------------------

Successfully completed.

Resource usage summary:

    CPU time :                                   2869.81 sec.
    Max Memory :                                 1312 MB
    Average Memory :                             942.04 MB
    Total Requested Memory :                     4000.00 MB
    Delta Memory :                               2688.00 MB
    Max Swap :                                   -
    Max Processes :                              19
    Max Threads :                                20
    Run time :                                   2938 sec.
    Turnaround time :                            2951 sec.

The output (if any) follows:



PS:

Read file <./bsub_log/213.err> for stderr output of this job.

Sender: LSF System <lsfadmin@ccb237>
Subject: Job 53598883: <bash -c "basf2 etapip_gg_fit_v6_toymc_100.py 213 > /home/belle2/jaeyoung/storage_ghi/Ntuples_ghi_2/MC15ri_generic/MC15ri_etaetapip_tight_v2_240419_Kp_BCS_etapi0const/bsub_log//MC15ri_etapip_gg_fitv6_toyMC_100_213.log"> in cluster <centralcluster> Done

Job <bash -c "basf2 etapip_gg_fit_v6_toymc_100.py 213 > /home/belle2/jaeyoung/storage_ghi/Ntuples_ghi_2/MC15ri_generic/MC15ri_etaetapip_tight_v2_240419_Kp_BCS_etapi0const/bsub_log//MC15ri_etapip_gg_fitv6_toyMC_100_213.log"> was submitted from host <ccw03> by user <jaeyoung> in cluster <centralcluster> at Mon Jul 22 18:34:43 2024
Job was executed on host(s) <ccb237>, in queue <s>, as user <jaeyoung> in cluster <centralcluster> at Mon Jul 22 18:35:55 2024
</home/belle2/jaeyoung> was used as the home directory.
</home/belle2/jaeyoung/workspace/DRAW_and_FITTING/main/FITTING/etapip/MC15ri_generic/tight_v2_fit_v6/ToyMC> was used as the working directory.
Started at Mon Jul 22 18:35:55 2024
Terminated at Mon Jul 22 19:21:29 2024
Results reported at Mon Jul 22 19:21:29 2024

Your job looked like:

------------------------------------------------------------
# LSBATCH: User input
bash -c "basf2 etapip_gg_fit_v6_toymc_100.py 213 > /home/belle2/jaeyoung/storage_ghi/Ntuples_ghi_2/MC15ri_generic/MC15ri_etaetapip_tight_v2_240419_Kp_BCS_etapi0const/bsub_log//MC15ri_etapip_gg_fitv6_toyMC_100_213.log"
------------------------------------------------------------

Successfully completed.

Resource usage summary:

    CPU time :                                   2722.17 sec.
    Max Memory :                                 1310 MB
    Average Memory :                             946.68 MB
    Total Requested Memory :                     4000.00 MB
    Delta Memory :                               2690.00 MB
    Max Swap :                                   -
    Max Processes :                              19
    Max Threads :                                20
    Run time :                                   2734 sec.
    Turnaround time :                            2806 sec.

The output (if any) follows:



PS:

Read file <./bsub_log/213.err> for stderr output of this job.

Sender: LSF System <lsfadmin@ccb256>
Subject: Job 53832044: <bash -c "basf2 etapip_gg_fit_v6_toymc_100.py 213 > /home/belle2/jaeyoung/storage_ghi/Ntuples_ghi_2/MC15ri_generic/MC15ri_etaetapip_tight_v2_240419_Kp_BCS_etapi0const/bsub_log//MC15ri_etapip_gg_fitv6_toyMC_100_213.log"> in cluster <centralcluster> Done

Job <bash -c "basf2 etapip_gg_fit_v6_toymc_100.py 213 > /home/belle2/jaeyoung/storage_ghi/Ntuples_ghi_2/MC15ri_generic/MC15ri_etaetapip_tight_v2_240419_Kp_BCS_etapi0const/bsub_log//MC15ri_etapip_gg_fitv6_toyMC_100_213.log"> was submitted from host <ccw05> by user <jaeyoung> in cluster <centralcluster> at Tue Jul 23 00:49:31 2024
Job was executed on host(s) <ccb256>, in queue <s>, as user <jaeyoung> in cluster <centralcluster> at Tue Jul 23 00:49:47 2024
</home/belle2/jaeyoung> was used as the home directory.
</home/belle2/jaeyoung/workspace/DRAW_and_FITTING/main/FITTING/etapip/MC15ri_generic/tight_v2_fit_v6/ToyMC> was used as the working directory.
Started at Tue Jul 23 00:49:47 2024
Terminated at Tue Jul 23 01:49:09 2024
Results reported at Tue Jul 23 01:49:09 2024

Your job looked like:

------------------------------------------------------------
# LSBATCH: User input
bash -c "basf2 etapip_gg_fit_v6_toymc_100.py 213 > /home/belle2/jaeyoung/storage_ghi/Ntuples_ghi_2/MC15ri_generic/MC15ri_etaetapip_tight_v2_240419_Kp_BCS_etapi0const/bsub_log//MC15ri_etapip_gg_fitv6_toyMC_100_213.log"
------------------------------------------------------------

Successfully completed.

Resource usage summary:

    CPU time :                                   3446.10 sec.
    Max Memory :                                 1313 MB
    Average Memory :                             976.13 MB
    Total Requested Memory :                     4000.00 MB
    Delta Memory :                               2687.00 MB
    Max Swap :                                   -
    Max Processes :                              19
    Max Threads :                                20
    Run time :                                   3563 sec.
    Turnaround time :                            3578 sec.

The output (if any) follows:



PS:

Read file <./bsub_log/213.err> for stderr output of this job.

Sender: LSF System <lsfadmin@ccb249>
Subject: Job 54397484: <bash -c "basf2 etapip_gg_fit_v6_toymc_100.py 213 > /home/belle2/jaeyoung/storage_ghi/Ntuples_ghi_2/MC15ri_generic/MC15ri_etaetapip_tight_v2_240419_Kp_BCS_etapi0const/bsub_log//MC15ri_etapip_gg_fitv6_toyMC_100_213.log"> in cluster <centralcluster> Done

Job <bash -c "basf2 etapip_gg_fit_v6_toymc_100.py 213 > /home/belle2/jaeyoung/storage_ghi/Ntuples_ghi_2/MC15ri_generic/MC15ri_etaetapip_tight_v2_240419_Kp_BCS_etapi0const/bsub_log//MC15ri_etapip_gg_fitv6_toyMC_100_213.log"> was submitted from host <ccw04> by user <jaeyoung> in cluster <centralcluster> at Tue Jul 23 17:58:49 2024
Job was executed on host(s) <ccb249>, in queue <s>, as user <jaeyoung> in cluster <centralcluster> at Tue Jul 23 18:24:42 2024
</home/belle2/jaeyoung> was used as the home directory.
</home/belle2/jaeyoung/workspace/DRAW_and_FITTING/main/FITTING/etapip/MC15ri_generic/tight_v2_fit_v6/ToyMC> was used as the working directory.
Started at Tue Jul 23 18:24:42 2024
Terminated at Tue Jul 23 19:10:54 2024
Results reported at Tue Jul 23 19:10:54 2024

Your job looked like:

------------------------------------------------------------
# LSBATCH: User input
bash -c "basf2 etapip_gg_fit_v6_toymc_100.py 213 > /home/belle2/jaeyoung/storage_ghi/Ntuples_ghi_2/MC15ri_generic/MC15ri_etaetapip_tight_v2_240419_Kp_BCS_etapi0const/bsub_log//MC15ri_etapip_gg_fitv6_toyMC_100_213.log"
------------------------------------------------------------

Successfully completed.

Resource usage summary:

    CPU time :                                   2763.84 sec.
    Max Memory :                                 1313 MB
    Average Memory :                             948.32 MB
    Total Requested Memory :                     4000.00 MB
    Delta Memory :                               2687.00 MB
    Max Swap :                                   -
    Max Processes :                              19
    Max Threads :                                20
    Run time :                                   2773 sec.
    Turnaround time :                            4325 sec.

The output (if any) follows:



PS:

Read file <./bsub_log/213.err> for stderr output of this job.

Sender: LSF System <lsfadmin@ccb149>
Subject: Job 54470057: <bash -c "basf2 etapip_gg_fit_v6_toymc_100.py 213 > /home/belle2/jaeyoung/storage_ghi/Ntuples_ghi_2/MC15ri_generic/MC15ri_etaetapip_tight_v2_240419_Kp_BCS_etapi0const/bsub_log//MC15ri_etapip_gg_fitv6_toyMC_100_213.log"> in cluster <centralcluster> Done

Job <bash -c "basf2 etapip_gg_fit_v6_toymc_100.py 213 > /home/belle2/jaeyoung/storage_ghi/Ntuples_ghi_2/MC15ri_generic/MC15ri_etaetapip_tight_v2_240419_Kp_BCS_etapi0const/bsub_log//MC15ri_etapip_gg_fitv6_toyMC_100_213.log"> was submitted from host <ccw03> by user <jaeyoung> in cluster <centralcluster> at Tue Jul 23 19:37:41 2024
Job was executed on host(s) <ccb149>, in queue <s>, as user <jaeyoung> in cluster <centralcluster> at Tue Jul 23 19:37:43 2024
</home/belle2/jaeyoung> was used as the home directory.
</home/belle2/jaeyoung/workspace/DRAW_and_FITTING/main/FITTING/etapip/MC15ri_generic/tight_v2_fit_v6/ToyMC> was used as the working directory.
Started at Tue Jul 23 19:37:43 2024
Terminated at Tue Jul 23 20:24:09 2024
Results reported at Tue Jul 23 20:24:09 2024

Your job looked like:

------------------------------------------------------------
# LSBATCH: User input
bash -c "basf2 etapip_gg_fit_v6_toymc_100.py 213 > /home/belle2/jaeyoung/storage_ghi/Ntuples_ghi_2/MC15ri_generic/MC15ri_etaetapip_tight_v2_240419_Kp_BCS_etapi0const/bsub_log//MC15ri_etapip_gg_fitv6_toyMC_100_213.log"
------------------------------------------------------------

Successfully completed.

Resource usage summary:

    CPU time :                                   2747.48 sec.
    Max Memory :                                 1311 MB
    Average Memory :                             943.90 MB
    Total Requested Memory :                     4000.00 MB
    Delta Memory :                               2689.00 MB
    Max Swap :                                   -
    Max Processes :                              19
    Max Threads :                                20
    Run time :                                   2787 sec.
    Turnaround time :                            2788 sec.

The output (if any) follows:



PS:

Read file <./bsub_log/213.err> for stderr output of this job.

Sender: LSF System <lsfadmin@ccb270>
Subject: Job 55515688: <bash -c "basf2 etapip_gg_fit_v6_toymc_100.py 213 > /home/belle2/jaeyoung/storage_ghi/Ntuples_ghi_2/MC15ri_generic/MC15ri_etaetapip_tight_v2_240419_Kp_BCS_etapi0const/bsub_log//MC15ri_etapip_gg_fitv6_toyMC_100_213.log"> in cluster <centralcluster> Done

Job <bash -c "basf2 etapip_gg_fit_v6_toymc_100.py 213 > /home/belle2/jaeyoung/storage_ghi/Ntuples_ghi_2/MC15ri_generic/MC15ri_etaetapip_tight_v2_240419_Kp_BCS_etapi0const/bsub_log//MC15ri_etapip_gg_fitv6_toyMC_100_213.log"> was submitted from host <ccw01> by user <jaeyoung> in cluster <centralcluster> at Thu Jul 25 20:50:37 2024
Job was executed on host(s) <ccb270>, in queue <s>, as user <jaeyoung> in cluster <centralcluster> at Thu Jul 25 20:50:38 2024
</home/belle2/jaeyoung> was used as the home directory.
</gpfs/home/belle2/jaeyoung/workspace/DRAW_and_FITTING/main/FITTING/etapip/MC15ri_generic/tight_v2_fit_v6/ToyMC> was used as the working directory.
Started at Thu Jul 25 20:50:38 2024
Terminated at Thu Jul 25 21:39:25 2024
Results reported at Thu Jul 25 21:39:25 2024

Your job looked like:

------------------------------------------------------------
# LSBATCH: User input
bash -c "basf2 etapip_gg_fit_v6_toymc_100.py 213 > /home/belle2/jaeyoung/storage_ghi/Ntuples_ghi_2/MC15ri_generic/MC15ri_etaetapip_tight_v2_240419_Kp_BCS_etapi0const/bsub_log//MC15ri_etapip_gg_fitv6_toyMC_100_213.log"
------------------------------------------------------------

Successfully completed.

Resource usage summary:

    CPU time :                                   2835.25 sec.
    Max Memory :                                 1316 MB
    Average Memory :                             940.46 MB
    Total Requested Memory :                     4000.00 MB
    Delta Memory :                               2684.00 MB
    Max Swap :                                   -
    Max Processes :                              19
    Max Threads :                                20
    Run time :                                   2927 sec.
    Turnaround time :                            2928 sec.

The output (if any) follows:



PS:

Read file <./bsub_log/213.err> for stderr output of this job.

Sender: LSF System <lsfadmin@ccb505>
Subject: Job 56103079: <bash -c "basf2 etapip_gg_fit_v6_toymc_100.py 213 > /home/belle2/jaeyoung/storage_ghi/Ntuples_ghi_2/MC15ri_generic/MC15ri_etaetapip_tight_v2_240419_Kp_BCS_etapi0const/bsub_log//MC15ri_etapip_gg_fitv6_toyMC_100_213.log"> in cluster <centralcluster> Done

Job <bash -c "basf2 etapip_gg_fit_v6_toymc_100.py 213 > /home/belle2/jaeyoung/storage_ghi/Ntuples_ghi_2/MC15ri_generic/MC15ri_etaetapip_tight_v2_240419_Kp_BCS_etapi0const/bsub_log//MC15ri_etapip_gg_fitv6_toyMC_100_213.log"> was submitted from host <ccw06> by user <jaeyoung> in cluster <centralcluster> at Fri Jul 26 23:43:39 2024
Job was executed on host(s) <ccb505>, in queue <s>, as user <jaeyoung> in cluster <centralcluster> at Sat Jul 27 00:18:03 2024
</home/belle2/jaeyoung> was used as the home directory.
</home/belle2/jaeyoung/workspace/DRAW_and_FITTING/main/FITTING/etapip/MC15ri_generic/tight_v2_fit_v6/ToyMC> was used as the working directory.
Started at Sat Jul 27 00:18:03 2024
Terminated at Sat Jul 27 00:51:28 2024
Results reported at Sat Jul 27 00:51:28 2024

Your job looked like:

------------------------------------------------------------
# LSBATCH: User input
bash -c "basf2 etapip_gg_fit_v6_toymc_100.py 213 > /home/belle2/jaeyoung/storage_ghi/Ntuples_ghi_2/MC15ri_generic/MC15ri_etaetapip_tight_v2_240419_Kp_BCS_etapi0const/bsub_log//MC15ri_etapip_gg_fitv6_toyMC_100_213.log"
------------------------------------------------------------

Successfully completed.

Resource usage summary:

    CPU time :                                   1928.29 sec.
    Max Memory :                                 887 MB
    Average Memory :                             632.86 MB
    Total Requested Memory :                     4000.00 MB
    Delta Memory :                               3113.00 MB
    Max Swap :                                   -
    Max Processes :                              19
    Max Threads :                                20
    Run time :                                   2005 sec.
    Turnaround time :                            4069 sec.

The output (if any) follows:



PS:

Read file <./bsub_log/213.err> for stderr output of this job.

Sender: LSF System <lsfadmin@ccb526>
Subject: Job 56133556: <bash -c "basf2 etapip_gg_fit_v6_toymc_100.py 213 > /home/belle2/jaeyoung/storage_ghi/Ntuples_ghi_2/MC15ri_generic/MC15ri_etaetapip_tight_v2_240419_Kp_BCS_etapi0const/bsub_log//MC15ri_etapip_gg_fitv6_toyMC_100_213.log"> in cluster <centralcluster> Done

Job <bash -c "basf2 etapip_gg_fit_v6_toymc_100.py 213 > /home/belle2/jaeyoung/storage_ghi/Ntuples_ghi_2/MC15ri_generic/MC15ri_etaetapip_tight_v2_240419_Kp_BCS_etapi0const/bsub_log//MC15ri_etapip_gg_fitv6_toyMC_100_213.log"> was submitted from host <ccw03> by user <jaeyoung> in cluster <centralcluster> at Sat Jul 27 01:13:06 2024
Job was executed on host(s) <ccb526>, in queue <s>, as user <jaeyoung> in cluster <centralcluster> at Sat Jul 27 03:04:12 2024
</home/belle2/jaeyoung> was used as the home directory.
</gpfs/home/belle2/jaeyoung/workspace/DRAW_and_FITTING/main/FITTING/etapip/MC15ri_generic/tight_v2_fit_v6/ToyMC> was used as the working directory.
Started at Sat Jul 27 03:04:12 2024
Terminated at Sat Jul 27 03:45:39 2024
Results reported at Sat Jul 27 03:45:39 2024

Your job looked like:

------------------------------------------------------------
# LSBATCH: User input
bash -c "basf2 etapip_gg_fit_v6_toymc_100.py 213 > /home/belle2/jaeyoung/storage_ghi/Ntuples_ghi_2/MC15ri_generic/MC15ri_etaetapip_tight_v2_240419_Kp_BCS_etapi0const/bsub_log//MC15ri_etapip_gg_fitv6_toyMC_100_213.log"
------------------------------------------------------------

Successfully completed.

Resource usage summary:

    CPU time :                                   2436.59 sec.
    Max Memory :                                 916 MB
    Average Memory :                             663.87 MB
    Total Requested Memory :                     4000.00 MB
    Delta Memory :                               3084.00 MB
    Max Swap :                                   -
    Max Processes :                              19
    Max Threads :                                20
    Run time :                                   2487 sec.
    Turnaround time :                            9153 sec.

The output (if any) follows:



PS:

Read file <./bsub_log/213.err> for stderr output of this job.

Sender: LSF System <lsfadmin@ccb127>
Subject: Job 57220210: <bash -c "basf2 etapip_gg_fit_v6_toymc_100.py 213 > /home/belle2/jaeyoung/storage_ghi/Ntuples_ghi_2/MC15ri_generic/MC15ri_etaetapip_tight_v2_240419_Kp_BCS_etapi0const/bsub_log//MC15ri_etapip_gg_fitv6_toyMC_100_213.log"> in cluster <centralcluster> Exited

Job <bash -c "basf2 etapip_gg_fit_v6_toymc_100.py 213 > /home/belle2/jaeyoung/storage_ghi/Ntuples_ghi_2/MC15ri_generic/MC15ri_etaetapip_tight_v2_240419_Kp_BCS_etapi0const/bsub_log//MC15ri_etapip_gg_fitv6_toyMC_100_213.log"> was submitted from host <ccx03> by user <jaeyoung> in cluster <centralcluster> at Mon Jul 29 18:44:55 2024
Job was executed on host(s) <ccb127>, in queue <s>, as user <jaeyoung> in cluster <centralcluster> at Mon Jul 29 18:44:56 2024
</home/belle2/jaeyoung> was used as the home directory.
</gpfs/home/belle2/jaeyoung/workspace/DRAW_and_FITTING/main/FITTING/etapip/MC15ri_generic/tight_v2_fit_v6/ToyMC> was used as the working directory.
Started at Mon Jul 29 18:44:56 2024
Terminated at Mon Jul 29 19:51:19 2024
Results reported at Mon Jul 29 19:51:19 2024

Your job looked like:

------------------------------------------------------------
# LSBATCH: User input
bash -c "basf2 etapip_gg_fit_v6_toymc_100.py 213 > /home/belle2/jaeyoung/storage_ghi/Ntuples_ghi_2/MC15ri_generic/MC15ri_etaetapip_tight_v2_240419_Kp_BCS_etapi0const/bsub_log//MC15ri_etapip_gg_fitv6_toyMC_100_213.log"
------------------------------------------------------------

Exited with exit code 1.

Resource usage summary:

    CPU time :                                   3912.18 sec.
    Max Memory :                                 1394 MB
    Average Memory :                             1040.13 MB
    Total Requested Memory :                     4000.00 MB
    Delta Memory :                               2606.00 MB
    Max Swap :                                   -
    Max Processes :                              19
    Max Threads :                                20
    Run time :                                   3983 sec.
    Turnaround time :                            3984 sec.

The output (if any) follows:



PS:

Read file <./bsub_log/213.err> for stderr output of this job.

Sender: LSF System <lsfadmin@ccb188>
Subject: Job 57308325: <bash -c "basf2 etapip_gg_fit_v6_toymc_100.py 213 > /home/belle2/jaeyoung/storage_ghi/Ntuples_ghi_2/MC15ri_generic/MC15ri_etaetapip_tight_v2_240419_Kp_BCS_etapi0const/bsub_log//MC15ri_etapip_gg_fitv6_toyMC_100_213.log"> in cluster <centralcluster> Done

Job <bash -c "basf2 etapip_gg_fit_v6_toymc_100.py 213 > /home/belle2/jaeyoung/storage_ghi/Ntuples_ghi_2/MC15ri_generic/MC15ri_etaetapip_tight_v2_240419_Kp_BCS_etapi0const/bsub_log//MC15ri_etapip_gg_fitv6_toyMC_100_213.log"> was submitted from host <ccw03> by user <jaeyoung> in cluster <centralcluster> at Mon Jul 29 23:02:26 2024
Job was executed on host(s) <ccb188>, in queue <s>, as user <jaeyoung> in cluster <centralcluster> at Mon Jul 29 23:03:16 2024
</home/belle2/jaeyoung> was used as the home directory.
</home/belle2/jaeyoung/workspace/DRAW_and_FITTING/main/FITTING/etapip/MC15ri_generic/tight_v2_fit_v6/ToyMC> was used as the working directory.
Started at Mon Jul 29 23:03:16 2024
Terminated at Tue Jul 30 00:07:56 2024
Results reported at Tue Jul 30 00:07:56 2024

Your job looked like:

------------------------------------------------------------
# LSBATCH: User input
bash -c "basf2 etapip_gg_fit_v6_toymc_100.py 213 > /home/belle2/jaeyoung/storage_ghi/Ntuples_ghi_2/MC15ri_generic/MC15ri_etaetapip_tight_v2_240419_Kp_BCS_etapi0const/bsub_log//MC15ri_etapip_gg_fitv6_toyMC_100_213.log"
------------------------------------------------------------

Successfully completed.

Resource usage summary:

    CPU time :                                   3846.36 sec.
    Max Memory :                                 1399 MB
    Average Memory :                             1033.87 MB
    Total Requested Memory :                     4000.00 MB
    Delta Memory :                               2601.00 MB
    Max Swap :                                   -
    Max Processes :                              19
    Max Threads :                                20
    Run time :                                   3881 sec.
    Turnaround time :                            3930 sec.

The output (if any) follows:



PS:

Read file <./bsub_log/213.err> for stderr output of this job.

Sender: LSF System <lsfadmin@ccb039>
Subject: Job 57389997: <bash -c "basf2 etapip_gg_fit_v6_toymc_100.py 213 > /home/belle2/jaeyoung/storage_ghi/Ntuples_ghi_2/MC15ri_generic/MC15ri_etaetapip_tight_v2_240419_Kp_BCS_etapi0const/bsub_log//MC15ri_etapip_gg_fitv6_toyMC_100_213.log"> in cluster <centralcluster> Done

Job <bash -c "basf2 etapip_gg_fit_v6_toymc_100.py 213 > /home/belle2/jaeyoung/storage_ghi/Ntuples_ghi_2/MC15ri_generic/MC15ri_etaetapip_tight_v2_240419_Kp_BCS_etapi0const/bsub_log//MC15ri_etapip_gg_fitv6_toyMC_100_213.log"> was submitted from host <ccw03> by user <jaeyoung> in cluster <centralcluster> at Tue Jul 30 01:17:12 2024
Job was executed on host(s) <ccb039>, in queue <s>, as user <jaeyoung> in cluster <centralcluster> at Tue Jul 30 01:17:47 2024
</home/belle2/jaeyoung> was used as the home directory.
</home/belle2/jaeyoung/workspace/DRAW_and_FITTING/main/FITTING/etapip/MC15ri_generic/tight_v2_fit_v6/ToyMC> was used as the working directory.
Started at Tue Jul 30 01:17:47 2024
Terminated at Tue Jul 30 02:20:42 2024
Results reported at Tue Jul 30 02:20:42 2024

Your job looked like:

------------------------------------------------------------
# LSBATCH: User input
bash -c "basf2 etapip_gg_fit_v6_toymc_100.py 213 > /home/belle2/jaeyoung/storage_ghi/Ntuples_ghi_2/MC15ri_generic/MC15ri_etaetapip_tight_v2_240419_Kp_BCS_etapi0const/bsub_log//MC15ri_etapip_gg_fitv6_toyMC_100_213.log"
------------------------------------------------------------

Successfully completed.

Resource usage summary:

    CPU time :                                   3721.49 sec.
    Max Memory :                                 1458 MB
    Average Memory :                             1046.63 MB
    Total Requested Memory :                     4000.00 MB
    Delta Memory :                               2542.00 MB
    Max Swap :                                   -
    Max Processes :                              19
    Max Threads :                                20
    Run time :                                   3774 sec.
    Turnaround time :                            3810 sec.

The output (if any) follows:



PS:

Read file <./bsub_log/213.err> for stderr output of this job.

