Sender: LSF System <lsfadmin@ccb214>
Subject: Job 52359357: <bash -c "basf2 etapip_gg_fit_v6_toymc_100.py 214 > /home/belle2/jaeyoung/storage_ghi/Ntuples_ghi_2/MC15ri_generic/MC15ri_etaetapip_tight_v2_240419_Kp_BCS_etapi0const/bsub_log//MC15ri_etapip_gg_fitv6_toyMC_100_214.log"> in cluster <centralcluster> Done

Job <bash -c "basf2 etapip_gg_fit_v6_toymc_100.py 214 > /home/belle2/jaeyoung/storage_ghi/Ntuples_ghi_2/MC15ri_generic/MC15ri_etaetapip_tight_v2_240419_Kp_BCS_etapi0const/bsub_log//MC15ri_etapip_gg_fitv6_toyMC_100_214.log"> was submitted from host <ccw02> by user <jaeyoung> in cluster <centralcluster> at Sat Jul 20 14:39:17 2024
Job was executed on host(s) <ccb214>, in queue <s>, as user <jaeyoung> in cluster <centralcluster> at Sat Jul 20 14:42:08 2024
</home/belle2/jaeyoung> was used as the home directory.
</home/belle2/jaeyoung/workspace/DRAW_and_FITTING/main/FITTING/etapip/MC15ri_generic/tight_v2_fit_v6/ToyMC> was used as the working directory.
Started at Sat Jul 20 14:42:08 2024
Terminated at Sat Jul 20 15:30:59 2024
Results reported at Sat Jul 20 15:30:59 2024

Your job looked like:

------------------------------------------------------------
# LSBATCH: User input
bash -c "basf2 etapip_gg_fit_v6_toymc_100.py 214 > /home/belle2/jaeyoung/storage_ghi/Ntuples_ghi_2/MC15ri_generic/MC15ri_etaetapip_tight_v2_240419_Kp_BCS_etapi0const/bsub_log//MC15ri_etapip_gg_fitv6_toyMC_100_214.log"
------------------------------------------------------------

Successfully completed.

Resource usage summary:

    CPU time :                                   2899.44 sec.
    Max Memory :                                 1311 MB
    Average Memory :                             929.49 MB
    Total Requested Memory :                     4000.00 MB
    Delta Memory :                               2689.00 MB
    Max Swap :                                   -
    Max Processes :                              19
    Max Threads :                                20
    Run time :                                   2931 sec.
    Turnaround time :                            3102 sec.

The output (if any) follows:



PS:

Read file <./bsub_log/214.err> for stderr output of this job.

Sender: LSF System <lsfadmin@ccb010>
Subject: Job 53029810: <bash -c "basf2 etapip_gg_fit_v6_toymc_100.py 214 > /home/belle2/jaeyoung/storage_ghi/Ntuples_ghi_2/MC15ri_generic/MC15ri_etaetapip_tight_v2_240419_Kp_BCS_etapi0const/bsub_log//MC15ri_etapip_gg_fitv6_toyMC_100_214.log"> in cluster <centralcluster> Done

Job <bash -c "basf2 etapip_gg_fit_v6_toymc_100.py 214 > /home/belle2/jaeyoung/storage_ghi/Ntuples_ghi_2/MC15ri_generic/MC15ri_etaetapip_tight_v2_240419_Kp_BCS_etapi0const/bsub_log//MC15ri_etapip_gg_fitv6_toyMC_100_214.log"> was submitted from host <ccw03> by user <jaeyoung> in cluster <centralcluster> at Sun Jul 21 17:30:41 2024
Job was executed on host(s) <ccb010>, in queue <s>, as user <jaeyoung> in cluster <centralcluster> at Sun Jul 21 17:31:07 2024
</home/belle2/jaeyoung> was used as the home directory.
</home/belle2/jaeyoung/workspace/DRAW_and_FITTING/main/FITTING/etapip/MC15ri_generic/tight_v2_fit_v6/ToyMC> was used as the working directory.
Started at Sun Jul 21 17:31:07 2024
Terminated at Sun Jul 21 18:19:03 2024
Results reported at Sun Jul 21 18:19:03 2024

Your job looked like:

------------------------------------------------------------
# LSBATCH: User input
bash -c "basf2 etapip_gg_fit_v6_toymc_100.py 214 > /home/belle2/jaeyoung/storage_ghi/Ntuples_ghi_2/MC15ri_generic/MC15ri_etaetapip_tight_v2_240419_Kp_BCS_etapi0const/bsub_log//MC15ri_etapip_gg_fitv6_toyMC_100_214.log"
------------------------------------------------------------

Successfully completed.

Resource usage summary:

    CPU time :                                   2820.68 sec.
    Max Memory :                                 1311 MB
    Average Memory :                             935.48 MB
    Total Requested Memory :                     4000.00 MB
    Delta Memory :                               2689.00 MB
    Max Swap :                                   -
    Max Processes :                              19
    Max Threads :                                20
    Run time :                                   2876 sec.
    Turnaround time :                            2902 sec.

The output (if any) follows:



PS:

Read file <./bsub_log/214.err> for stderr output of this job.

Sender: LSF System <lsfadmin@ccb026>
Subject: Job 53202397: <bash -c "basf2 etapip_gg_fit_v6_toymc_100.py 214 > /home/belle2/jaeyoung/storage_ghi/Ntuples_ghi_2/MC15ri_generic/MC15ri_etaetapip_tight_v2_240419_Kp_BCS_etapi0const/bsub_log//MC15ri_etapip_gg_fitv6_toyMC_100_214.log"> in cluster <centralcluster> Exited

Job <bash -c "basf2 etapip_gg_fit_v6_toymc_100.py 214 > /home/belle2/jaeyoung/storage_ghi/Ntuples_ghi_2/MC15ri_generic/MC15ri_etaetapip_tight_v2_240419_Kp_BCS_etapi0const/bsub_log//MC15ri_etapip_gg_fitv6_toyMC_100_214.log"> was submitted from host <ccw03> by user <jaeyoung> in cluster <centralcluster> at Mon Jul 22 00:49:43 2024
Job was executed on host(s) <ccb026>, in queue <s>, as user <jaeyoung> in cluster <centralcluster> at Mon Jul 22 00:50:25 2024
</home/belle2/jaeyoung> was used as the home directory.
</home/belle2/jaeyoung/workspace/DRAW_and_FITTING/main/FITTING/etapip/MC15ri_generic/tight_v2_fit_v6/ToyMC> was used as the working directory.
Started at Mon Jul 22 00:50:25 2024
Terminated at Mon Jul 22 01:06:53 2024
Results reported at Mon Jul 22 01:06:53 2024

Your job looked like:

------------------------------------------------------------
# LSBATCH: User input
bash -c "basf2 etapip_gg_fit_v6_toymc_100.py 214 > /home/belle2/jaeyoung/storage_ghi/Ntuples_ghi_2/MC15ri_generic/MC15ri_etaetapip_tight_v2_240419_Kp_BCS_etapi0const/bsub_log//MC15ri_etapip_gg_fitv6_toyMC_100_214.log"
------------------------------------------------------------

Exited with exit code 1.

Resource usage summary:

    CPU time :                                   985.24 sec.
    Max Memory :                                 1255 MB
    Average Memory :                             1173.84 MB
    Total Requested Memory :                     4000.00 MB
    Delta Memory :                               2745.00 MB
    Max Swap :                                   -
    Max Processes :                              19
    Max Threads :                                20
    Run time :                                   989 sec.
    Turnaround time :                            1030 sec.

The output (if any) follows:



PS:

Read file <./bsub_log/214.err> for stderr output of this job.

Sender: LSF System <lsfadmin@ccb235>
Subject: Job 53406839: <bash -c "basf2 etapip_gg_fit_v6_toymc_100.py 214 > /home/belle2/jaeyoung/storage_ghi/Ntuples_ghi_2/MC15ri_generic/MC15ri_etaetapip_tight_v2_240419_Kp_BCS_etapi0const/bsub_log//MC15ri_etapip_gg_fitv6_toyMC_100_214.log"> in cluster <centralcluster> Done

Job <bash -c "basf2 etapip_gg_fit_v6_toymc_100.py 214 > /home/belle2/jaeyoung/storage_ghi/Ntuples_ghi_2/MC15ri_generic/MC15ri_etaetapip_tight_v2_240419_Kp_BCS_etapi0const/bsub_log//MC15ri_etapip_gg_fitv6_toyMC_100_214.log"> was submitted from host <ccw06> by user <jaeyoung> in cluster <centralcluster> at Mon Jul 22 10:48:36 2024
Job was executed on host(s) <ccb235>, in queue <s>, as user <jaeyoung> in cluster <centralcluster> at Mon Jul 22 10:48:50 2024
</home/belle2/jaeyoung> was used as the home directory.
</home/belle2/jaeyoung/workspace/DRAW_and_FITTING/main/FITTING/etapip/MC15ri_generic/tight_v2_fit_v6/ToyMC> was used as the working directory.
Started at Mon Jul 22 10:48:50 2024
Terminated at Mon Jul 22 11:34:52 2024
Results reported at Mon Jul 22 11:34:52 2024

Your job looked like:

------------------------------------------------------------
# LSBATCH: User input
bash -c "basf2 etapip_gg_fit_v6_toymc_100.py 214 > /home/belle2/jaeyoung/storage_ghi/Ntuples_ghi_2/MC15ri_generic/MC15ri_etaetapip_tight_v2_240419_Kp_BCS_etapi0const/bsub_log//MC15ri_etapip_gg_fitv6_toyMC_100_214.log"
------------------------------------------------------------

Successfully completed.

Resource usage summary:

    CPU time :                                   2721.63 sec.
    Max Memory :                                 1311 MB
    Average Memory :                             957.77 MB
    Total Requested Memory :                     4000.00 MB
    Delta Memory :                               2689.00 MB
    Max Swap :                                   -
    Max Processes :                              19
    Max Threads :                                20
    Run time :                                   2762 sec.
    Turnaround time :                            2776 sec.

The output (if any) follows:



PS:

Read file <./bsub_log/214.err> for stderr output of this job.

Sender: LSF System <lsfadmin@ccb128>
Subject: Job 53598887: <bash -c "basf2 etapip_gg_fit_v6_toymc_100.py 214 > /home/belle2/jaeyoung/storage_ghi/Ntuples_ghi_2/MC15ri_generic/MC15ri_etaetapip_tight_v2_240419_Kp_BCS_etapi0const/bsub_log//MC15ri_etapip_gg_fitv6_toyMC_100_214.log"> in cluster <centralcluster> Done

Job <bash -c "basf2 etapip_gg_fit_v6_toymc_100.py 214 > /home/belle2/jaeyoung/storage_ghi/Ntuples_ghi_2/MC15ri_generic/MC15ri_etaetapip_tight_v2_240419_Kp_BCS_etapi0const/bsub_log//MC15ri_etapip_gg_fitv6_toyMC_100_214.log"> was submitted from host <ccw03> by user <jaeyoung> in cluster <centralcluster> at Mon Jul 22 18:34:44 2024
Job was executed on host(s) <ccb128>, in queue <s>, as user <jaeyoung> in cluster <centralcluster> at Mon Jul 22 18:35:55 2024
</home/belle2/jaeyoung> was used as the home directory.
</home/belle2/jaeyoung/workspace/DRAW_and_FITTING/main/FITTING/etapip/MC15ri_generic/tight_v2_fit_v6/ToyMC> was used as the working directory.
Started at Mon Jul 22 18:35:55 2024
Terminated at Mon Jul 22 19:21:44 2024
Results reported at Mon Jul 22 19:21:44 2024

Your job looked like:

------------------------------------------------------------
# LSBATCH: User input
bash -c "basf2 etapip_gg_fit_v6_toymc_100.py 214 > /home/belle2/jaeyoung/storage_ghi/Ntuples_ghi_2/MC15ri_generic/MC15ri_etaetapip_tight_v2_240419_Kp_BCS_etapi0const/bsub_log//MC15ri_etapip_gg_fitv6_toyMC_100_214.log"
------------------------------------------------------------

Successfully completed.

Resource usage summary:

    CPU time :                                   2737.92 sec.
    Max Memory :                                 1320 MB
    Average Memory :                             974.92 MB
    Total Requested Memory :                     4000.00 MB
    Delta Memory :                               2680.00 MB
    Max Swap :                                   -
    Max Processes :                              19
    Max Threads :                                20
    Run time :                                   2748 sec.
    Turnaround time :                            2820 sec.

The output (if any) follows:



PS:

Read file <./bsub_log/214.err> for stderr output of this job.

Sender: LSF System <lsfadmin@ccb244>
Subject: Job 53832048: <bash -c "basf2 etapip_gg_fit_v6_toymc_100.py 214 > /home/belle2/jaeyoung/storage_ghi/Ntuples_ghi_2/MC15ri_generic/MC15ri_etaetapip_tight_v2_240419_Kp_BCS_etapi0const/bsub_log//MC15ri_etapip_gg_fitv6_toyMC_100_214.log"> in cluster <centralcluster> Done

Job <bash -c "basf2 etapip_gg_fit_v6_toymc_100.py 214 > /home/belle2/jaeyoung/storage_ghi/Ntuples_ghi_2/MC15ri_generic/MC15ri_etaetapip_tight_v2_240419_Kp_BCS_etapi0const/bsub_log//MC15ri_etapip_gg_fitv6_toyMC_100_214.log"> was submitted from host <ccw05> by user <jaeyoung> in cluster <centralcluster> at Tue Jul 23 00:49:31 2024
Job was executed on host(s) <ccb244>, in queue <s>, as user <jaeyoung> in cluster <centralcluster> at Tue Jul 23 00:49:47 2024
</home/belle2/jaeyoung> was used as the home directory.
</home/belle2/jaeyoung/workspace/DRAW_and_FITTING/main/FITTING/etapip/MC15ri_generic/tight_v2_fit_v6/ToyMC> was used as the working directory.
Started at Tue Jul 23 00:49:47 2024
Terminated at Tue Jul 23 01:37:15 2024
Results reported at Tue Jul 23 01:37:15 2024

Your job looked like:

------------------------------------------------------------
# LSBATCH: User input
bash -c "basf2 etapip_gg_fit_v6_toymc_100.py 214 > /home/belle2/jaeyoung/storage_ghi/Ntuples_ghi_2/MC15ri_generic/MC15ri_etaetapip_tight_v2_240419_Kp_BCS_etapi0const/bsub_log//MC15ri_etapip_gg_fitv6_toyMC_100_214.log"
------------------------------------------------------------

Successfully completed.

Resource usage summary:

    CPU time :                                   2832.75 sec.
    Max Memory :                                 1311 MB
    Average Memory :                             945.86 MB
    Total Requested Memory :                     4000.00 MB
    Delta Memory :                               2689.00 MB
    Max Swap :                                   -
    Max Processes :                              19
    Max Threads :                                20
    Run time :                                   2848 sec.
    Turnaround time :                            2864 sec.

The output (if any) follows:



PS:

Read file <./bsub_log/214.err> for stderr output of this job.

Sender: LSF System <lsfadmin@ccb245>
Subject: Job 54397489: <bash -c "basf2 etapip_gg_fit_v6_toymc_100.py 214 > /home/belle2/jaeyoung/storage_ghi/Ntuples_ghi_2/MC15ri_generic/MC15ri_etaetapip_tight_v2_240419_Kp_BCS_etapi0const/bsub_log//MC15ri_etapip_gg_fitv6_toyMC_100_214.log"> in cluster <centralcluster> Done

Job <bash -c "basf2 etapip_gg_fit_v6_toymc_100.py 214 > /home/belle2/jaeyoung/storage_ghi/Ntuples_ghi_2/MC15ri_generic/MC15ri_etaetapip_tight_v2_240419_Kp_BCS_etapi0const/bsub_log//MC15ri_etapip_gg_fitv6_toyMC_100_214.log"> was submitted from host <ccw04> by user <jaeyoung> in cluster <centralcluster> at Tue Jul 23 17:58:49 2024
Job was executed on host(s) <ccb245>, in queue <s>, as user <jaeyoung> in cluster <centralcluster> at Tue Jul 23 18:24:42 2024
</home/belle2/jaeyoung> was used as the home directory.
</home/belle2/jaeyoung/workspace/DRAW_and_FITTING/main/FITTING/etapip/MC15ri_generic/tight_v2_fit_v6/ToyMC> was used as the working directory.
Started at Tue Jul 23 18:24:42 2024
Terminated at Tue Jul 23 19:10:37 2024
Results reported at Tue Jul 23 19:10:37 2024

Your job looked like:

------------------------------------------------------------
# LSBATCH: User input
bash -c "basf2 etapip_gg_fit_v6_toymc_100.py 214 > /home/belle2/jaeyoung/storage_ghi/Ntuples_ghi_2/MC15ri_generic/MC15ri_etaetapip_tight_v2_240419_Kp_BCS_etapi0const/bsub_log//MC15ri_etapip_gg_fitv6_toyMC_100_214.log"
------------------------------------------------------------

Successfully completed.

Resource usage summary:

    CPU time :                                   2729.58 sec.
    Max Memory :                                 1313 MB
    Average Memory :                             932.68 MB
    Total Requested Memory :                     4000.00 MB
    Delta Memory :                               2687.00 MB
    Max Swap :                                   -
    Max Processes :                              19
    Max Threads :                                20
    Run time :                                   2756 sec.
    Turnaround time :                            4308 sec.

The output (if any) follows:



PS:

Read file <./bsub_log/214.err> for stderr output of this job.

Sender: LSF System <lsfadmin@ccb088>
Subject: Job 54470062: <bash -c "basf2 etapip_gg_fit_v6_toymc_100.py 214 > /home/belle2/jaeyoung/storage_ghi/Ntuples_ghi_2/MC15ri_generic/MC15ri_etaetapip_tight_v2_240419_Kp_BCS_etapi0const/bsub_log//MC15ri_etapip_gg_fitv6_toyMC_100_214.log"> in cluster <centralcluster> Done

Job <bash -c "basf2 etapip_gg_fit_v6_toymc_100.py 214 > /home/belle2/jaeyoung/storage_ghi/Ntuples_ghi_2/MC15ri_generic/MC15ri_etaetapip_tight_v2_240419_Kp_BCS_etapi0const/bsub_log//MC15ri_etapip_gg_fitv6_toyMC_100_214.log"> was submitted from host <ccw03> by user <jaeyoung> in cluster <centralcluster> at Tue Jul 23 19:37:41 2024
Job was executed on host(s) <ccb088>, in queue <s>, as user <jaeyoung> in cluster <centralcluster> at Tue Jul 23 19:37:43 2024
</home/belle2/jaeyoung> was used as the home directory.
</home/belle2/jaeyoung/workspace/DRAW_and_FITTING/main/FITTING/etapip/MC15ri_generic/tight_v2_fit_v6/ToyMC> was used as the working directory.
Started at Tue Jul 23 19:37:43 2024
Terminated at Tue Jul 23 20:25:42 2024
Results reported at Tue Jul 23 20:25:42 2024

Your job looked like:

------------------------------------------------------------
# LSBATCH: User input
bash -c "basf2 etapip_gg_fit_v6_toymc_100.py 214 > /home/belle2/jaeyoung/storage_ghi/Ntuples_ghi_2/MC15ri_generic/MC15ri_etaetapip_tight_v2_240419_Kp_BCS_etapi0const/bsub_log//MC15ri_etapip_gg_fitv6_toyMC_100_214.log"
------------------------------------------------------------

Successfully completed.

Resource usage summary:

    CPU time :                                   2863.92 sec.
    Max Memory :                                 1338 MB
    Average Memory :                             968.12 MB
    Total Requested Memory :                     4000.00 MB
    Delta Memory :                               2662.00 MB
    Max Swap :                                   -
    Max Processes :                              19
    Max Threads :                                20
    Run time :                                   2879 sec.
    Turnaround time :                            2881 sec.

The output (if any) follows:



PS:

Read file <./bsub_log/214.err> for stderr output of this job.

Sender: LSF System <lsfadmin@ccb135>
Subject: Job 55515690: <bash -c "basf2 etapip_gg_fit_v6_toymc_100.py 214 > /home/belle2/jaeyoung/storage_ghi/Ntuples_ghi_2/MC15ri_generic/MC15ri_etaetapip_tight_v2_240419_Kp_BCS_etapi0const/bsub_log//MC15ri_etapip_gg_fitv6_toyMC_100_214.log"> in cluster <centralcluster> Done

Job <bash -c "basf2 etapip_gg_fit_v6_toymc_100.py 214 > /home/belle2/jaeyoung/storage_ghi/Ntuples_ghi_2/MC15ri_generic/MC15ri_etaetapip_tight_v2_240419_Kp_BCS_etapi0const/bsub_log//MC15ri_etapip_gg_fitv6_toyMC_100_214.log"> was submitted from host <ccw01> by user <jaeyoung> in cluster <centralcluster> at Thu Jul 25 20:50:37 2024
Job was executed on host(s) <ccb135>, in queue <s>, as user <jaeyoung> in cluster <centralcluster> at Thu Jul 25 20:50:39 2024
</home/belle2/jaeyoung> was used as the home directory.
</gpfs/home/belle2/jaeyoung/workspace/DRAW_and_FITTING/main/FITTING/etapip/MC15ri_generic/tight_v2_fit_v6/ToyMC> was used as the working directory.
Started at Thu Jul 25 20:50:39 2024
Terminated at Thu Jul 25 21:37:58 2024
Results reported at Thu Jul 25 21:37:58 2024

Your job looked like:

------------------------------------------------------------
# LSBATCH: User input
bash -c "basf2 etapip_gg_fit_v6_toymc_100.py 214 > /home/belle2/jaeyoung/storage_ghi/Ntuples_ghi_2/MC15ri_generic/MC15ri_etaetapip_tight_v2_240419_Kp_BCS_etapi0const/bsub_log//MC15ri_etapip_gg_fitv6_toyMC_100_214.log"
------------------------------------------------------------

Successfully completed.

Resource usage summary:

    CPU time :                                   2830.58 sec.
    Max Memory :                                 1314 MB
    Average Memory :                             978.34 MB
    Total Requested Memory :                     4000.00 MB
    Delta Memory :                               2686.00 MB
    Max Swap :                                   -
    Max Processes :                              19
    Max Threads :                                20
    Run time :                                   2840 sec.
    Turnaround time :                            2841 sec.

The output (if any) follows:



PS:

Read file <./bsub_log/214.err> for stderr output of this job.

Sender: LSF System <lsfadmin@ccb086>
Subject: Job 56103082: <bash -c "basf2 etapip_gg_fit_v6_toymc_100.py 214 > /home/belle2/jaeyoung/storage_ghi/Ntuples_ghi_2/MC15ri_generic/MC15ri_etaetapip_tight_v2_240419_Kp_BCS_etapi0const/bsub_log//MC15ri_etapip_gg_fitv6_toyMC_100_214.log"> in cluster <centralcluster> Done

Job <bash -c "basf2 etapip_gg_fit_v6_toymc_100.py 214 > /home/belle2/jaeyoung/storage_ghi/Ntuples_ghi_2/MC15ri_generic/MC15ri_etaetapip_tight_v2_240419_Kp_BCS_etapi0const/bsub_log//MC15ri_etapip_gg_fitv6_toyMC_100_214.log"> was submitted from host <ccw06> by user <jaeyoung> in cluster <centralcluster> at Fri Jul 26 23:43:40 2024
Job was executed on host(s) <ccb086>, in queue <s>, as user <jaeyoung> in cluster <centralcluster> at Sat Jul 27 00:18:03 2024
</home/belle2/jaeyoung> was used as the home directory.
</home/belle2/jaeyoung/workspace/DRAW_and_FITTING/main/FITTING/etapip/MC15ri_generic/tight_v2_fit_v6/ToyMC> was used as the working directory.
Started at Sat Jul 27 00:18:03 2024
Terminated at Sat Jul 27 00:51:42 2024
Results reported at Sat Jul 27 00:51:42 2024

Your job looked like:

------------------------------------------------------------
# LSBATCH: User input
bash -c "basf2 etapip_gg_fit_v6_toymc_100.py 214 > /home/belle2/jaeyoung/storage_ghi/Ntuples_ghi_2/MC15ri_generic/MC15ri_etaetapip_tight_v2_240419_Kp_BCS_etapi0const/bsub_log//MC15ri_etapip_gg_fitv6_toyMC_100_214.log"
------------------------------------------------------------

Successfully completed.

Resource usage summary:

    CPU time :                                   1939.61 sec.
    Max Memory :                                 888 MB
    Average Memory :                             645.52 MB
    Total Requested Memory :                     4000.00 MB
    Delta Memory :                               3112.00 MB
    Max Swap :                                   -
    Max Processes :                              19
    Max Threads :                                20
    Run time :                                   2019 sec.
    Turnaround time :                            4082 sec.

The output (if any) follows:



PS:

Read file <./bsub_log/214.err> for stderr output of this job.

Sender: LSF System <lsfadmin@ccb072>
Subject: Job 56133557: <bash -c "basf2 etapip_gg_fit_v6_toymc_100.py 214 > /home/belle2/jaeyoung/storage_ghi/Ntuples_ghi_2/MC15ri_generic/MC15ri_etaetapip_tight_v2_240419_Kp_BCS_etapi0const/bsub_log//MC15ri_etapip_gg_fitv6_toyMC_100_214.log"> in cluster <centralcluster> Done

Job <bash -c "basf2 etapip_gg_fit_v6_toymc_100.py 214 > /home/belle2/jaeyoung/storage_ghi/Ntuples_ghi_2/MC15ri_generic/MC15ri_etaetapip_tight_v2_240419_Kp_BCS_etapi0const/bsub_log//MC15ri_etapip_gg_fitv6_toyMC_100_214.log"> was submitted from host <ccw03> by user <jaeyoung> in cluster <centralcluster> at Sat Jul 27 01:13:06 2024
Job was executed on host(s) <ccb072>, in queue <s>, as user <jaeyoung> in cluster <centralcluster> at Sat Jul 27 03:04:13 2024
</home/belle2/jaeyoung> was used as the home directory.
</gpfs/home/belle2/jaeyoung/workspace/DRAW_and_FITTING/main/FITTING/etapip/MC15ri_generic/tight_v2_fit_v6/ToyMC> was used as the working directory.
Started at Sat Jul 27 03:04:13 2024
Terminated at Sat Jul 27 03:42:36 2024
Results reported at Sat Jul 27 03:42:36 2024

Your job looked like:

------------------------------------------------------------
# LSBATCH: User input
bash -c "basf2 etapip_gg_fit_v6_toymc_100.py 214 > /home/belle2/jaeyoung/storage_ghi/Ntuples_ghi_2/MC15ri_generic/MC15ri_etaetapip_tight_v2_240419_Kp_BCS_etapi0const/bsub_log//MC15ri_etapip_gg_fitv6_toyMC_100_214.log"
------------------------------------------------------------

Successfully completed.

Resource usage summary:

    CPU time :                                   2272.89 sec.
    Max Memory :                                 894 MB
    Average Memory :                             655.96 MB
    Total Requested Memory :                     4000.00 MB
    Delta Memory :                               3106.00 MB
    Max Swap :                                   -
    Max Processes :                              19
    Max Threads :                                20
    Run time :                                   2303 sec.
    Turnaround time :                            8970 sec.

The output (if any) follows:



PS:

Read file <./bsub_log/214.err> for stderr output of this job.

Sender: LSF System <lsfadmin@ccb108>
Subject: Job 57220223: <bash -c "basf2 etapip_gg_fit_v6_toymc_100.py 214 > /home/belle2/jaeyoung/storage_ghi/Ntuples_ghi_2/MC15ri_generic/MC15ri_etaetapip_tight_v2_240419_Kp_BCS_etapi0const/bsub_log//MC15ri_etapip_gg_fitv6_toyMC_100_214.log"> in cluster <centralcluster> Exited

Job <bash -c "basf2 etapip_gg_fit_v6_toymc_100.py 214 > /home/belle2/jaeyoung/storage_ghi/Ntuples_ghi_2/MC15ri_generic/MC15ri_etaetapip_tight_v2_240419_Kp_BCS_etapi0const/bsub_log//MC15ri_etapip_gg_fitv6_toyMC_100_214.log"> was submitted from host <ccx03> by user <jaeyoung> in cluster <centralcluster> at Mon Jul 29 18:44:55 2024
Job was executed on host(s) <ccb108>, in queue <s>, as user <jaeyoung> in cluster <centralcluster> at Mon Jul 29 18:44:56 2024
</home/belle2/jaeyoung> was used as the home directory.
</gpfs/home/belle2/jaeyoung/workspace/DRAW_and_FITTING/main/FITTING/etapip/MC15ri_generic/tight_v2_fit_v6/ToyMC> was used as the working directory.
Started at Mon Jul 29 18:44:56 2024
Terminated at Mon Jul 29 19:49:20 2024
Results reported at Mon Jul 29 19:49:20 2024

Your job looked like:

------------------------------------------------------------
# LSBATCH: User input
bash -c "basf2 etapip_gg_fit_v6_toymc_100.py 214 > /home/belle2/jaeyoung/storage_ghi/Ntuples_ghi_2/MC15ri_generic/MC15ri_etaetapip_tight_v2_240419_Kp_BCS_etapi0const/bsub_log//MC15ri_etapip_gg_fitv6_toyMC_100_214.log"
------------------------------------------------------------

Exited with exit code 1.

Resource usage summary:

    CPU time :                                   3788.88 sec.
    Max Memory :                                 1398 MB
    Average Memory :                             1029.37 MB
    Total Requested Memory :                     4000.00 MB
    Delta Memory :                               2602.00 MB
    Max Swap :                                   -
    Max Processes :                              19
    Max Threads :                                20
    Run time :                                   3864 sec.
    Turnaround time :                            3865 sec.

The output (if any) follows:



PS:

Read file <./bsub_log/214.err> for stderr output of this job.

Sender: LSF System <lsfadmin@ccb504>
Subject: Job 57308330: <bash -c "basf2 etapip_gg_fit_v6_toymc_100.py 214 > /home/belle2/jaeyoung/storage_ghi/Ntuples_ghi_2/MC15ri_generic/MC15ri_etaetapip_tight_v2_240419_Kp_BCS_etapi0const/bsub_log//MC15ri_etapip_gg_fitv6_toyMC_100_214.log"> in cluster <centralcluster> Done

Job <bash -c "basf2 etapip_gg_fit_v6_toymc_100.py 214 > /home/belle2/jaeyoung/storage_ghi/Ntuples_ghi_2/MC15ri_generic/MC15ri_etaetapip_tight_v2_240419_Kp_BCS_etapi0const/bsub_log//MC15ri_etapip_gg_fitv6_toyMC_100_214.log"> was submitted from host <ccw03> by user <jaeyoung> in cluster <centralcluster> at Mon Jul 29 23:02:26 2024
Job was executed on host(s) <ccb504>, in queue <s>, as user <jaeyoung> in cluster <centralcluster> at Mon Jul 29 23:03:16 2024
</home/belle2/jaeyoung> was used as the home directory.
</home/belle2/jaeyoung/workspace/DRAW_and_FITTING/main/FITTING/etapip/MC15ri_generic/tight_v2_fit_v6/ToyMC> was used as the working directory.
Started at Mon Jul 29 23:03:16 2024
Terminated at Tue Jul 30 00:07:43 2024
Results reported at Tue Jul 30 00:07:43 2024

Your job looked like:

------------------------------------------------------------
# LSBATCH: User input
bash -c "basf2 etapip_gg_fit_v6_toymc_100.py 214 > /home/belle2/jaeyoung/storage_ghi/Ntuples_ghi_2/MC15ri_generic/MC15ri_etaetapip_tight_v2_240419_Kp_BCS_etapi0const/bsub_log//MC15ri_etapip_gg_fitv6_toyMC_100_214.log"
------------------------------------------------------------

Successfully completed.

Resource usage summary:

    CPU time :                                   3839.44 sec.
    Max Memory :                                 1426 MB
    Average Memory :                             1054.32 MB
    Total Requested Memory :                     4000.00 MB
    Delta Memory :                               2574.00 MB
    Max Swap :                                   -
    Max Processes :                              19
    Max Threads :                                20
    Run time :                                   3868 sec.
    Turnaround time :                            3917 sec.

The output (if any) follows:



PS:

Read file <./bsub_log/214.err> for stderr output of this job.

Sender: LSF System <lsfadmin@ccb178>
Subject: Job 57389999: <bash -c "basf2 etapip_gg_fit_v6_toymc_100.py 214 > /home/belle2/jaeyoung/storage_ghi/Ntuples_ghi_2/MC15ri_generic/MC15ri_etaetapip_tight_v2_240419_Kp_BCS_etapi0const/bsub_log//MC15ri_etapip_gg_fitv6_toyMC_100_214.log"> in cluster <centralcluster> Done

Job <bash -c "basf2 etapip_gg_fit_v6_toymc_100.py 214 > /home/belle2/jaeyoung/storage_ghi/Ntuples_ghi_2/MC15ri_generic/MC15ri_etaetapip_tight_v2_240419_Kp_BCS_etapi0const/bsub_log//MC15ri_etapip_gg_fitv6_toyMC_100_214.log"> was submitted from host <ccw03> by user <jaeyoung> in cluster <centralcluster> at Tue Jul 30 01:17:12 2024
Job was executed on host(s) <ccb178>, in queue <s>, as user <jaeyoung> in cluster <centralcluster> at Tue Jul 30 01:17:48 2024
</home/belle2/jaeyoung> was used as the home directory.
</home/belle2/jaeyoung/workspace/DRAW_and_FITTING/main/FITTING/etapip/MC15ri_generic/tight_v2_fit_v6/ToyMC> was used as the working directory.
Started at Tue Jul 30 01:17:48 2024
Terminated at Tue Jul 30 02:20:19 2024
Results reported at Tue Jul 30 02:20:19 2024

Your job looked like:

------------------------------------------------------------
# LSBATCH: User input
bash -c "basf2 etapip_gg_fit_v6_toymc_100.py 214 > /home/belle2/jaeyoung/storage_ghi/Ntuples_ghi_2/MC15ri_generic/MC15ri_etaetapip_tight_v2_240419_Kp_BCS_etapi0const/bsub_log//MC15ri_etapip_gg_fitv6_toyMC_100_214.log"
------------------------------------------------------------

Successfully completed.

Resource usage summary:

    CPU time :                                   3729.56 sec.
    Max Memory :                                 1429 MB
    Average Memory :                             1054.99 MB
    Total Requested Memory :                     4000.00 MB
    Delta Memory :                               2571.00 MB
    Max Swap :                                   -
    Max Processes :                              19
    Max Threads :                                20
    Run time :                                   3751 sec.
    Turnaround time :                            3787 sec.

The output (if any) follows:



PS:

Read file <./bsub_log/214.err> for stderr output of this job.

