Sender: LSF System <lsfadmin@ccb104>
Subject: Job 52359364: <bash -c "basf2 etapip_gg_fit_v6_toymc_100.py 217 > /home/belle2/jaeyoung/storage_ghi/Ntuples_ghi_2/MC15ri_generic/MC15ri_etaetapip_tight_v2_240419_Kp_BCS_etapi0const/bsub_log//MC15ri_etapip_gg_fitv6_toyMC_100_217.log"> in cluster <centralcluster> Done

Job <bash -c "basf2 etapip_gg_fit_v6_toymc_100.py 217 > /home/belle2/jaeyoung/storage_ghi/Ntuples_ghi_2/MC15ri_generic/MC15ri_etaetapip_tight_v2_240419_Kp_BCS_etapi0const/bsub_log//MC15ri_etapip_gg_fitv6_toyMC_100_217.log"> was submitted from host <ccw02> by user <jaeyoung> in cluster <centralcluster> at Sat Jul 20 14:39:18 2024
Job was executed on host(s) <ccb104>, in queue <s>, as user <jaeyoung> in cluster <centralcluster> at Sat Jul 20 14:42:10 2024
</home/belle2/jaeyoung> was used as the home directory.
</home/belle2/jaeyoung/workspace/DRAW_and_FITTING/main/FITTING/etapip/MC15ri_generic/tight_v2_fit_v6/ToyMC> was used as the working directory.
Started at Sat Jul 20 14:42:10 2024
Terminated at Sat Jul 20 15:31:19 2024
Results reported at Sat Jul 20 15:31:19 2024

Your job looked like:

------------------------------------------------------------
# LSBATCH: User input
bash -c "basf2 etapip_gg_fit_v6_toymc_100.py 217 > /home/belle2/jaeyoung/storage_ghi/Ntuples_ghi_2/MC15ri_generic/MC15ri_etaetapip_tight_v2_240419_Kp_BCS_etapi0const/bsub_log//MC15ri_etapip_gg_fitv6_toyMC_100_217.log"
------------------------------------------------------------

Successfully completed.

Resource usage summary:

    CPU time :                                   2861.77 sec.
    Max Memory :                                 1311 MB
    Average Memory :                             929.90 MB
    Total Requested Memory :                     4000.00 MB
    Delta Memory :                               2689.00 MB
    Max Swap :                                   -
    Max Processes :                              19
    Max Threads :                                20
    Run time :                                   2948 sec.
    Turnaround time :                            3121 sec.

The output (if any) follows:



PS:

Read file <./bsub_log/217.err> for stderr output of this job.

Sender: LSF System <lsfadmin@ccb130>
Subject: Job 53029837: <bash -c "basf2 etapip_gg_fit_v6_toymc_100.py 217 > /home/belle2/jaeyoung/storage_ghi/Ntuples_ghi_2/MC15ri_generic/MC15ri_etaetapip_tight_v2_240419_Kp_BCS_etapi0const/bsub_log//MC15ri_etapip_gg_fitv6_toyMC_100_217.log"> in cluster <centralcluster> Done

Job <bash -c "basf2 etapip_gg_fit_v6_toymc_100.py 217 > /home/belle2/jaeyoung/storage_ghi/Ntuples_ghi_2/MC15ri_generic/MC15ri_etaetapip_tight_v2_240419_Kp_BCS_etapi0const/bsub_log//MC15ri_etapip_gg_fitv6_toyMC_100_217.log"> was submitted from host <ccw03> by user <jaeyoung> in cluster <centralcluster> at Sun Jul 21 17:30:42 2024
Job was executed on host(s) <ccb130>, in queue <s>, as user <jaeyoung> in cluster <centralcluster> at Sun Jul 21 17:31:09 2024
</home/belle2/jaeyoung> was used as the home directory.
</home/belle2/jaeyoung/workspace/DRAW_and_FITTING/main/FITTING/etapip/MC15ri_generic/tight_v2_fit_v6/ToyMC> was used as the working directory.
Started at Sun Jul 21 17:31:09 2024
Terminated at Sun Jul 21 18:18:47 2024
Results reported at Sun Jul 21 18:18:47 2024

Your job looked like:

------------------------------------------------------------
# LSBATCH: User input
bash -c "basf2 etapip_gg_fit_v6_toymc_100.py 217 > /home/belle2/jaeyoung/storage_ghi/Ntuples_ghi_2/MC15ri_generic/MC15ri_etaetapip_tight_v2_240419_Kp_BCS_etapi0const/bsub_log//MC15ri_etapip_gg_fitv6_toyMC_100_217.log"
------------------------------------------------------------

Successfully completed.

Resource usage summary:

    CPU time :                                   2810.00 sec.
    Max Memory :                                 1311 MB
    Average Memory :                             935.87 MB
    Total Requested Memory :                     4000.00 MB
    Delta Memory :                               2689.00 MB
    Max Swap :                                   -
    Max Processes :                              19
    Max Threads :                                20
    Run time :                                   2858 sec.
    Turnaround time :                            2885 sec.

The output (if any) follows:



PS:

Read file <./bsub_log/217.err> for stderr output of this job.

Sender: LSF System <lsfadmin@ccb070>
Subject: Job 53202404: <bash -c "basf2 etapip_gg_fit_v6_toymc_100.py 217 > /home/belle2/jaeyoung/storage_ghi/Ntuples_ghi_2/MC15ri_generic/MC15ri_etaetapip_tight_v2_240419_Kp_BCS_etapi0const/bsub_log//MC15ri_etapip_gg_fitv6_toyMC_100_217.log"> in cluster <centralcluster> Exited

Job <bash -c "basf2 etapip_gg_fit_v6_toymc_100.py 217 > /home/belle2/jaeyoung/storage_ghi/Ntuples_ghi_2/MC15ri_generic/MC15ri_etaetapip_tight_v2_240419_Kp_BCS_etapi0const/bsub_log//MC15ri_etapip_gg_fitv6_toyMC_100_217.log"> was submitted from host <ccw03> by user <jaeyoung> in cluster <centralcluster> at Mon Jul 22 00:49:44 2024
Job was executed on host(s) <ccb070>, in queue <s>, as user <jaeyoung> in cluster <centralcluster> at Mon Jul 22 00:50:26 2024
</home/belle2/jaeyoung> was used as the home directory.
</home/belle2/jaeyoung/workspace/DRAW_and_FITTING/main/FITTING/etapip/MC15ri_generic/tight_v2_fit_v6/ToyMC> was used as the working directory.
Started at Mon Jul 22 00:50:26 2024
Terminated at Mon Jul 22 01:07:03 2024
Results reported at Mon Jul 22 01:07:03 2024

Your job looked like:

------------------------------------------------------------
# LSBATCH: User input
bash -c "basf2 etapip_gg_fit_v6_toymc_100.py 217 > /home/belle2/jaeyoung/storage_ghi/Ntuples_ghi_2/MC15ri_generic/MC15ri_etaetapip_tight_v2_240419_Kp_BCS_etapi0const/bsub_log//MC15ri_etapip_gg_fitv6_toyMC_100_217.log"
------------------------------------------------------------

Exited with exit code 1.

Resource usage summary:

    CPU time :                                   990.18 sec.
    Max Memory :                                 1255 MB
    Average Memory :                             1169.24 MB
    Total Requested Memory :                     4000.00 MB
    Delta Memory :                               2745.00 MB
    Max Swap :                                   -
    Max Processes :                              19
    Max Threads :                                20
    Run time :                                   997 sec.
    Turnaround time :                            1039 sec.

The output (if any) follows:



PS:

Read file <./bsub_log/217.err> for stderr output of this job.

Sender: LSF System <lsfadmin@ccb120>
Subject: Job 53406845: <bash -c "basf2 etapip_gg_fit_v6_toymc_100.py 217 > /home/belle2/jaeyoung/storage_ghi/Ntuples_ghi_2/MC15ri_generic/MC15ri_etaetapip_tight_v2_240419_Kp_BCS_etapi0const/bsub_log//MC15ri_etapip_gg_fitv6_toyMC_100_217.log"> in cluster <centralcluster> Done

Job <bash -c "basf2 etapip_gg_fit_v6_toymc_100.py 217 > /home/belle2/jaeyoung/storage_ghi/Ntuples_ghi_2/MC15ri_generic/MC15ri_etaetapip_tight_v2_240419_Kp_BCS_etapi0const/bsub_log//MC15ri_etapip_gg_fitv6_toyMC_100_217.log"> was submitted from host <ccw06> by user <jaeyoung> in cluster <centralcluster> at Mon Jul 22 10:48:37 2024
Job was executed on host(s) <ccb120>, in queue <s>, as user <jaeyoung> in cluster <centralcluster> at Mon Jul 22 10:48:51 2024
</home/belle2/jaeyoung> was used as the home directory.
</home/belle2/jaeyoung/workspace/DRAW_and_FITTING/main/FITTING/etapip/MC15ri_generic/tight_v2_fit_v6/ToyMC> was used as the working directory.
Started at Mon Jul 22 10:48:51 2024
Terminated at Mon Jul 22 11:35:20 2024
Results reported at Mon Jul 22 11:35:20 2024

Your job looked like:

------------------------------------------------------------
# LSBATCH: User input
bash -c "basf2 etapip_gg_fit_v6_toymc_100.py 217 > /home/belle2/jaeyoung/storage_ghi/Ntuples_ghi_2/MC15ri_generic/MC15ri_etaetapip_tight_v2_240419_Kp_BCS_etapi0const/bsub_log//MC15ri_etapip_gg_fitv6_toyMC_100_217.log"
------------------------------------------------------------

Successfully completed.

Resource usage summary:

    CPU time :                                   2780.15 sec.
    Max Memory :                                 1311 MB
    Average Memory :                             939.53 MB
    Total Requested Memory :                     4000.00 MB
    Delta Memory :                               2689.00 MB
    Max Swap :                                   -
    Max Processes :                              19
    Max Threads :                                20
    Run time :                                   2788 sec.
    Turnaround time :                            2803 sec.

The output (if any) follows:



PS:

Read file <./bsub_log/217.err> for stderr output of this job.

Sender: LSF System <lsfadmin@ccb203>
Subject: Job 53598899: <bash -c "basf2 etapip_gg_fit_v6_toymc_100.py 217 > /home/belle2/jaeyoung/storage_ghi/Ntuples_ghi_2/MC15ri_generic/MC15ri_etaetapip_tight_v2_240419_Kp_BCS_etapi0const/bsub_log//MC15ri_etapip_gg_fitv6_toyMC_100_217.log"> in cluster <centralcluster> Done

Job <bash -c "basf2 etapip_gg_fit_v6_toymc_100.py 217 > /home/belle2/jaeyoung/storage_ghi/Ntuples_ghi_2/MC15ri_generic/MC15ri_etaetapip_tight_v2_240419_Kp_BCS_etapi0const/bsub_log//MC15ri_etapip_gg_fitv6_toyMC_100_217.log"> was submitted from host <ccw03> by user <jaeyoung> in cluster <centralcluster> at Mon Jul 22 18:34:45 2024
Job was executed on host(s) <ccb203>, in queue <s>, as user <jaeyoung> in cluster <centralcluster> at Mon Jul 22 18:35:55 2024
</home/belle2/jaeyoung> was used as the home directory.
</home/belle2/jaeyoung/workspace/DRAW_and_FITTING/main/FITTING/etapip/MC15ri_generic/tight_v2_fit_v6/ToyMC> was used as the working directory.
Started at Mon Jul 22 18:35:55 2024
Terminated at Mon Jul 22 19:20:43 2024
Results reported at Mon Jul 22 19:20:43 2024

Your job looked like:

------------------------------------------------------------
# LSBATCH: User input
bash -c "basf2 etapip_gg_fit_v6_toymc_100.py 217 > /home/belle2/jaeyoung/storage_ghi/Ntuples_ghi_2/MC15ri_generic/MC15ri_etaetapip_tight_v2_240419_Kp_BCS_etapi0const/bsub_log//MC15ri_etapip_gg_fitv6_toyMC_100_217.log"
------------------------------------------------------------

Successfully completed.

Resource usage summary:

    CPU time :                                   2679.84 sec.
    Max Memory :                                 1311 MB
    Average Memory :                             953.81 MB
    Total Requested Memory :                     4000.00 MB
    Delta Memory :                               2689.00 MB
    Max Swap :                                   -
    Max Processes :                              19
    Max Threads :                                20
    Run time :                                   2688 sec.
    Turnaround time :                            2758 sec.

The output (if any) follows:



PS:

Read file <./bsub_log/217.err> for stderr output of this job.

Sender: LSF System <lsfadmin@ccb171>
Subject: Job 53832064: <bash -c "basf2 etapip_gg_fit_v6_toymc_100.py 217 > /home/belle2/jaeyoung/storage_ghi/Ntuples_ghi_2/MC15ri_generic/MC15ri_etaetapip_tight_v2_240419_Kp_BCS_etapi0const/bsub_log//MC15ri_etapip_gg_fitv6_toyMC_100_217.log"> in cluster <centralcluster> Done

Job <bash -c "basf2 etapip_gg_fit_v6_toymc_100.py 217 > /home/belle2/jaeyoung/storage_ghi/Ntuples_ghi_2/MC15ri_generic/MC15ri_etaetapip_tight_v2_240419_Kp_BCS_etapi0const/bsub_log//MC15ri_etapip_gg_fitv6_toyMC_100_217.log"> was submitted from host <ccw05> by user <jaeyoung> in cluster <centralcluster> at Tue Jul 23 00:49:32 2024
Job was executed on host(s) <ccb171>, in queue <s>, as user <jaeyoung> in cluster <centralcluster> at Tue Jul 23 00:49:48 2024
</home/belle2/jaeyoung> was used as the home directory.
</home/belle2/jaeyoung/workspace/DRAW_and_FITTING/main/FITTING/etapip/MC15ri_generic/tight_v2_fit_v6/ToyMC> was used as the working directory.
Started at Tue Jul 23 00:49:48 2024
Terminated at Tue Jul 23 01:37:43 2024
Results reported at Tue Jul 23 01:37:43 2024

Your job looked like:

------------------------------------------------------------
# LSBATCH: User input
bash -c "basf2 etapip_gg_fit_v6_toymc_100.py 217 > /home/belle2/jaeyoung/storage_ghi/Ntuples_ghi_2/MC15ri_generic/MC15ri_etaetapip_tight_v2_240419_Kp_BCS_etapi0const/bsub_log//MC15ri_etapip_gg_fitv6_toyMC_100_217.log"
------------------------------------------------------------

Successfully completed.

Resource usage summary:

    CPU time :                                   2770.33 sec.
    Max Memory :                                 1311 MB
    Average Memory :                             936.03 MB
    Total Requested Memory :                     4000.00 MB
    Delta Memory :                               2689.00 MB
    Max Swap :                                   -
    Max Processes :                              19
    Max Threads :                                20
    Run time :                                   2875 sec.
    Turnaround time :                            2891 sec.

The output (if any) follows:



PS:

Read file <./bsub_log/217.err> for stderr output of this job.

Sender: LSF System <lsfadmin@ccb186>
Subject: Job 54397507: <bash -c "basf2 etapip_gg_fit_v6_toymc_100.py 217 > /home/belle2/jaeyoung/storage_ghi/Ntuples_ghi_2/MC15ri_generic/MC15ri_etaetapip_tight_v2_240419_Kp_BCS_etapi0const/bsub_log//MC15ri_etapip_gg_fitv6_toyMC_100_217.log"> in cluster <centralcluster> Done

Job <bash -c "basf2 etapip_gg_fit_v6_toymc_100.py 217 > /home/belle2/jaeyoung/storage_ghi/Ntuples_ghi_2/MC15ri_generic/MC15ri_etaetapip_tight_v2_240419_Kp_BCS_etapi0const/bsub_log//MC15ri_etapip_gg_fitv6_toyMC_100_217.log"> was submitted from host <ccw04> by user <jaeyoung> in cluster <centralcluster> at Tue Jul 23 17:58:50 2024
Job was executed on host(s) <ccb186>, in queue <s>, as user <jaeyoung> in cluster <centralcluster> at Tue Jul 23 18:24:45 2024
</home/belle2/jaeyoung> was used as the home directory.
</home/belle2/jaeyoung/workspace/DRAW_and_FITTING/main/FITTING/etapip/MC15ri_generic/tight_v2_fit_v6/ToyMC> was used as the working directory.
Started at Tue Jul 23 18:24:45 2024
Terminated at Tue Jul 23 19:11:19 2024
Results reported at Tue Jul 23 19:11:19 2024

Your job looked like:

------------------------------------------------------------
# LSBATCH: User input
bash -c "basf2 etapip_gg_fit_v6_toymc_100.py 217 > /home/belle2/jaeyoung/storage_ghi/Ntuples_ghi_2/MC15ri_generic/MC15ri_etaetapip_tight_v2_240419_Kp_BCS_etapi0const/bsub_log//MC15ri_etapip_gg_fitv6_toyMC_100_217.log"
------------------------------------------------------------

Successfully completed.

Resource usage summary:

    CPU time :                                   2782.29 sec.
    Max Memory :                                 1313 MB
    Average Memory :                             921.54 MB
    Total Requested Memory :                     4000.00 MB
    Delta Memory :                               2687.00 MB
    Max Swap :                                   -
    Max Processes :                              19
    Max Threads :                                20
    Run time :                                   2795 sec.
    Turnaround time :                            4349 sec.

The output (if any) follows:



PS:

Read file <./bsub_log/217.err> for stderr output of this job.

