Sender: LSF System <lsfadmin@ccb116>
Subject: Job 52359374: <bash -c "basf2 etapip_gg_fit_v6_toymc_100.py 222 > /home/belle2/jaeyoung/storage_ghi/Ntuples_ghi_2/MC15ri_generic/MC15ri_etaetapip_tight_v2_240419_Kp_BCS_etapi0const/bsub_log//MC15ri_etapip_gg_fitv6_toyMC_100_222.log"> in cluster <centralcluster> Done

Job <bash -c "basf2 etapip_gg_fit_v6_toymc_100.py 222 > /home/belle2/jaeyoung/storage_ghi/Ntuples_ghi_2/MC15ri_generic/MC15ri_etaetapip_tight_v2_240419_Kp_BCS_etapi0const/bsub_log//MC15ri_etapip_gg_fitv6_toyMC_100_222.log"> was submitted from host <ccw02> by user <jaeyoung> in cluster <centralcluster> at Sat Jul 20 14:39:20 2024
Job was executed on host(s) <ccb116>, in queue <s>, as user <jaeyoung> in cluster <centralcluster> at Sat Jul 20 14:42:12 2024
</home/belle2/jaeyoung> was used as the home directory.
</home/belle2/jaeyoung/workspace/DRAW_and_FITTING/main/FITTING/etapip/MC15ri_generic/tight_v2_fit_v6/ToyMC> was used as the working directory.
Started at Sat Jul 20 14:42:12 2024
Terminated at Sat Jul 20 15:30:32 2024
Results reported at Sat Jul 20 15:30:32 2024

Your job looked like:

------------------------------------------------------------
# LSBATCH: User input
bash -c "basf2 etapip_gg_fit_v6_toymc_100.py 222 > /home/belle2/jaeyoung/storage_ghi/Ntuples_ghi_2/MC15ri_generic/MC15ri_etaetapip_tight_v2_240419_Kp_BCS_etapi0const/bsub_log//MC15ri_etapip_gg_fitv6_toyMC_100_222.log"
------------------------------------------------------------

Successfully completed.

Resource usage summary:

    CPU time :                                   2857.23 sec.
    Max Memory :                                 1311 MB
    Average Memory :                             947.30 MB
    Total Requested Memory :                     4000.00 MB
    Delta Memory :                               2689.00 MB
    Max Swap :                                   -
    Max Processes :                              19
    Max Threads :                                20
    Run time :                                   2901 sec.
    Turnaround time :                            3072 sec.

The output (if any) follows:



PS:

Read file <./bsub_log/222.err> for stderr output of this job.

Sender: LSF System <lsfadmin@ccb512>
Subject: Job 53029857: <bash -c "basf2 etapip_gg_fit_v6_toymc_100.py 222 > /home/belle2/jaeyoung/storage_ghi/Ntuples_ghi_2/MC15ri_generic/MC15ri_etaetapip_tight_v2_240419_Kp_BCS_etapi0const/bsub_log//MC15ri_etapip_gg_fitv6_toyMC_100_222.log"> in cluster <centralcluster> Done

Job <bash -c "basf2 etapip_gg_fit_v6_toymc_100.py 222 > /home/belle2/jaeyoung/storage_ghi/Ntuples_ghi_2/MC15ri_generic/MC15ri_etaetapip_tight_v2_240419_Kp_BCS_etapi0const/bsub_log//MC15ri_etapip_gg_fitv6_toyMC_100_222.log"> was submitted from host <ccw03> by user <jaeyoung> in cluster <centralcluster> at Sun Jul 21 17:30:43 2024
Job was executed on host(s) <ccb512>, in queue <s>, as user <jaeyoung> in cluster <centralcluster> at Sun Jul 21 17:31:11 2024
</home/belle2/jaeyoung> was used as the home directory.
</home/belle2/jaeyoung/workspace/DRAW_and_FITTING/main/FITTING/etapip/MC15ri_generic/tight_v2_fit_v6/ToyMC> was used as the working directory.
Started at Sun Jul 21 17:31:11 2024
Terminated at Sun Jul 21 18:22:42 2024
Results reported at Sun Jul 21 18:22:42 2024

Your job looked like:

------------------------------------------------------------
# LSBATCH: User input
bash -c "basf2 etapip_gg_fit_v6_toymc_100.py 222 > /home/belle2/jaeyoung/storage_ghi/Ntuples_ghi_2/MC15ri_generic/MC15ri_etaetapip_tight_v2_240419_Kp_BCS_etapi0const/bsub_log//MC15ri_etapip_gg_fitv6_toyMC_100_222.log"
------------------------------------------------------------

Successfully completed.

Resource usage summary:

    CPU time :                                   3060.63 sec.
    Max Memory :                                 1311 MB
    Average Memory :                             944.15 MB
    Total Requested Memory :                     4000.00 MB
    Delta Memory :                               2689.00 MB
    Max Swap :                                   -
    Max Processes :                              19
    Max Threads :                                20
    Run time :                                   3090 sec.
    Turnaround time :                            3119 sec.

The output (if any) follows:



PS:

Read file <./bsub_log/222.err> for stderr output of this job.

Sender: LSF System <lsfadmin@ccb024>
Subject: Job 53202414: <bash -c "basf2 etapip_gg_fit_v6_toymc_100.py 222 > /home/belle2/jaeyoung/storage_ghi/Ntuples_ghi_2/MC15ri_generic/MC15ri_etaetapip_tight_v2_240419_Kp_BCS_etapi0const/bsub_log//MC15ri_etapip_gg_fitv6_toyMC_100_222.log"> in cluster <centralcluster> Exited

Job <bash -c "basf2 etapip_gg_fit_v6_toymc_100.py 222 > /home/belle2/jaeyoung/storage_ghi/Ntuples_ghi_2/MC15ri_generic/MC15ri_etaetapip_tight_v2_240419_Kp_BCS_etapi0const/bsub_log//MC15ri_etapip_gg_fitv6_toyMC_100_222.log"> was submitted from host <ccw03> by user <jaeyoung> in cluster <centralcluster> at Mon Jul 22 00:49:46 2024
Job was executed on host(s) <ccb024>, in queue <s>, as user <jaeyoung> in cluster <centralcluster> at Mon Jul 22 00:50:30 2024
</home/belle2/jaeyoung> was used as the home directory.
</home/belle2/jaeyoung/workspace/DRAW_and_FITTING/main/FITTING/etapip/MC15ri_generic/tight_v2_fit_v6/ToyMC> was used as the working directory.
Started at Mon Jul 22 00:50:30 2024
Terminated at Mon Jul 22 01:08:41 2024
Results reported at Mon Jul 22 01:08:41 2024

Your job looked like:

------------------------------------------------------------
# LSBATCH: User input
bash -c "basf2 etapip_gg_fit_v6_toymc_100.py 222 > /home/belle2/jaeyoung/storage_ghi/Ntuples_ghi_2/MC15ri_generic/MC15ri_etaetapip_tight_v2_240419_Kp_BCS_etapi0const/bsub_log//MC15ri_etapip_gg_fitv6_toyMC_100_222.log"
------------------------------------------------------------

Exited with exit code 1.

Resource usage summary:

    CPU time :                                   1075.98 sec.
    Max Memory :                                 1282 MB
    Average Memory :                             1210.61 MB
    Total Requested Memory :                     4000.00 MB
    Delta Memory :                               2718.00 MB
    Max Swap :                                   -
    Max Processes :                              19
    Max Threads :                                20
    Run time :                                   1091 sec.
    Turnaround time :                            1135 sec.

The output (if any) follows:



PS:

Read file <./bsub_log/222.err> for stderr output of this job.

Sender: LSF System <lsfadmin@ccb132>
Subject: Job 53406856: <bash -c "basf2 etapip_gg_fit_v6_toymc_100.py 222 > /home/belle2/jaeyoung/storage_ghi/Ntuples_ghi_2/MC15ri_generic/MC15ri_etaetapip_tight_v2_240419_Kp_BCS_etapi0const/bsub_log//MC15ri_etapip_gg_fitv6_toyMC_100_222.log"> in cluster <centralcluster> Done

Job <bash -c "basf2 etapip_gg_fit_v6_toymc_100.py 222 > /home/belle2/jaeyoung/storage_ghi/Ntuples_ghi_2/MC15ri_generic/MC15ri_etaetapip_tight_v2_240419_Kp_BCS_etapi0const/bsub_log//MC15ri_etapip_gg_fitv6_toyMC_100_222.log"> was submitted from host <ccw06> by user <jaeyoung> in cluster <centralcluster> at Mon Jul 22 10:48:38 2024
Job was executed on host(s) <ccb132>, in queue <s>, as user <jaeyoung> in cluster <centralcluster> at Mon Jul 22 10:48:53 2024
</home/belle2/jaeyoung> was used as the home directory.
</home/belle2/jaeyoung/workspace/DRAW_and_FITTING/main/FITTING/etapip/MC15ri_generic/tight_v2_fit_v6/ToyMC> was used as the working directory.
Started at Mon Jul 22 10:48:53 2024
Terminated at Mon Jul 22 11:36:29 2024
Results reported at Mon Jul 22 11:36:29 2024

Your job looked like:

------------------------------------------------------------
# LSBATCH: User input
bash -c "basf2 etapip_gg_fit_v6_toymc_100.py 222 > /home/belle2/jaeyoung/storage_ghi/Ntuples_ghi_2/MC15ri_generic/MC15ri_etaetapip_tight_v2_240419_Kp_BCS_etapi0const/bsub_log//MC15ri_etapip_gg_fitv6_toyMC_100_222.log"
------------------------------------------------------------

Successfully completed.

Resource usage summary:

    CPU time :                                   2821.20 sec.
    Max Memory :                                 1311 MB
    Average Memory :                             949.45 MB
    Total Requested Memory :                     4000.00 MB
    Delta Memory :                               2689.00 MB
    Max Swap :                                   -
    Max Processes :                              19
    Max Threads :                                20
    Run time :                                   2855 sec.
    Turnaround time :                            2871 sec.

The output (if any) follows:



PS:

Read file <./bsub_log/222.err> for stderr output of this job.

Sender: LSF System <lsfadmin@ccb545>
Subject: Job 53598917: <bash -c "basf2 etapip_gg_fit_v6_toymc_100.py 222 > /home/belle2/jaeyoung/storage_ghi/Ntuples_ghi_2/MC15ri_generic/MC15ri_etaetapip_tight_v2_240419_Kp_BCS_etapi0const/bsub_log//MC15ri_etapip_gg_fitv6_toyMC_100_222.log"> in cluster <centralcluster> Done

Job <bash -c "basf2 etapip_gg_fit_v6_toymc_100.py 222 > /home/belle2/jaeyoung/storage_ghi/Ntuples_ghi_2/MC15ri_generic/MC15ri_etaetapip_tight_v2_240419_Kp_BCS_etapi0const/bsub_log//MC15ri_etapip_gg_fitv6_toyMC_100_222.log"> was submitted from host <ccw03> by user <jaeyoung> in cluster <centralcluster> at Mon Jul 22 18:34:46 2024
Job was executed on host(s) <ccb545>, in queue <s>, as user <jaeyoung> in cluster <centralcluster> at Mon Jul 22 18:35:56 2024
</home/belle2/jaeyoung> was used as the home directory.
</home/belle2/jaeyoung/workspace/DRAW_and_FITTING/main/FITTING/etapip/MC15ri_generic/tight_v2_fit_v6/ToyMC> was used as the working directory.
Started at Mon Jul 22 18:35:56 2024
Terminated at Mon Jul 22 19:22:45 2024
Results reported at Mon Jul 22 19:22:45 2024

Your job looked like:

------------------------------------------------------------
# LSBATCH: User input
bash -c "basf2 etapip_gg_fit_v6_toymc_100.py 222 > /home/belle2/jaeyoung/storage_ghi/Ntuples_ghi_2/MC15ri_generic/MC15ri_etaetapip_tight_v2_240419_Kp_BCS_etapi0const/bsub_log//MC15ri_etapip_gg_fitv6_toyMC_100_222.log"
------------------------------------------------------------

Successfully completed.

Resource usage summary:

    CPU time :                                   2793.11 sec.
    Max Memory :                                 1310 MB
    Average Memory :                             940.44 MB
    Total Requested Memory :                     4000.00 MB
    Delta Memory :                               2690.00 MB
    Max Swap :                                   -
    Max Processes :                              19
    Max Threads :                                20
    Run time :                                   2810 sec.
    Turnaround time :                            2879 sec.

The output (if any) follows:



PS:

Read file <./bsub_log/222.err> for stderr output of this job.

Sender: LSF System <lsfadmin@ccb523>
Subject: Job 53832095: <bash -c "basf2 etapip_gg_fit_v6_toymc_100.py 222 > /home/belle2/jaeyoung/storage_ghi/Ntuples_ghi_2/MC15ri_generic/MC15ri_etaetapip_tight_v2_240419_Kp_BCS_etapi0const/bsub_log//MC15ri_etapip_gg_fitv6_toyMC_100_222.log"> in cluster <centralcluster> Done

Job <bash -c "basf2 etapip_gg_fit_v6_toymc_100.py 222 > /home/belle2/jaeyoung/storage_ghi/Ntuples_ghi_2/MC15ri_generic/MC15ri_etaetapip_tight_v2_240419_Kp_BCS_etapi0const/bsub_log//MC15ri_etapip_gg_fitv6_toyMC_100_222.log"> was submitted from host <ccw05> by user <jaeyoung> in cluster <centralcluster> at Tue Jul 23 00:49:34 2024
Job was executed on host(s) <ccb523>, in queue <s>, as user <jaeyoung> in cluster <centralcluster> at Tue Jul 23 00:49:51 2024
</home/belle2/jaeyoung> was used as the home directory.
</home/belle2/jaeyoung/workspace/DRAW_and_FITTING/main/FITTING/etapip/MC15ri_generic/tight_v2_fit_v6/ToyMC> was used as the working directory.
Started at Tue Jul 23 00:49:51 2024
Terminated at Tue Jul 23 01:38:58 2024
Results reported at Tue Jul 23 01:38:58 2024

Your job looked like:

------------------------------------------------------------
# LSBATCH: User input
bash -c "basf2 etapip_gg_fit_v6_toymc_100.py 222 > /home/belle2/jaeyoung/storage_ghi/Ntuples_ghi_2/MC15ri_generic/MC15ri_etaetapip_tight_v2_240419_Kp_BCS_etapi0const/bsub_log//MC15ri_etapip_gg_fitv6_toyMC_100_222.log"
------------------------------------------------------------

Successfully completed.

Resource usage summary:

    CPU time :                                   2921.73 sec.
    Max Memory :                                 1311 MB
    Average Memory :                             963.17 MB
    Total Requested Memory :                     4000.00 MB
    Delta Memory :                               2689.00 MB
    Max Swap :                                   -
    Max Processes :                              19
    Max Threads :                                20
    Run time :                                   2947 sec.
    Turnaround time :                            2964 sec.

The output (if any) follows:



PS:

Read file <./bsub_log/222.err> for stderr output of this job.

Sender: LSF System <lsfadmin@ccb103>
Subject: Job 54397536: <bash -c "basf2 etapip_gg_fit_v6_toymc_100.py 222 > /home/belle2/jaeyoung/storage_ghi/Ntuples_ghi_2/MC15ri_generic/MC15ri_etaetapip_tight_v2_240419_Kp_BCS_etapi0const/bsub_log//MC15ri_etapip_gg_fitv6_toyMC_100_222.log"> in cluster <centralcluster> Done

Job <bash -c "basf2 etapip_gg_fit_v6_toymc_100.py 222 > /home/belle2/jaeyoung/storage_ghi/Ntuples_ghi_2/MC15ri_generic/MC15ri_etaetapip_tight_v2_240419_Kp_BCS_etapi0const/bsub_log//MC15ri_etapip_gg_fitv6_toyMC_100_222.log"> was submitted from host <ccw04> by user <jaeyoung> in cluster <centralcluster> at Tue Jul 23 17:58:52 2024
Job was executed on host(s) <ccb103>, in queue <s>, as user <jaeyoung> in cluster <centralcluster> at Tue Jul 23 18:24:45 2024
</home/belle2/jaeyoung> was used as the home directory.
</home/belle2/jaeyoung/workspace/DRAW_and_FITTING/main/FITTING/etapip/MC15ri_generic/tight_v2_fit_v6/ToyMC> was used as the working directory.
Started at Tue Jul 23 18:24:45 2024
Terminated at Tue Jul 23 19:11:28 2024
Results reported at Tue Jul 23 19:11:28 2024

Your job looked like:

------------------------------------------------------------
# LSBATCH: User input
bash -c "basf2 etapip_gg_fit_v6_toymc_100.py 222 > /home/belle2/jaeyoung/storage_ghi/Ntuples_ghi_2/MC15ri_generic/MC15ri_etaetapip_tight_v2_240419_Kp_BCS_etapi0const/bsub_log//MC15ri_etapip_gg_fitv6_toyMC_100_222.log"
------------------------------------------------------------

Successfully completed.

Resource usage summary:

    CPU time :                                   2769.42 sec.
    Max Memory :                                 1312 MB
    Average Memory :                             938.72 MB
    Total Requested Memory :                     4000.00 MB
    Delta Memory :                               2688.00 MB
    Max Swap :                                   -
    Max Processes :                              19
    Max Threads :                                20
    Run time :                                   2803 sec.
    Turnaround time :                            4356 sec.

The output (if any) follows:



PS:

Read file <./bsub_log/222.err> for stderr output of this job.

Sender: LSF System <lsfadmin@ccb230>
Subject: Job 54470103: <bash -c "basf2 etapip_gg_fit_v6_toymc_100.py 222 > /home/belle2/jaeyoung/storage_ghi/Ntuples_ghi_2/MC15ri_generic/MC15ri_etaetapip_tight_v2_240419_Kp_BCS_etapi0const/bsub_log//MC15ri_etapip_gg_fitv6_toyMC_100_222.log"> in cluster <centralcluster> Done

Job <bash -c "basf2 etapip_gg_fit_v6_toymc_100.py 222 > /home/belle2/jaeyoung/storage_ghi/Ntuples_ghi_2/MC15ri_generic/MC15ri_etaetapip_tight_v2_240419_Kp_BCS_etapi0const/bsub_log//MC15ri_etapip_gg_fitv6_toyMC_100_222.log"> was submitted from host <ccw03> by user <jaeyoung> in cluster <centralcluster> at Tue Jul 23 19:37:44 2024
Job was executed on host(s) <ccb230>, in queue <s>, as user <jaeyoung> in cluster <centralcluster> at Tue Jul 23 19:37:46 2024
</home/belle2/jaeyoung> was used as the home directory.
</home/belle2/jaeyoung/workspace/DRAW_and_FITTING/main/FITTING/etapip/MC15ri_generic/tight_v2_fit_v6/ToyMC> was used as the working directory.
Started at Tue Jul 23 19:37:46 2024
Terminated at Tue Jul 23 20:24:30 2024
Results reported at Tue Jul 23 20:24:30 2024

Your job looked like:

------------------------------------------------------------
# LSBATCH: User input
bash -c "basf2 etapip_gg_fit_v6_toymc_100.py 222 > /home/belle2/jaeyoung/storage_ghi/Ntuples_ghi_2/MC15ri_generic/MC15ri_etaetapip_tight_v2_240419_Kp_BCS_etapi0const/bsub_log//MC15ri_etapip_gg_fitv6_toyMC_100_222.log"
------------------------------------------------------------

Successfully completed.

Resource usage summary:

    CPU time :                                   2795.62 sec.
    Max Memory :                                 1314 MB
    Average Memory :                             969.36 MB
    Total Requested Memory :                     4000.00 MB
    Delta Memory :                               2686.00 MB
    Max Swap :                                   -
    Max Processes :                              19
    Max Threads :                                20
    Run time :                                   2804 sec.
    Turnaround time :                            2806 sec.

The output (if any) follows:



PS:

Read file <./bsub_log/222.err> for stderr output of this job.

Sender: LSF System <lsfadmin@ccb532>
Subject: Job 55515704: <bash -c "basf2 etapip_gg_fit_v6_toymc_100.py 222 > /home/belle2/jaeyoung/storage_ghi/Ntuples_ghi_2/MC15ri_generic/MC15ri_etaetapip_tight_v2_240419_Kp_BCS_etapi0const/bsub_log//MC15ri_etapip_gg_fitv6_toyMC_100_222.log"> in cluster <centralcluster> Done

Job <bash -c "basf2 etapip_gg_fit_v6_toymc_100.py 222 > /home/belle2/jaeyoung/storage_ghi/Ntuples_ghi_2/MC15ri_generic/MC15ri_etaetapip_tight_v2_240419_Kp_BCS_etapi0const/bsub_log//MC15ri_etapip_gg_fitv6_toyMC_100_222.log"> was submitted from host <ccw01> by user <jaeyoung> in cluster <centralcluster> at Thu Jul 25 20:50:40 2024
Job was executed on host(s) <ccb532>, in queue <s>, as user <jaeyoung> in cluster <centralcluster> at Thu Jul 25 20:50:41 2024
</home/belle2/jaeyoung> was used as the home directory.
</gpfs/home/belle2/jaeyoung/workspace/DRAW_and_FITTING/main/FITTING/etapip/MC15ri_generic/tight_v2_fit_v6/ToyMC> was used as the working directory.
Started at Thu Jul 25 20:50:41 2024
Terminated at Thu Jul 25 21:39:21 2024
Results reported at Thu Jul 25 21:39:21 2024

Your job looked like:

------------------------------------------------------------
# LSBATCH: User input
bash -c "basf2 etapip_gg_fit_v6_toymc_100.py 222 > /home/belle2/jaeyoung/storage_ghi/Ntuples_ghi_2/MC15ri_generic/MC15ri_etaetapip_tight_v2_240419_Kp_BCS_etapi0const/bsub_log//MC15ri_etapip_gg_fitv6_toyMC_100_222.log"
------------------------------------------------------------

Successfully completed.

Resource usage summary:

    CPU time :                                   2866.48 sec.
    Max Memory :                                 1350 MB
    Average Memory :                             989.10 MB
    Total Requested Memory :                     4000.00 MB
    Delta Memory :                               2650.00 MB
    Max Swap :                                   -
    Max Processes :                              19
    Max Threads :                                20
    Run time :                                   2920 sec.
    Turnaround time :                            2921 sec.

The output (if any) follows:



PS:

Read file <./bsub_log/222.err> for stderr output of this job.

Sender: LSF System <lsfadmin@ccb275>
Subject: Job 56103112: <bash -c "basf2 etapip_gg_fit_v6_toymc_100.py 222 > /home/belle2/jaeyoung/storage_ghi/Ntuples_ghi_2/MC15ri_generic/MC15ri_etaetapip_tight_v2_240419_Kp_BCS_etapi0const/bsub_log//MC15ri_etapip_gg_fitv6_toyMC_100_222.log"> in cluster <centralcluster> Done

Job <bash -c "basf2 etapip_gg_fit_v6_toymc_100.py 222 > /home/belle2/jaeyoung/storage_ghi/Ntuples_ghi_2/MC15ri_generic/MC15ri_etaetapip_tight_v2_240419_Kp_BCS_etapi0const/bsub_log//MC15ri_etapip_gg_fitv6_toyMC_100_222.log"> was submitted from host <ccw06> by user <jaeyoung> in cluster <centralcluster> at Fri Jul 26 23:43:42 2024
Job was executed on host(s) <ccb275>, in queue <s>, as user <jaeyoung> in cluster <centralcluster> at Sat Jul 27 00:18:18 2024
</home/belle2/jaeyoung> was used as the home directory.
</home/belle2/jaeyoung/workspace/DRAW_and_FITTING/main/FITTING/etapip/MC15ri_generic/tight_v2_fit_v6/ToyMC> was used as the working directory.
Started at Sat Jul 27 00:18:18 2024
Terminated at Sat Jul 27 00:52:22 2024
Results reported at Sat Jul 27 00:52:22 2024

Your job looked like:

------------------------------------------------------------
# LSBATCH: User input
bash -c "basf2 etapip_gg_fit_v6_toymc_100.py 222 > /home/belle2/jaeyoung/storage_ghi/Ntuples_ghi_2/MC15ri_generic/MC15ri_etaetapip_tight_v2_240419_Kp_BCS_etapi0const/bsub_log//MC15ri_etapip_gg_fitv6_toyMC_100_222.log"
------------------------------------------------------------

Successfully completed.

Resource usage summary:

    CPU time :                                   1966.03 sec.
    Max Memory :                                 894 MB
    Average Memory :                             647.82 MB
    Total Requested Memory :                     4000.00 MB
    Delta Memory :                               3106.00 MB
    Max Swap :                                   -
    Max Processes :                              19
    Max Threads :                                20
    Run time :                                   2044 sec.
    Turnaround time :                            4120 sec.

The output (if any) follows:



PS:

Read file <./bsub_log/222.err> for stderr output of this job.

Sender: LSF System <lsfadmin@ccb047>
Subject: Job 56133566: <bash -c "basf2 etapip_gg_fit_v6_toymc_100.py 222 > /home/belle2/jaeyoung/storage_ghi/Ntuples_ghi_2/MC15ri_generic/MC15ri_etaetapip_tight_v2_240419_Kp_BCS_etapi0const/bsub_log//MC15ri_etapip_gg_fitv6_toyMC_100_222.log"> in cluster <centralcluster> Done

Job <bash -c "basf2 etapip_gg_fit_v6_toymc_100.py 222 > /home/belle2/jaeyoung/storage_ghi/Ntuples_ghi_2/MC15ri_generic/MC15ri_etaetapip_tight_v2_240419_Kp_BCS_etapi0const/bsub_log//MC15ri_etapip_gg_fitv6_toyMC_100_222.log"> was submitted from host <ccw03> by user <jaeyoung> in cluster <centralcluster> at Sat Jul 27 01:13:08 2024
Job was executed on host(s) <ccb047>, in queue <s>, as user <jaeyoung> in cluster <centralcluster> at Sat Jul 27 03:04:18 2024
</home/belle2/jaeyoung> was used as the home directory.
</gpfs/home/belle2/jaeyoung/workspace/DRAW_and_FITTING/main/FITTING/etapip/MC15ri_generic/tight_v2_fit_v6/ToyMC> was used as the working directory.
Started at Sat Jul 27 03:04:18 2024
Terminated at Sat Jul 27 03:42:34 2024
Results reported at Sat Jul 27 03:42:34 2024

Your job looked like:

------------------------------------------------------------
# LSBATCH: User input
bash -c "basf2 etapip_gg_fit_v6_toymc_100.py 222 > /home/belle2/jaeyoung/storage_ghi/Ntuples_ghi_2/MC15ri_generic/MC15ri_etaetapip_tight_v2_240419_Kp_BCS_etapi0const/bsub_log//MC15ri_etapip_gg_fitv6_toyMC_100_222.log"
------------------------------------------------------------

Successfully completed.

Resource usage summary:

    CPU time :                                   2257.55 sec.
    Max Memory :                                 893 MB
    Average Memory :                             657.91 MB
    Total Requested Memory :                     4000.00 MB
    Delta Memory :                               3107.00 MB
    Max Swap :                                   -
    Max Processes :                              19
    Max Threads :                                20
    Run time :                                   2296 sec.
    Turnaround time :                            8966 sec.

The output (if any) follows:



PS:

Read file <./bsub_log/222.err> for stderr output of this job.

Sender: LSF System <lsfadmin@ccb110>
Subject: Job 57220286: <bash -c "basf2 etapip_gg_fit_v6_toymc_100.py 222 > /home/belle2/jaeyoung/storage_ghi/Ntuples_ghi_2/MC15ri_generic/MC15ri_etaetapip_tight_v2_240419_Kp_BCS_etapi0const/bsub_log//MC15ri_etapip_gg_fitv6_toyMC_100_222.log"> in cluster <centralcluster> Exited

Job <bash -c "basf2 etapip_gg_fit_v6_toymc_100.py 222 > /home/belle2/jaeyoung/storage_ghi/Ntuples_ghi_2/MC15ri_generic/MC15ri_etaetapip_tight_v2_240419_Kp_BCS_etapi0const/bsub_log//MC15ri_etapip_gg_fitv6_toyMC_100_222.log"> was submitted from host <ccx03> by user <jaeyoung> in cluster <centralcluster> at Mon Jul 29 18:44:58 2024
Job was executed on host(s) <ccb110>, in queue <s>, as user <jaeyoung> in cluster <centralcluster> at Mon Jul 29 18:44:59 2024
</home/belle2/jaeyoung> was used as the home directory.
</gpfs/home/belle2/jaeyoung/workspace/DRAW_and_FITTING/main/FITTING/etapip/MC15ri_generic/tight_v2_fit_v6/ToyMC> was used as the working directory.
Started at Mon Jul 29 18:44:59 2024
Terminated at Mon Jul 29 19:49:22 2024
Results reported at Mon Jul 29 19:49:22 2024

Your job looked like:

------------------------------------------------------------
# LSBATCH: User input
bash -c "basf2 etapip_gg_fit_v6_toymc_100.py 222 > /home/belle2/jaeyoung/storage_ghi/Ntuples_ghi_2/MC15ri_generic/MC15ri_etaetapip_tight_v2_240419_Kp_BCS_etapi0const/bsub_log//MC15ri_etapip_gg_fitv6_toyMC_100_222.log"
------------------------------------------------------------

Exited with exit code 1.

Resource usage summary:

    CPU time :                                   3815.47 sec.
    Max Memory :                                 1402 MB
    Average Memory :                             1027.93 MB
    Total Requested Memory :                     4000.00 MB
    Delta Memory :                               2598.00 MB
    Max Swap :                                   -
    Max Processes :                              19
    Max Threads :                                20
    Run time :                                   3864 sec.
    Turnaround time :                            3864 sec.

The output (if any) follows:



PS:

Read file <./bsub_log/222.err> for stderr output of this job.

Sender: LSF System <lsfadmin@ccb538>
Subject: Job 57308360: <bash -c "basf2 etapip_gg_fit_v6_toymc_100.py 222 > /home/belle2/jaeyoung/storage_ghi/Ntuples_ghi_2/MC15ri_generic/MC15ri_etaetapip_tight_v2_240419_Kp_BCS_etapi0const/bsub_log//MC15ri_etapip_gg_fitv6_toyMC_100_222.log"> in cluster <centralcluster> Done

Job <bash -c "basf2 etapip_gg_fit_v6_toymc_100.py 222 > /home/belle2/jaeyoung/storage_ghi/Ntuples_ghi_2/MC15ri_generic/MC15ri_etaetapip_tight_v2_240419_Kp_BCS_etapi0const/bsub_log//MC15ri_etapip_gg_fitv6_toyMC_100_222.log"> was submitted from host <ccw03> by user <jaeyoung> in cluster <centralcluster> at Mon Jul 29 23:02:29 2024
Job was executed on host(s) <ccb538>, in queue <s>, as user <jaeyoung> in cluster <centralcluster> at Mon Jul 29 23:03:23 2024
</home/belle2/jaeyoung> was used as the home directory.
</home/belle2/jaeyoung/workspace/DRAW_and_FITTING/main/FITTING/etapip/MC15ri_generic/tight_v2_fit_v6/ToyMC> was used as the working directory.
Started at Mon Jul 29 23:03:23 2024
Terminated at Tue Jul 30 00:09:40 2024
Results reported at Tue Jul 30 00:09:40 2024

Your job looked like:

------------------------------------------------------------
# LSBATCH: User input
bash -c "basf2 etapip_gg_fit_v6_toymc_100.py 222 > /home/belle2/jaeyoung/storage_ghi/Ntuples_ghi_2/MC15ri_generic/MC15ri_etaetapip_tight_v2_240419_Kp_BCS_etapi0const/bsub_log//MC15ri_etapip_gg_fitv6_toyMC_100_222.log"
------------------------------------------------------------

Successfully completed.

Resource usage summary:

    CPU time :                                   3935.73 sec.
    Max Memory :                                 1458 MB
    Average Memory :                             1075.62 MB
    Total Requested Memory :                     4000.00 MB
    Delta Memory :                               2542.00 MB
    Max Swap :                                   -
    Max Processes :                              19
    Max Threads :                                20
    Run time :                                   3978 sec.
    Turnaround time :                            4031 sec.

The output (if any) follows:



PS:

Read file <./bsub_log/222.err> for stderr output of this job.

Sender: LSF System <lsfadmin@ccb007>
Subject: Job 57390013: <bash -c "basf2 etapip_gg_fit_v6_toymc_100.py 222 > /home/belle2/jaeyoung/storage_ghi/Ntuples_ghi_2/MC15ri_generic/MC15ri_etaetapip_tight_v2_240419_Kp_BCS_etapi0const/bsub_log//MC15ri_etapip_gg_fitv6_toyMC_100_222.log"> in cluster <centralcluster> Done

Job <bash -c "basf2 etapip_gg_fit_v6_toymc_100.py 222 > /home/belle2/jaeyoung/storage_ghi/Ntuples_ghi_2/MC15ri_generic/MC15ri_etaetapip_tight_v2_240419_Kp_BCS_etapi0const/bsub_log//MC15ri_etapip_gg_fitv6_toyMC_100_222.log"> was submitted from host <ccw03> by user <jaeyoung> in cluster <centralcluster> at Tue Jul 30 01:17:13 2024
Job was executed on host(s) <ccb007>, in queue <s>, as user <jaeyoung> in cluster <centralcluster> at Tue Jul 30 01:17:50 2024
</home/belle2/jaeyoung> was used as the home directory.
</home/belle2/jaeyoung/workspace/DRAW_and_FITTING/main/FITTING/etapip/MC15ri_generic/tight_v2_fit_v6/ToyMC> was used as the working directory.
Started at Tue Jul 30 01:17:50 2024
Terminated at Tue Jul 30 02:22:40 2024
Results reported at Tue Jul 30 02:22:40 2024

Your job looked like:

------------------------------------------------------------
# LSBATCH: User input
bash -c "basf2 etapip_gg_fit_v6_toymc_100.py 222 > /home/belle2/jaeyoung/storage_ghi/Ntuples_ghi_2/MC15ri_generic/MC15ri_etaetapip_tight_v2_240419_Kp_BCS_etapi0const/bsub_log//MC15ri_etapip_gg_fitv6_toyMC_100_222.log"
------------------------------------------------------------

Successfully completed.

Resource usage summary:

    CPU time :                                   3845.86 sec.
    Max Memory :                                 1423 MB
    Average Memory :                             1034.85 MB
    Total Requested Memory :                     4000.00 MB
    Delta Memory :                               2577.00 MB
    Max Swap :                                   -
    Max Processes :                              19
    Max Threads :                                20
    Run time :                                   3890 sec.
    Turnaround time :                            3927 sec.

The output (if any) follows:



PS:

Read file <./bsub_log/222.err> for stderr output of this job.

