Sender: LSF System <lsfadmin@ccb538>
Subject: Job 52359381: <bash -c "basf2 etapip_gg_fit_v6_toymc_100.py 225 > /home/belle2/jaeyoung/storage_ghi/Ntuples_ghi_2/MC15ri_generic/MC15ri_etaetapip_tight_v2_240419_Kp_BCS_etapi0const/bsub_log//MC15ri_etapip_gg_fitv6_toyMC_100_225.log"> in cluster <centralcluster> Done

Job <bash -c "basf2 etapip_gg_fit_v6_toymc_100.py 225 > /home/belle2/jaeyoung/storage_ghi/Ntuples_ghi_2/MC15ri_generic/MC15ri_etaetapip_tight_v2_240419_Kp_BCS_etapi0const/bsub_log//MC15ri_etapip_gg_fitv6_toyMC_100_225.log"> was submitted from host <ccw02> by user <jaeyoung> in cluster <centralcluster> at Sat Jul 20 14:39:21 2024
Job was executed on host(s) <ccb538>, in queue <s>, as user <jaeyoung> in cluster <centralcluster> at Sat Jul 20 14:42:13 2024
</home/belle2/jaeyoung> was used as the home directory.
</home/belle2/jaeyoung/workspace/DRAW_and_FITTING/main/FITTING/etapip/MC15ri_generic/tight_v2_fit_v6/ToyMC> was used as the working directory.
Started at Sat Jul 20 14:42:13 2024
Terminated at Sat Jul 20 15:31:21 2024
Results reported at Sat Jul 20 15:31:21 2024

Your job looked like:

------------------------------------------------------------
# LSBATCH: User input
bash -c "basf2 etapip_gg_fit_v6_toymc_100.py 225 > /home/belle2/jaeyoung/storage_ghi/Ntuples_ghi_2/MC15ri_generic/MC15ri_etaetapip_tight_v2_240419_Kp_BCS_etapi0const/bsub_log//MC15ri_etapip_gg_fitv6_toyMC_100_225.log"
------------------------------------------------------------

Successfully completed.

Resource usage summary:

    CPU time :                                   2856.35 sec.
    Max Memory :                                 1311 MB
    Average Memory :                             948.23 MB
    Total Requested Memory :                     4000.00 MB
    Delta Memory :                               2689.00 MB
    Max Swap :                                   -
    Max Processes :                              19
    Max Threads :                                20
    Run time :                                   2949 sec.
    Turnaround time :                            3120 sec.

The output (if any) follows:



PS:

Read file <./bsub_log/225.err> for stderr output of this job.

Sender: LSF System <lsfadmin@ccb275>
Subject: Job 53029868: <bash -c "basf2 etapip_gg_fit_v6_toymc_100.py 225 > /home/belle2/jaeyoung/storage_ghi/Ntuples_ghi_2/MC15ri_generic/MC15ri_etaetapip_tight_v2_240419_Kp_BCS_etapi0const/bsub_log//MC15ri_etapip_gg_fitv6_toyMC_100_225.log"> in cluster <centralcluster> Done

Job <bash -c "basf2 etapip_gg_fit_v6_toymc_100.py 225 > /home/belle2/jaeyoung/storage_ghi/Ntuples_ghi_2/MC15ri_generic/MC15ri_etaetapip_tight_v2_240419_Kp_BCS_etapi0const/bsub_log//MC15ri_etapip_gg_fitv6_toyMC_100_225.log"> was submitted from host <ccw03> by user <jaeyoung> in cluster <centralcluster> at Sun Jul 21 17:30:44 2024
Job was executed on host(s) <ccb275>, in queue <s>, as user <jaeyoung> in cluster <centralcluster> at Sun Jul 21 17:31:11 2024
</home/belle2/jaeyoung> was used as the home directory.
</home/belle2/jaeyoung/workspace/DRAW_and_FITTING/main/FITTING/etapip/MC15ri_generic/tight_v2_fit_v6/ToyMC> was used as the working directory.
Started at Sun Jul 21 17:31:11 2024
Terminated at Sun Jul 21 18:20:58 2024
Results reported at Sun Jul 21 18:20:58 2024

Your job looked like:

------------------------------------------------------------
# LSBATCH: User input
bash -c "basf2 etapip_gg_fit_v6_toymc_100.py 225 > /home/belle2/jaeyoung/storage_ghi/Ntuples_ghi_2/MC15ri_generic/MC15ri_etaetapip_tight_v2_240419_Kp_BCS_etapi0const/bsub_log//MC15ri_etapip_gg_fitv6_toyMC_100_225.log"
------------------------------------------------------------

Successfully completed.

Resource usage summary:

    CPU time :                                   2915.36 sec.
    Max Memory :                                 1311 MB
    Average Memory :                             953.71 MB
    Total Requested Memory :                     4000.00 MB
    Delta Memory :                               2689.00 MB
    Max Swap :                                   -
    Max Processes :                              19
    Max Threads :                                20
    Run time :                                   2988 sec.
    Turnaround time :                            3014 sec.

The output (if any) follows:



PS:

Read file <./bsub_log/225.err> for stderr output of this job.

Sender: LSF System <lsfadmin@ccb163>
Subject: Job 53202421: <bash -c "basf2 etapip_gg_fit_v6_toymc_100.py 225 > /home/belle2/jaeyoung/storage_ghi/Ntuples_ghi_2/MC15ri_generic/MC15ri_etaetapip_tight_v2_240419_Kp_BCS_etapi0const/bsub_log//MC15ri_etapip_gg_fitv6_toyMC_100_225.log"> in cluster <centralcluster> Exited

Job <bash -c "basf2 etapip_gg_fit_v6_toymc_100.py 225 > /home/belle2/jaeyoung/storage_ghi/Ntuples_ghi_2/MC15ri_generic/MC15ri_etaetapip_tight_v2_240419_Kp_BCS_etapi0const/bsub_log//MC15ri_etapip_gg_fitv6_toyMC_100_225.log"> was submitted from host <ccw03> by user <jaeyoung> in cluster <centralcluster> at Mon Jul 22 00:49:47 2024
Job was executed on host(s) <ccb163>, in queue <s>, as user <jaeyoung> in cluster <centralcluster> at Mon Jul 22 00:50:31 2024
</home/belle2/jaeyoung> was used as the home directory.
</home/belle2/jaeyoung/workspace/DRAW_and_FITTING/main/FITTING/etapip/MC15ri_generic/tight_v2_fit_v6/ToyMC> was used as the working directory.
Started at Mon Jul 22 00:50:31 2024
Terminated at Mon Jul 22 01:06:44 2024
Results reported at Mon Jul 22 01:06:44 2024

Your job looked like:

------------------------------------------------------------
# LSBATCH: User input
bash -c "basf2 etapip_gg_fit_v6_toymc_100.py 225 > /home/belle2/jaeyoung/storage_ghi/Ntuples_ghi_2/MC15ri_generic/MC15ri_etaetapip_tight_v2_240419_Kp_BCS_etapi0const/bsub_log//MC15ri_etapip_gg_fitv6_toyMC_100_225.log"
------------------------------------------------------------

Exited with exit code 1.

Resource usage summary:

    CPU time :                                   970.03 sec.
    Max Memory :                                 1253 MB
    Average Memory :                             1163.88 MB
    Total Requested Memory :                     4000.00 MB
    Delta Memory :                               2747.00 MB
    Max Swap :                                   -
    Max Processes :                              19
    Max Threads :                                20
    Run time :                                   974 sec.
    Turnaround time :                            1017 sec.

The output (if any) follows:



PS:

Read file <./bsub_log/225.err> for stderr output of this job.

Sender: LSF System <lsfadmin@ccb108>
Subject: Job 53406863: <bash -c "basf2 etapip_gg_fit_v6_toymc_100.py 225 > /home/belle2/jaeyoung/storage_ghi/Ntuples_ghi_2/MC15ri_generic/MC15ri_etaetapip_tight_v2_240419_Kp_BCS_etapi0const/bsub_log//MC15ri_etapip_gg_fitv6_toyMC_100_225.log"> in cluster <centralcluster> Done

Job <bash -c "basf2 etapip_gg_fit_v6_toymc_100.py 225 > /home/belle2/jaeyoung/storage_ghi/Ntuples_ghi_2/MC15ri_generic/MC15ri_etaetapip_tight_v2_240419_Kp_BCS_etapi0const/bsub_log//MC15ri_etapip_gg_fitv6_toyMC_100_225.log"> was submitted from host <ccw06> by user <jaeyoung> in cluster <centralcluster> at Mon Jul 22 10:48:39 2024
Job was executed on host(s) <ccb108>, in queue <s>, as user <jaeyoung> in cluster <centralcluster> at Mon Jul 22 10:48:55 2024
</home/belle2/jaeyoung> was used as the home directory.
</home/belle2/jaeyoung/workspace/DRAW_and_FITTING/main/FITTING/etapip/MC15ri_generic/tight_v2_fit_v6/ToyMC> was used as the working directory.
Started at Mon Jul 22 10:48:55 2024
Terminated at Mon Jul 22 11:36:11 2024
Results reported at Mon Jul 22 11:36:11 2024

Your job looked like:

------------------------------------------------------------
# LSBATCH: User input
bash -c "basf2 etapip_gg_fit_v6_toymc_100.py 225 > /home/belle2/jaeyoung/storage_ghi/Ntuples_ghi_2/MC15ri_generic/MC15ri_etaetapip_tight_v2_240419_Kp_BCS_etapi0const/bsub_log//MC15ri_etapip_gg_fitv6_toyMC_100_225.log"
------------------------------------------------------------

Successfully completed.

Resource usage summary:

    CPU time :                                   2816.55 sec.
    Max Memory :                                 1311 MB
    Average Memory :                             942.41 MB
    Total Requested Memory :                     4000.00 MB
    Delta Memory :                               2689.00 MB
    Max Swap :                                   -
    Max Processes :                              19
    Max Threads :                                20
    Run time :                                   2836 sec.
    Turnaround time :                            2852 sec.

The output (if any) follows:



PS:

Read file <./bsub_log/225.err> for stderr output of this job.

Sender: LSF System <lsfadmin@ccb570>
Subject: Job 53598926: <bash -c "basf2 etapip_gg_fit_v6_toymc_100.py 225 > /home/belle2/jaeyoung/storage_ghi/Ntuples_ghi_2/MC15ri_generic/MC15ri_etaetapip_tight_v2_240419_Kp_BCS_etapi0const/bsub_log//MC15ri_etapip_gg_fitv6_toyMC_100_225.log"> in cluster <centralcluster> Done

Job <bash -c "basf2 etapip_gg_fit_v6_toymc_100.py 225 > /home/belle2/jaeyoung/storage_ghi/Ntuples_ghi_2/MC15ri_generic/MC15ri_etaetapip_tight_v2_240419_Kp_BCS_etapi0const/bsub_log//MC15ri_etapip_gg_fitv6_toyMC_100_225.log"> was submitted from host <ccw03> by user <jaeyoung> in cluster <centralcluster> at Mon Jul 22 18:34:47 2024
Job was executed on host(s) <ccb570>, in queue <s>, as user <jaeyoung> in cluster <centralcluster> at Mon Jul 22 18:35:56 2024
</home/belle2/jaeyoung> was used as the home directory.
</home/belle2/jaeyoung/workspace/DRAW_and_FITTING/main/FITTING/etapip/MC15ri_generic/tight_v2_fit_v6/ToyMC> was used as the working directory.
Started at Mon Jul 22 18:35:56 2024
Terminated at Mon Jul 22 19:21:41 2024
Results reported at Mon Jul 22 19:21:41 2024

Your job looked like:

------------------------------------------------------------
# LSBATCH: User input
bash -c "basf2 etapip_gg_fit_v6_toymc_100.py 225 > /home/belle2/jaeyoung/storage_ghi/Ntuples_ghi_2/MC15ri_generic/MC15ri_etaetapip_tight_v2_240419_Kp_BCS_etapi0const/bsub_log//MC15ri_etapip_gg_fitv6_toyMC_100_225.log"
------------------------------------------------------------

Successfully completed.

Resource usage summary:

    CPU time :                                   2736.18 sec.
    Max Memory :                                 1311 MB
    Average Memory :                             952.64 MB
    Total Requested Memory :                     4000.00 MB
    Delta Memory :                               2689.00 MB
    Max Swap :                                   -
    Max Processes :                              19
    Max Threads :                                20
    Run time :                                   2745 sec.
    Turnaround time :                            2814 sec.

The output (if any) follows:



PS:

Read file <./bsub_log/225.err> for stderr output of this job.

Sender: LSF System <lsfadmin@ccb098>
Subject: Job 53832108: <bash -c "basf2 etapip_gg_fit_v6_toymc_100.py 225 > /home/belle2/jaeyoung/storage_ghi/Ntuples_ghi_2/MC15ri_generic/MC15ri_etaetapip_tight_v2_240419_Kp_BCS_etapi0const/bsub_log//MC15ri_etapip_gg_fitv6_toyMC_100_225.log"> in cluster <centralcluster> Done

Job <bash -c "basf2 etapip_gg_fit_v6_toymc_100.py 225 > /home/belle2/jaeyoung/storage_ghi/Ntuples_ghi_2/MC15ri_generic/MC15ri_etaetapip_tight_v2_240419_Kp_BCS_etapi0const/bsub_log//MC15ri_etapip_gg_fitv6_toyMC_100_225.log"> was submitted from host <ccw05> by user <jaeyoung> in cluster <centralcluster> at Tue Jul 23 00:49:35 2024
Job was executed on host(s) <ccb098>, in queue <s>, as user <jaeyoung> in cluster <centralcluster> at Tue Jul 23 00:49:53 2024
</home/belle2/jaeyoung> was used as the home directory.
</home/belle2/jaeyoung/workspace/DRAW_and_FITTING/main/FITTING/etapip/MC15ri_generic/tight_v2_fit_v6/ToyMC> was used as the working directory.
Started at Tue Jul 23 00:49:53 2024
Terminated at Tue Jul 23 01:36:02 2024
Results reported at Tue Jul 23 01:36:02 2024

Your job looked like:

------------------------------------------------------------
# LSBATCH: User input
bash -c "basf2 etapip_gg_fit_v6_toymc_100.py 225 > /home/belle2/jaeyoung/storage_ghi/Ntuples_ghi_2/MC15ri_generic/MC15ri_etaetapip_tight_v2_240419_Kp_BCS_etapi0const/bsub_log//MC15ri_etapip_gg_fitv6_toyMC_100_225.log"
------------------------------------------------------------

Successfully completed.

Resource usage summary:

    CPU time :                                   2735.24 sec.
    Max Memory :                                 1311 MB
    Average Memory :                             948.03 MB
    Total Requested Memory :                     4000.00 MB
    Delta Memory :                               2689.00 MB
    Max Swap :                                   -
    Max Processes :                              19
    Max Threads :                                20
    Run time :                                   2769 sec.
    Turnaround time :                            2787 sec.

The output (if any) follows:



PS:

Read file <./bsub_log/225.err> for stderr output of this job.

Sender: LSF System <lsfadmin@ccb065>
Subject: Job 54397552: <bash -c "basf2 etapip_gg_fit_v6_toymc_100.py 225 > /home/belle2/jaeyoung/storage_ghi/Ntuples_ghi_2/MC15ri_generic/MC15ri_etaetapip_tight_v2_240419_Kp_BCS_etapi0const/bsub_log//MC15ri_etapip_gg_fitv6_toyMC_100_225.log"> in cluster <centralcluster> Done

Job <bash -c "basf2 etapip_gg_fit_v6_toymc_100.py 225 > /home/belle2/jaeyoung/storage_ghi/Ntuples_ghi_2/MC15ri_generic/MC15ri_etaetapip_tight_v2_240419_Kp_BCS_etapi0const/bsub_log//MC15ri_etapip_gg_fitv6_toyMC_100_225.log"> was submitted from host <ccw04> by user <jaeyoung> in cluster <centralcluster> at Tue Jul 23 17:58:53 2024
Job was executed on host(s) <ccb065>, in queue <s>, as user <jaeyoung> in cluster <centralcluster> at Tue Jul 23 18:24:46 2024
</home/belle2/jaeyoung> was used as the home directory.
</home/belle2/jaeyoung/workspace/DRAW_and_FITTING/main/FITTING/etapip/MC15ri_generic/tight_v2_fit_v6/ToyMC> was used as the working directory.
Started at Tue Jul 23 18:24:46 2024
Terminated at Tue Jul 23 19:12:00 2024
Results reported at Tue Jul 23 19:12:00 2024

Your job looked like:

------------------------------------------------------------
# LSBATCH: User input
bash -c "basf2 etapip_gg_fit_v6_toymc_100.py 225 > /home/belle2/jaeyoung/storage_ghi/Ntuples_ghi_2/MC15ri_generic/MC15ri_etaetapip_tight_v2_240419_Kp_BCS_etapi0const/bsub_log//MC15ri_etapip_gg_fitv6_toyMC_100_225.log"
------------------------------------------------------------

Successfully completed.

Resource usage summary:

    CPU time :                                   2808.91 sec.
    Max Memory :                                 1324 MB
    Average Memory :                             964.15 MB
    Total Requested Memory :                     4000.00 MB
    Delta Memory :                               2676.00 MB
    Max Swap :                                   -
    Max Processes :                              19
    Max Threads :                                20
    Run time :                                   2834 sec.
    Turnaround time :                            4387 sec.

The output (if any) follows:



PS:

Read file <./bsub_log/225.err> for stderr output of this job.

Sender: LSF System <lsfadmin@ccb084>
Subject: Job 54470119: <bash -c "basf2 etapip_gg_fit_v6_toymc_100.py 225 > /home/belle2/jaeyoung/storage_ghi/Ntuples_ghi_2/MC15ri_generic/MC15ri_etaetapip_tight_v2_240419_Kp_BCS_etapi0const/bsub_log//MC15ri_etapip_gg_fitv6_toyMC_100_225.log"> in cluster <centralcluster> Done

Job <bash -c "basf2 etapip_gg_fit_v6_toymc_100.py 225 > /home/belle2/jaeyoung/storage_ghi/Ntuples_ghi_2/MC15ri_generic/MC15ri_etaetapip_tight_v2_240419_Kp_BCS_etapi0const/bsub_log//MC15ri_etapip_gg_fitv6_toyMC_100_225.log"> was submitted from host <ccw03> by user <jaeyoung> in cluster <centralcluster> at Tue Jul 23 19:37:45 2024
Job was executed on host(s) <ccb084>, in queue <s>, as user <jaeyoung> in cluster <centralcluster> at Tue Jul 23 19:37:46 2024
</home/belle2/jaeyoung> was used as the home directory.
</home/belle2/jaeyoung/workspace/DRAW_and_FITTING/main/FITTING/etapip/MC15ri_generic/tight_v2_fit_v6/ToyMC> was used as the working directory.
Started at Tue Jul 23 19:37:46 2024
Terminated at Tue Jul 23 20:25:05 2024
Results reported at Tue Jul 23 20:25:05 2024

Your job looked like:

------------------------------------------------------------
# LSBATCH: User input
bash -c "basf2 etapip_gg_fit_v6_toymc_100.py 225 > /home/belle2/jaeyoung/storage_ghi/Ntuples_ghi_2/MC15ri_generic/MC15ri_etaetapip_tight_v2_240419_Kp_BCS_etapi0const/bsub_log//MC15ri_etapip_gg_fitv6_toyMC_100_225.log"
------------------------------------------------------------

Successfully completed.

Resource usage summary:

    CPU time :                                   2768.58 sec.
    Max Memory :                                 1311 MB
    Average Memory :                             939.08 MB
    Total Requested Memory :                     4000.00 MB
    Delta Memory :                               2689.00 MB
    Max Swap :                                   -
    Max Processes :                              19
    Max Threads :                                20
    Run time :                                   2840 sec.
    Turnaround time :                            2840 sec.

The output (if any) follows:



PS:

Read file <./bsub_log/225.err> for stderr output of this job.

Sender: LSF System <lsfadmin@ccb202>
Subject: Job 55515709: <bash -c "basf2 etapip_gg_fit_v6_toymc_100.py 225 > /home/belle2/jaeyoung/storage_ghi/Ntuples_ghi_2/MC15ri_generic/MC15ri_etaetapip_tight_v2_240419_Kp_BCS_etapi0const/bsub_log//MC15ri_etapip_gg_fitv6_toyMC_100_225.log"> in cluster <centralcluster> Done

Job <bash -c "basf2 etapip_gg_fit_v6_toymc_100.py 225 > /home/belle2/jaeyoung/storage_ghi/Ntuples_ghi_2/MC15ri_generic/MC15ri_etaetapip_tight_v2_240419_Kp_BCS_etapi0const/bsub_log//MC15ri_etapip_gg_fitv6_toyMC_100_225.log"> was submitted from host <ccw01> by user <jaeyoung> in cluster <centralcluster> at Thu Jul 25 20:50:41 2024
Job was executed on host(s) <ccb202>, in queue <s>, as user <jaeyoung> in cluster <centralcluster> at Thu Jul 25 20:50:42 2024
</home/belle2/jaeyoung> was used as the home directory.
</gpfs/home/belle2/jaeyoung/workspace/DRAW_and_FITTING/main/FITTING/etapip/MC15ri_generic/tight_v2_fit_v6/ToyMC> was used as the working directory.
Started at Thu Jul 25 20:50:42 2024
Terminated at Thu Jul 25 21:37:54 2024
Results reported at Thu Jul 25 21:37:54 2024

Your job looked like:

------------------------------------------------------------
# LSBATCH: User input
bash -c "basf2 etapip_gg_fit_v6_toymc_100.py 225 > /home/belle2/jaeyoung/storage_ghi/Ntuples_ghi_2/MC15ri_generic/MC15ri_etaetapip_tight_v2_240419_Kp_BCS_etapi0const/bsub_log//MC15ri_etapip_gg_fitv6_toyMC_100_225.log"
------------------------------------------------------------

Successfully completed.

Resource usage summary:

    CPU time :                                   2764.16 sec.
    Max Memory :                                 1313 MB
    Average Memory :                             949.56 MB
    Total Requested Memory :                     4000.00 MB
    Delta Memory :                               2687.00 MB
    Max Swap :                                   -
    Max Processes :                              19
    Max Threads :                                20
    Run time :                                   2832 sec.
    Turnaround time :                            2833 sec.

The output (if any) follows:



PS:

Read file <./bsub_log/225.err> for stderr output of this job.

Sender: LSF System <lsfadmin@ccb565>
Subject: Job 56103122: <bash -c "basf2 etapip_gg_fit_v6_toymc_100.py 225 > /home/belle2/jaeyoung/storage_ghi/Ntuples_ghi_2/MC15ri_generic/MC15ri_etaetapip_tight_v2_240419_Kp_BCS_etapi0const/bsub_log//MC15ri_etapip_gg_fitv6_toyMC_100_225.log"> in cluster <centralcluster> Done

Job <bash -c "basf2 etapip_gg_fit_v6_toymc_100.py 225 > /home/belle2/jaeyoung/storage_ghi/Ntuples_ghi_2/MC15ri_generic/MC15ri_etaetapip_tight_v2_240419_Kp_BCS_etapi0const/bsub_log//MC15ri_etapip_gg_fitv6_toyMC_100_225.log"> was submitted from host <ccw06> by user <jaeyoung> in cluster <centralcluster> at Fri Jul 26 23:43:43 2024
Job was executed on host(s) <ccb565>, in queue <s>, as user <jaeyoung> in cluster <centralcluster> at Sat Jul 27 00:18:24 2024
</home/belle2/jaeyoung> was used as the home directory.
</home/belle2/jaeyoung/workspace/DRAW_and_FITTING/main/FITTING/etapip/MC15ri_generic/tight_v2_fit_v6/ToyMC> was used as the working directory.
Started at Sat Jul 27 00:18:24 2024
Terminated at Sat Jul 27 00:50:52 2024
Results reported at Sat Jul 27 00:50:52 2024

Your job looked like:

------------------------------------------------------------
# LSBATCH: User input
bash -c "basf2 etapip_gg_fit_v6_toymc_100.py 225 > /home/belle2/jaeyoung/storage_ghi/Ntuples_ghi_2/MC15ri_generic/MC15ri_etaetapip_tight_v2_240419_Kp_BCS_etapi0const/bsub_log//MC15ri_etapip_gg_fitv6_toyMC_100_225.log"
------------------------------------------------------------

Successfully completed.

Resource usage summary:

    CPU time :                                   1891.61 sec.
    Max Memory :                                 894 MB
    Average Memory :                             640.53 MB
    Total Requested Memory :                     4000.00 MB
    Delta Memory :                               3106.00 MB
    Max Swap :                                   -
    Max Processes :                              19
    Max Threads :                                20
    Run time :                                   1949 sec.
    Turnaround time :                            4029 sec.

The output (if any) follows:



PS:

Read file <./bsub_log/225.err> for stderr output of this job.

Sender: LSF System <lsfadmin@ccb125>
Subject: Job 56133569: <bash -c "basf2 etapip_gg_fit_v6_toymc_100.py 225 > /home/belle2/jaeyoung/storage_ghi/Ntuples_ghi_2/MC15ri_generic/MC15ri_etaetapip_tight_v2_240419_Kp_BCS_etapi0const/bsub_log//MC15ri_etapip_gg_fitv6_toyMC_100_225.log"> in cluster <centralcluster> Done

Job <bash -c "basf2 etapip_gg_fit_v6_toymc_100.py 225 > /home/belle2/jaeyoung/storage_ghi/Ntuples_ghi_2/MC15ri_generic/MC15ri_etaetapip_tight_v2_240419_Kp_BCS_etapi0const/bsub_log//MC15ri_etapip_gg_fitv6_toyMC_100_225.log"> was submitted from host <ccw03> by user <jaeyoung> in cluster <centralcluster> at Sat Jul 27 01:13:09 2024
Job was executed on host(s) <ccb125>, in queue <s>, as user <jaeyoung> in cluster <centralcluster> at Sat Jul 27 03:04:20 2024
</home/belle2/jaeyoung> was used as the home directory.
</gpfs/home/belle2/jaeyoung/workspace/DRAW_and_FITTING/main/FITTING/etapip/MC15ri_generic/tight_v2_fit_v6/ToyMC> was used as the working directory.
Started at Sat Jul 27 03:04:20 2024
Terminated at Sat Jul 27 03:45:00 2024
Results reported at Sat Jul 27 03:45:00 2024

Your job looked like:

------------------------------------------------------------
# LSBATCH: User input
bash -c "basf2 etapip_gg_fit_v6_toymc_100.py 225 > /home/belle2/jaeyoung/storage_ghi/Ntuples_ghi_2/MC15ri_generic/MC15ri_etaetapip_tight_v2_240419_Kp_BCS_etapi0const/bsub_log//MC15ri_etapip_gg_fitv6_toyMC_100_225.log"
------------------------------------------------------------

Successfully completed.

Resource usage summary:

    CPU time :                                   2379.41 sec.
    Max Memory :                                 953 MB
    Average Memory :                             692.56 MB
    Total Requested Memory :                     4000.00 MB
    Delta Memory :                               3047.00 MB
    Max Swap :                                   -
    Max Processes :                              19
    Max Threads :                                20
    Run time :                                   2439 sec.
    Turnaround time :                            9111 sec.

The output (if any) follows:



PS:

Read file <./bsub_log/225.err> for stderr output of this job.

