Sender: LSF System <lsfadmin@ccb108>
Subject: Job 52359383: <bash -c "basf2 etapip_gg_fit_v6_toymc_100.py 226 > /home/belle2/jaeyoung/storage_ghi/Ntuples_ghi_2/MC15ri_generic/MC15ri_etaetapip_tight_v2_240419_Kp_BCS_etapi0const/bsub_log//MC15ri_etapip_gg_fitv6_toyMC_100_226.log"> in cluster <centralcluster> Done

Job <bash -c "basf2 etapip_gg_fit_v6_toymc_100.py 226 > /home/belle2/jaeyoung/storage_ghi/Ntuples_ghi_2/MC15ri_generic/MC15ri_etaetapip_tight_v2_240419_Kp_BCS_etapi0const/bsub_log//MC15ri_etapip_gg_fitv6_toyMC_100_226.log"> was submitted from host <ccw02> by user <jaeyoung> in cluster <centralcluster> at Sat Jul 20 14:39:21 2024
Job was executed on host(s) <ccb108>, in queue <s>, as user <jaeyoung> in cluster <centralcluster> at Sat Jul 20 14:42:14 2024
</home/belle2/jaeyoung> was used as the home directory.
</home/belle2/jaeyoung/workspace/DRAW_and_FITTING/main/FITTING/etapip/MC15ri_generic/tight_v2_fit_v6/ToyMC> was used as the working directory.
Started at Sat Jul 20 14:42:14 2024
Terminated at Sat Jul 20 15:28:58 2024
Results reported at Sat Jul 20 15:28:58 2024

Your job looked like:

------------------------------------------------------------
# LSBATCH: User input
bash -c "basf2 etapip_gg_fit_v6_toymc_100.py 226 > /home/belle2/jaeyoung/storage_ghi/Ntuples_ghi_2/MC15ri_generic/MC15ri_etaetapip_tight_v2_240419_Kp_BCS_etapi0const/bsub_log//MC15ri_etapip_gg_fitv6_toyMC_100_226.log"
------------------------------------------------------------

Successfully completed.

Resource usage summary:

    CPU time :                                   2790.91 sec.
    Max Memory :                                 1315 MB
    Average Memory :                             962.81 MB
    Total Requested Memory :                     4000.00 MB
    Delta Memory :                               2685.00 MB
    Max Swap :                                   -
    Max Processes :                              19
    Max Threads :                                20
    Run time :                                   2803 sec.
    Turnaround time :                            2977 sec.

The output (if any) follows:



PS:

Read file <./bsub_log/226.err> for stderr output of this job.

Sender: LSF System <lsfadmin@ccb032>
Subject: Job 53029871: <bash -c "basf2 etapip_gg_fit_v6_toymc_100.py 226 > /home/belle2/jaeyoung/storage_ghi/Ntuples_ghi_2/MC15ri_generic/MC15ri_etaetapip_tight_v2_240419_Kp_BCS_etapi0const/bsub_log//MC15ri_etapip_gg_fitv6_toyMC_100_226.log"> in cluster <centralcluster> Done

Job <bash -c "basf2 etapip_gg_fit_v6_toymc_100.py 226 > /home/belle2/jaeyoung/storage_ghi/Ntuples_ghi_2/MC15ri_generic/MC15ri_etaetapip_tight_v2_240419_Kp_BCS_etapi0const/bsub_log//MC15ri_etapip_gg_fitv6_toyMC_100_226.log"> was submitted from host <ccw03> by user <jaeyoung> in cluster <centralcluster> at Sun Jul 21 17:30:45 2024
Job was executed on host(s) <ccb032>, in queue <s>, as user <jaeyoung> in cluster <centralcluster> at Sun Jul 21 17:31:11 2024
</home/belle2/jaeyoung> was used as the home directory.
</home/belle2/jaeyoung/workspace/DRAW_and_FITTING/main/FITTING/etapip/MC15ri_generic/tight_v2_fit_v6/ToyMC> was used as the working directory.
Started at Sun Jul 21 17:31:11 2024
Terminated at Sun Jul 21 18:19:03 2024
Results reported at Sun Jul 21 18:19:03 2024

Your job looked like:

------------------------------------------------------------
# LSBATCH: User input
bash -c "basf2 etapip_gg_fit_v6_toymc_100.py 226 > /home/belle2/jaeyoung/storage_ghi/Ntuples_ghi_2/MC15ri_generic/MC15ri_etaetapip_tight_v2_240419_Kp_BCS_etapi0const/bsub_log//MC15ri_etapip_gg_fitv6_toyMC_100_226.log"
------------------------------------------------------------

Successfully completed.

Resource usage summary:

    CPU time :                                   2861.38 sec.
    Max Memory :                                 1311 MB
    Average Memory :                             927.89 MB
    Total Requested Memory :                     4000.00 MB
    Delta Memory :                               2689.00 MB
    Max Swap :                                   -
    Max Processes :                              19
    Max Threads :                                20
    Run time :                                   2873 sec.
    Turnaround time :                            2898 sec.

The output (if any) follows:



PS:

Read file <./bsub_log/226.err> for stderr output of this job.

Sender: LSF System <lsfadmin@ccb162>
Subject: Job 53202423: <bash -c "basf2 etapip_gg_fit_v6_toymc_100.py 226 > /home/belle2/jaeyoung/storage_ghi/Ntuples_ghi_2/MC15ri_generic/MC15ri_etaetapip_tight_v2_240419_Kp_BCS_etapi0const/bsub_log//MC15ri_etapip_gg_fitv6_toyMC_100_226.log"> in cluster <centralcluster> Exited

Job <bash -c "basf2 etapip_gg_fit_v6_toymc_100.py 226 > /home/belle2/jaeyoung/storage_ghi/Ntuples_ghi_2/MC15ri_generic/MC15ri_etaetapip_tight_v2_240419_Kp_BCS_etapi0const/bsub_log//MC15ri_etapip_gg_fitv6_toyMC_100_226.log"> was submitted from host <ccw03> by user <jaeyoung> in cluster <centralcluster> at Mon Jul 22 00:49:47 2024
Job was executed on host(s) <ccb162>, in queue <s>, as user <jaeyoung> in cluster <centralcluster> at Mon Jul 22 00:50:32 2024
</home/belle2/jaeyoung> was used as the home directory.
</home/belle2/jaeyoung/workspace/DRAW_and_FITTING/main/FITTING/etapip/MC15ri_generic/tight_v2_fit_v6/ToyMC> was used as the working directory.
Started at Mon Jul 22 00:50:32 2024
Terminated at Mon Jul 22 01:06:35 2024
Results reported at Mon Jul 22 01:06:35 2024

Your job looked like:

------------------------------------------------------------
# LSBATCH: User input
bash -c "basf2 etapip_gg_fit_v6_toymc_100.py 226 > /home/belle2/jaeyoung/storage_ghi/Ntuples_ghi_2/MC15ri_generic/MC15ri_etaetapip_tight_v2_240419_Kp_BCS_etapi0const/bsub_log//MC15ri_etapip_gg_fitv6_toyMC_100_226.log"
------------------------------------------------------------

Exited with exit code 1.

Resource usage summary:

    CPU time :                                   958.40 sec.
    Max Memory :                                 1253 MB
    Average Memory :                             1172.86 MB
    Total Requested Memory :                     4000.00 MB
    Delta Memory :                               2747.00 MB
    Max Swap :                                   -
    Max Processes :                              19
    Max Threads :                                20
    Run time :                                   963 sec.
    Turnaround time :                            1008 sec.

The output (if any) follows:



PS:

Read file <./bsub_log/226.err> for stderr output of this job.

Sender: LSF System <lsfadmin@ccb251>
Subject: Job 53406865: <bash -c "basf2 etapip_gg_fit_v6_toymc_100.py 226 > /home/belle2/jaeyoung/storage_ghi/Ntuples_ghi_2/MC15ri_generic/MC15ri_etaetapip_tight_v2_240419_Kp_BCS_etapi0const/bsub_log//MC15ri_etapip_gg_fitv6_toyMC_100_226.log"> in cluster <centralcluster> Done

Job <bash -c "basf2 etapip_gg_fit_v6_toymc_100.py 226 > /home/belle2/jaeyoung/storage_ghi/Ntuples_ghi_2/MC15ri_generic/MC15ri_etaetapip_tight_v2_240419_Kp_BCS_etapi0const/bsub_log//MC15ri_etapip_gg_fitv6_toyMC_100_226.log"> was submitted from host <ccw06> by user <jaeyoung> in cluster <centralcluster> at Mon Jul 22 10:48:40 2024
Job was executed on host(s) <ccb251>, in queue <s>, as user <jaeyoung> in cluster <centralcluster> at Mon Jul 22 10:48:55 2024
</home/belle2/jaeyoung> was used as the home directory.
</home/belle2/jaeyoung/workspace/DRAW_and_FITTING/main/FITTING/etapip/MC15ri_generic/tight_v2_fit_v6/ToyMC> was used as the working directory.
Started at Mon Jul 22 10:48:55 2024
Terminated at Mon Jul 22 11:34:21 2024
Results reported at Mon Jul 22 11:34:21 2024

Your job looked like:

------------------------------------------------------------
# LSBATCH: User input
bash -c "basf2 etapip_gg_fit_v6_toymc_100.py 226 > /home/belle2/jaeyoung/storage_ghi/Ntuples_ghi_2/MC15ri_generic/MC15ri_etaetapip_tight_v2_240419_Kp_BCS_etapi0const/bsub_log//MC15ri_etapip_gg_fitv6_toyMC_100_226.log"
------------------------------------------------------------

Successfully completed.

Resource usage summary:

    CPU time :                                   2710.71 sec.
    Max Memory :                                 1311 MB
    Average Memory :                             949.92 MB
    Total Requested Memory :                     4000.00 MB
    Delta Memory :                               2689.00 MB
    Max Swap :                                   -
    Max Processes :                              19
    Max Threads :                                20
    Run time :                                   2725 sec.
    Turnaround time :                            2741 sec.

The output (if any) follows:



PS:

Read file <./bsub_log/226.err> for stderr output of this job.

Sender: LSF System <lsfadmin@ccb563>
Subject: Job 53598929: <bash -c "basf2 etapip_gg_fit_v6_toymc_100.py 226 > /home/belle2/jaeyoung/storage_ghi/Ntuples_ghi_2/MC15ri_generic/MC15ri_etaetapip_tight_v2_240419_Kp_BCS_etapi0const/bsub_log//MC15ri_etapip_gg_fitv6_toyMC_100_226.log"> in cluster <centralcluster> Done

Job <bash -c "basf2 etapip_gg_fit_v6_toymc_100.py 226 > /home/belle2/jaeyoung/storage_ghi/Ntuples_ghi_2/MC15ri_generic/MC15ri_etaetapip_tight_v2_240419_Kp_BCS_etapi0const/bsub_log//MC15ri_etapip_gg_fitv6_toyMC_100_226.log"> was submitted from host <ccw03> by user <jaeyoung> in cluster <centralcluster> at Mon Jul 22 18:34:48 2024
Job was executed on host(s) <ccb563>, in queue <s>, as user <jaeyoung> in cluster <centralcluster> at Mon Jul 22 18:35:56 2024
</home/belle2/jaeyoung> was used as the home directory.
</home/belle2/jaeyoung/workspace/DRAW_and_FITTING/main/FITTING/etapip/MC15ri_generic/tight_v2_fit_v6/ToyMC> was used as the working directory.
Started at Mon Jul 22 18:35:56 2024
Terminated at Mon Jul 22 19:22:54 2024
Results reported at Mon Jul 22 19:22:54 2024

Your job looked like:

------------------------------------------------------------
# LSBATCH: User input
bash -c "basf2 etapip_gg_fit_v6_toymc_100.py 226 > /home/belle2/jaeyoung/storage_ghi/Ntuples_ghi_2/MC15ri_generic/MC15ri_etaetapip_tight_v2_240419_Kp_BCS_etapi0const/bsub_log//MC15ri_etapip_gg_fitv6_toyMC_100_226.log"
------------------------------------------------------------

Successfully completed.

Resource usage summary:

    CPU time :                                   2800.30 sec.
    Max Memory :                                 1313 MB
    Average Memory :                             960.84 MB
    Total Requested Memory :                     4000.00 MB
    Delta Memory :                               2687.00 MB
    Max Swap :                                   6 MB
    Max Processes :                              19
    Max Threads :                                20
    Run time :                                   2819 sec.
    Turnaround time :                            2886 sec.

The output (if any) follows:



PS:

Read file <./bsub_log/226.err> for stderr output of this job.

Sender: LSF System <lsfadmin@ccb083>
Subject: Job 53832111: <bash -c "basf2 etapip_gg_fit_v6_toymc_100.py 226 > /home/belle2/jaeyoung/storage_ghi/Ntuples_ghi_2/MC15ri_generic/MC15ri_etaetapip_tight_v2_240419_Kp_BCS_etapi0const/bsub_log//MC15ri_etapip_gg_fitv6_toyMC_100_226.log"> in cluster <centralcluster> Done

Job <bash -c "basf2 etapip_gg_fit_v6_toymc_100.py 226 > /home/belle2/jaeyoung/storage_ghi/Ntuples_ghi_2/MC15ri_generic/MC15ri_etaetapip_tight_v2_240419_Kp_BCS_etapi0const/bsub_log//MC15ri_etapip_gg_fitv6_toyMC_100_226.log"> was submitted from host <ccw05> by user <jaeyoung> in cluster <centralcluster> at Tue Jul 23 00:49:35 2024
Job was executed on host(s) <ccb083>, in queue <s>, as user <jaeyoung> in cluster <centralcluster> at Tue Jul 23 00:49:53 2024
</home/belle2/jaeyoung> was used as the home directory.
</home/belle2/jaeyoung/workspace/DRAW_and_FITTING/main/FITTING/etapip/MC15ri_generic/tight_v2_fit_v6/ToyMC> was used as the working directory.
Started at Tue Jul 23 00:49:53 2024
Terminated at Tue Jul 23 01:35:26 2024
Results reported at Tue Jul 23 01:35:26 2024

Your job looked like:

------------------------------------------------------------
# LSBATCH: User input
bash -c "basf2 etapip_gg_fit_v6_toymc_100.py 226 > /home/belle2/jaeyoung/storage_ghi/Ntuples_ghi_2/MC15ri_generic/MC15ri_etaetapip_tight_v2_240419_Kp_BCS_etapi0const/bsub_log//MC15ri_etapip_gg_fitv6_toyMC_100_226.log"
------------------------------------------------------------

Successfully completed.

Resource usage summary:

    CPU time :                                   2721.23 sec.
    Max Memory :                                 1311 MB
    Average Memory :                             956.23 MB
    Total Requested Memory :                     4000.00 MB
    Delta Memory :                               2689.00 MB
    Max Swap :                                   -
    Max Processes :                              19
    Max Threads :                                20
    Run time :                                   2734 sec.
    Turnaround time :                            2751 sec.

The output (if any) follows:



PS:

Read file <./bsub_log/226.err> for stderr output of this job.

Sender: LSF System <lsfadmin@ccb169>
Subject: Job 54397558: <bash -c "basf2 etapip_gg_fit_v6_toymc_100.py 226 > /home/belle2/jaeyoung/storage_ghi/Ntuples_ghi_2/MC15ri_generic/MC15ri_etaetapip_tight_v2_240419_Kp_BCS_etapi0const/bsub_log//MC15ri_etapip_gg_fitv6_toyMC_100_226.log"> in cluster <centralcluster> Done

Job <bash -c "basf2 etapip_gg_fit_v6_toymc_100.py 226 > /home/belle2/jaeyoung/storage_ghi/Ntuples_ghi_2/MC15ri_generic/MC15ri_etaetapip_tight_v2_240419_Kp_BCS_etapi0const/bsub_log//MC15ri_etapip_gg_fitv6_toyMC_100_226.log"> was submitted from host <ccw04> by user <jaeyoung> in cluster <centralcluster> at Tue Jul 23 17:58:54 2024
Job was executed on host(s) <ccb169>, in queue <s>, as user <jaeyoung> in cluster <centralcluster> at Tue Jul 23 18:24:47 2024
</home/belle2/jaeyoung> was used as the home directory.
</home/belle2/jaeyoung/workspace/DRAW_and_FITTING/main/FITTING/etapip/MC15ri_generic/tight_v2_fit_v6/ToyMC> was used as the working directory.
Started at Tue Jul 23 18:24:47 2024
Terminated at Tue Jul 23 19:11:04 2024
Results reported at Tue Jul 23 19:11:04 2024

Your job looked like:

------------------------------------------------------------
# LSBATCH: User input
bash -c "basf2 etapip_gg_fit_v6_toymc_100.py 226 > /home/belle2/jaeyoung/storage_ghi/Ntuples_ghi_2/MC15ri_generic/MC15ri_etaetapip_tight_v2_240419_Kp_BCS_etapi0const/bsub_log//MC15ri_etapip_gg_fitv6_toyMC_100_226.log"
------------------------------------------------------------

Successfully completed.

Resource usage summary:

    CPU time :                                   2753.79 sec.
    Max Memory :                                 1313 MB
    Average Memory :                             948.96 MB
    Total Requested Memory :                     4000.00 MB
    Delta Memory :                               2687.00 MB
    Max Swap :                                   -
    Max Processes :                              19
    Max Threads :                                20
    Run time :                                   2778 sec.
    Turnaround time :                            4330 sec.

The output (if any) follows:



PS:

Read file <./bsub_log/226.err> for stderr output of this job.

Sender: LSF System <lsfadmin@ccb277>
Subject: Job 54470124: <bash -c "basf2 etapip_gg_fit_v6_toymc_100.py 226 > /home/belle2/jaeyoung/storage_ghi/Ntuples_ghi_2/MC15ri_generic/MC15ri_etaetapip_tight_v2_240419_Kp_BCS_etapi0const/bsub_log//MC15ri_etapip_gg_fitv6_toyMC_100_226.log"> in cluster <centralcluster> Done

Job <bash -c "basf2 etapip_gg_fit_v6_toymc_100.py 226 > /home/belle2/jaeyoung/storage_ghi/Ntuples_ghi_2/MC15ri_generic/MC15ri_etaetapip_tight_v2_240419_Kp_BCS_etapi0const/bsub_log//MC15ri_etapip_gg_fitv6_toyMC_100_226.log"> was submitted from host <ccw03> by user <jaeyoung> in cluster <centralcluster> at Tue Jul 23 19:37:46 2024
Job was executed on host(s) <ccb277>, in queue <s>, as user <jaeyoung> in cluster <centralcluster> at Tue Jul 23 19:37:46 2024
</home/belle2/jaeyoung> was used as the home directory.
</home/belle2/jaeyoung/workspace/DRAW_and_FITTING/main/FITTING/etapip/MC15ri_generic/tight_v2_fit_v6/ToyMC> was used as the working directory.
Started at Tue Jul 23 19:37:46 2024
Terminated at Tue Jul 23 20:24:05 2024
Results reported at Tue Jul 23 20:24:05 2024

Your job looked like:

------------------------------------------------------------
# LSBATCH: User input
bash -c "basf2 etapip_gg_fit_v6_toymc_100.py 226 > /home/belle2/jaeyoung/storage_ghi/Ntuples_ghi_2/MC15ri_generic/MC15ri_etaetapip_tight_v2_240419_Kp_BCS_etapi0const/bsub_log//MC15ri_etapip_gg_fitv6_toyMC_100_226.log"
------------------------------------------------------------

Successfully completed.

Resource usage summary:

    CPU time :                                   2754.76 sec.
    Max Memory :                                 1312 MB
    Average Memory :                             954.39 MB
    Total Requested Memory :                     4000.00 MB
    Delta Memory :                               2688.00 MB
    Max Swap :                                   -
    Max Processes :                              19
    Max Threads :                                20
    Run time :                                   2780 sec.
    Turnaround time :                            2779 sec.

The output (if any) follows:



PS:

Read file <./bsub_log/226.err> for stderr output of this job.

Sender: LSF System <lsfadmin@ccb196>
Subject: Job 55515710: <bash -c "basf2 etapip_gg_fit_v6_toymc_100.py 226 > /home/belle2/jaeyoung/storage_ghi/Ntuples_ghi_2/MC15ri_generic/MC15ri_etaetapip_tight_v2_240419_Kp_BCS_etapi0const/bsub_log//MC15ri_etapip_gg_fitv6_toyMC_100_226.log"> in cluster <centralcluster> Done

Job <bash -c "basf2 etapip_gg_fit_v6_toymc_100.py 226 > /home/belle2/jaeyoung/storage_ghi/Ntuples_ghi_2/MC15ri_generic/MC15ri_etaetapip_tight_v2_240419_Kp_BCS_etapi0const/bsub_log//MC15ri_etapip_gg_fitv6_toyMC_100_226.log"> was submitted from host <ccw01> by user <jaeyoung> in cluster <centralcluster> at Thu Jul 25 20:50:41 2024
Job was executed on host(s) <ccb196>, in queue <s>, as user <jaeyoung> in cluster <centralcluster> at Thu Jul 25 20:50:42 2024
</home/belle2/jaeyoung> was used as the home directory.
</gpfs/home/belle2/jaeyoung/workspace/DRAW_and_FITTING/main/FITTING/etapip/MC15ri_generic/tight_v2_fit_v6/ToyMC> was used as the working directory.
Started at Thu Jul 25 20:50:42 2024
Terminated at Thu Jul 25 21:38:21 2024
Results reported at Thu Jul 25 21:38:21 2024

Your job looked like:

------------------------------------------------------------
# LSBATCH: User input
bash -c "basf2 etapip_gg_fit_v6_toymc_100.py 226 > /home/belle2/jaeyoung/storage_ghi/Ntuples_ghi_2/MC15ri_generic/MC15ri_etaetapip_tight_v2_240419_Kp_BCS_etapi0const/bsub_log//MC15ri_etapip_gg_fitv6_toyMC_100_226.log"
------------------------------------------------------------

Successfully completed.

Resource usage summary:

    CPU time :                                   2797.37 sec.
    Max Memory :                                 1383 MB
    Average Memory :                             1041.63 MB
    Total Requested Memory :                     4000.00 MB
    Delta Memory :                               2617.00 MB
    Max Swap :                                   -
    Max Processes :                              19
    Max Threads :                                20
    Run time :                                   2858 sec.
    Turnaround time :                            2860 sec.

The output (if any) follows:



PS:

Read file <./bsub_log/226.err> for stderr output of this job.

Sender: LSF System <lsfadmin@ccb523>
Subject: Job 56103126: <bash -c "basf2 etapip_gg_fit_v6_toymc_100.py 226 > /home/belle2/jaeyoung/storage_ghi/Ntuples_ghi_2/MC15ri_generic/MC15ri_etaetapip_tight_v2_240419_Kp_BCS_etapi0const/bsub_log//MC15ri_etapip_gg_fitv6_toyMC_100_226.log"> in cluster <centralcluster> Done

Job <bash -c "basf2 etapip_gg_fit_v6_toymc_100.py 226 > /home/belle2/jaeyoung/storage_ghi/Ntuples_ghi_2/MC15ri_generic/MC15ri_etaetapip_tight_v2_240419_Kp_BCS_etapi0const/bsub_log//MC15ri_etapip_gg_fitv6_toyMC_100_226.log"> was submitted from host <ccw06> by user <jaeyoung> in cluster <centralcluster> at Fri Jul 26 23:43:43 2024
Job was executed on host(s) <ccb523>, in queue <s>, as user <jaeyoung> in cluster <centralcluster> at Sat Jul 27 00:18:24 2024
</home/belle2/jaeyoung> was used as the home directory.
</home/belle2/jaeyoung/workspace/DRAW_and_FITTING/main/FITTING/etapip/MC15ri_generic/tight_v2_fit_v6/ToyMC> was used as the working directory.
Started at Sat Jul 27 00:18:24 2024
Terminated at Sat Jul 27 00:53:12 2024
Results reported at Sat Jul 27 00:53:12 2024

Your job looked like:

------------------------------------------------------------
# LSBATCH: User input
bash -c "basf2 etapip_gg_fit_v6_toymc_100.py 226 > /home/belle2/jaeyoung/storage_ghi/Ntuples_ghi_2/MC15ri_generic/MC15ri_etaetapip_tight_v2_240419_Kp_BCS_etapi0const/bsub_log//MC15ri_etapip_gg_fitv6_toyMC_100_226.log"
------------------------------------------------------------

Successfully completed.

Resource usage summary:

    CPU time :                                   1977.74 sec.
    Max Memory :                                 952 MB
    Average Memory :                             673.09 MB
    Total Requested Memory :                     4000.00 MB
    Delta Memory :                               3048.00 MB
    Max Swap :                                   -
    Max Processes :                              19
    Max Threads :                                20
    Run time :                                   2089 sec.
    Turnaround time :                            4169 sec.

The output (if any) follows:



PS:

Read file <./bsub_log/226.err> for stderr output of this job.

Sender: LSF System <lsfadmin@ccb212>
Subject: Job 56133571: <bash -c "basf2 etapip_gg_fit_v6_toymc_100.py 226 > /home/belle2/jaeyoung/storage_ghi/Ntuples_ghi_2/MC15ri_generic/MC15ri_etaetapip_tight_v2_240419_Kp_BCS_etapi0const/bsub_log//MC15ri_etapip_gg_fitv6_toyMC_100_226.log"> in cluster <centralcluster> Done

Job <bash -c "basf2 etapip_gg_fit_v6_toymc_100.py 226 > /home/belle2/jaeyoung/storage_ghi/Ntuples_ghi_2/MC15ri_generic/MC15ri_etaetapip_tight_v2_240419_Kp_BCS_etapi0const/bsub_log//MC15ri_etapip_gg_fitv6_toyMC_100_226.log"> was submitted from host <ccw03> by user <jaeyoung> in cluster <centralcluster> at Sat Jul 27 01:13:09 2024
Job was executed on host(s) <ccb212>, in queue <s>, as user <jaeyoung> in cluster <centralcluster> at Sat Jul 27 03:04:23 2024
</home/belle2/jaeyoung> was used as the home directory.
</gpfs/home/belle2/jaeyoung/workspace/DRAW_and_FITTING/main/FITTING/etapip/MC15ri_generic/tight_v2_fit_v6/ToyMC> was used as the working directory.
Started at Sat Jul 27 03:04:23 2024
Terminated at Sat Jul 27 03:43:39 2024
Results reported at Sat Jul 27 03:43:39 2024

Your job looked like:

------------------------------------------------------------
# LSBATCH: User input
bash -c "basf2 etapip_gg_fit_v6_toymc_100.py 226 > /home/belle2/jaeyoung/storage_ghi/Ntuples_ghi_2/MC15ri_generic/MC15ri_etaetapip_tight_v2_240419_Kp_BCS_etapi0const/bsub_log//MC15ri_etapip_gg_fitv6_toyMC_100_226.log"
------------------------------------------------------------

Successfully completed.

Resource usage summary:

    CPU time :                                   2312.27 sec.
    Max Memory :                                 897 MB
    Average Memory :                             658.91 MB
    Total Requested Memory :                     4000.00 MB
    Delta Memory :                               3103.00 MB
    Max Swap :                                   -
    Max Processes :                              19
    Max Threads :                                20
    Run time :                                   2356 sec.
    Turnaround time :                            9030 sec.

The output (if any) follows:



PS:

Read file <./bsub_log/226.err> for stderr output of this job.

