Sender: LSF System <lsfadmin@ccb053>
Subject: Job 52359401: <bash -c "basf2 etapip_gg_fit_v6_toymc_100.py 230 > /home/belle2/jaeyoung/storage_ghi/Ntuples_ghi_2/MC15ri_generic/MC15ri_etaetapip_tight_v2_240419_Kp_BCS_etapi0const/bsub_log//MC15ri_etapip_gg_fitv6_toyMC_100_230.log"> in cluster <centralcluster> Done

Job <bash -c "basf2 etapip_gg_fit_v6_toymc_100.py 230 > /home/belle2/jaeyoung/storage_ghi/Ntuples_ghi_2/MC15ri_generic/MC15ri_etaetapip_tight_v2_240419_Kp_BCS_etapi0const/bsub_log//MC15ri_etapip_gg_fitv6_toyMC_100_230.log"> was submitted from host <ccw02> by user <jaeyoung> in cluster <centralcluster> at Sat Jul 20 14:39:23 2024
Job was executed on host(s) <ccb053>, in queue <s>, as user <jaeyoung> in cluster <centralcluster> at Sat Jul 20 14:42:14 2024
</home/belle2/jaeyoung> was used as the home directory.
</home/belle2/jaeyoung/workspace/DRAW_and_FITTING/main/FITTING/etapip/MC15ri_generic/tight_v2_fit_v6/ToyMC> was used as the working directory.
Started at Sat Jul 20 14:42:14 2024
Terminated at Sat Jul 20 15:31:09 2024
Results reported at Sat Jul 20 15:31:09 2024

Your job looked like:

------------------------------------------------------------
# LSBATCH: User input
bash -c "basf2 etapip_gg_fit_v6_toymc_100.py 230 > /home/belle2/jaeyoung/storage_ghi/Ntuples_ghi_2/MC15ri_generic/MC15ri_etaetapip_tight_v2_240419_Kp_BCS_etapi0const/bsub_log//MC15ri_etapip_gg_fitv6_toyMC_100_230.log"
------------------------------------------------------------

Successfully completed.

Resource usage summary:

    CPU time :                                   2919.94 sec.
    Max Memory :                                 1311 MB
    Average Memory :                             929.55 MB
    Total Requested Memory :                     4000.00 MB
    Delta Memory :                               2689.00 MB
    Max Swap :                                   -
    Max Processes :                              19
    Max Threads :                                20
    Run time :                                   2935 sec.
    Turnaround time :                            3106 sec.

The output (if any) follows:



PS:

Read file <./bsub_log/230.err> for stderr output of this job.

Sender: LSF System <lsfadmin@ccb112>
Subject: Job 53029887: <bash -c "basf2 etapip_gg_fit_v6_toymc_100.py 230 > /home/belle2/jaeyoung/storage_ghi/Ntuples_ghi_2/MC15ri_generic/MC15ri_etaetapip_tight_v2_240419_Kp_BCS_etapi0const/bsub_log//MC15ri_etapip_gg_fitv6_toyMC_100_230.log"> in cluster <centralcluster> Done

Job <bash -c "basf2 etapip_gg_fit_v6_toymc_100.py 230 > /home/belle2/jaeyoung/storage_ghi/Ntuples_ghi_2/MC15ri_generic/MC15ri_etaetapip_tight_v2_240419_Kp_BCS_etapi0const/bsub_log//MC15ri_etapip_gg_fitv6_toyMC_100_230.log"> was submitted from host <ccw03> by user <jaeyoung> in cluster <centralcluster> at Sun Jul 21 17:30:46 2024
Job was executed on host(s) <ccb112>, in queue <s>, as user <jaeyoung> in cluster <centralcluster> at Sun Jul 21 17:31:12 2024
</home/belle2/jaeyoung> was used as the home directory.
</home/belle2/jaeyoung/workspace/DRAW_and_FITTING/main/FITTING/etapip/MC15ri_generic/tight_v2_fit_v6/ToyMC> was used as the working directory.
Started at Sun Jul 21 17:31:12 2024
Terminated at Sun Jul 21 18:20:20 2024
Results reported at Sun Jul 21 18:20:20 2024

Your job looked like:

------------------------------------------------------------
# LSBATCH: User input
bash -c "basf2 etapip_gg_fit_v6_toymc_100.py 230 > /home/belle2/jaeyoung/storage_ghi/Ntuples_ghi_2/MC15ri_generic/MC15ri_etaetapip_tight_v2_240419_Kp_BCS_etapi0const/bsub_log//MC15ri_etapip_gg_fitv6_toyMC_100_230.log"
------------------------------------------------------------

Successfully completed.

Resource usage summary:

    CPU time :                                   2888.75 sec.
    Max Memory :                                 1311 MB
    Average Memory :                             925.66 MB
    Total Requested Memory :                     4000.00 MB
    Delta Memory :                               2689.00 MB
    Max Swap :                                   -
    Max Processes :                              19
    Max Threads :                                20
    Run time :                                   2948 sec.
    Turnaround time :                            2974 sec.

The output (if any) follows:



PS:

Read file <./bsub_log/230.err> for stderr output of this job.

Sender: LSF System <lsfadmin@ccb531>
Subject: Job 53202432: <bash -c "basf2 etapip_gg_fit_v6_toymc_100.py 230 > /home/belle2/jaeyoung/storage_ghi/Ntuples_ghi_2/MC15ri_generic/MC15ri_etaetapip_tight_v2_240419_Kp_BCS_etapi0const/bsub_log//MC15ri_etapip_gg_fitv6_toyMC_100_230.log"> in cluster <centralcluster> Exited

Job <bash -c "basf2 etapip_gg_fit_v6_toymc_100.py 230 > /home/belle2/jaeyoung/storage_ghi/Ntuples_ghi_2/MC15ri_generic/MC15ri_etaetapip_tight_v2_240419_Kp_BCS_etapi0const/bsub_log//MC15ri_etapip_gg_fitv6_toyMC_100_230.log"> was submitted from host <ccw03> by user <jaeyoung> in cluster <centralcluster> at Mon Jul 22 00:49:49 2024
Job was executed on host(s) <ccb531>, in queue <s>, as user <jaeyoung> in cluster <centralcluster> at Mon Jul 22 00:50:35 2024
</home/belle2/jaeyoung> was used as the home directory.
</home/belle2/jaeyoung/workspace/DRAW_and_FITTING/main/FITTING/etapip/MC15ri_generic/tight_v2_fit_v6/ToyMC> was used as the working directory.
Started at Mon Jul 22 00:50:35 2024
Terminated at Mon Jul 22 01:07:49 2024
Results reported at Mon Jul 22 01:07:49 2024

Your job looked like:

------------------------------------------------------------
# LSBATCH: User input
bash -c "basf2 etapip_gg_fit_v6_toymc_100.py 230 > /home/belle2/jaeyoung/storage_ghi/Ntuples_ghi_2/MC15ri_generic/MC15ri_etaetapip_tight_v2_240419_Kp_BCS_etapi0const/bsub_log//MC15ri_etapip_gg_fitv6_toyMC_100_230.log"
------------------------------------------------------------

Exited with exit code 1.

Resource usage summary:

    CPU time :                                   1016.28 sec.
    Max Memory :                                 1252 MB
    Average Memory :                             1165.36 MB
    Total Requested Memory :                     4000.00 MB
    Delta Memory :                               2748.00 MB
    Max Swap :                                   -
    Max Processes :                              19
    Max Threads :                                20
    Run time :                                   1035 sec.
    Turnaround time :                            1080 sec.

The output (if any) follows:



PS:

Read file <./bsub_log/230.err> for stderr output of this job.

Sender: LSF System <lsfadmin@ccb132>
Subject: Job 53406873: <bash -c "basf2 etapip_gg_fit_v6_toymc_100.py 230 > /home/belle2/jaeyoung/storage_ghi/Ntuples_ghi_2/MC15ri_generic/MC15ri_etaetapip_tight_v2_240419_Kp_BCS_etapi0const/bsub_log//MC15ri_etapip_gg_fitv6_toyMC_100_230.log"> in cluster <centralcluster> Done

Job <bash -c "basf2 etapip_gg_fit_v6_toymc_100.py 230 > /home/belle2/jaeyoung/storage_ghi/Ntuples_ghi_2/MC15ri_generic/MC15ri_etaetapip_tight_v2_240419_Kp_BCS_etapi0const/bsub_log//MC15ri_etapip_gg_fitv6_toyMC_100_230.log"> was submitted from host <ccw06> by user <jaeyoung> in cluster <centralcluster> at Mon Jul 22 10:48:41 2024
Job was executed on host(s) <ccb132>, in queue <s>, as user <jaeyoung> in cluster <centralcluster> at Mon Jul 22 10:48:56 2024
</home/belle2/jaeyoung> was used as the home directory.
</home/belle2/jaeyoung/workspace/DRAW_and_FITTING/main/FITTING/etapip/MC15ri_generic/tight_v2_fit_v6/ToyMC> was used as the working directory.
Started at Mon Jul 22 10:48:56 2024
Terminated at Mon Jul 22 11:35:12 2024
Results reported at Mon Jul 22 11:35:12 2024

Your job looked like:

------------------------------------------------------------
# LSBATCH: User input
bash -c "basf2 etapip_gg_fit_v6_toymc_100.py 230 > /home/belle2/jaeyoung/storage_ghi/Ntuples_ghi_2/MC15ri_generic/MC15ri_etaetapip_tight_v2_240419_Kp_BCS_etapi0const/bsub_log//MC15ri_etapip_gg_fitv6_toyMC_100_230.log"
------------------------------------------------------------

Successfully completed.

Resource usage summary:

    CPU time :                                   2759.90 sec.
    Max Memory :                                 1311 MB
    Average Memory :                             939.85 MB
    Total Requested Memory :                     4000.00 MB
    Delta Memory :                               2689.00 MB
    Max Swap :                                   -
    Max Processes :                              19
    Max Threads :                                20
    Run time :                                   2775 sec.
    Turnaround time :                            2791 sec.

The output (if any) follows:



PS:

Read file <./bsub_log/230.err> for stderr output of this job.

Sender: LSF System <lsfadmin@ccb162>
Subject: Job 53598943: <bash -c "basf2 etapip_gg_fit_v6_toymc_100.py 230 > /home/belle2/jaeyoung/storage_ghi/Ntuples_ghi_2/MC15ri_generic/MC15ri_etaetapip_tight_v2_240419_Kp_BCS_etapi0const/bsub_log//MC15ri_etapip_gg_fitv6_toyMC_100_230.log"> in cluster <centralcluster> Done

Job <bash -c "basf2 etapip_gg_fit_v6_toymc_100.py 230 > /home/belle2/jaeyoung/storage_ghi/Ntuples_ghi_2/MC15ri_generic/MC15ri_etaetapip_tight_v2_240419_Kp_BCS_etapi0const/bsub_log//MC15ri_etapip_gg_fitv6_toyMC_100_230.log"> was submitted from host <ccw03> by user <jaeyoung> in cluster <centralcluster> at Mon Jul 22 18:34:49 2024
Job was executed on host(s) <ccb162>, in queue <s>, as user <jaeyoung> in cluster <centralcluster> at Mon Jul 22 18:35:57 2024
</home/belle2/jaeyoung> was used as the home directory.
</home/belle2/jaeyoung/workspace/DRAW_and_FITTING/main/FITTING/etapip/MC15ri_generic/tight_v2_fit_v6/ToyMC> was used as the working directory.
Started at Mon Jul 22 18:35:57 2024
Terminated at Mon Jul 22 19:22:06 2024
Results reported at Mon Jul 22 19:22:06 2024

Your job looked like:

------------------------------------------------------------
# LSBATCH: User input
bash -c "basf2 etapip_gg_fit_v6_toymc_100.py 230 > /home/belle2/jaeyoung/storage_ghi/Ntuples_ghi_2/MC15ri_generic/MC15ri_etaetapip_tight_v2_240419_Kp_BCS_etapi0const/bsub_log//MC15ri_etapip_gg_fitv6_toyMC_100_230.log"
------------------------------------------------------------

Successfully completed.

Resource usage summary:

    CPU time :                                   2750.12 sec.
    Max Memory :                                 1311 MB
    Average Memory :                             948.24 MB
    Total Requested Memory :                     4000.00 MB
    Delta Memory :                               2689.00 MB
    Max Swap :                                   -
    Max Processes :                              19
    Max Threads :                                20
    Run time :                                   2770 sec.
    Turnaround time :                            2837 sec.

The output (if any) follows:



PS:

Read file <./bsub_log/230.err> for stderr output of this job.

Sender: LSF System <lsfadmin@ccb160>
Subject: Job 53832128: <bash -c "basf2 etapip_gg_fit_v6_toymc_100.py 230 > /home/belle2/jaeyoung/storage_ghi/Ntuples_ghi_2/MC15ri_generic/MC15ri_etaetapip_tight_v2_240419_Kp_BCS_etapi0const/bsub_log//MC15ri_etapip_gg_fitv6_toyMC_100_230.log"> in cluster <centralcluster> Done

Job <bash -c "basf2 etapip_gg_fit_v6_toymc_100.py 230 > /home/belle2/jaeyoung/storage_ghi/Ntuples_ghi_2/MC15ri_generic/MC15ri_etaetapip_tight_v2_240419_Kp_BCS_etapi0const/bsub_log//MC15ri_etapip_gg_fitv6_toyMC_100_230.log"> was submitted from host <ccw05> by user <jaeyoung> in cluster <centralcluster> at Tue Jul 23 00:49:37 2024
Job was executed on host(s) <ccb160>, in queue <s>, as user <jaeyoung> in cluster <centralcluster> at Tue Jul 23 00:49:53 2024
</home/belle2/jaeyoung> was used as the home directory.
</home/belle2/jaeyoung/workspace/DRAW_and_FITTING/main/FITTING/etapip/MC15ri_generic/tight_v2_fit_v6/ToyMC> was used as the working directory.
Started at Tue Jul 23 00:49:53 2024
Terminated at Tue Jul 23 01:37:05 2024
Results reported at Tue Jul 23 01:37:05 2024

Your job looked like:

------------------------------------------------------------
# LSBATCH: User input
bash -c "basf2 etapip_gg_fit_v6_toymc_100.py 230 > /home/belle2/jaeyoung/storage_ghi/Ntuples_ghi_2/MC15ri_generic/MC15ri_etaetapip_tight_v2_240419_Kp_BCS_etapi0const/bsub_log//MC15ri_etapip_gg_fitv6_toyMC_100_230.log"
------------------------------------------------------------

Successfully completed.

Resource usage summary:

    CPU time :                                   2817.24 sec.
    Max Memory :                                 1314 MB
    Average Memory :                             960.07 MB
    Total Requested Memory :                     4000.00 MB
    Delta Memory :                               2686.00 MB
    Max Swap :                                   -
    Max Processes :                              19
    Max Threads :                                20
    Run time :                                   2832 sec.
    Turnaround time :                            2848 sec.

The output (if any) follows:



PS:

Read file <./bsub_log/230.err> for stderr output of this job.

Sender: LSF System <lsfadmin@ccb522>
Subject: Job 54397580: <bash -c "basf2 etapip_gg_fit_v6_toymc_100.py 230 > /home/belle2/jaeyoung/storage_ghi/Ntuples_ghi_2/MC15ri_generic/MC15ri_etaetapip_tight_v2_240419_Kp_BCS_etapi0const/bsub_log//MC15ri_etapip_gg_fitv6_toyMC_100_230.log"> in cluster <centralcluster> Done

Job <bash -c "basf2 etapip_gg_fit_v6_toymc_100.py 230 > /home/belle2/jaeyoung/storage_ghi/Ntuples_ghi_2/MC15ri_generic/MC15ri_etaetapip_tight_v2_240419_Kp_BCS_etapi0const/bsub_log//MC15ri_etapip_gg_fitv6_toyMC_100_230.log"> was submitted from host <ccw04> by user <jaeyoung> in cluster <centralcluster> at Tue Jul 23 17:58:55 2024
Job was executed on host(s) <ccb522>, in queue <s>, as user <jaeyoung> in cluster <centralcluster> at Tue Jul 23 18:24:49 2024
</home/belle2/jaeyoung> was used as the home directory.
</home/belle2/jaeyoung/workspace/DRAW_and_FITTING/main/FITTING/etapip/MC15ri_generic/tight_v2_fit_v6/ToyMC> was used as the working directory.
Started at Tue Jul 23 18:24:49 2024
Terminated at Tue Jul 23 19:11:46 2024
Results reported at Tue Jul 23 19:11:46 2024

Your job looked like:

------------------------------------------------------------
# LSBATCH: User input
bash -c "basf2 etapip_gg_fit_v6_toymc_100.py 230 > /home/belle2/jaeyoung/storage_ghi/Ntuples_ghi_2/MC15ri_generic/MC15ri_etaetapip_tight_v2_240419_Kp_BCS_etapi0const/bsub_log//MC15ri_etapip_gg_fitv6_toyMC_100_230.log"
------------------------------------------------------------

Successfully completed.

Resource usage summary:

    CPU time :                                   2797.98 sec.
    Max Memory :                                 1312 MB
    Average Memory :                             933.66 MB
    Total Requested Memory :                     4000.00 MB
    Delta Memory :                               2688.00 MB
    Max Swap :                                   -
    Max Processes :                              19
    Max Threads :                                20
    Run time :                                   2818 sec.
    Turnaround time :                            4371 sec.

The output (if any) follows:



PS:

Read file <./bsub_log/230.err> for stderr output of this job.

