Sender: LSF System <lsfadmin@ccb216>
Subject: Job 52359419: <bash -c "basf2 etapip_gg_fit_v6_toymc_100.py 236 > /home/belle2/jaeyoung/storage_ghi/Ntuples_ghi_2/MC15ri_generic/MC15ri_etaetapip_tight_v2_240419_Kp_BCS_etapi0const/bsub_log//MC15ri_etapip_gg_fitv6_toyMC_100_236.log"> in cluster <centralcluster> Done

Job <bash -c "basf2 etapip_gg_fit_v6_toymc_100.py 236 > /home/belle2/jaeyoung/storage_ghi/Ntuples_ghi_2/MC15ri_generic/MC15ri_etaetapip_tight_v2_240419_Kp_BCS_etapi0const/bsub_log//MC15ri_etapip_gg_fitv6_toyMC_100_236.log"> was submitted from host <ccw02> by user <jaeyoung> in cluster <centralcluster> at Sat Jul 20 14:39:24 2024
Job was executed on host(s) <ccb216>, in queue <s>, as user <jaeyoung> in cluster <centralcluster> at Sat Jul 20 14:42:17 2024
</home/belle2/jaeyoung> was used as the home directory.
</home/belle2/jaeyoung/workspace/DRAW_and_FITTING/main/FITTING/etapip/MC15ri_generic/tight_v2_fit_v6/ToyMC> was used as the working directory.
Started at Sat Jul 20 14:42:17 2024
Terminated at Sat Jul 20 15:30:45 2024
Results reported at Sat Jul 20 15:30:45 2024

Your job looked like:

------------------------------------------------------------
# LSBATCH: User input
bash -c "basf2 etapip_gg_fit_v6_toymc_100.py 236 > /home/belle2/jaeyoung/storage_ghi/Ntuples_ghi_2/MC15ri_generic/MC15ri_etaetapip_tight_v2_240419_Kp_BCS_etapi0const/bsub_log//MC15ri_etapip_gg_fitv6_toyMC_100_236.log"
------------------------------------------------------------

Successfully completed.

Resource usage summary:

    CPU time :                                   2819.35 sec.
    Max Memory :                                 1310 MB
    Average Memory :                             936.54 MB
    Total Requested Memory :                     4000.00 MB
    Delta Memory :                               2690.00 MB
    Max Swap :                                   -
    Max Processes :                              19
    Max Threads :                                20
    Run time :                                   2908 sec.
    Turnaround time :                            3081 sec.

The output (if any) follows:



PS:

Read file <./bsub_log/236.err> for stderr output of this job.

Sender: LSF System <lsfadmin@ccb139>
Subject: Job 53029910: <bash -c "basf2 etapip_gg_fit_v6_toymc_100.py 236 > /home/belle2/jaeyoung/storage_ghi/Ntuples_ghi_2/MC15ri_generic/MC15ri_etaetapip_tight_v2_240419_Kp_BCS_etapi0const/bsub_log//MC15ri_etapip_gg_fitv6_toyMC_100_236.log"> in cluster <centralcluster> Done

Job <bash -c "basf2 etapip_gg_fit_v6_toymc_100.py 236 > /home/belle2/jaeyoung/storage_ghi/Ntuples_ghi_2/MC15ri_generic/MC15ri_etaetapip_tight_v2_240419_Kp_BCS_etapi0const/bsub_log//MC15ri_etapip_gg_fitv6_toyMC_100_236.log"> was submitted from host <ccw03> by user <jaeyoung> in cluster <centralcluster> at Sun Jul 21 17:30:48 2024
Job was executed on host(s) <ccb139>, in queue <s>, as user <jaeyoung> in cluster <centralcluster> at Sun Jul 21 17:31:18 2024
</home/belle2/jaeyoung> was used as the home directory.
</home/belle2/jaeyoung/workspace/DRAW_and_FITTING/main/FITTING/etapip/MC15ri_generic/tight_v2_fit_v6/ToyMC> was used as the working directory.
Started at Sun Jul 21 17:31:18 2024
Terminated at Sun Jul 21 18:20:50 2024
Results reported at Sun Jul 21 18:20:50 2024

Your job looked like:

------------------------------------------------------------
# LSBATCH: User input
bash -c "basf2 etapip_gg_fit_v6_toymc_100.py 236 > /home/belle2/jaeyoung/storage_ghi/Ntuples_ghi_2/MC15ri_generic/MC15ri_etaetapip_tight_v2_240419_Kp_BCS_etapi0const/bsub_log//MC15ri_etapip_gg_fitv6_toyMC_100_236.log"
------------------------------------------------------------

Successfully completed.

Resource usage summary:

    CPU time :                                   2938.45 sec.
    Max Memory :                                 1311 MB
    Average Memory :                             936.86 MB
    Total Requested Memory :                     4000.00 MB
    Delta Memory :                               2689.00 MB
    Max Swap :                                   -
    Max Processes :                              19
    Max Threads :                                20
    Run time :                                   2971 sec.
    Turnaround time :                            3002 sec.

The output (if any) follows:



PS:

Read file <./bsub_log/236.err> for stderr output of this job.

Sender: LSF System <lsfadmin@ccb192>
Subject: Job 53202444: <bash -c "basf2 etapip_gg_fit_v6_toymc_100.py 236 > /home/belle2/jaeyoung/storage_ghi/Ntuples_ghi_2/MC15ri_generic/MC15ri_etaetapip_tight_v2_240419_Kp_BCS_etapi0const/bsub_log//MC15ri_etapip_gg_fitv6_toyMC_100_236.log"> in cluster <centralcluster> Exited

Job <bash -c "basf2 etapip_gg_fit_v6_toymc_100.py 236 > /home/belle2/jaeyoung/storage_ghi/Ntuples_ghi_2/MC15ri_generic/MC15ri_etaetapip_tight_v2_240419_Kp_BCS_etapi0const/bsub_log//MC15ri_etapip_gg_fitv6_toyMC_100_236.log"> was submitted from host <ccw03> by user <jaeyoung> in cluster <centralcluster> at Mon Jul 22 00:49:51 2024
Job was executed on host(s) <ccb192>, in queue <s>, as user <jaeyoung> in cluster <centralcluster> at Mon Jul 22 00:50:38 2024
</home/belle2/jaeyoung> was used as the home directory.
</home/belle2/jaeyoung/workspace/DRAW_and_FITTING/main/FITTING/etapip/MC15ri_generic/tight_v2_fit_v6/ToyMC> was used as the working directory.
Started at Mon Jul 22 00:50:38 2024
Terminated at Mon Jul 22 01:07:32 2024
Results reported at Mon Jul 22 01:07:32 2024

Your job looked like:

------------------------------------------------------------
# LSBATCH: User input
bash -c "basf2 etapip_gg_fit_v6_toymc_100.py 236 > /home/belle2/jaeyoung/storage_ghi/Ntuples_ghi_2/MC15ri_generic/MC15ri_etaetapip_tight_v2_240419_Kp_BCS_etapi0const/bsub_log//MC15ri_etapip_gg_fitv6_toyMC_100_236.log"
------------------------------------------------------------

Exited with exit code 1.

Resource usage summary:

    CPU time :                                   1009.22 sec.
    Max Memory :                                 1253 MB
    Average Memory :                             1172.83 MB
    Total Requested Memory :                     4000.00 MB
    Delta Memory :                               2747.00 MB
    Max Swap :                                   -
    Max Processes :                              19
    Max Threads :                                20
    Run time :                                   1015 sec.
    Turnaround time :                            1061 sec.

The output (if any) follows:



PS:

Read file <./bsub_log/236.err> for stderr output of this job.

Sender: LSF System <lsfadmin@ccb540>
Subject: Job 53406886: <bash -c "basf2 etapip_gg_fit_v6_toymc_100.py 236 > /home/belle2/jaeyoung/storage_ghi/Ntuples_ghi_2/MC15ri_generic/MC15ri_etaetapip_tight_v2_240419_Kp_BCS_etapi0const/bsub_log//MC15ri_etapip_gg_fitv6_toyMC_100_236.log"> in cluster <centralcluster> Done

Job <bash -c "basf2 etapip_gg_fit_v6_toymc_100.py 236 > /home/belle2/jaeyoung/storage_ghi/Ntuples_ghi_2/MC15ri_generic/MC15ri_etaetapip_tight_v2_240419_Kp_BCS_etapi0const/bsub_log//MC15ri_etapip_gg_fitv6_toyMC_100_236.log"> was submitted from host <ccw06> by user <jaeyoung> in cluster <centralcluster> at Mon Jul 22 10:48:42 2024
Job was executed on host(s) <ccb540>, in queue <s>, as user <jaeyoung> in cluster <centralcluster> at Mon Jul 22 10:48:59 2024
</home/belle2/jaeyoung> was used as the home directory.
</home/belle2/jaeyoung/workspace/DRAW_and_FITTING/main/FITTING/etapip/MC15ri_generic/tight_v2_fit_v6/ToyMC> was used as the working directory.
Started at Mon Jul 22 10:48:59 2024
Terminated at Mon Jul 22 11:36:08 2024
Results reported at Mon Jul 22 11:36:08 2024

Your job looked like:

------------------------------------------------------------
# LSBATCH: User input
bash -c "basf2 etapip_gg_fit_v6_toymc_100.py 236 > /home/belle2/jaeyoung/storage_ghi/Ntuples_ghi_2/MC15ri_generic/MC15ri_etaetapip_tight_v2_240419_Kp_BCS_etapi0const/bsub_log//MC15ri_etapip_gg_fitv6_toyMC_100_236.log"
------------------------------------------------------------

Successfully completed.

Resource usage summary:

    CPU time :                                   2795.63 sec.
    Max Memory :                                 1311 MB
    Average Memory :                             943.49 MB
    Total Requested Memory :                     4000.00 MB
    Delta Memory :                               2689.00 MB
    Max Swap :                                   -
    Max Processes :                              19
    Max Threads :                                20
    Run time :                                   2829 sec.
    Turnaround time :                            2846 sec.

The output (if any) follows:



PS:

Read file <./bsub_log/236.err> for stderr output of this job.

Sender: LSF System <lsfadmin@ccb031>
Subject: Job 53598964: <bash -c "basf2 etapip_gg_fit_v6_toymc_100.py 236 > /home/belle2/jaeyoung/storage_ghi/Ntuples_ghi_2/MC15ri_generic/MC15ri_etaetapip_tight_v2_240419_Kp_BCS_etapi0const/bsub_log//MC15ri_etapip_gg_fitv6_toyMC_100_236.log"> in cluster <centralcluster> Done

Job <bash -c "basf2 etapip_gg_fit_v6_toymc_100.py 236 > /home/belle2/jaeyoung/storage_ghi/Ntuples_ghi_2/MC15ri_generic/MC15ri_etaetapip_tight_v2_240419_Kp_BCS_etapi0const/bsub_log//MC15ri_etapip_gg_fitv6_toyMC_100_236.log"> was submitted from host <ccw03> by user <jaeyoung> in cluster <centralcluster> at Mon Jul 22 18:34:51 2024
Job was executed on host(s) <ccb031>, in queue <s>, as user <jaeyoung> in cluster <centralcluster> at Mon Jul 22 18:36:14 2024
</home/belle2/jaeyoung> was used as the home directory.
</home/belle2/jaeyoung/workspace/DRAW_and_FITTING/main/FITTING/etapip/MC15ri_generic/tight_v2_fit_v6/ToyMC> was used as the working directory.
Started at Mon Jul 22 18:36:14 2024
Terminated at Mon Jul 22 19:22:32 2024
Results reported at Mon Jul 22 19:22:32 2024

Your job looked like:

------------------------------------------------------------
# LSBATCH: User input
bash -c "basf2 etapip_gg_fit_v6_toymc_100.py 236 > /home/belle2/jaeyoung/storage_ghi/Ntuples_ghi_2/MC15ri_generic/MC15ri_etaetapip_tight_v2_240419_Kp_BCS_etapi0const/bsub_log//MC15ri_etapip_gg_fitv6_toyMC_100_236.log"
------------------------------------------------------------

Successfully completed.

Resource usage summary:

    CPU time :                                   2765.67 sec.
    Max Memory :                                 1311 MB
    Average Memory :                             955.61 MB
    Total Requested Memory :                     4000.00 MB
    Delta Memory :                               2689.00 MB
    Max Swap :                                   -
    Max Processes :                              19
    Max Threads :                                20
    Run time :                                   2779 sec.
    Turnaround time :                            2861 sec.

The output (if any) follows:



PS:

Read file <./bsub_log/236.err> for stderr output of this job.

Sender: LSF System <lsfadmin@ccb016>
Subject: Job 53832152: <bash -c "basf2 etapip_gg_fit_v6_toymc_100.py 236 > /home/belle2/jaeyoung/storage_ghi/Ntuples_ghi_2/MC15ri_generic/MC15ri_etaetapip_tight_v2_240419_Kp_BCS_etapi0const/bsub_log//MC15ri_etapip_gg_fitv6_toyMC_100_236.log"> in cluster <centralcluster> Done

Job <bash -c "basf2 etapip_gg_fit_v6_toymc_100.py 236 > /home/belle2/jaeyoung/storage_ghi/Ntuples_ghi_2/MC15ri_generic/MC15ri_etaetapip_tight_v2_240419_Kp_BCS_etapi0const/bsub_log//MC15ri_etapip_gg_fitv6_toyMC_100_236.log"> was submitted from host <ccw05> by user <jaeyoung> in cluster <centralcluster> at Tue Jul 23 00:49:39 2024
Job was executed on host(s) <ccb016>, in queue <s>, as user <jaeyoung> in cluster <centralcluster> at Tue Jul 23 00:49:58 2024
</home/belle2/jaeyoung> was used as the home directory.
</home/belle2/jaeyoung/workspace/DRAW_and_FITTING/main/FITTING/etapip/MC15ri_generic/tight_v2_fit_v6/ToyMC> was used as the working directory.
Started at Tue Jul 23 00:49:58 2024
Terminated at Tue Jul 23 01:36:09 2024
Results reported at Tue Jul 23 01:36:09 2024

Your job looked like:

------------------------------------------------------------
# LSBATCH: User input
bash -c "basf2 etapip_gg_fit_v6_toymc_100.py 236 > /home/belle2/jaeyoung/storage_ghi/Ntuples_ghi_2/MC15ri_generic/MC15ri_etaetapip_tight_v2_240419_Kp_BCS_etapi0const/bsub_log//MC15ri_etapip_gg_fitv6_toyMC_100_236.log"
------------------------------------------------------------

Successfully completed.

Resource usage summary:

    CPU time :                                   2758.68 sec.
    Max Memory :                                 1311 MB
    Average Memory :                             946.24 MB
    Total Requested Memory :                     4000.00 MB
    Delta Memory :                               2689.00 MB
    Max Swap :                                   -
    Max Processes :                              19
    Max Threads :                                20
    Run time :                                   2770 sec.
    Turnaround time :                            2790 sec.

The output (if any) follows:



PS:

Read file <./bsub_log/236.err> for stderr output of this job.

Sender: LSF System <lsfadmin@ccb259>
Subject: Job 54397621: <bash -c "basf2 etapip_gg_fit_v6_toymc_100.py 236 > /home/belle2/jaeyoung/storage_ghi/Ntuples_ghi_2/MC15ri_generic/MC15ri_etaetapip_tight_v2_240419_Kp_BCS_etapi0const/bsub_log//MC15ri_etapip_gg_fitv6_toyMC_100_236.log"> in cluster <centralcluster> Done

Job <bash -c "basf2 etapip_gg_fit_v6_toymc_100.py 236 > /home/belle2/jaeyoung/storage_ghi/Ntuples_ghi_2/MC15ri_generic/MC15ri_etaetapip_tight_v2_240419_Kp_BCS_etapi0const/bsub_log//MC15ri_etapip_gg_fitv6_toyMC_100_236.log"> was submitted from host <ccw04> by user <jaeyoung> in cluster <centralcluster> at Tue Jul 23 17:58:57 2024
Job was executed on host(s) <ccb259>, in queue <s>, as user <jaeyoung> in cluster <centralcluster> at Tue Jul 23 18:25:01 2024
</home/belle2/jaeyoung> was used as the home directory.
</home/belle2/jaeyoung/workspace/DRAW_and_FITTING/main/FITTING/etapip/MC15ri_generic/tight_v2_fit_v6/ToyMC> was used as the working directory.
Started at Tue Jul 23 18:25:01 2024
Terminated at Tue Jul 23 19:10:57 2024
Results reported at Tue Jul 23 19:10:57 2024

Your job looked like:

------------------------------------------------------------
# LSBATCH: User input
bash -c "basf2 etapip_gg_fit_v6_toymc_100.py 236 > /home/belle2/jaeyoung/storage_ghi/Ntuples_ghi_2/MC15ri_generic/MC15ri_etaetapip_tight_v2_240419_Kp_BCS_etapi0const/bsub_log//MC15ri_etapip_gg_fitv6_toyMC_100_236.log"
------------------------------------------------------------

Successfully completed.

Resource usage summary:

    CPU time :                                   2712.34 sec.
    Max Memory :                                 1316 MB
    Average Memory :                             959.39 MB
    Total Requested Memory :                     4000.00 MB
    Delta Memory :                               2684.00 MB
    Max Swap :                                   -
    Max Processes :                              19
    Max Threads :                                20
    Run time :                                   2756 sec.
    Turnaround time :                            4320 sec.

The output (if any) follows:



PS:

Read file <./bsub_log/236.err> for stderr output of this job.

