Sender: LSF System <lsfadmin@ccb255>
Subject: Job 52359421: <bash -c "basf2 etapip_gg_fit_v6_toymc_100.py 237 > /home/belle2/jaeyoung/storage_ghi/Ntuples_ghi_2/MC15ri_generic/MC15ri_etaetapip_tight_v2_240419_Kp_BCS_etapi0const/bsub_log//MC15ri_etapip_gg_fitv6_toyMC_100_237.log"> in cluster <centralcluster> Done

Job <bash -c "basf2 etapip_gg_fit_v6_toymc_100.py 237 > /home/belle2/jaeyoung/storage_ghi/Ntuples_ghi_2/MC15ri_generic/MC15ri_etaetapip_tight_v2_240419_Kp_BCS_etapi0const/bsub_log//MC15ri_etapip_gg_fitv6_toyMC_100_237.log"> was submitted from host <ccw02> by user <jaeyoung> in cluster <centralcluster> at Sat Jul 20 14:39:25 2024
Job was executed on host(s) <ccb255>, in queue <s>, as user <jaeyoung> in cluster <centralcluster> at Sat Jul 20 14:42:17 2024
</home/belle2/jaeyoung> was used as the home directory.
</home/belle2/jaeyoung/workspace/DRAW_and_FITTING/main/FITTING/etapip/MC15ri_generic/tight_v2_fit_v6/ToyMC> was used as the working directory.
Started at Sat Jul 20 14:42:17 2024
Terminated at Sat Jul 20 15:30:01 2024
Results reported at Sat Jul 20 15:30:01 2024

Your job looked like:

------------------------------------------------------------
# LSBATCH: User input
bash -c "basf2 etapip_gg_fit_v6_toymc_100.py 237 > /home/belle2/jaeyoung/storage_ghi/Ntuples_ghi_2/MC15ri_generic/MC15ri_etaetapip_tight_v2_240419_Kp_BCS_etapi0const/bsub_log//MC15ri_etapip_gg_fitv6_toyMC_100_237.log"
------------------------------------------------------------

Successfully completed.

Resource usage summary:

    CPU time :                                   2826.71 sec.
    Max Memory :                                 1310 MB
    Average Memory :                             941.75 MB
    Total Requested Memory :                     4000.00 MB
    Delta Memory :                               2690.00 MB
    Max Swap :                                   -
    Max Processes :                              19
    Max Threads :                                20
    Run time :                                   2864 sec.
    Turnaround time :                            3036 sec.

The output (if any) follows:



PS:

Read file <./bsub_log/237.err> for stderr output of this job.

Sender: LSF System <lsfadmin@ccb032>
Subject: Job 53029914: <bash -c "basf2 etapip_gg_fit_v6_toymc_100.py 237 > /home/belle2/jaeyoung/storage_ghi/Ntuples_ghi_2/MC15ri_generic/MC15ri_etaetapip_tight_v2_240419_Kp_BCS_etapi0const/bsub_log//MC15ri_etapip_gg_fitv6_toyMC_100_237.log"> in cluster <centralcluster> Done

Job <bash -c "basf2 etapip_gg_fit_v6_toymc_100.py 237 > /home/belle2/jaeyoung/storage_ghi/Ntuples_ghi_2/MC15ri_generic/MC15ri_etaetapip_tight_v2_240419_Kp_BCS_etapi0const/bsub_log//MC15ri_etapip_gg_fitv6_toyMC_100_237.log"> was submitted from host <ccw03> by user <jaeyoung> in cluster <centralcluster> at Sun Jul 21 17:30:48 2024
Job was executed on host(s) <ccb032>, in queue <s>, as user <jaeyoung> in cluster <centralcluster> at Sun Jul 21 17:31:18 2024
</home/belle2/jaeyoung> was used as the home directory.
</home/belle2/jaeyoung/workspace/DRAW_and_FITTING/main/FITTING/etapip/MC15ri_generic/tight_v2_fit_v6/ToyMC> was used as the working directory.
Started at Sun Jul 21 17:31:18 2024
Terminated at Sun Jul 21 18:18:36 2024
Results reported at Sun Jul 21 18:18:36 2024

Your job looked like:

------------------------------------------------------------
# LSBATCH: User input
bash -c "basf2 etapip_gg_fit_v6_toymc_100.py 237 > /home/belle2/jaeyoung/storage_ghi/Ntuples_ghi_2/MC15ri_generic/MC15ri_etaetapip_tight_v2_240419_Kp_BCS_etapi0const/bsub_log//MC15ri_etapip_gg_fitv6_toyMC_100_237.log"
------------------------------------------------------------

Successfully completed.

Resource usage summary:

    CPU time :                                   2829.78 sec.
    Max Memory :                                 1311 MB
    Average Memory :                             927.81 MB
    Total Requested Memory :                     4000.00 MB
    Delta Memory :                               2689.00 MB
    Max Swap :                                   -
    Max Processes :                              19
    Max Threads :                                20
    Run time :                                   2839 sec.
    Turnaround time :                            2868 sec.

The output (if any) follows:



PS:

Read file <./bsub_log/237.err> for stderr output of this job.

Sender: LSF System <lsfadmin@ccb564>
Subject: Job 53202446: <bash -c "basf2 etapip_gg_fit_v6_toymc_100.py 237 > /home/belle2/jaeyoung/storage_ghi/Ntuples_ghi_2/MC15ri_generic/MC15ri_etaetapip_tight_v2_240419_Kp_BCS_etapi0const/bsub_log//MC15ri_etapip_gg_fitv6_toyMC_100_237.log"> in cluster <centralcluster> Exited

Job <bash -c "basf2 etapip_gg_fit_v6_toymc_100.py 237 > /home/belle2/jaeyoung/storage_ghi/Ntuples_ghi_2/MC15ri_generic/MC15ri_etaetapip_tight_v2_240419_Kp_BCS_etapi0const/bsub_log//MC15ri_etapip_gg_fitv6_toyMC_100_237.log"> was submitted from host <ccw03> by user <jaeyoung> in cluster <centralcluster> at Mon Jul 22 00:49:51 2024
Job was executed on host(s) <ccb564>, in queue <s>, as user <jaeyoung> in cluster <centralcluster> at Mon Jul 22 00:50:38 2024
</home/belle2/jaeyoung> was used as the home directory.
</home/belle2/jaeyoung/workspace/DRAW_and_FITTING/main/FITTING/etapip/MC15ri_generic/tight_v2_fit_v6/ToyMC> was used as the working directory.
Started at Mon Jul 22 00:50:38 2024
Terminated at Mon Jul 22 01:07:44 2024
Results reported at Mon Jul 22 01:07:44 2024

Your job looked like:

------------------------------------------------------------
# LSBATCH: User input
bash -c "basf2 etapip_gg_fit_v6_toymc_100.py 237 > /home/belle2/jaeyoung/storage_ghi/Ntuples_ghi_2/MC15ri_generic/MC15ri_etaetapip_tight_v2_240419_Kp_BCS_etapi0const/bsub_log//MC15ri_etapip_gg_fitv6_toyMC_100_237.log"
------------------------------------------------------------

Exited with exit code 1.

Resource usage summary:

    CPU time :                                   1019.96 sec.
    Max Memory :                                 1253 MB
    Average Memory :                             1166.77 MB
    Total Requested Memory :                     4000.00 MB
    Delta Memory :                               2747.00 MB
    Max Swap :                                   -
    Max Processes :                              19
    Max Threads :                                20
    Run time :                                   1027 sec.
    Turnaround time :                            1073 sec.

The output (if any) follows:



PS:

Read file <./bsub_log/237.err> for stderr output of this job.

Sender: LSF System <lsfadmin@ccb010>
Subject: Job 53406888: <bash -c "basf2 etapip_gg_fit_v6_toymc_100.py 237 > /home/belle2/jaeyoung/storage_ghi/Ntuples_ghi_2/MC15ri_generic/MC15ri_etaetapip_tight_v2_240419_Kp_BCS_etapi0const/bsub_log//MC15ri_etapip_gg_fitv6_toyMC_100_237.log"> in cluster <centralcluster> Done

Job <bash -c "basf2 etapip_gg_fit_v6_toymc_100.py 237 > /home/belle2/jaeyoung/storage_ghi/Ntuples_ghi_2/MC15ri_generic/MC15ri_etaetapip_tight_v2_240419_Kp_BCS_etapi0const/bsub_log//MC15ri_etapip_gg_fitv6_toyMC_100_237.log"> was submitted from host <ccw06> by user <jaeyoung> in cluster <centralcluster> at Mon Jul 22 10:48:43 2024
Job was executed on host(s) <ccb010>, in queue <s>, as user <jaeyoung> in cluster <centralcluster> at Mon Jul 22 10:48:59 2024
</home/belle2/jaeyoung> was used as the home directory.
</home/belle2/jaeyoung/workspace/DRAW_and_FITTING/main/FITTING/etapip/MC15ri_generic/tight_v2_fit_v6/ToyMC> was used as the working directory.
Started at Mon Jul 22 10:48:59 2024
Terminated at Mon Jul 22 11:36:00 2024
Results reported at Mon Jul 22 11:36:00 2024

Your job looked like:

------------------------------------------------------------
# LSBATCH: User input
bash -c "basf2 etapip_gg_fit_v6_toymc_100.py 237 > /home/belle2/jaeyoung/storage_ghi/Ntuples_ghi_2/MC15ri_generic/MC15ri_etaetapip_tight_v2_240419_Kp_BCS_etapi0const/bsub_log//MC15ri_etapip_gg_fitv6_toyMC_100_237.log"
------------------------------------------------------------

Successfully completed.

Resource usage summary:

    CPU time :                                   2805.68 sec.
    Max Memory :                                 1313 MB
    Average Memory :                             958.12 MB
    Total Requested Memory :                     4000.00 MB
    Delta Memory :                               2687.00 MB
    Max Swap :                                   -
    Max Processes :                              19
    Max Threads :                                20
    Run time :                                   2822 sec.
    Turnaround time :                            2837 sec.

The output (if any) follows:



PS:

Read file <./bsub_log/237.err> for stderr output of this job.

Sender: LSF System <lsfadmin@ccb121>
Subject: Job 53598968: <bash -c "basf2 etapip_gg_fit_v6_toymc_100.py 237 > /home/belle2/jaeyoung/storage_ghi/Ntuples_ghi_2/MC15ri_generic/MC15ri_etaetapip_tight_v2_240419_Kp_BCS_etapi0const/bsub_log//MC15ri_etapip_gg_fitv6_toyMC_100_237.log"> in cluster <centralcluster> Done

Job <bash -c "basf2 etapip_gg_fit_v6_toymc_100.py 237 > /home/belle2/jaeyoung/storage_ghi/Ntuples_ghi_2/MC15ri_generic/MC15ri_etaetapip_tight_v2_240419_Kp_BCS_etapi0const/bsub_log//MC15ri_etapip_gg_fitv6_toyMC_100_237.log"> was submitted from host <ccw03> by user <jaeyoung> in cluster <centralcluster> at Mon Jul 22 18:34:51 2024
Job was executed on host(s) <ccb121>, in queue <s>, as user <jaeyoung> in cluster <centralcluster> at Mon Jul 22 18:36:14 2024
</home/belle2/jaeyoung> was used as the home directory.
</home/belle2/jaeyoung/workspace/DRAW_and_FITTING/main/FITTING/etapip/MC15ri_generic/tight_v2_fit_v6/ToyMC> was used as the working directory.
Started at Mon Jul 22 18:36:14 2024
Terminated at Mon Jul 22 19:23:18 2024
Results reported at Mon Jul 22 19:23:18 2024

Your job looked like:

------------------------------------------------------------
# LSBATCH: User input
bash -c "basf2 etapip_gg_fit_v6_toymc_100.py 237 > /home/belle2/jaeyoung/storage_ghi/Ntuples_ghi_2/MC15ri_generic/MC15ri_etaetapip_tight_v2_240419_Kp_BCS_etapi0const/bsub_log//MC15ri_etapip_gg_fitv6_toyMC_100_237.log"
------------------------------------------------------------

Successfully completed.

Resource usage summary:

    CPU time :                                   2801.56 sec.
    Max Memory :                                 1323 MB
    Average Memory :                             978.20 MB
    Total Requested Memory :                     4000.00 MB
    Delta Memory :                               2677.00 MB
    Max Swap :                                   -
    Max Processes :                              19
    Max Threads :                                20
    Run time :                                   2823 sec.
    Turnaround time :                            2907 sec.

The output (if any) follows:



PS:

Read file <./bsub_log/237.err> for stderr output of this job.

Sender: LSF System <lsfadmin@ccb102>
Subject: Job 53832157: <bash -c "basf2 etapip_gg_fit_v6_toymc_100.py 237 > /home/belle2/jaeyoung/storage_ghi/Ntuples_ghi_2/MC15ri_generic/MC15ri_etaetapip_tight_v2_240419_Kp_BCS_etapi0const/bsub_log//MC15ri_etapip_gg_fitv6_toyMC_100_237.log"> in cluster <centralcluster> Done

Job <bash -c "basf2 etapip_gg_fit_v6_toymc_100.py 237 > /home/belle2/jaeyoung/storage_ghi/Ntuples_ghi_2/MC15ri_generic/MC15ri_etaetapip_tight_v2_240419_Kp_BCS_etapi0const/bsub_log//MC15ri_etapip_gg_fitv6_toyMC_100_237.log"> was submitted from host <ccw05> by user <jaeyoung> in cluster <centralcluster> at Tue Jul 23 00:49:39 2024
Job was executed on host(s) <ccb102>, in queue <s>, as user <jaeyoung> in cluster <centralcluster> at Tue Jul 23 00:49:59 2024
</home/belle2/jaeyoung> was used as the home directory.
</home/belle2/jaeyoung/workspace/DRAW_and_FITTING/main/FITTING/etapip/MC15ri_generic/tight_v2_fit_v6/ToyMC> was used as the working directory.
Started at Tue Jul 23 00:49:59 2024
Terminated at Tue Jul 23 01:38:05 2024
Results reported at Tue Jul 23 01:38:05 2024

Your job looked like:

------------------------------------------------------------
# LSBATCH: User input
bash -c "basf2 etapip_gg_fit_v6_toymc_100.py 237 > /home/belle2/jaeyoung/storage_ghi/Ntuples_ghi_2/MC15ri_generic/MC15ri_etaetapip_tight_v2_240419_Kp_BCS_etapi0const/bsub_log//MC15ri_etapip_gg_fitv6_toyMC_100_237.log"
------------------------------------------------------------

Successfully completed.

Resource usage summary:

    CPU time :                                   2857.91 sec.
    Max Memory :                                 1311 MB
    Average Memory :                             970.08 MB
    Total Requested Memory :                     4000.00 MB
    Delta Memory :                               2689.00 MB
    Max Swap :                                   -
    Max Processes :                              19
    Max Threads :                                20
    Run time :                                   2886 sec.
    Turnaround time :                            2906 sec.

The output (if any) follows:



PS:

Read file <./bsub_log/237.err> for stderr output of this job.

Sender: LSF System <lsfadmin@ccb563>
Subject: Job 54397626: <bash -c "basf2 etapip_gg_fit_v6_toymc_100.py 237 > /home/belle2/jaeyoung/storage_ghi/Ntuples_ghi_2/MC15ri_generic/MC15ri_etaetapip_tight_v2_240419_Kp_BCS_etapi0const/bsub_log//MC15ri_etapip_gg_fitv6_toyMC_100_237.log"> in cluster <centralcluster> Done

Job <bash -c "basf2 etapip_gg_fit_v6_toymc_100.py 237 > /home/belle2/jaeyoung/storage_ghi/Ntuples_ghi_2/MC15ri_generic/MC15ri_etaetapip_tight_v2_240419_Kp_BCS_etapi0const/bsub_log//MC15ri_etapip_gg_fitv6_toyMC_100_237.log"> was submitted from host <ccw04> by user <jaeyoung> in cluster <centralcluster> at Tue Jul 23 17:58:57 2024
Job was executed on host(s) <ccb563>, in queue <s>, as user <jaeyoung> in cluster <centralcluster> at Tue Jul 23 18:25:02 2024
</home/belle2/jaeyoung> was used as the home directory.
</home/belle2/jaeyoung/workspace/DRAW_and_FITTING/main/FITTING/etapip/MC15ri_generic/tight_v2_fit_v6/ToyMC> was used as the working directory.
Started at Tue Jul 23 18:25:02 2024
Terminated at Tue Jul 23 19:11:30 2024
Results reported at Tue Jul 23 19:11:30 2024

Your job looked like:

------------------------------------------------------------
# LSBATCH: User input
bash -c "basf2 etapip_gg_fit_v6_toymc_100.py 237 > /home/belle2/jaeyoung/storage_ghi/Ntuples_ghi_2/MC15ri_generic/MC15ri_etaetapip_tight_v2_240419_Kp_BCS_etapi0const/bsub_log//MC15ri_etapip_gg_fitv6_toyMC_100_237.log"
------------------------------------------------------------

Successfully completed.

Resource usage summary:

    CPU time :                                   2778.12 sec.
    Max Memory :                                 1349 MB
    Average Memory :                             970.32 MB
    Total Requested Memory :                     4000.00 MB
    Delta Memory :                               2651.00 MB
    Max Swap :                                   -
    Max Processes :                              19
    Max Threads :                                20
    Run time :                                   2789 sec.
    Turnaround time :                            4353 sec.

The output (if any) follows:



PS:

Read file <./bsub_log/237.err> for stderr output of this job.

Sender: LSF System <lsfadmin@ccb028>
Subject: Job 54470201: <bash -c "basf2 etapip_gg_fit_v6_toymc_100.py 237 > /home/belle2/jaeyoung/storage_ghi/Ntuples_ghi_2/MC15ri_generic/MC15ri_etaetapip_tight_v2_240419_Kp_BCS_etapi0const/bsub_log//MC15ri_etapip_gg_fitv6_toyMC_100_237.log"> in cluster <centralcluster> Done

Job <bash -c "basf2 etapip_gg_fit_v6_toymc_100.py 237 > /home/belle2/jaeyoung/storage_ghi/Ntuples_ghi_2/MC15ri_generic/MC15ri_etaetapip_tight_v2_240419_Kp_BCS_etapi0const/bsub_log//MC15ri_etapip_gg_fitv6_toyMC_100_237.log"> was submitted from host <ccw03> by user <jaeyoung> in cluster <centralcluster> at Tue Jul 23 19:37:49 2024
Job was executed on host(s) <ccb028>, in queue <s>, as user <jaeyoung> in cluster <centralcluster> at Tue Jul 23 19:37:50 2024
</home/belle2/jaeyoung> was used as the home directory.
</home/belle2/jaeyoung/workspace/DRAW_and_FITTING/main/FITTING/etapip/MC15ri_generic/tight_v2_fit_v6/ToyMC> was used as the working directory.
Started at Tue Jul 23 19:37:50 2024
Terminated at Tue Jul 23 20:24:59 2024
Results reported at Tue Jul 23 20:24:59 2024

Your job looked like:

------------------------------------------------------------
# LSBATCH: User input
bash -c "basf2 etapip_gg_fit_v6_toymc_100.py 237 > /home/belle2/jaeyoung/storage_ghi/Ntuples_ghi_2/MC15ri_generic/MC15ri_etaetapip_tight_v2_240419_Kp_BCS_etapi0const/bsub_log//MC15ri_etapip_gg_fitv6_toyMC_100_237.log"
------------------------------------------------------------

Successfully completed.

Resource usage summary:

    CPU time :                                   2820.01 sec.
    Max Memory :                                 1313 MB
    Average Memory :                             970.65 MB
    Total Requested Memory :                     4000.00 MB
    Delta Memory :                               2687.00 MB
    Max Swap :                                   -
    Max Processes :                              19
    Max Threads :                                20
    Run time :                                   2828 sec.
    Turnaround time :                            2830 sec.

The output (if any) follows:



PS:

Read file <./bsub_log/237.err> for stderr output of this job.

Sender: LSF System <lsfadmin@ccb125>
Subject: Job 55515731: <bash -c "basf2 etapip_gg_fit_v6_toymc_100.py 237 > /home/belle2/jaeyoung/storage_ghi/Ntuples_ghi_2/MC15ri_generic/MC15ri_etaetapip_tight_v2_240419_Kp_BCS_etapi0const/bsub_log//MC15ri_etapip_gg_fitv6_toyMC_100_237.log"> in cluster <centralcluster> Done

Job <bash -c "basf2 etapip_gg_fit_v6_toymc_100.py 237 > /home/belle2/jaeyoung/storage_ghi/Ntuples_ghi_2/MC15ri_generic/MC15ri_etaetapip_tight_v2_240419_Kp_BCS_etapi0const/bsub_log//MC15ri_etapip_gg_fitv6_toyMC_100_237.log"> was submitted from host <ccw01> by user <jaeyoung> in cluster <centralcluster> at Thu Jul 25 20:50:45 2024
Job was executed on host(s) <ccb125>, in queue <s>, as user <jaeyoung> in cluster <centralcluster> at Thu Jul 25 20:50:48 2024
</home/belle2/jaeyoung> was used as the home directory.
</gpfs/home/belle2/jaeyoung/workspace/DRAW_and_FITTING/main/FITTING/etapip/MC15ri_generic/tight_v2_fit_v6/ToyMC> was used as the working directory.
Started at Thu Jul 25 20:50:48 2024
Terminated at Thu Jul 25 21:38:42 2024
Results reported at Thu Jul 25 21:38:42 2024

Your job looked like:

------------------------------------------------------------
# LSBATCH: User input
bash -c "basf2 etapip_gg_fit_v6_toymc_100.py 237 > /home/belle2/jaeyoung/storage_ghi/Ntuples_ghi_2/MC15ri_generic/MC15ri_etaetapip_tight_v2_240419_Kp_BCS_etapi0const/bsub_log//MC15ri_etapip_gg_fitv6_toyMC_100_237.log"
------------------------------------------------------------

Successfully completed.

Resource usage summary:

    CPU time :                                   2845.98 sec.
    Max Memory :                                 1313 MB
    Average Memory :                             962.88 MB
    Total Requested Memory :                     4000.00 MB
    Delta Memory :                               2687.00 MB
    Max Swap :                                   -
    Max Processes :                              19
    Max Threads :                                20
    Run time :                                   2875 sec.
    Turnaround time :                            2877 sec.

The output (if any) follows:



PS:

Read file <./bsub_log/237.err> for stderr output of this job.

Sender: LSF System <lsfadmin@ccb072>
Subject: Job 56103165: <bash -c "basf2 etapip_gg_fit_v6_toymc_100.py 237 > /home/belle2/jaeyoung/storage_ghi/Ntuples_ghi_2/MC15ri_generic/MC15ri_etaetapip_tight_v2_240419_Kp_BCS_etapi0const/bsub_log//MC15ri_etapip_gg_fitv6_toyMC_100_237.log"> in cluster <centralcluster> Done

Job <bash -c "basf2 etapip_gg_fit_v6_toymc_100.py 237 > /home/belle2/jaeyoung/storage_ghi/Ntuples_ghi_2/MC15ri_generic/MC15ri_etaetapip_tight_v2_240419_Kp_BCS_etapi0const/bsub_log//MC15ri_etapip_gg_fitv6_toyMC_100_237.log"> was submitted from host <ccw06> by user <jaeyoung> in cluster <centralcluster> at Fri Jul 26 23:43:46 2024
Job was executed on host(s) <ccb072>, in queue <s>, as user <jaeyoung> in cluster <centralcluster> at Sat Jul 27 00:18:35 2024
</home/belle2/jaeyoung> was used as the home directory.
</home/belle2/jaeyoung/workspace/DRAW_and_FITTING/main/FITTING/etapip/MC15ri_generic/tight_v2_fit_v6/ToyMC> was used as the working directory.
Started at Sat Jul 27 00:18:35 2024
Terminated at Sat Jul 27 00:51:05 2024
Results reported at Sat Jul 27 00:51:05 2024

Your job looked like:

------------------------------------------------------------
# LSBATCH: User input
bash -c "basf2 etapip_gg_fit_v6_toymc_100.py 237 > /home/belle2/jaeyoung/storage_ghi/Ntuples_ghi_2/MC15ri_generic/MC15ri_etaetapip_tight_v2_240419_Kp_BCS_etapi0const/bsub_log//MC15ri_etapip_gg_fitv6_toyMC_100_237.log"
------------------------------------------------------------

Successfully completed.

Resource usage summary:

    CPU time :                                   1895.67 sec.
    Max Memory :                                 931 MB
    Average Memory :                             656.63 MB
    Total Requested Memory :                     4000.00 MB
    Delta Memory :                               3069.00 MB
    Max Swap :                                   -
    Max Processes :                              19
    Max Threads :                                20
    Run time :                                   1951 sec.
    Turnaround time :                            4039 sec.

The output (if any) follows:



PS:

Read file <./bsub_log/237.err> for stderr output of this job.

Sender: LSF System <lsfadmin@ccb547>
Subject: Job 56133583: <bash -c "basf2 etapip_gg_fit_v6_toymc_100.py 237 > /home/belle2/jaeyoung/storage_ghi/Ntuples_ghi_2/MC15ri_generic/MC15ri_etaetapip_tight_v2_240419_Kp_BCS_etapi0const/bsub_log//MC15ri_etapip_gg_fitv6_toyMC_100_237.log"> in cluster <centralcluster> Done

Job <bash -c "basf2 etapip_gg_fit_v6_toymc_100.py 237 > /home/belle2/jaeyoung/storage_ghi/Ntuples_ghi_2/MC15ri_generic/MC15ri_etaetapip_tight_v2_240419_Kp_BCS_etapi0const/bsub_log//MC15ri_etapip_gg_fitv6_toyMC_100_237.log"> was submitted from host <ccw03> by user <jaeyoung> in cluster <centralcluster> at Sat Jul 27 01:13:12 2024
Job was executed on host(s) <ccb547>, in queue <s>, as user <jaeyoung> in cluster <centralcluster> at Sat Jul 27 03:04:29 2024
</home/belle2/jaeyoung> was used as the home directory.
</gpfs/home/belle2/jaeyoung/workspace/DRAW_and_FITTING/main/FITTING/etapip/MC15ri_generic/tight_v2_fit_v6/ToyMC> was used as the working directory.
Started at Sat Jul 27 03:04:29 2024
Terminated at Sat Jul 27 03:43:30 2024
Results reported at Sat Jul 27 03:43:30 2024

Your job looked like:

------------------------------------------------------------
# LSBATCH: User input
bash -c "basf2 etapip_gg_fit_v6_toymc_100.py 237 > /home/belle2/jaeyoung/storage_ghi/Ntuples_ghi_2/MC15ri_generic/MC15ri_etaetapip_tight_v2_240419_Kp_BCS_etapi0const/bsub_log//MC15ri_etapip_gg_fitv6_toyMC_100_237.log"
------------------------------------------------------------

Successfully completed.

Resource usage summary:

    CPU time :                                   2300.67 sec.
    Max Memory :                                 916 MB
    Average Memory :                             669.89 MB
    Total Requested Memory :                     4000.00 MB
    Delta Memory :                               3084.00 MB
    Max Swap :                                   -
    Max Processes :                              19
    Max Threads :                                20
    Run time :                                   2342 sec.
    Turnaround time :                            9018 sec.

The output (if any) follows:



PS:

Read file <./bsub_log/237.err> for stderr output of this job.

