Sender: LSF System <lsfadmin@ccb220>
Subject: Job 52359433: <bash -c "basf2 etapip_gg_fit_v6_toymc_100.py 242 > /home/belle2/jaeyoung/storage_ghi/Ntuples_ghi_2/MC15ri_generic/MC15ri_etaetapip_tight_v2_240419_Kp_BCS_etapi0const/bsub_log//MC15ri_etapip_gg_fitv6_toyMC_100_242.log"> in cluster <centralcluster> Done

Job <bash -c "basf2 etapip_gg_fit_v6_toymc_100.py 242 > /home/belle2/jaeyoung/storage_ghi/Ntuples_ghi_2/MC15ri_generic/MC15ri_etaetapip_tight_v2_240419_Kp_BCS_etapi0const/bsub_log//MC15ri_etapip_gg_fitv6_toyMC_100_242.log"> was submitted from host <ccw02> by user <jaeyoung> in cluster <centralcluster> at Sat Jul 20 14:39:27 2024
Job was executed on host(s) <ccb220>, in queue <s>, as user <jaeyoung> in cluster <centralcluster> at Sat Jul 20 14:42:21 2024
</home/belle2/jaeyoung> was used as the home directory.
</home/belle2/jaeyoung/workspace/DRAW_and_FITTING/main/FITTING/etapip/MC15ri_generic/tight_v2_fit_v6/ToyMC> was used as the working directory.
Started at Sat Jul 20 14:42:21 2024
Terminated at Sat Jul 20 15:30:23 2024
Results reported at Sat Jul 20 15:30:23 2024

Your job looked like:

------------------------------------------------------------
# LSBATCH: User input
bash -c "basf2 etapip_gg_fit_v6_toymc_100.py 242 > /home/belle2/jaeyoung/storage_ghi/Ntuples_ghi_2/MC15ri_generic/MC15ri_etaetapip_tight_v2_240419_Kp_BCS_etapi0const/bsub_log//MC15ri_etapip_gg_fitv6_toyMC_100_242.log"
------------------------------------------------------------

Successfully completed.

Resource usage summary:

    CPU time :                                   2872.48 sec.
    Max Memory :                                 1317 MB
    Average Memory :                             957.36 MB
    Total Requested Memory :                     4000.00 MB
    Delta Memory :                               2683.00 MB
    Max Swap :                                   -
    Max Processes :                              19
    Max Threads :                                20
    Run time :                                   2883 sec.
    Turnaround time :                            3056 sec.

The output (if any) follows:



PS:

Read file <./bsub_log/242.err> for stderr output of this job.

Sender: LSF System <lsfadmin@ccb090>
Subject: Job 53029932: <bash -c "basf2 etapip_gg_fit_v6_toymc_100.py 242 > /home/belle2/jaeyoung/storage_ghi/Ntuples_ghi_2/MC15ri_generic/MC15ri_etaetapip_tight_v2_240419_Kp_BCS_etapi0const/bsub_log//MC15ri_etapip_gg_fitv6_toyMC_100_242.log"> in cluster <centralcluster> Done

Job <bash -c "basf2 etapip_gg_fit_v6_toymc_100.py 242 > /home/belle2/jaeyoung/storage_ghi/Ntuples_ghi_2/MC15ri_generic/MC15ri_etaetapip_tight_v2_240419_Kp_BCS_etapi0const/bsub_log//MC15ri_etapip_gg_fitv6_toyMC_100_242.log"> was submitted from host <ccw03> by user <jaeyoung> in cluster <centralcluster> at Sun Jul 21 17:30:50 2024
Job was executed on host(s) <ccb090>, in queue <s>, as user <jaeyoung> in cluster <centralcluster> at Sun Jul 21 17:31:19 2024
</home/belle2/jaeyoung> was used as the home directory.
</home/belle2/jaeyoung/workspace/DRAW_and_FITTING/main/FITTING/etapip/MC15ri_generic/tight_v2_fit_v6/ToyMC> was used as the working directory.
Started at Sun Jul 21 17:31:19 2024
Terminated at Sun Jul 21 18:17:52 2024
Results reported at Sun Jul 21 18:17:52 2024

Your job looked like:

------------------------------------------------------------
# LSBATCH: User input
bash -c "basf2 etapip_gg_fit_v6_toymc_100.py 242 > /home/belle2/jaeyoung/storage_ghi/Ntuples_ghi_2/MC15ri_generic/MC15ri_etaetapip_tight_v2_240419_Kp_BCS_etapi0const/bsub_log//MC15ri_etapip_gg_fitv6_toyMC_100_242.log"
------------------------------------------------------------

Successfully completed.

Resource usage summary:

    CPU time :                                   2768.26 sec.
    Max Memory :                                 1311 MB
    Average Memory :                             935.93 MB
    Total Requested Memory :                     4000.00 MB
    Delta Memory :                               2689.00 MB
    Max Swap :                                   -
    Max Processes :                              19
    Max Threads :                                20
    Run time :                                   2792 sec.
    Turnaround time :                            2822 sec.

The output (if any) follows:



PS:

Read file <./bsub_log/242.err> for stderr output of this job.

Sender: LSF System <lsfadmin@ccb109>
Subject: Job 53202458: <bash -c "basf2 etapip_gg_fit_v6_toymc_100.py 242 > /home/belle2/jaeyoung/storage_ghi/Ntuples_ghi_2/MC15ri_generic/MC15ri_etaetapip_tight_v2_240419_Kp_BCS_etapi0const/bsub_log//MC15ri_etapip_gg_fitv6_toyMC_100_242.log"> in cluster <centralcluster> Exited

Job <bash -c "basf2 etapip_gg_fit_v6_toymc_100.py 242 > /home/belle2/jaeyoung/storage_ghi/Ntuples_ghi_2/MC15ri_generic/MC15ri_etaetapip_tight_v2_240419_Kp_BCS_etapi0const/bsub_log//MC15ri_etapip_gg_fitv6_toyMC_100_242.log"> was submitted from host <ccw03> by user <jaeyoung> in cluster <centralcluster> at Mon Jul 22 00:49:53 2024
Job was executed on host(s) <ccb109>, in queue <s>, as user <jaeyoung> in cluster <centralcluster> at Mon Jul 22 00:50:40 2024
</home/belle2/jaeyoung> was used as the home directory.
</home/belle2/jaeyoung/workspace/DRAW_and_FITTING/main/FITTING/etapip/MC15ri_generic/tight_v2_fit_v6/ToyMC> was used as the working directory.
Started at Mon Jul 22 00:50:40 2024
Terminated at Mon Jul 22 01:07:13 2024
Results reported at Mon Jul 22 01:07:13 2024

Your job looked like:

------------------------------------------------------------
# LSBATCH: User input
bash -c "basf2 etapip_gg_fit_v6_toymc_100.py 242 > /home/belle2/jaeyoung/storage_ghi/Ntuples_ghi_2/MC15ri_generic/MC15ri_etaetapip_tight_v2_240419_Kp_BCS_etapi0const/bsub_log//MC15ri_etapip_gg_fitv6_toyMC_100_242.log"
------------------------------------------------------------

Exited with exit code 1.

Resource usage summary:

    CPU time :                                   985.83 sec.
    Max Memory :                                 1253 MB
    Average Memory :                             1169.60 MB
    Total Requested Memory :                     4000.00 MB
    Delta Memory :                               2747.00 MB
    Max Swap :                                   -
    Max Processes :                              19
    Max Threads :                                20
    Run time :                                   993 sec.
    Turnaround time :                            1040 sec.

The output (if any) follows:



PS:

Read file <./bsub_log/242.err> for stderr output of this job.

Sender: LSF System <lsfadmin@ccb241>
Subject: Job 53406898: <bash -c "basf2 etapip_gg_fit_v6_toymc_100.py 242 > /home/belle2/jaeyoung/storage_ghi/Ntuples_ghi_2/MC15ri_generic/MC15ri_etaetapip_tight_v2_240419_Kp_BCS_etapi0const/bsub_log//MC15ri_etapip_gg_fitv6_toyMC_100_242.log"> in cluster <centralcluster> Done

Job <bash -c "basf2 etapip_gg_fit_v6_toymc_100.py 242 > /home/belle2/jaeyoung/storage_ghi/Ntuples_ghi_2/MC15ri_generic/MC15ri_etaetapip_tight_v2_240419_Kp_BCS_etapi0const/bsub_log//MC15ri_etapip_gg_fitv6_toyMC_100_242.log"> was submitted from host <ccw06> by user <jaeyoung> in cluster <centralcluster> at Mon Jul 22 10:48:44 2024
Job was executed on host(s) <ccb241>, in queue <s>, as user <jaeyoung> in cluster <centralcluster> at Mon Jul 22 10:49:03 2024
</home/belle2/jaeyoung> was used as the home directory.
</home/belle2/jaeyoung/workspace/DRAW_and_FITTING/main/FITTING/etapip/MC15ri_generic/tight_v2_fit_v6/ToyMC> was used as the working directory.
Started at Mon Jul 22 10:49:03 2024
Terminated at Mon Jul 22 11:36:56 2024
Results reported at Mon Jul 22 11:36:56 2024

Your job looked like:

------------------------------------------------------------
# LSBATCH: User input
bash -c "basf2 etapip_gg_fit_v6_toymc_100.py 242 > /home/belle2/jaeyoung/storage_ghi/Ntuples_ghi_2/MC15ri_generic/MC15ri_etaetapip_tight_v2_240419_Kp_BCS_etapi0const/bsub_log//MC15ri_etapip_gg_fitv6_toyMC_100_242.log"
------------------------------------------------------------

Successfully completed.

Resource usage summary:

    CPU time :                                   2851.34 sec.
    Max Memory :                                 1312 MB
    Average Memory :                             972.89 MB
    Total Requested Memory :                     4000.00 MB
    Delta Memory :                               2688.00 MB
    Max Swap :                                   -
    Max Processes :                              19
    Max Threads :                                20
    Run time :                                   2874 sec.
    Turnaround time :                            2892 sec.

The output (if any) follows:



PS:

Read file <./bsub_log/242.err> for stderr output of this job.

Sender: LSF System <lsfadmin@ccb242>
Subject: Job 53598986: <bash -c "basf2 etapip_gg_fit_v6_toymc_100.py 242 > /home/belle2/jaeyoung/storage_ghi/Ntuples_ghi_2/MC15ri_generic/MC15ri_etaetapip_tight_v2_240419_Kp_BCS_etapi0const/bsub_log//MC15ri_etapip_gg_fitv6_toyMC_100_242.log"> in cluster <centralcluster> Done

Job <bash -c "basf2 etapip_gg_fit_v6_toymc_100.py 242 > /home/belle2/jaeyoung/storage_ghi/Ntuples_ghi_2/MC15ri_generic/MC15ri_etaetapip_tight_v2_240419_Kp_BCS_etapi0const/bsub_log//MC15ri_etapip_gg_fitv6_toyMC_100_242.log"> was submitted from host <ccw03> by user <jaeyoung> in cluster <centralcluster> at Mon Jul 22 18:34:53 2024
Job was executed on host(s) <ccb242>, in queue <s>, as user <jaeyoung> in cluster <centralcluster> at Mon Jul 22 18:36:15 2024
</home/belle2/jaeyoung> was used as the home directory.
</home/belle2/jaeyoung/workspace/DRAW_and_FITTING/main/FITTING/etapip/MC15ri_generic/tight_v2_fit_v6/ToyMC> was used as the working directory.
Started at Mon Jul 22 18:36:15 2024
Terminated at Mon Jul 22 19:23:46 2024
Results reported at Mon Jul 22 19:23:46 2024

Your job looked like:

------------------------------------------------------------
# LSBATCH: User input
bash -c "basf2 etapip_gg_fit_v6_toymc_100.py 242 > /home/belle2/jaeyoung/storage_ghi/Ntuples_ghi_2/MC15ri_generic/MC15ri_etaetapip_tight_v2_240419_Kp_BCS_etapi0const/bsub_log//MC15ri_etapip_gg_fitv6_toyMC_100_242.log"
------------------------------------------------------------

Successfully completed.

Resource usage summary:

    CPU time :                                   2830.53 sec.
    Max Memory :                                 1315 MB
    Average Memory :                             962.97 MB
    Total Requested Memory :                     4000.00 MB
    Delta Memory :                               2685.00 MB
    Max Swap :                                   -
    Max Processes :                              19
    Max Threads :                                20
    Run time :                                   2851 sec.
    Turnaround time :                            2933 sec.

The output (if any) follows:



PS:

Read file <./bsub_log/242.err> for stderr output of this job.

Sender: LSF System <lsfadmin@ccb023>
Subject: Job 53832176: <bash -c "basf2 etapip_gg_fit_v6_toymc_100.py 242 > /home/belle2/jaeyoung/storage_ghi/Ntuples_ghi_2/MC15ri_generic/MC15ri_etaetapip_tight_v2_240419_Kp_BCS_etapi0const/bsub_log//MC15ri_etapip_gg_fitv6_toyMC_100_242.log"> in cluster <centralcluster> Done

Job <bash -c "basf2 etapip_gg_fit_v6_toymc_100.py 242 > /home/belle2/jaeyoung/storage_ghi/Ntuples_ghi_2/MC15ri_generic/MC15ri_etaetapip_tight_v2_240419_Kp_BCS_etapi0const/bsub_log//MC15ri_etapip_gg_fitv6_toyMC_100_242.log"> was submitted from host <ccw05> by user <jaeyoung> in cluster <centralcluster> at Tue Jul 23 00:49:41 2024
Job was executed on host(s) <ccb023>, in queue <s>, as user <jaeyoung> in cluster <centralcluster> at Tue Jul 23 00:50:01 2024
</home/belle2/jaeyoung> was used as the home directory.
</home/belle2/jaeyoung/workspace/DRAW_and_FITTING/main/FITTING/etapip/MC15ri_generic/tight_v2_fit_v6/ToyMC> was used as the working directory.
Started at Tue Jul 23 00:50:01 2024
Terminated at Tue Jul 23 01:37:25 2024
Results reported at Tue Jul 23 01:37:25 2024

Your job looked like:

------------------------------------------------------------
# LSBATCH: User input
bash -c "basf2 etapip_gg_fit_v6_toymc_100.py 242 > /home/belle2/jaeyoung/storage_ghi/Ntuples_ghi_2/MC15ri_generic/MC15ri_etaetapip_tight_v2_240419_Kp_BCS_etapi0const/bsub_log//MC15ri_etapip_gg_fitv6_toyMC_100_242.log"
------------------------------------------------------------

Successfully completed.

Resource usage summary:

    CPU time :                                   2808.14 sec.
    Max Memory :                                 1313 MB
    Average Memory :                             976.37 MB
    Total Requested Memory :                     4000.00 MB
    Delta Memory :                               2687.00 MB
    Max Swap :                                   -
    Max Processes :                              19
    Max Threads :                                20
    Run time :                                   2844 sec.
    Turnaround time :                            2864 sec.

The output (if any) follows:



PS:

Read file <./bsub_log/242.err> for stderr output of this job.

Sender: LSF System <lsfadmin@ccb070>
Subject: Job 54397653: <bash -c "basf2 etapip_gg_fit_v6_toymc_100.py 242 > /home/belle2/jaeyoung/storage_ghi/Ntuples_ghi_2/MC15ri_generic/MC15ri_etaetapip_tight_v2_240419_Kp_BCS_etapi0const/bsub_log//MC15ri_etapip_gg_fitv6_toyMC_100_242.log"> in cluster <centralcluster> Done

Job <bash -c "basf2 etapip_gg_fit_v6_toymc_100.py 242 > /home/belle2/jaeyoung/storage_ghi/Ntuples_ghi_2/MC15ri_generic/MC15ri_etaetapip_tight_v2_240419_Kp_BCS_etapi0const/bsub_log//MC15ri_etapip_gg_fitv6_toyMC_100_242.log"> was submitted from host <ccw04> by user <jaeyoung> in cluster <centralcluster> at Tue Jul 23 17:58:59 2024
Job was executed on host(s) <ccb070>, in queue <s>, as user <jaeyoung> in cluster <centralcluster> at Tue Jul 23 18:25:04 2024
</home/belle2/jaeyoung> was used as the home directory.
</home/belle2/jaeyoung/workspace/DRAW_and_FITTING/main/FITTING/etapip/MC15ri_generic/tight_v2_fit_v6/ToyMC> was used as the working directory.
Started at Tue Jul 23 18:25:04 2024
Terminated at Tue Jul 23 19:10:36 2024
Results reported at Tue Jul 23 19:10:36 2024

Your job looked like:

------------------------------------------------------------
# LSBATCH: User input
bash -c "basf2 etapip_gg_fit_v6_toymc_100.py 242 > /home/belle2/jaeyoung/storage_ghi/Ntuples_ghi_2/MC15ri_generic/MC15ri_etaetapip_tight_v2_240419_Kp_BCS_etapi0const/bsub_log//MC15ri_etapip_gg_fitv6_toyMC_100_242.log"
------------------------------------------------------------

Successfully completed.

Resource usage summary:

    CPU time :                                   2723.64 sec.
    Max Memory :                                 1313 MB
    Average Memory :                             931.60 MB
    Total Requested Memory :                     4000.00 MB
    Delta Memory :                               2687.00 MB
    Max Swap :                                   -
    Max Processes :                              19
    Max Threads :                                20
    Run time :                                   2732 sec.
    Turnaround time :                            4297 sec.

The output (if any) follows:



PS:

Read file <./bsub_log/242.err> for stderr output of this job.

Sender: LSF System <lsfadmin@ccb534>
Subject: Job 54470226: <bash -c "basf2 etapip_gg_fit_v6_toymc_100.py 242 > /home/belle2/jaeyoung/storage_ghi/Ntuples_ghi_2/MC15ri_generic/MC15ri_etaetapip_tight_v2_240419_Kp_BCS_etapi0const/bsub_log//MC15ri_etapip_gg_fitv6_toyMC_100_242.log"> in cluster <centralcluster> Done

Job <bash -c "basf2 etapip_gg_fit_v6_toymc_100.py 242 > /home/belle2/jaeyoung/storage_ghi/Ntuples_ghi_2/MC15ri_generic/MC15ri_etaetapip_tight_v2_240419_Kp_BCS_etapi0const/bsub_log//MC15ri_etapip_gg_fitv6_toyMC_100_242.log"> was submitted from host <ccw03> by user <jaeyoung> in cluster <centralcluster> at Tue Jul 23 19:37:51 2024
Job was executed on host(s) <ccb534>, in queue <s>, as user <jaeyoung> in cluster <centralcluster> at Tue Jul 23 19:37:52 2024
</home/belle2/jaeyoung> was used as the home directory.
</home/belle2/jaeyoung/workspace/DRAW_and_FITTING/main/FITTING/etapip/MC15ri_generic/tight_v2_fit_v6/ToyMC> was used as the working directory.
Started at Tue Jul 23 19:37:52 2024
Terminated at Tue Jul 23 20:24:39 2024
Results reported at Tue Jul 23 20:24:39 2024

Your job looked like:

------------------------------------------------------------
# LSBATCH: User input
bash -c "basf2 etapip_gg_fit_v6_toymc_100.py 242 > /home/belle2/jaeyoung/storage_ghi/Ntuples_ghi_2/MC15ri_generic/MC15ri_etaetapip_tight_v2_240419_Kp_BCS_etapi0const/bsub_log//MC15ri_etapip_gg_fitv6_toyMC_100_242.log"
------------------------------------------------------------

Successfully completed.

Resource usage summary:

    CPU time :                                   2766.81 sec.
    Max Memory :                                 1311 MB
    Average Memory :                             934.13 MB
    Total Requested Memory :                     4000.00 MB
    Delta Memory :                               2689.00 MB
    Max Swap :                                   -
    Max Processes :                              19
    Max Threads :                                20
    Run time :                                   2807 sec.
    Turnaround time :                            2808 sec.

The output (if any) follows:



PS:

Read file <./bsub_log/242.err> for stderr output of this job.

Sender: LSF System <lsfadmin@ccb202>
Subject: Job 55515739: <bash -c "basf2 etapip_gg_fit_v6_toymc_100.py 242 > /home/belle2/jaeyoung/storage_ghi/Ntuples_ghi_2/MC15ri_generic/MC15ri_etaetapip_tight_v2_240419_Kp_BCS_etapi0const/bsub_log//MC15ri_etapip_gg_fitv6_toyMC_100_242.log"> in cluster <centralcluster> Done

Job <bash -c "basf2 etapip_gg_fit_v6_toymc_100.py 242 > /home/belle2/jaeyoung/storage_ghi/Ntuples_ghi_2/MC15ri_generic/MC15ri_etaetapip_tight_v2_240419_Kp_BCS_etapi0const/bsub_log//MC15ri_etapip_gg_fitv6_toyMC_100_242.log"> was submitted from host <ccw01> by user <jaeyoung> in cluster <centralcluster> at Thu Jul 25 20:50:47 2024
Job was executed on host(s) <ccb202>, in queue <s>, as user <jaeyoung> in cluster <centralcluster> at Thu Jul 25 20:50:48 2024
</home/belle2/jaeyoung> was used as the home directory.
</gpfs/home/belle2/jaeyoung/workspace/DRAW_and_FITTING/main/FITTING/etapip/MC15ri_generic/tight_v2_fit_v6/ToyMC> was used as the working directory.
Started at Thu Jul 25 20:50:48 2024
Terminated at Thu Jul 25 21:37:54 2024
Results reported at Thu Jul 25 21:37:54 2024

Your job looked like:

------------------------------------------------------------
# LSBATCH: User input
bash -c "basf2 etapip_gg_fit_v6_toymc_100.py 242 > /home/belle2/jaeyoung/storage_ghi/Ntuples_ghi_2/MC15ri_generic/MC15ri_etaetapip_tight_v2_240419_Kp_BCS_etapi0const/bsub_log//MC15ri_etapip_gg_fitv6_toyMC_100_242.log"
------------------------------------------------------------

Successfully completed.

Resource usage summary:

    CPU time :                                   2768.99 sec.
    Max Memory :                                 1313 MB
    Average Memory :                             945.39 MB
    Total Requested Memory :                     4000.00 MB
    Delta Memory :                               2687.00 MB
    Max Swap :                                   -
    Max Processes :                              19
    Max Threads :                                20
    Run time :                                   2827 sec.
    Turnaround time :                            2827 sec.

The output (if any) follows:



PS:

Read file <./bsub_log/242.err> for stderr output of this job.

Sender: LSF System <lsfadmin@ccb236>
Subject: Job 56103183: <bash -c "basf2 etapip_gg_fit_v6_toymc_100.py 242 > /home/belle2/jaeyoung/storage_ghi/Ntuples_ghi_2/MC15ri_generic/MC15ri_etaetapip_tight_v2_240419_Kp_BCS_etapi0const/bsub_log//MC15ri_etapip_gg_fitv6_toyMC_100_242.log"> in cluster <centralcluster> Done

Job <bash -c "basf2 etapip_gg_fit_v6_toymc_100.py 242 > /home/belle2/jaeyoung/storage_ghi/Ntuples_ghi_2/MC15ri_generic/MC15ri_etaetapip_tight_v2_240419_Kp_BCS_etapi0const/bsub_log//MC15ri_etapip_gg_fitv6_toyMC_100_242.log"> was submitted from host <ccw06> by user <jaeyoung> in cluster <centralcluster> at Fri Jul 26 23:43:47 2024
Job was executed on host(s) <ccb236>, in queue <s>, as user <jaeyoung> in cluster <centralcluster> at Sat Jul 27 00:18:37 2024
</home/belle2/jaeyoung> was used as the home directory.
</home/belle2/jaeyoung/workspace/DRAW_and_FITTING/main/FITTING/etapip/MC15ri_generic/tight_v2_fit_v6/ToyMC> was used as the working directory.
Started at Sat Jul 27 00:18:37 2024
Terminated at Sat Jul 27 00:53:16 2024
Results reported at Sat Jul 27 00:53:16 2024

Your job looked like:

------------------------------------------------------------
# LSBATCH: User input
bash -c "basf2 etapip_gg_fit_v6_toymc_100.py 242 > /home/belle2/jaeyoung/storage_ghi/Ntuples_ghi_2/MC15ri_generic/MC15ri_etaetapip_tight_v2_240419_Kp_BCS_etapi0const/bsub_log//MC15ri_etapip_gg_fitv6_toyMC_100_242.log"
------------------------------------------------------------

Successfully completed.

Resource usage summary:

    CPU time :                                   2031.97 sec.
    Max Memory :                                 924 MB
    Average Memory :                             651.40 MB
    Total Requested Memory :                     4000.00 MB
    Delta Memory :                               3076.00 MB
    Max Swap :                                   -
    Max Processes :                              19
    Max Threads :                                20
    Run time :                                   2079 sec.
    Turnaround time :                            4169 sec.

The output (if any) follows:



PS:

Read file <./bsub_log/242.err> for stderr output of this job.

Sender: LSF System <lsfadmin@ccb260>
Subject: Job 56133589: <bash -c "basf2 etapip_gg_fit_v6_toymc_100.py 242 > /home/belle2/jaeyoung/storage_ghi/Ntuples_ghi_2/MC15ri_generic/MC15ri_etaetapip_tight_v2_240419_Kp_BCS_etapi0const/bsub_log//MC15ri_etapip_gg_fitv6_toyMC_100_242.log"> in cluster <centralcluster> Done

Job <bash -c "basf2 etapip_gg_fit_v6_toymc_100.py 242 > /home/belle2/jaeyoung/storage_ghi/Ntuples_ghi_2/MC15ri_generic/MC15ri_etaetapip_tight_v2_240419_Kp_BCS_etapi0const/bsub_log//MC15ri_etapip_gg_fitv6_toyMC_100_242.log"> was submitted from host <ccw03> by user <jaeyoung> in cluster <centralcluster> at Sat Jul 27 01:13:13 2024
Job was executed on host(s) <ccb260>, in queue <s>, as user <jaeyoung> in cluster <centralcluster> at Sat Jul 27 03:04:31 2024
</home/belle2/jaeyoung> was used as the home directory.
</gpfs/home/belle2/jaeyoung/workspace/DRAW_and_FITTING/main/FITTING/etapip/MC15ri_generic/tight_v2_fit_v6/ToyMC> was used as the working directory.
Started at Sat Jul 27 03:04:31 2024
Terminated at Sat Jul 27 03:43:28 2024
Results reported at Sat Jul 27 03:43:28 2024

Your job looked like:

------------------------------------------------------------
# LSBATCH: User input
bash -c "basf2 etapip_gg_fit_v6_toymc_100.py 242 > /home/belle2/jaeyoung/storage_ghi/Ntuples_ghi_2/MC15ri_generic/MC15ri_etaetapip_tight_v2_240419_Kp_BCS_etapi0const/bsub_log//MC15ri_etapip_gg_fitv6_toyMC_100_242.log"
------------------------------------------------------------

Successfully completed.

Resource usage summary:

    CPU time :                                   2290.57 sec.
    Max Memory :                                 919 MB
    Average Memory :                             656.49 MB
    Total Requested Memory :                     4000.00 MB
    Delta Memory :                               3081.00 MB
    Max Swap :                                   -
    Max Processes :                              19
    Max Threads :                                20
    Run time :                                   2337 sec.
    Turnaround time :                            9015 sec.

The output (if any) follows:



PS:

Read file <./bsub_log/242.err> for stderr output of this job.

Sender: LSF System <lsfadmin@ccb033>
Subject: Job 57220350: <bash -c "basf2 etapip_gg_fit_v6_toymc_100.py 242 > /home/belle2/jaeyoung/storage_ghi/Ntuples_ghi_2/MC15ri_generic/MC15ri_etaetapip_tight_v2_240419_Kp_BCS_etapi0const/bsub_log//MC15ri_etapip_gg_fitv6_toyMC_100_242.log"> in cluster <centralcluster> Exited

Job <bash -c "basf2 etapip_gg_fit_v6_toymc_100.py 242 > /home/belle2/jaeyoung/storage_ghi/Ntuples_ghi_2/MC15ri_generic/MC15ri_etaetapip_tight_v2_240419_Kp_BCS_etapi0const/bsub_log//MC15ri_etapip_gg_fitv6_toyMC_100_242.log"> was submitted from host <ccx03> by user <jaeyoung> in cluster <centralcluster> at Mon Jul 29 18:45:04 2024
Job was executed on host(s) <ccb033>, in queue <s>, as user <jaeyoung> in cluster <centralcluster> at Mon Jul 29 18:45:05 2024
</home/belle2/jaeyoung> was used as the home directory.
</gpfs/home/belle2/jaeyoung/workspace/DRAW_and_FITTING/main/FITTING/etapip/MC15ri_generic/tight_v2_fit_v6/ToyMC> was used as the working directory.
Started at Mon Jul 29 18:45:05 2024
Terminated at Mon Jul 29 19:47:43 2024
Results reported at Mon Jul 29 19:47:43 2024

Your job looked like:

------------------------------------------------------------
# LSBATCH: User input
bash -c "basf2 etapip_gg_fit_v6_toymc_100.py 242 > /home/belle2/jaeyoung/storage_ghi/Ntuples_ghi_2/MC15ri_generic/MC15ri_etaetapip_tight_v2_240419_Kp_BCS_etapi0const/bsub_log//MC15ri_etapip_gg_fitv6_toyMC_100_242.log"
------------------------------------------------------------

Exited with exit code 1.

Resource usage summary:

    CPU time :                                   3710.27 sec.
    Max Memory :                                 1399 MB
    Average Memory :                             1037.68 MB
    Total Requested Memory :                     4000.00 MB
    Delta Memory :                               2601.00 MB
    Max Swap :                                   -
    Max Processes :                              19
    Max Threads :                                20
    Run time :                                   3759 sec.
    Turnaround time :                            3759 sec.

The output (if any) follows:



PS:

Read file <./bsub_log/242.err> for stderr output of this job.

Sender: LSF System <lsfadmin@ccb117>
Subject: Job 57308425: <bash -c "basf2 etapip_gg_fit_v6_toymc_100.py 242 > /home/belle2/jaeyoung/storage_ghi/Ntuples_ghi_2/MC15ri_generic/MC15ri_etaetapip_tight_v2_240419_Kp_BCS_etapi0const/bsub_log//MC15ri_etapip_gg_fitv6_toyMC_100_242.log"> in cluster <centralcluster> Done

Job <bash -c "basf2 etapip_gg_fit_v6_toymc_100.py 242 > /home/belle2/jaeyoung/storage_ghi/Ntuples_ghi_2/MC15ri_generic/MC15ri_etaetapip_tight_v2_240419_Kp_BCS_etapi0const/bsub_log//MC15ri_etapip_gg_fitv6_toyMC_100_242.log"> was submitted from host <ccw03> by user <jaeyoung> in cluster <centralcluster> at Mon Jul 29 23:02:35 2024
Job was executed on host(s) <ccb117>, in queue <s>, as user <jaeyoung> in cluster <centralcluster> at Mon Jul 29 23:03:32 2024
</home/belle2/jaeyoung> was used as the home directory.
</home/belle2/jaeyoung/workspace/DRAW_and_FITTING/main/FITTING/etapip/MC15ri_generic/tight_v2_fit_v6/ToyMC> was used as the working directory.
Started at Mon Jul 29 23:03:32 2024
Terminated at Tue Jul 30 00:06:07 2024
Results reported at Tue Jul 30 00:06:07 2024

Your job looked like:

------------------------------------------------------------
# LSBATCH: User input
bash -c "basf2 etapip_gg_fit_v6_toymc_100.py 242 > /home/belle2/jaeyoung/storage_ghi/Ntuples_ghi_2/MC15ri_generic/MC15ri_etaetapip_tight_v2_240419_Kp_BCS_etapi0const/bsub_log//MC15ri_etapip_gg_fitv6_toyMC_100_242.log"
------------------------------------------------------------

Successfully completed.

Resource usage summary:

    CPU time :                                   3744.33 sec.
    Max Memory :                                 1421 MB
    Average Memory :                             1039.21 MB
    Total Requested Memory :                     4000.00 MB
    Delta Memory :                               2579.00 MB
    Max Swap :                                   -
    Max Processes :                              19
    Max Threads :                                20
    Run time :                                   3756 sec.
    Turnaround time :                            3812 sec.

The output (if any) follows:



PS:

Read file <./bsub_log/242.err> for stderr output of this job.

Sender: LSF System <lsfadmin@ccb502>
Subject: Job 57390049: <bash -c "basf2 etapip_gg_fit_v6_toymc_100.py 242 > /home/belle2/jaeyoung/storage_ghi/Ntuples_ghi_2/MC15ri_generic/MC15ri_etaetapip_tight_v2_240419_Kp_BCS_etapi0const/bsub_log//MC15ri_etapip_gg_fitv6_toyMC_100_242.log"> in cluster <centralcluster> Done

Job <bash -c "basf2 etapip_gg_fit_v6_toymc_100.py 242 > /home/belle2/jaeyoung/storage_ghi/Ntuples_ghi_2/MC15ri_generic/MC15ri_etaetapip_tight_v2_240419_Kp_BCS_etapi0const/bsub_log//MC15ri_etapip_gg_fitv6_toyMC_100_242.log"> was submitted from host <ccw03> by user <jaeyoung> in cluster <centralcluster> at Tue Jul 30 01:17:17 2024
Job was executed on host(s) <ccb502>, in queue <s>, as user <jaeyoung> in cluster <centralcluster> at Tue Jul 30 01:17:57 2024
</home/belle2/jaeyoung> was used as the home directory.
</home/belle2/jaeyoung/workspace/DRAW_and_FITTING/main/FITTING/etapip/MC15ri_generic/tight_v2_fit_v6/ToyMC> was used as the working directory.
Started at Tue Jul 30 01:17:57 2024
Terminated at Tue Jul 30 02:24:58 2024
Results reported at Tue Jul 30 02:24:58 2024

Your job looked like:

------------------------------------------------------------
# LSBATCH: User input
bash -c "basf2 etapip_gg_fit_v6_toymc_100.py 242 > /home/belle2/jaeyoung/storage_ghi/Ntuples_ghi_2/MC15ri_generic/MC15ri_etaetapip_tight_v2_240419_Kp_BCS_etapi0const/bsub_log//MC15ri_etapip_gg_fitv6_toyMC_100_242.log"
------------------------------------------------------------

Successfully completed.

Resource usage summary:

    CPU time :                                   3942.93 sec.
    Max Memory :                                 1432 MB
    Average Memory :                             1048.82 MB
    Total Requested Memory :                     4000.00 MB
    Delta Memory :                               2568.00 MB
    Max Swap :                                   -
    Max Processes :                              19
    Max Threads :                                20
    Run time :                                   4021 sec.
    Turnaround time :                            4061 sec.

The output (if any) follows:



PS:

Read file <./bsub_log/242.err> for stderr output of this job.

