Sender: LSF System <lsfadmin@ccb018>
Subject: Job 52359440: <bash -c "basf2 etapip_gg_fit_v6_toymc_100.py 245 > /home/belle2/jaeyoung/storage_ghi/Ntuples_ghi_2/MC15ri_generic/MC15ri_etaetapip_tight_v2_240419_Kp_BCS_etapi0const/bsub_log//MC15ri_etapip_gg_fitv6_toyMC_100_245.log"> in cluster <centralcluster> Done

Job <bash -c "basf2 etapip_gg_fit_v6_toymc_100.py 245 > /home/belle2/jaeyoung/storage_ghi/Ntuples_ghi_2/MC15ri_generic/MC15ri_etaetapip_tight_v2_240419_Kp_BCS_etapi0const/bsub_log//MC15ri_etapip_gg_fitv6_toyMC_100_245.log"> was submitted from host <ccw02> by user <jaeyoung> in cluster <centralcluster> at Sat Jul 20 14:39:28 2024
Job was executed on host(s) <ccb018>, in queue <s>, as user <jaeyoung> in cluster <centralcluster> at Sat Jul 20 14:42:22 2024
</home/belle2/jaeyoung> was used as the home directory.
</home/belle2/jaeyoung/workspace/DRAW_and_FITTING/main/FITTING/etapip/MC15ri_generic/tight_v2_fit_v6/ToyMC> was used as the working directory.
Started at Sat Jul 20 14:42:22 2024
Terminated at Sat Jul 20 15:30:09 2024
Results reported at Sat Jul 20 15:30:09 2024

Your job looked like:

------------------------------------------------------------
# LSBATCH: User input
bash -c "basf2 etapip_gg_fit_v6_toymc_100.py 245 > /home/belle2/jaeyoung/storage_ghi/Ntuples_ghi_2/MC15ri_generic/MC15ri_etaetapip_tight_v2_240419_Kp_BCS_etapi0const/bsub_log//MC15ri_etapip_gg_fitv6_toyMC_100_245.log"
------------------------------------------------------------

Successfully completed.

Resource usage summary:

    CPU time :                                   2790.26 sec.
    Max Memory :                                 1311 MB
    Average Memory :                             949.47 MB
    Total Requested Memory :                     4000.00 MB
    Delta Memory :                               2689.00 MB
    Max Swap :                                   -
    Max Processes :                              19
    Max Threads :                                20
    Run time :                                   2867 sec.
    Turnaround time :                            3041 sec.

The output (if any) follows:



PS:

Read file <./bsub_log/245.err> for stderr output of this job.

Sender: LSF System <lsfadmin@ccb036>
Subject: Job 53029943: <bash -c "basf2 etapip_gg_fit_v6_toymc_100.py 245 > /home/belle2/jaeyoung/storage_ghi/Ntuples_ghi_2/MC15ri_generic/MC15ri_etaetapip_tight_v2_240419_Kp_BCS_etapi0const/bsub_log//MC15ri_etapip_gg_fitv6_toyMC_100_245.log"> in cluster <centralcluster> Done

Job <bash -c "basf2 etapip_gg_fit_v6_toymc_100.py 245 > /home/belle2/jaeyoung/storage_ghi/Ntuples_ghi_2/MC15ri_generic/MC15ri_etaetapip_tight_v2_240419_Kp_BCS_etapi0const/bsub_log//MC15ri_etapip_gg_fitv6_toyMC_100_245.log"> was submitted from host <ccw03> by user <jaeyoung> in cluster <centralcluster> at Sun Jul 21 17:30:51 2024
Job was executed on host(s) <ccb036>, in queue <s>, as user <jaeyoung> in cluster <centralcluster> at Sun Jul 21 17:31:20 2024
</home/belle2/jaeyoung> was used as the home directory.
</home/belle2/jaeyoung/workspace/DRAW_and_FITTING/main/FITTING/etapip/MC15ri_generic/tight_v2_fit_v6/ToyMC> was used as the working directory.
Started at Sun Jul 21 17:31:20 2024
Terminated at Sun Jul 21 18:18:22 2024
Results reported at Sun Jul 21 18:18:22 2024

Your job looked like:

------------------------------------------------------------
# LSBATCH: User input
bash -c "basf2 etapip_gg_fit_v6_toymc_100.py 245 > /home/belle2/jaeyoung/storage_ghi/Ntuples_ghi_2/MC15ri_generic/MC15ri_etaetapip_tight_v2_240419_Kp_BCS_etapi0const/bsub_log//MC15ri_etapip_gg_fitv6_toyMC_100_245.log"
------------------------------------------------------------

Successfully completed.

Resource usage summary:

    CPU time :                                   2799.20 sec.
    Max Memory :                                 1310 MB
    Average Memory :                             937.64 MB
    Total Requested Memory :                     4000.00 MB
    Delta Memory :                               2690.00 MB
    Max Swap :                                   -
    Max Processes :                              19
    Max Threads :                                20
    Run time :                                   2823 sec.
    Turnaround time :                            2851 sec.

The output (if any) follows:



PS:

Read file <./bsub_log/245.err> for stderr output of this job.

Sender: LSF System <lsfadmin@ccb255>
Subject: Job 53202480: <bash -c "basf2 etapip_gg_fit_v6_toymc_100.py 245 > /home/belle2/jaeyoung/storage_ghi/Ntuples_ghi_2/MC15ri_generic/MC15ri_etaetapip_tight_v2_240419_Kp_BCS_etapi0const/bsub_log//MC15ri_etapip_gg_fitv6_toyMC_100_245.log"> in cluster <centralcluster> Exited

Job <bash -c "basf2 etapip_gg_fit_v6_toymc_100.py 245 > /home/belle2/jaeyoung/storage_ghi/Ntuples_ghi_2/MC15ri_generic/MC15ri_etaetapip_tight_v2_240419_Kp_BCS_etapi0const/bsub_log//MC15ri_etapip_gg_fitv6_toyMC_100_245.log"> was submitted from host <ccw03> by user <jaeyoung> in cluster <centralcluster> at Mon Jul 22 00:49:54 2024
Job was executed on host(s) <ccb255>, in queue <s>, as user <jaeyoung> in cluster <centralcluster> at Mon Jul 22 00:50:40 2024
</home/belle2/jaeyoung> was used as the home directory.
</home/belle2/jaeyoung/workspace/DRAW_and_FITTING/main/FITTING/etapip/MC15ri_generic/tight_v2_fit_v6/ToyMC> was used as the working directory.
Started at Mon Jul 22 00:50:40 2024
Terminated at Mon Jul 22 01:08:12 2024
Results reported at Mon Jul 22 01:08:12 2024

Your job looked like:

------------------------------------------------------------
# LSBATCH: User input
bash -c "basf2 etapip_gg_fit_v6_toymc_100.py 245 > /home/belle2/jaeyoung/storage_ghi/Ntuples_ghi_2/MC15ri_generic/MC15ri_etaetapip_tight_v2_240419_Kp_BCS_etapi0const/bsub_log//MC15ri_etapip_gg_fitv6_toyMC_100_245.log"
------------------------------------------------------------

Exited with exit code 1.

Resource usage summary:

    CPU time :                                   1047.10 sec.
    Max Memory :                                 1255 MB
    Average Memory :                             1176.34 MB
    Total Requested Memory :                     4000.00 MB
    Delta Memory :                               2745.00 MB
    Max Swap :                                   -
    Max Processes :                              19
    Max Threads :                                20
    Run time :                                   1053 sec.
    Turnaround time :                            1098 sec.

The output (if any) follows:



PS:

Read file <./bsub_log/245.err> for stderr output of this job.

Sender: LSF System <lsfadmin@ccb009>
Subject: Job 53406912: <bash -c "basf2 etapip_gg_fit_v6_toymc_100.py 245 > /home/belle2/jaeyoung/storage_ghi/Ntuples_ghi_2/MC15ri_generic/MC15ri_etaetapip_tight_v2_240419_Kp_BCS_etapi0const/bsub_log//MC15ri_etapip_gg_fitv6_toyMC_100_245.log"> in cluster <centralcluster> Done

Job <bash -c "basf2 etapip_gg_fit_v6_toymc_100.py 245 > /home/belle2/jaeyoung/storage_ghi/Ntuples_ghi_2/MC15ri_generic/MC15ri_etaetapip_tight_v2_240419_Kp_BCS_etapi0const/bsub_log//MC15ri_etapip_gg_fitv6_toyMC_100_245.log"> was submitted from host <ccw06> by user <jaeyoung> in cluster <centralcluster> at Mon Jul 22 10:48:45 2024
Job was executed on host(s) <ccb009>, in queue <s>, as user <jaeyoung> in cluster <centralcluster> at Mon Jul 22 10:49:04 2024
</home/belle2/jaeyoung> was used as the home directory.
</home/belle2/jaeyoung/workspace/DRAW_and_FITTING/main/FITTING/etapip/MC15ri_generic/tight_v2_fit_v6/ToyMC> was used as the working directory.
Started at Mon Jul 22 10:49:04 2024
Terminated at Mon Jul 22 11:38:48 2024
Results reported at Mon Jul 22 11:38:48 2024

Your job looked like:

------------------------------------------------------------
# LSBATCH: User input
bash -c "basf2 etapip_gg_fit_v6_toymc_100.py 245 > /home/belle2/jaeyoung/storage_ghi/Ntuples_ghi_2/MC15ri_generic/MC15ri_etaetapip_tight_v2_240419_Kp_BCS_etapi0const/bsub_log//MC15ri_etapip_gg_fitv6_toyMC_100_245.log"
------------------------------------------------------------

Successfully completed.

Resource usage summary:

    CPU time :                                   2951.08 sec.
    Max Memory :                                 1313 MB
    Average Memory :                             964.83 MB
    Total Requested Memory :                     4000.00 MB
    Delta Memory :                               2687.00 MB
    Max Swap :                                   -
    Max Processes :                              19
    Max Threads :                                20
    Run time :                                   2985 sec.
    Turnaround time :                            3003 sec.

The output (if any) follows:



PS:

Read file <./bsub_log/245.err> for stderr output of this job.

Sender: LSF System <lsfadmin@ccb045>
Subject: Job 53599001: <bash -c "basf2 etapip_gg_fit_v6_toymc_100.py 245 > /home/belle2/jaeyoung/storage_ghi/Ntuples_ghi_2/MC15ri_generic/MC15ri_etaetapip_tight_v2_240419_Kp_BCS_etapi0const/bsub_log//MC15ri_etapip_gg_fitv6_toyMC_100_245.log"> in cluster <centralcluster> Done

Job <bash -c "basf2 etapip_gg_fit_v6_toymc_100.py 245 > /home/belle2/jaeyoung/storage_ghi/Ntuples_ghi_2/MC15ri_generic/MC15ri_etaetapip_tight_v2_240419_Kp_BCS_etapi0const/bsub_log//MC15ri_etapip_gg_fitv6_toyMC_100_245.log"> was submitted from host <ccw03> by user <jaeyoung> in cluster <centralcluster> at Mon Jul 22 18:34:54 2024
Job was executed on host(s) <ccb045>, in queue <s>, as user <jaeyoung> in cluster <centralcluster> at Mon Jul 22 18:36:18 2024
</home/belle2/jaeyoung> was used as the home directory.
</home/belle2/jaeyoung/workspace/DRAW_and_FITTING/main/FITTING/etapip/MC15ri_generic/tight_v2_fit_v6/ToyMC> was used as the working directory.
Started at Mon Jul 22 18:36:18 2024
Terminated at Mon Jul 22 19:22:07 2024
Results reported at Mon Jul 22 19:22:07 2024

Your job looked like:

------------------------------------------------------------
# LSBATCH: User input
bash -c "basf2 etapip_gg_fit_v6_toymc_100.py 245 > /home/belle2/jaeyoung/storage_ghi/Ntuples_ghi_2/MC15ri_generic/MC15ri_etaetapip_tight_v2_240419_Kp_BCS_etapi0const/bsub_log//MC15ri_etapip_gg_fitv6_toyMC_100_245.log"
------------------------------------------------------------

Successfully completed.

Resource usage summary:

    CPU time :                                   2730.70 sec.
    Max Memory :                                 1319 MB
    Average Memory :                             961.74 MB
    Total Requested Memory :                     4000.00 MB
    Delta Memory :                               2681.00 MB
    Max Swap :                                   -
    Max Processes :                              19
    Max Threads :                                20
    Run time :                                   2749 sec.
    Turnaround time :                            2833 sec.

The output (if any) follows:



PS:

Read file <./bsub_log/245.err> for stderr output of this job.

Sender: LSF System <lsfadmin@ccb212>
Subject: Job 53832188: <bash -c "basf2 etapip_gg_fit_v6_toymc_100.py 245 > /home/belle2/jaeyoung/storage_ghi/Ntuples_ghi_2/MC15ri_generic/MC15ri_etaetapip_tight_v2_240419_Kp_BCS_etapi0const/bsub_log//MC15ri_etapip_gg_fitv6_toyMC_100_245.log"> in cluster <centralcluster> Done

Job <bash -c "basf2 etapip_gg_fit_v6_toymc_100.py 245 > /home/belle2/jaeyoung/storage_ghi/Ntuples_ghi_2/MC15ri_generic/MC15ri_etaetapip_tight_v2_240419_Kp_BCS_etapi0const/bsub_log//MC15ri_etapip_gg_fitv6_toyMC_100_245.log"> was submitted from host <ccw05> by user <jaeyoung> in cluster <centralcluster> at Tue Jul 23 00:49:42 2024
Job was executed on host(s) <ccb212>, in queue <s>, as user <jaeyoung> in cluster <centralcluster> at Tue Jul 23 00:50:02 2024
</home/belle2/jaeyoung> was used as the home directory.
</home/belle2/jaeyoung/workspace/DRAW_and_FITTING/main/FITTING/etapip/MC15ri_generic/tight_v2_fit_v6/ToyMC> was used as the working directory.
Started at Tue Jul 23 00:50:02 2024
Terminated at Tue Jul 23 01:37:27 2024
Results reported at Tue Jul 23 01:37:27 2024

Your job looked like:

------------------------------------------------------------
# LSBATCH: User input
bash -c "basf2 etapip_gg_fit_v6_toymc_100.py 245 > /home/belle2/jaeyoung/storage_ghi/Ntuples_ghi_2/MC15ri_generic/MC15ri_etaetapip_tight_v2_240419_Kp_BCS_etapi0const/bsub_log//MC15ri_etapip_gg_fitv6_toyMC_100_245.log"
------------------------------------------------------------

Successfully completed.

Resource usage summary:

    CPU time :                                   2761.57 sec.
    Max Memory :                                 1311 MB
    Average Memory :                             937.46 MB
    Total Requested Memory :                     4000.00 MB
    Delta Memory :                               2689.00 MB
    Max Swap :                                   -
    Max Processes :                              19
    Max Threads :                                20
    Run time :                                   2845 sec.
    Turnaround time :                            2865 sec.

The output (if any) follows:



PS:

Read file <./bsub_log/245.err> for stderr output of this job.

Sender: LSF System <lsfadmin@ccb517>
Subject: Job 54397670: <bash -c "basf2 etapip_gg_fit_v6_toymc_100.py 245 > /home/belle2/jaeyoung/storage_ghi/Ntuples_ghi_2/MC15ri_generic/MC15ri_etaetapip_tight_v2_240419_Kp_BCS_etapi0const/bsub_log//MC15ri_etapip_gg_fitv6_toyMC_100_245.log"> in cluster <centralcluster> Done

Job <bash -c "basf2 etapip_gg_fit_v6_toymc_100.py 245 > /home/belle2/jaeyoung/storage_ghi/Ntuples_ghi_2/MC15ri_generic/MC15ri_etaetapip_tight_v2_240419_Kp_BCS_etapi0const/bsub_log//MC15ri_etapip_gg_fitv6_toyMC_100_245.log"> was submitted from host <ccw04> by user <jaeyoung> in cluster <centralcluster> at Tue Jul 23 17:59:00 2024
Job was executed on host(s) <ccb517>, in queue <s>, as user <jaeyoung> in cluster <centralcluster> at Tue Jul 23 18:25:04 2024
</home/belle2/jaeyoung> was used as the home directory.
</home/belle2/jaeyoung/workspace/DRAW_and_FITTING/main/FITTING/etapip/MC15ri_generic/tight_v2_fit_v6/ToyMC> was used as the working directory.
Started at Tue Jul 23 18:25:04 2024
Terminated at Tue Jul 23 19:12:44 2024
Results reported at Tue Jul 23 19:12:44 2024

Your job looked like:

------------------------------------------------------------
# LSBATCH: User input
bash -c "basf2 etapip_gg_fit_v6_toymc_100.py 245 > /home/belle2/jaeyoung/storage_ghi/Ntuples_ghi_2/MC15ri_generic/MC15ri_etaetapip_tight_v2_240419_Kp_BCS_etapi0const/bsub_log//MC15ri_etapip_gg_fitv6_toyMC_100_245.log"
------------------------------------------------------------

Successfully completed.

Resource usage summary:

    CPU time :                                   2840.60 sec.
    Max Memory :                                 1313 MB
    Average Memory :                             953.97 MB
    Total Requested Memory :                     4000.00 MB
    Delta Memory :                               2687.00 MB
    Max Swap :                                   -
    Max Processes :                              19
    Max Threads :                                20
    Run time :                                   2860 sec.
    Turnaround time :                            4424 sec.

The output (if any) follows:



PS:

Read file <./bsub_log/245.err> for stderr output of this job.

