Sender: LSF System <lsfadmin@ccb506>
Subject: Job 52359447: <bash -c "basf2 etapip_gg_fit_v6_toymc_100.py 248 > /home/belle2/jaeyoung/storage_ghi/Ntuples_ghi_2/MC15ri_generic/MC15ri_etaetapip_tight_v2_240419_Kp_BCS_etapi0const/bsub_log//MC15ri_etapip_gg_fitv6_toyMC_100_248.log"> in cluster <centralcluster> Done

Job <bash -c "basf2 etapip_gg_fit_v6_toymc_100.py 248 > /home/belle2/jaeyoung/storage_ghi/Ntuples_ghi_2/MC15ri_generic/MC15ri_etaetapip_tight_v2_240419_Kp_BCS_etapi0const/bsub_log//MC15ri_etapip_gg_fitv6_toyMC_100_248.log"> was submitted from host <ccw02> by user <jaeyoung> in cluster <centralcluster> at Sat Jul 20 14:39:29 2024
Job was executed on host(s) <ccb506>, in queue <s>, as user <jaeyoung> in cluster <centralcluster> at Sat Jul 20 14:42:24 2024
</home/belle2/jaeyoung> was used as the home directory.
</home/belle2/jaeyoung/workspace/DRAW_and_FITTING/main/FITTING/etapip/MC15ri_generic/tight_v2_fit_v6/ToyMC> was used as the working directory.
Started at Sat Jul 20 14:42:24 2024
Terminated at Sat Jul 20 15:31:12 2024
Results reported at Sat Jul 20 15:31:12 2024

Your job looked like:

------------------------------------------------------------
# LSBATCH: User input
bash -c "basf2 etapip_gg_fit_v6_toymc_100.py 248 > /home/belle2/jaeyoung/storage_ghi/Ntuples_ghi_2/MC15ri_generic/MC15ri_etaetapip_tight_v2_240419_Kp_BCS_etapi0const/bsub_log//MC15ri_etapip_gg_fitv6_toyMC_100_248.log"
------------------------------------------------------------

Successfully completed.

Resource usage summary:

    CPU time :                                   2894.21 sec.
    Max Memory :                                 1311 MB
    Average Memory :                             952.09 MB
    Total Requested Memory :                     4000.00 MB
    Delta Memory :                               2689.00 MB
    Max Swap :                                   -
    Max Processes :                              19
    Max Threads :                                20
    Run time :                                   2929 sec.
    Turnaround time :                            3103 sec.

The output (if any) follows:



PS:

Read file <./bsub_log/248.err> for stderr output of this job.

Sender: LSF System <lsfadmin@ccb184>
Subject: Job 53029954: <bash -c "basf2 etapip_gg_fit_v6_toymc_100.py 248 > /home/belle2/jaeyoung/storage_ghi/Ntuples_ghi_2/MC15ri_generic/MC15ri_etaetapip_tight_v2_240419_Kp_BCS_etapi0const/bsub_log//MC15ri_etapip_gg_fitv6_toyMC_100_248.log"> in cluster <centralcluster> Done

Job <bash -c "basf2 etapip_gg_fit_v6_toymc_100.py 248 > /home/belle2/jaeyoung/storage_ghi/Ntuples_ghi_2/MC15ri_generic/MC15ri_etaetapip_tight_v2_240419_Kp_BCS_etapi0const/bsub_log//MC15ri_etapip_gg_fitv6_toyMC_100_248.log"> was submitted from host <ccw03> by user <jaeyoung> in cluster <centralcluster> at Sun Jul 21 17:30:52 2024
Job was executed on host(s) <ccb184>, in queue <s>, as user <jaeyoung> in cluster <centralcluster> at Sun Jul 21 17:31:20 2024
</home/belle2/jaeyoung> was used as the home directory.
</home/belle2/jaeyoung/workspace/DRAW_and_FITTING/main/FITTING/etapip/MC15ri_generic/tight_v2_fit_v6/ToyMC> was used as the working directory.
Started at Sun Jul 21 17:31:20 2024
Terminated at Sun Jul 21 18:17:55 2024
Results reported at Sun Jul 21 18:17:55 2024

Your job looked like:

------------------------------------------------------------
# LSBATCH: User input
bash -c "basf2 etapip_gg_fit_v6_toymc_100.py 248 > /home/belle2/jaeyoung/storage_ghi/Ntuples_ghi_2/MC15ri_generic/MC15ri_etaetapip_tight_v2_240419_Kp_BCS_etapi0const/bsub_log//MC15ri_etapip_gg_fitv6_toyMC_100_248.log"
------------------------------------------------------------

Successfully completed.

Resource usage summary:

    CPU time :                                   2781.89 sec.
    Max Memory :                                 1311 MB
    Average Memory :                             939.34 MB
    Total Requested Memory :                     4000.00 MB
    Delta Memory :                               2689.00 MB
    Max Swap :                                   -
    Max Processes :                              19
    Max Threads :                                20
    Run time :                                   2794 sec.
    Turnaround time :                            2823 sec.

The output (if any) follows:



PS:

Read file <./bsub_log/248.err> for stderr output of this job.

Sender: LSF System <lsfadmin@ccb235>
Subject: Job 53202487: <bash -c "basf2 etapip_gg_fit_v6_toymc_100.py 248 > /home/belle2/jaeyoung/storage_ghi/Ntuples_ghi_2/MC15ri_generic/MC15ri_etaetapip_tight_v2_240419_Kp_BCS_etapi0const/bsub_log//MC15ri_etapip_gg_fitv6_toyMC_100_248.log"> in cluster <centralcluster> Exited

Job <bash -c "basf2 etapip_gg_fit_v6_toymc_100.py 248 > /home/belle2/jaeyoung/storage_ghi/Ntuples_ghi_2/MC15ri_generic/MC15ri_etaetapip_tight_v2_240419_Kp_BCS_etapi0const/bsub_log//MC15ri_etapip_gg_fitv6_toyMC_100_248.log"> was submitted from host <ccw03> by user <jaeyoung> in cluster <centralcluster> at Mon Jul 22 00:49:55 2024
Job was executed on host(s) <ccb235>, in queue <s>, as user <jaeyoung> in cluster <centralcluster> at Mon Jul 22 00:50:41 2024
</home/belle2/jaeyoung> was used as the home directory.
</home/belle2/jaeyoung/workspace/DRAW_and_FITTING/main/FITTING/etapip/MC15ri_generic/tight_v2_fit_v6/ToyMC> was used as the working directory.
Started at Mon Jul 22 00:50:41 2024
Terminated at Mon Jul 22 01:07:15 2024
Results reported at Mon Jul 22 01:07:15 2024

Your job looked like:

------------------------------------------------------------
# LSBATCH: User input
bash -c "basf2 etapip_gg_fit_v6_toymc_100.py 248 > /home/belle2/jaeyoung/storage_ghi/Ntuples_ghi_2/MC15ri_generic/MC15ri_etaetapip_tight_v2_240419_Kp_BCS_etapi0const/bsub_log//MC15ri_etapip_gg_fitv6_toyMC_100_248.log"
------------------------------------------------------------

Exited with exit code 1.

Resource usage summary:

    CPU time :                                   989.84 sec.
    Max Memory :                                 1311 MB
    Average Memory :                             1227.29 MB
    Total Requested Memory :                     4000.00 MB
    Delta Memory :                               2689.00 MB
    Max Swap :                                   -
    Max Processes :                              19
    Max Threads :                                20
    Run time :                                   995 sec.
    Turnaround time :                            1040 sec.

The output (if any) follows:



PS:

Read file <./bsub_log/248.err> for stderr output of this job.

Sender: LSF System <lsfadmin@ccb291>
Subject: Job 53406919: <bash -c "basf2 etapip_gg_fit_v6_toymc_100.py 248 > /home/belle2/jaeyoung/storage_ghi/Ntuples_ghi_2/MC15ri_generic/MC15ri_etaetapip_tight_v2_240419_Kp_BCS_etapi0const/bsub_log//MC15ri_etapip_gg_fitv6_toyMC_100_248.log"> in cluster <centralcluster> Done

Job <bash -c "basf2 etapip_gg_fit_v6_toymc_100.py 248 > /home/belle2/jaeyoung/storage_ghi/Ntuples_ghi_2/MC15ri_generic/MC15ri_etaetapip_tight_v2_240419_Kp_BCS_etapi0const/bsub_log//MC15ri_etapip_gg_fitv6_toyMC_100_248.log"> was submitted from host <ccw06> by user <jaeyoung> in cluster <centralcluster> at Mon Jul 22 10:48:46 2024
Job was executed on host(s) <ccb291>, in queue <s>, as user <jaeyoung> in cluster <centralcluster> at Mon Jul 22 10:49:06 2024
</home/belle2/jaeyoung> was used as the home directory.
</home/belle2/jaeyoung/workspace/DRAW_and_FITTING/main/FITTING/etapip/MC15ri_generic/tight_v2_fit_v6/ToyMC> was used as the working directory.
Started at Mon Jul 22 10:49:06 2024
Terminated at Mon Jul 22 11:35:19 2024
Results reported at Mon Jul 22 11:35:19 2024

Your job looked like:

------------------------------------------------------------
# LSBATCH: User input
bash -c "basf2 etapip_gg_fit_v6_toymc_100.py 248 > /home/belle2/jaeyoung/storage_ghi/Ntuples_ghi_2/MC15ri_generic/MC15ri_etaetapip_tight_v2_240419_Kp_BCS_etapi0const/bsub_log//MC15ri_etapip_gg_fitv6_toyMC_100_248.log"
------------------------------------------------------------

Successfully completed.

Resource usage summary:

    CPU time :                                   2729.18 sec.
    Max Memory :                                 1311 MB
    Average Memory :                             945.61 MB
    Total Requested Memory :                     4000.00 MB
    Delta Memory :                               2689.00 MB
    Max Swap :                                   -
    Max Processes :                              19
    Max Threads :                                20
    Run time :                                   2774 sec.
    Turnaround time :                            2793 sec.

The output (if any) follows:



PS:

Read file <./bsub_log/248.err> for stderr output of this job.

Sender: LSF System <lsfadmin@ccb572>
Subject: Job 53599016: <bash -c "basf2 etapip_gg_fit_v6_toymc_100.py 248 > /home/belle2/jaeyoung/storage_ghi/Ntuples_ghi_2/MC15ri_generic/MC15ri_etaetapip_tight_v2_240419_Kp_BCS_etapi0const/bsub_log//MC15ri_etapip_gg_fitv6_toyMC_100_248.log"> in cluster <centralcluster> Done

Job <bash -c "basf2 etapip_gg_fit_v6_toymc_100.py 248 > /home/belle2/jaeyoung/storage_ghi/Ntuples_ghi_2/MC15ri_generic/MC15ri_etaetapip_tight_v2_240419_Kp_BCS_etapi0const/bsub_log//MC15ri_etapip_gg_fitv6_toyMC_100_248.log"> was submitted from host <ccw03> by user <jaeyoung> in cluster <centralcluster> at Mon Jul 22 18:34:55 2024
Job was executed on host(s) <ccb572>, in queue <s>, as user <jaeyoung> in cluster <centralcluster> at Mon Jul 22 18:36:19 2024
</home/belle2/jaeyoung> was used as the home directory.
</home/belle2/jaeyoung/workspace/DRAW_and_FITTING/main/FITTING/etapip/MC15ri_generic/tight_v2_fit_v6/ToyMC> was used as the working directory.
Started at Mon Jul 22 18:36:19 2024
Terminated at Mon Jul 22 19:24:04 2024
Results reported at Mon Jul 22 19:24:04 2024

Your job looked like:

------------------------------------------------------------
# LSBATCH: User input
bash -c "basf2 etapip_gg_fit_v6_toymc_100.py 248 > /home/belle2/jaeyoung/storage_ghi/Ntuples_ghi_2/MC15ri_generic/MC15ri_etaetapip_tight_v2_240419_Kp_BCS_etapi0const/bsub_log//MC15ri_etapip_gg_fitv6_toyMC_100_248.log"
------------------------------------------------------------

Successfully completed.

Resource usage summary:

    CPU time :                                   2854.09 sec.
    Max Memory :                                 1314 MB
    Average Memory :                             954.13 MB
    Total Requested Memory :                     4000.00 MB
    Delta Memory :                               2686.00 MB
    Max Swap :                                   -
    Max Processes :                              19
    Max Threads :                                20
    Run time :                                   2865 sec.
    Turnaround time :                            2949 sec.

The output (if any) follows:



PS:

Read file <./bsub_log/248.err> for stderr output of this job.

Sender: LSF System <lsfadmin@ccb533>
Subject: Job 53832201: <bash -c "basf2 etapip_gg_fit_v6_toymc_100.py 248 > /home/belle2/jaeyoung/storage_ghi/Ntuples_ghi_2/MC15ri_generic/MC15ri_etaetapip_tight_v2_240419_Kp_BCS_etapi0const/bsub_log//MC15ri_etapip_gg_fitv6_toyMC_100_248.log"> in cluster <centralcluster> Done

Job <bash -c "basf2 etapip_gg_fit_v6_toymc_100.py 248 > /home/belle2/jaeyoung/storage_ghi/Ntuples_ghi_2/MC15ri_generic/MC15ri_etaetapip_tight_v2_240419_Kp_BCS_etapi0const/bsub_log//MC15ri_etapip_gg_fitv6_toyMC_100_248.log"> was submitted from host <ccw05> by user <jaeyoung> in cluster <centralcluster> at Tue Jul 23 00:49:43 2024
Job was executed on host(s) <ccb533>, in queue <s>, as user <jaeyoung> in cluster <centralcluster> at Tue Jul 23 00:50:03 2024
</home/belle2/jaeyoung> was used as the home directory.
</home/belle2/jaeyoung/workspace/DRAW_and_FITTING/main/FITTING/etapip/MC15ri_generic/tight_v2_fit_v6/ToyMC> was used as the working directory.
Started at Tue Jul 23 00:50:03 2024
Terminated at Tue Jul 23 01:36:28 2024
Results reported at Tue Jul 23 01:36:28 2024

Your job looked like:

------------------------------------------------------------
# LSBATCH: User input
bash -c "basf2 etapip_gg_fit_v6_toymc_100.py 248 > /home/belle2/jaeyoung/storage_ghi/Ntuples_ghi_2/MC15ri_generic/MC15ri_etaetapip_tight_v2_240419_Kp_BCS_etapi0const/bsub_log//MC15ri_etapip_gg_fitv6_toyMC_100_248.log"
------------------------------------------------------------

Successfully completed.

Resource usage summary:

    CPU time :                                   2717.47 sec.
    Max Memory :                                 1311 MB
    Average Memory :                             953.67 MB
    Total Requested Memory :                     4000.00 MB
    Delta Memory :                               2689.00 MB
    Max Swap :                                   -
    Max Processes :                              19
    Max Threads :                                20
    Run time :                                   2785 sec.
    Turnaround time :                            2805 sec.

The output (if any) follows:



PS:

Read file <./bsub_log/248.err> for stderr output of this job.

Sender: LSF System <lsfadmin@ccb271>
Subject: Job 54397685: <bash -c "basf2 etapip_gg_fit_v6_toymc_100.py 248 > /home/belle2/jaeyoung/storage_ghi/Ntuples_ghi_2/MC15ri_generic/MC15ri_etaetapip_tight_v2_240419_Kp_BCS_etapi0const/bsub_log//MC15ri_etapip_gg_fitv6_toyMC_100_248.log"> in cluster <centralcluster> Done

Job <bash -c "basf2 etapip_gg_fit_v6_toymc_100.py 248 > /home/belle2/jaeyoung/storage_ghi/Ntuples_ghi_2/MC15ri_generic/MC15ri_etaetapip_tight_v2_240419_Kp_BCS_etapi0const/bsub_log//MC15ri_etapip_gg_fitv6_toyMC_100_248.log"> was submitted from host <ccw04> by user <jaeyoung> in cluster <centralcluster> at Tue Jul 23 17:59:01 2024
Job was executed on host(s) <ccb271>, in queue <s>, as user <jaeyoung> in cluster <centralcluster> at Tue Jul 23 18:25:05 2024
</home/belle2/jaeyoung> was used as the home directory.
</home/belle2/jaeyoung/workspace/DRAW_and_FITTING/main/FITTING/etapip/MC15ri_generic/tight_v2_fit_v6/ToyMC> was used as the working directory.
Started at Tue Jul 23 18:25:05 2024
Terminated at Tue Jul 23 19:12:32 2024
Results reported at Tue Jul 23 19:12:32 2024

Your job looked like:

------------------------------------------------------------
# LSBATCH: User input
bash -c "basf2 etapip_gg_fit_v6_toymc_100.py 248 > /home/belle2/jaeyoung/storage_ghi/Ntuples_ghi_2/MC15ri_generic/MC15ri_etaetapip_tight_v2_240419_Kp_BCS_etapi0const/bsub_log//MC15ri_etapip_gg_fitv6_toyMC_100_248.log"
------------------------------------------------------------

Successfully completed.

Resource usage summary:

    CPU time :                                   2814.61 sec.
    Max Memory :                                 1313 MB
    Average Memory :                             947.02 MB
    Total Requested Memory :                     4000.00 MB
    Delta Memory :                               2687.00 MB
    Max Swap :                                   -
    Max Processes :                              19
    Max Threads :                                20
    Run time :                                   2848 sec.
    Turnaround time :                            4411 sec.

The output (if any) follows:



PS:

Read file <./bsub_log/248.err> for stderr output of this job.

Sender: LSF System <lsfadmin@ccb139>
Subject: Job 54470257: <bash -c "basf2 etapip_gg_fit_v6_toymc_100.py 248 > /home/belle2/jaeyoung/storage_ghi/Ntuples_ghi_2/MC15ri_generic/MC15ri_etaetapip_tight_v2_240419_Kp_BCS_etapi0const/bsub_log//MC15ri_etapip_gg_fitv6_toyMC_100_248.log"> in cluster <centralcluster> Done

Job <bash -c "basf2 etapip_gg_fit_v6_toymc_100.py 248 > /home/belle2/jaeyoung/storage_ghi/Ntuples_ghi_2/MC15ri_generic/MC15ri_etaetapip_tight_v2_240419_Kp_BCS_etapi0const/bsub_log//MC15ri_etapip_gg_fitv6_toyMC_100_248.log"> was submitted from host <ccw03> by user <jaeyoung> in cluster <centralcluster> at Tue Jul 23 19:37:53 2024
Job was executed on host(s) <ccb139>, in queue <s>, as user <jaeyoung> in cluster <centralcluster> at Tue Jul 23 19:37:54 2024
</home/belle2/jaeyoung> was used as the home directory.
</home/belle2/jaeyoung/workspace/DRAW_and_FITTING/main/FITTING/etapip/MC15ri_generic/tight_v2_fit_v6/ToyMC> was used as the working directory.
Started at Tue Jul 23 19:37:54 2024
Terminated at Tue Jul 23 20:23:43 2024
Results reported at Tue Jul 23 20:23:43 2024

Your job looked like:

------------------------------------------------------------
# LSBATCH: User input
bash -c "basf2 etapip_gg_fit_v6_toymc_100.py 248 > /home/belle2/jaeyoung/storage_ghi/Ntuples_ghi_2/MC15ri_generic/MC15ri_etaetapip_tight_v2_240419_Kp_BCS_etapi0const/bsub_log//MC15ri_etapip_gg_fitv6_toyMC_100_248.log"
------------------------------------------------------------

Successfully completed.

Resource usage summary:

    CPU time :                                   2723.85 sec.
    Max Memory :                                 1311 MB
    Average Memory :                             937.00 MB
    Total Requested Memory :                     4000.00 MB
    Delta Memory :                               2689.00 MB
    Max Swap :                                   -
    Max Processes :                              19
    Max Threads :                                20
    Run time :                                   2749 sec.
    Turnaround time :                            2750 sec.

The output (if any) follows:



PS:

Read file <./bsub_log/248.err> for stderr output of this job.

Sender: LSF System <lsfadmin@ccb233>
Subject: Job 55515751: <bash -c "basf2 etapip_gg_fit_v6_toymc_100.py 248 > /home/belle2/jaeyoung/storage_ghi/Ntuples_ghi_2/MC15ri_generic/MC15ri_etaetapip_tight_v2_240419_Kp_BCS_etapi0const/bsub_log//MC15ri_etapip_gg_fitv6_toyMC_100_248.log"> in cluster <centralcluster> Done

Job <bash -c "basf2 etapip_gg_fit_v6_toymc_100.py 248 > /home/belle2/jaeyoung/storage_ghi/Ntuples_ghi_2/MC15ri_generic/MC15ri_etaetapip_tight_v2_240419_Kp_BCS_etapi0const/bsub_log//MC15ri_etapip_gg_fitv6_toyMC_100_248.log"> was submitted from host <ccw01> by user <jaeyoung> in cluster <centralcluster> at Thu Jul 25 20:50:49 2024
Job was executed on host(s) <ccb233>, in queue <s>, as user <jaeyoung> in cluster <centralcluster> at Thu Jul 25 20:50:51 2024
</home/belle2/jaeyoung> was used as the home directory.
</gpfs/home/belle2/jaeyoung/workspace/DRAW_and_FITTING/main/FITTING/etapip/MC15ri_generic/tight_v2_fit_v6/ToyMC> was used as the working directory.
Started at Thu Jul 25 20:50:51 2024
Terminated at Thu Jul 25 21:37:36 2024
Results reported at Thu Jul 25 21:37:36 2024

Your job looked like:

------------------------------------------------------------
# LSBATCH: User input
bash -c "basf2 etapip_gg_fit_v6_toymc_100.py 248 > /home/belle2/jaeyoung/storage_ghi/Ntuples_ghi_2/MC15ri_generic/MC15ri_etaetapip_tight_v2_240419_Kp_BCS_etapi0const/bsub_log//MC15ri_etapip_gg_fitv6_toyMC_100_248.log"
------------------------------------------------------------

Successfully completed.

Resource usage summary:

    CPU time :                                   2740.26 sec.
    Max Memory :                                 1313 MB
    Average Memory :                             940.41 MB
    Total Requested Memory :                     4000.00 MB
    Delta Memory :                               2687.00 MB
    Max Swap :                                   -
    Max Processes :                              19
    Max Threads :                                20
    Run time :                                   2805 sec.
    Turnaround time :                            2807 sec.

The output (if any) follows:



PS:

Read file <./bsub_log/248.err> for stderr output of this job.

Sender: LSF System <lsfadmin@ccb118>
Subject: Job 56103205: <bash -c "basf2 etapip_gg_fit_v6_toymc_100.py 248 > /home/belle2/jaeyoung/storage_ghi/Ntuples_ghi_2/MC15ri_generic/MC15ri_etaetapip_tight_v2_240419_Kp_BCS_etapi0const/bsub_log//MC15ri_etapip_gg_fitv6_toyMC_100_248.log"> in cluster <centralcluster> Done

Job <bash -c "basf2 etapip_gg_fit_v6_toymc_100.py 248 > /home/belle2/jaeyoung/storage_ghi/Ntuples_ghi_2/MC15ri_generic/MC15ri_etaetapip_tight_v2_240419_Kp_BCS_etapi0const/bsub_log//MC15ri_etapip_gg_fitv6_toyMC_100_248.log"> was submitted from host <ccw06> by user <jaeyoung> in cluster <centralcluster> at Fri Jul 26 23:43:49 2024
Job was executed on host(s) <ccb118>, in queue <s>, as user <jaeyoung> in cluster <centralcluster> at Sat Jul 27 00:18:41 2024
</home/belle2/jaeyoung> was used as the home directory.
</home/belle2/jaeyoung/workspace/DRAW_and_FITTING/main/FITTING/etapip/MC15ri_generic/tight_v2_fit_v6/ToyMC> was used as the working directory.
Started at Sat Jul 27 00:18:41 2024
Terminated at Sat Jul 27 00:52:19 2024
Results reported at Sat Jul 27 00:52:19 2024

Your job looked like:

------------------------------------------------------------
# LSBATCH: User input
bash -c "basf2 etapip_gg_fit_v6_toymc_100.py 248 > /home/belle2/jaeyoung/storage_ghi/Ntuples_ghi_2/MC15ri_generic/MC15ri_etaetapip_tight_v2_240419_Kp_BCS_etapi0const/bsub_log//MC15ri_etapip_gg_fitv6_toyMC_100_248.log"
------------------------------------------------------------

Successfully completed.

Resource usage summary:

    CPU time :                                   1927.31 sec.
    Max Memory :                                 925 MB
    Average Memory :                             662.03 MB
    Total Requested Memory :                     4000.00 MB
    Delta Memory :                               3075.00 MB
    Max Swap :                                   -
    Max Processes :                              19
    Max Threads :                                20
    Run time :                                   2019 sec.
    Turnaround time :                            4110 sec.

The output (if any) follows:



PS:

Read file <./bsub_log/248.err> for stderr output of this job.

Sender: LSF System <lsfadmin@ccb261>
Subject: Job 56133596: <bash -c "basf2 etapip_gg_fit_v6_toymc_100.py 248 > /home/belle2/jaeyoung/storage_ghi/Ntuples_ghi_2/MC15ri_generic/MC15ri_etaetapip_tight_v2_240419_Kp_BCS_etapi0const/bsub_log//MC15ri_etapip_gg_fitv6_toyMC_100_248.log"> in cluster <centralcluster> Done

Job <bash -c "basf2 etapip_gg_fit_v6_toymc_100.py 248 > /home/belle2/jaeyoung/storage_ghi/Ntuples_ghi_2/MC15ri_generic/MC15ri_etaetapip_tight_v2_240419_Kp_BCS_etapi0const/bsub_log//MC15ri_etapip_gg_fitv6_toyMC_100_248.log"> was submitted from host <ccw03> by user <jaeyoung> in cluster <centralcluster> at Sat Jul 27 01:13:14 2024
Job was executed on host(s) <ccb261>, in queue <s>, as user <jaeyoung> in cluster <centralcluster> at Sat Jul 27 03:04:33 2024
</home/belle2/jaeyoung> was used as the home directory.
</gpfs/home/belle2/jaeyoung/workspace/DRAW_and_FITTING/main/FITTING/etapip/MC15ri_generic/tight_v2_fit_v6/ToyMC> was used as the working directory.
Started at Sat Jul 27 03:04:33 2024
Terminated at Sat Jul 27 03:44:40 2024
Results reported at Sat Jul 27 03:44:40 2024

Your job looked like:

------------------------------------------------------------
# LSBATCH: User input
bash -c "basf2 etapip_gg_fit_v6_toymc_100.py 248 > /home/belle2/jaeyoung/storage_ghi/Ntuples_ghi_2/MC15ri_generic/MC15ri_etaetapip_tight_v2_240419_Kp_BCS_etapi0const/bsub_log//MC15ri_etapip_gg_fitv6_toyMC_100_248.log"
------------------------------------------------------------

Successfully completed.

Resource usage summary:

    CPU time :                                   2342.09 sec.
    Max Memory :                                 929 MB
    Average Memory :                             682.74 MB
    Total Requested Memory :                     4000.00 MB
    Delta Memory :                               3071.00 MB
    Max Swap :                                   -
    Max Processes :                              19
    Max Threads :                                20
    Run time :                                   2407 sec.
    Turnaround time :                            9086 sec.

The output (if any) follows:



PS:

Read file <./bsub_log/248.err> for stderr output of this job.

