Sender: LSF System <lsfadmin@ccb023>
Subject: Job 52359457: <bash -c "basf2 etapip_gg_fit_v6_toymc_100.py 253 > /home/belle2/jaeyoung/storage_ghi/Ntuples_ghi_2/MC15ri_generic/MC15ri_etaetapip_tight_v2_240419_Kp_BCS_etapi0const/bsub_log//MC15ri_etapip_gg_fitv6_toyMC_100_253.log"> in cluster <centralcluster> Done

Job <bash -c "basf2 etapip_gg_fit_v6_toymc_100.py 253 > /home/belle2/jaeyoung/storage_ghi/Ntuples_ghi_2/MC15ri_generic/MC15ri_etaetapip_tight_v2_240419_Kp_BCS_etapi0const/bsub_log//MC15ri_etapip_gg_fitv6_toyMC_100_253.log"> was submitted from host <ccw02> by user <jaeyoung> in cluster <centralcluster> at Sat Jul 20 14:39:30 2024
Job was executed on host(s) <ccb023>, in queue <s>, as user <jaeyoung> in cluster <centralcluster> at Sat Jul 20 14:42:27 2024
</home/belle2/jaeyoung> was used as the home directory.
</home/belle2/jaeyoung/workspace/DRAW_and_FITTING/main/FITTING/etapip/MC15ri_generic/tight_v2_fit_v6/ToyMC> was used as the working directory.
Started at Sat Jul 20 14:42:27 2024
Terminated at Sat Jul 20 15:30:08 2024
Results reported at Sat Jul 20 15:30:08 2024

Your job looked like:

------------------------------------------------------------
# LSBATCH: User input
bash -c "basf2 etapip_gg_fit_v6_toymc_100.py 253 > /home/belle2/jaeyoung/storage_ghi/Ntuples_ghi_2/MC15ri_generic/MC15ri_etaetapip_tight_v2_240419_Kp_BCS_etapi0const/bsub_log//MC15ri_etapip_gg_fitv6_toyMC_100_253.log"
------------------------------------------------------------

Successfully completed.

Resource usage summary:

    CPU time :                                   2802.75 sec.
    Max Memory :                                 1310 MB
    Average Memory :                             929.31 MB
    Total Requested Memory :                     4000.00 MB
    Delta Memory :                               2690.00 MB
    Max Swap :                                   -
    Max Processes :                              19
    Max Threads :                                20
    Run time :                                   2862 sec.
    Turnaround time :                            3038 sec.

The output (if any) follows:



PS:

Read file <./bsub_log/253.err> for stderr output of this job.

Sender: LSF System <lsfadmin@ccb157>
Subject: Job 53029973: <bash -c "basf2 etapip_gg_fit_v6_toymc_100.py 253 > /home/belle2/jaeyoung/storage_ghi/Ntuples_ghi_2/MC15ri_generic/MC15ri_etaetapip_tight_v2_240419_Kp_BCS_etapi0const/bsub_log//MC15ri_etapip_gg_fitv6_toyMC_100_253.log"> in cluster <centralcluster> Done

Job <bash -c "basf2 etapip_gg_fit_v6_toymc_100.py 253 > /home/belle2/jaeyoung/storage_ghi/Ntuples_ghi_2/MC15ri_generic/MC15ri_etaetapip_tight_v2_240419_Kp_BCS_etapi0const/bsub_log//MC15ri_etapip_gg_fitv6_toyMC_100_253.log"> was submitted from host <ccw03> by user <jaeyoung> in cluster <centralcluster> at Sun Jul 21 17:30:54 2024
Job was executed on host(s) <ccb157>, in queue <s>, as user <jaeyoung> in cluster <centralcluster> at Sun Jul 21 17:31:24 2024
</home/belle2/jaeyoung> was used as the home directory.
</home/belle2/jaeyoung/workspace/DRAW_and_FITTING/main/FITTING/etapip/MC15ri_generic/tight_v2_fit_v6/ToyMC> was used as the working directory.
Started at Sun Jul 21 17:31:24 2024
Terminated at Sun Jul 21 18:21:35 2024
Results reported at Sun Jul 21 18:21:35 2024

Your job looked like:

------------------------------------------------------------
# LSBATCH: User input
bash -c "basf2 etapip_gg_fit_v6_toymc_100.py 253 > /home/belle2/jaeyoung/storage_ghi/Ntuples_ghi_2/MC15ri_generic/MC15ri_etaetapip_tight_v2_240419_Kp_BCS_etapi0const/bsub_log//MC15ri_etapip_gg_fitv6_toyMC_100_253.log"
------------------------------------------------------------

Successfully completed.

Resource usage summary:

    CPU time :                                   2930.03 sec.
    Max Memory :                                 1310 MB
    Average Memory :                             951.47 MB
    Total Requested Memory :                     4000.00 MB
    Delta Memory :                               2690.00 MB
    Max Swap :                                   -
    Max Processes :                              19
    Max Threads :                                20
    Run time :                                   3012 sec.
    Turnaround time :                            3041 sec.

The output (if any) follows:



PS:

Read file <./bsub_log/253.err> for stderr output of this job.

Sender: LSF System <lsfadmin@ccb026>
Subject: Job 53202497: <bash -c "basf2 etapip_gg_fit_v6_toymc_100.py 253 > /home/belle2/jaeyoung/storage_ghi/Ntuples_ghi_2/MC15ri_generic/MC15ri_etaetapip_tight_v2_240419_Kp_BCS_etapi0const/bsub_log//MC15ri_etapip_gg_fitv6_toyMC_100_253.log"> in cluster <centralcluster> Exited

Job <bash -c "basf2 etapip_gg_fit_v6_toymc_100.py 253 > /home/belle2/jaeyoung/storage_ghi/Ntuples_ghi_2/MC15ri_generic/MC15ri_etaetapip_tight_v2_240419_Kp_BCS_etapi0const/bsub_log//MC15ri_etapip_gg_fitv6_toyMC_100_253.log"> was submitted from host <ccw03> by user <jaeyoung> in cluster <centralcluster> at Mon Jul 22 00:49:57 2024
Job was executed on host(s) <ccb026>, in queue <s>, as user <jaeyoung> in cluster <centralcluster> at Mon Jul 22 00:50:44 2024
</home/belle2/jaeyoung> was used as the home directory.
</home/belle2/jaeyoung/workspace/DRAW_and_FITTING/main/FITTING/etapip/MC15ri_generic/tight_v2_fit_v6/ToyMC> was used as the working directory.
Started at Mon Jul 22 00:50:44 2024
Terminated at Mon Jul 22 01:07:04 2024
Results reported at Mon Jul 22 01:07:04 2024

Your job looked like:

------------------------------------------------------------
# LSBATCH: User input
bash -c "basf2 etapip_gg_fit_v6_toymc_100.py 253 > /home/belle2/jaeyoung/storage_ghi/Ntuples_ghi_2/MC15ri_generic/MC15ri_etaetapip_tight_v2_240419_Kp_BCS_etapi0const/bsub_log//MC15ri_etapip_gg_fitv6_toyMC_100_253.log"
------------------------------------------------------------

Exited with exit code 1.

Resource usage summary:

    CPU time :                                   976.61 sec.
    Max Memory :                                 1253 MB
    Average Memory :                             1170.45 MB
    Total Requested Memory :                     4000.00 MB
    Delta Memory :                               2747.00 MB
    Max Swap :                                   -
    Max Processes :                              19
    Max Threads :                                20
    Run time :                                   980 sec.
    Turnaround time :                            1027 sec.

The output (if any) follows:



PS:

Read file <./bsub_log/253.err> for stderr output of this job.

Sender: LSF System <lsfadmin@ccb225>
Subject: Job 53406945: <bash -c "basf2 etapip_gg_fit_v6_toymc_100.py 253 > /home/belle2/jaeyoung/storage_ghi/Ntuples_ghi_2/MC15ri_generic/MC15ri_etaetapip_tight_v2_240419_Kp_BCS_etapi0const/bsub_log//MC15ri_etapip_gg_fitv6_toyMC_100_253.log"> in cluster <centralcluster> Done

Job <bash -c "basf2 etapip_gg_fit_v6_toymc_100.py 253 > /home/belle2/jaeyoung/storage_ghi/Ntuples_ghi_2/MC15ri_generic/MC15ri_etaetapip_tight_v2_240419_Kp_BCS_etapi0const/bsub_log//MC15ri_etapip_gg_fitv6_toyMC_100_253.log"> was submitted from host <ccw06> by user <jaeyoung> in cluster <centralcluster> at Mon Jul 22 10:48:47 2024
Job was executed on host(s) <ccb225>, in queue <s>, as user <jaeyoung> in cluster <centralcluster> at Mon Jul 22 10:49:09 2024
</home/belle2/jaeyoung> was used as the home directory.
</home/belle2/jaeyoung/workspace/DRAW_and_FITTING/main/FITTING/etapip/MC15ri_generic/tight_v2_fit_v6/ToyMC> was used as the working directory.
Started at Mon Jul 22 10:49:09 2024
Terminated at Mon Jul 22 11:34:51 2024
Results reported at Mon Jul 22 11:34:51 2024

Your job looked like:

------------------------------------------------------------
# LSBATCH: User input
bash -c "basf2 etapip_gg_fit_v6_toymc_100.py 253 > /home/belle2/jaeyoung/storage_ghi/Ntuples_ghi_2/MC15ri_generic/MC15ri_etaetapip_tight_v2_240419_Kp_BCS_etapi0const/bsub_log//MC15ri_etapip_gg_fitv6_toyMC_100_253.log"
------------------------------------------------------------

Successfully completed.

Resource usage summary:

    CPU time :                                   2732.57 sec.
    Max Memory :                                 1311 MB
    Average Memory :                             949.33 MB
    Total Requested Memory :                     4000.00 MB
    Delta Memory :                               2689.00 MB
    Max Swap :                                   -
    Max Processes :                              19
    Max Threads :                                20
    Run time :                                   2743 sec.
    Turnaround time :                            2764 sec.

The output (if any) follows:



PS:

Read file <./bsub_log/253.err> for stderr output of this job.

Sender: LSF System <lsfadmin@ccb213>
Subject: Job 53599033: <bash -c "basf2 etapip_gg_fit_v6_toymc_100.py 253 > /home/belle2/jaeyoung/storage_ghi/Ntuples_ghi_2/MC15ri_generic/MC15ri_etaetapip_tight_v2_240419_Kp_BCS_etapi0const/bsub_log//MC15ri_etapip_gg_fitv6_toyMC_100_253.log"> in cluster <centralcluster> Done

Job <bash -c "basf2 etapip_gg_fit_v6_toymc_100.py 253 > /home/belle2/jaeyoung/storage_ghi/Ntuples_ghi_2/MC15ri_generic/MC15ri_etaetapip_tight_v2_240419_Kp_BCS_etapi0const/bsub_log//MC15ri_etapip_gg_fitv6_toyMC_100_253.log"> was submitted from host <ccw03> by user <jaeyoung> in cluster <centralcluster> at Mon Jul 22 18:34:56 2024
Job was executed on host(s) <ccb213>, in queue <s>, as user <jaeyoung> in cluster <centralcluster> at Mon Jul 22 18:36:20 2024
</home/belle2/jaeyoung> was used as the home directory.
</home/belle2/jaeyoung/workspace/DRAW_and_FITTING/main/FITTING/etapip/MC15ri_generic/tight_v2_fit_v6/ToyMC> was used as the working directory.
Started at Mon Jul 22 18:36:20 2024
Terminated at Mon Jul 22 19:22:22 2024
Results reported at Mon Jul 22 19:22:22 2024

Your job looked like:

------------------------------------------------------------
# LSBATCH: User input
bash -c "basf2 etapip_gg_fit_v6_toymc_100.py 253 > /home/belle2/jaeyoung/storage_ghi/Ntuples_ghi_2/MC15ri_generic/MC15ri_etaetapip_tight_v2_240419_Kp_BCS_etapi0const/bsub_log//MC15ri_etapip_gg_fitv6_toyMC_100_253.log"
------------------------------------------------------------

Successfully completed.

Resource usage summary:

    CPU time :                                   2749.15 sec.
    Max Memory :                                 1311 MB
    Average Memory :                             954.09 MB
    Total Requested Memory :                     4000.00 MB
    Delta Memory :                               2689.00 MB
    Max Swap :                                   -
    Max Processes :                              19
    Max Threads :                                20
    Run time :                                   2762 sec.
    Turnaround time :                            2846 sec.

The output (if any) follows:



PS:

Read file <./bsub_log/253.err> for stderr output of this job.

Sender: LSF System <lsfadmin@ccb526>
Subject: Job 53832221: <bash -c "basf2 etapip_gg_fit_v6_toymc_100.py 253 > /home/belle2/jaeyoung/storage_ghi/Ntuples_ghi_2/MC15ri_generic/MC15ri_etaetapip_tight_v2_240419_Kp_BCS_etapi0const/bsub_log//MC15ri_etapip_gg_fitv6_toyMC_100_253.log"> in cluster <centralcluster> Done

Job <bash -c "basf2 etapip_gg_fit_v6_toymc_100.py 253 > /home/belle2/jaeyoung/storage_ghi/Ntuples_ghi_2/MC15ri_generic/MC15ri_etaetapip_tight_v2_240419_Kp_BCS_etapi0const/bsub_log//MC15ri_etapip_gg_fitv6_toyMC_100_253.log"> was submitted from host <ccw05> by user <jaeyoung> in cluster <centralcluster> at Tue Jul 23 00:49:45 2024
Job was executed on host(s) <ccb526>, in queue <s>, as user <jaeyoung> in cluster <centralcluster> at Tue Jul 23 00:50:06 2024
</home/belle2/jaeyoung> was used as the home directory.
</home/belle2/jaeyoung/workspace/DRAW_and_FITTING/main/FITTING/etapip/MC15ri_generic/tight_v2_fit_v6/ToyMC> was used as the working directory.
Started at Tue Jul 23 00:50:06 2024
Terminated at Tue Jul 23 01:37:56 2024
Results reported at Tue Jul 23 01:37:56 2024

Your job looked like:

------------------------------------------------------------
# LSBATCH: User input
bash -c "basf2 etapip_gg_fit_v6_toymc_100.py 253 > /home/belle2/jaeyoung/storage_ghi/Ntuples_ghi_2/MC15ri_generic/MC15ri_etaetapip_tight_v2_240419_Kp_BCS_etapi0const/bsub_log//MC15ri_etapip_gg_fitv6_toyMC_100_253.log"
------------------------------------------------------------

Successfully completed.

Resource usage summary:

    CPU time :                                   2859.95 sec.
    Max Memory :                                 1311 MB
    Average Memory :                             953.58 MB
    Total Requested Memory :                     4000.00 MB
    Delta Memory :                               2689.00 MB
    Max Swap :                                   -
    Max Processes :                              19
    Max Threads :                                20
    Run time :                                   2871 sec.
    Turnaround time :                            2891 sec.

The output (if any) follows:



PS:

Read file <./bsub_log/253.err> for stderr output of this job.

Sender: LSF System <lsfadmin@ccb041>
Subject: Job 54397713: <bash -c "basf2 etapip_gg_fit_v6_toymc_100.py 253 > /home/belle2/jaeyoung/storage_ghi/Ntuples_ghi_2/MC15ri_generic/MC15ri_etaetapip_tight_v2_240419_Kp_BCS_etapi0const/bsub_log//MC15ri_etapip_gg_fitv6_toyMC_100_253.log"> in cluster <centralcluster> Done

Job <bash -c "basf2 etapip_gg_fit_v6_toymc_100.py 253 > /home/belle2/jaeyoung/storage_ghi/Ntuples_ghi_2/MC15ri_generic/MC15ri_etaetapip_tight_v2_240419_Kp_BCS_etapi0const/bsub_log//MC15ri_etapip_gg_fitv6_toyMC_100_253.log"> was submitted from host <ccw04> by user <jaeyoung> in cluster <centralcluster> at Tue Jul 23 17:59:03 2024
Job was executed on host(s) <ccb041>, in queue <s>, as user <jaeyoung> in cluster <centralcluster> at Tue Jul 23 18:25:30 2024
</home/belle2/jaeyoung> was used as the home directory.
</home/belle2/jaeyoung/workspace/DRAW_and_FITTING/main/FITTING/etapip/MC15ri_generic/tight_v2_fit_v6/ToyMC> was used as the working directory.
Started at Tue Jul 23 18:25:30 2024
Terminated at Tue Jul 23 19:13:11 2024
Results reported at Tue Jul 23 19:13:11 2024

Your job looked like:

------------------------------------------------------------
# LSBATCH: User input
bash -c "basf2 etapip_gg_fit_v6_toymc_100.py 253 > /home/belle2/jaeyoung/storage_ghi/Ntuples_ghi_2/MC15ri_generic/MC15ri_etaetapip_tight_v2_240419_Kp_BCS_etapi0const/bsub_log//MC15ri_etapip_gg_fitv6_toyMC_100_253.log"
------------------------------------------------------------

Successfully completed.

Resource usage summary:

    CPU time :                                   2818.68 sec.
    Max Memory :                                 1315 MB
    Average Memory :                             943.46 MB
    Total Requested Memory :                     4000.00 MB
    Delta Memory :                               2685.00 MB
    Max Swap :                                   -
    Max Processes :                              19
    Max Threads :                                20
    Run time :                                   2862 sec.
    Turnaround time :                            4448 sec.

The output (if any) follows:



PS:

Read file <./bsub_log/253.err> for stderr output of this job.

Sender: LSF System <lsfadmin@ccb122>
Subject: Job 54470284: <bash -c "basf2 etapip_gg_fit_v6_toymc_100.py 253 > /home/belle2/jaeyoung/storage_ghi/Ntuples_ghi_2/MC15ri_generic/MC15ri_etaetapip_tight_v2_240419_Kp_BCS_etapi0const/bsub_log//MC15ri_etapip_gg_fitv6_toyMC_100_253.log"> in cluster <centralcluster> Done

Job <bash -c "basf2 etapip_gg_fit_v6_toymc_100.py 253 > /home/belle2/jaeyoung/storage_ghi/Ntuples_ghi_2/MC15ri_generic/MC15ri_etaetapip_tight_v2_240419_Kp_BCS_etapi0const/bsub_log//MC15ri_etapip_gg_fitv6_toyMC_100_253.log"> was submitted from host <ccw03> by user <jaeyoung> in cluster <centralcluster> at Tue Jul 23 19:37:55 2024
Job was executed on host(s) <ccb122>, in queue <s>, as user <jaeyoung> in cluster <centralcluster> at Tue Jul 23 19:37:56 2024
</home/belle2/jaeyoung> was used as the home directory.
</home/belle2/jaeyoung/workspace/DRAW_and_FITTING/main/FITTING/etapip/MC15ri_generic/tight_v2_fit_v6/ToyMC> was used as the working directory.
Started at Tue Jul 23 19:37:56 2024
Terminated at Tue Jul 23 20:24:11 2024
Results reported at Tue Jul 23 20:24:11 2024

Your job looked like:

------------------------------------------------------------
# LSBATCH: User input
bash -c "basf2 etapip_gg_fit_v6_toymc_100.py 253 > /home/belle2/jaeyoung/storage_ghi/Ntuples_ghi_2/MC15ri_generic/MC15ri_etaetapip_tight_v2_240419_Kp_BCS_etapi0const/bsub_log//MC15ri_etapip_gg_fitv6_toyMC_100_253.log"
------------------------------------------------------------

Successfully completed.

Resource usage summary:

    CPU time :                                   2756.96 sec.
    Max Memory :                                 1310 MB
    Average Memory :                             936.38 MB
    Total Requested Memory :                     4000.00 MB
    Delta Memory :                               2690.00 MB
    Max Swap :                                   -
    Max Processes :                              19
    Max Threads :                                20
    Run time :                                   2776 sec.
    Turnaround time :                            2776 sec.

The output (if any) follows:



PS:

Read file <./bsub_log/253.err> for stderr output of this job.

Sender: LSF System <lsfadmin@ccb271>
Subject: Job 55515760: <bash -c "basf2 etapip_gg_fit_v6_toymc_100.py 253 > /home/belle2/jaeyoung/storage_ghi/Ntuples_ghi_2/MC15ri_generic/MC15ri_etaetapip_tight_v2_240419_Kp_BCS_etapi0const/bsub_log//MC15ri_etapip_gg_fitv6_toyMC_100_253.log"> in cluster <centralcluster> Done

Job <bash -c "basf2 etapip_gg_fit_v6_toymc_100.py 253 > /home/belle2/jaeyoung/storage_ghi/Ntuples_ghi_2/MC15ri_generic/MC15ri_etaetapip_tight_v2_240419_Kp_BCS_etapi0const/bsub_log//MC15ri_etapip_gg_fitv6_toyMC_100_253.log"> was submitted from host <ccw01> by user <jaeyoung> in cluster <centralcluster> at Thu Jul 25 20:50:51 2024
Job was executed on host(s) <ccb271>, in queue <s>, as user <jaeyoung> in cluster <centralcluster> at Thu Jul 25 20:50:52 2024
</home/belle2/jaeyoung> was used as the home directory.
</gpfs/home/belle2/jaeyoung/workspace/DRAW_and_FITTING/main/FITTING/etapip/MC15ri_generic/tight_v2_fit_v6/ToyMC> was used as the working directory.
Started at Thu Jul 25 20:50:52 2024
Terminated at Thu Jul 25 21:38:44 2024
Results reported at Thu Jul 25 21:38:44 2024

Your job looked like:

------------------------------------------------------------
# LSBATCH: User input
bash -c "basf2 etapip_gg_fit_v6_toymc_100.py 253 > /home/belle2/jaeyoung/storage_ghi/Ntuples_ghi_2/MC15ri_generic/MC15ri_etaetapip_tight_v2_240419_Kp_BCS_etapi0const/bsub_log//MC15ri_etapip_gg_fitv6_toyMC_100_253.log"
------------------------------------------------------------

Successfully completed.

Resource usage summary:

    CPU time :                                   2826.15 sec.
    Max Memory :                                 1317 MB
    Average Memory :                             965.78 MB
    Total Requested Memory :                     4000.00 MB
    Delta Memory :                               2683.00 MB
    Max Swap :                                   -
    Max Processes :                              19
    Max Threads :                                20
    Run time :                                   2873 sec.
    Turnaround time :                            2873 sec.

The output (if any) follows:



PS:

Read file <./bsub_log/253.err> for stderr output of this job.

Sender: LSF System <lsfadmin@ccb178>
Subject: Job 56103223: <bash -c "basf2 etapip_gg_fit_v6_toymc_100.py 253 > /home/belle2/jaeyoung/storage_ghi/Ntuples_ghi_2/MC15ri_generic/MC15ri_etaetapip_tight_v2_240419_Kp_BCS_etapi0const/bsub_log//MC15ri_etapip_gg_fitv6_toyMC_100_253.log"> in cluster <centralcluster> Done

Job <bash -c "basf2 etapip_gg_fit_v6_toymc_100.py 253 > /home/belle2/jaeyoung/storage_ghi/Ntuples_ghi_2/MC15ri_generic/MC15ri_etaetapip_tight_v2_240419_Kp_BCS_etapi0const/bsub_log//MC15ri_etapip_gg_fitv6_toyMC_100_253.log"> was submitted from host <ccw06> by user <jaeyoung> in cluster <centralcluster> at Fri Jul 26 23:43:50 2024
Job was executed on host(s) <ccb178>, in queue <s>, as user <jaeyoung> in cluster <centralcluster> at Sat Jul 27 00:18:44 2024
</home/belle2/jaeyoung> was used as the home directory.
</home/belle2/jaeyoung/workspace/DRAW_and_FITTING/main/FITTING/etapip/MC15ri_generic/tight_v2_fit_v6/ToyMC> was used as the working directory.
Started at Sat Jul 27 00:18:44 2024
Terminated at Sat Jul 27 00:53:30 2024
Results reported at Sat Jul 27 00:53:30 2024

Your job looked like:

------------------------------------------------------------
# LSBATCH: User input
bash -c "basf2 etapip_gg_fit_v6_toymc_100.py 253 > /home/belle2/jaeyoung/storage_ghi/Ntuples_ghi_2/MC15ri_generic/MC15ri_etaetapip_tight_v2_240419_Kp_BCS_etapi0const/bsub_log//MC15ri_etapip_gg_fitv6_toyMC_100_253.log"
------------------------------------------------------------

Successfully completed.

Resource usage summary:

    CPU time :                                   1994.67 sec.
    Max Memory :                                 928 MB
    Average Memory :                             652.47 MB
    Total Requested Memory :                     4000.00 MB
    Delta Memory :                               3072.00 MB
    Max Swap :                                   -
    Max Processes :                              19
    Max Threads :                                20
    Run time :                                   2085 sec.
    Turnaround time :                            4180 sec.

The output (if any) follows:



PS:

Read file <./bsub_log/253.err> for stderr output of this job.

Sender: LSF System <lsfadmin@ccb008>
Subject: Job 56133602: <bash -c "basf2 etapip_gg_fit_v6_toymc_100.py 253 > /home/belle2/jaeyoung/storage_ghi/Ntuples_ghi_2/MC15ri_generic/MC15ri_etaetapip_tight_v2_240419_Kp_BCS_etapi0const/bsub_log//MC15ri_etapip_gg_fitv6_toyMC_100_253.log"> in cluster <centralcluster> Done

Job <bash -c "basf2 etapip_gg_fit_v6_toymc_100.py 253 > /home/belle2/jaeyoung/storage_ghi/Ntuples_ghi_2/MC15ri_generic/MC15ri_etaetapip_tight_v2_240419_Kp_BCS_etapi0const/bsub_log//MC15ri_etapip_gg_fitv6_toyMC_100_253.log"> was submitted from host <ccw03> by user <jaeyoung> in cluster <centralcluster> at Sat Jul 27 01:13:16 2024
Job was executed on host(s) <ccb008>, in queue <s>, as user <jaeyoung> in cluster <centralcluster> at Sat Jul 27 03:04:38 2024
</home/belle2/jaeyoung> was used as the home directory.
</gpfs/home/belle2/jaeyoung/workspace/DRAW_and_FITTING/main/FITTING/etapip/MC15ri_generic/tight_v2_fit_v6/ToyMC> was used as the working directory.
Started at Sat Jul 27 03:04:38 2024
Terminated at Sat Jul 27 03:43:33 2024
Results reported at Sat Jul 27 03:43:33 2024

Your job looked like:

------------------------------------------------------------
# LSBATCH: User input
bash -c "basf2 etapip_gg_fit_v6_toymc_100.py 253 > /home/belle2/jaeyoung/storage_ghi/Ntuples_ghi_2/MC15ri_generic/MC15ri_etaetapip_tight_v2_240419_Kp_BCS_etapi0const/bsub_log//MC15ri_etapip_gg_fitv6_toyMC_100_253.log"
------------------------------------------------------------

Successfully completed.

Resource usage summary:

    CPU time :                                   2284.94 sec.
    Max Memory :                                 901 MB
    Average Memory :                             656.22 MB
    Total Requested Memory :                     4000.00 MB
    Delta Memory :                               3099.00 MB
    Max Swap :                                   -
    Max Processes :                              19
    Max Threads :                                20
    Run time :                                   2336 sec.
    Turnaround time :                            9017 sec.

The output (if any) follows:



PS:

Read file <./bsub_log/253.err> for stderr output of this job.

Sender: LSF System <lsfadmin@ccb040>
Subject: Job 57220380: <bash -c "basf2 etapip_gg_fit_v6_toymc_100.py 253 > /home/belle2/jaeyoung/storage_ghi/Ntuples_ghi_2/MC15ri_generic/MC15ri_etaetapip_tight_v2_240419_Kp_BCS_etapi0const/bsub_log//MC15ri_etapip_gg_fitv6_toyMC_100_253.log"> in cluster <centralcluster> Exited

Job <bash -c "basf2 etapip_gg_fit_v6_toymc_100.py 253 > /home/belle2/jaeyoung/storage_ghi/Ntuples_ghi_2/MC15ri_generic/MC15ri_etaetapip_tight_v2_240419_Kp_BCS_etapi0const/bsub_log//MC15ri_etapip_gg_fitv6_toyMC_100_253.log"> was submitted from host <ccx03> by user <jaeyoung> in cluster <centralcluster> at Mon Jul 29 18:45:08 2024
Job was executed on host(s) <ccb040>, in queue <s>, as user <jaeyoung> in cluster <centralcluster> at Mon Jul 29 18:45:09 2024
</home/belle2/jaeyoung> was used as the home directory.
</gpfs/home/belle2/jaeyoung/workspace/DRAW_and_FITTING/main/FITTING/etapip/MC15ri_generic/tight_v2_fit_v6/ToyMC> was used as the working directory.
Started at Mon Jul 29 18:45:09 2024
Terminated at Mon Jul 29 19:49:56 2024
Results reported at Mon Jul 29 19:49:56 2024

Your job looked like:

------------------------------------------------------------
# LSBATCH: User input
bash -c "basf2 etapip_gg_fit_v6_toymc_100.py 253 > /home/belle2/jaeyoung/storage_ghi/Ntuples_ghi_2/MC15ri_generic/MC15ri_etaetapip_tight_v2_240419_Kp_BCS_etapi0const/bsub_log//MC15ri_etapip_gg_fitv6_toyMC_100_253.log"
------------------------------------------------------------

Exited with exit code 1.

Resource usage summary:

    CPU time :                                   3854.22 sec.
    Max Memory :                                 1400 MB
    Average Memory :                             1045.87 MB
    Total Requested Memory :                     4000.00 MB
    Delta Memory :                               2600.00 MB
    Max Swap :                                   -
    Max Processes :                              19
    Max Threads :                                20
    Run time :                                   3887 sec.
    Turnaround time :                            3888 sec.

The output (if any) follows:



PS:

Read file <./bsub_log/253.err> for stderr output of this job.

Sender: LSF System <lsfadmin@ccb284>
Subject: Job 57308450: <bash -c "basf2 etapip_gg_fit_v6_toymc_100.py 253 > /home/belle2/jaeyoung/storage_ghi/Ntuples_ghi_2/MC15ri_generic/MC15ri_etaetapip_tight_v2_240419_Kp_BCS_etapi0const/bsub_log//MC15ri_etapip_gg_fitv6_toyMC_100_253.log"> in cluster <centralcluster> Done

Job <bash -c "basf2 etapip_gg_fit_v6_toymc_100.py 253 > /home/belle2/jaeyoung/storage_ghi/Ntuples_ghi_2/MC15ri_generic/MC15ri_etaetapip_tight_v2_240419_Kp_BCS_etapi0const/bsub_log//MC15ri_etapip_gg_fitv6_toyMC_100_253.log"> was submitted from host <ccw03> by user <jaeyoung> in cluster <centralcluster> at Mon Jul 29 23:02:38 2024
Job was executed on host(s) <ccb284>, in queue <s>, as user <jaeyoung> in cluster <centralcluster> at Mon Jul 29 23:03:37 2024
</home/belle2/jaeyoung> was used as the home directory.
</home/belle2/jaeyoung/workspace/DRAW_and_FITTING/main/FITTING/etapip/MC15ri_generic/tight_v2_fit_v6/ToyMC> was used as the working directory.
Started at Mon Jul 29 23:03:37 2024
Terminated at Tue Jul 30 00:11:16 2024
Results reported at Tue Jul 30 00:11:16 2024

Your job looked like:

------------------------------------------------------------
# LSBATCH: User input
bash -c "basf2 etapip_gg_fit_v6_toymc_100.py 253 > /home/belle2/jaeyoung/storage_ghi/Ntuples_ghi_2/MC15ri_generic/MC15ri_etaetapip_tight_v2_240419_Kp_BCS_etapi0const/bsub_log//MC15ri_etapip_gg_fitv6_toyMC_100_253.log"
------------------------------------------------------------

Successfully completed.

Resource usage summary:

    CPU time :                                   4042.46 sec.
    Max Memory :                                 1399 MB
    Average Memory :                             1040.31 MB
    Total Requested Memory :                     4000.00 MB
    Delta Memory :                               2601.00 MB
    Max Swap :                                   -
    Max Processes :                              19
    Max Threads :                                20
    Run time :                                   4060 sec.
    Turnaround time :                            4118 sec.

The output (if any) follows:



PS:

Read file <./bsub_log/253.err> for stderr output of this job.

Sender: LSF System <lsfadmin@ccb219>
Subject: Job 57390068: <bash -c "basf2 etapip_gg_fit_v6_toymc_100.py 253 > /home/belle2/jaeyoung/storage_ghi/Ntuples_ghi_2/MC15ri_generic/MC15ri_etaetapip_tight_v2_240419_Kp_BCS_etapi0const/bsub_log//MC15ri_etapip_gg_fitv6_toyMC_100_253.log"> in cluster <centralcluster> Done

Job <bash -c "basf2 etapip_gg_fit_v6_toymc_100.py 253 > /home/belle2/jaeyoung/storage_ghi/Ntuples_ghi_2/MC15ri_generic/MC15ri_etaetapip_tight_v2_240419_Kp_BCS_etapi0const/bsub_log//MC15ri_etapip_gg_fitv6_toyMC_100_253.log"> was submitted from host <ccw03> by user <jaeyoung> in cluster <centralcluster> at Tue Jul 30 01:17:20 2024
Job was executed on host(s) <ccb219>, in queue <s>, as user <jaeyoung> in cluster <centralcluster> at Tue Jul 30 01:18:02 2024
</home/belle2/jaeyoung> was used as the home directory.
</home/belle2/jaeyoung/workspace/DRAW_and_FITTING/main/FITTING/etapip/MC15ri_generic/tight_v2_fit_v6/ToyMC> was used as the working directory.
Started at Tue Jul 30 01:18:02 2024
Terminated at Tue Jul 30 02:20:26 2024
Results reported at Tue Jul 30 02:20:26 2024

Your job looked like:

------------------------------------------------------------
# LSBATCH: User input
bash -c "basf2 etapip_gg_fit_v6_toymc_100.py 253 > /home/belle2/jaeyoung/storage_ghi/Ntuples_ghi_2/MC15ri_generic/MC15ri_etaetapip_tight_v2_240419_Kp_BCS_etapi0const/bsub_log//MC15ri_etapip_gg_fitv6_toyMC_100_253.log"
------------------------------------------------------------

Successfully completed.

Resource usage summary:

    CPU time :                                   3648.67 sec.
    Max Memory :                                 1422 MB
    Average Memory :                             1039.56 MB
    Total Requested Memory :                     4000.00 MB
    Delta Memory :                               2578.00 MB
    Max Swap :                                   -
    Max Processes :                              19
    Max Threads :                                20
    Run time :                                   3745 sec.
    Turnaround time :                            3786 sec.

The output (if any) follows:



PS:

Read file <./bsub_log/253.err> for stderr output of this job.

