Sender: LSF System <lsfadmin@ccb106>
Subject: Job 51906755: <bash -c "basf2 etapip_gg_fit_v6_toymc_100.py 26 > /home/belle2/jaeyoung/storage_ghi/Ntuples_ghi_2/MC15ri_generic/MC15ri_etaetapip_tight_v2_240419_Kp_BCS_etapi0const/bsub_log//MC15ri_etapip_gg_fitv6_toyMC_100_26.log"> in cluster <centralcluster> Done

Job <bash -c "basf2 etapip_gg_fit_v6_toymc_100.py 26 > /home/belle2/jaeyoung/storage_ghi/Ntuples_ghi_2/MC15ri_generic/MC15ri_etaetapip_tight_v2_240419_Kp_BCS_etapi0const/bsub_log//MC15ri_etapip_gg_fitv6_toyMC_100_26.log"> was submitted from host <ccw03> by user <jaeyoung> in cluster <centralcluster> at Fri Jul 19 17:59:48 2024
Job was executed on host(s) <ccb106>, in queue <s>, as user <jaeyoung> in cluster <centralcluster> at Fri Jul 19 17:59:49 2024
</home/belle2/jaeyoung> was used as the home directory.
</home/belle2/jaeyoung/workspace/DRAW_and_FITTING/main/FITTING/etapip/MC15ri_generic/tight_v2_fit_v6/ToyMC> was used as the working directory.
Started at Fri Jul 19 17:59:49 2024
Terminated at Fri Jul 19 18:43:41 2024
Results reported at Fri Jul 19 18:43:41 2024

Your job looked like:

------------------------------------------------------------
# LSBATCH: User input
bash -c "basf2 etapip_gg_fit_v6_toymc_100.py 26 > /home/belle2/jaeyoung/storage_ghi/Ntuples_ghi_2/MC15ri_generic/MC15ri_etaetapip_tight_v2_240419_Kp_BCS_etapi0const/bsub_log//MC15ri_etapip_gg_fitv6_toyMC_100_26.log"
------------------------------------------------------------

Successfully completed.

Resource usage summary:

    CPU time :                                   4939.33 sec.
    Max Memory :                                 1313 MB
    Average Memory :                             970.81 MB
    Total Requested Memory :                     4000.00 MB
    Delta Memory :                               2687.00 MB
    Max Swap :                                   -
    Max Processes :                              19
    Max Threads :                                20
    Run time :                                   2631 sec.
    Turnaround time :                            2633 sec.

The output (if any) follows:



PS:

Read file <./bsub_log/26.err> for stderr output of this job.

Sender: LSF System <lsfadmin@ccb288>
Subject: Job 52358903: <bash -c "basf2 etapip_gg_fit_v6_toymc_100.py 26 > /home/belle2/jaeyoung/storage_ghi/Ntuples_ghi_2/MC15ri_generic/MC15ri_etaetapip_tight_v2_240419_Kp_BCS_etapi0const/bsub_log//MC15ri_etapip_gg_fitv6_toyMC_100_26.log"> in cluster <centralcluster> Done

Job <bash -c "basf2 etapip_gg_fit_v6_toymc_100.py 26 > /home/belle2/jaeyoung/storage_ghi/Ntuples_ghi_2/MC15ri_generic/MC15ri_etaetapip_tight_v2_240419_Kp_BCS_etapi0const/bsub_log//MC15ri_etapip_gg_fitv6_toyMC_100_26.log"> was submitted from host <ccw02> by user <jaeyoung> in cluster <centralcluster> at Sat Jul 20 14:38:12 2024
Job was executed on host(s) <ccb288>, in queue <s>, as user <jaeyoung> in cluster <centralcluster> at Sat Jul 20 14:38:14 2024
</home/belle2/jaeyoung> was used as the home directory.
</home/belle2/jaeyoung/workspace/DRAW_and_FITTING/main/FITTING/etapip/MC15ri_generic/tight_v2_fit_v6/ToyMC> was used as the working directory.
Started at Sat Jul 20 14:38:14 2024
Terminated at Sat Jul 20 15:24:41 2024
Results reported at Sat Jul 20 15:24:41 2024

Your job looked like:

------------------------------------------------------------
# LSBATCH: User input
bash -c "basf2 etapip_gg_fit_v6_toymc_100.py 26 > /home/belle2/jaeyoung/storage_ghi/Ntuples_ghi_2/MC15ri_generic/MC15ri_etaetapip_tight_v2_240419_Kp_BCS_etapi0const/bsub_log//MC15ri_etapip_gg_fitv6_toyMC_100_26.log"
------------------------------------------------------------

Successfully completed.

Resource usage summary:

    CPU time :                                   2745.60 sec.
    Max Memory :                                 1310 MB
    Average Memory :                             943.16 MB
    Total Requested Memory :                     4000.00 MB
    Delta Memory :                               2690.00 MB
    Max Swap :                                   -
    Max Processes :                              19
    Max Threads :                                20
    Run time :                                   2787 sec.
    Turnaround time :                            2789 sec.

The output (if any) follows:



PS:

Read file <./bsub_log/26.err> for stderr output of this job.

Sender: LSF System <lsfadmin@ccb003>
Subject: Job 53029060: <bash -c "basf2 etapip_gg_fit_v6_toymc_100.py 26 > /home/belle2/jaeyoung/storage_ghi/Ntuples_ghi_2/MC15ri_generic/MC15ri_etaetapip_tight_v2_240419_Kp_BCS_etapi0const/bsub_log//MC15ri_etapip_gg_fitv6_toyMC_100_26.log"> in cluster <centralcluster> Done

Job <bash -c "basf2 etapip_gg_fit_v6_toymc_100.py 26 > /home/belle2/jaeyoung/storage_ghi/Ntuples_ghi_2/MC15ri_generic/MC15ri_etaetapip_tight_v2_240419_Kp_BCS_etapi0const/bsub_log//MC15ri_etapip_gg_fitv6_toyMC_100_26.log"> was submitted from host <ccw03> by user <jaeyoung> in cluster <centralcluster> at Sun Jul 21 17:29:36 2024
Job was executed on host(s) <ccb003>, in queue <s>, as user <jaeyoung> in cluster <centralcluster> at Sun Jul 21 17:29:44 2024
</home/belle2/jaeyoung> was used as the home directory.
</home/belle2/jaeyoung/workspace/DRAW_and_FITTING/main/FITTING/etapip/MC15ri_generic/tight_v2_fit_v6/ToyMC> was used as the working directory.
Started at Sun Jul 21 17:29:44 2024
Terminated at Sun Jul 21 18:18:37 2024
Results reported at Sun Jul 21 18:18:37 2024

Your job looked like:

------------------------------------------------------------
# LSBATCH: User input
bash -c "basf2 etapip_gg_fit_v6_toymc_100.py 26 > /home/belle2/jaeyoung/storage_ghi/Ntuples_ghi_2/MC15ri_generic/MC15ri_etaetapip_tight_v2_240419_Kp_BCS_etapi0const/bsub_log//MC15ri_etapip_gg_fitv6_toyMC_100_26.log"
------------------------------------------------------------

Successfully completed.

Resource usage summary:

    CPU time :                                   2912.50 sec.
    Max Memory :                                 1311 MB
    Average Memory :                             957.77 MB
    Total Requested Memory :                     4000.00 MB
    Delta Memory :                               2689.00 MB
    Max Swap :                                   -
    Max Processes :                              19
    Max Threads :                                20
    Run time :                                   2933 sec.
    Turnaround time :                            2941 sec.

The output (if any) follows:



PS:

Read file <./bsub_log/26.err> for stderr output of this job.

Sender: LSF System <lsfadmin@ccb211>
Subject: Job 53201899: <bash -c "basf2 etapip_gg_fit_v6_toymc_100.py 26 > /home/belle2/jaeyoung/storage_ghi/Ntuples_ghi_2/MC15ri_generic/MC15ri_etaetapip_tight_v2_240419_Kp_BCS_etapi0const/bsub_log//MC15ri_etapip_gg_fitv6_toyMC_100_26.log"> in cluster <centralcluster> Exited

Job <bash -c "basf2 etapip_gg_fit_v6_toymc_100.py 26 > /home/belle2/jaeyoung/storage_ghi/Ntuples_ghi_2/MC15ri_generic/MC15ri_etaetapip_tight_v2_240419_Kp_BCS_etapi0const/bsub_log//MC15ri_etapip_gg_fitv6_toyMC_100_26.log"> was submitted from host <ccw03> by user <jaeyoung> in cluster <centralcluster> at Mon Jul 22 00:48:36 2024
Job was executed on host(s) <ccb211>, in queue <s>, as user <jaeyoung> in cluster <centralcluster> at Mon Jul 22 00:48:40 2024
</home/belle2/jaeyoung> was used as the home directory.
</home/belle2/jaeyoung/workspace/DRAW_and_FITTING/main/FITTING/etapip/MC15ri_generic/tight_v2_fit_v6/ToyMC> was used as the working directory.
Started at Mon Jul 22 00:48:40 2024
Terminated at Mon Jul 22 01:05:33 2024
Results reported at Mon Jul 22 01:05:33 2024

Your job looked like:

------------------------------------------------------------
# LSBATCH: User input
bash -c "basf2 etapip_gg_fit_v6_toymc_100.py 26 > /home/belle2/jaeyoung/storage_ghi/Ntuples_ghi_2/MC15ri_generic/MC15ri_etaetapip_tight_v2_240419_Kp_BCS_etapi0const/bsub_log//MC15ri_etapip_gg_fitv6_toyMC_100_26.log"
------------------------------------------------------------

Exited with exit code 1.

Resource usage summary:

    CPU time :                                   1007.62 sec.
    Max Memory :                                 1255 MB
    Average Memory :                             1182.83 MB
    Total Requested Memory :                     4000.00 MB
    Delta Memory :                               2745.00 MB
    Max Swap :                                   -
    Max Processes :                              19
    Max Threads :                                20
    Run time :                                   1013 sec.
    Turnaround time :                            1017 sec.

The output (if any) follows:



PS:

Read file <./bsub_log/26.err> for stderr output of this job.

Sender: LSF System <lsfadmin@ccb038>
Subject: Job 53406409: <bash -c "basf2 etapip_gg_fit_v6_toymc_100.py 26 > /home/belle2/jaeyoung/storage_ghi/Ntuples_ghi_2/MC15ri_generic/MC15ri_etaetapip_tight_v2_240419_Kp_BCS_etapi0const/bsub_log//MC15ri_etapip_gg_fitv6_toyMC_100_26.log"> in cluster <centralcluster> Done

Job <bash -c "basf2 etapip_gg_fit_v6_toymc_100.py 26 > /home/belle2/jaeyoung/storage_ghi/Ntuples_ghi_2/MC15ri_generic/MC15ri_etaetapip_tight_v2_240419_Kp_BCS_etapi0const/bsub_log//MC15ri_etapip_gg_fitv6_toyMC_100_26.log"> was submitted from host <ccw06> by user <jaeyoung> in cluster <centralcluster> at Mon Jul 22 10:47:41 2024
Job was executed on host(s) <ccb038>, in queue <s>, as user <jaeyoung> in cluster <centralcluster> at Mon Jul 22 10:47:44 2024
</home/belle2/jaeyoung> was used as the home directory.
</home/belle2/jaeyoung/workspace/DRAW_and_FITTING/main/FITTING/etapip/MC15ri_generic/tight_v2_fit_v6/ToyMC> was used as the working directory.
Started at Mon Jul 22 10:47:44 2024
Terminated at Mon Jul 22 11:36:03 2024
Results reported at Mon Jul 22 11:36:03 2024

Your job looked like:

------------------------------------------------------------
# LSBATCH: User input
bash -c "basf2 etapip_gg_fit_v6_toymc_100.py 26 > /home/belle2/jaeyoung/storage_ghi/Ntuples_ghi_2/MC15ri_generic/MC15ri_etaetapip_tight_v2_240419_Kp_BCS_etapi0const/bsub_log//MC15ri_etapip_gg_fitv6_toyMC_100_26.log"
------------------------------------------------------------

Successfully completed.

Resource usage summary:

    CPU time :                                   2860.81 sec.
    Max Memory :                                 1311 MB
    Average Memory :                             943.86 MB
    Total Requested Memory :                     4000.00 MB
    Delta Memory :                               2689.00 MB
    Max Swap :                                   -
    Max Processes :                              19
    Max Threads :                                20
    Run time :                                   2900 sec.
    Turnaround time :                            2902 sec.

The output (if any) follows:



PS:

Read file <./bsub_log/26.err> for stderr output of this job.

Sender: LSF System <lsfadmin@ccb027>
Subject: Job 53598256: <bash -c "basf2 etapip_gg_fit_v6_toymc_100.py 26 > /home/belle2/jaeyoung/storage_ghi/Ntuples_ghi_2/MC15ri_generic/MC15ri_etaetapip_tight_v2_240419_Kp_BCS_etapi0const/bsub_log//MC15ri_etapip_gg_fitv6_toyMC_100_26.log"> in cluster <centralcluster> Done

Job <bash -c "basf2 etapip_gg_fit_v6_toymc_100.py 26 > /home/belle2/jaeyoung/storage_ghi/Ntuples_ghi_2/MC15ri_generic/MC15ri_etaetapip_tight_v2_240419_Kp_BCS_etapi0const/bsub_log//MC15ri_etapip_gg_fitv6_toyMC_100_26.log"> was submitted from host <ccw03> by user <jaeyoung> in cluster <centralcluster> at Mon Jul 22 18:33:39 2024
Job was executed on host(s) <ccb027>, in queue <s>, as user <jaeyoung> in cluster <centralcluster> at Mon Jul 22 18:33:50 2024
</home/belle2/jaeyoung> was used as the home directory.
</home/belle2/jaeyoung/workspace/DRAW_and_FITTING/main/FITTING/etapip/MC15ri_generic/tight_v2_fit_v6/ToyMC> was used as the working directory.
Started at Mon Jul 22 18:33:50 2024
Terminated at Mon Jul 22 19:20:17 2024
Results reported at Mon Jul 22 19:20:17 2024

Your job looked like:

------------------------------------------------------------
# LSBATCH: User input
bash -c "basf2 etapip_gg_fit_v6_toymc_100.py 26 > /home/belle2/jaeyoung/storage_ghi/Ntuples_ghi_2/MC15ri_generic/MC15ri_etaetapip_tight_v2_240419_Kp_BCS_etapi0const/bsub_log//MC15ri_etapip_gg_fitv6_toyMC_100_26.log"
------------------------------------------------------------

Successfully completed.

Resource usage summary:

    CPU time :                                   2756.64 sec.
    Max Memory :                                 1311 MB
    Average Memory :                             945.94 MB
    Total Requested Memory :                     4000.00 MB
    Delta Memory :                               2689.00 MB
    Max Swap :                                   -
    Max Processes :                              19
    Max Threads :                                20
    Run time :                                   2787 sec.
    Turnaround time :                            2798 sec.

The output (if any) follows:



PS:

Read file <./bsub_log/26.err> for stderr output of this job.

Sender: LSF System <lsfadmin@ccb144>
Subject: Job 53831112: <bash -c "basf2 etapip_gg_fit_v6_toymc_100.py 26 > /home/belle2/jaeyoung/storage_ghi/Ntuples_ghi_2/MC15ri_generic/MC15ri_etaetapip_tight_v2_240419_Kp_BCS_etapi0const/bsub_log//MC15ri_etapip_gg_fitv6_toyMC_100_26.log"> in cluster <centralcluster> Done

Job <bash -c "basf2 etapip_gg_fit_v6_toymc_100.py 26 > /home/belle2/jaeyoung/storage_ghi/Ntuples_ghi_2/MC15ri_generic/MC15ri_etaetapip_tight_v2_240419_Kp_BCS_etapi0const/bsub_log//MC15ri_etapip_gg_fitv6_toyMC_100_26.log"> was submitted from host <ccw05> by user <jaeyoung> in cluster <centralcluster> at Tue Jul 23 00:48:12 2024
Job was executed on host(s) <ccb144>, in queue <s>, as user <jaeyoung> in cluster <centralcluster> at Tue Jul 23 00:48:34 2024
</home/belle2/jaeyoung> was used as the home directory.
</home/belle2/jaeyoung/workspace/DRAW_and_FITTING/main/FITTING/etapip/MC15ri_generic/tight_v2_fit_v6/ToyMC> was used as the working directory.
Started at Tue Jul 23 00:48:34 2024
Terminated at Tue Jul 23 01:35:23 2024
Results reported at Tue Jul 23 01:35:23 2024

Your job looked like:

------------------------------------------------------------
# LSBATCH: User input
bash -c "basf2 etapip_gg_fit_v6_toymc_100.py 26 > /home/belle2/jaeyoung/storage_ghi/Ntuples_ghi_2/MC15ri_generic/MC15ri_etaetapip_tight_v2_240419_Kp_BCS_etapi0const/bsub_log//MC15ri_etapip_gg_fitv6_toyMC_100_26.log"
------------------------------------------------------------

Successfully completed.

Resource usage summary:

    CPU time :                                   2785.76 sec.
    Max Memory :                                 1311 MB
    Average Memory :                             949.27 MB
    Total Requested Memory :                     4000.00 MB
    Delta Memory :                               2689.00 MB
    Max Swap :                                   -
    Max Processes :                              19
    Max Threads :                                20
    Run time :                                   2810 sec.
    Turnaround time :                            2831 sec.

The output (if any) follows:



PS:

Read file <./bsub_log/26.err> for stderr output of this job.

Sender: LSF System <lsfadmin@ccb042>
Subject: Job 54396311: <bash -c "basf2 etapip_gg_fit_v6_toymc_100.py 26 > /home/belle2/jaeyoung/storage_ghi/Ntuples_ghi_2/MC15ri_generic/MC15ri_etaetapip_tight_v2_240419_Kp_BCS_etapi0const/bsub_log//MC15ri_etapip_gg_fitv6_toyMC_100_26.log"> in cluster <centralcluster> Done

Job <bash -c "basf2 etapip_gg_fit_v6_toymc_100.py 26 > /home/belle2/jaeyoung/storage_ghi/Ntuples_ghi_2/MC15ri_generic/MC15ri_etaetapip_tight_v2_240419_Kp_BCS_etapi0const/bsub_log//MC15ri_etapip_gg_fitv6_toyMC_100_26.log"> was submitted from host <ccw04> by user <jaeyoung> in cluster <centralcluster> at Tue Jul 23 17:57:42 2024
Job was executed on host(s) <ccb042>, in queue <s>, as user <jaeyoung> in cluster <centralcluster> at Tue Jul 23 17:58:16 2024
</home/belle2/jaeyoung> was used as the home directory.
</home/belle2/jaeyoung/workspace/DRAW_and_FITTING/main/FITTING/etapip/MC15ri_generic/tight_v2_fit_v6/ToyMC> was used as the working directory.
Started at Tue Jul 23 17:58:16 2024
Terminated at Tue Jul 23 18:43:43 2024
Results reported at Tue Jul 23 18:43:43 2024

Your job looked like:

------------------------------------------------------------
# LSBATCH: User input
bash -c "basf2 etapip_gg_fit_v6_toymc_100.py 26 > /home/belle2/jaeyoung/storage_ghi/Ntuples_ghi_2/MC15ri_generic/MC15ri_etaetapip_tight_v2_240419_Kp_BCS_etapi0const/bsub_log//MC15ri_etapip_gg_fitv6_toyMC_100_26.log"
------------------------------------------------------------

Successfully completed.

Resource usage summary:

    CPU time :                                   2701.28 sec.
    Max Memory :                                 1321 MB
    Average Memory :                             980.32 MB
    Total Requested Memory :                     4000.00 MB
    Delta Memory :                               2679.00 MB
    Max Swap :                                   -
    Max Processes :                              19
    Max Threads :                                20
    Run time :                                   2727 sec.
    Turnaround time :                            2762 sec.

The output (if any) follows:



PS:

Read file <./bsub_log/26.err> for stderr output of this job.

