Sender: LSF System <lsfadmin@ccb178>
Subject: Job 52359467: <bash -c "basf2 etapip_gg_fit_v6_toymc_100.py 260 > /home/belle2/jaeyoung/storage_ghi/Ntuples_ghi_2/MC15ri_generic/MC15ri_etaetapip_tight_v2_240419_Kp_BCS_etapi0const/bsub_log//MC15ri_etapip_gg_fitv6_toyMC_100_260.log"> in cluster <centralcluster> Done

Job <bash -c "basf2 etapip_gg_fit_v6_toymc_100.py 260 > /home/belle2/jaeyoung/storage_ghi/Ntuples_ghi_2/MC15ri_generic/MC15ri_etaetapip_tight_v2_240419_Kp_BCS_etapi0const/bsub_log//MC15ri_etapip_gg_fitv6_toyMC_100_260.log"> was submitted from host <ccw02> by user <jaeyoung> in cluster <centralcluster> at Sat Jul 20 14:39:33 2024
Job was executed on host(s) <ccb178>, in queue <s>, as user <jaeyoung> in cluster <centralcluster> at Sat Jul 20 14:42:29 2024
</home/belle2/jaeyoung> was used as the home directory.
</home/belle2/jaeyoung/workspace/DRAW_and_FITTING/main/FITTING/etapip/MC15ri_generic/tight_v2_fit_v6/ToyMC> was used as the working directory.
Started at Sat Jul 20 14:42:29 2024
Terminated at Sat Jul 20 15:30:02 2024
Results reported at Sat Jul 20 15:30:02 2024

Your job looked like:

------------------------------------------------------------
# LSBATCH: User input
bash -c "basf2 etapip_gg_fit_v6_toymc_100.py 260 > /home/belle2/jaeyoung/storage_ghi/Ntuples_ghi_2/MC15ri_generic/MC15ri_etaetapip_tight_v2_240419_Kp_BCS_etapi0const/bsub_log//MC15ri_etapip_gg_fitv6_toyMC_100_260.log"
------------------------------------------------------------

Successfully completed.

Resource usage summary:

    CPU time :                                   2818.21 sec.
    Max Memory :                                 1312 MB
    Average Memory :                             966.44 MB
    Total Requested Memory :                     4000.00 MB
    Delta Memory :                               2688.00 MB
    Max Swap :                                   -
    Max Processes :                              19
    Max Threads :                                20
    Run time :                                   2853 sec.
    Turnaround time :                            3029 sec.

The output (if any) follows:



PS:

Read file <./bsub_log/260.err> for stderr output of this job.

Sender: LSF System <lsfadmin@ccb155>
Subject: Job 53030000: <bash -c "basf2 etapip_gg_fit_v6_toymc_100.py 260 > /home/belle2/jaeyoung/storage_ghi/Ntuples_ghi_2/MC15ri_generic/MC15ri_etaetapip_tight_v2_240419_Kp_BCS_etapi0const/bsub_log//MC15ri_etapip_gg_fitv6_toyMC_100_260.log"> in cluster <centralcluster> Done

Job <bash -c "basf2 etapip_gg_fit_v6_toymc_100.py 260 > /home/belle2/jaeyoung/storage_ghi/Ntuples_ghi_2/MC15ri_generic/MC15ri_etaetapip_tight_v2_240419_Kp_BCS_etapi0const/bsub_log//MC15ri_etapip_gg_fitv6_toyMC_100_260.log"> was submitted from host <ccw03> by user <jaeyoung> in cluster <centralcluster> at Sun Jul 21 17:30:56 2024
Job was executed on host(s) <ccb155>, in queue <s>, as user <jaeyoung> in cluster <centralcluster> at Sun Jul 21 17:31:26 2024
</home/belle2/jaeyoung> was used as the home directory.
</home/belle2/jaeyoung/workspace/DRAW_and_FITTING/main/FITTING/etapip/MC15ri_generic/tight_v2_fit_v6/ToyMC> was used as the working directory.
Started at Sun Jul 21 17:31:26 2024
Terminated at Sun Jul 21 18:20:42 2024
Results reported at Sun Jul 21 18:20:42 2024

Your job looked like:

------------------------------------------------------------
# LSBATCH: User input
bash -c "basf2 etapip_gg_fit_v6_toymc_100.py 260 > /home/belle2/jaeyoung/storage_ghi/Ntuples_ghi_2/MC15ri_generic/MC15ri_etaetapip_tight_v2_240419_Kp_BCS_etapi0const/bsub_log//MC15ri_etapip_gg_fitv6_toyMC_100_260.log"
------------------------------------------------------------

Successfully completed.

Resource usage summary:

    CPU time :                                   2945.36 sec.
    Max Memory :                                 1311 MB
    Average Memory :                             937.93 MB
    Total Requested Memory :                     4000.00 MB
    Delta Memory :                               2689.00 MB
    Max Swap :                                   -
    Max Processes :                              19
    Max Threads :                                20
    Run time :                                   2956 sec.
    Turnaround time :                            2986 sec.

The output (if any) follows:



PS:

Read file <./bsub_log/260.err> for stderr output of this job.

Sender: LSF System <lsfadmin@ccb211>
Subject: Job 53202520: <bash -c "basf2 etapip_gg_fit_v6_toymc_100.py 260 > /home/belle2/jaeyoung/storage_ghi/Ntuples_ghi_2/MC15ri_generic/MC15ri_etaetapip_tight_v2_240419_Kp_BCS_etapi0const/bsub_log//MC15ri_etapip_gg_fitv6_toyMC_100_260.log"> in cluster <centralcluster> Exited

Job <bash -c "basf2 etapip_gg_fit_v6_toymc_100.py 260 > /home/belle2/jaeyoung/storage_ghi/Ntuples_ghi_2/MC15ri_generic/MC15ri_etaetapip_tight_v2_240419_Kp_BCS_etapi0const/bsub_log//MC15ri_etapip_gg_fitv6_toyMC_100_260.log"> was submitted from host <ccw03> by user <jaeyoung> in cluster <centralcluster> at Mon Jul 22 00:49:59 2024
Job was executed on host(s) <ccb211>, in queue <s>, as user <jaeyoung> in cluster <centralcluster> at Mon Jul 22 00:50:49 2024
</home/belle2/jaeyoung> was used as the home directory.
</home/belle2/jaeyoung/workspace/DRAW_and_FITTING/main/FITTING/etapip/MC15ri_generic/tight_v2_fit_v6/ToyMC> was used as the working directory.
Started at Mon Jul 22 00:50:49 2024
Terminated at Mon Jul 22 01:07:26 2024
Results reported at Mon Jul 22 01:07:26 2024

Your job looked like:

------------------------------------------------------------
# LSBATCH: User input
bash -c "basf2 etapip_gg_fit_v6_toymc_100.py 260 > /home/belle2/jaeyoung/storage_ghi/Ntuples_ghi_2/MC15ri_generic/MC15ri_etaetapip_tight_v2_240419_Kp_BCS_etapi0const/bsub_log//MC15ri_etapip_gg_fitv6_toyMC_100_260.log"
------------------------------------------------------------

Exited with exit code 1.

Resource usage summary:

    CPU time :                                   991.58 sec.
    Max Memory :                                 1255 MB
    Average Memory :                             1187.90 MB
    Total Requested Memory :                     4000.00 MB
    Delta Memory :                               2745.00 MB
    Max Swap :                                   -
    Max Processes :                              19
    Max Threads :                                20
    Run time :                                   997 sec.
    Turnaround time :                            1047 sec.

The output (if any) follows:



PS:

Read file <./bsub_log/260.err> for stderr output of this job.

Sender: LSF System <lsfadmin@ccb564>
Subject: Job 53406960: <bash -c "basf2 etapip_gg_fit_v6_toymc_100.py 260 > /home/belle2/jaeyoung/storage_ghi/Ntuples_ghi_2/MC15ri_generic/MC15ri_etaetapip_tight_v2_240419_Kp_BCS_etapi0const/bsub_log//MC15ri_etapip_gg_fitv6_toyMC_100_260.log"> in cluster <centralcluster> Done

Job <bash -c "basf2 etapip_gg_fit_v6_toymc_100.py 260 > /home/belle2/jaeyoung/storage_ghi/Ntuples_ghi_2/MC15ri_generic/MC15ri_etaetapip_tight_v2_240419_Kp_BCS_etapi0const/bsub_log//MC15ri_etapip_gg_fitv6_toyMC_100_260.log"> was submitted from host <ccw06> by user <jaeyoung> in cluster <centralcluster> at Mon Jul 22 10:48:49 2024
Job was executed on host(s) <ccb564>, in queue <s>, as user <jaeyoung> in cluster <centralcluster> at Mon Jul 22 10:49:11 2024
</home/belle2/jaeyoung> was used as the home directory.
</home/belle2/jaeyoung/workspace/DRAW_and_FITTING/main/FITTING/etapip/MC15ri_generic/tight_v2_fit_v6/ToyMC> was used as the working directory.
Started at Mon Jul 22 10:49:11 2024
Terminated at Mon Jul 22 11:37:58 2024
Results reported at Mon Jul 22 11:37:58 2024

Your job looked like:

------------------------------------------------------------
# LSBATCH: User input
bash -c "basf2 etapip_gg_fit_v6_toymc_100.py 260 > /home/belle2/jaeyoung/storage_ghi/Ntuples_ghi_2/MC15ri_generic/MC15ri_etaetapip_tight_v2_240419_Kp_BCS_etapi0const/bsub_log//MC15ri_etapip_gg_fitv6_toyMC_100_260.log"
------------------------------------------------------------

Successfully completed.

Resource usage summary:

    CPU time :                                   2868.49 sec.
    Max Memory :                                 1311 MB
    Average Memory :                             939.74 MB
    Total Requested Memory :                     4000.00 MB
    Delta Memory :                               2689.00 MB
    Max Swap :                                   -
    Max Processes :                              19
    Max Threads :                                20
    Run time :                                   2928 sec.
    Turnaround time :                            2949 sec.

The output (if any) follows:



PS:

Read file <./bsub_log/260.err> for stderr output of this job.

Sender: LSF System <lsfadmin@ccb243>
Subject: Job 53599057: <bash -c "basf2 etapip_gg_fit_v6_toymc_100.py 260 > /home/belle2/jaeyoung/storage_ghi/Ntuples_ghi_2/MC15ri_generic/MC15ri_etaetapip_tight_v2_240419_Kp_BCS_etapi0const/bsub_log//MC15ri_etapip_gg_fitv6_toyMC_100_260.log"> in cluster <centralcluster> Done

Job <bash -c "basf2 etapip_gg_fit_v6_toymc_100.py 260 > /home/belle2/jaeyoung/storage_ghi/Ntuples_ghi_2/MC15ri_generic/MC15ri_etaetapip_tight_v2_240419_Kp_BCS_etapi0const/bsub_log//MC15ri_etapip_gg_fitv6_toyMC_100_260.log"> was submitted from host <ccw03> by user <jaeyoung> in cluster <centralcluster> at Mon Jul 22 18:34:59 2024
Job was executed on host(s) <ccb243>, in queue <s>, as user <jaeyoung> in cluster <centralcluster> at Mon Jul 22 18:36:27 2024
</home/belle2/jaeyoung> was used as the home directory.
</home/belle2/jaeyoung/workspace/DRAW_and_FITTING/main/FITTING/etapip/MC15ri_generic/tight_v2_fit_v6/ToyMC> was used as the working directory.
Started at Mon Jul 22 18:36:27 2024
Terminated at Mon Jul 22 19:22:03 2024
Results reported at Mon Jul 22 19:22:03 2024

Your job looked like:

------------------------------------------------------------
# LSBATCH: User input
bash -c "basf2 etapip_gg_fit_v6_toymc_100.py 260 > /home/belle2/jaeyoung/storage_ghi/Ntuples_ghi_2/MC15ri_generic/MC15ri_etaetapip_tight_v2_240419_Kp_BCS_etapi0const/bsub_log//MC15ri_etapip_gg_fitv6_toyMC_100_260.log"
------------------------------------------------------------

Successfully completed.

Resource usage summary:

    CPU time :                                   2725.46 sec.
    Max Memory :                                 1311 MB
    Average Memory :                             949.18 MB
    Total Requested Memory :                     4000.00 MB
    Delta Memory :                               2689.00 MB
    Max Swap :                                   -
    Max Processes :                              19
    Max Threads :                                20
    Run time :                                   2736 sec.
    Turnaround time :                            2824 sec.

The output (if any) follows:



PS:

Read file <./bsub_log/260.err> for stderr output of this job.

Sender: LSF System <lsfadmin@ccb232>
Subject: Job 53832250: <bash -c "basf2 etapip_gg_fit_v6_toymc_100.py 260 > /home/belle2/jaeyoung/storage_ghi/Ntuples_ghi_2/MC15ri_generic/MC15ri_etaetapip_tight_v2_240419_Kp_BCS_etapi0const/bsub_log//MC15ri_etapip_gg_fitv6_toyMC_100_260.log"> in cluster <centralcluster> Done

Job <bash -c "basf2 etapip_gg_fit_v6_toymc_100.py 260 > /home/belle2/jaeyoung/storage_ghi/Ntuples_ghi_2/MC15ri_generic/MC15ri_etaetapip_tight_v2_240419_Kp_BCS_etapi0const/bsub_log//MC15ri_etapip_gg_fitv6_toyMC_100_260.log"> was submitted from host <ccw05> by user <jaeyoung> in cluster <centralcluster> at Tue Jul 23 00:49:48 2024
Job was executed on host(s) <ccb232>, in queue <s>, as user <jaeyoung> in cluster <centralcluster> at Tue Jul 23 00:50:09 2024
</home/belle2/jaeyoung> was used as the home directory.
</home/belle2/jaeyoung/workspace/DRAW_and_FITTING/main/FITTING/etapip/MC15ri_generic/tight_v2_fit_v6/ToyMC> was used as the working directory.
Started at Tue Jul 23 00:50:09 2024
Terminated at Tue Jul 23 01:36:00 2024
Results reported at Tue Jul 23 01:36:00 2024

Your job looked like:

------------------------------------------------------------
# LSBATCH: User input
bash -c "basf2 etapip_gg_fit_v6_toymc_100.py 260 > /home/belle2/jaeyoung/storage_ghi/Ntuples_ghi_2/MC15ri_generic/MC15ri_etaetapip_tight_v2_240419_Kp_BCS_etapi0const/bsub_log//MC15ri_etapip_gg_fitv6_toyMC_100_260.log"
------------------------------------------------------------

Successfully completed.

Resource usage summary:

    CPU time :                                   2737.69 sec.
    Max Memory :                                 1315 MB
    Average Memory :                             967.12 MB
    Total Requested Memory :                     4000.00 MB
    Delta Memory :                               2685.00 MB
    Max Swap :                                   -
    Max Processes :                              19
    Max Threads :                                20
    Run time :                                   2751 sec.
    Turnaround time :                            2772 sec.

The output (if any) follows:



PS:

Read file <./bsub_log/260.err> for stderr output of this job.

Sender: LSF System <lsfadmin@ccb181>
Subject: Job 54397751: <bash -c "basf2 etapip_gg_fit_v6_toymc_100.py 260 > /home/belle2/jaeyoung/storage_ghi/Ntuples_ghi_2/MC15ri_generic/MC15ri_etaetapip_tight_v2_240419_Kp_BCS_etapi0const/bsub_log//MC15ri_etapip_gg_fitv6_toyMC_100_260.log"> in cluster <centralcluster> Done

Job <bash -c "basf2 etapip_gg_fit_v6_toymc_100.py 260 > /home/belle2/jaeyoung/storage_ghi/Ntuples_ghi_2/MC15ri_generic/MC15ri_etaetapip_tight_v2_240419_Kp_BCS_etapi0const/bsub_log//MC15ri_etapip_gg_fitv6_toyMC_100_260.log"> was submitted from host <ccw04> by user <jaeyoung> in cluster <centralcluster> at Tue Jul 23 17:59:05 2024
Job was executed on host(s) <ccb181>, in queue <s>, as user <jaeyoung> in cluster <centralcluster> at Tue Jul 23 18:26:56 2024
</home/belle2/jaeyoung> was used as the home directory.
</home/belle2/jaeyoung/workspace/DRAW_and_FITTING/main/FITTING/etapip/MC15ri_generic/tight_v2_fit_v6/ToyMC> was used as the working directory.
Started at Tue Jul 23 18:26:56 2024
Terminated at Tue Jul 23 19:13:12 2024
Results reported at Tue Jul 23 19:13:12 2024

Your job looked like:

------------------------------------------------------------
# LSBATCH: User input
bash -c "basf2 etapip_gg_fit_v6_toymc_100.py 260 > /home/belle2/jaeyoung/storage_ghi/Ntuples_ghi_2/MC15ri_generic/MC15ri_etaetapip_tight_v2_240419_Kp_BCS_etapi0const/bsub_log//MC15ri_etapip_gg_fitv6_toyMC_100_260.log"
------------------------------------------------------------

Successfully completed.

Resource usage summary:

    CPU time :                                   2744.65 sec.
    Max Memory :                                 1350 MB
    Average Memory :                             977.04 MB
    Total Requested Memory :                     4000.00 MB
    Delta Memory :                               2650.00 MB
    Max Swap :                                   -
    Max Processes :                              19
    Max Threads :                                20
    Run time :                                   2775 sec.
    Turnaround time :                            4447 sec.

The output (if any) follows:



PS:

Read file <./bsub_log/260.err> for stderr output of this job.

Sender: LSF System <lsfadmin@ccb037>
Subject: Job 54470325: <bash -c "basf2 etapip_gg_fit_v6_toymc_100.py 260 > /home/belle2/jaeyoung/storage_ghi/Ntuples_ghi_2/MC15ri_generic/MC15ri_etaetapip_tight_v2_240419_Kp_BCS_etapi0const/bsub_log//MC15ri_etapip_gg_fitv6_toyMC_100_260.log"> in cluster <centralcluster> Done

Job <bash -c "basf2 etapip_gg_fit_v6_toymc_100.py 260 > /home/belle2/jaeyoung/storage_ghi/Ntuples_ghi_2/MC15ri_generic/MC15ri_etaetapip_tight_v2_240419_Kp_BCS_etapi0const/bsub_log//MC15ri_etapip_gg_fitv6_toyMC_100_260.log"> was submitted from host <ccw03> by user <jaeyoung> in cluster <centralcluster> at Tue Jul 23 19:37:58 2024
Job was executed on host(s) <ccb037>, in queue <s>, as user <jaeyoung> in cluster <centralcluster> at Tue Jul 23 19:37:59 2024
</home/belle2/jaeyoung> was used as the home directory.
</home/belle2/jaeyoung/workspace/DRAW_and_FITTING/main/FITTING/etapip/MC15ri_generic/tight_v2_fit_v6/ToyMC> was used as the working directory.
Started at Tue Jul 23 19:37:59 2024
Terminated at Tue Jul 23 20:23:30 2024
Results reported at Tue Jul 23 20:23:30 2024

Your job looked like:

------------------------------------------------------------
# LSBATCH: User input
bash -c "basf2 etapip_gg_fit_v6_toymc_100.py 260 > /home/belle2/jaeyoung/storage_ghi/Ntuples_ghi_2/MC15ri_generic/MC15ri_etaetapip_tight_v2_240419_Kp_BCS_etapi0const/bsub_log//MC15ri_etapip_gg_fitv6_toyMC_100_260.log"
------------------------------------------------------------

Successfully completed.

Resource usage summary:

    CPU time :                                   2722.56 sec.
    Max Memory :                                 1345 MB
    Average Memory :                             981.70 MB
    Total Requested Memory :                     4000.00 MB
    Delta Memory :                               2655.00 MB
    Max Swap :                                   -
    Max Processes :                              19
    Max Threads :                                20
    Run time :                                   2732 sec.
    Turnaround time :                            2732 sec.

The output (if any) follows:



PS:

Read file <./bsub_log/260.err> for stderr output of this job.

Sender: LSF System <lsfadmin@ccb550>
Subject: Job 55515773: <bash -c "basf2 etapip_gg_fit_v6_toymc_100.py 260 > /home/belle2/jaeyoung/storage_ghi/Ntuples_ghi_2/MC15ri_generic/MC15ri_etaetapip_tight_v2_240419_Kp_BCS_etapi0const/bsub_log//MC15ri_etapip_gg_fitv6_toyMC_100_260.log"> in cluster <centralcluster> Done

Job <bash -c "basf2 etapip_gg_fit_v6_toymc_100.py 260 > /home/belle2/jaeyoung/storage_ghi/Ntuples_ghi_2/MC15ri_generic/MC15ri_etaetapip_tight_v2_240419_Kp_BCS_etapi0const/bsub_log//MC15ri_etapip_gg_fitv6_toyMC_100_260.log"> was submitted from host <ccw01> by user <jaeyoung> in cluster <centralcluster> at Thu Jul 25 20:50:54 2024
Job was executed on host(s) <ccb550>, in queue <s>, as user <jaeyoung> in cluster <centralcluster> at Thu Jul 25 20:50:54 2024
</home/belle2/jaeyoung> was used as the home directory.
</gpfs/home/belle2/jaeyoung/workspace/DRAW_and_FITTING/main/FITTING/etapip/MC15ri_generic/tight_v2_fit_v6/ToyMC> was used as the working directory.
Started at Thu Jul 25 20:50:54 2024
Terminated at Thu Jul 25 21:37:14 2024
Results reported at Thu Jul 25 21:37:14 2024

Your job looked like:

------------------------------------------------------------
# LSBATCH: User input
bash -c "basf2 etapip_gg_fit_v6_toymc_100.py 260 > /home/belle2/jaeyoung/storage_ghi/Ntuples_ghi_2/MC15ri_generic/MC15ri_etaetapip_tight_v2_240419_Kp_BCS_etapi0const/bsub_log//MC15ri_etapip_gg_fitv6_toyMC_100_260.log"
------------------------------------------------------------

Successfully completed.

Resource usage summary:

    CPU time :                                   2742.36 sec.
    Max Memory :                                 1313 MB
    Average Memory :                             943.99 MB
    Total Requested Memory :                     4000.00 MB
    Delta Memory :                               2687.00 MB
    Max Swap :                                   -
    Max Processes :                              19
    Max Threads :                                20
    Run time :                                   2780 sec.
    Turnaround time :                            2780 sec.

The output (if any) follows:



PS:

Read file <./bsub_log/260.err> for stderr output of this job.

Sender: LSF System <lsfadmin@ccb545>
Subject: Job 56103247: <bash -c "basf2 etapip_gg_fit_v6_toymc_100.py 260 > /home/belle2/jaeyoung/storage_ghi/Ntuples_ghi_2/MC15ri_generic/MC15ri_etaetapip_tight_v2_240419_Kp_BCS_etapi0const/bsub_log//MC15ri_etapip_gg_fitv6_toyMC_100_260.log"> in cluster <centralcluster> Done

Job <bash -c "basf2 etapip_gg_fit_v6_toymc_100.py 260 > /home/belle2/jaeyoung/storage_ghi/Ntuples_ghi_2/MC15ri_generic/MC15ri_etaetapip_tight_v2_240419_Kp_BCS_etapi0const/bsub_log//MC15ri_etapip_gg_fitv6_toyMC_100_260.log"> was submitted from host <ccw06> by user <jaeyoung> in cluster <centralcluster> at Fri Jul 26 23:43:52 2024
Job was executed on host(s) <ccb545>, in queue <s>, as user <jaeyoung> in cluster <centralcluster> at Sat Jul 27 00:18:49 2024
</home/belle2/jaeyoung> was used as the home directory.
</home/belle2/jaeyoung/workspace/DRAW_and_FITTING/main/FITTING/etapip/MC15ri_generic/tight_v2_fit_v6/ToyMC> was used as the working directory.
Started at Sat Jul 27 00:18:49 2024
Terminated at Sat Jul 27 00:51:54 2024
Results reported at Sat Jul 27 00:51:54 2024

Your job looked like:

------------------------------------------------------------
# LSBATCH: User input
bash -c "basf2 etapip_gg_fit_v6_toymc_100.py 260 > /home/belle2/jaeyoung/storage_ghi/Ntuples_ghi_2/MC15ri_generic/MC15ri_etaetapip_tight_v2_240419_Kp_BCS_etapi0const/bsub_log//MC15ri_etapip_gg_fitv6_toyMC_100_260.log"
------------------------------------------------------------

Successfully completed.

Resource usage summary:

    CPU time :                                   1910.56 sec.
    Max Memory :                                 915 MB
    Average Memory :                             645.50 MB
    Total Requested Memory :                     4000.00 MB
    Delta Memory :                               3085.00 MB
    Max Swap :                                   -
    Max Processes :                              19
    Max Threads :                                20
    Run time :                                   1986 sec.
    Turnaround time :                            4082 sec.

The output (if any) follows:



PS:

Read file <./bsub_log/260.err> for stderr output of this job.

Sender: LSF System <lsfadmin@ccb126>
Subject: Job 56133610: <bash -c "basf2 etapip_gg_fit_v6_toymc_100.py 260 > /home/belle2/jaeyoung/storage_ghi/Ntuples_ghi_2/MC15ri_generic/MC15ri_etaetapip_tight_v2_240419_Kp_BCS_etapi0const/bsub_log//MC15ri_etapip_gg_fitv6_toyMC_100_260.log"> in cluster <centralcluster> Done

Job <bash -c "basf2 etapip_gg_fit_v6_toymc_100.py 260 > /home/belle2/jaeyoung/storage_ghi/Ntuples_ghi_2/MC15ri_generic/MC15ri_etaetapip_tight_v2_240419_Kp_BCS_etapi0const/bsub_log//MC15ri_etapip_gg_fitv6_toyMC_100_260.log"> was submitted from host <ccw03> by user <jaeyoung> in cluster <centralcluster> at Sat Jul 27 01:13:18 2024
Job was executed on host(s) <ccb126>, in queue <s>, as user <jaeyoung> in cluster <centralcluster> at Sat Jul 27 03:04:41 2024
</home/belle2/jaeyoung> was used as the home directory.
</gpfs/home/belle2/jaeyoung/workspace/DRAW_and_FITTING/main/FITTING/etapip/MC15ri_generic/tight_v2_fit_v6/ToyMC> was used as the working directory.
Started at Sat Jul 27 03:04:41 2024
Terminated at Sat Jul 27 03:44:25 2024
Results reported at Sat Jul 27 03:44:25 2024

Your job looked like:

------------------------------------------------------------
# LSBATCH: User input
bash -c "basf2 etapip_gg_fit_v6_toymc_100.py 260 > /home/belle2/jaeyoung/storage_ghi/Ntuples_ghi_2/MC15ri_generic/MC15ri_etaetapip_tight_v2_240419_Kp_BCS_etapi0const/bsub_log//MC15ri_etapip_gg_fitv6_toyMC_100_260.log"
------------------------------------------------------------

Successfully completed.

Resource usage summary:

    CPU time :                                   2355.60 sec.
    Max Memory :                                 922 MB
    Average Memory :                             664.26 MB
    Total Requested Memory :                     4000.00 MB
    Delta Memory :                               3078.00 MB
    Max Swap :                                   -
    Max Processes :                              19
    Max Threads :                                20
    Run time :                                   2385 sec.
    Turnaround time :                            9067 sec.

The output (if any) follows:



PS:

Read file <./bsub_log/260.err> for stderr output of this job.

