Sender: LSF System <lsfadmin@ccb186>
Subject: Job 52359473: <bash -c "basf2 etapip_gg_fit_v6_toymc_100.py 266 > /home/belle2/jaeyoung/storage_ghi/Ntuples_ghi_2/MC15ri_generic/MC15ri_etaetapip_tight_v2_240419_Kp_BCS_etapi0const/bsub_log//MC15ri_etapip_gg_fitv6_toyMC_100_266.log"> in cluster <centralcluster> Done

Job <bash -c "basf2 etapip_gg_fit_v6_toymc_100.py 266 > /home/belle2/jaeyoung/storage_ghi/Ntuples_ghi_2/MC15ri_generic/MC15ri_etaetapip_tight_v2_240419_Kp_BCS_etapi0const/bsub_log//MC15ri_etapip_gg_fitv6_toyMC_100_266.log"> was submitted from host <ccw02> by user <jaeyoung> in cluster <centralcluster> at Sat Jul 20 14:39:35 2024
Job was executed on host(s) <ccb186>, in queue <s>, as user <jaeyoung> in cluster <centralcluster> at Sat Jul 20 14:42:33 2024
</home/belle2/jaeyoung> was used as the home directory.
</home/belle2/jaeyoung/workspace/DRAW_and_FITTING/main/FITTING/etapip/MC15ri_generic/tight_v2_fit_v6/ToyMC> was used as the working directory.
Started at Sat Jul 20 14:42:33 2024
Terminated at Sat Jul 20 15:29:36 2024
Results reported at Sat Jul 20 15:29:36 2024

Your job looked like:

------------------------------------------------------------
# LSBATCH: User input
bash -c "basf2 etapip_gg_fit_v6_toymc_100.py 266 > /home/belle2/jaeyoung/storage_ghi/Ntuples_ghi_2/MC15ri_generic/MC15ri_etaetapip_tight_v2_240419_Kp_BCS_etapi0const/bsub_log//MC15ri_etapip_gg_fitv6_toyMC_100_266.log"
------------------------------------------------------------

Successfully completed.

Resource usage summary:

    CPU time :                                   2813.83 sec.
    Max Memory :                                 1311 MB
    Average Memory :                             944.68 MB
    Total Requested Memory :                     4000.00 MB
    Delta Memory :                               2689.00 MB
    Max Swap :                                   -
    Max Processes :                              19
    Max Threads :                                20
    Run time :                                   2823 sec.
    Turnaround time :                            3001 sec.

The output (if any) follows:



PS:

Read file <./bsub_log/266.err> for stderr output of this job.

Sender: LSF System <lsfadmin@ccb230>
Subject: Job 53030023: <bash -c "basf2 etapip_gg_fit_v6_toymc_100.py 266 > /home/belle2/jaeyoung/storage_ghi/Ntuples_ghi_2/MC15ri_generic/MC15ri_etaetapip_tight_v2_240419_Kp_BCS_etapi0const/bsub_log//MC15ri_etapip_gg_fitv6_toyMC_100_266.log"> in cluster <centralcluster> Done

Job <bash -c "basf2 etapip_gg_fit_v6_toymc_100.py 266 > /home/belle2/jaeyoung/storage_ghi/Ntuples_ghi_2/MC15ri_generic/MC15ri_etaetapip_tight_v2_240419_Kp_BCS_etapi0const/bsub_log//MC15ri_etapip_gg_fitv6_toyMC_100_266.log"> was submitted from host <ccw03> by user <jaeyoung> in cluster <centralcluster> at Sun Jul 21 17:30:58 2024
Job was executed on host(s) <ccb230>, in queue <s>, as user <jaeyoung> in cluster <centralcluster> at Sun Jul 21 17:31:28 2024
</home/belle2/jaeyoung> was used as the home directory.
</home/belle2/jaeyoung/workspace/DRAW_and_FITTING/main/FITTING/etapip/MC15ri_generic/tight_v2_fit_v6/ToyMC> was used as the working directory.
Started at Sun Jul 21 17:31:28 2024
Terminated at Sun Jul 21 18:19:58 2024
Results reported at Sun Jul 21 18:19:58 2024

Your job looked like:

------------------------------------------------------------
# LSBATCH: User input
bash -c "basf2 etapip_gg_fit_v6_toymc_100.py 266 > /home/belle2/jaeyoung/storage_ghi/Ntuples_ghi_2/MC15ri_generic/MC15ri_etaetapip_tight_v2_240419_Kp_BCS_etapi0const/bsub_log//MC15ri_etapip_gg_fitv6_toyMC_100_266.log"
------------------------------------------------------------

Successfully completed.

Resource usage summary:

    CPU time :                                   2866.08 sec.
    Max Memory :                                 1311 MB
    Average Memory :                             955.02 MB
    Total Requested Memory :                     4000.00 MB
    Delta Memory :                               2689.00 MB
    Max Swap :                                   -
    Max Processes :                              19
    Max Threads :                                20
    Run time :                                   2910 sec.
    Turnaround time :                            2940 sec.

The output (if any) follows:



PS:

Read file <./bsub_log/266.err> for stderr output of this job.

Sender: LSF System <lsfadmin@ccb250>
Subject: Job 53202540: <bash -c "basf2 etapip_gg_fit_v6_toymc_100.py 266 > /home/belle2/jaeyoung/storage_ghi/Ntuples_ghi_2/MC15ri_generic/MC15ri_etaetapip_tight_v2_240419_Kp_BCS_etapi0const/bsub_log//MC15ri_etapip_gg_fitv6_toyMC_100_266.log"> in cluster <centralcluster> Exited

Job <bash -c "basf2 etapip_gg_fit_v6_toymc_100.py 266 > /home/belle2/jaeyoung/storage_ghi/Ntuples_ghi_2/MC15ri_generic/MC15ri_etaetapip_tight_v2_240419_Kp_BCS_etapi0const/bsub_log//MC15ri_etapip_gg_fitv6_toyMC_100_266.log"> was submitted from host <ccw03> by user <jaeyoung> in cluster <centralcluster> at Mon Jul 22 00:50:02 2024
Job was executed on host(s) <ccb250>, in queue <s>, as user <jaeyoung> in cluster <centralcluster> at Mon Jul 22 00:50:50 2024
</home/belle2/jaeyoung> was used as the home directory.
</home/belle2/jaeyoung/workspace/DRAW_and_FITTING/main/FITTING/etapip/MC15ri_generic/tight_v2_fit_v6/ToyMC> was used as the working directory.
Started at Mon Jul 22 00:50:50 2024
Terminated at Mon Jul 22 01:08:26 2024
Results reported at Mon Jul 22 01:08:26 2024

Your job looked like:

------------------------------------------------------------
# LSBATCH: User input
bash -c "basf2 etapip_gg_fit_v6_toymc_100.py 266 > /home/belle2/jaeyoung/storage_ghi/Ntuples_ghi_2/MC15ri_generic/MC15ri_etaetapip_tight_v2_240419_Kp_BCS_etapi0const/bsub_log//MC15ri_etapip_gg_fitv6_toyMC_100_266.log"
------------------------------------------------------------

Exited with exit code 1.

Resource usage summary:

    CPU time :                                   1051.97 sec.
    Max Memory :                                 1253 MB
    Average Memory :                             1168.08 MB
    Total Requested Memory :                     4000.00 MB
    Delta Memory :                               2747.00 MB
    Max Swap :                                   -
    Max Processes :                              19
    Max Threads :                                20
    Run time :                                   1057 sec.
    Turnaround time :                            1104 sec.

The output (if any) follows:



PS:

Read file <./bsub_log/266.err> for stderr output of this job.

Sender: LSF System <lsfadmin@ccb027>
Subject: Job 53406973: <bash -c "basf2 etapip_gg_fit_v6_toymc_100.py 266 > /home/belle2/jaeyoung/storage_ghi/Ntuples_ghi_2/MC15ri_generic/MC15ri_etaetapip_tight_v2_240419_Kp_BCS_etapi0const/bsub_log//MC15ri_etapip_gg_fitv6_toyMC_100_266.log"> in cluster <centralcluster> Done

Job <bash -c "basf2 etapip_gg_fit_v6_toymc_100.py 266 > /home/belle2/jaeyoung/storage_ghi/Ntuples_ghi_2/MC15ri_generic/MC15ri_etaetapip_tight_v2_240419_Kp_BCS_etapi0const/bsub_log//MC15ri_etapip_gg_fitv6_toyMC_100_266.log"> was submitted from host <ccw06> by user <jaeyoung> in cluster <centralcluster> at Mon Jul 22 10:48:51 2024
Job was executed on host(s) <ccb027>, in queue <s>, as user <jaeyoung> in cluster <centralcluster> at Mon Jul 22 10:49:12 2024
</home/belle2/jaeyoung> was used as the home directory.
</home/belle2/jaeyoung/workspace/DRAW_and_FITTING/main/FITTING/etapip/MC15ri_generic/tight_v2_fit_v6/ToyMC> was used as the working directory.
Started at Mon Jul 22 10:49:12 2024
Terminated at Mon Jul 22 11:35:02 2024
Results reported at Mon Jul 22 11:35:02 2024

Your job looked like:

------------------------------------------------------------
# LSBATCH: User input
bash -c "basf2 etapip_gg_fit_v6_toymc_100.py 266 > /home/belle2/jaeyoung/storage_ghi/Ntuples_ghi_2/MC15ri_generic/MC15ri_etaetapip_tight_v2_240419_Kp_BCS_etapi0const/bsub_log//MC15ri_etapip_gg_fitv6_toyMC_100_266.log"
------------------------------------------------------------

Successfully completed.

Resource usage summary:

    CPU time :                                   2707.99 sec.
    Max Memory :                                 1311 MB
    Average Memory :                             950.88 MB
    Total Requested Memory :                     4000.00 MB
    Delta Memory :                               2689.00 MB
    Max Swap :                                   -
    Max Processes :                              19
    Max Threads :                                20
    Run time :                                   2750 sec.
    Turnaround time :                            2771 sec.

The output (if any) follows:



PS:

Read file <./bsub_log/266.err> for stderr output of this job.

Sender: LSF System <lsfadmin@ccb186>
Subject: Job 53599078: <bash -c "basf2 etapip_gg_fit_v6_toymc_100.py 266 > /home/belle2/jaeyoung/storage_ghi/Ntuples_ghi_2/MC15ri_generic/MC15ri_etaetapip_tight_v2_240419_Kp_BCS_etapi0const/bsub_log//MC15ri_etapip_gg_fitv6_toyMC_100_266.log"> in cluster <centralcluster> Done

Job <bash -c "basf2 etapip_gg_fit_v6_toymc_100.py 266 > /home/belle2/jaeyoung/storage_ghi/Ntuples_ghi_2/MC15ri_generic/MC15ri_etaetapip_tight_v2_240419_Kp_BCS_etapi0const/bsub_log//MC15ri_etapip_gg_fitv6_toyMC_100_266.log"> was submitted from host <ccw03> by user <jaeyoung> in cluster <centralcluster> at Mon Jul 22 18:35:01 2024
Job was executed on host(s) <ccb186>, in queue <s>, as user <jaeyoung> in cluster <centralcluster> at Mon Jul 22 18:36:30 2024
</home/belle2/jaeyoung> was used as the home directory.
</home/belle2/jaeyoung/workspace/DRAW_and_FITTING/main/FITTING/etapip/MC15ri_generic/tight_v2_fit_v6/ToyMC> was used as the working directory.
Started at Mon Jul 22 18:36:30 2024
Terminated at Mon Jul 22 19:22:41 2024
Results reported at Mon Jul 22 19:22:41 2024

Your job looked like:

------------------------------------------------------------
# LSBATCH: User input
bash -c "basf2 etapip_gg_fit_v6_toymc_100.py 266 > /home/belle2/jaeyoung/storage_ghi/Ntuples_ghi_2/MC15ri_generic/MC15ri_etaetapip_tight_v2_240419_Kp_BCS_etapi0const/bsub_log//MC15ri_etapip_gg_fitv6_toyMC_100_266.log"
------------------------------------------------------------

Successfully completed.

Resource usage summary:

    CPU time :                                   2760.93 sec.
    Max Memory :                                 1347 MB
    Average Memory :                             978.42 MB
    Total Requested Memory :                     4000.00 MB
    Delta Memory :                               2653.00 MB
    Max Swap :                                   -
    Max Processes :                              19
    Max Threads :                                20
    Run time :                                   2772 sec.
    Turnaround time :                            2860 sec.

The output (if any) follows:



PS:

Read file <./bsub_log/266.err> for stderr output of this job.

Sender: LSF System <lsfadmin@ccb050>
Subject: Job 53832273: <bash -c "basf2 etapip_gg_fit_v6_toymc_100.py 266 > /home/belle2/jaeyoung/storage_ghi/Ntuples_ghi_2/MC15ri_generic/MC15ri_etaetapip_tight_v2_240419_Kp_BCS_etapi0const/bsub_log//MC15ri_etapip_gg_fitv6_toyMC_100_266.log"> in cluster <centralcluster> Done

Job <bash -c "basf2 etapip_gg_fit_v6_toymc_100.py 266 > /home/belle2/jaeyoung/storage_ghi/Ntuples_ghi_2/MC15ri_generic/MC15ri_etaetapip_tight_v2_240419_Kp_BCS_etapi0const/bsub_log//MC15ri_etapip_gg_fitv6_toyMC_100_266.log"> was submitted from host <ccw05> by user <jaeyoung> in cluster <centralcluster> at Tue Jul 23 00:49:50 2024
Job was executed on host(s) <ccb050>, in queue <s>, as user <jaeyoung> in cluster <centralcluster> at Tue Jul 23 00:50:09 2024
</home/belle2/jaeyoung> was used as the home directory.
</home/belle2/jaeyoung/workspace/DRAW_and_FITTING/main/FITTING/etapip/MC15ri_generic/tight_v2_fit_v6/ToyMC> was used as the working directory.
Started at Tue Jul 23 00:50:09 2024
Terminated at Tue Jul 23 01:37:20 2024
Results reported at Tue Jul 23 01:37:20 2024

Your job looked like:

------------------------------------------------------------
# LSBATCH: User input
bash -c "basf2 etapip_gg_fit_v6_toymc_100.py 266 > /home/belle2/jaeyoung/storage_ghi/Ntuples_ghi_2/MC15ri_generic/MC15ri_etaetapip_tight_v2_240419_Kp_BCS_etapi0const/bsub_log//MC15ri_etapip_gg_fitv6_toyMC_100_266.log"
------------------------------------------------------------

Successfully completed.

Resource usage summary:

    CPU time :                                   2819.00 sec.
    Max Memory :                                 1313 MB
    Average Memory :                             970.62 MB
    Total Requested Memory :                     4000.00 MB
    Delta Memory :                               2687.00 MB
    Max Swap :                                   -
    Max Processes :                              19
    Max Threads :                                20
    Run time :                                   2831 sec.
    Turnaround time :                            2850 sec.

The output (if any) follows:



PS:

Read file <./bsub_log/266.err> for stderr output of this job.

Sender: LSF System <lsfadmin@ccb210>
Subject: Job 54397784: <bash -c "basf2 etapip_gg_fit_v6_toymc_100.py 266 > /home/belle2/jaeyoung/storage_ghi/Ntuples_ghi_2/MC15ri_generic/MC15ri_etaetapip_tight_v2_240419_Kp_BCS_etapi0const/bsub_log//MC15ri_etapip_gg_fitv6_toyMC_100_266.log"> in cluster <centralcluster> Done

Job <bash -c "basf2 etapip_gg_fit_v6_toymc_100.py 266 > /home/belle2/jaeyoung/storage_ghi/Ntuples_ghi_2/MC15ri_generic/MC15ri_etaetapip_tight_v2_240419_Kp_BCS_etapi0const/bsub_log//MC15ri_etapip_gg_fitv6_toyMC_100_266.log"> was submitted from host <ccw04> by user <jaeyoung> in cluster <centralcluster> at Tue Jul 23 17:59:07 2024
Job was executed on host(s) <ccb210>, in queue <s>, as user <jaeyoung> in cluster <centralcluster> at Tue Jul 23 18:26:58 2024
</home/belle2/jaeyoung> was used as the home directory.
</home/belle2/jaeyoung/workspace/DRAW_and_FITTING/main/FITTING/etapip/MC15ri_generic/tight_v2_fit_v6/ToyMC> was used as the working directory.
Started at Tue Jul 23 18:26:58 2024
Terminated at Tue Jul 23 19:13:54 2024
Results reported at Tue Jul 23 19:13:54 2024

Your job looked like:

------------------------------------------------------------
# LSBATCH: User input
bash -c "basf2 etapip_gg_fit_v6_toymc_100.py 266 > /home/belle2/jaeyoung/storage_ghi/Ntuples_ghi_2/MC15ri_generic/MC15ri_etaetapip_tight_v2_240419_Kp_BCS_etapi0const/bsub_log//MC15ri_etapip_gg_fitv6_toyMC_100_266.log"
------------------------------------------------------------

Successfully completed.

Resource usage summary:

    CPU time :                                   2790.95 sec.
    Max Memory :                                 1313 MB
    Average Memory :                             948.39 MB
    Total Requested Memory :                     4000.00 MB
    Delta Memory :                               2687.00 MB
    Max Swap :                                   -
    Max Processes :                              19
    Max Threads :                                20
    Run time :                                   2816 sec.
    Turnaround time :                            4487 sec.

The output (if any) follows:



PS:

Read file <./bsub_log/266.err> for stderr output of this job.

Sender: LSF System <lsfadmin@ccb075>
Subject: Job 54470355: <bash -c "basf2 etapip_gg_fit_v6_toymc_100.py 266 > /home/belle2/jaeyoung/storage_ghi/Ntuples_ghi_2/MC15ri_generic/MC15ri_etaetapip_tight_v2_240419_Kp_BCS_etapi0const/bsub_log//MC15ri_etapip_gg_fitv6_toyMC_100_266.log"> in cluster <centralcluster> Done

Job <bash -c "basf2 etapip_gg_fit_v6_toymc_100.py 266 > /home/belle2/jaeyoung/storage_ghi/Ntuples_ghi_2/MC15ri_generic/MC15ri_etaetapip_tight_v2_240419_Kp_BCS_etapi0const/bsub_log//MC15ri_etapip_gg_fitv6_toyMC_100_266.log"> was submitted from host <ccw03> by user <jaeyoung> in cluster <centralcluster> at Tue Jul 23 19:38:00 2024
Job was executed on host(s) <ccb075>, in queue <s>, as user <jaeyoung> in cluster <centralcluster> at Tue Jul 23 19:38:01 2024
</home/belle2/jaeyoung> was used as the home directory.
</home/belle2/jaeyoung/workspace/DRAW_and_FITTING/main/FITTING/etapip/MC15ri_generic/tight_v2_fit_v6/ToyMC> was used as the working directory.
Started at Tue Jul 23 19:38:01 2024
Terminated at Tue Jul 23 20:24:12 2024
Results reported at Tue Jul 23 20:24:12 2024

Your job looked like:

------------------------------------------------------------
# LSBATCH: User input
bash -c "basf2 etapip_gg_fit_v6_toymc_100.py 266 > /home/belle2/jaeyoung/storage_ghi/Ntuples_ghi_2/MC15ri_generic/MC15ri_etaetapip_tight_v2_240419_Kp_BCS_etapi0const/bsub_log//MC15ri_etapip_gg_fitv6_toyMC_100_266.log"
------------------------------------------------------------

Successfully completed.

Resource usage summary:

    CPU time :                                   2762.07 sec.
    Max Memory :                                 1311 MB
    Average Memory :                             945.50 MB
    Total Requested Memory :                     4000.00 MB
    Delta Memory :                               2689.00 MB
    Max Swap :                                   -
    Max Processes :                              19
    Max Threads :                                20
    Run time :                                   2771 sec.
    Turnaround time :                            2772 sec.

The output (if any) follows:



PS:

Read file <./bsub_log/266.err> for stderr output of this job.

Sender: LSF System <lsfadmin@ccb057>
Subject: Job 55515793: <bash -c "basf2 etapip_gg_fit_v6_toymc_100.py 266 > /home/belle2/jaeyoung/storage_ghi/Ntuples_ghi_2/MC15ri_generic/MC15ri_etaetapip_tight_v2_240419_Kp_BCS_etapi0const/bsub_log//MC15ri_etapip_gg_fitv6_toyMC_100_266.log"> in cluster <centralcluster> Done

Job <bash -c "basf2 etapip_gg_fit_v6_toymc_100.py 266 > /home/belle2/jaeyoung/storage_ghi/Ntuples_ghi_2/MC15ri_generic/MC15ri_etaetapip_tight_v2_240419_Kp_BCS_etapi0const/bsub_log//MC15ri_etapip_gg_fitv6_toyMC_100_266.log"> was submitted from host <ccw01> by user <jaeyoung> in cluster <centralcluster> at Thu Jul 25 20:50:56 2024
Job was executed on host(s) <ccb057>, in queue <s>, as user <jaeyoung> in cluster <centralcluster> at Thu Jul 25 20:50:57 2024
</home/belle2/jaeyoung> was used as the home directory.
</gpfs/home/belle2/jaeyoung/workspace/DRAW_and_FITTING/main/FITTING/etapip/MC15ri_generic/tight_v2_fit_v6/ToyMC> was used as the working directory.
Started at Thu Jul 25 20:50:57 2024
Terminated at Thu Jul 25 21:37:55 2024
Results reported at Thu Jul 25 21:37:55 2024

Your job looked like:

------------------------------------------------------------
# LSBATCH: User input
bash -c "basf2 etapip_gg_fit_v6_toymc_100.py 266 > /home/belle2/jaeyoung/storage_ghi/Ntuples_ghi_2/MC15ri_generic/MC15ri_etaetapip_tight_v2_240419_Kp_BCS_etapi0const/bsub_log//MC15ri_etapip_gg_fitv6_toyMC_100_266.log"
------------------------------------------------------------

Successfully completed.

Resource usage summary:

    CPU time :                                   2787.51 sec.
    Max Memory :                                 1313 MB
    Average Memory :                             938.75 MB
    Total Requested Memory :                     4000.00 MB
    Delta Memory :                               2687.00 MB
    Max Swap :                                   -
    Max Processes :                              19
    Max Threads :                                20
    Run time :                                   2819 sec.
    Turnaround time :                            2819 sec.

The output (if any) follows:



PS:

Read file <./bsub_log/266.err> for stderr output of this job.

Sender: LSF System <lsfadmin@ccb536>
Subject: Job 56103268: <bash -c "basf2 etapip_gg_fit_v6_toymc_100.py 266 > /home/belle2/jaeyoung/storage_ghi/Ntuples_ghi_2/MC15ri_generic/MC15ri_etaetapip_tight_v2_240419_Kp_BCS_etapi0const/bsub_log//MC15ri_etapip_gg_fitv6_toyMC_100_266.log"> in cluster <centralcluster> Done

Job <bash -c "basf2 etapip_gg_fit_v6_toymc_100.py 266 > /home/belle2/jaeyoung/storage_ghi/Ntuples_ghi_2/MC15ri_generic/MC15ri_etaetapip_tight_v2_240419_Kp_BCS_etapi0const/bsub_log//MC15ri_etapip_gg_fitv6_toyMC_100_266.log"> was submitted from host <ccw06> by user <jaeyoung> in cluster <centralcluster> at Fri Jul 26 23:43:54 2024
Job was executed on host(s) <ccb536>, in queue <s>, as user <jaeyoung> in cluster <centralcluster> at Sat Jul 27 00:18:55 2024
</home/belle2/jaeyoung> was used as the home directory.
</home/belle2/jaeyoung/workspace/DRAW_and_FITTING/main/FITTING/etapip/MC15ri_generic/tight_v2_fit_v6/ToyMC> was used as the working directory.
Started at Sat Jul 27 00:18:55 2024
Terminated at Sat Jul 27 00:52:05 2024
Results reported at Sat Jul 27 00:52:05 2024

Your job looked like:

------------------------------------------------------------
# LSBATCH: User input
bash -c "basf2 etapip_gg_fit_v6_toymc_100.py 266 > /home/belle2/jaeyoung/storage_ghi/Ntuples_ghi_2/MC15ri_generic/MC15ri_etaetapip_tight_v2_240419_Kp_BCS_etapi0const/bsub_log//MC15ri_etapip_gg_fitv6_toyMC_100_266.log"
------------------------------------------------------------

Successfully completed.

Resource usage summary:

    CPU time :                                   1902.19 sec.
    Max Memory :                                 896 MB
    Average Memory :                             645.11 MB
    Total Requested Memory :                     4000.00 MB
    Delta Memory :                               3104.00 MB
    Max Swap :                                   -
    Max Processes :                              19
    Max Threads :                                20
    Run time :                                   1990 sec.
    Turnaround time :                            4091 sec.

The output (if any) follows:



PS:

Read file <./bsub_log/266.err> for stderr output of this job.

Sender: LSF System <lsfadmin@ccb244>
Subject: Job 56133617: <bash -c "basf2 etapip_gg_fit_v6_toymc_100.py 266 > /home/belle2/jaeyoung/storage_ghi/Ntuples_ghi_2/MC15ri_generic/MC15ri_etaetapip_tight_v2_240419_Kp_BCS_etapi0const/bsub_log//MC15ri_etapip_gg_fitv6_toyMC_100_266.log"> in cluster <centralcluster> Done

Job <bash -c "basf2 etapip_gg_fit_v6_toymc_100.py 266 > /home/belle2/jaeyoung/storage_ghi/Ntuples_ghi_2/MC15ri_generic/MC15ri_etaetapip_tight_v2_240419_Kp_BCS_etapi0const/bsub_log//MC15ri_etapip_gg_fitv6_toyMC_100_266.log"> was submitted from host <ccw03> by user <jaeyoung> in cluster <centralcluster> at Sat Jul 27 01:13:19 2024
Job was executed on host(s) <ccb244>, in queue <s>, as user <jaeyoung> in cluster <centralcluster> at Sat Jul 27 03:04:45 2024
</home/belle2/jaeyoung> was used as the home directory.
</gpfs/home/belle2/jaeyoung/workspace/DRAW_and_FITTING/main/FITTING/etapip/MC15ri_generic/tight_v2_fit_v6/ToyMC> was used as the working directory.
Started at Sat Jul 27 03:04:45 2024
Terminated at Sat Jul 27 03:42:48 2024
Results reported at Sat Jul 27 03:42:48 2024

Your job looked like:

------------------------------------------------------------
# LSBATCH: User input
bash -c "basf2 etapip_gg_fit_v6_toymc_100.py 266 > /home/belle2/jaeyoung/storage_ghi/Ntuples_ghi_2/MC15ri_generic/MC15ri_etaetapip_tight_v2_240419_Kp_BCS_etapi0const/bsub_log//MC15ri_etapip_gg_fitv6_toyMC_100_266.log"
------------------------------------------------------------

Successfully completed.

Resource usage summary:

    CPU time :                                   2252.83 sec.
    Max Memory :                                 894 MB
    Average Memory :                             661.20 MB
    Total Requested Memory :                     4000.00 MB
    Delta Memory :                               3106.00 MB
    Max Swap :                                   -
    Max Processes :                              19
    Max Threads :                                20
    Run time :                                   2284 sec.
    Turnaround time :                            8969 sec.

The output (if any) follows:



PS:

Read file <./bsub_log/266.err> for stderr output of this job.

Sender: LSF System <lsfadmin@ccb226>
Subject: Job 57220414: <bash -c "basf2 etapip_gg_fit_v6_toymc_100.py 266 > /home/belle2/jaeyoung/storage_ghi/Ntuples_ghi_2/MC15ri_generic/MC15ri_etaetapip_tight_v2_240419_Kp_BCS_etapi0const/bsub_log//MC15ri_etapip_gg_fitv6_toyMC_100_266.log"> in cluster <centralcluster> Exited

Job <bash -c "basf2 etapip_gg_fit_v6_toymc_100.py 266 > /home/belle2/jaeyoung/storage_ghi/Ntuples_ghi_2/MC15ri_generic/MC15ri_etaetapip_tight_v2_240419_Kp_BCS_etapi0const/bsub_log//MC15ri_etapip_gg_fitv6_toyMC_100_266.log"> was submitted from host <ccx03> by user <jaeyoung> in cluster <centralcluster> at Mon Jul 29 18:45:12 2024
Job was executed on host(s) <ccb226>, in queue <s>, as user <jaeyoung> in cluster <centralcluster> at Mon Jul 29 18:45:13 2024
</home/belle2/jaeyoung> was used as the home directory.
</gpfs/home/belle2/jaeyoung/workspace/DRAW_and_FITTING/main/FITTING/etapip/MC15ri_generic/tight_v2_fit_v6/ToyMC> was used as the working directory.
Started at Mon Jul 29 18:45:13 2024
Terminated at Mon Jul 29 19:51:03 2024
Results reported at Mon Jul 29 19:51:03 2024

Your job looked like:

------------------------------------------------------------
# LSBATCH: User input
bash -c "basf2 etapip_gg_fit_v6_toymc_100.py 266 > /home/belle2/jaeyoung/storage_ghi/Ntuples_ghi_2/MC15ri_generic/MC15ri_etaetapip_tight_v2_240419_Kp_BCS_etapi0const/bsub_log//MC15ri_etapip_gg_fitv6_toyMC_100_266.log"
------------------------------------------------------------

Exited with exit code 1.

Resource usage summary:

    CPU time :                                   3913.52 sec.
    Max Memory :                                 1427 MB
    Average Memory :                             1062.86 MB
    Total Requested Memory :                     4000.00 MB
    Delta Memory :                               2573.00 MB
    Max Swap :                                   -
    Max Processes :                              19
    Max Threads :                                20
    Run time :                                   3950 sec.
    Turnaround time :                            3951 sec.

The output (if any) follows:



PS:

Read file <./bsub_log/266.err> for stderr output of this job.

Sender: LSF System <lsfadmin@ccb216>
Subject: Job 57308478: <bash -c "basf2 etapip_gg_fit_v6_toymc_100.py 266 > /home/belle2/jaeyoung/storage_ghi/Ntuples_ghi_2/MC15ri_generic/MC15ri_etaetapip_tight_v2_240419_Kp_BCS_etapi0const/bsub_log//MC15ri_etapip_gg_fitv6_toyMC_100_266.log"> in cluster <centralcluster> Done

Job <bash -c "basf2 etapip_gg_fit_v6_toymc_100.py 266 > /home/belle2/jaeyoung/storage_ghi/Ntuples_ghi_2/MC15ri_generic/MC15ri_etaetapip_tight_v2_240419_Kp_BCS_etapi0const/bsub_log//MC15ri_etapip_gg_fitv6_toyMC_100_266.log"> was submitted from host <ccw03> by user <jaeyoung> in cluster <centralcluster> at Mon Jul 29 23:02:42 2024
Job was executed on host(s) <ccb216>, in queue <s>, as user <jaeyoung> in cluster <centralcluster> at Mon Jul 29 23:03:43 2024
</home/belle2/jaeyoung> was used as the home directory.
</home/belle2/jaeyoung/workspace/DRAW_and_FITTING/main/FITTING/etapip/MC15ri_generic/tight_v2_fit_v6/ToyMC> was used as the working directory.
Started at Mon Jul 29 23:03:43 2024
Terminated at Tue Jul 30 00:11:06 2024
Results reported at Tue Jul 30 00:11:06 2024

Your job looked like:

------------------------------------------------------------
# LSBATCH: User input
bash -c "basf2 etapip_gg_fit_v6_toymc_100.py 266 > /home/belle2/jaeyoung/storage_ghi/Ntuples_ghi_2/MC15ri_generic/MC15ri_etaetapip_tight_v2_240419_Kp_BCS_etapi0const/bsub_log//MC15ri_etapip_gg_fitv6_toyMC_100_266.log"
------------------------------------------------------------

Successfully completed.

Resource usage summary:

    CPU time :                                   3979.11 sec.
    Max Memory :                                 1451 MB
    Average Memory :                             1048.90 MB
    Total Requested Memory :                     4000.00 MB
    Delta Memory :                               2549.00 MB
    Max Swap :                                   -
    Max Processes :                              19
    Max Threads :                                20
    Run time :                                   4044 sec.
    Turnaround time :                            4104 sec.

The output (if any) follows:



PS:

Read file <./bsub_log/266.err> for stderr output of this job.

Sender: LSF System <lsfadmin@ccb130>
Subject: Job 57390092: <bash -c "basf2 etapip_gg_fit_v6_toymc_100.py 266 > /home/belle2/jaeyoung/storage_ghi/Ntuples_ghi_2/MC15ri_generic/MC15ri_etaetapip_tight_v2_240419_Kp_BCS_etapi0const/bsub_log//MC15ri_etapip_gg_fitv6_toyMC_100_266.log"> in cluster <centralcluster> Done

Job <bash -c "basf2 etapip_gg_fit_v6_toymc_100.py 266 > /home/belle2/jaeyoung/storage_ghi/Ntuples_ghi_2/MC15ri_generic/MC15ri_etaetapip_tight_v2_240419_Kp_BCS_etapi0const/bsub_log//MC15ri_etapip_gg_fitv6_toyMC_100_266.log"> was submitted from host <ccw03> by user <jaeyoung> in cluster <centralcluster> at Tue Jul 30 01:17:22 2024
Job was executed on host(s) <ccb130>, in queue <s>, as user <jaeyoung> in cluster <centralcluster> at Tue Jul 30 01:18:06 2024
</home/belle2/jaeyoung> was used as the home directory.
</home/belle2/jaeyoung/workspace/DRAW_and_FITTING/main/FITTING/etapip/MC15ri_generic/tight_v2_fit_v6/ToyMC> was used as the working directory.
Started at Tue Jul 30 01:18:06 2024
Terminated at Tue Jul 30 02:20:10 2024
Results reported at Tue Jul 30 02:20:10 2024

Your job looked like:

------------------------------------------------------------
# LSBATCH: User input
bash -c "basf2 etapip_gg_fit_v6_toymc_100.py 266 > /home/belle2/jaeyoung/storage_ghi/Ntuples_ghi_2/MC15ri_generic/MC15ri_etaetapip_tight_v2_240419_Kp_BCS_etapi0const/bsub_log//MC15ri_etapip_gg_fitv6_toyMC_100_266.log"
------------------------------------------------------------

Successfully completed.

Resource usage summary:

    CPU time :                                   3712.70 sec.
    Max Memory :                                 1400 MB
    Average Memory :                             1036.09 MB
    Total Requested Memory :                     4000.00 MB
    Delta Memory :                               2600.00 MB
    Max Swap :                                   -
    Max Processes :                              19
    Max Threads :                                20
    Run time :                                   3724 sec.
    Turnaround time :                            3768 sec.

The output (if any) follows:



PS:

Read file <./bsub_log/266.err> for stderr output of this job.

