Sender: LSF System <lsfadmin@ccb059>
Subject: Job 52359474: <bash -c "basf2 etapip_gg_fit_v6_toymc_100.py 267 > /home/belle2/jaeyoung/storage_ghi/Ntuples_ghi_2/MC15ri_generic/MC15ri_etaetapip_tight_v2_240419_Kp_BCS_etapi0const/bsub_log//MC15ri_etapip_gg_fitv6_toyMC_100_267.log"> in cluster <centralcluster> Done

Job <bash -c "basf2 etapip_gg_fit_v6_toymc_100.py 267 > /home/belle2/jaeyoung/storage_ghi/Ntuples_ghi_2/MC15ri_generic/MC15ri_etaetapip_tight_v2_240419_Kp_BCS_etapi0const/bsub_log//MC15ri_etapip_gg_fitv6_toyMC_100_267.log"> was submitted from host <ccw02> by user <jaeyoung> in cluster <centralcluster> at Sat Jul 20 14:39:35 2024
Job was executed on host(s) <ccb059>, in queue <s>, as user <jaeyoung> in cluster <centralcluster> at Sat Jul 20 14:42:33 2024
</home/belle2/jaeyoung> was used as the home directory.
</home/belle2/jaeyoung/workspace/DRAW_and_FITTING/main/FITTING/etapip/MC15ri_generic/tight_v2_fit_v6/ToyMC> was used as the working directory.
Started at Sat Jul 20 14:42:33 2024
Terminated at Sat Jul 20 15:31:17 2024
Results reported at Sat Jul 20 15:31:17 2024

Your job looked like:

------------------------------------------------------------
# LSBATCH: User input
bash -c "basf2 etapip_gg_fit_v6_toymc_100.py 267 > /home/belle2/jaeyoung/storage_ghi/Ntuples_ghi_2/MC15ri_generic/MC15ri_etaetapip_tight_v2_240419_Kp_BCS_etapi0const/bsub_log//MC15ri_etapip_gg_fitv6_toyMC_100_267.log"
------------------------------------------------------------

Successfully completed.

Resource usage summary:

    CPU time :                                   2913.06 sec.
    Max Memory :                                 1311 MB
    Average Memory :                             939.59 MB
    Total Requested Memory :                     4000.00 MB
    Delta Memory :                               2689.00 MB
    Max Swap :                                   -
    Max Processes :                              19
    Max Threads :                                20
    Run time :                                   2923 sec.
    Turnaround time :                            3102 sec.

The output (if any) follows:



PS:

Read file <./bsub_log/267.err> for stderr output of this job.

Sender: LSF System <lsfadmin@ccb224>
Subject: Job 53030026: <bash -c "basf2 etapip_gg_fit_v6_toymc_100.py 267 > /home/belle2/jaeyoung/storage_ghi/Ntuples_ghi_2/MC15ri_generic/MC15ri_etaetapip_tight_v2_240419_Kp_BCS_etapi0const/bsub_log//MC15ri_etapip_gg_fitv6_toyMC_100_267.log"> in cluster <centralcluster> Done

Job <bash -c "basf2 etapip_gg_fit_v6_toymc_100.py 267 > /home/belle2/jaeyoung/storage_ghi/Ntuples_ghi_2/MC15ri_generic/MC15ri_etaetapip_tight_v2_240419_Kp_BCS_etapi0const/bsub_log//MC15ri_etapip_gg_fitv6_toyMC_100_267.log"> was submitted from host <ccw03> by user <jaeyoung> in cluster <centralcluster> at Sun Jul 21 17:30:58 2024
Job was executed on host(s) <ccb224>, in queue <s>, as user <jaeyoung> in cluster <centralcluster> at Sun Jul 21 17:31:28 2024
</home/belle2/jaeyoung> was used as the home directory.
</home/belle2/jaeyoung/workspace/DRAW_and_FITTING/main/FITTING/etapip/MC15ri_generic/tight_v2_fit_v6/ToyMC> was used as the working directory.
Started at Sun Jul 21 17:31:28 2024
Terminated at Sun Jul 21 18:20:30 2024
Results reported at Sun Jul 21 18:20:30 2024

Your job looked like:

------------------------------------------------------------
# LSBATCH: User input
bash -c "basf2 etapip_gg_fit_v6_toymc_100.py 267 > /home/belle2/jaeyoung/storage_ghi/Ntuples_ghi_2/MC15ri_generic/MC15ri_etaetapip_tight_v2_240419_Kp_BCS_etapi0const/bsub_log//MC15ri_etapip_gg_fitv6_toyMC_100_267.log"
------------------------------------------------------------

Successfully completed.

Resource usage summary:

    CPU time :                                   2918.80 sec.
    Max Memory :                                 1311 MB
    Average Memory :                             934.02 MB
    Total Requested Memory :                     4000.00 MB
    Delta Memory :                               2689.00 MB
    Max Swap :                                   -
    Max Processes :                              19
    Max Threads :                                20
    Run time :                                   2943 sec.
    Turnaround time :                            2972 sec.

The output (if any) follows:



PS:

Read file <./bsub_log/267.err> for stderr output of this job.

Sender: LSF System <lsfadmin@ccb535>
Subject: Job 53202543: <bash -c "basf2 etapip_gg_fit_v6_toymc_100.py 267 > /home/belle2/jaeyoung/storage_ghi/Ntuples_ghi_2/MC15ri_generic/MC15ri_etaetapip_tight_v2_240419_Kp_BCS_etapi0const/bsub_log//MC15ri_etapip_gg_fitv6_toyMC_100_267.log"> in cluster <centralcluster> Exited

Job <bash -c "basf2 etapip_gg_fit_v6_toymc_100.py 267 > /home/belle2/jaeyoung/storage_ghi/Ntuples_ghi_2/MC15ri_generic/MC15ri_etaetapip_tight_v2_240419_Kp_BCS_etapi0const/bsub_log//MC15ri_etapip_gg_fitv6_toyMC_100_267.log"> was submitted from host <ccw03> by user <jaeyoung> in cluster <centralcluster> at Mon Jul 22 00:50:02 2024
Job was executed on host(s) <ccb535>, in queue <s>, as user <jaeyoung> in cluster <centralcluster> at Mon Jul 22 00:50:50 2024
</home/belle2/jaeyoung> was used as the home directory.
</home/belle2/jaeyoung/workspace/DRAW_and_FITTING/main/FITTING/etapip/MC15ri_generic/tight_v2_fit_v6/ToyMC> was used as the working directory.
Started at Mon Jul 22 00:50:50 2024
Terminated at Mon Jul 22 01:07:41 2024
Results reported at Mon Jul 22 01:07:41 2024

Your job looked like:

------------------------------------------------------------
# LSBATCH: User input
bash -c "basf2 etapip_gg_fit_v6_toymc_100.py 267 > /home/belle2/jaeyoung/storage_ghi/Ntuples_ghi_2/MC15ri_generic/MC15ri_etaetapip_tight_v2_240419_Kp_BCS_etapi0const/bsub_log//MC15ri_etapip_gg_fitv6_toyMC_100_267.log"
------------------------------------------------------------

Exited with exit code 1.

Resource usage summary:

    CPU time :                                   999.83 sec.
    Max Memory :                                 1252 MB
    Average Memory :                             1166.12 MB
    Total Requested Memory :                     4000.00 MB
    Delta Memory :                               2748.00 MB
    Max Swap :                                   -
    Max Processes :                              19
    Max Threads :                                20
    Run time :                                   1010 sec.
    Turnaround time :                            1059 sec.

The output (if any) follows:



PS:

Read file <./bsub_log/267.err> for stderr output of this job.

Sender: LSF System <lsfadmin@ccb111>
Subject: Job 53406975: <bash -c "basf2 etapip_gg_fit_v6_toymc_100.py 267 > /home/belle2/jaeyoung/storage_ghi/Ntuples_ghi_2/MC15ri_generic/MC15ri_etaetapip_tight_v2_240419_Kp_BCS_etapi0const/bsub_log//MC15ri_etapip_gg_fitv6_toyMC_100_267.log"> in cluster <centralcluster> Done

Job <bash -c "basf2 etapip_gg_fit_v6_toymc_100.py 267 > /home/belle2/jaeyoung/storage_ghi/Ntuples_ghi_2/MC15ri_generic/MC15ri_etaetapip_tight_v2_240419_Kp_BCS_etapi0const/bsub_log//MC15ri_etapip_gg_fitv6_toyMC_100_267.log"> was submitted from host <ccw06> by user <jaeyoung> in cluster <centralcluster> at Mon Jul 22 10:48:51 2024
Job was executed on host(s) <ccb111>, in queue <s>, as user <jaeyoung> in cluster <centralcluster> at Mon Jul 22 10:49:12 2024
</home/belle2/jaeyoung> was used as the home directory.
</home/belle2/jaeyoung/workspace/DRAW_and_FITTING/main/FITTING/etapip/MC15ri_generic/tight_v2_fit_v6/ToyMC> was used as the working directory.
Started at Mon Jul 22 10:49:12 2024
Terminated at Mon Jul 22 11:34:48 2024
Results reported at Mon Jul 22 11:34:48 2024

Your job looked like:

------------------------------------------------------------
# LSBATCH: User input
bash -c "basf2 etapip_gg_fit_v6_toymc_100.py 267 > /home/belle2/jaeyoung/storage_ghi/Ntuples_ghi_2/MC15ri_generic/MC15ri_etaetapip_tight_v2_240419_Kp_BCS_etapi0const/bsub_log//MC15ri_etapip_gg_fitv6_toyMC_100_267.log"
------------------------------------------------------------

Successfully completed.

Resource usage summary:

    CPU time :                                   2710.18 sec.
    Max Memory :                                 1311 MB
    Average Memory :                             946.25 MB
    Total Requested Memory :                     4000.00 MB
    Delta Memory :                               2689.00 MB
    Max Swap :                                   -
    Max Processes :                              19
    Max Threads :                                20
    Run time :                                   2736 sec.
    Turnaround time :                            2757 sec.

The output (if any) follows:



PS:

Read file <./bsub_log/267.err> for stderr output of this job.

Sender: LSF System <lsfadmin@ccb056>
Subject: Job 53599081: <bash -c "basf2 etapip_gg_fit_v6_toymc_100.py 267 > /home/belle2/jaeyoung/storage_ghi/Ntuples_ghi_2/MC15ri_generic/MC15ri_etaetapip_tight_v2_240419_Kp_BCS_etapi0const/bsub_log//MC15ri_etapip_gg_fitv6_toyMC_100_267.log"> in cluster <centralcluster> Done

Job <bash -c "basf2 etapip_gg_fit_v6_toymc_100.py 267 > /home/belle2/jaeyoung/storage_ghi/Ntuples_ghi_2/MC15ri_generic/MC15ri_etaetapip_tight_v2_240419_Kp_BCS_etapi0const/bsub_log//MC15ri_etapip_gg_fitv6_toyMC_100_267.log"> was submitted from host <ccw03> by user <jaeyoung> in cluster <centralcluster> at Mon Jul 22 18:35:01 2024
Job was executed on host(s) <ccb056>, in queue <s>, as user <jaeyoung> in cluster <centralcluster> at Mon Jul 22 18:36:30 2024
</home/belle2/jaeyoung> was used as the home directory.
</home/belle2/jaeyoung/workspace/DRAW_and_FITTING/main/FITTING/etapip/MC15ri_generic/tight_v2_fit_v6/ToyMC> was used as the working directory.
Started at Mon Jul 22 18:36:30 2024
Terminated at Mon Jul 22 19:24:32 2024
Results reported at Mon Jul 22 19:24:32 2024

Your job looked like:

------------------------------------------------------------
# LSBATCH: User input
bash -c "basf2 etapip_gg_fit_v6_toymc_100.py 267 > /home/belle2/jaeyoung/storage_ghi/Ntuples_ghi_2/MC15ri_generic/MC15ri_etaetapip_tight_v2_240419_Kp_BCS_etapi0const/bsub_log//MC15ri_etapip_gg_fitv6_toyMC_100_267.log"
------------------------------------------------------------

Successfully completed.

Resource usage summary:

    CPU time :                                   2841.76 sec.
    Max Memory :                                 1313 MB
    Average Memory :                             948.57 MB
    Total Requested Memory :                     4000.00 MB
    Delta Memory :                               2687.00 MB
    Max Swap :                                   -
    Max Processes :                              19
    Max Threads :                                20
    Run time :                                   2882 sec.
    Turnaround time :                            2971 sec.

The output (if any) follows:



PS:

Read file <./bsub_log/267.err> for stderr output of this job.

Sender: LSF System <lsfadmin@ccb525>
Subject: Job 53832284: <bash -c "basf2 etapip_gg_fit_v6_toymc_100.py 267 > /home/belle2/jaeyoung/storage_ghi/Ntuples_ghi_2/MC15ri_generic/MC15ri_etaetapip_tight_v2_240419_Kp_BCS_etapi0const/bsub_log//MC15ri_etapip_gg_fitv6_toyMC_100_267.log"> in cluster <centralcluster> Done

Job <bash -c "basf2 etapip_gg_fit_v6_toymc_100.py 267 > /home/belle2/jaeyoung/storage_ghi/Ntuples_ghi_2/MC15ri_generic/MC15ri_etaetapip_tight_v2_240419_Kp_BCS_etapi0const/bsub_log//MC15ri_etapip_gg_fitv6_toyMC_100_267.log"> was submitted from host <ccw05> by user <jaeyoung> in cluster <centralcluster> at Tue Jul 23 00:49:50 2024
Job was executed on host(s) <ccb525>, in queue <s>, as user <jaeyoung> in cluster <centralcluster> at Tue Jul 23 00:50:10 2024
</home/belle2/jaeyoung> was used as the home directory.
</home/belle2/jaeyoung/workspace/DRAW_and_FITTING/main/FITTING/etapip/MC15ri_generic/tight_v2_fit_v6/ToyMC> was used as the working directory.
Started at Tue Jul 23 00:50:10 2024
Terminated at Tue Jul 23 01:38:28 2024
Results reported at Tue Jul 23 01:38:28 2024

Your job looked like:

------------------------------------------------------------
# LSBATCH: User input
bash -c "basf2 etapip_gg_fit_v6_toymc_100.py 267 > /home/belle2/jaeyoung/storage_ghi/Ntuples_ghi_2/MC15ri_generic/MC15ri_etaetapip_tight_v2_240419_Kp_BCS_etapi0const/bsub_log//MC15ri_etapip_gg_fitv6_toyMC_100_267.log"
------------------------------------------------------------

Successfully completed.

Resource usage summary:

    CPU time :                                   2825.99 sec.
    Max Memory :                                 1311 MB
    Average Memory :                             942.44 MB
    Total Requested Memory :                     4000.00 MB
    Delta Memory :                               2689.00 MB
    Max Swap :                                   -
    Max Processes :                              19
    Max Threads :                                20
    Run time :                                   2898 sec.
    Turnaround time :                            2918 sec.

The output (if any) follows:



PS:

Read file <./bsub_log/267.err> for stderr output of this job.

Sender: LSF System <lsfadmin@ccb194>
Subject: Job 54397790: <bash -c "basf2 etapip_gg_fit_v6_toymc_100.py 267 > /home/belle2/jaeyoung/storage_ghi/Ntuples_ghi_2/MC15ri_generic/MC15ri_etaetapip_tight_v2_240419_Kp_BCS_etapi0const/bsub_log//MC15ri_etapip_gg_fitv6_toyMC_100_267.log"> in cluster <centralcluster> Done

Job <bash -c "basf2 etapip_gg_fit_v6_toymc_100.py 267 > /home/belle2/jaeyoung/storage_ghi/Ntuples_ghi_2/MC15ri_generic/MC15ri_etaetapip_tight_v2_240419_Kp_BCS_etapi0const/bsub_log//MC15ri_etapip_gg_fitv6_toyMC_100_267.log"> was submitted from host <ccw04> by user <jaeyoung> in cluster <centralcluster> at Tue Jul 23 17:59:08 2024
Job was executed on host(s) <ccb194>, in queue <s>, as user <jaeyoung> in cluster <centralcluster> at Tue Jul 23 18:26:59 2024
</home/belle2/jaeyoung> was used as the home directory.
</home/belle2/jaeyoung/workspace/DRAW_and_FITTING/main/FITTING/etapip/MC15ri_generic/tight_v2_fit_v6/ToyMC> was used as the working directory.
Started at Tue Jul 23 18:26:59 2024
Terminated at Tue Jul 23 19:12:07 2024
Results reported at Tue Jul 23 19:12:07 2024

Your job looked like:

------------------------------------------------------------
# LSBATCH: User input
bash -c "basf2 etapip_gg_fit_v6_toymc_100.py 267 > /home/belle2/jaeyoung/storage_ghi/Ntuples_ghi_2/MC15ri_generic/MC15ri_etaetapip_tight_v2_240419_Kp_BCS_etapi0const/bsub_log//MC15ri_etapip_gg_fitv6_toyMC_100_267.log"
------------------------------------------------------------

Successfully completed.

Resource usage summary:

    CPU time :                                   2683.87 sec.
    Max Memory :                                 1379 MB
    Average Memory :                             1036.94 MB
    Total Requested Memory :                     4000.00 MB
    Delta Memory :                               2621.00 MB
    Max Swap :                                   -
    Max Processes :                              19
    Max Threads :                                20
    Run time :                                   2709 sec.
    Turnaround time :                            4379 sec.

The output (if any) follows:



PS:

Read file <./bsub_log/267.err> for stderr output of this job.

