Sender: LSF System <lsfadmin@ccb249>
Subject: Job 52359476: <bash -c "basf2 etapip_gg_fit_v6_toymc_100.py 269 > /home/belle2/jaeyoung/storage_ghi/Ntuples_ghi_2/MC15ri_generic/MC15ri_etaetapip_tight_v2_240419_Kp_BCS_etapi0const/bsub_log//MC15ri_etapip_gg_fitv6_toyMC_100_269.log"> in cluster <centralcluster> Done

Job <bash -c "basf2 etapip_gg_fit_v6_toymc_100.py 269 > /home/belle2/jaeyoung/storage_ghi/Ntuples_ghi_2/MC15ri_generic/MC15ri_etaetapip_tight_v2_240419_Kp_BCS_etapi0const/bsub_log//MC15ri_etapip_gg_fitv6_toyMC_100_269.log"> was submitted from host <ccw02> by user <jaeyoung> in cluster <centralcluster> at Sat Jul 20 14:39:36 2024
Job was executed on host(s) <ccb249>, in queue <s>, as user <jaeyoung> in cluster <centralcluster> at Sat Jul 20 14:42:33 2024
</home/belle2/jaeyoung> was used as the home directory.
</home/belle2/jaeyoung/workspace/DRAW_and_FITTING/main/FITTING/etapip/MC15ri_generic/tight_v2_fit_v6/ToyMC> was used as the working directory.
Started at Sat Jul 20 14:42:33 2024
Terminated at Sat Jul 20 15:30:02 2024
Results reported at Sat Jul 20 15:30:02 2024

Your job looked like:

------------------------------------------------------------
# LSBATCH: User input
bash -c "basf2 etapip_gg_fit_v6_toymc_100.py 269 > /home/belle2/jaeyoung/storage_ghi/Ntuples_ghi_2/MC15ri_generic/MC15ri_etaetapip_tight_v2_240419_Kp_BCS_etapi0const/bsub_log//MC15ri_etapip_gg_fitv6_toyMC_100_269.log"
------------------------------------------------------------

Successfully completed.

Resource usage summary:

    CPU time :                                   2813.60 sec.
    Max Memory :                                 1310 MB
    Average Memory :                             942.74 MB
    Total Requested Memory :                     4000.00 MB
    Delta Memory :                               2690.00 MB
    Max Swap :                                   -
    Max Processes :                              19
    Max Threads :                                20
    Run time :                                   2850 sec.
    Turnaround time :                            3026 sec.

The output (if any) follows:



PS:

Read file <./bsub_log/269.err> for stderr output of this job.

Sender: LSF System <lsfadmin@ccb095>
Subject: Job 53030033: <bash -c "basf2 etapip_gg_fit_v6_toymc_100.py 269 > /home/belle2/jaeyoung/storage_ghi/Ntuples_ghi_2/MC15ri_generic/MC15ri_etaetapip_tight_v2_240419_Kp_BCS_etapi0const/bsub_log//MC15ri_etapip_gg_fitv6_toyMC_100_269.log"> in cluster <centralcluster> Done

Job <bash -c "basf2 etapip_gg_fit_v6_toymc_100.py 269 > /home/belle2/jaeyoung/storage_ghi/Ntuples_ghi_2/MC15ri_generic/MC15ri_etaetapip_tight_v2_240419_Kp_BCS_etapi0const/bsub_log//MC15ri_etapip_gg_fitv6_toyMC_100_269.log"> was submitted from host <ccw03> by user <jaeyoung> in cluster <centralcluster> at Sun Jul 21 17:30:59 2024
Job was executed on host(s) <ccb095>, in queue <s>, as user <jaeyoung> in cluster <centralcluster> at Sun Jul 21 17:31:28 2024
</home/belle2/jaeyoung> was used as the home directory.
</home/belle2/jaeyoung/workspace/DRAW_and_FITTING/main/FITTING/etapip/MC15ri_generic/tight_v2_fit_v6/ToyMC> was used as the working directory.
Started at Sun Jul 21 17:31:28 2024
Terminated at Sun Jul 21 18:19:59 2024
Results reported at Sun Jul 21 18:19:59 2024

Your job looked like:

------------------------------------------------------------
# LSBATCH: User input
bash -c "basf2 etapip_gg_fit_v6_toymc_100.py 269 > /home/belle2/jaeyoung/storage_ghi/Ntuples_ghi_2/MC15ri_generic/MC15ri_etaetapip_tight_v2_240419_Kp_BCS_etapi0const/bsub_log//MC15ri_etapip_gg_fitv6_toyMC_100_269.log"
------------------------------------------------------------

Successfully completed.

Resource usage summary:

    CPU time :                                   2876.67 sec.
    Max Memory :                                 1311 MB
    Average Memory :                             947.61 MB
    Total Requested Memory :                     4000.00 MB
    Delta Memory :                               2689.00 MB
    Max Swap :                                   -
    Max Processes :                              19
    Max Threads :                                20
    Run time :                                   2912 sec.
    Turnaround time :                            2940 sec.

The output (if any) follows:



PS:

Read file <./bsub_log/269.err> for stderr output of this job.

Sender: LSF System <lsfadmin@ccb548>
Subject: Job 53202550: <bash -c "basf2 etapip_gg_fit_v6_toymc_100.py 269 > /home/belle2/jaeyoung/storage_ghi/Ntuples_ghi_2/MC15ri_generic/MC15ri_etaetapip_tight_v2_240419_Kp_BCS_etapi0const/bsub_log//MC15ri_etapip_gg_fitv6_toyMC_100_269.log"> in cluster <centralcluster> Exited

Job <bash -c "basf2 etapip_gg_fit_v6_toymc_100.py 269 > /home/belle2/jaeyoung/storage_ghi/Ntuples_ghi_2/MC15ri_generic/MC15ri_etaetapip_tight_v2_240419_Kp_BCS_etapi0const/bsub_log//MC15ri_etapip_gg_fitv6_toyMC_100_269.log"> was submitted from host <ccw03> by user <jaeyoung> in cluster <centralcluster> at Mon Jul 22 00:50:03 2024
Job was executed on host(s) <ccb548>, in queue <s>, as user <jaeyoung> in cluster <centralcluster> at Mon Jul 22 00:50:50 2024
</home/belle2/jaeyoung> was used as the home directory.
</home/belle2/jaeyoung/workspace/DRAW_and_FITTING/main/FITTING/etapip/MC15ri_generic/tight_v2_fit_v6/ToyMC> was used as the working directory.
Started at Mon Jul 22 00:50:50 2024
Terminated at Mon Jul 22 01:08:22 2024
Results reported at Mon Jul 22 01:08:22 2024

Your job looked like:

------------------------------------------------------------
# LSBATCH: User input
bash -c "basf2 etapip_gg_fit_v6_toymc_100.py 269 > /home/belle2/jaeyoung/storage_ghi/Ntuples_ghi_2/MC15ri_generic/MC15ri_etaetapip_tight_v2_240419_Kp_BCS_etapi0const/bsub_log//MC15ri_etapip_gg_fitv6_toyMC_100_269.log"
------------------------------------------------------------

Exited with exit code 1.

Resource usage summary:

    CPU time :                                   1030.80 sec.
    Max Memory :                                 1253 MB
    Average Memory :                             1167.22 MB
    Total Requested Memory :                     4000.00 MB
    Delta Memory :                               2747.00 MB
    Max Swap :                                   -
    Max Processes :                              19
    Max Threads :                                20
    Run time :                                   1053 sec.
    Turnaround time :                            1099 sec.

The output (if any) follows:



PS:

Read file <./bsub_log/269.err> for stderr output of this job.

Sender: LSF System <lsfadmin@ccb172>
Subject: Job 53406979: <bash -c "basf2 etapip_gg_fit_v6_toymc_100.py 269 > /home/belle2/jaeyoung/storage_ghi/Ntuples_ghi_2/MC15ri_generic/MC15ri_etaetapip_tight_v2_240419_Kp_BCS_etapi0const/bsub_log//MC15ri_etapip_gg_fitv6_toyMC_100_269.log"> in cluster <centralcluster> Done

Job <bash -c "basf2 etapip_gg_fit_v6_toymc_100.py 269 > /home/belle2/jaeyoung/storage_ghi/Ntuples_ghi_2/MC15ri_generic/MC15ri_etaetapip_tight_v2_240419_Kp_BCS_etapi0const/bsub_log//MC15ri_etapip_gg_fitv6_toyMC_100_269.log"> was submitted from host <ccw06> by user <jaeyoung> in cluster <centralcluster> at Mon Jul 22 10:48:52 2024
Job was executed on host(s) <ccb172>, in queue <s>, as user <jaeyoung> in cluster <centralcluster> at Mon Jul 22 10:49:13 2024
</home/belle2/jaeyoung> was used as the home directory.
</home/belle2/jaeyoung/workspace/DRAW_and_FITTING/main/FITTING/etapip/MC15ri_generic/tight_v2_fit_v6/ToyMC> was used as the working directory.
Started at Mon Jul 22 10:49:13 2024
Terminated at Mon Jul 22 11:37:12 2024
Results reported at Mon Jul 22 11:37:12 2024

Your job looked like:

------------------------------------------------------------
# LSBATCH: User input
bash -c "basf2 etapip_gg_fit_v6_toymc_100.py 269 > /home/belle2/jaeyoung/storage_ghi/Ntuples_ghi_2/MC15ri_generic/MC15ri_etaetapip_tight_v2_240419_Kp_BCS_etapi0const/bsub_log//MC15ri_etapip_gg_fitv6_toyMC_100_269.log"
------------------------------------------------------------

Successfully completed.

Resource usage summary:

    CPU time :                                   2842.54 sec.
    Max Memory :                                 1311 MB
    Average Memory :                             942.80 MB
    Total Requested Memory :                     4000.00 MB
    Delta Memory :                               2689.00 MB
    Max Swap :                                   -
    Max Processes :                              19
    Max Threads :                                20
    Run time :                                   2880 sec.
    Turnaround time :                            2900 sec.

The output (if any) follows:



PS:

Read file <./bsub_log/269.err> for stderr output of this job.

Sender: LSF System <lsfadmin@ccb034>
Subject: Job 53599088: <bash -c "basf2 etapip_gg_fit_v6_toymc_100.py 269 > /home/belle2/jaeyoung/storage_ghi/Ntuples_ghi_2/MC15ri_generic/MC15ri_etaetapip_tight_v2_240419_Kp_BCS_etapi0const/bsub_log//MC15ri_etapip_gg_fitv6_toyMC_100_269.log"> in cluster <centralcluster> Done

Job <bash -c "basf2 etapip_gg_fit_v6_toymc_100.py 269 > /home/belle2/jaeyoung/storage_ghi/Ntuples_ghi_2/MC15ri_generic/MC15ri_etaetapip_tight_v2_240419_Kp_BCS_etapi0const/bsub_log//MC15ri_etapip_gg_fitv6_toyMC_100_269.log"> was submitted from host <ccw03> by user <jaeyoung> in cluster <centralcluster> at Mon Jul 22 18:35:01 2024
Job was executed on host(s) <ccb034>, in queue <s>, as user <jaeyoung> in cluster <centralcluster> at Mon Jul 22 18:36:31 2024
</home/belle2/jaeyoung> was used as the home directory.
</home/belle2/jaeyoung/workspace/DRAW_and_FITTING/main/FITTING/etapip/MC15ri_generic/tight_v2_fit_v6/ToyMC> was used as the working directory.
Started at Mon Jul 22 18:36:31 2024
Terminated at Mon Jul 22 19:23:28 2024
Results reported at Mon Jul 22 19:23:28 2024

Your job looked like:

------------------------------------------------------------
# LSBATCH: User input
bash -c "basf2 etapip_gg_fit_v6_toymc_100.py 269 > /home/belle2/jaeyoung/storage_ghi/Ntuples_ghi_2/MC15ri_generic/MC15ri_etaetapip_tight_v2_240419_Kp_BCS_etapi0const/bsub_log//MC15ri_etapip_gg_fitv6_toyMC_100_269.log"
------------------------------------------------------------

Successfully completed.

Resource usage summary:

    CPU time :                                   2776.25 sec.
    Max Memory :                                 1311 MB
    Average Memory :                             959.64 MB
    Total Requested Memory :                     4000.00 MB
    Delta Memory :                               2689.00 MB
    Max Swap :                                   -
    Max Processes :                              19
    Max Threads :                                20
    Run time :                                   2818 sec.
    Turnaround time :                            2907 sec.

The output (if any) follows:



PS:

Read file <./bsub_log/269.err> for stderr output of this job.

Sender: LSF System <lsfadmin@ccb086>
Subject: Job 53832292: <bash -c "basf2 etapip_gg_fit_v6_toymc_100.py 269 > /home/belle2/jaeyoung/storage_ghi/Ntuples_ghi_2/MC15ri_generic/MC15ri_etaetapip_tight_v2_240419_Kp_BCS_etapi0const/bsub_log//MC15ri_etapip_gg_fitv6_toyMC_100_269.log"> in cluster <centralcluster> Done

Job <bash -c "basf2 etapip_gg_fit_v6_toymc_100.py 269 > /home/belle2/jaeyoung/storage_ghi/Ntuples_ghi_2/MC15ri_generic/MC15ri_etaetapip_tight_v2_240419_Kp_BCS_etapi0const/bsub_log//MC15ri_etapip_gg_fitv6_toyMC_100_269.log"> was submitted from host <ccw05> by user <jaeyoung> in cluster <centralcluster> at Tue Jul 23 00:49:51 2024
Job was executed on host(s) <ccb086>, in queue <s>, as user <jaeyoung> in cluster <centralcluster> at Tue Jul 23 00:50:10 2024
</home/belle2/jaeyoung> was used as the home directory.
</home/belle2/jaeyoung/workspace/DRAW_and_FITTING/main/FITTING/etapip/MC15ri_generic/tight_v2_fit_v6/ToyMC> was used as the working directory.
Started at Tue Jul 23 00:50:10 2024
Terminated at Tue Jul 23 01:37:54 2024
Results reported at Tue Jul 23 01:37:54 2024

Your job looked like:

------------------------------------------------------------
# LSBATCH: User input
bash -c "basf2 etapip_gg_fit_v6_toymc_100.py 269 > /home/belle2/jaeyoung/storage_ghi/Ntuples_ghi_2/MC15ri_generic/MC15ri_etaetapip_tight_v2_240419_Kp_BCS_etapi0const/bsub_log//MC15ri_etapip_gg_fitv6_toyMC_100_269.log"
------------------------------------------------------------

Successfully completed.

Resource usage summary:

    CPU time :                                   2813.66 sec.
    Max Memory :                                 1311 MB
    Average Memory :                             936.82 MB
    Total Requested Memory :                     4000.00 MB
    Delta Memory :                               2689.00 MB
    Max Swap :                                   -
    Max Processes :                              19
    Max Threads :                                20
    Run time :                                   2864 sec.
    Turnaround time :                            2883 sec.

The output (if any) follows:



PS:

Read file <./bsub_log/269.err> for stderr output of this job.

Sender: LSF System <lsfadmin@ccb255>
Subject: Job 54397802: <bash -c "basf2 etapip_gg_fit_v6_toymc_100.py 269 > /home/belle2/jaeyoung/storage_ghi/Ntuples_ghi_2/MC15ri_generic/MC15ri_etaetapip_tight_v2_240419_Kp_BCS_etapi0const/bsub_log//MC15ri_etapip_gg_fitv6_toyMC_100_269.log"> in cluster <centralcluster> Done

Job <bash -c "basf2 etapip_gg_fit_v6_toymc_100.py 269 > /home/belle2/jaeyoung/storage_ghi/Ntuples_ghi_2/MC15ri_generic/MC15ri_etaetapip_tight_v2_240419_Kp_BCS_etapi0const/bsub_log//MC15ri_etapip_gg_fitv6_toyMC_100_269.log"> was submitted from host <ccw04> by user <jaeyoung> in cluster <centralcluster> at Tue Jul 23 17:59:08 2024
Job was executed on host(s) <ccb255>, in queue <s>, as user <jaeyoung> in cluster <centralcluster> at Tue Jul 23 18:27:00 2024
</home/belle2/jaeyoung> was used as the home directory.
</home/belle2/jaeyoung/workspace/DRAW_and_FITTING/main/FITTING/etapip/MC15ri_generic/tight_v2_fit_v6/ToyMC> was used as the working directory.
Started at Tue Jul 23 18:27:00 2024
Terminated at Tue Jul 23 19:14:29 2024
Results reported at Tue Jul 23 19:14:29 2024

Your job looked like:

------------------------------------------------------------
# LSBATCH: User input
bash -c "basf2 etapip_gg_fit_v6_toymc_100.py 269 > /home/belle2/jaeyoung/storage_ghi/Ntuples_ghi_2/MC15ri_generic/MC15ri_etaetapip_tight_v2_240419_Kp_BCS_etapi0const/bsub_log//MC15ri_etapip_gg_fitv6_toyMC_100_269.log"
------------------------------------------------------------

Successfully completed.

Resource usage summary:

    CPU time :                                   2825.34 sec.
    Max Memory :                                 1313 MB
    Average Memory :                             952.36 MB
    Total Requested Memory :                     4000.00 MB
    Delta Memory :                               2687.00 MB
    Max Swap :                                   -
    Max Processes :                              19
    Max Threads :                                20
    Run time :                                   2850 sec.
    Turnaround time :                            4521 sec.

The output (if any) follows:



PS:

Read file <./bsub_log/269.err> for stderr output of this job.

Sender: LSF System <lsfadmin@ccb289>
Subject: Job 54470370: <bash -c "basf2 etapip_gg_fit_v6_toymc_100.py 269 > /home/belle2/jaeyoung/storage_ghi/Ntuples_ghi_2/MC15ri_generic/MC15ri_etaetapip_tight_v2_240419_Kp_BCS_etapi0const/bsub_log//MC15ri_etapip_gg_fitv6_toyMC_100_269.log"> in cluster <centralcluster> Done

Job <bash -c "basf2 etapip_gg_fit_v6_toymc_100.py 269 > /home/belle2/jaeyoung/storage_ghi/Ntuples_ghi_2/MC15ri_generic/MC15ri_etaetapip_tight_v2_240419_Kp_BCS_etapi0const/bsub_log//MC15ri_etapip_gg_fitv6_toyMC_100_269.log"> was submitted from host <ccw03> by user <jaeyoung> in cluster <centralcluster> at Tue Jul 23 19:38:01 2024
Job was executed on host(s) <ccb289>, in queue <s>, as user <jaeyoung> in cluster <centralcluster> at Tue Jul 23 19:38:02 2024
</home/belle2/jaeyoung> was used as the home directory.
</home/belle2/jaeyoung/workspace/DRAW_and_FITTING/main/FITTING/etapip/MC15ri_generic/tight_v2_fit_v6/ToyMC> was used as the working directory.
Started at Tue Jul 23 19:38:02 2024
Terminated at Tue Jul 23 20:24:05 2024
Results reported at Tue Jul 23 20:24:05 2024

Your job looked like:

------------------------------------------------------------
# LSBATCH: User input
bash -c "basf2 etapip_gg_fit_v6_toymc_100.py 269 > /home/belle2/jaeyoung/storage_ghi/Ntuples_ghi_2/MC15ri_generic/MC15ri_etaetapip_tight_v2_240419_Kp_BCS_etapi0const/bsub_log//MC15ri_etapip_gg_fitv6_toyMC_100_269.log"
------------------------------------------------------------

Successfully completed.

Resource usage summary:

    CPU time :                                   2753.21 sec.
    Max Memory :                                 1319 MB
    Average Memory :                             978.47 MB
    Total Requested Memory :                     4000.00 MB
    Delta Memory :                               2681.00 MB
    Max Swap :                                   -
    Max Processes :                              19
    Max Threads :                                20
    Run time :                                   2763 sec.
    Turnaround time :                            2764 sec.

The output (if any) follows:



PS:

Read file <./bsub_log/269.err> for stderr output of this job.

Sender: LSF System <lsfadmin@ccb569>
Subject: Job 55515798: <bash -c "basf2 etapip_gg_fit_v6_toymc_100.py 269 > /home/belle2/jaeyoung/storage_ghi/Ntuples_ghi_2/MC15ri_generic/MC15ri_etaetapip_tight_v2_240419_Kp_BCS_etapi0const/bsub_log//MC15ri_etapip_gg_fitv6_toyMC_100_269.log"> in cluster <centralcluster> Done

Job <bash -c "basf2 etapip_gg_fit_v6_toymc_100.py 269 > /home/belle2/jaeyoung/storage_ghi/Ntuples_ghi_2/MC15ri_generic/MC15ri_etaetapip_tight_v2_240419_Kp_BCS_etapi0const/bsub_log//MC15ri_etapip_gg_fitv6_toyMC_100_269.log"> was submitted from host <ccw01> by user <jaeyoung> in cluster <centralcluster> at Thu Jul 25 20:50:57 2024
Job was executed on host(s) <ccb569>, in queue <s>, as user <jaeyoung> in cluster <centralcluster> at Thu Jul 25 20:50:58 2024
</home/belle2/jaeyoung> was used as the home directory.
</gpfs/home/belle2/jaeyoung/workspace/DRAW_and_FITTING/main/FITTING/etapip/MC15ri_generic/tight_v2_fit_v6/ToyMC> was used as the working directory.
Started at Thu Jul 25 20:50:58 2024
Terminated at Thu Jul 25 21:39:38 2024
Results reported at Thu Jul 25 21:39:38 2024

Your job looked like:

------------------------------------------------------------
# LSBATCH: User input
bash -c "basf2 etapip_gg_fit_v6_toymc_100.py 269 > /home/belle2/jaeyoung/storage_ghi/Ntuples_ghi_2/MC15ri_generic/MC15ri_etaetapip_tight_v2_240419_Kp_BCS_etapi0const/bsub_log//MC15ri_etapip_gg_fitv6_toyMC_100_269.log"
------------------------------------------------------------

Successfully completed.

Resource usage summary:

    CPU time :                                   2812.35 sec.
    Max Memory :                                 1313 MB
    Average Memory :                             945.48 MB
    Total Requested Memory :                     4000.00 MB
    Delta Memory :                               2687.00 MB
    Max Swap :                                   -
    Max Processes :                              19
    Max Threads :                                20
    Run time :                                   2921 sec.
    Turnaround time :                            2921 sec.

The output (if any) follows:



PS:

Read file <./bsub_log/269.err> for stderr output of this job.

Sender: LSF System <lsfadmin@ccb530>
Subject: Job 56103279: <bash -c "basf2 etapip_gg_fit_v6_toymc_100.py 269 > /home/belle2/jaeyoung/storage_ghi/Ntuples_ghi_2/MC15ri_generic/MC15ri_etaetapip_tight_v2_240419_Kp_BCS_etapi0const/bsub_log//MC15ri_etapip_gg_fitv6_toyMC_100_269.log"> in cluster <centralcluster> Done

Job <bash -c "basf2 etapip_gg_fit_v6_toymc_100.py 269 > /home/belle2/jaeyoung/storage_ghi/Ntuples_ghi_2/MC15ri_generic/MC15ri_etaetapip_tight_v2_240419_Kp_BCS_etapi0const/bsub_log//MC15ri_etapip_gg_fitv6_toyMC_100_269.log"> was submitted from host <ccw06> by user <jaeyoung> in cluster <centralcluster> at Fri Jul 26 23:43:54 2024
Job was executed on host(s) <ccb530>, in queue <s>, as user <jaeyoung> in cluster <centralcluster> at Sat Jul 27 00:18:56 2024
</home/belle2/jaeyoung> was used as the home directory.
</home/belle2/jaeyoung/workspace/DRAW_and_FITTING/main/FITTING/etapip/MC15ri_generic/tight_v2_fit_v6/ToyMC> was used as the working directory.
Started at Sat Jul 27 00:18:56 2024
Terminated at Sat Jul 27 00:51:05 2024
Results reported at Sat Jul 27 00:51:05 2024

Your job looked like:

------------------------------------------------------------
# LSBATCH: User input
bash -c "basf2 etapip_gg_fit_v6_toymc_100.py 269 > /home/belle2/jaeyoung/storage_ghi/Ntuples_ghi_2/MC15ri_generic/MC15ri_etaetapip_tight_v2_240419_Kp_BCS_etapi0const/bsub_log//MC15ri_etapip_gg_fitv6_toyMC_100_269.log"
------------------------------------------------------------

Successfully completed.

Resource usage summary:

    CPU time :                                   1907.40 sec.
    Max Memory :                                 909 MB
    Average Memory :                             658.30 MB
    Total Requested Memory :                     4000.00 MB
    Delta Memory :                               3091.00 MB
    Max Swap :                                   -
    Max Processes :                              19
    Max Threads :                                20
    Run time :                                   1928 sec.
    Turnaround time :                            4031 sec.

The output (if any) follows:



PS:

Read file <./bsub_log/269.err> for stderr output of this job.

Sender: LSF System <lsfadmin@ccb226>
Subject: Job 56133620: <bash -c "basf2 etapip_gg_fit_v6_toymc_100.py 269 > /home/belle2/jaeyoung/storage_ghi/Ntuples_ghi_2/MC15ri_generic/MC15ri_etaetapip_tight_v2_240419_Kp_BCS_etapi0const/bsub_log//MC15ri_etapip_gg_fitv6_toyMC_100_269.log"> in cluster <centralcluster> Done

Job <bash -c "basf2 etapip_gg_fit_v6_toymc_100.py 269 > /home/belle2/jaeyoung/storage_ghi/Ntuples_ghi_2/MC15ri_generic/MC15ri_etaetapip_tight_v2_240419_Kp_BCS_etapi0const/bsub_log//MC15ri_etapip_gg_fitv6_toyMC_100_269.log"> was submitted from host <ccw03> by user <jaeyoung> in cluster <centralcluster> at Sat Jul 27 01:13:20 2024
Job was executed on host(s) <ccb226>, in queue <s>, as user <jaeyoung> in cluster <centralcluster> at Sat Jul 27 03:04:45 2024
</home/belle2/jaeyoung> was used as the home directory.
</gpfs/home/belle2/jaeyoung/workspace/DRAW_and_FITTING/main/FITTING/etapip/MC15ri_generic/tight_v2_fit_v6/ToyMC> was used as the working directory.
Started at Sat Jul 27 03:04:45 2024
Terminated at Sat Jul 27 03:45:17 2024
Results reported at Sat Jul 27 03:45:17 2024

Your job looked like:

------------------------------------------------------------
# LSBATCH: User input
bash -c "basf2 etapip_gg_fit_v6_toymc_100.py 269 > /home/belle2/jaeyoung/storage_ghi/Ntuples_ghi_2/MC15ri_generic/MC15ri_etaetapip_tight_v2_240419_Kp_BCS_etapi0const/bsub_log//MC15ri_etapip_gg_fitv6_toyMC_100_269.log"
------------------------------------------------------------

Successfully completed.

Resource usage summary:

    CPU time :                                   2376.19 sec.
    Max Memory :                                 919 MB
    Average Memory :                             669.43 MB
    Total Requested Memory :                     4000.00 MB
    Delta Memory :                               3081.00 MB
    Max Swap :                                   -
    Max Processes :                              19
    Max Threads :                                20
    Run time :                                   2433 sec.
    Turnaround time :                            9117 sec.

The output (if any) follows:



PS:

Read file <./bsub_log/269.err> for stderr output of this job.

