Sender: LSF System <lsfadmin@ccb524>
Subject: Job 52359477: <bash -c "basf2 etapip_gg_fit_v6_toymc_100.py 270 > /home/belle2/jaeyoung/storage_ghi/Ntuples_ghi_2/MC15ri_generic/MC15ri_etaetapip_tight_v2_240419_Kp_BCS_etapi0const/bsub_log//MC15ri_etapip_gg_fitv6_toyMC_100_270.log"> in cluster <centralcluster> Done

Job <bash -c "basf2 etapip_gg_fit_v6_toymc_100.py 270 > /home/belle2/jaeyoung/storage_ghi/Ntuples_ghi_2/MC15ri_generic/MC15ri_etaetapip_tight_v2_240419_Kp_BCS_etapi0const/bsub_log//MC15ri_etapip_gg_fitv6_toyMC_100_270.log"> was submitted from host <ccw02> by user <jaeyoung> in cluster <centralcluster> at Sat Jul 20 14:39:36 2024
Job was executed on host(s) <ccb524>, in queue <s>, as user <jaeyoung> in cluster <centralcluster> at Sat Jul 20 14:42:33 2024
</home/belle2/jaeyoung> was used as the home directory.
</home/belle2/jaeyoung/workspace/DRAW_and_FITTING/main/FITTING/etapip/MC15ri_generic/tight_v2_fit_v6/ToyMC> was used as the working directory.
Started at Sat Jul 20 14:42:33 2024
Terminated at Sat Jul 20 15:31:24 2024
Results reported at Sat Jul 20 15:31:24 2024

Your job looked like:

------------------------------------------------------------
# LSBATCH: User input
bash -c "basf2 etapip_gg_fit_v6_toymc_100.py 270 > /home/belle2/jaeyoung/storage_ghi/Ntuples_ghi_2/MC15ri_generic/MC15ri_etaetapip_tight_v2_240419_Kp_BCS_etapi0const/bsub_log//MC15ri_etapip_gg_fitv6_toyMC_100_270.log"
------------------------------------------------------------

Successfully completed.

Resource usage summary:

    CPU time :                                   2879.03 sec.
    Max Memory :                                 1310 MB
    Average Memory :                             948.08 MB
    Total Requested Memory :                     4000.00 MB
    Delta Memory :                               2690.00 MB
    Max Swap :                                   -
    Max Processes :                              19
    Max Threads :                                20
    Run time :                                   2932 sec.
    Turnaround time :                            3108 sec.

The output (if any) follows:



PS:

Read file <./bsub_log/270.err> for stderr output of this job.

Sender: LSF System <lsfadmin@ccb029>
Subject: Job 53030037: <bash -c "basf2 etapip_gg_fit_v6_toymc_100.py 270 > /home/belle2/jaeyoung/storage_ghi/Ntuples_ghi_2/MC15ri_generic/MC15ri_etaetapip_tight_v2_240419_Kp_BCS_etapi0const/bsub_log//MC15ri_etapip_gg_fitv6_toyMC_100_270.log"> in cluster <centralcluster> Done

Job <bash -c "basf2 etapip_gg_fit_v6_toymc_100.py 270 > /home/belle2/jaeyoung/storage_ghi/Ntuples_ghi_2/MC15ri_generic/MC15ri_etaetapip_tight_v2_240419_Kp_BCS_etapi0const/bsub_log//MC15ri_etapip_gg_fitv6_toyMC_100_270.log"> was submitted from host <ccw03> by user <jaeyoung> in cluster <centralcluster> at Sun Jul 21 17:30:59 2024
Job was executed on host(s) <ccb029>, in queue <s>, as user <jaeyoung> in cluster <centralcluster> at Sun Jul 21 17:31:30 2024
</home/belle2/jaeyoung> was used as the home directory.
</home/belle2/jaeyoung/workspace/DRAW_and_FITTING/main/FITTING/etapip/MC15ri_generic/tight_v2_fit_v6/ToyMC> was used as the working directory.
Started at Sun Jul 21 17:31:30 2024
Terminated at Sun Jul 21 18:19:04 2024
Results reported at Sun Jul 21 18:19:04 2024

Your job looked like:

------------------------------------------------------------
# LSBATCH: User input
bash -c "basf2 etapip_gg_fit_v6_toymc_100.py 270 > /home/belle2/jaeyoung/storage_ghi/Ntuples_ghi_2/MC15ri_generic/MC15ri_etaetapip_tight_v2_240419_Kp_BCS_etapi0const/bsub_log//MC15ri_etapip_gg_fitv6_toyMC_100_270.log"
------------------------------------------------------------

Successfully completed.

Resource usage summary:

    CPU time :                                   2817.36 sec.
    Max Memory :                                 1310 MB
    Average Memory :                             938.47 MB
    Total Requested Memory :                     4000.00 MB
    Delta Memory :                               2690.00 MB
    Max Swap :                                   -
    Max Processes :                              19
    Max Threads :                                20
    Run time :                                   2853 sec.
    Turnaround time :                            2885 sec.

The output (if any) follows:



PS:

Read file <./bsub_log/270.err> for stderr output of this job.

Sender: LSF System <lsfadmin@ccb051>
Subject: Job 53202553: <bash -c "basf2 etapip_gg_fit_v6_toymc_100.py 270 > /home/belle2/jaeyoung/storage_ghi/Ntuples_ghi_2/MC15ri_generic/MC15ri_etaetapip_tight_v2_240419_Kp_BCS_etapi0const/bsub_log//MC15ri_etapip_gg_fitv6_toyMC_100_270.log"> in cluster <centralcluster> Exited

Job <bash -c "basf2 etapip_gg_fit_v6_toymc_100.py 270 > /home/belle2/jaeyoung/storage_ghi/Ntuples_ghi_2/MC15ri_generic/MC15ri_etaetapip_tight_v2_240419_Kp_BCS_etapi0const/bsub_log//MC15ri_etapip_gg_fitv6_toyMC_100_270.log"> was submitted from host <ccw03> by user <jaeyoung> in cluster <centralcluster> at Mon Jul 22 00:50:03 2024
Job was executed on host(s) <ccb051>, in queue <s>, as user <jaeyoung> in cluster <centralcluster> at Mon Jul 22 00:50:51 2024
</home/belle2/jaeyoung> was used as the home directory.
</home/belle2/jaeyoung/workspace/DRAW_and_FITTING/main/FITTING/etapip/MC15ri_generic/tight_v2_fit_v6/ToyMC> was used as the working directory.
Started at Mon Jul 22 00:50:51 2024
Terminated at Mon Jul 22 01:08:05 2024
Results reported at Mon Jul 22 01:08:05 2024

Your job looked like:

------------------------------------------------------------
# LSBATCH: User input
bash -c "basf2 etapip_gg_fit_v6_toymc_100.py 270 > /home/belle2/jaeyoung/storage_ghi/Ntuples_ghi_2/MC15ri_generic/MC15ri_etaetapip_tight_v2_240419_Kp_BCS_etapi0const/bsub_log//MC15ri_etapip_gg_fitv6_toyMC_100_270.log"
------------------------------------------------------------

Exited with exit code 1.

Resource usage summary:

    CPU time :                                   1029.80 sec.
    Max Memory :                                 1258 MB
    Average Memory :                             1171.46 MB
    Total Requested Memory :                     4000.00 MB
    Delta Memory :                               2742.00 MB
    Max Swap :                                   -
    Max Processes :                              19
    Max Threads :                                20
    Run time :                                   1034 sec.
    Turnaround time :                            1082 sec.

The output (if any) follows:



PS:

Read file <./bsub_log/270.err> for stderr output of this job.

Sender: LSF System <lsfadmin@ccb123>
Subject: Job 53406981: <bash -c "basf2 etapip_gg_fit_v6_toymc_100.py 270 > /home/belle2/jaeyoung/storage_ghi/Ntuples_ghi_2/MC15ri_generic/MC15ri_etaetapip_tight_v2_240419_Kp_BCS_etapi0const/bsub_log//MC15ri_etapip_gg_fitv6_toyMC_100_270.log"> in cluster <centralcluster> Done

Job <bash -c "basf2 etapip_gg_fit_v6_toymc_100.py 270 > /home/belle2/jaeyoung/storage_ghi/Ntuples_ghi_2/MC15ri_generic/MC15ri_etaetapip_tight_v2_240419_Kp_BCS_etapi0const/bsub_log//MC15ri_etapip_gg_fitv6_toyMC_100_270.log"> was submitted from host <ccw06> by user <jaeyoung> in cluster <centralcluster> at Mon Jul 22 10:48:52 2024
Job was executed on host(s) <ccb123>, in queue <s>, as user <jaeyoung> in cluster <centralcluster> at Mon Jul 22 10:49:13 2024
</home/belle2/jaeyoung> was used as the home directory.
</home/belle2/jaeyoung/workspace/DRAW_and_FITTING/main/FITTING/etapip/MC15ri_generic/tight_v2_fit_v6/ToyMC> was used as the working directory.
Started at Mon Jul 22 10:49:13 2024
Terminated at Mon Jul 22 11:34:22 2024
Results reported at Mon Jul 22 11:34:22 2024

Your job looked like:

------------------------------------------------------------
# LSBATCH: User input
bash -c "basf2 etapip_gg_fit_v6_toymc_100.py 270 > /home/belle2/jaeyoung/storage_ghi/Ntuples_ghi_2/MC15ri_generic/MC15ri_etaetapip_tight_v2_240419_Kp_BCS_etapi0const/bsub_log//MC15ri_etapip_gg_fitv6_toyMC_100_270.log"
------------------------------------------------------------

Successfully completed.

Resource usage summary:

    CPU time :                                   2701.06 sec.
    Max Memory :                                 1311 MB
    Average Memory :                             951.81 MB
    Total Requested Memory :                     4000.00 MB
    Delta Memory :                               2689.00 MB
    Max Swap :                                   -
    Max Processes :                              19
    Max Threads :                                20
    Run time :                                   2710 sec.
    Turnaround time :                            2730 sec.

The output (if any) follows:



PS:

Read file <./bsub_log/270.err> for stderr output of this job.

Sender: LSF System <lsfadmin@ccb053>
Subject: Job 53599091: <bash -c "basf2 etapip_gg_fit_v6_toymc_100.py 270 > /home/belle2/jaeyoung/storage_ghi/Ntuples_ghi_2/MC15ri_generic/MC15ri_etaetapip_tight_v2_240419_Kp_BCS_etapi0const/bsub_log//MC15ri_etapip_gg_fitv6_toyMC_100_270.log"> in cluster <centralcluster> Done

Job <bash -c "basf2 etapip_gg_fit_v6_toymc_100.py 270 > /home/belle2/jaeyoung/storage_ghi/Ntuples_ghi_2/MC15ri_generic/MC15ri_etaetapip_tight_v2_240419_Kp_BCS_etapi0const/bsub_log//MC15ri_etapip_gg_fitv6_toyMC_100_270.log"> was submitted from host <ccw03> by user <jaeyoung> in cluster <centralcluster> at Mon Jul 22 18:35:02 2024
Job was executed on host(s) <ccb053>, in queue <s>, as user <jaeyoung> in cluster <centralcluster> at Mon Jul 22 18:36:31 2024
</home/belle2/jaeyoung> was used as the home directory.
</home/belle2/jaeyoung/workspace/DRAW_and_FITTING/main/FITTING/etapip/MC15ri_generic/tight_v2_fit_v6/ToyMC> was used as the working directory.
Started at Mon Jul 22 18:36:31 2024
Terminated at Mon Jul 22 19:22:30 2024
Results reported at Mon Jul 22 19:22:30 2024

Your job looked like:

------------------------------------------------------------
# LSBATCH: User input
bash -c "basf2 etapip_gg_fit_v6_toymc_100.py 270 > /home/belle2/jaeyoung/storage_ghi/Ntuples_ghi_2/MC15ri_generic/MC15ri_etaetapip_tight_v2_240419_Kp_BCS_etapi0const/bsub_log//MC15ri_etapip_gg_fitv6_toyMC_100_270.log"
------------------------------------------------------------

Successfully completed.

Resource usage summary:

    CPU time :                                   2747.21 sec.
    Max Memory :                                 1311 MB
    Average Memory :                             952.26 MB
    Total Requested Memory :                     4000.00 MB
    Delta Memory :                               2689.00 MB
    Max Swap :                                   -
    Max Processes :                              19
    Max Threads :                                20
    Run time :                                   2758 sec.
    Turnaround time :                            2848 sec.

The output (if any) follows:



PS:

Read file <./bsub_log/270.err> for stderr output of this job.

Sender: LSF System <lsfadmin@ccb083>
Subject: Job 53832296: <bash -c "basf2 etapip_gg_fit_v6_toymc_100.py 270 > /home/belle2/jaeyoung/storage_ghi/Ntuples_ghi_2/MC15ri_generic/MC15ri_etaetapip_tight_v2_240419_Kp_BCS_etapi0const/bsub_log//MC15ri_etapip_gg_fitv6_toyMC_100_270.log"> in cluster <centralcluster> Done

Job <bash -c "basf2 etapip_gg_fit_v6_toymc_100.py 270 > /home/belle2/jaeyoung/storage_ghi/Ntuples_ghi_2/MC15ri_generic/MC15ri_etaetapip_tight_v2_240419_Kp_BCS_etapi0const/bsub_log//MC15ri_etapip_gg_fitv6_toyMC_100_270.log"> was submitted from host <ccw05> by user <jaeyoung> in cluster <centralcluster> at Tue Jul 23 00:49:51 2024
Job was executed on host(s) <ccb083>, in queue <s>, as user <jaeyoung> in cluster <centralcluster> at Tue Jul 23 00:50:12 2024
</home/belle2/jaeyoung> was used as the home directory.
</home/belle2/jaeyoung/workspace/DRAW_and_FITTING/main/FITTING/etapip/MC15ri_generic/tight_v2_fit_v6/ToyMC> was used as the working directory.
Started at Tue Jul 23 00:50:12 2024
Terminated at Tue Jul 23 01:35:33 2024
Results reported at Tue Jul 23 01:35:33 2024

Your job looked like:

------------------------------------------------------------
# LSBATCH: User input
bash -c "basf2 etapip_gg_fit_v6_toymc_100.py 270 > /home/belle2/jaeyoung/storage_ghi/Ntuples_ghi_2/MC15ri_generic/MC15ri_etaetapip_tight_v2_240419_Kp_BCS_etapi0const/bsub_log//MC15ri_etapip_gg_fitv6_toyMC_100_270.log"
------------------------------------------------------------

Successfully completed.

Resource usage summary:

    CPU time :                                   2711.54 sec.
    Max Memory :                                 1311 MB
    Average Memory :                             955.40 MB
    Total Requested Memory :                     4000.00 MB
    Delta Memory :                               2689.00 MB
    Max Swap :                                   -
    Max Processes :                              19
    Max Threads :                                20
    Run time :                                   2722 sec.
    Turnaround time :                            2742 sec.

The output (if any) follows:



PS:

Read file <./bsub_log/270.err> for stderr output of this job.

Sender: LSF System <lsfadmin@ccb030>
Subject: Job 54397807: <bash -c "basf2 etapip_gg_fit_v6_toymc_100.py 270 > /home/belle2/jaeyoung/storage_ghi/Ntuples_ghi_2/MC15ri_generic/MC15ri_etaetapip_tight_v2_240419_Kp_BCS_etapi0const/bsub_log//MC15ri_etapip_gg_fitv6_toyMC_100_270.log"> in cluster <centralcluster> Done

Job <bash -c "basf2 etapip_gg_fit_v6_toymc_100.py 270 > /home/belle2/jaeyoung/storage_ghi/Ntuples_ghi_2/MC15ri_generic/MC15ri_etaetapip_tight_v2_240419_Kp_BCS_etapi0const/bsub_log//MC15ri_etapip_gg_fitv6_toyMC_100_270.log"> was submitted from host <ccw04> by user <jaeyoung> in cluster <centralcluster> at Tue Jul 23 17:59:09 2024
Job was executed on host(s) <ccb030>, in queue <s>, as user <jaeyoung> in cluster <centralcluster> at Tue Jul 23 18:27:00 2024
</home/belle2/jaeyoung> was used as the home directory.
</home/belle2/jaeyoung/workspace/DRAW_and_FITTING/main/FITTING/etapip/MC15ri_generic/tight_v2_fit_v6/ToyMC> was used as the working directory.
Started at Tue Jul 23 18:27:00 2024
Terminated at Tue Jul 23 19:13:05 2024
Results reported at Tue Jul 23 19:13:05 2024

Your job looked like:

------------------------------------------------------------
# LSBATCH: User input
bash -c "basf2 etapip_gg_fit_v6_toymc_100.py 270 > /home/belle2/jaeyoung/storage_ghi/Ntuples_ghi_2/MC15ri_generic/MC15ri_etaetapip_tight_v2_240419_Kp_BCS_etapi0const/bsub_log//MC15ri_etapip_gg_fitv6_toyMC_100_270.log"
------------------------------------------------------------

Successfully completed.

Resource usage summary:

    CPU time :                                   2739.17 sec.
    Max Memory :                                 1312 MB
    Average Memory :                             947.11 MB
    Total Requested Memory :                     4000.00 MB
    Delta Memory :                               2688.00 MB
    Max Swap :                                   -
    Max Processes :                              19
    Max Threads :                                20
    Run time :                                   2766 sec.
    Turnaround time :                            4436 sec.

The output (if any) follows:



PS:

Read file <./bsub_log/270.err> for stderr output of this job.

