Sender: LSF System <lsfadmin@ccb148>
Subject: Job 52359478: <bash -c "basf2 etapip_gg_fit_v6_toymc_100.py 271 > /home/belle2/jaeyoung/storage_ghi/Ntuples_ghi_2/MC15ri_generic/MC15ri_etaetapip_tight_v2_240419_Kp_BCS_etapi0const/bsub_log//MC15ri_etapip_gg_fitv6_toyMC_100_271.log"> in cluster <centralcluster> Done

Job <bash -c "basf2 etapip_gg_fit_v6_toymc_100.py 271 > /home/belle2/jaeyoung/storage_ghi/Ntuples_ghi_2/MC15ri_generic/MC15ri_etaetapip_tight_v2_240419_Kp_BCS_etapi0const/bsub_log//MC15ri_etapip_gg_fitv6_toyMC_100_271.log"> was submitted from host <ccw02> by user <jaeyoung> in cluster <centralcluster> at Sat Jul 20 14:39:36 2024
Job was executed on host(s) <ccb148>, in queue <s>, as user <jaeyoung> in cluster <centralcluster> at Sat Jul 20 14:42:33 2024
</home/belle2/jaeyoung> was used as the home directory.
</home/belle2/jaeyoung/workspace/DRAW_and_FITTING/main/FITTING/etapip/MC15ri_generic/tight_v2_fit_v6/ToyMC> was used as the working directory.
Started at Sat Jul 20 14:42:33 2024
Terminated at Sat Jul 20 15:32:13 2024
Results reported at Sat Jul 20 15:32:13 2024

Your job looked like:

------------------------------------------------------------
# LSBATCH: User input
bash -c "basf2 etapip_gg_fit_v6_toymc_100.py 271 > /home/belle2/jaeyoung/storage_ghi/Ntuples_ghi_2/MC15ri_generic/MC15ri_etaetapip_tight_v2_240419_Kp_BCS_etapi0const/bsub_log//MC15ri_etapip_gg_fitv6_toyMC_100_271.log"
------------------------------------------------------------

Successfully completed.

Resource usage summary:

    CPU time :                                   2968.20 sec.
    Max Memory :                                 1312 MB
    Average Memory :                             949.36 MB
    Total Requested Memory :                     4000.00 MB
    Delta Memory :                               2688.00 MB
    Max Swap :                                   -
    Max Processes :                              19
    Max Threads :                                20
    Run time :                                   2980 sec.
    Turnaround time :                            3157 sec.

The output (if any) follows:



PS:

Read file <./bsub_log/271.err> for stderr output of this job.

Sender: LSF System <lsfadmin@ccb172>
Subject: Job 53030041: <bash -c "basf2 etapip_gg_fit_v6_toymc_100.py 271 > /home/belle2/jaeyoung/storage_ghi/Ntuples_ghi_2/MC15ri_generic/MC15ri_etaetapip_tight_v2_240419_Kp_BCS_etapi0const/bsub_log//MC15ri_etapip_gg_fitv6_toyMC_100_271.log"> in cluster <centralcluster> Done

Job <bash -c "basf2 etapip_gg_fit_v6_toymc_100.py 271 > /home/belle2/jaeyoung/storage_ghi/Ntuples_ghi_2/MC15ri_generic/MC15ri_etaetapip_tight_v2_240419_Kp_BCS_etapi0const/bsub_log//MC15ri_etapip_gg_fitv6_toyMC_100_271.log"> was submitted from host <ccw03> by user <jaeyoung> in cluster <centralcluster> at Sun Jul 21 17:31:00 2024
Job was executed on host(s) <ccb172>, in queue <s>, as user <jaeyoung> in cluster <centralcluster> at Sun Jul 21 17:31:30 2024
</home/belle2/jaeyoung> was used as the home directory.
</home/belle2/jaeyoung/workspace/DRAW_and_FITTING/main/FITTING/etapip/MC15ri_generic/tight_v2_fit_v6/ToyMC> was used as the working directory.
Started at Sun Jul 21 17:31:30 2024
Terminated at Sun Jul 21 18:20:42 2024
Results reported at Sun Jul 21 18:20:42 2024

Your job looked like:

------------------------------------------------------------
# LSBATCH: User input
bash -c "basf2 etapip_gg_fit_v6_toymc_100.py 271 > /home/belle2/jaeyoung/storage_ghi/Ntuples_ghi_2/MC15ri_generic/MC15ri_etaetapip_tight_v2_240419_Kp_BCS_etapi0const/bsub_log//MC15ri_etapip_gg_fitv6_toyMC_100_271.log"
------------------------------------------------------------

Successfully completed.

Resource usage summary:

    CPU time :                                   2895.14 sec.
    Max Memory :                                 1311 MB
    Average Memory :                             942.68 MB
    Total Requested Memory :                     4000.00 MB
    Delta Memory :                               2689.00 MB
    Max Swap :                                   -
    Max Processes :                              19
    Max Threads :                                20
    Run time :                                   2952 sec.
    Turnaround time :                            2982 sec.

The output (if any) follows:



PS:

Read file <./bsub_log/271.err> for stderr output of this job.

Sender: LSF System <lsfadmin@ccb130>
Subject: Job 53202556: <bash -c "basf2 etapip_gg_fit_v6_toymc_100.py 271 > /home/belle2/jaeyoung/storage_ghi/Ntuples_ghi_2/MC15ri_generic/MC15ri_etaetapip_tight_v2_240419_Kp_BCS_etapi0const/bsub_log//MC15ri_etapip_gg_fitv6_toyMC_100_271.log"> in cluster <centralcluster> Exited

Job <bash -c "basf2 etapip_gg_fit_v6_toymc_100.py 271 > /home/belle2/jaeyoung/storage_ghi/Ntuples_ghi_2/MC15ri_generic/MC15ri_etaetapip_tight_v2_240419_Kp_BCS_etapi0const/bsub_log//MC15ri_etapip_gg_fitv6_toyMC_100_271.log"> was submitted from host <ccw03> by user <jaeyoung> in cluster <centralcluster> at Mon Jul 22 00:50:03 2024
Job was executed on host(s) <ccb130>, in queue <s>, as user <jaeyoung> in cluster <centralcluster> at Mon Jul 22 00:50:52 2024
</home/belle2/jaeyoung> was used as the home directory.
</home/belle2/jaeyoung/workspace/DRAW_and_FITTING/main/FITTING/etapip/MC15ri_generic/tight_v2_fit_v6/ToyMC> was used as the working directory.
Started at Mon Jul 22 00:50:52 2024
Terminated at Mon Jul 22 01:08:13 2024
Results reported at Mon Jul 22 01:08:13 2024

Your job looked like:

------------------------------------------------------------
# LSBATCH: User input
bash -c "basf2 etapip_gg_fit_v6_toymc_100.py 271 > /home/belle2/jaeyoung/storage_ghi/Ntuples_ghi_2/MC15ri_generic/MC15ri_etaetapip_tight_v2_240419_Kp_BCS_etapi0const/bsub_log//MC15ri_etapip_gg_fitv6_toyMC_100_271.log"
------------------------------------------------------------

Exited with exit code 1.

Resource usage summary:

    CPU time :                                   1037.15 sec.
    Max Memory :                                 1254 MB
    Average Memory :                             1161.55 MB
    Total Requested Memory :                     4000.00 MB
    Delta Memory :                               2746.00 MB
    Max Swap :                                   -
    Max Processes :                              19
    Max Threads :                                20
    Run time :                                   1040 sec.
    Turnaround time :                            1090 sec.

The output (if any) follows:



PS:

Read file <./bsub_log/271.err> for stderr output of this job.

Sender: LSF System <lsfadmin@ccb276>
Subject: Job 53406983: <bash -c "basf2 etapip_gg_fit_v6_toymc_100.py 271 > /home/belle2/jaeyoung/storage_ghi/Ntuples_ghi_2/MC15ri_generic/MC15ri_etaetapip_tight_v2_240419_Kp_BCS_etapi0const/bsub_log//MC15ri_etapip_gg_fitv6_toyMC_100_271.log"> in cluster <centralcluster> Done

Job <bash -c "basf2 etapip_gg_fit_v6_toymc_100.py 271 > /home/belle2/jaeyoung/storage_ghi/Ntuples_ghi_2/MC15ri_generic/MC15ri_etaetapip_tight_v2_240419_Kp_BCS_etapi0const/bsub_log//MC15ri_etapip_gg_fitv6_toyMC_100_271.log"> was submitted from host <ccw06> by user <jaeyoung> in cluster <centralcluster> at Mon Jul 22 10:48:52 2024
Job was executed on host(s) <ccb276>, in queue <s>, as user <jaeyoung> in cluster <centralcluster> at Mon Jul 22 10:49:13 2024
</home/belle2/jaeyoung> was used as the home directory.
</home/belle2/jaeyoung/workspace/DRAW_and_FITTING/main/FITTING/etapip/MC15ri_generic/tight_v2_fit_v6/ToyMC> was used as the working directory.
Started at Mon Jul 22 10:49:13 2024
Terminated at Mon Jul 22 11:36:26 2024
Results reported at Mon Jul 22 11:36:26 2024

Your job looked like:

------------------------------------------------------------
# LSBATCH: User input
bash -c "basf2 etapip_gg_fit_v6_toymc_100.py 271 > /home/belle2/jaeyoung/storage_ghi/Ntuples_ghi_2/MC15ri_generic/MC15ri_etaetapip_tight_v2_240419_Kp_BCS_etapi0const/bsub_log//MC15ri_etapip_gg_fitv6_toyMC_100_271.log"
------------------------------------------------------------

Successfully completed.

Resource usage summary:

    CPU time :                                   2806.08 sec.
    Max Memory :                                 1311 MB
    Average Memory :                             933.75 MB
    Total Requested Memory :                     4000.00 MB
    Delta Memory :                               2689.00 MB
    Max Swap :                                   -
    Max Processes :                              19
    Max Threads :                                20
    Run time :                                   2834 sec.
    Turnaround time :                            2854 sec.

The output (if any) follows:



PS:

Read file <./bsub_log/271.err> for stderr output of this job.

Sender: LSF System <lsfadmin@ccb544>
Subject: Job 53599095: <bash -c "basf2 etapip_gg_fit_v6_toymc_100.py 271 > /home/belle2/jaeyoung/storage_ghi/Ntuples_ghi_2/MC15ri_generic/MC15ri_etaetapip_tight_v2_240419_Kp_BCS_etapi0const/bsub_log//MC15ri_etapip_gg_fitv6_toyMC_100_271.log"> in cluster <centralcluster> Done

Job <bash -c "basf2 etapip_gg_fit_v6_toymc_100.py 271 > /home/belle2/jaeyoung/storage_ghi/Ntuples_ghi_2/MC15ri_generic/MC15ri_etaetapip_tight_v2_240419_Kp_BCS_etapi0const/bsub_log//MC15ri_etapip_gg_fitv6_toyMC_100_271.log"> was submitted from host <ccw03> by user <jaeyoung> in cluster <centralcluster> at Mon Jul 22 18:35:02 2024
Job was executed on host(s) <ccb544>, in queue <s>, as user <jaeyoung> in cluster <centralcluster> at Mon Jul 22 18:36:31 2024
</home/belle2/jaeyoung> was used as the home directory.
</home/belle2/jaeyoung/workspace/DRAW_and_FITTING/main/FITTING/etapip/MC15ri_generic/tight_v2_fit_v6/ToyMC> was used as the working directory.
Started at Mon Jul 22 18:36:31 2024
Terminated at Mon Jul 22 19:23:41 2024
Results reported at Mon Jul 22 19:23:41 2024

Your job looked like:

------------------------------------------------------------
# LSBATCH: User input
bash -c "basf2 etapip_gg_fit_v6_toymc_100.py 271 > /home/belle2/jaeyoung/storage_ghi/Ntuples_ghi_2/MC15ri_generic/MC15ri_etaetapip_tight_v2_240419_Kp_BCS_etapi0const/bsub_log//MC15ri_etapip_gg_fitv6_toyMC_100_271.log"
------------------------------------------------------------

Successfully completed.

Resource usage summary:

    CPU time :                                   2796.98 sec.
    Max Memory :                                 1311 MB
    Average Memory :                             941.21 MB
    Total Requested Memory :                     4000.00 MB
    Delta Memory :                               2689.00 MB
    Max Swap :                                   -
    Max Processes :                              19
    Max Threads :                                20
    Run time :                                   2831 sec.
    Turnaround time :                            2919 sec.

The output (if any) follows:



PS:

Read file <./bsub_log/271.err> for stderr output of this job.

Sender: LSF System <lsfadmin@ccb088>
Subject: Job 53832300: <bash -c "basf2 etapip_gg_fit_v6_toymc_100.py 271 > /home/belle2/jaeyoung/storage_ghi/Ntuples_ghi_2/MC15ri_generic/MC15ri_etaetapip_tight_v2_240419_Kp_BCS_etapi0const/bsub_log//MC15ri_etapip_gg_fitv6_toyMC_100_271.log"> in cluster <centralcluster> Done

Job <bash -c "basf2 etapip_gg_fit_v6_toymc_100.py 271 > /home/belle2/jaeyoung/storage_ghi/Ntuples_ghi_2/MC15ri_generic/MC15ri_etaetapip_tight_v2_240419_Kp_BCS_etapi0const/bsub_log//MC15ri_etapip_gg_fitv6_toyMC_100_271.log"> was submitted from host <ccw05> by user <jaeyoung> in cluster <centralcluster> at Tue Jul 23 00:49:52 2024
Job was executed on host(s) <ccb088>, in queue <s>, as user <jaeyoung> in cluster <centralcluster> at Tue Jul 23 00:50:12 2024
</home/belle2/jaeyoung> was used as the home directory.
</home/belle2/jaeyoung/workspace/DRAW_and_FITTING/main/FITTING/etapip/MC15ri_generic/tight_v2_fit_v6/ToyMC> was used as the working directory.
Started at Tue Jul 23 00:50:12 2024
Terminated at Tue Jul 23 01:35:15 2024
Results reported at Tue Jul 23 01:35:15 2024

Your job looked like:

------------------------------------------------------------
# LSBATCH: User input
bash -c "basf2 etapip_gg_fit_v6_toymc_100.py 271 > /home/belle2/jaeyoung/storage_ghi/Ntuples_ghi_2/MC15ri_generic/MC15ri_etaetapip_tight_v2_240419_Kp_BCS_etapi0const/bsub_log//MC15ri_etapip_gg_fitv6_toyMC_100_271.log"
------------------------------------------------------------

Successfully completed.

Resource usage summary:

    CPU time :                                   2694.61 sec.
    Max Memory :                                 1311 MB
    Average Memory :                             958.52 MB
    Total Requested Memory :                     4000.00 MB
    Delta Memory :                               2689.00 MB
    Max Swap :                                   -
    Max Processes :                              19
    Max Threads :                                20
    Run time :                                   2703 sec.
    Turnaround time :                            2723 sec.

The output (if any) follows:



PS:

Read file <./bsub_log/271.err> for stderr output of this job.

Sender: LSF System <lsfadmin@ccb066>
Subject: Job 54397812: <bash -c "basf2 etapip_gg_fit_v6_toymc_100.py 271 > /home/belle2/jaeyoung/storage_ghi/Ntuples_ghi_2/MC15ri_generic/MC15ri_etaetapip_tight_v2_240419_Kp_BCS_etapi0const/bsub_log//MC15ri_etapip_gg_fitv6_toyMC_100_271.log"> in cluster <centralcluster> Done

Job <bash -c "basf2 etapip_gg_fit_v6_toymc_100.py 271 > /home/belle2/jaeyoung/storage_ghi/Ntuples_ghi_2/MC15ri_generic/MC15ri_etaetapip_tight_v2_240419_Kp_BCS_etapi0const/bsub_log//MC15ri_etapip_gg_fitv6_toyMC_100_271.log"> was submitted from host <ccw04> by user <jaeyoung> in cluster <centralcluster> at Tue Jul 23 17:59:09 2024
Job was executed on host(s) <ccb066>, in queue <s>, as user <jaeyoung> in cluster <centralcluster> at Tue Jul 23 18:27:01 2024
</home/belle2/jaeyoung> was used as the home directory.
</home/belle2/jaeyoung/workspace/DRAW_and_FITTING/main/FITTING/etapip/MC15ri_generic/tight_v2_fit_v6/ToyMC> was used as the working directory.
Started at Tue Jul 23 18:27:01 2024
Terminated at Tue Jul 23 19:14:58 2024
Results reported at Tue Jul 23 19:14:58 2024

Your job looked like:

------------------------------------------------------------
# LSBATCH: User input
bash -c "basf2 etapip_gg_fit_v6_toymc_100.py 271 > /home/belle2/jaeyoung/storage_ghi/Ntuples_ghi_2/MC15ri_generic/MC15ri_etaetapip_tight_v2_240419_Kp_BCS_etapi0const/bsub_log//MC15ri_etapip_gg_fitv6_toyMC_100_271.log"
------------------------------------------------------------

Successfully completed.

Resource usage summary:

    CPU time :                                   2835.20 sec.
    Max Memory :                                 1313 MB
    Average Memory :                             934.87 MB
    Total Requested Memory :                     4000.00 MB
    Delta Memory :                               2687.00 MB
    Max Swap :                                   -
    Max Processes :                              19
    Max Threads :                                20
    Run time :                                   2877 sec.
    Turnaround time :                            4549 sec.

The output (if any) follows:



PS:

Read file <./bsub_log/271.err> for stderr output of this job.

Sender: LSF System <lsfadmin@ccb132>
Subject: Job 54470381: <bash -c "basf2 etapip_gg_fit_v6_toymc_100.py 271 > /home/belle2/jaeyoung/storage_ghi/Ntuples_ghi_2/MC15ri_generic/MC15ri_etaetapip_tight_v2_240419_Kp_BCS_etapi0const/bsub_log//MC15ri_etapip_gg_fitv6_toyMC_100_271.log"> in cluster <centralcluster> Done

Job <bash -c "basf2 etapip_gg_fit_v6_toymc_100.py 271 > /home/belle2/jaeyoung/storage_ghi/Ntuples_ghi_2/MC15ri_generic/MC15ri_etaetapip_tight_v2_240419_Kp_BCS_etapi0const/bsub_log//MC15ri_etapip_gg_fitv6_toyMC_100_271.log"> was submitted from host <ccw03> by user <jaeyoung> in cluster <centralcluster> at Tue Jul 23 19:38:02 2024
Job was executed on host(s) <ccb132>, in queue <s>, as user <jaeyoung> in cluster <centralcluster> at Tue Jul 23 19:38:03 2024
</home/belle2/jaeyoung> was used as the home directory.
</home/belle2/jaeyoung/workspace/DRAW_and_FITTING/main/FITTING/etapip/MC15ri_generic/tight_v2_fit_v6/ToyMC> was used as the working directory.
Started at Tue Jul 23 19:38:03 2024
Terminated at Tue Jul 23 20:25:32 2024
Results reported at Tue Jul 23 20:25:32 2024

Your job looked like:

------------------------------------------------------------
# LSBATCH: User input
bash -c "basf2 etapip_gg_fit_v6_toymc_100.py 271 > /home/belle2/jaeyoung/storage_ghi/Ntuples_ghi_2/MC15ri_generic/MC15ri_etaetapip_tight_v2_240419_Kp_BCS_etapi0const/bsub_log//MC15ri_etapip_gg_fitv6_toyMC_100_271.log"
------------------------------------------------------------

Successfully completed.

Resource usage summary:

    CPU time :                                   2830.68 sec.
    Max Memory :                                 1311 MB
    Average Memory :                             962.46 MB
    Total Requested Memory :                     4000.00 MB
    Delta Memory :                               2689.00 MB
    Max Swap :                                   -
    Max Processes :                              19
    Max Threads :                                20
    Run time :                                   2850 sec.
    Turnaround time :                            2850 sec.

The output (if any) follows:



PS:

Read file <./bsub_log/271.err> for stderr output of this job.

Sender: LSF System <lsfadmin@ccb526>
Subject: Job 55515801: <bash -c "basf2 etapip_gg_fit_v6_toymc_100.py 271 > /home/belle2/jaeyoung/storage_ghi/Ntuples_ghi_2/MC15ri_generic/MC15ri_etaetapip_tight_v2_240419_Kp_BCS_etapi0const/bsub_log//MC15ri_etapip_gg_fitv6_toyMC_100_271.log"> in cluster <centralcluster> Done

Job <bash -c "basf2 etapip_gg_fit_v6_toymc_100.py 271 > /home/belle2/jaeyoung/storage_ghi/Ntuples_ghi_2/MC15ri_generic/MC15ri_etaetapip_tight_v2_240419_Kp_BCS_etapi0const/bsub_log//MC15ri_etapip_gg_fitv6_toyMC_100_271.log"> was submitted from host <ccw01> by user <jaeyoung> in cluster <centralcluster> at Thu Jul 25 20:50:58 2024
Job was executed on host(s) <ccb526>, in queue <s>, as user <jaeyoung> in cluster <centralcluster> at Thu Jul 25 20:51:00 2024
</home/belle2/jaeyoung> was used as the home directory.
</gpfs/home/belle2/jaeyoung/workspace/DRAW_and_FITTING/main/FITTING/etapip/MC15ri_generic/tight_v2_fit_v6/ToyMC> was used as the working directory.
Started at Thu Jul 25 20:51:00 2024
Terminated at Thu Jul 25 21:37:41 2024
Results reported at Thu Jul 25 21:37:41 2024

Your job looked like:

------------------------------------------------------------
# LSBATCH: User input
bash -c "basf2 etapip_gg_fit_v6_toymc_100.py 271 > /home/belle2/jaeyoung/storage_ghi/Ntuples_ghi_2/MC15ri_generic/MC15ri_etaetapip_tight_v2_240419_Kp_BCS_etapi0const/bsub_log//MC15ri_etapip_gg_fitv6_toyMC_100_271.log"
------------------------------------------------------------

Successfully completed.

Resource usage summary:

    CPU time :                                   2751.78 sec.
    Max Memory :                                 1313 MB
    Average Memory :                             948.87 MB
    Total Requested Memory :                     4000.00 MB
    Delta Memory :                               2687.00 MB
    Max Swap :                                   -
    Max Processes :                              19
    Max Threads :                                20
    Run time :                                   2802 sec.
    Turnaround time :                            2803 sec.

The output (if any) follows:



PS:

Read file <./bsub_log/271.err> for stderr output of this job.

Sender: LSF System <lsfadmin@ccb566>
Subject: Job 56103286: <bash -c "basf2 etapip_gg_fit_v6_toymc_100.py 271 > /home/belle2/jaeyoung/storage_ghi/Ntuples_ghi_2/MC15ri_generic/MC15ri_etaetapip_tight_v2_240419_Kp_BCS_etapi0const/bsub_log//MC15ri_etapip_gg_fitv6_toyMC_100_271.log"> in cluster <centralcluster> Done

Job <bash -c "basf2 etapip_gg_fit_v6_toymc_100.py 271 > /home/belle2/jaeyoung/storage_ghi/Ntuples_ghi_2/MC15ri_generic/MC15ri_etaetapip_tight_v2_240419_Kp_BCS_etapi0const/bsub_log//MC15ri_etapip_gg_fitv6_toyMC_100_271.log"> was submitted from host <ccw06> by user <jaeyoung> in cluster <centralcluster> at Fri Jul 26 23:43:55 2024
Job was executed on host(s) <ccb566>, in queue <s>, as user <jaeyoung> in cluster <centralcluster> at Sat Jul 27 00:19:02 2024
</home/belle2/jaeyoung> was used as the home directory.
</home/belle2/jaeyoung/workspace/DRAW_and_FITTING/main/FITTING/etapip/MC15ri_generic/tight_v2_fit_v6/ToyMC> was used as the working directory.
Started at Sat Jul 27 00:19:02 2024
Terminated at Sat Jul 27 00:52:15 2024
Results reported at Sat Jul 27 00:52:15 2024

Your job looked like:

------------------------------------------------------------
# LSBATCH: User input
bash -c "basf2 etapip_gg_fit_v6_toymc_100.py 271 > /home/belle2/jaeyoung/storage_ghi/Ntuples_ghi_2/MC15ri_generic/MC15ri_etaetapip_tight_v2_240419_Kp_BCS_etapi0const/bsub_log//MC15ri_etapip_gg_fitv6_toyMC_100_271.log"
------------------------------------------------------------

Successfully completed.

Resource usage summary:

    CPU time :                                   1938.04 sec.
    Max Memory :                                 938 MB
    Average Memory :                             672.23 MB
    Total Requested Memory :                     4000.00 MB
    Delta Memory :                               3062.00 MB
    Max Swap :                                   -
    Max Processes :                              19
    Max Threads :                                20
    Run time :                                   1994 sec.
    Turnaround time :                            4100 sec.

The output (if any) follows:



PS:

Read file <./bsub_log/271.err> for stderr output of this job.

Sender: LSF System <lsfadmin@ccb213>
Subject: Job 56133622: <bash -c "basf2 etapip_gg_fit_v6_toymc_100.py 271 > /home/belle2/jaeyoung/storage_ghi/Ntuples_ghi_2/MC15ri_generic/MC15ri_etaetapip_tight_v2_240419_Kp_BCS_etapi0const/bsub_log//MC15ri_etapip_gg_fitv6_toyMC_100_271.log"> in cluster <centralcluster> Done

Job <bash -c "basf2 etapip_gg_fit_v6_toymc_100.py 271 > /home/belle2/jaeyoung/storage_ghi/Ntuples_ghi_2/MC15ri_generic/MC15ri_etaetapip_tight_v2_240419_Kp_BCS_etapi0const/bsub_log//MC15ri_etapip_gg_fitv6_toyMC_100_271.log"> was submitted from host <ccw03> by user <jaeyoung> in cluster <centralcluster> at Sat Jul 27 01:13:20 2024
Job was executed on host(s) <ccb213>, in queue <s>, as user <jaeyoung> in cluster <centralcluster> at Sat Jul 27 03:04:45 2024
</home/belle2/jaeyoung> was used as the home directory.
</gpfs/home/belle2/jaeyoung/workspace/DRAW_and_FITTING/main/FITTING/etapip/MC15ri_generic/tight_v2_fit_v6/ToyMC> was used as the working directory.
Started at Sat Jul 27 03:04:45 2024
Terminated at Sat Jul 27 03:43:56 2024
Results reported at Sat Jul 27 03:43:56 2024

Your job looked like:

------------------------------------------------------------
# LSBATCH: User input
bash -c "basf2 etapip_gg_fit_v6_toymc_100.py 271 > /home/belle2/jaeyoung/storage_ghi/Ntuples_ghi_2/MC15ri_generic/MC15ri_etaetapip_tight_v2_240419_Kp_BCS_etapi0const/bsub_log//MC15ri_etapip_gg_fitv6_toyMC_100_271.log"
------------------------------------------------------------

Successfully completed.

Resource usage summary:

    CPU time :                                   2301.04 sec.
    Max Memory :                                 894 MB
    Average Memory :                             656.16 MB
    Total Requested Memory :                     4000.00 MB
    Delta Memory :                               3106.00 MB
    Max Swap :                                   -
    Max Processes :                              19
    Max Threads :                                20
    Run time :                                   2351 sec.
    Turnaround time :                            9036 sec.

The output (if any) follows:



PS:

Read file <./bsub_log/271.err> for stderr output of this job.

Sender: LSF System <lsfadmin@ccb550>
Subject: Job 57220425: <bash -c "basf2 etapip_gg_fit_v6_toymc_100.py 271 > /home/belle2/jaeyoung/storage_ghi/Ntuples_ghi_2/MC15ri_generic/MC15ri_etaetapip_tight_v2_240419_Kp_BCS_etapi0const/bsub_log//MC15ri_etapip_gg_fitv6_toyMC_100_271.log"> in cluster <centralcluster> Exited

Job <bash -c "basf2 etapip_gg_fit_v6_toymc_100.py 271 > /home/belle2/jaeyoung/storage_ghi/Ntuples_ghi_2/MC15ri_generic/MC15ri_etaetapip_tight_v2_240419_Kp_BCS_etapi0const/bsub_log//MC15ri_etapip_gg_fitv6_toyMC_100_271.log"> was submitted from host <ccx03> by user <jaeyoung> in cluster <centralcluster> at Mon Jul 29 18:45:14 2024
Job was executed on host(s) <ccb550>, in queue <s>, as user <jaeyoung> in cluster <centralcluster> at Mon Jul 29 18:45:15 2024
</home/belle2/jaeyoung> was used as the home directory.
</gpfs/home/belle2/jaeyoung/workspace/DRAW_and_FITTING/main/FITTING/etapip/MC15ri_generic/tight_v2_fit_v6/ToyMC> was used as the working directory.
Started at Mon Jul 29 18:45:15 2024
Terminated at Mon Jul 29 19:50:02 2024
Results reported at Mon Jul 29 19:50:02 2024

Your job looked like:

------------------------------------------------------------
# LSBATCH: User input
bash -c "basf2 etapip_gg_fit_v6_toymc_100.py 271 > /home/belle2/jaeyoung/storage_ghi/Ntuples_ghi_2/MC15ri_generic/MC15ri_etaetapip_tight_v2_240419_Kp_BCS_etapi0const/bsub_log//MC15ri_etapip_gg_fitv6_toyMC_100_271.log"
------------------------------------------------------------

Exited with exit code 1.

Resource usage summary:

    CPU time :                                   3821.41 sec.
    Max Memory :                                 1427 MB
    Average Memory :                             1029.78 MB
    Total Requested Memory :                     4000.00 MB
    Delta Memory :                               2573.00 MB
    Max Swap :                                   1 MB
    Max Processes :                              19
    Max Threads :                                20
    Run time :                                   3888 sec.
    Turnaround time :                            3888 sec.

The output (if any) follows:



PS:

Read file <./bsub_log/271.err> for stderr output of this job.

Sender: LSF System <lsfadmin@ccb099>
Subject: Job 57308490: <bash -c "basf2 etapip_gg_fit_v6_toymc_100.py 271 > /home/belle2/jaeyoung/storage_ghi/Ntuples_ghi_2/MC15ri_generic/MC15ri_etaetapip_tight_v2_240419_Kp_BCS_etapi0const/bsub_log//MC15ri_etapip_gg_fitv6_toyMC_100_271.log"> in cluster <centralcluster> Done

Job <bash -c "basf2 etapip_gg_fit_v6_toymc_100.py 271 > /home/belle2/jaeyoung/storage_ghi/Ntuples_ghi_2/MC15ri_generic/MC15ri_etaetapip_tight_v2_240419_Kp_BCS_etapi0const/bsub_log//MC15ri_etapip_gg_fitv6_toyMC_100_271.log"> was submitted from host <ccw03> by user <jaeyoung> in cluster <centralcluster> at Mon Jul 29 23:02:44 2024
Job was executed on host(s) <ccb099>, in queue <s>, as user <jaeyoung> in cluster <centralcluster> at Mon Jul 29 23:03:44 2024
</home/belle2/jaeyoung> was used as the home directory.
</home/belle2/jaeyoung/workspace/DRAW_and_FITTING/main/FITTING/etapip/MC15ri_generic/tight_v2_fit_v6/ToyMC> was used as the working directory.
Started at Mon Jul 29 23:03:44 2024
Terminated at Tue Jul 30 00:09:02 2024
Results reported at Tue Jul 30 00:09:02 2024

Your job looked like:

------------------------------------------------------------
# LSBATCH: User input
bash -c "basf2 etapip_gg_fit_v6_toymc_100.py 271 > /home/belle2/jaeyoung/storage_ghi/Ntuples_ghi_2/MC15ri_generic/MC15ri_etaetapip_tight_v2_240419_Kp_BCS_etapi0const/bsub_log//MC15ri_etapip_gg_fitv6_toyMC_100_271.log"
------------------------------------------------------------

Successfully completed.

Resource usage summary:

    CPU time :                                   3860.02 sec.
    Max Memory :                                 1402 MB
    Average Memory :                             1036.85 MB
    Total Requested Memory :                     4000.00 MB
    Delta Memory :                               2598.00 MB
    Max Swap :                                   -
    Max Processes :                              19
    Max Threads :                                20
    Run time :                                   3918 sec.
    Turnaround time :                            3978 sec.

The output (if any) follows:



PS:

Read file <./bsub_log/271.err> for stderr output of this job.

Sender: LSF System <lsfadmin@ccb239>
Subject: Job 57390102: <bash -c "basf2 etapip_gg_fit_v6_toymc_100.py 271 > /home/belle2/jaeyoung/storage_ghi/Ntuples_ghi_2/MC15ri_generic/MC15ri_etaetapip_tight_v2_240419_Kp_BCS_etapi0const/bsub_log//MC15ri_etapip_gg_fitv6_toyMC_100_271.log"> in cluster <centralcluster> Done

Job <bash -c "basf2 etapip_gg_fit_v6_toymc_100.py 271 > /home/belle2/jaeyoung/storage_ghi/Ntuples_ghi_2/MC15ri_generic/MC15ri_etaetapip_tight_v2_240419_Kp_BCS_etapi0const/bsub_log//MC15ri_etapip_gg_fitv6_toyMC_100_271.log"> was submitted from host <ccw03> by user <jaeyoung> in cluster <centralcluster> at Tue Jul 30 01:17:23 2024
Job was executed on host(s) <ccb239>, in queue <s>, as user <jaeyoung> in cluster <centralcluster> at Tue Jul 30 01:18:08 2024
</home/belle2/jaeyoung> was used as the home directory.
</home/belle2/jaeyoung/workspace/DRAW_and_FITTING/main/FITTING/etapip/MC15ri_generic/tight_v2_fit_v6/ToyMC> was used as the working directory.
Started at Tue Jul 30 01:18:08 2024
Terminated at Tue Jul 30 02:25:25 2024
Results reported at Tue Jul 30 02:25:25 2024

Your job looked like:

------------------------------------------------------------
# LSBATCH: User input
bash -c "basf2 etapip_gg_fit_v6_toymc_100.py 271 > /home/belle2/jaeyoung/storage_ghi/Ntuples_ghi_2/MC15ri_generic/MC15ri_etaetapip_tight_v2_240419_Kp_BCS_etapi0const/bsub_log//MC15ri_etapip_gg_fitv6_toyMC_100_271.log"
------------------------------------------------------------

Successfully completed.

Resource usage summary:

    CPU time :                                   3956.58 sec.
    Max Memory :                                 1396 MB
    Average Memory :                             1027.14 MB
    Total Requested Memory :                     4000.00 MB
    Delta Memory :                               2604.00 MB
    Max Swap :                                   -
    Max Processes :                              19
    Max Threads :                                20
    Run time :                                   4038 sec.
    Turnaround time :                            4082 sec.

The output (if any) follows:



PS:

Read file <./bsub_log/271.err> for stderr output of this job.

