Sender: LSF System <lsfadmin@ccb136>
Subject: Job 52359481: <bash -c "basf2 etapip_gg_fit_v6_toymc_100.py 274 > /home/belle2/jaeyoung/storage_ghi/Ntuples_ghi_2/MC15ri_generic/MC15ri_etaetapip_tight_v2_240419_Kp_BCS_etapi0const/bsub_log//MC15ri_etapip_gg_fitv6_toyMC_100_274.log"> in cluster <centralcluster> Done

Job <bash -c "basf2 etapip_gg_fit_v6_toymc_100.py 274 > /home/belle2/jaeyoung/storage_ghi/Ntuples_ghi_2/MC15ri_generic/MC15ri_etaetapip_tight_v2_240419_Kp_BCS_etapi0const/bsub_log//MC15ri_etapip_gg_fitv6_toyMC_100_274.log"> was submitted from host <ccw02> by user <jaeyoung> in cluster <centralcluster> at Sat Jul 20 14:39:37 2024
Job was executed on host(s) <ccb136>, in queue <s>, as user <jaeyoung> in cluster <centralcluster> at Sat Jul 20 14:42:34 2024
</home/belle2/jaeyoung> was used as the home directory.
</home/belle2/jaeyoung/workspace/DRAW_and_FITTING/main/FITTING/etapip/MC15ri_generic/tight_v2_fit_v6/ToyMC> was used as the working directory.
Started at Sat Jul 20 14:42:34 2024
Terminated at Sat Jul 20 15:29:30 2024
Results reported at Sat Jul 20 15:29:30 2024

Your job looked like:

------------------------------------------------------------
# LSBATCH: User input
bash -c "basf2 etapip_gg_fit_v6_toymc_100.py 274 > /home/belle2/jaeyoung/storage_ghi/Ntuples_ghi_2/MC15ri_generic/MC15ri_etaetapip_tight_v2_240419_Kp_BCS_etapi0const/bsub_log//MC15ri_etapip_gg_fitv6_toyMC_100_274.log"
------------------------------------------------------------

Successfully completed.

Resource usage summary:

    CPU time :                                   2797.17 sec.
    Max Memory :                                 1318 MB
    Average Memory :                             964.36 MB
    Total Requested Memory :                     4000.00 MB
    Delta Memory :                               2682.00 MB
    Max Swap :                                   -
    Max Processes :                              19
    Max Threads :                                20
    Run time :                                   2815 sec.
    Turnaround time :                            2993 sec.

The output (if any) follows:



PS:

Read file <./bsub_log/274.err> for stderr output of this job.

Sender: LSF System <lsfadmin@ccb259>
Subject: Job 53030052: <bash -c "basf2 etapip_gg_fit_v6_toymc_100.py 274 > /home/belle2/jaeyoung/storage_ghi/Ntuples_ghi_2/MC15ri_generic/MC15ri_etaetapip_tight_v2_240419_Kp_BCS_etapi0const/bsub_log//MC15ri_etapip_gg_fitv6_toyMC_100_274.log"> in cluster <centralcluster> Done

Job <bash -c "basf2 etapip_gg_fit_v6_toymc_100.py 274 > /home/belle2/jaeyoung/storage_ghi/Ntuples_ghi_2/MC15ri_generic/MC15ri_etaetapip_tight_v2_240419_Kp_BCS_etapi0const/bsub_log//MC15ri_etapip_gg_fitv6_toyMC_100_274.log"> was submitted from host <ccw03> by user <jaeyoung> in cluster <centralcluster> at Sun Jul 21 17:31:01 2024
Job was executed on host(s) <ccb259>, in queue <s>, as user <jaeyoung> in cluster <centralcluster> at Sun Jul 21 17:31:34 2024
</home/belle2/jaeyoung> was used as the home directory.
</home/belle2/jaeyoung/workspace/DRAW_and_FITTING/main/FITTING/etapip/MC15ri_generic/tight_v2_fit_v6/ToyMC> was used as the working directory.
Started at Sun Jul 21 17:31:34 2024
Terminated at Sun Jul 21 18:20:04 2024
Results reported at Sun Jul 21 18:20:04 2024

Your job looked like:

------------------------------------------------------------
# LSBATCH: User input
bash -c "basf2 etapip_gg_fit_v6_toymc_100.py 274 > /home/belle2/jaeyoung/storage_ghi/Ntuples_ghi_2/MC15ri_generic/MC15ri_etaetapip_tight_v2_240419_Kp_BCS_etapi0const/bsub_log//MC15ri_etapip_gg_fitv6_toyMC_100_274.log"
------------------------------------------------------------

Successfully completed.

Resource usage summary:

    CPU time :                                   2858.82 sec.
    Max Memory :                                 1311 MB
    Average Memory :                             942.53 MB
    Total Requested Memory :                     4000.00 MB
    Delta Memory :                               2689.00 MB
    Max Swap :                                   -
    Max Processes :                              19
    Max Threads :                                20
    Run time :                                   2910 sec.
    Turnaround time :                            2943 sec.

The output (if any) follows:



PS:

Read file <./bsub_log/274.err> for stderr output of this job.

Sender: LSF System <lsfadmin@ccb568>
Subject: Job 53202567: <bash -c "basf2 etapip_gg_fit_v6_toymc_100.py 274 > /home/belle2/jaeyoung/storage_ghi/Ntuples_ghi_2/MC15ri_generic/MC15ri_etaetapip_tight_v2_240419_Kp_BCS_etapi0const/bsub_log//MC15ri_etapip_gg_fitv6_toyMC_100_274.log"> in cluster <centralcluster> Exited

Job <bash -c "basf2 etapip_gg_fit_v6_toymc_100.py 274 > /home/belle2/jaeyoung/storage_ghi/Ntuples_ghi_2/MC15ri_generic/MC15ri_etaetapip_tight_v2_240419_Kp_BCS_etapi0const/bsub_log//MC15ri_etapip_gg_fitv6_toyMC_100_274.log"> was submitted from host <ccw03> by user <jaeyoung> in cluster <centralcluster> at Mon Jul 22 00:50:04 2024
Job was executed on host(s) <ccb568>, in queue <s>, as user <jaeyoung> in cluster <centralcluster> at Mon Jul 22 00:50:54 2024
</home/belle2/jaeyoung> was used as the home directory.
</home/belle2/jaeyoung/workspace/DRAW_and_FITTING/main/FITTING/etapip/MC15ri_generic/tight_v2_fit_v6/ToyMC> was used as the working directory.
Started at Mon Jul 22 00:50:54 2024
Terminated at Mon Jul 22 01:08:22 2024
Results reported at Mon Jul 22 01:08:22 2024

Your job looked like:

------------------------------------------------------------
# LSBATCH: User input
bash -c "basf2 etapip_gg_fit_v6_toymc_100.py 274 > /home/belle2/jaeyoung/storage_ghi/Ntuples_ghi_2/MC15ri_generic/MC15ri_etaetapip_tight_v2_240419_Kp_BCS_etapi0const/bsub_log//MC15ri_etapip_gg_fitv6_toyMC_100_274.log"
------------------------------------------------------------

Exited with exit code 1.

Resource usage summary:

    CPU time :                                   1042.10 sec.
    Max Memory :                                 1293 MB
    Average Memory :                             1194.19 MB
    Total Requested Memory :                     4000.00 MB
    Delta Memory :                               2707.00 MB
    Max Swap :                                   -
    Max Processes :                              19
    Max Threads :                                20
    Run time :                                   1048 sec.
    Turnaround time :                            1098 sec.

The output (if any) follows:



PS:

Read file <./bsub_log/274.err> for stderr output of this job.

Sender: LSF System <lsfadmin@ccb133>
Subject: Job 53406990: <bash -c "basf2 etapip_gg_fit_v6_toymc_100.py 274 > /home/belle2/jaeyoung/storage_ghi/Ntuples_ghi_2/MC15ri_generic/MC15ri_etaetapip_tight_v2_240419_Kp_BCS_etapi0const/bsub_log//MC15ri_etapip_gg_fitv6_toyMC_100_274.log"> in cluster <centralcluster> Done

Job <bash -c "basf2 etapip_gg_fit_v6_toymc_100.py 274 > /home/belle2/jaeyoung/storage_ghi/Ntuples_ghi_2/MC15ri_generic/MC15ri_etaetapip_tight_v2_240419_Kp_BCS_etapi0const/bsub_log//MC15ri_etapip_gg_fitv6_toyMC_100_274.log"> was submitted from host <ccw06> by user <jaeyoung> in cluster <centralcluster> at Mon Jul 22 10:48:53 2024
Job was executed on host(s) <ccb133>, in queue <s>, as user <jaeyoung> in cluster <centralcluster> at Mon Jul 22 10:49:14 2024
</home/belle2/jaeyoung> was used as the home directory.
</home/belle2/jaeyoung/workspace/DRAW_and_FITTING/main/FITTING/etapip/MC15ri_generic/tight_v2_fit_v6/ToyMC> was used as the working directory.
Started at Mon Jul 22 10:49:14 2024
Terminated at Mon Jul 22 11:35:06 2024
Results reported at Mon Jul 22 11:35:06 2024

Your job looked like:

------------------------------------------------------------
# LSBATCH: User input
bash -c "basf2 etapip_gg_fit_v6_toymc_100.py 274 > /home/belle2/jaeyoung/storage_ghi/Ntuples_ghi_2/MC15ri_generic/MC15ri_etaetapip_tight_v2_240419_Kp_BCS_etapi0const/bsub_log//MC15ri_etapip_gg_fitv6_toyMC_100_274.log"
------------------------------------------------------------

Successfully completed.

Resource usage summary:

    CPU time :                                   2732.75 sec.
    Max Memory :                                 1311 MB
    Average Memory :                             945.47 MB
    Total Requested Memory :                     4000.00 MB
    Delta Memory :                               2689.00 MB
    Max Swap :                                   -
    Max Processes :                              19
    Max Threads :                                20
    Run time :                                   2752 sec.
    Turnaround time :                            2773 sec.

The output (if any) follows:



PS:

Read file <./bsub_log/274.err> for stderr output of this job.

Sender: LSF System <lsfadmin@ccb509>
Subject: Job 53599106: <bash -c "basf2 etapip_gg_fit_v6_toymc_100.py 274 > /home/belle2/jaeyoung/storage_ghi/Ntuples_ghi_2/MC15ri_generic/MC15ri_etaetapip_tight_v2_240419_Kp_BCS_etapi0const/bsub_log//MC15ri_etapip_gg_fitv6_toyMC_100_274.log"> in cluster <centralcluster> Done

Job <bash -c "basf2 etapip_gg_fit_v6_toymc_100.py 274 > /home/belle2/jaeyoung/storage_ghi/Ntuples_ghi_2/MC15ri_generic/MC15ri_etaetapip_tight_v2_240419_Kp_BCS_etapi0const/bsub_log//MC15ri_etapip_gg_fitv6_toyMC_100_274.log"> was submitted from host <ccw03> by user <jaeyoung> in cluster <centralcluster> at Mon Jul 22 18:35:03 2024
Job was executed on host(s) <ccb509>, in queue <s>, as user <jaeyoung> in cluster <centralcluster> at Mon Jul 22 18:36:32 2024
</home/belle2/jaeyoung> was used as the home directory.
</home/belle2/jaeyoung/workspace/DRAW_and_FITTING/main/FITTING/etapip/MC15ri_generic/tight_v2_fit_v6/ToyMC> was used as the working directory.
Started at Mon Jul 22 18:36:32 2024
Terminated at Mon Jul 22 19:18:50 2024
Results reported at Mon Jul 22 19:18:50 2024

Your job looked like:

------------------------------------------------------------
# LSBATCH: User input
bash -c "basf2 etapip_gg_fit_v6_toymc_100.py 274 > /home/belle2/jaeyoung/storage_ghi/Ntuples_ghi_2/MC15ri_generic/MC15ri_etaetapip_tight_v2_240419_Kp_BCS_etapi0const/bsub_log//MC15ri_etapip_gg_fitv6_toyMC_100_274.log"
------------------------------------------------------------

Successfully completed.

Resource usage summary:

    CPU time :                                   4839.43 sec.
    Max Memory :                                 1317 MB
    Average Memory :                             987.77 MB
    Total Requested Memory :                     4000.00 MB
    Delta Memory :                               2683.00 MB
    Max Swap :                                   -
    Max Processes :                              19
    Max Threads :                                20
    Run time :                                   2538 sec.
    Turnaround time :                            2627 sec.

The output (if any) follows:



PS:

Read file <./bsub_log/274.err> for stderr output of this job.

Sender: LSF System <lsfadmin@ccb230>
Subject: Job 53832313: <bash -c "basf2 etapip_gg_fit_v6_toymc_100.py 274 > /home/belle2/jaeyoung/storage_ghi/Ntuples_ghi_2/MC15ri_generic/MC15ri_etaetapip_tight_v2_240419_Kp_BCS_etapi0const/bsub_log//MC15ri_etapip_gg_fitv6_toyMC_100_274.log"> in cluster <centralcluster> Done

Job <bash -c "basf2 etapip_gg_fit_v6_toymc_100.py 274 > /home/belle2/jaeyoung/storage_ghi/Ntuples_ghi_2/MC15ri_generic/MC15ri_etaetapip_tight_v2_240419_Kp_BCS_etapi0const/bsub_log//MC15ri_etapip_gg_fitv6_toyMC_100_274.log"> was submitted from host <ccw05> by user <jaeyoung> in cluster <centralcluster> at Tue Jul 23 00:49:53 2024
Job was executed on host(s) <ccb230>, in queue <s>, as user <jaeyoung> in cluster <centralcluster> at Tue Jul 23 00:50:12 2024
</home/belle2/jaeyoung> was used as the home directory.
</home/belle2/jaeyoung/workspace/DRAW_and_FITTING/main/FITTING/etapip/MC15ri_generic/tight_v2_fit_v6/ToyMC> was used as the working directory.
Started at Tue Jul 23 00:50:12 2024
Terminated at Tue Jul 23 01:38:18 2024
Results reported at Tue Jul 23 01:38:18 2024

Your job looked like:

------------------------------------------------------------
# LSBATCH: User input
bash -c "basf2 etapip_gg_fit_v6_toymc_100.py 274 > /home/belle2/jaeyoung/storage_ghi/Ntuples_ghi_2/MC15ri_generic/MC15ri_etaetapip_tight_v2_240419_Kp_BCS_etapi0const/bsub_log//MC15ri_etapip_gg_fitv6_toyMC_100_274.log"
------------------------------------------------------------

Successfully completed.

Resource usage summary:

    CPU time :                                   2866.59 sec.
    Max Memory :                                 1311 MB
    Average Memory :                             937.90 MB
    Total Requested Memory :                     4000.00 MB
    Delta Memory :                               2689.00 MB
    Max Swap :                                   -
    Max Processes :                              19
    Max Threads :                                20
    Run time :                                   2886 sec.
    Turnaround time :                            2905 sec.

The output (if any) follows:



PS:

Read file <./bsub_log/274.err> for stderr output of this job.

Sender: LSF System <lsfadmin@ccb547>
Subject: Job 54397830: <bash -c "basf2 etapip_gg_fit_v6_toymc_100.py 274 > /home/belle2/jaeyoung/storage_ghi/Ntuples_ghi_2/MC15ri_generic/MC15ri_etaetapip_tight_v2_240419_Kp_BCS_etapi0const/bsub_log//MC15ri_etapip_gg_fitv6_toyMC_100_274.log"> in cluster <centralcluster> Done

Job <bash -c "basf2 etapip_gg_fit_v6_toymc_100.py 274 > /home/belle2/jaeyoung/storage_ghi/Ntuples_ghi_2/MC15ri_generic/MC15ri_etaetapip_tight_v2_240419_Kp_BCS_etapi0const/bsub_log//MC15ri_etapip_gg_fitv6_toyMC_100_274.log"> was submitted from host <ccw04> by user <jaeyoung> in cluster <centralcluster> at Tue Jul 23 17:59:10 2024
Job was executed on host(s) <ccb547>, in queue <s>, as user <jaeyoung> in cluster <centralcluster> at Tue Jul 23 18:27:01 2024
</home/belle2/jaeyoung> was used as the home directory.
</home/belle2/jaeyoung/workspace/DRAW_and_FITTING/main/FITTING/etapip/MC15ri_generic/tight_v2_fit_v6/ToyMC> was used as the working directory.
Started at Tue Jul 23 18:27:01 2024
Terminated at Tue Jul 23 19:13:10 2024
Results reported at Tue Jul 23 19:13:10 2024

Your job looked like:

------------------------------------------------------------
# LSBATCH: User input
bash -c "basf2 etapip_gg_fit_v6_toymc_100.py 274 > /home/belle2/jaeyoung/storage_ghi/Ntuples_ghi_2/MC15ri_generic/MC15ri_etaetapip_tight_v2_240419_Kp_BCS_etapi0const/bsub_log//MC15ri_etapip_gg_fitv6_toyMC_100_274.log"
------------------------------------------------------------

Successfully completed.

Resource usage summary:

    CPU time :                                   2725.50 sec.
    Max Memory :                                 1314 MB
    Average Memory :                             938.25 MB
    Total Requested Memory :                     4000.00 MB
    Delta Memory :                               2686.00 MB
    Max Swap :                                   -
    Max Processes :                              19
    Max Threads :                                20
    Run time :                                   2770 sec.
    Turnaround time :                            4440 sec.

The output (if any) follows:



PS:

Read file <./bsub_log/274.err> for stderr output of this job.

