Sender: LSF System <lsfadmin@ccb211>
Subject: Job 52359494: <bash -c "basf2 etapip_gg_fit_v6_toymc_100.py 287 > /home/belle2/jaeyoung/storage_ghi/Ntuples_ghi_2/MC15ri_generic/MC15ri_etaetapip_tight_v2_240419_Kp_BCS_etapi0const/bsub_log//MC15ri_etapip_gg_fitv6_toyMC_100_287.log"> in cluster <centralcluster> Done

Job <bash -c "basf2 etapip_gg_fit_v6_toymc_100.py 287 > /home/belle2/jaeyoung/storage_ghi/Ntuples_ghi_2/MC15ri_generic/MC15ri_etaetapip_tight_v2_240419_Kp_BCS_etapi0const/bsub_log//MC15ri_etapip_gg_fitv6_toyMC_100_287.log"> was submitted from host <ccw02> by user <jaeyoung> in cluster <centralcluster> at Sat Jul 20 14:39:42 2024
Job was executed on host(s) <ccb211>, in queue <s>, as user <jaeyoung> in cluster <centralcluster> at Sat Jul 20 14:42:43 2024
</home/belle2/jaeyoung> was used as the home directory.
</home/belle2/jaeyoung/workspace/DRAW_and_FITTING/main/FITTING/etapip/MC15ri_generic/tight_v2_fit_v6/ToyMC> was used as the working directory.
Started at Sat Jul 20 14:42:43 2024
Terminated at Sat Jul 20 15:32:08 2024
Results reported at Sat Jul 20 15:32:08 2024

Your job looked like:

------------------------------------------------------------
# LSBATCH: User input
bash -c "basf2 etapip_gg_fit_v6_toymc_100.py 287 > /home/belle2/jaeyoung/storage_ghi/Ntuples_ghi_2/MC15ri_generic/MC15ri_etaetapip_tight_v2_240419_Kp_BCS_etapi0const/bsub_log//MC15ri_etapip_gg_fitv6_toyMC_100_287.log"
------------------------------------------------------------

Successfully completed.

Resource usage summary:

    CPU time :                                   2936.94 sec.
    Max Memory :                                 1314 MB
    Average Memory :                             961.11 MB
    Total Requested Memory :                     4000.00 MB
    Delta Memory :                               2686.00 MB
    Max Swap :                                   -
    Max Processes :                              19
    Max Threads :                                20
    Run time :                                   2965 sec.
    Turnaround time :                            3146 sec.

The output (if any) follows:



PS:

Read file <./bsub_log/287.err> for stderr output of this job.

Sender: LSF System <lsfadmin@ccb547>
Subject: Job 53030113: <bash -c "basf2 etapip_gg_fit_v6_toymc_100.py 287 > /home/belle2/jaeyoung/storage_ghi/Ntuples_ghi_2/MC15ri_generic/MC15ri_etaetapip_tight_v2_240419_Kp_BCS_etapi0const/bsub_log//MC15ri_etapip_gg_fitv6_toyMC_100_287.log"> in cluster <centralcluster> Done

Job <bash -c "basf2 etapip_gg_fit_v6_toymc_100.py 287 > /home/belle2/jaeyoung/storage_ghi/Ntuples_ghi_2/MC15ri_generic/MC15ri_etaetapip_tight_v2_240419_Kp_BCS_etapi0const/bsub_log//MC15ri_etapip_gg_fitv6_toyMC_100_287.log"> was submitted from host <ccw03> by user <jaeyoung> in cluster <centralcluster> at Sun Jul 21 17:31:05 2024
Job was executed on host(s) <ccb547>, in queue <s>, as user <jaeyoung> in cluster <centralcluster> at Sun Jul 21 17:31:39 2024
</home/belle2/jaeyoung> was used as the home directory.
</home/belle2/jaeyoung/workspace/DRAW_and_FITTING/main/FITTING/etapip/MC15ri_generic/tight_v2_fit_v6/ToyMC> was used as the working directory.
Started at Sun Jul 21 17:31:39 2024
Terminated at Sun Jul 21 18:19:17 2024
Results reported at Sun Jul 21 18:19:17 2024

Your job looked like:

------------------------------------------------------------
# LSBATCH: User input
bash -c "basf2 etapip_gg_fit_v6_toymc_100.py 287 > /home/belle2/jaeyoung/storage_ghi/Ntuples_ghi_2/MC15ri_generic/MC15ri_etaetapip_tight_v2_240419_Kp_BCS_etapi0const/bsub_log//MC15ri_etapip_gg_fitv6_toyMC_100_287.log"
------------------------------------------------------------

Successfully completed.

Resource usage summary:

    CPU time :                                   2814.97 sec.
    Max Memory :                                 1311 MB
    Average Memory :                             933.88 MB
    Total Requested Memory :                     4000.00 MB
    Delta Memory :                               2689.00 MB
    Max Swap :                                   -
    Max Processes :                              19
    Max Threads :                                20
    Run time :                                   2857 sec.
    Turnaround time :                            2892 sec.

The output (if any) follows:



PS:

Read file <./bsub_log/287.err> for stderr output of this job.

Sender: LSF System <lsfadmin@ccb172>
Subject: Job 53202610: <bash -c "basf2 etapip_gg_fit_v6_toymc_100.py 287 > /home/belle2/jaeyoung/storage_ghi/Ntuples_ghi_2/MC15ri_generic/MC15ri_etaetapip_tight_v2_240419_Kp_BCS_etapi0const/bsub_log//MC15ri_etapip_gg_fitv6_toyMC_100_287.log"> in cluster <centralcluster> Exited

Job <bash -c "basf2 etapip_gg_fit_v6_toymc_100.py 287 > /home/belle2/jaeyoung/storage_ghi/Ntuples_ghi_2/MC15ri_generic/MC15ri_etaetapip_tight_v2_240419_Kp_BCS_etapi0const/bsub_log//MC15ri_etapip_gg_fitv6_toyMC_100_287.log"> was submitted from host <ccw03> by user <jaeyoung> in cluster <centralcluster> at Mon Jul 22 00:50:09 2024
Job was executed on host(s) <ccb172>, in queue <s>, as user <jaeyoung> in cluster <centralcluster> at Mon Jul 22 00:51:02 2024
</home/belle2/jaeyoung> was used as the home directory.
</home/belle2/jaeyoung/workspace/DRAW_and_FITTING/main/FITTING/etapip/MC15ri_generic/tight_v2_fit_v6/ToyMC> was used as the working directory.
Started at Mon Jul 22 00:51:02 2024
Terminated at Mon Jul 22 01:07:36 2024
Results reported at Mon Jul 22 01:07:36 2024

Your job looked like:

------------------------------------------------------------
# LSBATCH: User input
bash -c "basf2 etapip_gg_fit_v6_toymc_100.py 287 > /home/belle2/jaeyoung/storage_ghi/Ntuples_ghi_2/MC15ri_generic/MC15ri_etaetapip_tight_v2_240419_Kp_BCS_etapi0const/bsub_log//MC15ri_etapip_gg_fitv6_toyMC_100_287.log"
------------------------------------------------------------

Exited with exit code 1.

Resource usage summary:

    CPU time :                                   988.47 sec.
    Max Memory :                                 1255 MB
    Average Memory :                             1178.20 MB
    Total Requested Memory :                     4000.00 MB
    Delta Memory :                               2745.00 MB
    Max Swap :                                   -
    Max Processes :                              19
    Max Threads :                                20
    Run time :                                   994 sec.
    Turnaround time :                            1047 sec.

The output (if any) follows:



PS:

Read file <./bsub_log/287.err> for stderr output of this job.

Sender: LSF System <lsfadmin@ccb065>
Subject: Job 53407020: <bash -c "basf2 etapip_gg_fit_v6_toymc_100.py 287 > /home/belle2/jaeyoung/storage_ghi/Ntuples_ghi_2/MC15ri_generic/MC15ri_etaetapip_tight_v2_240419_Kp_BCS_etapi0const/bsub_log//MC15ri_etapip_gg_fitv6_toyMC_100_287.log"> in cluster <centralcluster> Done

Job <bash -c "basf2 etapip_gg_fit_v6_toymc_100.py 287 > /home/belle2/jaeyoung/storage_ghi/Ntuples_ghi_2/MC15ri_generic/MC15ri_etaetapip_tight_v2_240419_Kp_BCS_etapi0const/bsub_log//MC15ri_etapip_gg_fitv6_toyMC_100_287.log"> was submitted from host <ccw06> by user <jaeyoung> in cluster <centralcluster> at Mon Jul 22 10:48:57 2024
Job was executed on host(s) <ccb065>, in queue <s>, as user <jaeyoung> in cluster <centralcluster> at Mon Jul 22 10:49:20 2024
</home/belle2/jaeyoung> was used as the home directory.
</home/belle2/jaeyoung/workspace/DRAW_and_FITTING/main/FITTING/etapip/MC15ri_generic/tight_v2_fit_v6/ToyMC> was used as the working directory.
Started at Mon Jul 22 10:49:20 2024
Terminated at Mon Jul 22 11:36:03 2024
Results reported at Mon Jul 22 11:36:03 2024

Your job looked like:

------------------------------------------------------------
# LSBATCH: User input
bash -c "basf2 etapip_gg_fit_v6_toymc_100.py 287 > /home/belle2/jaeyoung/storage_ghi/Ntuples_ghi_2/MC15ri_generic/MC15ri_etaetapip_tight_v2_240419_Kp_BCS_etapi0const/bsub_log//MC15ri_etapip_gg_fitv6_toyMC_100_287.log"
------------------------------------------------------------

Successfully completed.

Resource usage summary:

    CPU time :                                   2773.23 sec.
    Max Memory :                                 1311 MB
    Average Memory :                             936.43 MB
    Total Requested Memory :                     4000.00 MB
    Delta Memory :                               2689.00 MB
    Max Swap :                                   -
    Max Processes :                              19
    Max Threads :                                20
    Run time :                                   2802 sec.
    Turnaround time :                            2826 sec.

The output (if any) follows:



PS:

Read file <./bsub_log/287.err> for stderr output of this job.

Sender: LSF System <lsfadmin@ccb183>
Subject: Job 53599159: <bash -c "basf2 etapip_gg_fit_v6_toymc_100.py 287 > /home/belle2/jaeyoung/storage_ghi/Ntuples_ghi_2/MC15ri_generic/MC15ri_etaetapip_tight_v2_240419_Kp_BCS_etapi0const/bsub_log//MC15ri_etapip_gg_fitv6_toyMC_100_287.log"> in cluster <centralcluster> Done

Job <bash -c "basf2 etapip_gg_fit_v6_toymc_100.py 287 > /home/belle2/jaeyoung/storage_ghi/Ntuples_ghi_2/MC15ri_generic/MC15ri_etaetapip_tight_v2_240419_Kp_BCS_etapi0const/bsub_log//MC15ri_etapip_gg_fitv6_toyMC_100_287.log"> was submitted from host <ccw03> by user <jaeyoung> in cluster <centralcluster> at Mon Jul 22 18:35:07 2024
Job was executed on host(s) <ccb183>, in queue <s>, as user <jaeyoung> in cluster <centralcluster> at Mon Jul 22 18:36:37 2024
</home/belle2/jaeyoung> was used as the home directory.
</home/belle2/jaeyoung/workspace/DRAW_and_FITTING/main/FITTING/etapip/MC15ri_generic/tight_v2_fit_v6/ToyMC> was used as the working directory.
Started at Mon Jul 22 18:36:37 2024
Terminated at Mon Jul 22 19:22:10 2024
Results reported at Mon Jul 22 19:22:10 2024

Your job looked like:

------------------------------------------------------------
# LSBATCH: User input
bash -c "basf2 etapip_gg_fit_v6_toymc_100.py 287 > /home/belle2/jaeyoung/storage_ghi/Ntuples_ghi_2/MC15ri_generic/MC15ri_etaetapip_tight_v2_240419_Kp_BCS_etapi0const/bsub_log//MC15ri_etapip_gg_fitv6_toyMC_100_287.log"
------------------------------------------------------------

Successfully completed.

Resource usage summary:

    CPU time :                                   2724.28 sec.
    Max Memory :                                 1369 MB
    Average Memory :                             1003.79 MB
    Total Requested Memory :                     4000.00 MB
    Delta Memory :                               2631.00 MB
    Max Swap :                                   -
    Max Processes :                              19
    Max Threads :                                20
    Run time :                                   2733 sec.
    Turnaround time :                            2823 sec.

The output (if any) follows:



PS:

Read file <./bsub_log/287.err> for stderr output of this job.

Sender: LSF System <lsfadmin@ccb114>
Subject: Job 53832373: <bash -c "basf2 etapip_gg_fit_v6_toymc_100.py 287 > /home/belle2/jaeyoung/storage_ghi/Ntuples_ghi_2/MC15ri_generic/MC15ri_etaetapip_tight_v2_240419_Kp_BCS_etapi0const/bsub_log//MC15ri_etapip_gg_fitv6_toyMC_100_287.log"> in cluster <centralcluster> Done

Job <bash -c "basf2 etapip_gg_fit_v6_toymc_100.py 287 > /home/belle2/jaeyoung/storage_ghi/Ntuples_ghi_2/MC15ri_generic/MC15ri_etaetapip_tight_v2_240419_Kp_BCS_etapi0const/bsub_log//MC15ri_etapip_gg_fitv6_toyMC_100_287.log"> was submitted from host <ccw05> by user <jaeyoung> in cluster <centralcluster> at Tue Jul 23 00:49:58 2024
Job was executed on host(s) <ccb114>, in queue <s>, as user <jaeyoung> in cluster <centralcluster> at Tue Jul 23 00:50:17 2024
</home/belle2/jaeyoung> was used as the home directory.
</home/belle2/jaeyoung/workspace/DRAW_and_FITTING/main/FITTING/etapip/MC15ri_generic/tight_v2_fit_v6/ToyMC> was used as the working directory.
Started at Tue Jul 23 00:50:17 2024
Terminated at Tue Jul 23 01:37:45 2024
Results reported at Tue Jul 23 01:37:45 2024

Your job looked like:

------------------------------------------------------------
# LSBATCH: User input
bash -c "basf2 etapip_gg_fit_v6_toymc_100.py 287 > /home/belle2/jaeyoung/storage_ghi/Ntuples_ghi_2/MC15ri_generic/MC15ri_etaetapip_tight_v2_240419_Kp_BCS_etapi0const/bsub_log//MC15ri_etapip_gg_fitv6_toyMC_100_287.log"
------------------------------------------------------------

Successfully completed.

Resource usage summary:

    CPU time :                                   2788.43 sec.
    Max Memory :                                 1311 MB
    Average Memory :                             944.86 MB
    Total Requested Memory :                     4000.00 MB
    Delta Memory :                               2689.00 MB
    Max Swap :                                   -
    Max Processes :                              19
    Max Threads :                                20
    Run time :                                   2848 sec.
    Turnaround time :                            2867 sec.

The output (if any) follows:



PS:

Read file <./bsub_log/287.err> for stderr output of this job.

Sender: LSF System <lsfadmin@ccb216>
Subject: Job 54397902: <bash -c "basf2 etapip_gg_fit_v6_toymc_100.py 287 > /home/belle2/jaeyoung/storage_ghi/Ntuples_ghi_2/MC15ri_generic/MC15ri_etaetapip_tight_v2_240419_Kp_BCS_etapi0const/bsub_log//MC15ri_etapip_gg_fitv6_toyMC_100_287.log"> in cluster <centralcluster> Done

Job <bash -c "basf2 etapip_gg_fit_v6_toymc_100.py 287 > /home/belle2/jaeyoung/storage_ghi/Ntuples_ghi_2/MC15ri_generic/MC15ri_etaetapip_tight_v2_240419_Kp_BCS_etapi0const/bsub_log//MC15ri_etapip_gg_fitv6_toyMC_100_287.log"> was submitted from host <ccw04> by user <jaeyoung> in cluster <centralcluster> at Tue Jul 23 17:59:15 2024
Job was executed on host(s) <ccb216>, in queue <s>, as user <jaeyoung> in cluster <centralcluster> at Tue Jul 23 18:27:14 2024
</home/belle2/jaeyoung> was used as the home directory.
</home/belle2/jaeyoung/workspace/DRAW_and_FITTING/main/FITTING/etapip/MC15ri_generic/tight_v2_fit_v6/ToyMC> was used as the working directory.
Started at Tue Jul 23 18:27:14 2024
Terminated at Tue Jul 23 19:15:18 2024
Results reported at Tue Jul 23 19:15:18 2024

Your job looked like:

------------------------------------------------------------
# LSBATCH: User input
bash -c "basf2 etapip_gg_fit_v6_toymc_100.py 287 > /home/belle2/jaeyoung/storage_ghi/Ntuples_ghi_2/MC15ri_generic/MC15ri_etaetapip_tight_v2_240419_Kp_BCS_etapi0const/bsub_log//MC15ri_etapip_gg_fitv6_toyMC_100_287.log"
------------------------------------------------------------

Successfully completed.

Resource usage summary:

    CPU time :                                   2857.12 sec.
    Max Memory :                                 1313 MB
    Average Memory :                             951.48 MB
    Total Requested Memory :                     4000.00 MB
    Delta Memory :                               2687.00 MB
    Max Swap :                                   -
    Max Processes :                              19
    Max Threads :                                20
    Run time :                                   2885 sec.
    Turnaround time :                            4563 sec.

The output (if any) follows:



PS:

Read file <./bsub_log/287.err> for stderr output of this job.

