Sender: LSF System <lsfadmin@ccb150>
Subject: Job 52359501: <bash -c "basf2 etapip_gg_fit_v6_toymc_100.py 294 > /home/belle2/jaeyoung/storage_ghi/Ntuples_ghi_2/MC15ri_generic/MC15ri_etaetapip_tight_v2_240419_Kp_BCS_etapi0const/bsub_log//MC15ri_etapip_gg_fitv6_toyMC_100_294.log"> in cluster <centralcluster> Done

Job <bash -c "basf2 etapip_gg_fit_v6_toymc_100.py 294 > /home/belle2/jaeyoung/storage_ghi/Ntuples_ghi_2/MC15ri_generic/MC15ri_etaetapip_tight_v2_240419_Kp_BCS_etapi0const/bsub_log//MC15ri_etapip_gg_fitv6_toyMC_100_294.log"> was submitted from host <ccw02> by user <jaeyoung> in cluster <centralcluster> at Sat Jul 20 14:39:45 2024
Job was executed on host(s) <ccb150>, in queue <s>, as user <jaeyoung> in cluster <centralcluster> at Sat Jul 20 14:42:50 2024
</home/belle2/jaeyoung> was used as the home directory.
</home/belle2/jaeyoung/workspace/DRAW_and_FITTING/main/FITTING/etapip/MC15ri_generic/tight_v2_fit_v6/ToyMC> was used as the working directory.
Started at Sat Jul 20 14:42:50 2024
Terminated at Sat Jul 20 15:31:59 2024
Results reported at Sat Jul 20 15:31:59 2024

Your job looked like:

------------------------------------------------------------
# LSBATCH: User input
bash -c "basf2 etapip_gg_fit_v6_toymc_100.py 294 > /home/belle2/jaeyoung/storage_ghi/Ntuples_ghi_2/MC15ri_generic/MC15ri_etaetapip_tight_v2_240419_Kp_BCS_etapi0const/bsub_log//MC15ri_etapip_gg_fitv6_toyMC_100_294.log"
------------------------------------------------------------

Successfully completed.

Resource usage summary:

    CPU time :                                   2924.75 sec.
    Max Memory :                                 1328 MB
    Average Memory :                             952.97 MB
    Total Requested Memory :                     4000.00 MB
    Delta Memory :                               2672.00 MB
    Max Swap :                                   -
    Max Processes :                              19
    Max Threads :                                20
    Run time :                                   2951 sec.
    Turnaround time :                            3134 sec.

The output (if any) follows:



PS:

Read file <./bsub_log/294.err> for stderr output of this job.

Sender: LSF System <lsfadmin@ccb190>
Subject: Job 53030140: <bash -c "basf2 etapip_gg_fit_v6_toymc_100.py 294 > /home/belle2/jaeyoung/storage_ghi/Ntuples_ghi_2/MC15ri_generic/MC15ri_etaetapip_tight_v2_240419_Kp_BCS_etapi0const/bsub_log//MC15ri_etapip_gg_fitv6_toyMC_100_294.log"> in cluster <centralcluster> Done

Job <bash -c "basf2 etapip_gg_fit_v6_toymc_100.py 294 > /home/belle2/jaeyoung/storage_ghi/Ntuples_ghi_2/MC15ri_generic/MC15ri_etaetapip_tight_v2_240419_Kp_BCS_etapi0const/bsub_log//MC15ri_etapip_gg_fitv6_toyMC_100_294.log"> was submitted from host <ccw03> by user <jaeyoung> in cluster <centralcluster> at Sun Jul 21 17:31:07 2024
Job was executed on host(s) <ccb190>, in queue <s>, as user <jaeyoung> in cluster <centralcluster> at Sun Jul 21 17:31:41 2024
</home/belle2/jaeyoung> was used as the home directory.
</home/belle2/jaeyoung/workspace/DRAW_and_FITTING/main/FITTING/etapip/MC15ri_generic/tight_v2_fit_v6/ToyMC> was used as the working directory.
Started at Sun Jul 21 17:31:41 2024
Terminated at Sun Jul 21 18:21:35 2024
Results reported at Sun Jul 21 18:21:35 2024

Your job looked like:

------------------------------------------------------------
# LSBATCH: User input
bash -c "basf2 etapip_gg_fit_v6_toymc_100.py 294 > /home/belle2/jaeyoung/storage_ghi/Ntuples_ghi_2/MC15ri_generic/MC15ri_etaetapip_tight_v2_240419_Kp_BCS_etapi0const/bsub_log//MC15ri_etapip_gg_fitv6_toyMC_100_294.log"
------------------------------------------------------------

Successfully completed.

Resource usage summary:

    CPU time :                                   2979.17 sec.
    Max Memory :                                 1311 MB
    Average Memory :                             924.53 MB
    Total Requested Memory :                     4000.00 MB
    Delta Memory :                               2689.00 MB
    Max Swap :                                   -
    Max Processes :                              19
    Max Threads :                                20
    Run time :                                   2994 sec.
    Turnaround time :                            3028 sec.

The output (if any) follows:



PS:

Read file <./bsub_log/294.err> for stderr output of this job.

Sender: LSF System <lsfadmin@ccb033>
Subject: Job 53202632: <bash -c "basf2 etapip_gg_fit_v6_toymc_100.py 294 > /home/belle2/jaeyoung/storage_ghi/Ntuples_ghi_2/MC15ri_generic/MC15ri_etaetapip_tight_v2_240419_Kp_BCS_etapi0const/bsub_log//MC15ri_etapip_gg_fitv6_toyMC_100_294.log"> in cluster <centralcluster> Exited

Job <bash -c "basf2 etapip_gg_fit_v6_toymc_100.py 294 > /home/belle2/jaeyoung/storage_ghi/Ntuples_ghi_2/MC15ri_generic/MC15ri_etaetapip_tight_v2_240419_Kp_BCS_etapi0const/bsub_log//MC15ri_etapip_gg_fitv6_toyMC_100_294.log"> was submitted from host <ccw03> by user <jaeyoung> in cluster <centralcluster> at Mon Jul 22 00:50:12 2024
Job was executed on host(s) <ccb033>, in queue <s>, as user <jaeyoung> in cluster <centralcluster> at Mon Jul 22 00:51:06 2024
</home/belle2/jaeyoung> was used as the home directory.
</home/belle2/jaeyoung/workspace/DRAW_and_FITTING/main/FITTING/etapip/MC15ri_generic/tight_v2_fit_v6/ToyMC> was used as the working directory.
Started at Mon Jul 22 00:51:06 2024
Terminated at Mon Jul 22 01:07:12 2024
Results reported at Mon Jul 22 01:07:12 2024

Your job looked like:

------------------------------------------------------------
# LSBATCH: User input
bash -c "basf2 etapip_gg_fit_v6_toymc_100.py 294 > /home/belle2/jaeyoung/storage_ghi/Ntuples_ghi_2/MC15ri_generic/MC15ri_etaetapip_tight_v2_240419_Kp_BCS_etapi0const/bsub_log//MC15ri_etapip_gg_fitv6_toyMC_100_294.log"
------------------------------------------------------------

Exited with exit code 1.

Resource usage summary:

    CPU time :                                   963.34 sec.
    Max Memory :                                 1253 MB
    Average Memory :                             1159.73 MB
    Total Requested Memory :                     4000.00 MB
    Delta Memory :                               2747.00 MB
    Max Swap :                                   -
    Max Processes :                              19
    Max Threads :                                20
    Run time :                                   967 sec.
    Turnaround time :                            1020 sec.

The output (if any) follows:



PS:

Read file <./bsub_log/294.err> for stderr output of this job.

Sender: LSF System <lsfadmin@ccb046>
Subject: Job 53407034: <bash -c "basf2 etapip_gg_fit_v6_toymc_100.py 294 > /home/belle2/jaeyoung/storage_ghi/Ntuples_ghi_2/MC15ri_generic/MC15ri_etaetapip_tight_v2_240419_Kp_BCS_etapi0const/bsub_log//MC15ri_etapip_gg_fitv6_toyMC_100_294.log"> in cluster <centralcluster> Done

Job <bash -c "basf2 etapip_gg_fit_v6_toymc_100.py 294 > /home/belle2/jaeyoung/storage_ghi/Ntuples_ghi_2/MC15ri_generic/MC15ri_etaetapip_tight_v2_240419_Kp_BCS_etapi0const/bsub_log//MC15ri_etapip_gg_fitv6_toyMC_100_294.log"> was submitted from host <ccw06> by user <jaeyoung> in cluster <centralcluster> at Mon Jul 22 10:48:59 2024
Job was executed on host(s) <ccb046>, in queue <s>, as user <jaeyoung> in cluster <centralcluster> at Mon Jul 22 10:49:23 2024
</home/belle2/jaeyoung> was used as the home directory.
</home/belle2/jaeyoung/workspace/DRAW_and_FITTING/main/FITTING/etapip/MC15ri_generic/tight_v2_fit_v6/ToyMC> was used as the working directory.
Started at Mon Jul 22 10:49:23 2024
Terminated at Mon Jul 22 11:37:22 2024
Results reported at Mon Jul 22 11:37:22 2024

Your job looked like:

------------------------------------------------------------
# LSBATCH: User input
bash -c "basf2 etapip_gg_fit_v6_toymc_100.py 294 > /home/belle2/jaeyoung/storage_ghi/Ntuples_ghi_2/MC15ri_generic/MC15ri_etaetapip_tight_v2_240419_Kp_BCS_etapi0const/bsub_log//MC15ri_etapip_gg_fitv6_toyMC_100_294.log"
------------------------------------------------------------

Successfully completed.

Resource usage summary:

    CPU time :                                   2845.48 sec.
    Max Memory :                                 1311 MB
    Average Memory :                             934.75 MB
    Total Requested Memory :                     4000.00 MB
    Delta Memory :                               2689.00 MB
    Max Swap :                                   -
    Max Processes :                              19
    Max Threads :                                20
    Run time :                                   2879 sec.
    Turnaround time :                            2903 sec.

The output (if any) follows:



PS:

Read file <./bsub_log/294.err> for stderr output of this job.

Sender: LSF System <lsfadmin@ccb026>
Subject: Job 53599183: <bash -c "basf2 etapip_gg_fit_v6_toymc_100.py 294 > /home/belle2/jaeyoung/storage_ghi/Ntuples_ghi_2/MC15ri_generic/MC15ri_etaetapip_tight_v2_240419_Kp_BCS_etapi0const/bsub_log//MC15ri_etapip_gg_fitv6_toyMC_100_294.log"> in cluster <centralcluster> Done

Job <bash -c "basf2 etapip_gg_fit_v6_toymc_100.py 294 > /home/belle2/jaeyoung/storage_ghi/Ntuples_ghi_2/MC15ri_generic/MC15ri_etaetapip_tight_v2_240419_Kp_BCS_etapi0const/bsub_log//MC15ri_etapip_gg_fitv6_toyMC_100_294.log"> was submitted from host <ccw03> by user <jaeyoung> in cluster <centralcluster> at Mon Jul 22 18:35:10 2024
Job was executed on host(s) <ccb026>, in queue <s>, as user <jaeyoung> in cluster <centralcluster> at Mon Jul 22 18:36:44 2024
</home/belle2/jaeyoung> was used as the home directory.
</home/belle2/jaeyoung/workspace/DRAW_and_FITTING/main/FITTING/etapip/MC15ri_generic/tight_v2_fit_v6/ToyMC> was used as the working directory.
Started at Mon Jul 22 18:36:44 2024
Terminated at Mon Jul 22 19:24:23 2024
Results reported at Mon Jul 22 19:24:23 2024

Your job looked like:

------------------------------------------------------------
# LSBATCH: User input
bash -c "basf2 etapip_gg_fit_v6_toymc_100.py 294 > /home/belle2/jaeyoung/storage_ghi/Ntuples_ghi_2/MC15ri_generic/MC15ri_etaetapip_tight_v2_240419_Kp_BCS_etapi0const/bsub_log//MC15ri_etapip_gg_fitv6_toyMC_100_294.log"
------------------------------------------------------------

Successfully completed.

Resource usage summary:

    CPU time :                                   2848.27 sec.
    Max Memory :                                 1318 MB
    Average Memory :                             955.20 MB
    Total Requested Memory :                     4000.00 MB
    Delta Memory :                               2682.00 MB
    Max Swap :                                   -
    Max Processes :                              19
    Max Threads :                                20
    Run time :                                   2859 sec.
    Turnaround time :                            2953 sec.

The output (if any) follows:



PS:

Read file <./bsub_log/294.err> for stderr output of this job.

Sender: LSF System <lsfadmin@ccb257>
Subject: Job 53832404: <bash -c "basf2 etapip_gg_fit_v6_toymc_100.py 294 > /home/belle2/jaeyoung/storage_ghi/Ntuples_ghi_2/MC15ri_generic/MC15ri_etaetapip_tight_v2_240419_Kp_BCS_etapi0const/bsub_log//MC15ri_etapip_gg_fitv6_toyMC_100_294.log"> in cluster <centralcluster> Done

Job <bash -c "basf2 etapip_gg_fit_v6_toymc_100.py 294 > /home/belle2/jaeyoung/storage_ghi/Ntuples_ghi_2/MC15ri_generic/MC15ri_etaetapip_tight_v2_240419_Kp_BCS_etapi0const/bsub_log//MC15ri_etapip_gg_fitv6_toyMC_100_294.log"> was submitted from host <ccw05> by user <jaeyoung> in cluster <centralcluster> at Tue Jul 23 00:50:01 2024
Job was executed on host(s) <ccb257>, in queue <s>, as user <jaeyoung> in cluster <centralcluster> at Tue Jul 23 00:50:19 2024
</home/belle2/jaeyoung> was used as the home directory.
</home/belle2/jaeyoung/workspace/DRAW_and_FITTING/main/FITTING/etapip/MC15ri_generic/tight_v2_fit_v6/ToyMC> was used as the working directory.
Started at Tue Jul 23 00:50:19 2024
Terminated at Tue Jul 23 01:38:33 2024
Results reported at Tue Jul 23 01:38:33 2024

Your job looked like:

------------------------------------------------------------
# LSBATCH: User input
bash -c "basf2 etapip_gg_fit_v6_toymc_100.py 294 > /home/belle2/jaeyoung/storage_ghi/Ntuples_ghi_2/MC15ri_generic/MC15ri_etaetapip_tight_v2_240419_Kp_BCS_etapi0const/bsub_log//MC15ri_etapip_gg_fitv6_toyMC_100_294.log"
------------------------------------------------------------

Successfully completed.

Resource usage summary:

    CPU time :                                   2879.21 sec.
    Max Memory :                                 1313 MB
    Average Memory :                             983.61 MB
    Total Requested Memory :                     4000.00 MB
    Delta Memory :                               2687.00 MB
    Max Swap :                                   -
    Max Processes :                              19
    Max Threads :                                20
    Run time :                                   2894 sec.
    Turnaround time :                            2912 sec.

The output (if any) follows:



PS:

Read file <./bsub_log/294.err> for stderr output of this job.

Sender: LSF System <lsfadmin@ccb267>
Subject: Job 54397939: <bash -c "basf2 etapip_gg_fit_v6_toymc_100.py 294 > /home/belle2/jaeyoung/storage_ghi/Ntuples_ghi_2/MC15ri_generic/MC15ri_etaetapip_tight_v2_240419_Kp_BCS_etapi0const/bsub_log//MC15ri_etapip_gg_fitv6_toyMC_100_294.log"> in cluster <centralcluster> Done

Job <bash -c "basf2 etapip_gg_fit_v6_toymc_100.py 294 > /home/belle2/jaeyoung/storage_ghi/Ntuples_ghi_2/MC15ri_generic/MC15ri_etaetapip_tight_v2_240419_Kp_BCS_etapi0const/bsub_log//MC15ri_etapip_gg_fitv6_toyMC_100_294.log"> was submitted from host <ccw04> by user <jaeyoung> in cluster <centralcluster> at Tue Jul 23 17:59:17 2024
Job was executed on host(s) <ccb267>, in queue <s>, as user <jaeyoung> in cluster <centralcluster> at Tue Jul 23 18:27:18 2024
</home/belle2/jaeyoung> was used as the home directory.
</home/belle2/jaeyoung/workspace/DRAW_and_FITTING/main/FITTING/etapip/MC15ri_generic/tight_v2_fit_v6/ToyMC> was used as the working directory.
Started at Tue Jul 23 18:27:18 2024
Terminated at Tue Jul 23 19:16:38 2024
Results reported at Tue Jul 23 19:16:38 2024

Your job looked like:

------------------------------------------------------------
# LSBATCH: User input
bash -c "basf2 etapip_gg_fit_v6_toymc_100.py 294 > /home/belle2/jaeyoung/storage_ghi/Ntuples_ghi_2/MC15ri_generic/MC15ri_etaetapip_tight_v2_240419_Kp_BCS_etapi0const/bsub_log//MC15ri_etapip_gg_fitv6_toyMC_100_294.log"
------------------------------------------------------------

Successfully completed.

Resource usage summary:

    CPU time :                                   2946.26 sec.
    Max Memory :                                 1313 MB
    Average Memory :                             942.00 MB
    Total Requested Memory :                     4000.00 MB
    Delta Memory :                               2687.00 MB
    Max Swap :                                   -
    Max Processes :                              19
    Max Threads :                                20
    Run time :                                   2961 sec.
    Turnaround time :                            4641 sec.

The output (if any) follows:



PS:

Read file <./bsub_log/294.err> for stderr output of this job.

