Sender: LSF System <lsfadmin@ccb569>
Subject: Job 52359502: <bash -c "basf2 etapip_gg_fit_v6_toymc_100.py 295 > /home/belle2/jaeyoung/storage_ghi/Ntuples_ghi_2/MC15ri_generic/MC15ri_etaetapip_tight_v2_240419_Kp_BCS_etapi0const/bsub_log//MC15ri_etapip_gg_fitv6_toyMC_100_295.log"> in cluster <centralcluster> Done

Job <bash -c "basf2 etapip_gg_fit_v6_toymc_100.py 295 > /home/belle2/jaeyoung/storage_ghi/Ntuples_ghi_2/MC15ri_generic/MC15ri_etaetapip_tight_v2_240419_Kp_BCS_etapi0const/bsub_log//MC15ri_etapip_gg_fitv6_toyMC_100_295.log"> was submitted from host <ccw02> by user <jaeyoung> in cluster <centralcluster> at Sat Jul 20 14:39:45 2024
Job was executed on host(s) <ccb569>, in queue <s>, as user <jaeyoung> in cluster <centralcluster> at Sat Jul 20 14:42:50 2024
</home/belle2/jaeyoung> was used as the home directory.
</home/belle2/jaeyoung/workspace/DRAW_and_FITTING/main/FITTING/etapip/MC15ri_generic/tight_v2_fit_v6/ToyMC> was used as the working directory.
Started at Sat Jul 20 14:42:50 2024
Terminated at Sat Jul 20 15:31:02 2024
Results reported at Sat Jul 20 15:31:02 2024

Your job looked like:

------------------------------------------------------------
# LSBATCH: User input
bash -c "basf2 etapip_gg_fit_v6_toymc_100.py 295 > /home/belle2/jaeyoung/storage_ghi/Ntuples_ghi_2/MC15ri_generic/MC15ri_etaetapip_tight_v2_240419_Kp_BCS_etapi0const/bsub_log//MC15ri_etapip_gg_fitv6_toyMC_100_295.log"
------------------------------------------------------------

Successfully completed.

Resource usage summary:

    CPU time :                                   2842.76 sec.
    Max Memory :                                 1311 MB
    Average Memory :                             942.46 MB
    Total Requested Memory :                     4000.00 MB
    Delta Memory :                               2689.00 MB
    Max Swap :                                   -
    Max Processes :                              19
    Max Threads :                                20
    Run time :                                   2893 sec.
    Turnaround time :                            3077 sec.

The output (if any) follows:



PS:

Read file <./bsub_log/295.err> for stderr output of this job.

Sender: LSF System <lsfadmin@ccb082>
Subject: Job 53030143: <bash -c "basf2 etapip_gg_fit_v6_toymc_100.py 295 > /home/belle2/jaeyoung/storage_ghi/Ntuples_ghi_2/MC15ri_generic/MC15ri_etaetapip_tight_v2_240419_Kp_BCS_etapi0const/bsub_log//MC15ri_etapip_gg_fitv6_toyMC_100_295.log"> in cluster <centralcluster> Done

Job <bash -c "basf2 etapip_gg_fit_v6_toymc_100.py 295 > /home/belle2/jaeyoung/storage_ghi/Ntuples_ghi_2/MC15ri_generic/MC15ri_etaetapip_tight_v2_240419_Kp_BCS_etapi0const/bsub_log//MC15ri_etapip_gg_fitv6_toyMC_100_295.log"> was submitted from host <ccw03> by user <jaeyoung> in cluster <centralcluster> at Sun Jul 21 17:31:08 2024
Job was executed on host(s) <ccb082>, in queue <s>, as user <jaeyoung> in cluster <centralcluster> at Sun Jul 21 17:31:41 2024
</home/belle2/jaeyoung> was used as the home directory.
</home/belle2/jaeyoung/workspace/DRAW_and_FITTING/main/FITTING/etapip/MC15ri_generic/tight_v2_fit_v6/ToyMC> was used as the working directory.
Started at Sun Jul 21 17:31:41 2024
Terminated at Sun Jul 21 18:20:56 2024
Results reported at Sun Jul 21 18:20:56 2024

Your job looked like:

------------------------------------------------------------
# LSBATCH: User input
bash -c "basf2 etapip_gg_fit_v6_toymc_100.py 295 > /home/belle2/jaeyoung/storage_ghi/Ntuples_ghi_2/MC15ri_generic/MC15ri_etaetapip_tight_v2_240419_Kp_BCS_etapi0const/bsub_log//MC15ri_etapip_gg_fitv6_toyMC_100_295.log"
------------------------------------------------------------

Successfully completed.

Resource usage summary:

    CPU time :                                   2905.82 sec.
    Max Memory :                                 1315 MB
    Average Memory :                             944.76 MB
    Total Requested Memory :                     4000.00 MB
    Delta Memory :                               2685.00 MB
    Max Swap :                                   -
    Max Processes :                              19
    Max Threads :                                20
    Run time :                                   2954 sec.
    Turnaround time :                            2988 sec.

The output (if any) follows:



PS:

Read file <./bsub_log/295.err> for stderr output of this job.

Sender: LSF System <lsfadmin@ccb204>
Subject: Job 53202635: <bash -c "basf2 etapip_gg_fit_v6_toymc_100.py 295 > /home/belle2/jaeyoung/storage_ghi/Ntuples_ghi_2/MC15ri_generic/MC15ri_etaetapip_tight_v2_240419_Kp_BCS_etapi0const/bsub_log//MC15ri_etapip_gg_fitv6_toyMC_100_295.log"> in cluster <centralcluster> Exited

Job <bash -c "basf2 etapip_gg_fit_v6_toymc_100.py 295 > /home/belle2/jaeyoung/storage_ghi/Ntuples_ghi_2/MC15ri_generic/MC15ri_etaetapip_tight_v2_240419_Kp_BCS_etapi0const/bsub_log//MC15ri_etapip_gg_fitv6_toyMC_100_295.log"> was submitted from host <ccw03> by user <jaeyoung> in cluster <centralcluster> at Mon Jul 22 00:50:12 2024
Job was executed on host(s) <ccb204>, in queue <s>, as user <jaeyoung> in cluster <centralcluster> at Mon Jul 22 00:51:06 2024
</home/belle2/jaeyoung> was used as the home directory.
</home/belle2/jaeyoung/workspace/DRAW_and_FITTING/main/FITTING/etapip/MC15ri_generic/tight_v2_fit_v6/ToyMC> was used as the working directory.
Started at Mon Jul 22 00:51:06 2024
Terminated at Mon Jul 22 01:07:32 2024
Results reported at Mon Jul 22 01:07:32 2024

Your job looked like:

------------------------------------------------------------
# LSBATCH: User input
bash -c "basf2 etapip_gg_fit_v6_toymc_100.py 295 > /home/belle2/jaeyoung/storage_ghi/Ntuples_ghi_2/MC15ri_generic/MC15ri_etaetapip_tight_v2_240419_Kp_BCS_etapi0const/bsub_log//MC15ri_etapip_gg_fitv6_toyMC_100_295.log"
------------------------------------------------------------

Exited with exit code 1.

Resource usage summary:

    CPU time :                                   981.38 sec.
    Max Memory :                                 1258 MB
    Average Memory :                             1169.85 MB
    Total Requested Memory :                     4000.00 MB
    Delta Memory :                               2742.00 MB
    Max Swap :                                   -
    Max Processes :                              19
    Max Threads :                                20
    Run time :                                   986 sec.
    Turnaround time :                            1040 sec.

The output (if any) follows:



PS:

Read file <./bsub_log/295.err> for stderr output of this job.

Sender: LSF System <lsfadmin@ccb096>
Subject: Job 53407037: <bash -c "basf2 etapip_gg_fit_v6_toymc_100.py 295 > /home/belle2/jaeyoung/storage_ghi/Ntuples_ghi_2/MC15ri_generic/MC15ri_etaetapip_tight_v2_240419_Kp_BCS_etapi0const/bsub_log//MC15ri_etapip_gg_fitv6_toyMC_100_295.log"> in cluster <centralcluster> Done

Job <bash -c "basf2 etapip_gg_fit_v6_toymc_100.py 295 > /home/belle2/jaeyoung/storage_ghi/Ntuples_ghi_2/MC15ri_generic/MC15ri_etaetapip_tight_v2_240419_Kp_BCS_etapi0const/bsub_log//MC15ri_etapip_gg_fitv6_toyMC_100_295.log"> was submitted from host <ccw06> by user <jaeyoung> in cluster <centralcluster> at Mon Jul 22 10:48:59 2024
Job was executed on host(s) <ccb096>, in queue <s>, as user <jaeyoung> in cluster <centralcluster> at Mon Jul 22 10:49:24 2024
</home/belle2/jaeyoung> was used as the home directory.
</home/belle2/jaeyoung/workspace/DRAW_and_FITTING/main/FITTING/etapip/MC15ri_generic/tight_v2_fit_v6/ToyMC> was used as the working directory.
Started at Mon Jul 22 10:49:24 2024
Terminated at Mon Jul 22 11:36:00 2024
Results reported at Mon Jul 22 11:36:00 2024

Your job looked like:

------------------------------------------------------------
# LSBATCH: User input
bash -c "basf2 etapip_gg_fit_v6_toymc_100.py 295 > /home/belle2/jaeyoung/storage_ghi/Ntuples_ghi_2/MC15ri_generic/MC15ri_etaetapip_tight_v2_240419_Kp_BCS_etapi0const/bsub_log//MC15ri_etapip_gg_fitv6_toyMC_100_295.log"
------------------------------------------------------------

Successfully completed.

Resource usage summary:

    CPU time :                                   2754.83 sec.
    Max Memory :                                 1348 MB
    Average Memory :                             964.70 MB
    Total Requested Memory :                     4000.00 MB
    Delta Memory :                               2652.00 MB
    Max Swap :                                   -
    Max Processes :                              19
    Max Threads :                                20
    Run time :                                   2797 sec.
    Turnaround time :                            2821 sec.

The output (if any) follows:



PS:

Read file <./bsub_log/295.err> for stderr output of this job.

Sender: LSF System <lsfadmin@ccb062>
Subject: Job 53599187: <bash -c "basf2 etapip_gg_fit_v6_toymc_100.py 295 > /home/belle2/jaeyoung/storage_ghi/Ntuples_ghi_2/MC15ri_generic/MC15ri_etaetapip_tight_v2_240419_Kp_BCS_etapi0const/bsub_log//MC15ri_etapip_gg_fitv6_toyMC_100_295.log"> in cluster <centralcluster> Done

Job <bash -c "basf2 etapip_gg_fit_v6_toymc_100.py 295 > /home/belle2/jaeyoung/storage_ghi/Ntuples_ghi_2/MC15ri_generic/MC15ri_etaetapip_tight_v2_240419_Kp_BCS_etapi0const/bsub_log//MC15ri_etapip_gg_fitv6_toyMC_100_295.log"> was submitted from host <ccw03> by user <jaeyoung> in cluster <centralcluster> at Mon Jul 22 18:35:10 2024
Job was executed on host(s) <ccb062>, in queue <s>, as user <jaeyoung> in cluster <centralcluster> at Mon Jul 22 18:36:44 2024
</home/belle2/jaeyoung> was used as the home directory.
</home/belle2/jaeyoung/workspace/DRAW_and_FITTING/main/FITTING/etapip/MC15ri_generic/tight_v2_fit_v6/ToyMC> was used as the working directory.
Started at Mon Jul 22 18:36:44 2024
Terminated at Mon Jul 22 19:21:19 2024
Results reported at Mon Jul 22 19:21:19 2024

Your job looked like:

------------------------------------------------------------
# LSBATCH: User input
bash -c "basf2 etapip_gg_fit_v6_toymc_100.py 295 > /home/belle2/jaeyoung/storage_ghi/Ntuples_ghi_2/MC15ri_generic/MC15ri_etaetapip_tight_v2_240419_Kp_BCS_etapi0const/bsub_log//MC15ri_etapip_gg_fitv6_toyMC_100_295.log"
------------------------------------------------------------

Successfully completed.

Resource usage summary:

    CPU time :                                   2666.39 sec.
    Max Memory :                                 1371 MB
    Average Memory :                             1043.14 MB
    Total Requested Memory :                     4000.00 MB
    Delta Memory :                               2629.00 MB
    Max Swap :                                   2 MB
    Max Processes :                              19
    Max Threads :                                20
    Run time :                                   2674 sec.
    Turnaround time :                            2769 sec.

The output (if any) follows:



PS:

Read file <./bsub_log/295.err> for stderr output of this job.

Sender: LSF System <lsfadmin@ccb108>
Subject: Job 53832408: <bash -c "basf2 etapip_gg_fit_v6_toymc_100.py 295 > /home/belle2/jaeyoung/storage_ghi/Ntuples_ghi_2/MC15ri_generic/MC15ri_etaetapip_tight_v2_240419_Kp_BCS_etapi0const/bsub_log//MC15ri_etapip_gg_fitv6_toyMC_100_295.log"> in cluster <centralcluster> Done

Job <bash -c "basf2 etapip_gg_fit_v6_toymc_100.py 295 > /home/belle2/jaeyoung/storage_ghi/Ntuples_ghi_2/MC15ri_generic/MC15ri_etaetapip_tight_v2_240419_Kp_BCS_etapi0const/bsub_log//MC15ri_etapip_gg_fitv6_toyMC_100_295.log"> was submitted from host <ccw05> by user <jaeyoung> in cluster <centralcluster> at Tue Jul 23 00:50:01 2024
Job was executed on host(s) <ccb108>, in queue <s>, as user <jaeyoung> in cluster <centralcluster> at Tue Jul 23 00:50:19 2024
</home/belle2/jaeyoung> was used as the home directory.
</home/belle2/jaeyoung/workspace/DRAW_and_FITTING/main/FITTING/etapip/MC15ri_generic/tight_v2_fit_v6/ToyMC> was used as the working directory.
Started at Tue Jul 23 00:50:19 2024
Terminated at Tue Jul 23 01:36:06 2024
Results reported at Tue Jul 23 01:36:06 2024

Your job looked like:

------------------------------------------------------------
# LSBATCH: User input
bash -c "basf2 etapip_gg_fit_v6_toymc_100.py 295 > /home/belle2/jaeyoung/storage_ghi/Ntuples_ghi_2/MC15ri_generic/MC15ri_etaetapip_tight_v2_240419_Kp_BCS_etapi0const/bsub_log//MC15ri_etapip_gg_fitv6_toyMC_100_295.log"
------------------------------------------------------------

Successfully completed.

Resource usage summary:

    CPU time :                                   2734.86 sec.
    Max Memory :                                 1311 MB
    Average Memory :                             951.18 MB
    Total Requested Memory :                     4000.00 MB
    Delta Memory :                               2689.00 MB
    Max Swap :                                   -
    Max Processes :                              19
    Max Threads :                                20
    Run time :                                   2747 sec.
    Turnaround time :                            2765 sec.

The output (if any) follows:



PS:

Read file <./bsub_log/295.err> for stderr output of this job.

Sender: LSF System <lsfadmin@ccb207>
Subject: Job 54397944: <bash -c "basf2 etapip_gg_fit_v6_toymc_100.py 295 > /home/belle2/jaeyoung/storage_ghi/Ntuples_ghi_2/MC15ri_generic/MC15ri_etaetapip_tight_v2_240419_Kp_BCS_etapi0const/bsub_log//MC15ri_etapip_gg_fitv6_toyMC_100_295.log"> in cluster <centralcluster> Done

Job <bash -c "basf2 etapip_gg_fit_v6_toymc_100.py 295 > /home/belle2/jaeyoung/storage_ghi/Ntuples_ghi_2/MC15ri_generic/MC15ri_etaetapip_tight_v2_240419_Kp_BCS_etapi0const/bsub_log//MC15ri_etapip_gg_fitv6_toyMC_100_295.log"> was submitted from host <ccw04> by user <jaeyoung> in cluster <centralcluster> at Tue Jul 23 17:59:18 2024
Job was executed on host(s) <ccb207>, in queue <s>, as user <jaeyoung> in cluster <centralcluster> at Tue Jul 23 18:27:55 2024
</home/belle2/jaeyoung> was used as the home directory.
</home/belle2/jaeyoung/workspace/DRAW_and_FITTING/main/FITTING/etapip/MC15ri_generic/tight_v2_fit_v6/ToyMC> was used as the working directory.
Started at Tue Jul 23 18:27:55 2024
Terminated at Tue Jul 23 19:15:22 2024
Results reported at Tue Jul 23 19:15:22 2024

Your job looked like:

------------------------------------------------------------
# LSBATCH: User input
bash -c "basf2 etapip_gg_fit_v6_toymc_100.py 295 > /home/belle2/jaeyoung/storage_ghi/Ntuples_ghi_2/MC15ri_generic/MC15ri_etaetapip_tight_v2_240419_Kp_BCS_etapi0const/bsub_log//MC15ri_etapip_gg_fitv6_toyMC_100_295.log"
------------------------------------------------------------

Successfully completed.

Resource usage summary:

    CPU time :                                   2802.92 sec.
    Max Memory :                                 1350 MB
    Average Memory :                             973.65 MB
    Total Requested Memory :                     4000.00 MB
    Delta Memory :                               2650.00 MB
    Max Swap :                                   -
    Max Processes :                              19
    Max Threads :                                20
    Run time :                                   2847 sec.
    Turnaround time :                            4564 sec.

The output (if any) follows:



PS:

Read file <./bsub_log/295.err> for stderr output of this job.

Sender: LSF System <lsfadmin@ccb053>
Subject: Job 54470511: <bash -c "basf2 etapip_gg_fit_v6_toymc_100.py 295 > /home/belle2/jaeyoung/storage_ghi/Ntuples_ghi_2/MC15ri_generic/MC15ri_etaetapip_tight_v2_240419_Kp_BCS_etapi0const/bsub_log//MC15ri_etapip_gg_fitv6_toyMC_100_295.log"> in cluster <centralcluster> Done

Job <bash -c "basf2 etapip_gg_fit_v6_toymc_100.py 295 > /home/belle2/jaeyoung/storage_ghi/Ntuples_ghi_2/MC15ri_generic/MC15ri_etaetapip_tight_v2_240419_Kp_BCS_etapi0const/bsub_log//MC15ri_etapip_gg_fitv6_toyMC_100_295.log"> was submitted from host <ccw03> by user <jaeyoung> in cluster <centralcluster> at Tue Jul 23 19:38:11 2024
Job was executed on host(s) <ccb053>, in queue <s>, as user <jaeyoung> in cluster <centralcluster> at Tue Jul 23 19:38:13 2024
</home/belle2/jaeyoung> was used as the home directory.
</home/belle2/jaeyoung/workspace/DRAW_and_FITTING/main/FITTING/etapip/MC15ri_generic/tight_v2_fit_v6/ToyMC> was used as the working directory.
Started at Tue Jul 23 19:38:13 2024
Terminated at Tue Jul 23 20:25:35 2024
Results reported at Tue Jul 23 20:25:35 2024

Your job looked like:

------------------------------------------------------------
# LSBATCH: User input
bash -c "basf2 etapip_gg_fit_v6_toymc_100.py 295 > /home/belle2/jaeyoung/storage_ghi/Ntuples_ghi_2/MC15ri_generic/MC15ri_etaetapip_tight_v2_240419_Kp_BCS_etapi0const/bsub_log//MC15ri_etapip_gg_fitv6_toyMC_100_295.log"
------------------------------------------------------------

Successfully completed.

Resource usage summary:

    CPU time :                                   2789.19 sec.
    Max Memory :                                 1311 MB
    Average Memory :                             932.34 MB
    Total Requested Memory :                     4000.00 MB
    Delta Memory :                               2689.00 MB
    Max Swap :                                   -
    Max Processes :                              19
    Max Threads :                                20
    Run time :                                   2843 sec.
    Turnaround time :                            2844 sec.

The output (if any) follows:



PS:

Read file <./bsub_log/295.err> for stderr output of this job.

Sender: LSF System <lsfadmin@ccb567>
Subject: Job 55515845: <bash -c "basf2 etapip_gg_fit_v6_toymc_100.py 295 > /home/belle2/jaeyoung/storage_ghi/Ntuples_ghi_2/MC15ri_generic/MC15ri_etaetapip_tight_v2_240419_Kp_BCS_etapi0const/bsub_log//MC15ri_etapip_gg_fitv6_toyMC_100_295.log"> in cluster <centralcluster> Done

Job <bash -c "basf2 etapip_gg_fit_v6_toymc_100.py 295 > /home/belle2/jaeyoung/storage_ghi/Ntuples_ghi_2/MC15ri_generic/MC15ri_etaetapip_tight_v2_240419_Kp_BCS_etapi0const/bsub_log//MC15ri_etapip_gg_fitv6_toyMC_100_295.log"> was submitted from host <ccw01> by user <jaeyoung> in cluster <centralcluster> at Thu Jul 25 20:51:06 2024
Job was executed on host(s) <ccb567>, in queue <s>, as user <jaeyoung> in cluster <centralcluster> at Thu Jul 25 20:51:08 2024
</home/belle2/jaeyoung> was used as the home directory.
</gpfs/home/belle2/jaeyoung/workspace/DRAW_and_FITTING/main/FITTING/etapip/MC15ri_generic/tight_v2_fit_v6/ToyMC> was used as the working directory.
Started at Thu Jul 25 20:51:08 2024
Terminated at Thu Jul 25 21:40:46 2024
Results reported at Thu Jul 25 21:40:46 2024

Your job looked like:

------------------------------------------------------------
# LSBATCH: User input
bash -c "basf2 etapip_gg_fit_v6_toymc_100.py 295 > /home/belle2/jaeyoung/storage_ghi/Ntuples_ghi_2/MC15ri_generic/MC15ri_etaetapip_tight_v2_240419_Kp_BCS_etapi0const/bsub_log//MC15ri_etapip_gg_fitv6_toyMC_100_295.log"
------------------------------------------------------------

Successfully completed.

Resource usage summary:

    CPU time :                                   2875.18 sec.
    Max Memory :                                 1313 MB
    Average Memory :                             963.73 MB
    Total Requested Memory :                     4000.00 MB
    Delta Memory :                               2687.00 MB
    Max Swap :                                   -
    Max Processes :                              19
    Max Threads :                                20
    Run time :                                   2978 sec.
    Turnaround time :                            2980 sec.

The output (if any) follows:



PS:

Read file <./bsub_log/295.err> for stderr output of this job.

Sender: LSF System <lsfadmin@ccb107>
Subject: Job 56103371: <bash -c "basf2 etapip_gg_fit_v6_toymc_100.py 295 > /home/belle2/jaeyoung/storage_ghi/Ntuples_ghi_2/MC15ri_generic/MC15ri_etaetapip_tight_v2_240419_Kp_BCS_etapi0const/bsub_log//MC15ri_etapip_gg_fitv6_toyMC_100_295.log"> in cluster <centralcluster> Done

Job <bash -c "basf2 etapip_gg_fit_v6_toymc_100.py 295 > /home/belle2/jaeyoung/storage_ghi/Ntuples_ghi_2/MC15ri_generic/MC15ri_etaetapip_tight_v2_240419_Kp_BCS_etapi0const/bsub_log//MC15ri_etapip_gg_fitv6_toyMC_100_295.log"> was submitted from host <ccw06> by user <jaeyoung> in cluster <centralcluster> at Fri Jul 26 23:44:01 2024
Job was executed on host(s) <ccb107>, in queue <s>, as user <jaeyoung> in cluster <centralcluster> at Sat Jul 27 00:19:33 2024
</home/belle2/jaeyoung> was used as the home directory.
</home/belle2/jaeyoung/workspace/DRAW_and_FITTING/main/FITTING/etapip/MC15ri_generic/tight_v2_fit_v6/ToyMC> was used as the working directory.
Started at Sat Jul 27 00:19:33 2024
Terminated at Sat Jul 27 00:53:13 2024
Results reported at Sat Jul 27 00:53:13 2024

Your job looked like:

------------------------------------------------------------
# LSBATCH: User input
bash -c "basf2 etapip_gg_fit_v6_toymc_100.py 295 > /home/belle2/jaeyoung/storage_ghi/Ntuples_ghi_2/MC15ri_generic/MC15ri_etaetapip_tight_v2_240419_Kp_BCS_etapi0const/bsub_log//MC15ri_etapip_gg_fitv6_toyMC_100_295.log"
------------------------------------------------------------

Successfully completed.

Resource usage summary:

    CPU time :                                   1980.42 sec.
    Max Memory :                                 902 MB
    Average Memory :                             652.02 MB
    Total Requested Memory :                     4000.00 MB
    Delta Memory :                               3098.00 MB
    Max Swap :                                   -
    Max Processes :                              19
    Max Threads :                                20
    Run time :                                   2020 sec.
    Turnaround time :                            4152 sec.

The output (if any) follows:



PS:

Read file <./bsub_log/295.err> for stderr output of this job.

Sender: LSF System <lsfadmin@ccb189>
Subject: Job 56133650: <bash -c "basf2 etapip_gg_fit_v6_toymc_100.py 295 > /home/belle2/jaeyoung/storage_ghi/Ntuples_ghi_2/MC15ri_generic/MC15ri_etaetapip_tight_v2_240419_Kp_BCS_etapi0const/bsub_log//MC15ri_etapip_gg_fitv6_toyMC_100_295.log"> in cluster <centralcluster> Done

Job <bash -c "basf2 etapip_gg_fit_v6_toymc_100.py 295 > /home/belle2/jaeyoung/storage_ghi/Ntuples_ghi_2/MC15ri_generic/MC15ri_etaetapip_tight_v2_240419_Kp_BCS_etapi0const/bsub_log//MC15ri_etapip_gg_fitv6_toyMC_100_295.log"> was submitted from host <ccw03> by user <jaeyoung> in cluster <centralcluster> at Sat Jul 27 01:13:26 2024
Job was executed on host(s) <ccb189>, in queue <s>, as user <jaeyoung> in cluster <centralcluster> at Sat Jul 27 03:04:56 2024
</home/belle2/jaeyoung> was used as the home directory.
</gpfs/home/belle2/jaeyoung/workspace/DRAW_and_FITTING/main/FITTING/etapip/MC15ri_generic/tight_v2_fit_v6/ToyMC> was used as the working directory.
Started at Sat Jul 27 03:04:56 2024
Terminated at Sat Jul 27 03:44:09 2024
Results reported at Sat Jul 27 03:44:09 2024

Your job looked like:

------------------------------------------------------------
# LSBATCH: User input
bash -c "basf2 etapip_gg_fit_v6_toymc_100.py 295 > /home/belle2/jaeyoung/storage_ghi/Ntuples_ghi_2/MC15ri_generic/MC15ri_etaetapip_tight_v2_240419_Kp_BCS_etapi0const/bsub_log//MC15ri_etapip_gg_fitv6_toyMC_100_295.log"
------------------------------------------------------------

Successfully completed.

Resource usage summary:

    CPU time :                                   2312.68 sec.
    Max Memory :                                 919 MB
    Average Memory :                             660.44 MB
    Total Requested Memory :                     4000.00 MB
    Delta Memory :                               3081.00 MB
    Max Swap :                                   -
    Max Processes :                              19
    Max Threads :                                20
    Run time :                                   2353 sec.
    Turnaround time :                            9043 sec.

The output (if any) follows:



PS:

Read file <./bsub_log/295.err> for stderr output of this job.

Sender: LSF System <lsfadmin@ccb024>
Subject: Job 57220488: <bash -c "basf2 etapip_gg_fit_v6_toymc_100.py 295 > /home/belle2/jaeyoung/storage_ghi/Ntuples_ghi_2/MC15ri_generic/MC15ri_etaetapip_tight_v2_240419_Kp_BCS_etapi0const/bsub_log//MC15ri_etapip_gg_fitv6_toyMC_100_295.log"> in cluster <centralcluster> Exited

Job <bash -c "basf2 etapip_gg_fit_v6_toymc_100.py 295 > /home/belle2/jaeyoung/storage_ghi/Ntuples_ghi_2/MC15ri_generic/MC15ri_etaetapip_tight_v2_240419_Kp_BCS_etapi0const/bsub_log//MC15ri_etapip_gg_fitv6_toyMC_100_295.log"> was submitted from host <ccx03> by user <jaeyoung> in cluster <centralcluster> at Mon Jul 29 18:45:22 2024
Job was executed on host(s) <ccb024>, in queue <s>, as user <jaeyoung> in cluster <centralcluster> at Mon Jul 29 18:45:23 2024
</home/belle2/jaeyoung> was used as the home directory.
</gpfs/home/belle2/jaeyoung/workspace/DRAW_and_FITTING/main/FITTING/etapip/MC15ri_generic/tight_v2_fit_v6/ToyMC> was used as the working directory.
Started at Mon Jul 29 18:45:23 2024
Terminated at Mon Jul 29 19:52:40 2024
Results reported at Mon Jul 29 19:52:40 2024

Your job looked like:

------------------------------------------------------------
# LSBATCH: User input
bash -c "basf2 etapip_gg_fit_v6_toymc_100.py 295 > /home/belle2/jaeyoung/storage_ghi/Ntuples_ghi_2/MC15ri_generic/MC15ri_etaetapip_tight_v2_240419_Kp_BCS_etapi0const/bsub_log//MC15ri_etapip_gg_fitv6_toyMC_100_295.log"
------------------------------------------------------------

Exited with exit code 1.

Resource usage summary:

    CPU time :                                   3960.07 sec.
    Max Memory :                                 1402 MB
    Average Memory :                             1049.12 MB
    Total Requested Memory :                     4000.00 MB
    Delta Memory :                               2598.00 MB
    Max Swap :                                   -
    Max Processes :                              19
    Max Threads :                                20
    Run time :                                   4036 sec.
    Turnaround time :                            4038 sec.

The output (if any) follows:



PS:

Read file <./bsub_log/295.err> for stderr output of this job.

Sender: LSF System <lsfadmin@ccb271>
Subject: Job 57308546: <bash -c "basf2 etapip_gg_fit_v6_toymc_100.py 295 > /home/belle2/jaeyoung/storage_ghi/Ntuples_ghi_2/MC15ri_generic/MC15ri_etaetapip_tight_v2_240419_Kp_BCS_etapi0const/bsub_log//MC15ri_etapip_gg_fitv6_toyMC_100_295.log"> in cluster <centralcluster> Done

Job <bash -c "basf2 etapip_gg_fit_v6_toymc_100.py 295 > /home/belle2/jaeyoung/storage_ghi/Ntuples_ghi_2/MC15ri_generic/MC15ri_etaetapip_tight_v2_240419_Kp_BCS_etapi0const/bsub_log//MC15ri_etapip_gg_fitv6_toyMC_100_295.log"> was submitted from host <ccw03> by user <jaeyoung> in cluster <centralcluster> at Mon Jul 29 23:02:52 2024
Job was executed on host(s) <ccb271>, in queue <s>, as user <jaeyoung> in cluster <centralcluster> at Mon Jul 29 23:03:55 2024
</home/belle2/jaeyoung> was used as the home directory.
</home/belle2/jaeyoung/workspace/DRAW_and_FITTING/main/FITTING/etapip/MC15ri_generic/tight_v2_fit_v6/ToyMC> was used as the working directory.
Started at Mon Jul 29 23:03:55 2024
Terminated at Tue Jul 30 00:06:22 2024
Results reported at Tue Jul 30 00:06:22 2024

Your job looked like:

------------------------------------------------------------
# LSBATCH: User input
bash -c "basf2 etapip_gg_fit_v6_toymc_100.py 295 > /home/belle2/jaeyoung/storage_ghi/Ntuples_ghi_2/MC15ri_generic/MC15ri_etaetapip_tight_v2_240419_Kp_BCS_etapi0const/bsub_log//MC15ri_etapip_gg_fitv6_toyMC_100_295.log"
------------------------------------------------------------

Successfully completed.

Resource usage summary:

    CPU time :                                   3733.49 sec.
    Max Memory :                                 1408 MB
    Average Memory :                             1043.40 MB
    Total Requested Memory :                     4000.00 MB
    Delta Memory :                               2592.00 MB
    Max Swap :                                   -
    Max Processes :                              19
    Max Threads :                                20
    Run time :                                   3747 sec.
    Turnaround time :                            3810 sec.

The output (if any) follows:



PS:

Read file <./bsub_log/295.err> for stderr output of this job.

Sender: LSF System <lsfadmin@ccb538>
Subject: Job 57390145: <bash -c "basf2 etapip_gg_fit_v6_toymc_100.py 295 > /home/belle2/jaeyoung/storage_ghi/Ntuples_ghi_2/MC15ri_generic/MC15ri_etaetapip_tight_v2_240419_Kp_BCS_etapi0const/bsub_log//MC15ri_etapip_gg_fitv6_toyMC_100_295.log"> in cluster <centralcluster> Done

Job <bash -c "basf2 etapip_gg_fit_v6_toymc_100.py 295 > /home/belle2/jaeyoung/storage_ghi/Ntuples_ghi_2/MC15ri_generic/MC15ri_etaetapip_tight_v2_240419_Kp_BCS_etapi0const/bsub_log//MC15ri_etapip_gg_fitv6_toyMC_100_295.log"> was submitted from host <ccw03> by user <jaeyoung> in cluster <centralcluster> at Tue Jul 30 01:17:28 2024
Job was executed on host(s) <ccb538>, in queue <s>, as user <jaeyoung> in cluster <centralcluster> at Tue Jul 30 01:18:17 2024
</home/belle2/jaeyoung> was used as the home directory.
</home/belle2/jaeyoung/workspace/DRAW_and_FITTING/main/FITTING/etapip/MC15ri_generic/tight_v2_fit_v6/ToyMC> was used as the working directory.
Started at Tue Jul 30 01:18:17 2024
Terminated at Tue Jul 30 02:26:22 2024
Results reported at Tue Jul 30 02:26:22 2024

Your job looked like:

------------------------------------------------------------
# LSBATCH: User input
bash -c "basf2 etapip_gg_fit_v6_toymc_100.py 295 > /home/belle2/jaeyoung/storage_ghi/Ntuples_ghi_2/MC15ri_generic/MC15ri_etaetapip_tight_v2_240419_Kp_BCS_etapi0const/bsub_log//MC15ri_etapip_gg_fitv6_toyMC_100_295.log"
------------------------------------------------------------

Successfully completed.

Resource usage summary:

    CPU time :                                   3995.54 sec.
    Max Memory :                                 1401 MB
    Average Memory :                             1041.02 MB
    Total Requested Memory :                     4000.00 MB
    Delta Memory :                               2599.00 MB
    Max Swap :                                   -
    Max Processes :                              19
    Max Threads :                                20
    Run time :                                   4086 sec.
    Turnaround time :                            4134 sec.

The output (if any) follows:



PS:

Read file <./bsub_log/295.err> for stderr output of this job.

