Sender: LSF System <lsfadmin@ccb112>
Subject: Job 52359504: <bash -c "basf2 etapip_gg_fit_v6_toymc_100.py 297 > /home/belle2/jaeyoung/storage_ghi/Ntuples_ghi_2/MC15ri_generic/MC15ri_etaetapip_tight_v2_240419_Kp_BCS_etapi0const/bsub_log//MC15ri_etapip_gg_fitv6_toyMC_100_297.log"> in cluster <centralcluster> Done

Job <bash -c "basf2 etapip_gg_fit_v6_toymc_100.py 297 > /home/belle2/jaeyoung/storage_ghi/Ntuples_ghi_2/MC15ri_generic/MC15ri_etaetapip_tight_v2_240419_Kp_BCS_etapi0const/bsub_log//MC15ri_etapip_gg_fitv6_toyMC_100_297.log"> was submitted from host <ccw02> by user <jaeyoung> in cluster <centralcluster> at Sat Jul 20 14:39:46 2024
Job was executed on host(s) <ccb112>, in queue <s>, as user <jaeyoung> in cluster <centralcluster> at Sat Jul 20 14:42:50 2024
</home/belle2/jaeyoung> was used as the home directory.
</home/belle2/jaeyoung/workspace/DRAW_and_FITTING/main/FITTING/etapip/MC15ri_generic/tight_v2_fit_v6/ToyMC> was used as the working directory.
Started at Sat Jul 20 14:42:50 2024
Terminated at Sat Jul 20 15:30:43 2024
Results reported at Sat Jul 20 15:30:43 2024

Your job looked like:

------------------------------------------------------------
# LSBATCH: User input
bash -c "basf2 etapip_gg_fit_v6_toymc_100.py 297 > /home/belle2/jaeyoung/storage_ghi/Ntuples_ghi_2/MC15ri_generic/MC15ri_etaetapip_tight_v2_240419_Kp_BCS_etapi0const/bsub_log//MC15ri_etapip_gg_fitv6_toyMC_100_297.log"
------------------------------------------------------------

Successfully completed.

Resource usage summary:

    CPU time :                                   2862.88 sec.
    Max Memory :                                 1319 MB
    Average Memory :                             970.41 MB
    Total Requested Memory :                     4000.00 MB
    Delta Memory :                               2681.00 MB
    Max Swap :                                   -
    Max Processes :                              19
    Max Threads :                                20
    Run time :                                   2872 sec.
    Turnaround time :                            3057 sec.

The output (if any) follows:



PS:

Read file <./bsub_log/297.err> for stderr output of this job.

Sender: LSF System <lsfadmin@ccb148>
Subject: Job 53030151: <bash -c "basf2 etapip_gg_fit_v6_toymc_100.py 297 > /home/belle2/jaeyoung/storage_ghi/Ntuples_ghi_2/MC15ri_generic/MC15ri_etaetapip_tight_v2_240419_Kp_BCS_etapi0const/bsub_log//MC15ri_etapip_gg_fitv6_toyMC_100_297.log"> in cluster <centralcluster> Done

Job <bash -c "basf2 etapip_gg_fit_v6_toymc_100.py 297 > /home/belle2/jaeyoung/storage_ghi/Ntuples_ghi_2/MC15ri_generic/MC15ri_etaetapip_tight_v2_240419_Kp_BCS_etapi0const/bsub_log//MC15ri_etapip_gg_fitv6_toyMC_100_297.log"> was submitted from host <ccw03> by user <jaeyoung> in cluster <centralcluster> at Sun Jul 21 17:31:08 2024
Job was executed on host(s) <ccb148>, in queue <s>, as user <jaeyoung> in cluster <centralcluster> at Sun Jul 21 17:31:44 2024
</home/belle2/jaeyoung> was used as the home directory.
</home/belle2/jaeyoung/workspace/DRAW_and_FITTING/main/FITTING/etapip/MC15ri_generic/tight_v2_fit_v6/ToyMC> was used as the working directory.
Started at Sun Jul 21 17:31:44 2024
Terminated at Sun Jul 21 18:20:35 2024
Results reported at Sun Jul 21 18:20:35 2024

Your job looked like:

------------------------------------------------------------
# LSBATCH: User input
bash -c "basf2 etapip_gg_fit_v6_toymc_100.py 297 > /home/belle2/jaeyoung/storage_ghi/Ntuples_ghi_2/MC15ri_generic/MC15ri_etaetapip_tight_v2_240419_Kp_BCS_etapi0const/bsub_log//MC15ri_etapip_gg_fitv6_toyMC_100_297.log"
------------------------------------------------------------

Successfully completed.

Resource usage summary:

    CPU time :                                   2918.55 sec.
    Max Memory :                                 1310 MB
    Average Memory :                             945.69 MB
    Total Requested Memory :                     4000.00 MB
    Delta Memory :                               2690.00 MB
    Max Swap :                                   -
    Max Processes :                              19
    Max Threads :                                20
    Run time :                                   2931 sec.
    Turnaround time :                            2967 sec.

The output (if any) follows:



PS:

Read file <./bsub_log/297.err> for stderr output of this job.

Sender: LSF System <lsfadmin@ccb244>
Subject: Job 53202642: <bash -c "basf2 etapip_gg_fit_v6_toymc_100.py 297 > /home/belle2/jaeyoung/storage_ghi/Ntuples_ghi_2/MC15ri_generic/MC15ri_etaetapip_tight_v2_240419_Kp_BCS_etapi0const/bsub_log//MC15ri_etapip_gg_fitv6_toyMC_100_297.log"> in cluster <centralcluster> Exited

Job <bash -c "basf2 etapip_gg_fit_v6_toymc_100.py 297 > /home/belle2/jaeyoung/storage_ghi/Ntuples_ghi_2/MC15ri_generic/MC15ri_etaetapip_tight_v2_240419_Kp_BCS_etapi0const/bsub_log//MC15ri_etapip_gg_fitv6_toyMC_100_297.log"> was submitted from host <ccw03> by user <jaeyoung> in cluster <centralcluster> at Mon Jul 22 00:50:13 2024
Job was executed on host(s) <ccb244>, in queue <s>, as user <jaeyoung> in cluster <centralcluster> at Mon Jul 22 00:51:08 2024
</home/belle2/jaeyoung> was used as the home directory.
</home/belle2/jaeyoung/workspace/DRAW_and_FITTING/main/FITTING/etapip/MC15ri_generic/tight_v2_fit_v6/ToyMC> was used as the working directory.
Started at Mon Jul 22 00:51:08 2024
Terminated at Mon Jul 22 01:07:35 2024
Results reported at Mon Jul 22 01:07:35 2024

Your job looked like:

------------------------------------------------------------
# LSBATCH: User input
bash -c "basf2 etapip_gg_fit_v6_toymc_100.py 297 > /home/belle2/jaeyoung/storage_ghi/Ntuples_ghi_2/MC15ri_generic/MC15ri_etaetapip_tight_v2_240419_Kp_BCS_etapi0const/bsub_log//MC15ri_etapip_gg_fitv6_toyMC_100_297.log"
------------------------------------------------------------

Exited with exit code 1.

Resource usage summary:

    CPU time :                                   983.59 sec.
    Max Memory :                                 1254 MB
    Average Memory :                             1166.12 MB
    Total Requested Memory :                     4000.00 MB
    Delta Memory :                               2746.00 MB
    Max Swap :                                   -
    Max Processes :                              19
    Max Threads :                                20
    Run time :                                   988 sec.
    Turnaround time :                            1042 sec.

The output (if any) follows:



PS:

Read file <./bsub_log/297.err> for stderr output of this job.

Sender: LSF System <lsfadmin@ccb548>
Subject: Job 53407041: <bash -c "basf2 etapip_gg_fit_v6_toymc_100.py 297 > /home/belle2/jaeyoung/storage_ghi/Ntuples_ghi_2/MC15ri_generic/MC15ri_etaetapip_tight_v2_240419_Kp_BCS_etapi0const/bsub_log//MC15ri_etapip_gg_fitv6_toyMC_100_297.log"> in cluster <centralcluster> Done

Job <bash -c "basf2 etapip_gg_fit_v6_toymc_100.py 297 > /home/belle2/jaeyoung/storage_ghi/Ntuples_ghi_2/MC15ri_generic/MC15ri_etaetapip_tight_v2_240419_Kp_BCS_etapi0const/bsub_log//MC15ri_etapip_gg_fitv6_toyMC_100_297.log"> was submitted from host <ccw06> by user <jaeyoung> in cluster <centralcluster> at Mon Jul 22 10:49:00 2024
Job was executed on host(s) <ccb548>, in queue <s>, as user <jaeyoung> in cluster <centralcluster> at Mon Jul 22 10:49:24 2024
</home/belle2/jaeyoung> was used as the home directory.
</home/belle2/jaeyoung/workspace/DRAW_and_FITTING/main/FITTING/etapip/MC15ri_generic/tight_v2_fit_v6/ToyMC> was used as the working directory.
Started at Mon Jul 22 10:49:24 2024
Terminated at Mon Jul 22 11:36:29 2024
Results reported at Mon Jul 22 11:36:29 2024

Your job looked like:

------------------------------------------------------------
# LSBATCH: User input
bash -c "basf2 etapip_gg_fit_v6_toymc_100.py 297 > /home/belle2/jaeyoung/storage_ghi/Ntuples_ghi_2/MC15ri_generic/MC15ri_etaetapip_tight_v2_240419_Kp_BCS_etapi0const/bsub_log//MC15ri_etapip_gg_fitv6_toyMC_100_297.log"
------------------------------------------------------------

Successfully completed.

Resource usage summary:

    CPU time :                                   2784.64 sec.
    Max Memory :                                 1315 MB
    Average Memory :                             948.48 MB
    Total Requested Memory :                     4000.00 MB
    Delta Memory :                               2685.00 MB
    Max Swap :                                   -
    Max Processes :                              19
    Max Threads :                                20
    Run time :                                   2826 sec.
    Turnaround time :                            2849 sec.

The output (if any) follows:



PS:

Read file <./bsub_log/297.err> for stderr output of this job.

Sender: LSF System <lsfadmin@ccb089>
Subject: Job 53599193: <bash -c "basf2 etapip_gg_fit_v6_toymc_100.py 297 > /home/belle2/jaeyoung/storage_ghi/Ntuples_ghi_2/MC15ri_generic/MC15ri_etaetapip_tight_v2_240419_Kp_BCS_etapi0const/bsub_log//MC15ri_etapip_gg_fitv6_toyMC_100_297.log"> in cluster <centralcluster> Done

Job <bash -c "basf2 etapip_gg_fit_v6_toymc_100.py 297 > /home/belle2/jaeyoung/storage_ghi/Ntuples_ghi_2/MC15ri_generic/MC15ri_etaetapip_tight_v2_240419_Kp_BCS_etapi0const/bsub_log//MC15ri_etapip_gg_fitv6_toyMC_100_297.log"> was submitted from host <ccw03> by user <jaeyoung> in cluster <centralcluster> at Mon Jul 22 18:35:11 2024
Job was executed on host(s) <ccb089>, in queue <s>, as user <jaeyoung> in cluster <centralcluster> at Mon Jul 22 18:36:45 2024
</home/belle2/jaeyoung> was used as the home directory.
</home/belle2/jaeyoung/workspace/DRAW_and_FITTING/main/FITTING/etapip/MC15ri_generic/tight_v2_fit_v6/ToyMC> was used as the working directory.
Started at Mon Jul 22 18:36:45 2024
Terminated at Mon Jul 22 19:21:58 2024
Results reported at Mon Jul 22 19:21:58 2024

Your job looked like:

------------------------------------------------------------
# LSBATCH: User input
bash -c "basf2 etapip_gg_fit_v6_toymc_100.py 297 > /home/belle2/jaeyoung/storage_ghi/Ntuples_ghi_2/MC15ri_generic/MC15ri_etaetapip_tight_v2_240419_Kp_BCS_etapi0const/bsub_log//MC15ri_etapip_gg_fitv6_toyMC_100_297.log"
------------------------------------------------------------

Successfully completed.

Resource usage summary:

    CPU time :                                   2691.27 sec.
    Max Memory :                                 1311 MB
    Average Memory :                             947.60 MB
    Total Requested Memory :                     4000.00 MB
    Delta Memory :                               2689.00 MB
    Max Swap :                                   -
    Max Processes :                              19
    Max Threads :                                20
    Run time :                                   2714 sec.
    Turnaround time :                            2807 sec.

The output (if any) follows:



PS:

Read file <./bsub_log/297.err> for stderr output of this job.

Sender: LSF System <lsfadmin@ccb156>
Subject: Job 53832415: <bash -c "basf2 etapip_gg_fit_v6_toymc_100.py 297 > /home/belle2/jaeyoung/storage_ghi/Ntuples_ghi_2/MC15ri_generic/MC15ri_etaetapip_tight_v2_240419_Kp_BCS_etapi0const/bsub_log//MC15ri_etapip_gg_fitv6_toyMC_100_297.log"> in cluster <centralcluster> Done

Job <bash -c "basf2 etapip_gg_fit_v6_toymc_100.py 297 > /home/belle2/jaeyoung/storage_ghi/Ntuples_ghi_2/MC15ri_generic/MC15ri_etaetapip_tight_v2_240419_Kp_BCS_etapi0const/bsub_log//MC15ri_etapip_gg_fitv6_toyMC_100_297.log"> was submitted from host <ccw05> by user <jaeyoung> in cluster <centralcluster> at Tue Jul 23 00:50:02 2024
Job was executed on host(s) <ccb156>, in queue <s>, as user <jaeyoung> in cluster <centralcluster> at Tue Jul 23 00:50:21 2024
</home/belle2/jaeyoung> was used as the home directory.
</home/belle2/jaeyoung/workspace/DRAW_and_FITTING/main/FITTING/etapip/MC15ri_generic/tight_v2_fit_v6/ToyMC> was used as the working directory.
Started at Tue Jul 23 00:50:21 2024
Terminated at Tue Jul 23 01:37:53 2024
Results reported at Tue Jul 23 01:37:53 2024

Your job looked like:

------------------------------------------------------------
# LSBATCH: User input
bash -c "basf2 etapip_gg_fit_v6_toymc_100.py 297 > /home/belle2/jaeyoung/storage_ghi/Ntuples_ghi_2/MC15ri_generic/MC15ri_etaetapip_tight_v2_240419_Kp_BCS_etapi0const/bsub_log//MC15ri_etapip_gg_fitv6_toyMC_100_297.log"
------------------------------------------------------------

Successfully completed.

Resource usage summary:

    CPU time :                                   2842.30 sec.
    Max Memory :                                 1312 MB
    Average Memory :                             983.21 MB
    Total Requested Memory :                     4000.00 MB
    Delta Memory :                               2688.00 MB
    Max Swap :                                   -
    Max Processes :                              19
    Max Threads :                                20
    Run time :                                   2853 sec.
    Turnaround time :                            2871 sec.

The output (if any) follows:



PS:

Read file <./bsub_log/297.err> for stderr output of this job.

Sender: LSF System <lsfadmin@ccb544>
Subject: Job 54397954: <bash -c "basf2 etapip_gg_fit_v6_toymc_100.py 297 > /home/belle2/jaeyoung/storage_ghi/Ntuples_ghi_2/MC15ri_generic/MC15ri_etaetapip_tight_v2_240419_Kp_BCS_etapi0const/bsub_log//MC15ri_etapip_gg_fitv6_toyMC_100_297.log"> in cluster <centralcluster> Done

Job <bash -c "basf2 etapip_gg_fit_v6_toymc_100.py 297 > /home/belle2/jaeyoung/storage_ghi/Ntuples_ghi_2/MC15ri_generic/MC15ri_etaetapip_tight_v2_240419_Kp_BCS_etapi0const/bsub_log//MC15ri_etapip_gg_fitv6_toyMC_100_297.log"> was submitted from host <ccw04> by user <jaeyoung> in cluster <centralcluster> at Tue Jul 23 17:59:18 2024
Job was executed on host(s) <ccb544>, in queue <s>, as user <jaeyoung> in cluster <centralcluster> at Tue Jul 23 18:27:55 2024
</home/belle2/jaeyoung> was used as the home directory.
</home/belle2/jaeyoung/workspace/DRAW_and_FITTING/main/FITTING/etapip/MC15ri_generic/tight_v2_fit_v6/ToyMC> was used as the working directory.
Started at Tue Jul 23 18:27:55 2024
Terminated at Tue Jul 23 19:14:46 2024
Results reported at Tue Jul 23 19:14:46 2024

Your job looked like:

------------------------------------------------------------
# LSBATCH: User input
bash -c "basf2 etapip_gg_fit_v6_toymc_100.py 297 > /home/belle2/jaeyoung/storage_ghi/Ntuples_ghi_2/MC15ri_generic/MC15ri_etaetapip_tight_v2_240419_Kp_BCS_etapi0const/bsub_log//MC15ri_etapip_gg_fitv6_toyMC_100_297.log"
------------------------------------------------------------

Successfully completed.

Resource usage summary:

    CPU time :                                   2772.64 sec.
    Max Memory :                                 1314 MB
    Average Memory :                             953.24 MB
    Total Requested Memory :                     4000.00 MB
    Delta Memory :                               2686.00 MB
    Max Swap :                                   -
    Max Processes :                              19
    Max Threads :                                20
    Run time :                                   2812 sec.
    Turnaround time :                            4528 sec.

The output (if any) follows:



PS:

Read file <./bsub_log/297.err> for stderr output of this job.

