Sender: LSF System <lsfadmin@ccb232>
Subject: Job 52359513: <bash -c "basf2 etapip_gg_fit_v6_toymc_100.py 305 > /home/belle2/jaeyoung/storage_ghi/Ntuples_ghi_2/MC15ri_generic/MC15ri_etaetapip_tight_v2_240419_Kp_BCS_etapi0const/bsub_log//MC15ri_etapip_gg_fitv6_toyMC_100_305.log"> in cluster <centralcluster> Done

Job <bash -c "basf2 etapip_gg_fit_v6_toymc_100.py 305 > /home/belle2/jaeyoung/storage_ghi/Ntuples_ghi_2/MC15ri_generic/MC15ri_etaetapip_tight_v2_240419_Kp_BCS_etapi0const/bsub_log//MC15ri_etapip_gg_fitv6_toyMC_100_305.log"> was submitted from host <ccw02> by user <jaeyoung> in cluster <centralcluster> at Sat Jul 20 14:39:48 2024
Job was executed on host(s) <ccb232>, in queue <s>, as user <jaeyoung> in cluster <centralcluster> at Sat Jul 20 14:42:59 2024
</home/belle2/jaeyoung> was used as the home directory.
</home/belle2/jaeyoung/workspace/DRAW_and_FITTING/main/FITTING/etapip/MC15ri_generic/tight_v2_fit_v6/ToyMC> was used as the working directory.
Started at Sat Jul 20 14:42:59 2024
Terminated at Sat Jul 20 15:30:01 2024
Results reported at Sat Jul 20 15:30:01 2024

Your job looked like:

------------------------------------------------------------
# LSBATCH: User input
bash -c "basf2 etapip_gg_fit_v6_toymc_100.py 305 > /home/belle2/jaeyoung/storage_ghi/Ntuples_ghi_2/MC15ri_generic/MC15ri_etaetapip_tight_v2_240419_Kp_BCS_etapi0const/bsub_log//MC15ri_etapip_gg_fitv6_toyMC_100_305.log"
------------------------------------------------------------

Successfully completed.

Resource usage summary:

    CPU time :                                   2809.69 sec.
    Max Memory :                                 1311 MB
    Average Memory :                             926.54 MB
    Total Requested Memory :                     4000.00 MB
    Delta Memory :                               2689.00 MB
    Max Swap :                                   -
    Max Processes :                              19
    Max Threads :                                20
    Run time :                                   2822 sec.
    Turnaround time :                            3013 sec.

The output (if any) follows:



PS:

Read file <./bsub_log/305.err> for stderr output of this job.

Sender: LSF System <lsfadmin@ccb170>
Subject: Job 53030192: <bash -c "basf2 etapip_gg_fit_v6_toymc_100.py 305 > /home/belle2/jaeyoung/storage_ghi/Ntuples_ghi_2/MC15ri_generic/MC15ri_etaetapip_tight_v2_240419_Kp_BCS_etapi0const/bsub_log//MC15ri_etapip_gg_fitv6_toyMC_100_305.log"> in cluster <centralcluster> Done

Job <bash -c "basf2 etapip_gg_fit_v6_toymc_100.py 305 > /home/belle2/jaeyoung/storage_ghi/Ntuples_ghi_2/MC15ri_generic/MC15ri_etaetapip_tight_v2_240419_Kp_BCS_etapi0const/bsub_log//MC15ri_etapip_gg_fitv6_toyMC_100_305.log"> was submitted from host <ccw03> by user <jaeyoung> in cluster <centralcluster> at Sun Jul 21 17:31:11 2024
Job was executed on host(s) <ccb170>, in queue <s>, as user <jaeyoung> in cluster <centralcluster> at Sun Jul 21 17:31:46 2024
</home/belle2/jaeyoung> was used as the home directory.
</home/belle2/jaeyoung/workspace/DRAW_and_FITTING/main/FITTING/etapip/MC15ri_generic/tight_v2_fit_v6/ToyMC> was used as the working directory.
Started at Sun Jul 21 17:31:46 2024
Terminated at Sun Jul 21 18:18:52 2024
Results reported at Sun Jul 21 18:18:52 2024

Your job looked like:

------------------------------------------------------------
# LSBATCH: User input
bash -c "basf2 etapip_gg_fit_v6_toymc_100.py 305 > /home/belle2/jaeyoung/storage_ghi/Ntuples_ghi_2/MC15ri_generic/MC15ri_etaetapip_tight_v2_240419_Kp_BCS_etapi0const/bsub_log//MC15ri_etapip_gg_fitv6_toyMC_100_305.log"
------------------------------------------------------------

Successfully completed.

Resource usage summary:

    CPU time :                                   2773.99 sec.
    Max Memory :                                 1311 MB
    Average Memory :                             934.17 MB
    Total Requested Memory :                     4000.00 MB
    Delta Memory :                               2689.00 MB
    Max Swap :                                   -
    Max Processes :                              19
    Max Threads :                                20
    Run time :                                   2827 sec.
    Turnaround time :                            2861 sec.

The output (if any) follows:



PS:

Read file <./bsub_log/305.err> for stderr output of this job.

Sender: LSF System <lsfadmin@ccb192>
Subject: Job 53202668: <bash -c "basf2 etapip_gg_fit_v6_toymc_100.py 305 > /home/belle2/jaeyoung/storage_ghi/Ntuples_ghi_2/MC15ri_generic/MC15ri_etaetapip_tight_v2_240419_Kp_BCS_etapi0const/bsub_log//MC15ri_etapip_gg_fitv6_toyMC_100_305.log"> in cluster <centralcluster> Exited

Job <bash -c "basf2 etapip_gg_fit_v6_toymc_100.py 305 > /home/belle2/jaeyoung/storage_ghi/Ntuples_ghi_2/MC15ri_generic/MC15ri_etaetapip_tight_v2_240419_Kp_BCS_etapi0const/bsub_log//MC15ri_etapip_gg_fitv6_toyMC_100_305.log"> was submitted from host <ccw03> by user <jaeyoung> in cluster <centralcluster> at Mon Jul 22 00:50:16 2024
Job was executed on host(s) <ccb192>, in queue <s>, as user <jaeyoung> in cluster <centralcluster> at Mon Jul 22 00:51:15 2024
</home/belle2/jaeyoung> was used as the home directory.
</home/belle2/jaeyoung/workspace/DRAW_and_FITTING/main/FITTING/etapip/MC15ri_generic/tight_v2_fit_v6/ToyMC> was used as the working directory.
Started at Mon Jul 22 00:51:15 2024
Terminated at Mon Jul 22 01:08:37 2024
Results reported at Mon Jul 22 01:08:37 2024

Your job looked like:

------------------------------------------------------------
# LSBATCH: User input
bash -c "basf2 etapip_gg_fit_v6_toymc_100.py 305 > /home/belle2/jaeyoung/storage_ghi/Ntuples_ghi_2/MC15ri_generic/MC15ri_etaetapip_tight_v2_240419_Kp_BCS_etapi0const/bsub_log//MC15ri_etapip_gg_fitv6_toyMC_100_305.log"
------------------------------------------------------------

Exited with exit code 1.

Resource usage summary:

    CPU time :                                   1036.28 sec.
    Max Memory :                                 1253 MB
    Average Memory :                             1167.19 MB
    Total Requested Memory :                     4000.00 MB
    Delta Memory :                               2747.00 MB
    Max Swap :                                   -
    Max Processes :                              19
    Max Threads :                                20
    Run time :                                   1043 sec.
    Turnaround time :                            1101 sec.

The output (if any) follows:



PS:

Read file <./bsub_log/305.err> for stderr output of this job.

Sender: LSF System <lsfadmin@ccb203>
Subject: Job 53407057: <bash -c "basf2 etapip_gg_fit_v6_toymc_100.py 305 > /home/belle2/jaeyoung/storage_ghi/Ntuples_ghi_2/MC15ri_generic/MC15ri_etaetapip_tight_v2_240419_Kp_BCS_etapi0const/bsub_log//MC15ri_etapip_gg_fitv6_toyMC_100_305.log"> in cluster <centralcluster> Done

Job <bash -c "basf2 etapip_gg_fit_v6_toymc_100.py 305 > /home/belle2/jaeyoung/storage_ghi/Ntuples_ghi_2/MC15ri_generic/MC15ri_etaetapip_tight_v2_240419_Kp_BCS_etapi0const/bsub_log//MC15ri_etapip_gg_fitv6_toyMC_100_305.log"> was submitted from host <ccw06> by user <jaeyoung> in cluster <centralcluster> at Mon Jul 22 10:49:02 2024
Job was executed on host(s) <ccb203>, in queue <s>, as user <jaeyoung> in cluster <centralcluster> at Mon Jul 22 10:49:27 2024
</home/belle2/jaeyoung> was used as the home directory.
</home/belle2/jaeyoung/workspace/DRAW_and_FITTING/main/FITTING/etapip/MC15ri_generic/tight_v2_fit_v6/ToyMC> was used as the working directory.
Started at Mon Jul 22 10:49:27 2024
Terminated at Mon Jul 22 11:36:17 2024
Results reported at Mon Jul 22 11:36:17 2024

Your job looked like:

------------------------------------------------------------
# LSBATCH: User input
bash -c "basf2 etapip_gg_fit_v6_toymc_100.py 305 > /home/belle2/jaeyoung/storage_ghi/Ntuples_ghi_2/MC15ri_generic/MC15ri_etaetapip_tight_v2_240419_Kp_BCS_etapi0const/bsub_log//MC15ri_etapip_gg_fitv6_toyMC_100_305.log"
------------------------------------------------------------

Successfully completed.

Resource usage summary:

    CPU time :                                   2799.32 sec.
    Max Memory :                                 1311 MB
    Average Memory :                             952.18 MB
    Total Requested Memory :                     4000.00 MB
    Delta Memory :                               2689.00 MB
    Max Swap :                                   -
    Max Processes :                              19
    Max Threads :                                20
    Run time :                                   2809 sec.
    Turnaround time :                            2835 sec.

The output (if any) follows:



PS:

Read file <./bsub_log/305.err> for stderr output of this job.

Sender: LSF System <lsfadmin@ccb164>
Subject: Job 53599237: <bash -c "basf2 etapip_gg_fit_v6_toymc_100.py 305 > /home/belle2/jaeyoung/storage_ghi/Ntuples_ghi_2/MC15ri_generic/MC15ri_etaetapip_tight_v2_240419_Kp_BCS_etapi0const/bsub_log//MC15ri_etapip_gg_fitv6_toyMC_100_305.log"> in cluster <centralcluster> Done

Job <bash -c "basf2 etapip_gg_fit_v6_toymc_100.py 305 > /home/belle2/jaeyoung/storage_ghi/Ntuples_ghi_2/MC15ri_generic/MC15ri_etaetapip_tight_v2_240419_Kp_BCS_etapi0const/bsub_log//MC15ri_etapip_gg_fitv6_toyMC_100_305.log"> was submitted from host <ccw03> by user <jaeyoung> in cluster <centralcluster> at Mon Jul 22 18:35:13 2024
Job was executed on host(s) <ccb164>, in queue <s>, as user <jaeyoung> in cluster <centralcluster> at Mon Jul 22 18:36:48 2024
</home/belle2/jaeyoung> was used as the home directory.
</home/belle2/jaeyoung/workspace/DRAW_and_FITTING/main/FITTING/etapip/MC15ri_generic/tight_v2_fit_v6/ToyMC> was used as the working directory.
Started at Mon Jul 22 18:36:48 2024
Terminated at Mon Jul 22 19:24:03 2024
Results reported at Mon Jul 22 19:24:03 2024

Your job looked like:

------------------------------------------------------------
# LSBATCH: User input
bash -c "basf2 etapip_gg_fit_v6_toymc_100.py 305 > /home/belle2/jaeyoung/storage_ghi/Ntuples_ghi_2/MC15ri_generic/MC15ri_etaetapip_tight_v2_240419_Kp_BCS_etapi0const/bsub_log//MC15ri_etapip_gg_fitv6_toyMC_100_305.log"
------------------------------------------------------------

Successfully completed.

Resource usage summary:

    CPU time :                                   2814.42 sec.
    Max Memory :                                 1315 MB
    Average Memory :                             947.11 MB
    Total Requested Memory :                     4000.00 MB
    Delta Memory :                               2685.00 MB
    Max Swap :                                   -
    Max Processes :                              19
    Max Threads :                                20
    Run time :                                   2835 sec.
    Turnaround time :                            2930 sec.

The output (if any) follows:



PS:

Read file <./bsub_log/305.err> for stderr output of this job.

Sender: LSF System <lsfadmin@ccb062>
Subject: Job 53832450: <bash -c "basf2 etapip_gg_fit_v6_toymc_100.py 305 > /home/belle2/jaeyoung/storage_ghi/Ntuples_ghi_2/MC15ri_generic/MC15ri_etaetapip_tight_v2_240419_Kp_BCS_etapi0const/bsub_log//MC15ri_etapip_gg_fitv6_toyMC_100_305.log"> in cluster <centralcluster> Done

Job <bash -c "basf2 etapip_gg_fit_v6_toymc_100.py 305 > /home/belle2/jaeyoung/storage_ghi/Ntuples_ghi_2/MC15ri_generic/MC15ri_etaetapip_tight_v2_240419_Kp_BCS_etapi0const/bsub_log//MC15ri_etapip_gg_fitv6_toyMC_100_305.log"> was submitted from host <ccw05> by user <jaeyoung> in cluster <centralcluster> at Tue Jul 23 00:50:05 2024
Job was executed on host(s) <ccb062>, in queue <s>, as user <jaeyoung> in cluster <centralcluster> at Tue Jul 23 00:50:24 2024
</home/belle2/jaeyoung> was used as the home directory.
</home/belle2/jaeyoung/workspace/DRAW_and_FITTING/main/FITTING/etapip/MC15ri_generic/tight_v2_fit_v6/ToyMC> was used as the working directory.
Started at Tue Jul 23 00:50:24 2024
Terminated at Tue Jul 23 01:37:31 2024
Results reported at Tue Jul 23 01:37:31 2024

Your job looked like:

------------------------------------------------------------
# LSBATCH: User input
bash -c "basf2 etapip_gg_fit_v6_toymc_100.py 305 > /home/belle2/jaeyoung/storage_ghi/Ntuples_ghi_2/MC15ri_generic/MC15ri_etaetapip_tight_v2_240419_Kp_BCS_etapi0const/bsub_log//MC15ri_etapip_gg_fitv6_toyMC_100_305.log"
------------------------------------------------------------

Successfully completed.

Resource usage summary:

    CPU time :                                   2764.99 sec.
    Max Memory :                                 1410 MB
    Average Memory :                             1046.28 MB
    Total Requested Memory :                     4000.00 MB
    Delta Memory :                               2590.00 MB
    Max Swap :                                   -
    Max Processes :                              19
    Max Threads :                                20
    Run time :                                   2826 sec.
    Turnaround time :                            2846 sec.

The output (if any) follows:



PS:

Read file <./bsub_log/305.err> for stderr output of this job.

Sender: LSF System <lsfadmin@ccb164>
Subject: Job 54397993: <bash -c "basf2 etapip_gg_fit_v6_toymc_100.py 305 > /home/belle2/jaeyoung/storage_ghi/Ntuples_ghi_2/MC15ri_generic/MC15ri_etaetapip_tight_v2_240419_Kp_BCS_etapi0const/bsub_log//MC15ri_etapip_gg_fitv6_toyMC_100_305.log"> in cluster <centralcluster> Done

Job <bash -c "basf2 etapip_gg_fit_v6_toymc_100.py 305 > /home/belle2/jaeyoung/storage_ghi/Ntuples_ghi_2/MC15ri_generic/MC15ri_etaetapip_tight_v2_240419_Kp_BCS_etapi0const/bsub_log//MC15ri_etapip_gg_fitv6_toyMC_100_305.log"> was submitted from host <ccw04> by user <jaeyoung> in cluster <centralcluster> at Tue Jul 23 17:59:21 2024
Job was executed on host(s) <ccb164>, in queue <s>, as user <jaeyoung> in cluster <centralcluster> at Tue Jul 23 18:27:57 2024
</home/belle2/jaeyoung> was used as the home directory.
</home/belle2/jaeyoung/workspace/DRAW_and_FITTING/main/FITTING/etapip/MC15ri_generic/tight_v2_fit_v6/ToyMC> was used as the working directory.
Started at Tue Jul 23 18:27:57 2024
Terminated at Tue Jul 23 19:15:08 2024
Results reported at Tue Jul 23 19:15:08 2024

Your job looked like:

------------------------------------------------------------
# LSBATCH: User input
bash -c "basf2 etapip_gg_fit_v6_toymc_100.py 305 > /home/belle2/jaeyoung/storage_ghi/Ntuples_ghi_2/MC15ri_generic/MC15ri_etaetapip_tight_v2_240419_Kp_BCS_etapi0const/bsub_log//MC15ri_etapip_gg_fitv6_toyMC_100_305.log"
------------------------------------------------------------

Successfully completed.

Resource usage summary:

    CPU time :                                   2803.55 sec.
    Max Memory :                                 1313 MB
    Average Memory :                             952.65 MB
    Total Requested Memory :                     4000.00 MB
    Delta Memory :                               2687.00 MB
    Max Swap :                                   -
    Max Processes :                              19
    Max Threads :                                20
    Run time :                                   2832 sec.
    Turnaround time :                            4547 sec.

The output (if any) follows:



PS:

Read file <./bsub_log/305.err> for stderr output of this job.

