Sender: LSF System <lsfadmin@ccb184>
Subject: Job 52359528: <bash -c "basf2 etapip_gg_fit_v6_toymc_100.py 308 > /home/belle2/jaeyoung/storage_ghi/Ntuples_ghi_2/MC15ri_generic/MC15ri_etaetapip_tight_v2_240419_Kp_BCS_etapi0const/bsub_log//MC15ri_etapip_gg_fitv6_toyMC_100_308.log"> in cluster <centralcluster> Done

Job <bash -c "basf2 etapip_gg_fit_v6_toymc_100.py 308 > /home/belle2/jaeyoung/storage_ghi/Ntuples_ghi_2/MC15ri_generic/MC15ri_etaetapip_tight_v2_240419_Kp_BCS_etapi0const/bsub_log//MC15ri_etapip_gg_fitv6_toyMC_100_308.log"> was submitted from host <ccw02> by user <jaeyoung> in cluster <centralcluster> at Sat Jul 20 14:39:50 2024
Job was executed on host(s) <ccb184>, in queue <s>, as user <jaeyoung> in cluster <centralcluster> at Sat Jul 20 14:43:00 2024
</home/belle2/jaeyoung> was used as the home directory.
</home/belle2/jaeyoung/workspace/DRAW_and_FITTING/main/FITTING/etapip/MC15ri_generic/tight_v2_fit_v6/ToyMC> was used as the working directory.
Started at Sat Jul 20 14:43:00 2024
Terminated at Sat Jul 20 15:30:02 2024
Results reported at Sat Jul 20 15:30:02 2024

Your job looked like:

------------------------------------------------------------
# LSBATCH: User input
bash -c "basf2 etapip_gg_fit_v6_toymc_100.py 308 > /home/belle2/jaeyoung/storage_ghi/Ntuples_ghi_2/MC15ri_generic/MC15ri_etaetapip_tight_v2_240419_Kp_BCS_etapi0const/bsub_log//MC15ri_etapip_gg_fitv6_toyMC_100_308.log"
------------------------------------------------------------

Successfully completed.

Resource usage summary:

    CPU time :                                   2813.16 sec.
    Max Memory :                                 1311 MB
    Average Memory :                             936.33 MB
    Total Requested Memory :                     4000.00 MB
    Delta Memory :                               2689.00 MB
    Max Swap :                                   -
    Max Processes :                              19
    Max Threads :                                20
    Run time :                                   2822 sec.
    Turnaround time :                            3012 sec.

The output (if any) follows:



PS:

Read file <./bsub_log/308.err> for stderr output of this job.

Sender: LSF System <lsfadmin@ccb120>
Subject: Job 53030204: <bash -c "basf2 etapip_gg_fit_v6_toymc_100.py 308 > /home/belle2/jaeyoung/storage_ghi/Ntuples_ghi_2/MC15ri_generic/MC15ri_etaetapip_tight_v2_240419_Kp_BCS_etapi0const/bsub_log//MC15ri_etapip_gg_fitv6_toyMC_100_308.log"> in cluster <centralcluster> Done

Job <bash -c "basf2 etapip_gg_fit_v6_toymc_100.py 308 > /home/belle2/jaeyoung/storage_ghi/Ntuples_ghi_2/MC15ri_generic/MC15ri_etaetapip_tight_v2_240419_Kp_BCS_etapi0const/bsub_log//MC15ri_etapip_gg_fitv6_toyMC_100_308.log"> was submitted from host <ccw03> by user <jaeyoung> in cluster <centralcluster> at Sun Jul 21 17:31:12 2024
Job was executed on host(s) <ccb120>, in queue <s>, as user <jaeyoung> in cluster <centralcluster> at Sun Jul 21 17:31:47 2024
</home/belle2/jaeyoung> was used as the home directory.
</home/belle2/jaeyoung/workspace/DRAW_and_FITTING/main/FITTING/etapip/MC15ri_generic/tight_v2_fit_v6/ToyMC> was used as the working directory.
Started at Sun Jul 21 17:31:47 2024
Terminated at Sun Jul 21 18:19:25 2024
Results reported at Sun Jul 21 18:19:25 2024

Your job looked like:

------------------------------------------------------------
# LSBATCH: User input
bash -c "basf2 etapip_gg_fit_v6_toymc_100.py 308 > /home/belle2/jaeyoung/storage_ghi/Ntuples_ghi_2/MC15ri_generic/MC15ri_etaetapip_tight_v2_240419_Kp_BCS_etapi0const/bsub_log//MC15ri_etapip_gg_fitv6_toyMC_100_308.log"
------------------------------------------------------------

Successfully completed.

Resource usage summary:

    CPU time :                                   2842.86 sec.
    Max Memory :                                 1311 MB
    Average Memory :                             930.98 MB
    Total Requested Memory :                     4000.00 MB
    Delta Memory :                               2689.00 MB
    Max Swap :                                   -
    Max Processes :                              19
    Max Threads :                                20
    Run time :                                   2859 sec.
    Turnaround time :                            2893 sec.

The output (if any) follows:



PS:

Read file <./bsub_log/308.err> for stderr output of this job.

Sender: LSF System <lsfadmin@ccb111>
Subject: Job 53202679: <bash -c "basf2 etapip_gg_fit_v6_toymc_100.py 308 > /home/belle2/jaeyoung/storage_ghi/Ntuples_ghi_2/MC15ri_generic/MC15ri_etaetapip_tight_v2_240419_Kp_BCS_etapi0const/bsub_log//MC15ri_etapip_gg_fitv6_toyMC_100_308.log"> in cluster <centralcluster> Exited

Job <bash -c "basf2 etapip_gg_fit_v6_toymc_100.py 308 > /home/belle2/jaeyoung/storage_ghi/Ntuples_ghi_2/MC15ri_generic/MC15ri_etaetapip_tight_v2_240419_Kp_BCS_etapi0const/bsub_log//MC15ri_etapip_gg_fitv6_toyMC_100_308.log"> was submitted from host <ccw03> by user <jaeyoung> in cluster <centralcluster> at Mon Jul 22 00:50:17 2024
Job was executed on host(s) <ccb111>, in queue <s>, as user <jaeyoung> in cluster <centralcluster> at Mon Jul 22 00:51:17 2024
</home/belle2/jaeyoung> was used as the home directory.
</home/belle2/jaeyoung/workspace/DRAW_and_FITTING/main/FITTING/etapip/MC15ri_generic/tight_v2_fit_v6/ToyMC> was used as the working directory.
Started at Mon Jul 22 00:51:17 2024
Terminated at Mon Jul 22 01:08:33 2024
Results reported at Mon Jul 22 01:08:33 2024

Your job looked like:

------------------------------------------------------------
# LSBATCH: User input
bash -c "basf2 etapip_gg_fit_v6_toymc_100.py 308 > /home/belle2/jaeyoung/storage_ghi/Ntuples_ghi_2/MC15ri_generic/MC15ri_etaetapip_tight_v2_240419_Kp_BCS_etapi0const/bsub_log//MC15ri_etapip_gg_fitv6_toyMC_100_308.log"
------------------------------------------------------------

Exited with exit code 1.

Resource usage summary:

    CPU time :                                   997.86 sec.
    Max Memory :                                 1253 MB
    Average Memory :                             1155.56 MB
    Total Requested Memory :                     4000.00 MB
    Delta Memory :                               2747.00 MB
    Max Swap :                                   -
    Max Processes :                              19
    Max Threads :                                20
    Run time :                                   1036 sec.
    Turnaround time :                            1096 sec.

The output (if any) follows:



PS:

Read file <./bsub_log/308.err> for stderr output of this job.

Sender: LSF System <lsfadmin@ccb128>
Subject: Job 53407064: <bash -c "basf2 etapip_gg_fit_v6_toymc_100.py 308 > /home/belle2/jaeyoung/storage_ghi/Ntuples_ghi_2/MC15ri_generic/MC15ri_etaetapip_tight_v2_240419_Kp_BCS_etapi0const/bsub_log//MC15ri_etapip_gg_fitv6_toyMC_100_308.log"> in cluster <centralcluster> Done

Job <bash -c "basf2 etapip_gg_fit_v6_toymc_100.py 308 > /home/belle2/jaeyoung/storage_ghi/Ntuples_ghi_2/MC15ri_generic/MC15ri_etaetapip_tight_v2_240419_Kp_BCS_etapi0const/bsub_log//MC15ri_etapip_gg_fitv6_toyMC_100_308.log"> was submitted from host <ccw06> by user <jaeyoung> in cluster <centralcluster> at Mon Jul 22 10:49:03 2024
Job was executed on host(s) <ccb128>, in queue <s>, as user <jaeyoung> in cluster <centralcluster> at Mon Jul 22 10:49:29 2024
</home/belle2/jaeyoung> was used as the home directory.
</home/belle2/jaeyoung/workspace/DRAW_and_FITTING/main/FITTING/etapip/MC15ri_generic/tight_v2_fit_v6/ToyMC> was used as the working directory.
Started at Mon Jul 22 10:49:29 2024
Terminated at Mon Jul 22 11:37:17 2024
Results reported at Mon Jul 22 11:37:17 2024

Your job looked like:

------------------------------------------------------------
# LSBATCH: User input
bash -c "basf2 etapip_gg_fit_v6_toymc_100.py 308 > /home/belle2/jaeyoung/storage_ghi/Ntuples_ghi_2/MC15ri_generic/MC15ri_etaetapip_tight_v2_240419_Kp_BCS_etapi0const/bsub_log//MC15ri_etapip_gg_fitv6_toyMC_100_308.log"
------------------------------------------------------------

Successfully completed.

Resource usage summary:

    CPU time :                                   2854.05 sec.
    Max Memory :                                 1311 MB
    Average Memory :                             950.58 MB
    Total Requested Memory :                     4000.00 MB
    Delta Memory :                               2689.00 MB
    Max Swap :                                   -
    Max Processes :                              19
    Max Threads :                                20
    Run time :                                   2867 sec.
    Turnaround time :                            2894 sec.

The output (if any) follows:



PS:

Read file <./bsub_log/308.err> for stderr output of this job.

Sender: LSF System <lsfadmin@ccb540>
Subject: Job 53599247: <bash -c "basf2 etapip_gg_fit_v6_toymc_100.py 308 > /home/belle2/jaeyoung/storage_ghi/Ntuples_ghi_2/MC15ri_generic/MC15ri_etaetapip_tight_v2_240419_Kp_BCS_etapi0const/bsub_log//MC15ri_etapip_gg_fitv6_toyMC_100_308.log"> in cluster <centralcluster> Done

Job <bash -c "basf2 etapip_gg_fit_v6_toymc_100.py 308 > /home/belle2/jaeyoung/storage_ghi/Ntuples_ghi_2/MC15ri_generic/MC15ri_etaetapip_tight_v2_240419_Kp_BCS_etapi0const/bsub_log//MC15ri_etapip_gg_fitv6_toyMC_100_308.log"> was submitted from host <ccw03> by user <jaeyoung> in cluster <centralcluster> at Mon Jul 22 18:35:14 2024
Job was executed on host(s) <ccb540>, in queue <s>, as user <jaeyoung> in cluster <centralcluster> at Mon Jul 22 18:36:49 2024
</home/belle2/jaeyoung> was used as the home directory.
</home/belle2/jaeyoung/workspace/DRAW_and_FITTING/main/FITTING/etapip/MC15ri_generic/tight_v2_fit_v6/ToyMC> was used as the working directory.
Started at Mon Jul 22 18:36:49 2024
Terminated at Mon Jul 22 19:23:38 2024
Results reported at Mon Jul 22 19:23:38 2024

Your job looked like:

------------------------------------------------------------
# LSBATCH: User input
bash -c "basf2 etapip_gg_fit_v6_toymc_100.py 308 > /home/belle2/jaeyoung/storage_ghi/Ntuples_ghi_2/MC15ri_generic/MC15ri_etaetapip_tight_v2_240419_Kp_BCS_etapi0const/bsub_log//MC15ri_etapip_gg_fitv6_toyMC_100_308.log"
------------------------------------------------------------

Successfully completed.

Resource usage summary:

    CPU time :                                   2798.18 sec.
    Max Memory :                                 1314 MB
    Average Memory :                             970.60 MB
    Total Requested Memory :                     4000.00 MB
    Delta Memory :                               2686.00 MB
    Max Swap :                                   -
    Max Processes :                              19
    Max Threads :                                20
    Run time :                                   2810 sec.
    Turnaround time :                            2904 sec.

The output (if any) follows:



PS:

Read file <./bsub_log/308.err> for stderr output of this job.

Sender: LSF System <lsfadmin@ccb514>
Subject: Job 53832463: <bash -c "basf2 etapip_gg_fit_v6_toymc_100.py 308 > /home/belle2/jaeyoung/storage_ghi/Ntuples_ghi_2/MC15ri_generic/MC15ri_etaetapip_tight_v2_240419_Kp_BCS_etapi0const/bsub_log//MC15ri_etapip_gg_fitv6_toyMC_100_308.log"> in cluster <centralcluster> Done

Job <bash -c "basf2 etapip_gg_fit_v6_toymc_100.py 308 > /home/belle2/jaeyoung/storage_ghi/Ntuples_ghi_2/MC15ri_generic/MC15ri_etaetapip_tight_v2_240419_Kp_BCS_etapi0const/bsub_log//MC15ri_etapip_gg_fitv6_toyMC_100_308.log"> was submitted from host <ccw05> by user <jaeyoung> in cluster <centralcluster> at Tue Jul 23 00:50:06 2024
Job was executed on host(s) <ccb514>, in queue <s>, as user <jaeyoung> in cluster <centralcluster> at Tue Jul 23 00:50:25 2024
</home/belle2/jaeyoung> was used as the home directory.
</home/belle2/jaeyoung/workspace/DRAW_and_FITTING/main/FITTING/etapip/MC15ri_generic/tight_v2_fit_v6/ToyMC> was used as the working directory.
Started at Tue Jul 23 00:50:25 2024
Terminated at Tue Jul 23 01:37:27 2024
Results reported at Tue Jul 23 01:37:27 2024

Your job looked like:

------------------------------------------------------------
# LSBATCH: User input
bash -c "basf2 etapip_gg_fit_v6_toymc_100.py 308 > /home/belle2/jaeyoung/storage_ghi/Ntuples_ghi_2/MC15ri_generic/MC15ri_etaetapip_tight_v2_240419_Kp_BCS_etapi0const/bsub_log//MC15ri_etapip_gg_fitv6_toyMC_100_308.log"
------------------------------------------------------------

Successfully completed.

Resource usage summary:

    CPU time :                                   2812.42 sec.
    Max Memory :                                 1311 MB
    Average Memory :                             946.51 MB
    Total Requested Memory :                     4000.00 MB
    Delta Memory :                               2689.00 MB
    Max Swap :                                   -
    Max Processes :                              19
    Max Threads :                                20
    Run time :                                   2821 sec.
    Turnaround time :                            2841 sec.

The output (if any) follows:



PS:

Read file <./bsub_log/308.err> for stderr output of this job.

Sender: LSF System <lsfadmin@ccb180>
Subject: Job 54398006: <bash -c "basf2 etapip_gg_fit_v6_toymc_100.py 308 > /home/belle2/jaeyoung/storage_ghi/Ntuples_ghi_2/MC15ri_generic/MC15ri_etaetapip_tight_v2_240419_Kp_BCS_etapi0const/bsub_log//MC15ri_etapip_gg_fitv6_toyMC_100_308.log"> in cluster <centralcluster> Done

Job <bash -c "basf2 etapip_gg_fit_v6_toymc_100.py 308 > /home/belle2/jaeyoung/storage_ghi/Ntuples_ghi_2/MC15ri_generic/MC15ri_etaetapip_tight_v2_240419_Kp_BCS_etapi0const/bsub_log//MC15ri_etapip_gg_fitv6_toyMC_100_308.log"> was submitted from host <ccw04> by user <jaeyoung> in cluster <centralcluster> at Tue Jul 23 17:59:22 2024
Job was executed on host(s) <ccb180>, in queue <s>, as user <jaeyoung> in cluster <centralcluster> at Tue Jul 23 18:27:59 2024
</home/belle2/jaeyoung> was used as the home directory.
</home/belle2/jaeyoung/workspace/DRAW_and_FITTING/main/FITTING/etapip/MC15ri_generic/tight_v2_fit_v6/ToyMC> was used as the working directory.
Started at Tue Jul 23 18:27:59 2024
Terminated at Tue Jul 23 19:13:37 2024
Results reported at Tue Jul 23 19:13:37 2024

Your job looked like:

------------------------------------------------------------
# LSBATCH: User input
bash -c "basf2 etapip_gg_fit_v6_toymc_100.py 308 > /home/belle2/jaeyoung/storage_ghi/Ntuples_ghi_2/MC15ri_generic/MC15ri_etaetapip_tight_v2_240419_Kp_BCS_etapi0const/bsub_log//MC15ri_etapip_gg_fitv6_toyMC_100_308.log"
------------------------------------------------------------

Successfully completed.

Resource usage summary:

    CPU time :                                   2715.79 sec.
    Max Memory :                                 1313 MB
    Average Memory :                             946.15 MB
    Total Requested Memory :                     4000.00 MB
    Delta Memory :                               2687.00 MB
    Max Swap :                                   -
    Max Processes :                              19
    Max Threads :                                20
    Run time :                                   2738 sec.
    Turnaround time :                            4455 sec.

The output (if any) follows:



PS:

Read file <./bsub_log/308.err> for stderr output of this job.

