Sender: LSF System <lsfadmin@ccb078>
Subject: Job 51906781: <bash -c "basf2 etapip_gg_fit_v6_toymc_100.py 32 > /home/belle2/jaeyoung/storage_ghi/Ntuples_ghi_2/MC15ri_generic/MC15ri_etaetapip_tight_v2_240419_Kp_BCS_etapi0const/bsub_log//MC15ri_etapip_gg_fitv6_toyMC_100_32.log"> in cluster <centralcluster> Done

Job <bash -c "basf2 etapip_gg_fit_v6_toymc_100.py 32 > /home/belle2/jaeyoung/storage_ghi/Ntuples_ghi_2/MC15ri_generic/MC15ri_etaetapip_tight_v2_240419_Kp_BCS_etapi0const/bsub_log//MC15ri_etapip_gg_fitv6_toyMC_100_32.log"> was submitted from host <ccw03> by user <jaeyoung> in cluster <centralcluster> at Fri Jul 19 17:59:50 2024
Job was executed on host(s) <ccb078>, in queue <s>, as user <jaeyoung> in cluster <centralcluster> at Fri Jul 19 17:59:52 2024
</home/belle2/jaeyoung> was used as the home directory.
</home/belle2/jaeyoung/workspace/DRAW_and_FITTING/main/FITTING/etapip/MC15ri_generic/tight_v2_fit_v6/ToyMC> was used as the working directory.
Started at Fri Jul 19 17:59:52 2024
Terminated at Fri Jul 19 18:48:02 2024
Results reported at Fri Jul 19 18:48:02 2024

Your job looked like:

------------------------------------------------------------
# LSBATCH: User input
bash -c "basf2 etapip_gg_fit_v6_toymc_100.py 32 > /home/belle2/jaeyoung/storage_ghi/Ntuples_ghi_2/MC15ri_generic/MC15ri_etaetapip_tight_v2_240419_Kp_BCS_etapi0const/bsub_log//MC15ri_etapip_gg_fitv6_toyMC_100_32.log"
------------------------------------------------------------

Successfully completed.

Resource usage summary:

    CPU time :                                   2850.70 sec.
    Max Memory :                                 1313 MB
    Average Memory :                             941.23 MB
    Total Requested Memory :                     4000.00 MB
    Delta Memory :                               2687.00 MB
    Max Swap :                                   -
    Max Processes :                              19
    Max Threads :                                20
    Run time :                                   2891 sec.
    Turnaround time :                            2892 sec.

The output (if any) follows:



PS:

Read file <./bsub_log/32.err> for stderr output of this job.

Sender: LSF System <lsfadmin@ccb230>
Subject: Job 52358916: <bash -c "basf2 etapip_gg_fit_v6_toymc_100.py 32 > /home/belle2/jaeyoung/storage_ghi/Ntuples_ghi_2/MC15ri_generic/MC15ri_etaetapip_tight_v2_240419_Kp_BCS_etapi0const/bsub_log//MC15ri_etapip_gg_fitv6_toyMC_100_32.log"> in cluster <centralcluster> Done

Job <bash -c "basf2 etapip_gg_fit_v6_toymc_100.py 32 > /home/belle2/jaeyoung/storage_ghi/Ntuples_ghi_2/MC15ri_generic/MC15ri_etaetapip_tight_v2_240419_Kp_BCS_etapi0const/bsub_log//MC15ri_etapip_gg_fitv6_toyMC_100_32.log"> was submitted from host <ccw02> by user <jaeyoung> in cluster <centralcluster> at Sat Jul 20 14:38:14 2024
Job was executed on host(s) <ccb230>, in queue <s>, as user <jaeyoung> in cluster <centralcluster> at Sat Jul 20 14:38:17 2024
</home/belle2/jaeyoung> was used as the home directory.
</home/belle2/jaeyoung/workspace/DRAW_and_FITTING/main/FITTING/etapip/MC15ri_generic/tight_v2_fit_v6/ToyMC> was used as the working directory.
Started at Sat Jul 20 14:38:17 2024
Terminated at Sat Jul 20 15:28:01 2024
Results reported at Sat Jul 20 15:28:01 2024

Your job looked like:

------------------------------------------------------------
# LSBATCH: User input
bash -c "basf2 etapip_gg_fit_v6_toymc_100.py 32 > /home/belle2/jaeyoung/storage_ghi/Ntuples_ghi_2/MC15ri_generic/MC15ri_etaetapip_tight_v2_240419_Kp_BCS_etapi0const/bsub_log//MC15ri_etapip_gg_fitv6_toyMC_100_32.log"
------------------------------------------------------------

Successfully completed.

Resource usage summary:

    CPU time :                                   2968.56 sec.
    Max Memory :                                 1311 MB
    Average Memory :                             961.00 MB
    Total Requested Memory :                     4000.00 MB
    Delta Memory :                               2689.00 MB
    Max Swap :                                   -
    Max Processes :                              19
    Max Threads :                                20
    Run time :                                   2985 sec.
    Turnaround time :                            2987 sec.

The output (if any) follows:



PS:

Read file <./bsub_log/32.err> for stderr output of this job.

Sender: LSF System <lsfadmin@ccb541>
Subject: Job 53029083: <bash -c "basf2 etapip_gg_fit_v6_toymc_100.py 32 > /home/belle2/jaeyoung/storage_ghi/Ntuples_ghi_2/MC15ri_generic/MC15ri_etaetapip_tight_v2_240419_Kp_BCS_etapi0const/bsub_log//MC15ri_etapip_gg_fitv6_toyMC_100_32.log"> in cluster <centralcluster> Done

Job <bash -c "basf2 etapip_gg_fit_v6_toymc_100.py 32 > /home/belle2/jaeyoung/storage_ghi/Ntuples_ghi_2/MC15ri_generic/MC15ri_etaetapip_tight_v2_240419_Kp_BCS_etapi0const/bsub_log//MC15ri_etapip_gg_fitv6_toyMC_100_32.log"> was submitted from host <ccw03> by user <jaeyoung> in cluster <centralcluster> at Sun Jul 21 17:29:38 2024
Job was executed on host(s) <ccb541>, in queue <s>, as user <jaeyoung> in cluster <centralcluster> at Sun Jul 21 17:29:47 2024
</home/belle2/jaeyoung> was used as the home directory.
</home/belle2/jaeyoung/workspace/DRAW_and_FITTING/main/FITTING/etapip/MC15ri_generic/tight_v2_fit_v6/ToyMC> was used as the working directory.
Started at Sun Jul 21 17:29:47 2024
Terminated at Sun Jul 21 18:18:08 2024
Results reported at Sun Jul 21 18:18:08 2024

Your job looked like:

------------------------------------------------------------
# LSBATCH: User input
bash -c "basf2 etapip_gg_fit_v6_toymc_100.py 32 > /home/belle2/jaeyoung/storage_ghi/Ntuples_ghi_2/MC15ri_generic/MC15ri_etaetapip_tight_v2_240419_Kp_BCS_etapi0const/bsub_log//MC15ri_etapip_gg_fitv6_toyMC_100_32.log"
------------------------------------------------------------

Successfully completed.

Resource usage summary:

    CPU time :                                   2884.41 sec.
    Max Memory :                                 1311 MB
    Average Memory :                             938.00 MB
    Total Requested Memory :                     4000.00 MB
    Delta Memory :                               2689.00 MB
    Max Swap :                                   -
    Max Processes :                              19
    Max Threads :                                20
    Run time :                                   2902 sec.
    Turnaround time :                            2910 sec.

The output (if any) follows:



PS:

Read file <./bsub_log/32.err> for stderr output of this job.

Sender: LSF System <lsfadmin@ccb173>
Subject: Job 53201913: <bash -c "basf2 etapip_gg_fit_v6_toymc_100.py 32 > /home/belle2/jaeyoung/storage_ghi/Ntuples_ghi_2/MC15ri_generic/MC15ri_etaetapip_tight_v2_240419_Kp_BCS_etapi0const/bsub_log//MC15ri_etapip_gg_fitv6_toyMC_100_32.log"> in cluster <centralcluster> Exited

Job <bash -c "basf2 etapip_gg_fit_v6_toymc_100.py 32 > /home/belle2/jaeyoung/storage_ghi/Ntuples_ghi_2/MC15ri_generic/MC15ri_etaetapip_tight_v2_240419_Kp_BCS_etapi0const/bsub_log//MC15ri_etapip_gg_fitv6_toyMC_100_32.log"> was submitted from host <ccw03> by user <jaeyoung> in cluster <centralcluster> at Mon Jul 22 00:48:38 2024
Job was executed on host(s) <ccb173>, in queue <s>, as user <jaeyoung> in cluster <centralcluster> at Mon Jul 22 00:48:42 2024
</home/belle2/jaeyoung> was used as the home directory.
</home/belle2/jaeyoung/workspace/DRAW_and_FITTING/main/FITTING/etapip/MC15ri_generic/tight_v2_fit_v6/ToyMC> was used as the working directory.
Started at Mon Jul 22 00:48:42 2024
Terminated at Mon Jul 22 01:05:31 2024
Results reported at Mon Jul 22 01:05:31 2024

Your job looked like:

------------------------------------------------------------
# LSBATCH: User input
bash -c "basf2 etapip_gg_fit_v6_toymc_100.py 32 > /home/belle2/jaeyoung/storage_ghi/Ntuples_ghi_2/MC15ri_generic/MC15ri_etaetapip_tight_v2_240419_Kp_BCS_etapi0const/bsub_log//MC15ri_etapip_gg_fitv6_toyMC_100_32.log"
------------------------------------------------------------

Exited with exit code 1.

Resource usage summary:

    CPU time :                                   1004.20 sec.
    Max Memory :                                 1258 MB
    Average Memory :                             1174.13 MB
    Total Requested Memory :                     4000.00 MB
    Delta Memory :                               2742.00 MB
    Max Swap :                                   -
    Max Processes :                              19
    Max Threads :                                20
    Run time :                                   1008 sec.
    Turnaround time :                            1013 sec.

The output (if any) follows:



PS:

Read file <./bsub_log/32.err> for stderr output of this job.

Sender: LSF System <lsfadmin@ccb033>
Subject: Job 53406422: <bash -c "basf2 etapip_gg_fit_v6_toymc_100.py 32 > /home/belle2/jaeyoung/storage_ghi/Ntuples_ghi_2/MC15ri_generic/MC15ri_etaetapip_tight_v2_240419_Kp_BCS_etapi0const/bsub_log//MC15ri_etapip_gg_fitv6_toyMC_100_32.log"> in cluster <centralcluster> Done

Job <bash -c "basf2 etapip_gg_fit_v6_toymc_100.py 32 > /home/belle2/jaeyoung/storage_ghi/Ntuples_ghi_2/MC15ri_generic/MC15ri_etaetapip_tight_v2_240419_Kp_BCS_etapi0const/bsub_log//MC15ri_etapip_gg_fitv6_toyMC_100_32.log"> was submitted from host <ccw06> by user <jaeyoung> in cluster <centralcluster> at Mon Jul 22 10:47:43 2024
Job was executed on host(s) <ccb033>, in queue <s>, as user <jaeyoung> in cluster <centralcluster> at Mon Jul 22 10:47:46 2024
</home/belle2/jaeyoung> was used as the home directory.
</home/belle2/jaeyoung/workspace/DRAW_and_FITTING/main/FITTING/etapip/MC15ri_generic/tight_v2_fit_v6/ToyMC> was used as the working directory.
Started at Mon Jul 22 10:47:46 2024
Terminated at Mon Jul 22 11:34:02 2024
Results reported at Mon Jul 22 11:34:02 2024

Your job looked like:

------------------------------------------------------------
# LSBATCH: User input
bash -c "basf2 etapip_gg_fit_v6_toymc_100.py 32 > /home/belle2/jaeyoung/storage_ghi/Ntuples_ghi_2/MC15ri_generic/MC15ri_etaetapip_tight_v2_240419_Kp_BCS_etapi0const/bsub_log//MC15ri_etapip_gg_fitv6_toyMC_100_32.log"
------------------------------------------------------------

Successfully completed.

Resource usage summary:

    CPU time :                                   2741.92 sec.
    Max Memory :                                 1311 MB
    Average Memory :                             944.50 MB
    Total Requested Memory :                     4000.00 MB
    Delta Memory :                               2689.00 MB
    Max Swap :                                   -
    Max Processes :                              19
    Max Threads :                                20
    Run time :                                   2776 sec.
    Turnaround time :                            2779 sec.

The output (if any) follows:



PS:

Read file <./bsub_log/32.err> for stderr output of this job.

Sender: LSF System <lsfadmin@ccb270>
Subject: Job 53598279: <bash -c "basf2 etapip_gg_fit_v6_toymc_100.py 32 > /home/belle2/jaeyoung/storage_ghi/Ntuples_ghi_2/MC15ri_generic/MC15ri_etaetapip_tight_v2_240419_Kp_BCS_etapi0const/bsub_log//MC15ri_etapip_gg_fitv6_toyMC_100_32.log"> in cluster <centralcluster> Done

Job <bash -c "basf2 etapip_gg_fit_v6_toymc_100.py 32 > /home/belle2/jaeyoung/storage_ghi/Ntuples_ghi_2/MC15ri_generic/MC15ri_etaetapip_tight_v2_240419_Kp_BCS_etapi0const/bsub_log//MC15ri_etapip_gg_fitv6_toyMC_100_32.log"> was submitted from host <ccw03> by user <jaeyoung> in cluster <centralcluster> at Mon Jul 22 18:33:41 2024
Job was executed on host(s) <ccb270>, in queue <s>, as user <jaeyoung> in cluster <centralcluster> at Mon Jul 22 18:33:51 2024
</home/belle2/jaeyoung> was used as the home directory.
</home/belle2/jaeyoung/workspace/DRAW_and_FITTING/main/FITTING/etapip/MC15ri_generic/tight_v2_fit_v6/ToyMC> was used as the working directory.
Started at Mon Jul 22 18:33:51 2024
Terminated at Mon Jul 22 19:20:13 2024
Results reported at Mon Jul 22 19:20:13 2024

Your job looked like:

------------------------------------------------------------
# LSBATCH: User input
bash -c "basf2 etapip_gg_fit_v6_toymc_100.py 32 > /home/belle2/jaeyoung/storage_ghi/Ntuples_ghi_2/MC15ri_generic/MC15ri_etaetapip_tight_v2_240419_Kp_BCS_etapi0const/bsub_log//MC15ri_etapip_gg_fitv6_toyMC_100_32.log"
------------------------------------------------------------

Successfully completed.

Resource usage summary:

    CPU time :                                   2772.38 sec.
    Max Memory :                                 1311 MB
    Average Memory :                             950.38 MB
    Total Requested Memory :                     4000.00 MB
    Delta Memory :                               2689.00 MB
    Max Swap :                                   -
    Max Processes :                              19
    Max Threads :                                20
    Run time :                                   2781 sec.
    Turnaround time :                            2792 sec.

The output (if any) follows:



PS:

Read file <./bsub_log/32.err> for stderr output of this job.

Sender: LSF System <lsfadmin@ccb136>
Subject: Job 53831142: <bash -c "basf2 etapip_gg_fit_v6_toymc_100.py 32 > /home/belle2/jaeyoung/storage_ghi/Ntuples_ghi_2/MC15ri_generic/MC15ri_etaetapip_tight_v2_240419_Kp_BCS_etapi0const/bsub_log//MC15ri_etapip_gg_fitv6_toyMC_100_32.log"> in cluster <centralcluster> Done

Job <bash -c "basf2 etapip_gg_fit_v6_toymc_100.py 32 > /home/belle2/jaeyoung/storage_ghi/Ntuples_ghi_2/MC15ri_generic/MC15ri_etaetapip_tight_v2_240419_Kp_BCS_etapi0const/bsub_log//MC15ri_etapip_gg_fitv6_toyMC_100_32.log"> was submitted from host <ccw05> by user <jaeyoung> in cluster <centralcluster> at Tue Jul 23 00:48:14 2024
Job was executed on host(s) <ccb136>, in queue <s>, as user <jaeyoung> in cluster <centralcluster> at Tue Jul 23 00:48:34 2024
</home/belle2/jaeyoung> was used as the home directory.
</home/belle2/jaeyoung/workspace/DRAW_and_FITTING/main/FITTING/etapip/MC15ri_generic/tight_v2_fit_v6/ToyMC> was used as the working directory.
Started at Tue Jul 23 00:48:34 2024
Terminated at Tue Jul 23 01:34:23 2024
Results reported at Tue Jul 23 01:34:23 2024

Your job looked like:

------------------------------------------------------------
# LSBATCH: User input
bash -c "basf2 etapip_gg_fit_v6_toymc_100.py 32 > /home/belle2/jaeyoung/storage_ghi/Ntuples_ghi_2/MC15ri_generic/MC15ri_etaetapip_tight_v2_240419_Kp_BCS_etapi0const/bsub_log//MC15ri_etapip_gg_fitv6_toyMC_100_32.log"
------------------------------------------------------------

Successfully completed.

Resource usage summary:

    CPU time :                                   2723.46 sec.
    Max Memory :                                 1313 MB
    Average Memory :                             959.48 MB
    Total Requested Memory :                     4000.00 MB
    Delta Memory :                               2687.00 MB
    Max Swap :                                   -
    Max Processes :                              19
    Max Threads :                                20
    Run time :                                   2750 sec.
    Turnaround time :                            2769 sec.

The output (if any) follows:



PS:

Read file <./bsub_log/32.err> for stderr output of this job.

Sender: LSF System <lsfadmin@ccb159>
Subject: Job 54396347: <bash -c "basf2 etapip_gg_fit_v6_toymc_100.py 32 > /home/belle2/jaeyoung/storage_ghi/Ntuples_ghi_2/MC15ri_generic/MC15ri_etaetapip_tight_v2_240419_Kp_BCS_etapi0const/bsub_log//MC15ri_etapip_gg_fitv6_toyMC_100_32.log"> in cluster <centralcluster> Done

Job <bash -c "basf2 etapip_gg_fit_v6_toymc_100.py 32 > /home/belle2/jaeyoung/storage_ghi/Ntuples_ghi_2/MC15ri_generic/MC15ri_etaetapip_tight_v2_240419_Kp_BCS_etapi0const/bsub_log//MC15ri_etapip_gg_fitv6_toyMC_100_32.log"> was submitted from host <ccw04> by user <jaeyoung> in cluster <centralcluster> at Tue Jul 23 17:57:44 2024
Job was executed on host(s) <ccb159>, in queue <s>, as user <jaeyoung> in cluster <centralcluster> at Tue Jul 23 17:58:32 2024
</home/belle2/jaeyoung> was used as the home directory.
</home/belle2/jaeyoung/workspace/DRAW_and_FITTING/main/FITTING/etapip/MC15ri_generic/tight_v2_fit_v6/ToyMC> was used as the working directory.
Started at Tue Jul 23 17:58:32 2024
Terminated at Tue Jul 23 18:44:17 2024
Results reported at Tue Jul 23 18:44:17 2024

Your job looked like:

------------------------------------------------------------
# LSBATCH: User input
bash -c "basf2 etapip_gg_fit_v6_toymc_100.py 32 > /home/belle2/jaeyoung/storage_ghi/Ntuples_ghi_2/MC15ri_generic/MC15ri_etaetapip_tight_v2_240419_Kp_BCS_etapi0const/bsub_log//MC15ri_etapip_gg_fitv6_toyMC_100_32.log"
------------------------------------------------------------

Successfully completed.

Resource usage summary:

    CPU time :                                   2700.40 sec.
    Max Memory :                                 1313 MB
    Average Memory :                             968.63 MB
    Total Requested Memory :                     4000.00 MB
    Delta Memory :                               2687.00 MB
    Max Swap :                                   -
    Max Processes :                              19
    Max Threads :                                20
    Run time :                                   2746 sec.
    Turnaround time :                            2793 sec.

The output (if any) follows:



PS:

Read file <./bsub_log/32.err> for stderr output of this job.

Sender: LSF System <lsfadmin@ccb528>
Subject: Job 54469048: <bash -c "basf2 etapip_gg_fit_v6_toymc_100.py 32 > /home/belle2/jaeyoung/storage_ghi/Ntuples_ghi_2/MC15ri_generic/MC15ri_etaetapip_tight_v2_240419_Kp_BCS_etapi0const/bsub_log//MC15ri_etapip_gg_fitv6_toyMC_100_32.log"> in cluster <centralcluster> Done

Job <bash -c "basf2 etapip_gg_fit_v6_toymc_100.py 32 > /home/belle2/jaeyoung/storage_ghi/Ntuples_ghi_2/MC15ri_generic/MC15ri_etaetapip_tight_v2_240419_Kp_BCS_etapi0const/bsub_log//MC15ri_etapip_gg_fitv6_toyMC_100_32.log"> was submitted from host <ccw03> by user <jaeyoung> in cluster <centralcluster> at Tue Jul 23 19:36:34 2024
Job was executed on host(s) <ccb528>, in queue <s>, as user <jaeyoung> in cluster <centralcluster> at Tue Jul 23 19:36:37 2024
</home/belle2/jaeyoung> was used as the home directory.
</home/belle2/jaeyoung/workspace/DRAW_and_FITTING/main/FITTING/etapip/MC15ri_generic/tight_v2_fit_v6/ToyMC> was used as the working directory.
Started at Tue Jul 23 19:36:37 2024
Terminated at Tue Jul 23 20:23:57 2024
Results reported at Tue Jul 23 20:23:57 2024

Your job looked like:

------------------------------------------------------------
# LSBATCH: User input
bash -c "basf2 etapip_gg_fit_v6_toymc_100.py 32 > /home/belle2/jaeyoung/storage_ghi/Ntuples_ghi_2/MC15ri_generic/MC15ri_etaetapip_tight_v2_240419_Kp_BCS_etapi0const/bsub_log//MC15ri_etapip_gg_fitv6_toyMC_100_32.log"
------------------------------------------------------------

Successfully completed.

Resource usage summary:

    CPU time :                                   2799.49 sec.
    Max Memory :                                 1311 MB
    Average Memory :                             959.88 MB
    Total Requested Memory :                     4000.00 MB
    Delta Memory :                               2689.00 MB
    Max Swap :                                   -
    Max Processes :                              19
    Max Threads :                                20
    Run time :                                   2840 sec.
    Turnaround time :                            2843 sec.

The output (if any) follows:



PS:

Read file <./bsub_log/32.err> for stderr output of this job.

Sender: LSF System <lsfadmin@ccb123>
Subject: Job 55515401: <bash -c "basf2 etapip_gg_fit_v6_toymc_100.py 32 > /home/belle2/jaeyoung/storage_ghi/Ntuples_ghi_2/MC15ri_generic/MC15ri_etaetapip_tight_v2_240419_Kp_BCS_etapi0const/bsub_log//MC15ri_etapip_gg_fitv6_toyMC_100_32.log"> in cluster <centralcluster> Done

Job <bash -c "basf2 etapip_gg_fit_v6_toymc_100.py 32 > /home/belle2/jaeyoung/storage_ghi/Ntuples_ghi_2/MC15ri_generic/MC15ri_etaetapip_tight_v2_240419_Kp_BCS_etapi0const/bsub_log//MC15ri_etapip_gg_fitv6_toyMC_100_32.log"> was submitted from host <ccw01> by user <jaeyoung> in cluster <centralcluster> at Thu Jul 25 20:49:31 2024
Job was executed on host(s) <ccb123>, in queue <s>, as user <jaeyoung> in cluster <centralcluster> at Thu Jul 25 20:49:32 2024
</home/belle2/jaeyoung> was used as the home directory.
</gpfs/home/belle2/jaeyoung/workspace/DRAW_and_FITTING/main/FITTING/etapip/MC15ri_generic/tight_v2_fit_v6/ToyMC> was used as the working directory.
Started at Thu Jul 25 20:49:32 2024
Terminated at Thu Jul 25 21:38:24 2024
Results reported at Thu Jul 25 21:38:24 2024

Your job looked like:

------------------------------------------------------------
# LSBATCH: User input
bash -c "basf2 etapip_gg_fit_v6_toymc_100.py 32 > /home/belle2/jaeyoung/storage_ghi/Ntuples_ghi_2/MC15ri_generic/MC15ri_etaetapip_tight_v2_240419_Kp_BCS_etapi0const/bsub_log//MC15ri_etapip_gg_fitv6_toyMC_100_32.log"
------------------------------------------------------------

Successfully completed.

Resource usage summary:

    CPU time :                                   2888.64 sec.
    Max Memory :                                 1337 MB
    Average Memory :                             979.68 MB
    Total Requested Memory :                     4000.00 MB
    Delta Memory :                               2663.00 MB
    Max Swap :                                   -
    Max Processes :                              19
    Max Threads :                                20
    Run time :                                   2933 sec.
    Turnaround time :                            2933 sec.

The output (if any) follows:



PS:

Read file <./bsub_log/32.err> for stderr output of this job.

Sender: LSF System <lsfadmin@ccb249>
Subject: Job 56102402: <bash -c "basf2 etapip_gg_fit_v6_toymc_100.py 32 > /home/belle2/jaeyoung/storage_ghi/Ntuples_ghi_2/MC15ri_generic/MC15ri_etaetapip_tight_v2_240419_Kp_BCS_etapi0const/bsub_log//MC15ri_etapip_gg_fitv6_toyMC_100_32.log"> in cluster <centralcluster> Done

Job <bash -c "basf2 etapip_gg_fit_v6_toymc_100.py 32 > /home/belle2/jaeyoung/storage_ghi/Ntuples_ghi_2/MC15ri_generic/MC15ri_etaetapip_tight_v2_240419_Kp_BCS_etapi0const/bsub_log//MC15ri_etapip_gg_fitv6_toyMC_100_32.log"> was submitted from host <ccw06> by user <jaeyoung> in cluster <centralcluster> at Fri Jul 26 23:42:52 2024
Job was executed on host(s) <ccb249>, in queue <s>, as user <jaeyoung> in cluster <centralcluster> at Sat Jul 27 00:13:21 2024
</home/belle2/jaeyoung> was used as the home directory.
</home/belle2/jaeyoung/workspace/DRAW_and_FITTING/main/FITTING/etapip/MC15ri_generic/tight_v2_fit_v6/ToyMC> was used as the working directory.
Started at Sat Jul 27 00:13:21 2024
Terminated at Sat Jul 27 00:45:57 2024
Results reported at Sat Jul 27 00:45:57 2024

Your job looked like:

------------------------------------------------------------
# LSBATCH: User input
bash -c "basf2 etapip_gg_fit_v6_toymc_100.py 32 > /home/belle2/jaeyoung/storage_ghi/Ntuples_ghi_2/MC15ri_generic/MC15ri_etaetapip_tight_v2_240419_Kp_BCS_etapi0const/bsub_log//MC15ri_etapip_gg_fitv6_toyMC_100_32.log"
------------------------------------------------------------

Successfully completed.

Resource usage summary:

    CPU time :                                   1862.11 sec.
    Max Memory :                                 917 MB
    Average Memory :                             643.83 MB
    Total Requested Memory :                     4000.00 MB
    Delta Memory :                               3083.00 MB
    Max Swap :                                   -
    Max Processes :                              19
    Max Threads :                                20
    Run time :                                   1956 sec.
    Turnaround time :                            3785 sec.

The output (if any) follows:



PS:

Read file <./bsub_log/32.err> for stderr output of this job.

Sender: LSF System <lsfadmin@ccb041>
Subject: Job 56133346: <bash -c "basf2 etapip_gg_fit_v6_toymc_100.py 32 > /home/belle2/jaeyoung/storage_ghi/Ntuples_ghi_2/MC15ri_generic/MC15ri_etaetapip_tight_v2_240419_Kp_BCS_etapi0const/bsub_log//MC15ri_etapip_gg_fitv6_toyMC_100_32.log"> in cluster <centralcluster> Done

Job <bash -c "basf2 etapip_gg_fit_v6_toymc_100.py 32 > /home/belle2/jaeyoung/storage_ghi/Ntuples_ghi_2/MC15ri_generic/MC15ri_etaetapip_tight_v2_240419_Kp_BCS_etapi0const/bsub_log//MC15ri_etapip_gg_fitv6_toyMC_100_32.log"> was submitted from host <ccw03> by user <jaeyoung> in cluster <centralcluster> at Sat Jul 27 01:12:18 2024
Job was executed on host(s) <ccb041>, in queue <s>, as user <jaeyoung> in cluster <centralcluster> at Sat Jul 27 03:02:52 2024
</home/belle2/jaeyoung> was used as the home directory.
</gpfs/home/belle2/jaeyoung/workspace/DRAW_and_FITTING/main/FITTING/etapip/MC15ri_generic/tight_v2_fit_v6/ToyMC> was used as the working directory.
Started at Sat Jul 27 03:02:52 2024
Terminated at Sat Jul 27 03:42:49 2024
Results reported at Sat Jul 27 03:42:49 2024

Your job looked like:

------------------------------------------------------------
# LSBATCH: User input
bash -c "basf2 etapip_gg_fit_v6_toymc_100.py 32 > /home/belle2/jaeyoung/storage_ghi/Ntuples_ghi_2/MC15ri_generic/MC15ri_etaetapip_tight_v2_240419_Kp_BCS_etapi0const/bsub_log//MC15ri_etapip_gg_fitv6_toyMC_100_32.log"
------------------------------------------------------------

Successfully completed.

Resource usage summary:

    CPU time :                                   2365.81 sec.
    Max Memory :                                 925 MB
    Average Memory :                             666.88 MB
    Total Requested Memory :                     4000.00 MB
    Delta Memory :                               3075.00 MB
    Max Swap :                                   -
    Max Processes :                              19
    Max Threads :                                20
    Run time :                                   2397 sec.
    Turnaround time :                            9031 sec.

The output (if any) follows:



PS:

Read file <./bsub_log/32.err> for stderr output of this job.

