Sender: LSF System <lsfadmin@ccb515>
Subject: Job 52359561: <bash -c "basf2 etapip_gg_fit_v6_toymc_100.py 321 > /home/belle2/jaeyoung/storage_ghi/Ntuples_ghi_2/MC15ri_generic/MC15ri_etaetapip_tight_v2_240419_Kp_BCS_etapi0const/bsub_log//MC15ri_etapip_gg_fitv6_toyMC_100_321.log"> in cluster <centralcluster> Done

Job <bash -c "basf2 etapip_gg_fit_v6_toymc_100.py 321 > /home/belle2/jaeyoung/storage_ghi/Ntuples_ghi_2/MC15ri_generic/MC15ri_etaetapip_tight_v2_240419_Kp_BCS_etapi0const/bsub_log//MC15ri_etapip_gg_fitv6_toyMC_100_321.log"> was submitted from host <ccw02> by user <jaeyoung> in cluster <centralcluster> at Sat Jul 20 14:39:54 2024
Job was executed on host(s) <ccb515>, in queue <s>, as user <jaeyoung> in cluster <centralcluster> at Sat Jul 20 14:43:05 2024
</home/belle2/jaeyoung> was used as the home directory.
</home/belle2/jaeyoung/workspace/DRAW_and_FITTING/main/FITTING/etapip/MC15ri_generic/tight_v2_fit_v6/ToyMC> was used as the working directory.
Started at Sat Jul 20 14:43:05 2024
Terminated at Sat Jul 20 15:34:25 2024
Results reported at Sat Jul 20 15:34:25 2024

Your job looked like:

------------------------------------------------------------
# LSBATCH: User input
bash -c "basf2 etapip_gg_fit_v6_toymc_100.py 321 > /home/belle2/jaeyoung/storage_ghi/Ntuples_ghi_2/MC15ri_generic/MC15ri_etaetapip_tight_v2_240419_Kp_BCS_etapi0const/bsub_log//MC15ri_etapip_gg_fitv6_toyMC_100_321.log"
------------------------------------------------------------

Successfully completed.

Resource usage summary:

    CPU time :                                   3001.83 sec.
    Max Memory :                                 1311 MB
    Average Memory :                             959.35 MB
    Total Requested Memory :                     4000.00 MB
    Delta Memory :                               2689.00 MB
    Max Swap :                                   -
    Max Processes :                              19
    Max Threads :                                20
    Run time :                                   3080 sec.
    Turnaround time :                            3271 sec.

The output (if any) follows:



PS:

Read file <./bsub_log/321.err> for stderr output of this job.

Sender: LSF System <lsfadmin@ccb014>
Subject: Job 53030253: <bash -c "basf2 etapip_gg_fit_v6_toymc_100.py 321 > /home/belle2/jaeyoung/storage_ghi/Ntuples_ghi_2/MC15ri_generic/MC15ri_etaetapip_tight_v2_240419_Kp_BCS_etapi0const/bsub_log//MC15ri_etapip_gg_fitv6_toyMC_100_321.log"> in cluster <centralcluster> Done

Job <bash -c "basf2 etapip_gg_fit_v6_toymc_100.py 321 > /home/belle2/jaeyoung/storage_ghi/Ntuples_ghi_2/MC15ri_generic/MC15ri_etaetapip_tight_v2_240419_Kp_BCS_etapi0const/bsub_log//MC15ri_etapip_gg_fitv6_toyMC_100_321.log"> was submitted from host <ccw03> by user <jaeyoung> in cluster <centralcluster> at Sun Jul 21 17:31:16 2024
Job was executed on host(s) <ccb014>, in queue <s>, as user <jaeyoung> in cluster <centralcluster> at Sun Jul 21 17:31:49 2024
</home/belle2/jaeyoung> was used as the home directory.
</home/belle2/jaeyoung/workspace/DRAW_and_FITTING/main/FITTING/etapip/MC15ri_generic/tight_v2_fit_v6/ToyMC> was used as the working directory.
Started at Sun Jul 21 17:31:49 2024
Terminated at Sun Jul 21 18:19:25 2024
Results reported at Sun Jul 21 18:19:25 2024

Your job looked like:

------------------------------------------------------------
# LSBATCH: User input
bash -c "basf2 etapip_gg_fit_v6_toymc_100.py 321 > /home/belle2/jaeyoung/storage_ghi/Ntuples_ghi_2/MC15ri_generic/MC15ri_etaetapip_tight_v2_240419_Kp_BCS_etapi0const/bsub_log//MC15ri_etapip_gg_fitv6_toyMC_100_321.log"
------------------------------------------------------------

Successfully completed.

Resource usage summary:

    CPU time :                                   2825.94 sec.
    Max Memory :                                 1311 MB
    Average Memory :                             943.96 MB
    Total Requested Memory :                     4000.00 MB
    Delta Memory :                               2689.00 MB
    Max Swap :                                   -
    Max Processes :                              19
    Max Threads :                                20
    Run time :                                   2855 sec.
    Turnaround time :                            2889 sec.

The output (if any) follows:



PS:

Read file <./bsub_log/321.err> for stderr output of this job.

Sender: LSF System <lsfadmin@ccb028>
Subject: Job 53202728: <bash -c "basf2 etapip_gg_fit_v6_toymc_100.py 321 > /home/belle2/jaeyoung/storage_ghi/Ntuples_ghi_2/MC15ri_generic/MC15ri_etaetapip_tight_v2_240419_Kp_BCS_etapi0const/bsub_log//MC15ri_etapip_gg_fitv6_toyMC_100_321.log"> in cluster <centralcluster> Exited

Job <bash -c "basf2 etapip_gg_fit_v6_toymc_100.py 321 > /home/belle2/jaeyoung/storage_ghi/Ntuples_ghi_2/MC15ri_generic/MC15ri_etaetapip_tight_v2_240419_Kp_BCS_etapi0const/bsub_log//MC15ri_etapip_gg_fitv6_toyMC_100_321.log"> was submitted from host <ccw03> by user <jaeyoung> in cluster <centralcluster> at Mon Jul 22 00:50:21 2024
Job was executed on host(s) <ccb028>, in queue <s>, as user <jaeyoung> in cluster <centralcluster> at Mon Jul 22 00:51:30 2024
</home/belle2/jaeyoung> was used as the home directory.
</home/belle2/jaeyoung/workspace/DRAW_and_FITTING/main/FITTING/etapip/MC15ri_generic/tight_v2_fit_v6/ToyMC> was used as the working directory.
Started at Mon Jul 22 00:51:30 2024
Terminated at Mon Jul 22 01:07:42 2024
Results reported at Mon Jul 22 01:07:42 2024

Your job looked like:

------------------------------------------------------------
# LSBATCH: User input
bash -c "basf2 etapip_gg_fit_v6_toymc_100.py 321 > /home/belle2/jaeyoung/storage_ghi/Ntuples_ghi_2/MC15ri_generic/MC15ri_etaetapip_tight_v2_240419_Kp_BCS_etapi0const/bsub_log//MC15ri_etapip_gg_fitv6_toyMC_100_321.log"
------------------------------------------------------------

Exited with exit code 1.

Resource usage summary:

    CPU time :                                   969.11 sec.
    Max Memory :                                 1253 MB
    Average Memory :                             1169.93 MB
    Total Requested Memory :                     4000.00 MB
    Delta Memory :                               2747.00 MB
    Max Swap :                                   -
    Max Processes :                              19
    Max Threads :                                20
    Run time :                                   973 sec.
    Turnaround time :                            1041 sec.

The output (if any) follows:



PS:

Read file <./bsub_log/321.err> for stderr output of this job.

Sender: LSF System <lsfadmin@ccb030>
Subject: Job 53407100: <bash -c "basf2 etapip_gg_fit_v6_toymc_100.py 321 > /home/belle2/jaeyoung/storage_ghi/Ntuples_ghi_2/MC15ri_generic/MC15ri_etaetapip_tight_v2_240419_Kp_BCS_etapi0const/bsub_log//MC15ri_etapip_gg_fitv6_toyMC_100_321.log"> in cluster <centralcluster> Done

Job <bash -c "basf2 etapip_gg_fit_v6_toymc_100.py 321 > /home/belle2/jaeyoung/storage_ghi/Ntuples_ghi_2/MC15ri_generic/MC15ri_etaetapip_tight_v2_240419_Kp_BCS_etapi0const/bsub_log//MC15ri_etapip_gg_fitv6_toyMC_100_321.log"> was submitted from host <ccw06> by user <jaeyoung> in cluster <centralcluster> at Mon Jul 22 10:49:07 2024
Job was executed on host(s) <ccb030>, in queue <s>, as user <jaeyoung> in cluster <centralcluster> at Mon Jul 22 10:49:37 2024
</home/belle2/jaeyoung> was used as the home directory.
</home/belle2/jaeyoung/workspace/DRAW_and_FITTING/main/FITTING/etapip/MC15ri_generic/tight_v2_fit_v6/ToyMC> was used as the working directory.
Started at Mon Jul 22 10:49:37 2024
Terminated at Mon Jul 22 11:36:49 2024
Results reported at Mon Jul 22 11:36:49 2024

Your job looked like:

------------------------------------------------------------
# LSBATCH: User input
bash -c "basf2 etapip_gg_fit_v6_toymc_100.py 321 > /home/belle2/jaeyoung/storage_ghi/Ntuples_ghi_2/MC15ri_generic/MC15ri_etaetapip_tight_v2_240419_Kp_BCS_etapi0const/bsub_log//MC15ri_etapip_gg_fitv6_toyMC_100_321.log"
------------------------------------------------------------

Successfully completed.

Resource usage summary:

    CPU time :                                   2818.30 sec.
    Max Memory :                                 1316 MB
    Average Memory :                             969.83 MB
    Total Requested Memory :                     4000.00 MB
    Delta Memory :                               2684.00 MB
    Max Swap :                                   -
    Max Processes :                              19
    Max Threads :                                20
    Run time :                                   2833 sec.
    Turnaround time :                            2862 sec.

The output (if any) follows:



PS:

Read file <./bsub_log/321.err> for stderr output of this job.

Sender: LSF System <lsfadmin@ccb276>
Subject: Job 53599293: <bash -c "basf2 etapip_gg_fit_v6_toymc_100.py 321 > /home/belle2/jaeyoung/storage_ghi/Ntuples_ghi_2/MC15ri_generic/MC15ri_etaetapip_tight_v2_240419_Kp_BCS_etapi0const/bsub_log//MC15ri_etapip_gg_fitv6_toyMC_100_321.log"> in cluster <centralcluster> Done

Job <bash -c "basf2 etapip_gg_fit_v6_toymc_100.py 321 > /home/belle2/jaeyoung/storage_ghi/Ntuples_ghi_2/MC15ri_generic/MC15ri_etaetapip_tight_v2_240419_Kp_BCS_etapi0const/bsub_log//MC15ri_etapip_gg_fitv6_toyMC_100_321.log"> was submitted from host <ccw03> by user <jaeyoung> in cluster <centralcluster> at Mon Jul 22 18:35:18 2024
Job was executed on host(s) <ccb276>, in queue <s>, as user <jaeyoung> in cluster <centralcluster> at Mon Jul 22 18:36:54 2024
</home/belle2/jaeyoung> was used as the home directory.
</home/belle2/jaeyoung/workspace/DRAW_and_FITTING/main/FITTING/etapip/MC15ri_generic/tight_v2_fit_v6/ToyMC> was used as the working directory.
Started at Mon Jul 22 18:36:54 2024
Terminated at Mon Jul 22 19:24:08 2024
Results reported at Mon Jul 22 19:24:08 2024

Your job looked like:

------------------------------------------------------------
# LSBATCH: User input
bash -c "basf2 etapip_gg_fit_v6_toymc_100.py 321 > /home/belle2/jaeyoung/storage_ghi/Ntuples_ghi_2/MC15ri_generic/MC15ri_etaetapip_tight_v2_240419_Kp_BCS_etapi0const/bsub_log//MC15ri_etapip_gg_fitv6_toyMC_100_321.log"
------------------------------------------------------------

Successfully completed.

Resource usage summary:

    CPU time :                                   2797.46 sec.
    Max Memory :                                 1312 MB
    Average Memory :                             951.74 MB
    Total Requested Memory :                     4000.00 MB
    Delta Memory :                               2688.00 MB
    Max Swap :                                   -
    Max Processes :                              19
    Max Threads :                                20
    Run time :                                   2835 sec.
    Turnaround time :                            2930 sec.

The output (if any) follows:



PS:

Read file <./bsub_log/321.err> for stderr output of this job.

Sender: LSF System <lsfadmin@ccb559>
Subject: Job 53832515: <bash -c "basf2 etapip_gg_fit_v6_toymc_100.py 321 > /home/belle2/jaeyoung/storage_ghi/Ntuples_ghi_2/MC15ri_generic/MC15ri_etaetapip_tight_v2_240419_Kp_BCS_etapi0const/bsub_log//MC15ri_etapip_gg_fitv6_toyMC_100_321.log"> in cluster <centralcluster> Done

Job <bash -c "basf2 etapip_gg_fit_v6_toymc_100.py 321 > /home/belle2/jaeyoung/storage_ghi/Ntuples_ghi_2/MC15ri_generic/MC15ri_etaetapip_tight_v2_240419_Kp_BCS_etapi0const/bsub_log//MC15ri_etapip_gg_fitv6_toyMC_100_321.log"> was submitted from host <ccw05> by user <jaeyoung> in cluster <centralcluster> at Tue Jul 23 00:50:11 2024
Job was executed on host(s) <ccb559>, in queue <s>, as user <jaeyoung> in cluster <centralcluster> at Tue Jul 23 00:50:29 2024
</home/belle2/jaeyoung> was used as the home directory.
</home/belle2/jaeyoung/workspace/DRAW_and_FITTING/main/FITTING/etapip/MC15ri_generic/tight_v2_fit_v6/ToyMC> was used as the working directory.
Started at Tue Jul 23 00:50:29 2024
Terminated at Tue Jul 23 01:37:34 2024
Results reported at Tue Jul 23 01:37:34 2024

Your job looked like:

------------------------------------------------------------
# LSBATCH: User input
bash -c "basf2 etapip_gg_fit_v6_toymc_100.py 321 > /home/belle2/jaeyoung/storage_ghi/Ntuples_ghi_2/MC15ri_generic/MC15ri_etaetapip_tight_v2_240419_Kp_BCS_etapi0const/bsub_log//MC15ri_etapip_gg_fitv6_toyMC_100_321.log"
------------------------------------------------------------

Successfully completed.

Resource usage summary:

    CPU time :                                   2787.61 sec.
    Max Memory :                                 1311 MB
    Average Memory :                             959.98 MB
    Total Requested Memory :                     4000.00 MB
    Delta Memory :                               2689.00 MB
    Max Swap :                                   -
    Max Processes :                              19
    Max Threads :                                20
    Run time :                                   2826 sec.
    Turnaround time :                            2843 sec.

The output (if any) follows:



PS:

Read file <./bsub_log/321.err> for stderr output of this job.

Sender: LSF System <lsfadmin@ccb510>
Subject: Job 54398060: <bash -c "basf2 etapip_gg_fit_v6_toymc_100.py 321 > /home/belle2/jaeyoung/storage_ghi/Ntuples_ghi_2/MC15ri_generic/MC15ri_etaetapip_tight_v2_240419_Kp_BCS_etapi0const/bsub_log//MC15ri_etapip_gg_fitv6_toyMC_100_321.log"> in cluster <centralcluster> Done

Job <bash -c "basf2 etapip_gg_fit_v6_toymc_100.py 321 > /home/belle2/jaeyoung/storage_ghi/Ntuples_ghi_2/MC15ri_generic/MC15ri_etaetapip_tight_v2_240419_Kp_BCS_etapi0const/bsub_log//MC15ri_etapip_gg_fitv6_toyMC_100_321.log"> was submitted from host <ccw04> by user <jaeyoung> in cluster <centralcluster> at Tue Jul 23 17:59:27 2024
Job was executed on host(s) <ccb510>, in queue <s>, as user <jaeyoung> in cluster <centralcluster> at Tue Jul 23 18:29:37 2024
</home/belle2/jaeyoung> was used as the home directory.
</home/belle2/jaeyoung/workspace/DRAW_and_FITTING/main/FITTING/etapip/MC15ri_generic/tight_v2_fit_v6/ToyMC> was used as the working directory.
Started at Tue Jul 23 18:29:37 2024
Terminated at Tue Jul 23 19:18:24 2024
Results reported at Tue Jul 23 19:18:24 2024

Your job looked like:

------------------------------------------------------------
# LSBATCH: User input
bash -c "basf2 etapip_gg_fit_v6_toymc_100.py 321 > /home/belle2/jaeyoung/storage_ghi/Ntuples_ghi_2/MC15ri_generic/MC15ri_etaetapip_tight_v2_240419_Kp_BCS_etapi0const/bsub_log//MC15ri_etapip_gg_fitv6_toyMC_100_321.log"
------------------------------------------------------------

Successfully completed.

Resource usage summary:

    CPU time :                                   2879.47 sec.
    Max Memory :                                 1317 MB
    Average Memory :                             970.43 MB
    Total Requested Memory :                     4000.00 MB
    Delta Memory :                               2683.00 MB
    Max Swap :                                   -
    Max Processes :                              19
    Max Threads :                                20
    Run time :                                   2927 sec.
    Turnaround time :                            4737 sec.

The output (if any) follows:



PS:

Read file <./bsub_log/321.err> for stderr output of this job.

