Sender: LSF System <lsfadmin@ccb108>
Subject: Job 52359565: <bash -c "basf2 etapip_gg_fit_v6_toymc_100.py 324 > /home/belle2/jaeyoung/storage_ghi/Ntuples_ghi_2/MC15ri_generic/MC15ri_etaetapip_tight_v2_240419_Kp_BCS_etapi0const/bsub_log//MC15ri_etapip_gg_fitv6_toyMC_100_324.log"> in cluster <centralcluster> Done

Job <bash -c "basf2 etapip_gg_fit_v6_toymc_100.py 324 > /home/belle2/jaeyoung/storage_ghi/Ntuples_ghi_2/MC15ri_generic/MC15ri_etaetapip_tight_v2_240419_Kp_BCS_etapi0const/bsub_log//MC15ri_etapip_gg_fitv6_toyMC_100_324.log"> was submitted from host <ccw02> by user <jaeyoung> in cluster <centralcluster> at Sat Jul 20 14:39:55 2024
Job was executed on host(s) <ccb108>, in queue <s>, as user <jaeyoung> in cluster <centralcluster> at Sat Jul 20 14:43:14 2024
</home/belle2/jaeyoung> was used as the home directory.
</home/belle2/jaeyoung/workspace/DRAW_and_FITTING/main/FITTING/etapip/MC15ri_generic/tight_v2_fit_v6/ToyMC> was used as the working directory.
Started at Sat Jul 20 14:43:14 2024
Terminated at Sat Jul 20 15:30:27 2024
Results reported at Sat Jul 20 15:30:27 2024

Your job looked like:

------------------------------------------------------------
# LSBATCH: User input
bash -c "basf2 etapip_gg_fit_v6_toymc_100.py 324 > /home/belle2/jaeyoung/storage_ghi/Ntuples_ghi_2/MC15ri_generic/MC15ri_etaetapip_tight_v2_240419_Kp_BCS_etapi0const/bsub_log//MC15ri_etapip_gg_fitv6_toyMC_100_324.log"
------------------------------------------------------------

Successfully completed.

Resource usage summary:

    CPU time :                                   2799.60 sec.
    Max Memory :                                 1311 MB
    Average Memory :                             937.76 MB
    Total Requested Memory :                     4000.00 MB
    Delta Memory :                               2689.00 MB
    Max Swap :                                   -
    Max Processes :                              19
    Max Threads :                                20
    Run time :                                   2834 sec.
    Turnaround time :                            3032 sec.

The output (if any) follows:



PS:

Read file <./bsub_log/324.err> for stderr output of this job.

Sender: LSF System <lsfadmin@ccb011>
Subject: Job 53030264: <bash -c "basf2 etapip_gg_fit_v6_toymc_100.py 324 > /home/belle2/jaeyoung/storage_ghi/Ntuples_ghi_2/MC15ri_generic/MC15ri_etaetapip_tight_v2_240419_Kp_BCS_etapi0const/bsub_log//MC15ri_etapip_gg_fitv6_toyMC_100_324.log"> in cluster <centralcluster> Done

Job <bash -c "basf2 etapip_gg_fit_v6_toymc_100.py 324 > /home/belle2/jaeyoung/storage_ghi/Ntuples_ghi_2/MC15ri_generic/MC15ri_etaetapip_tight_v2_240419_Kp_BCS_etapi0const/bsub_log//MC15ri_etapip_gg_fitv6_toyMC_100_324.log"> was submitted from host <ccw03> by user <jaeyoung> in cluster <centralcluster> at Sun Jul 21 17:31:17 2024
Job was executed on host(s) <ccb011>, in queue <s>, as user <jaeyoung> in cluster <centralcluster> at Sun Jul 21 17:31:52 2024
</home/belle2/jaeyoung> was used as the home directory.
</home/belle2/jaeyoung/workspace/DRAW_and_FITTING/main/FITTING/etapip/MC15ri_generic/tight_v2_fit_v6/ToyMC> was used as the working directory.
Started at Sun Jul 21 17:31:52 2024
Terminated at Sun Jul 21 18:20:17 2024
Results reported at Sun Jul 21 18:20:17 2024

Your job looked like:

------------------------------------------------------------
# LSBATCH: User input
bash -c "basf2 etapip_gg_fit_v6_toymc_100.py 324 > /home/belle2/jaeyoung/storage_ghi/Ntuples_ghi_2/MC15ri_generic/MC15ri_etaetapip_tight_v2_240419_Kp_BCS_etapi0const/bsub_log//MC15ri_etapip_gg_fitv6_toyMC_100_324.log"
------------------------------------------------------------

Successfully completed.

Resource usage summary:

    CPU time :                                   2878.96 sec.
    Max Memory :                                 1311 MB
    Average Memory :                             922.80 MB
    Total Requested Memory :                     4000.00 MB
    Delta Memory :                               2689.00 MB
    Max Swap :                                   -
    Max Processes :                              19
    Max Threads :                                20
    Run time :                                   2906 sec.
    Turnaround time :                            2940 sec.

The output (if any) follows:



PS:

Read file <./bsub_log/324.err> for stderr output of this job.

Sender: LSF System <lsfadmin@ccb130>
Subject: Job 53202740: <bash -c "basf2 etapip_gg_fit_v6_toymc_100.py 324 > /home/belle2/jaeyoung/storage_ghi/Ntuples_ghi_2/MC15ri_generic/MC15ri_etaetapip_tight_v2_240419_Kp_BCS_etapi0const/bsub_log//MC15ri_etapip_gg_fitv6_toyMC_100_324.log"> in cluster <centralcluster> Exited

Job <bash -c "basf2 etapip_gg_fit_v6_toymc_100.py 324 > /home/belle2/jaeyoung/storage_ghi/Ntuples_ghi_2/MC15ri_generic/MC15ri_etaetapip_tight_v2_240419_Kp_BCS_etapi0const/bsub_log//MC15ri_etapip_gg_fitv6_toyMC_100_324.log"> was submitted from host <ccw03> by user <jaeyoung> in cluster <centralcluster> at Mon Jul 22 00:50:22 2024
Job was executed on host(s) <ccb130>, in queue <s>, as user <jaeyoung> in cluster <centralcluster> at Mon Jul 22 00:51:31 2024
</home/belle2/jaeyoung> was used as the home directory.
</home/belle2/jaeyoung/workspace/DRAW_and_FITTING/main/FITTING/etapip/MC15ri_generic/tight_v2_fit_v6/ToyMC> was used as the working directory.
Started at Mon Jul 22 00:51:31 2024
Terminated at Mon Jul 22 01:08:55 2024
Results reported at Mon Jul 22 01:08:55 2024

Your job looked like:

------------------------------------------------------------
# LSBATCH: User input
bash -c "basf2 etapip_gg_fit_v6_toymc_100.py 324 > /home/belle2/jaeyoung/storage_ghi/Ntuples_ghi_2/MC15ri_generic/MC15ri_etaetapip_tight_v2_240419_Kp_BCS_etapi0const/bsub_log//MC15ri_etapip_gg_fitv6_toyMC_100_324.log"
------------------------------------------------------------

Exited with exit code 1.

Resource usage summary:

    CPU time :                                   1040.39 sec.
    Max Memory :                                 1253 MB
    Average Memory :                             1170.61 MB
    Total Requested Memory :                     4000.00 MB
    Delta Memory :                               2747.00 MB
    Max Swap :                                   -
    Max Processes :                              19
    Max Threads :                                20
    Run time :                                   1044 sec.
    Turnaround time :                            1113 sec.

The output (if any) follows:



PS:

Read file <./bsub_log/324.err> for stderr output of this job.

Sender: LSF System <lsfadmin@ccb137>
Subject: Job 53407106: <bash -c "basf2 etapip_gg_fit_v6_toymc_100.py 324 > /home/belle2/jaeyoung/storage_ghi/Ntuples_ghi_2/MC15ri_generic/MC15ri_etaetapip_tight_v2_240419_Kp_BCS_etapi0const/bsub_log//MC15ri_etapip_gg_fitv6_toyMC_100_324.log"> in cluster <centralcluster> Done

Job <bash -c "basf2 etapip_gg_fit_v6_toymc_100.py 324 > /home/belle2/jaeyoung/storage_ghi/Ntuples_ghi_2/MC15ri_generic/MC15ri_etaetapip_tight_v2_240419_Kp_BCS_etapi0const/bsub_log//MC15ri_etapip_gg_fitv6_toyMC_100_324.log"> was submitted from host <ccw06> by user <jaeyoung> in cluster <centralcluster> at Mon Jul 22 10:49:08 2024
Job was executed on host(s) <ccb137>, in queue <s>, as user <jaeyoung> in cluster <centralcluster> at Mon Jul 22 10:49:38 2024
</home/belle2/jaeyoung> was used as the home directory.
</home/belle2/jaeyoung/workspace/DRAW_and_FITTING/main/FITTING/etapip/MC15ri_generic/tight_v2_fit_v6/ToyMC> was used as the working directory.
Started at Mon Jul 22 10:49:38 2024
Terminated at Mon Jul 22 11:38:39 2024
Results reported at Mon Jul 22 11:38:39 2024

Your job looked like:

------------------------------------------------------------
# LSBATCH: User input
bash -c "basf2 etapip_gg_fit_v6_toymc_100.py 324 > /home/belle2/jaeyoung/storage_ghi/Ntuples_ghi_2/MC15ri_generic/MC15ri_etaetapip_tight_v2_240419_Kp_BCS_etapi0const/bsub_log//MC15ri_etapip_gg_fitv6_toyMC_100_324.log"
------------------------------------------------------------

Successfully completed.

Resource usage summary:

    CPU time :                                   2912.16 sec.
    Max Memory :                                 1310 MB
    Average Memory :                             947.89 MB
    Total Requested Memory :                     4000.00 MB
    Delta Memory :                               2690.00 MB
    Max Swap :                                   -
    Max Processes :                              19
    Max Threads :                                20
    Run time :                                   2940 sec.
    Turnaround time :                            2971 sec.

The output (if any) follows:



PS:

Read file <./bsub_log/324.err> for stderr output of this job.

Sender: LSF System <lsfadmin@ccb108>
Subject: Job 53599304: <bash -c "basf2 etapip_gg_fit_v6_toymc_100.py 324 > /home/belle2/jaeyoung/storage_ghi/Ntuples_ghi_2/MC15ri_generic/MC15ri_etaetapip_tight_v2_240419_Kp_BCS_etapi0const/bsub_log//MC15ri_etapip_gg_fitv6_toyMC_100_324.log"> in cluster <centralcluster> Done

Job <bash -c "basf2 etapip_gg_fit_v6_toymc_100.py 324 > /home/belle2/jaeyoung/storage_ghi/Ntuples_ghi_2/MC15ri_generic/MC15ri_etaetapip_tight_v2_240419_Kp_BCS_etapi0const/bsub_log//MC15ri_etapip_gg_fitv6_toyMC_100_324.log"> was submitted from host <ccw03> by user <jaeyoung> in cluster <centralcluster> at Mon Jul 22 18:35:19 2024
Job was executed on host(s) <ccb108>, in queue <s>, as user <jaeyoung> in cluster <centralcluster> at Mon Jul 22 18:36:55 2024
</home/belle2/jaeyoung> was used as the home directory.
</home/belle2/jaeyoung/workspace/DRAW_and_FITTING/main/FITTING/etapip/MC15ri_generic/tight_v2_fit_v6/ToyMC> was used as the working directory.
Started at Mon Jul 22 18:36:55 2024
Terminated at Mon Jul 22 19:22:52 2024
Results reported at Mon Jul 22 19:22:52 2024

Your job looked like:

------------------------------------------------------------
# LSBATCH: User input
bash -c "basf2 etapip_gg_fit_v6_toymc_100.py 324 > /home/belle2/jaeyoung/storage_ghi/Ntuples_ghi_2/MC15ri_generic/MC15ri_etaetapip_tight_v2_240419_Kp_BCS_etapi0const/bsub_log//MC15ri_etapip_gg_fitv6_toyMC_100_324.log"
------------------------------------------------------------

Successfully completed.

Resource usage summary:

    CPU time :                                   2748.77 sec.
    Max Memory :                                 1311 MB
    Average Memory :                             935.70 MB
    Total Requested Memory :                     4000.00 MB
    Delta Memory :                               2689.00 MB
    Max Swap :                                   -
    Max Processes :                              19
    Max Threads :                                20
    Run time :                                   2756 sec.
    Turnaround time :                            2853 sec.

The output (if any) follows:



PS:

Read file <./bsub_log/324.err> for stderr output of this job.

Sender: LSF System <lsfadmin@ccb081>
Subject: Job 53832528: <bash -c "basf2 etapip_gg_fit_v6_toymc_100.py 324 > /home/belle2/jaeyoung/storage_ghi/Ntuples_ghi_2/MC15ri_generic/MC15ri_etaetapip_tight_v2_240419_Kp_BCS_etapi0const/bsub_log//MC15ri_etapip_gg_fitv6_toyMC_100_324.log"> in cluster <centralcluster> Done

Job <bash -c "basf2 etapip_gg_fit_v6_toymc_100.py 324 > /home/belle2/jaeyoung/storage_ghi/Ntuples_ghi_2/MC15ri_generic/MC15ri_etaetapip_tight_v2_240419_Kp_BCS_etapi0const/bsub_log//MC15ri_etapip_gg_fitv6_toyMC_100_324.log"> was submitted from host <ccw05> by user <jaeyoung> in cluster <centralcluster> at Tue Jul 23 00:50:12 2024
Job was executed on host(s) <ccb081>, in queue <s>, as user <jaeyoung> in cluster <centralcluster> at Tue Jul 23 00:50:31 2024
</home/belle2/jaeyoung> was used as the home directory.
</home/belle2/jaeyoung/workspace/DRAW_and_FITTING/main/FITTING/etapip/MC15ri_generic/tight_v2_fit_v6/ToyMC> was used as the working directory.
Started at Tue Jul 23 00:50:31 2024
Terminated at Tue Jul 23 01:38:54 2024
Results reported at Tue Jul 23 01:38:54 2024

Your job looked like:

------------------------------------------------------------
# LSBATCH: User input
bash -c "basf2 etapip_gg_fit_v6_toymc_100.py 324 > /home/belle2/jaeyoung/storage_ghi/Ntuples_ghi_2/MC15ri_generic/MC15ri_etaetapip_tight_v2_240419_Kp_BCS_etapi0const/bsub_log//MC15ri_etapip_gg_fitv6_toyMC_100_324.log"
------------------------------------------------------------

Successfully completed.

Resource usage summary:

    CPU time :                                   2868.64 sec.
    Max Memory :                                 1311 MB
    Average Memory :                             955.90 MB
    Total Requested Memory :                     4000.00 MB
    Delta Memory :                               2689.00 MB
    Max Swap :                                   -
    Max Processes :                              19
    Max Threads :                                20
    Run time :                                   2905 sec.
    Turnaround time :                            2922 sec.

The output (if any) follows:



PS:

Read file <./bsub_log/324.err> for stderr output of this job.

Sender: LSF System <lsfadmin@ccb542>
Subject: Job 54398073: <bash -c "basf2 etapip_gg_fit_v6_toymc_100.py 324 > /home/belle2/jaeyoung/storage_ghi/Ntuples_ghi_2/MC15ri_generic/MC15ri_etaetapip_tight_v2_240419_Kp_BCS_etapi0const/bsub_log//MC15ri_etapip_gg_fitv6_toyMC_100_324.log"> in cluster <centralcluster> Done

Job <bash -c "basf2 etapip_gg_fit_v6_toymc_100.py 324 > /home/belle2/jaeyoung/storage_ghi/Ntuples_ghi_2/MC15ri_generic/MC15ri_etaetapip_tight_v2_240419_Kp_BCS_etapi0const/bsub_log//MC15ri_etapip_gg_fitv6_toyMC_100_324.log"> was submitted from host <ccw04> by user <jaeyoung> in cluster <centralcluster> at Tue Jul 23 17:59:28 2024
Job was executed on host(s) <ccb542>, in queue <s>, as user <jaeyoung> in cluster <centralcluster> at Tue Jul 23 18:29:37 2024
</home/belle2/jaeyoung> was used as the home directory.
</home/belle2/jaeyoung/workspace/DRAW_and_FITTING/main/FITTING/etapip/MC15ri_generic/tight_v2_fit_v6/ToyMC> was used as the working directory.
Started at Tue Jul 23 18:29:37 2024
Terminated at Tue Jul 23 19:16:51 2024
Results reported at Tue Jul 23 19:16:51 2024

Your job looked like:

------------------------------------------------------------
# LSBATCH: User input
bash -c "basf2 etapip_gg_fit_v6_toymc_100.py 324 > /home/belle2/jaeyoung/storage_ghi/Ntuples_ghi_2/MC15ri_generic/MC15ri_etaetapip_tight_v2_240419_Kp_BCS_etapi0const/bsub_log//MC15ri_etapip_gg_fitv6_toyMC_100_324.log"
------------------------------------------------------------

Successfully completed.

Resource usage summary:

    CPU time :                                   2778.84 sec.
    Max Memory :                                 1404 MB
    Average Memory :                             1047.79 MB
    Total Requested Memory :                     4000.00 MB
    Delta Memory :                               2596.00 MB
    Max Swap :                                   2 MB
    Max Processes :                              19
    Max Threads :                                20
    Run time :                                   2836 sec.
    Turnaround time :                            4643 sec.

The output (if any) follows:



PS:

Read file <./bsub_log/324.err> for stderr output of this job.

Sender: LSF System <lsfadmin@ccb563>
Subject: Job 54470673: <bash -c "basf2 etapip_gg_fit_v6_toymc_100.py 324 > /home/belle2/jaeyoung/storage_ghi/Ntuples_ghi_2/MC15ri_generic/MC15ri_etaetapip_tight_v2_240419_Kp_BCS_etapi0const/bsub_log//MC15ri_etapip_gg_fitv6_toyMC_100_324.log"> in cluster <centralcluster> Done

Job <bash -c "basf2 etapip_gg_fit_v6_toymc_100.py 324 > /home/belle2/jaeyoung/storage_ghi/Ntuples_ghi_2/MC15ri_generic/MC15ri_etaetapip_tight_v2_240419_Kp_BCS_etapi0const/bsub_log//MC15ri_etapip_gg_fitv6_toyMC_100_324.log"> was submitted from host <ccw03> by user <jaeyoung> in cluster <centralcluster> at Tue Jul 23 19:38:21 2024
Job was executed on host(s) <ccb563>, in queue <s>, as user <jaeyoung> in cluster <centralcluster> at Tue Jul 23 19:38:22 2024
</home/belle2/jaeyoung> was used as the home directory.
</home/belle2/jaeyoung/workspace/DRAW_and_FITTING/main/FITTING/etapip/MC15ri_generic/tight_v2_fit_v6/ToyMC> was used as the working directory.
Started at Tue Jul 23 19:38:22 2024
Terminated at Tue Jul 23 20:25:55 2024
Results reported at Tue Jul 23 20:25:55 2024

Your job looked like:

------------------------------------------------------------
# LSBATCH: User input
bash -c "basf2 etapip_gg_fit_v6_toymc_100.py 324 > /home/belle2/jaeyoung/storage_ghi/Ntuples_ghi_2/MC15ri_generic/MC15ri_etaetapip_tight_v2_240419_Kp_BCS_etapi0const/bsub_log//MC15ri_etapip_gg_fitv6_toyMC_100_324.log"
------------------------------------------------------------

Successfully completed.

Resource usage summary:

    CPU time :                                   2829.91 sec.
    Max Memory :                                 1312 MB
    Average Memory :                             948.06 MB
    Total Requested Memory :                     4000.00 MB
    Delta Memory :                               2688.00 MB
    Max Swap :                                   -
    Max Processes :                              19
    Max Threads :                                20
    Run time :                                   2853 sec.
    Turnaround time :                            2854 sec.

The output (if any) follows:



PS:

Read file <./bsub_log/324.err> for stderr output of this job.

Sender: LSF System <lsfadmin@ccb202>
Subject: Job 55515919: <bash -c "basf2 etapip_gg_fit_v6_toymc_100.py 324 > /home/belle2/jaeyoung/storage_ghi/Ntuples_ghi_2/MC15ri_generic/MC15ri_etaetapip_tight_v2_240419_Kp_BCS_etapi0const/bsub_log//MC15ri_etapip_gg_fitv6_toyMC_100_324.log"> in cluster <centralcluster> Done

Job <bash -c "basf2 etapip_gg_fit_v6_toymc_100.py 324 > /home/belle2/jaeyoung/storage_ghi/Ntuples_ghi_2/MC15ri_generic/MC15ri_etaetapip_tight_v2_240419_Kp_BCS_etapi0const/bsub_log//MC15ri_etapip_gg_fitv6_toyMC_100_324.log"> was submitted from host <ccw01> by user <jaeyoung> in cluster <centralcluster> at Thu Jul 25 20:51:17 2024
Job was executed on host(s) <ccb202>, in queue <s>, as user <jaeyoung> in cluster <centralcluster> at Thu Jul 25 20:51:20 2024
</home/belle2/jaeyoung> was used as the home directory.
</gpfs/home/belle2/jaeyoung/workspace/DRAW_and_FITTING/main/FITTING/etapip/MC15ri_generic/tight_v2_fit_v6/ToyMC> was used as the working directory.
Started at Thu Jul 25 20:51:20 2024
Terminated at Thu Jul 25 21:39:13 2024
Results reported at Thu Jul 25 21:39:13 2024

Your job looked like:

------------------------------------------------------------
# LSBATCH: User input
bash -c "basf2 etapip_gg_fit_v6_toymc_100.py 324 > /home/belle2/jaeyoung/storage_ghi/Ntuples_ghi_2/MC15ri_generic/MC15ri_etaetapip_tight_v2_240419_Kp_BCS_etapi0const/bsub_log//MC15ri_etapip_gg_fitv6_toyMC_100_324.log"
------------------------------------------------------------

Successfully completed.

Resource usage summary:

    CPU time :                                   2789.98 sec.
    Max Memory :                                 1313 MB
    Average Memory :                             945.17 MB
    Total Requested Memory :                     4000.00 MB
    Delta Memory :                               2687.00 MB
    Max Swap :                                   -
    Max Processes :                              19
    Max Threads :                                20
    Run time :                                   2874 sec.
    Turnaround time :                            2876 sec.

The output (if any) follows:



PS:

Read file <./bsub_log/324.err> for stderr output of this job.

Sender: LSF System <lsfadmin@ccb080>
Subject: Job 56103475: <bash -c "basf2 etapip_gg_fit_v6_toymc_100.py 324 > /home/belle2/jaeyoung/storage_ghi/Ntuples_ghi_2/MC15ri_generic/MC15ri_etaetapip_tight_v2_240419_Kp_BCS_etapi0const/bsub_log//MC15ri_etapip_gg_fitv6_toyMC_100_324.log"> in cluster <centralcluster> Done

Job <bash -c "basf2 etapip_gg_fit_v6_toymc_100.py 324 > /home/belle2/jaeyoung/storage_ghi/Ntuples_ghi_2/MC15ri_generic/MC15ri_etaetapip_tight_v2_240419_Kp_BCS_etapi0const/bsub_log//MC15ri_etapip_gg_fitv6_toyMC_100_324.log"> was submitted from host <ccw06> by user <jaeyoung> in cluster <centralcluster> at Fri Jul 26 23:44:09 2024
Job was executed on host(s) <ccb080>, in queue <s>, as user <jaeyoung> in cluster <centralcluster> at Sat Jul 27 00:20:25 2024
</home/belle2/jaeyoung> was used as the home directory.
</home/belle2/jaeyoung/workspace/DRAW_and_FITTING/main/FITTING/etapip/MC15ri_generic/tight_v2_fit_v6/ToyMC> was used as the working directory.
Started at Sat Jul 27 00:20:25 2024
Terminated at Sat Jul 27 00:54:12 2024
Results reported at Sat Jul 27 00:54:12 2024

Your job looked like:

------------------------------------------------------------
# LSBATCH: User input
bash -c "basf2 etapip_gg_fit_v6_toymc_100.py 324 > /home/belle2/jaeyoung/storage_ghi/Ntuples_ghi_2/MC15ri_generic/MC15ri_etaetapip_tight_v2_240419_Kp_BCS_etapi0const/bsub_log//MC15ri_etapip_gg_fitv6_toyMC_100_324.log"
------------------------------------------------------------

Successfully completed.

Resource usage summary:

    CPU time :                                   1979.42 sec.
    Max Memory :                                 916 MB
    Average Memory :                             663.42 MB
    Total Requested Memory :                     4000.00 MB
    Delta Memory :                               3084.00 MB
    Max Swap :                                   -
    Max Processes :                              19
    Max Threads :                                20
    Run time :                                   2028 sec.
    Turnaround time :                            4203 sec.

The output (if any) follows:



PS:

Read file <./bsub_log/324.err> for stderr output of this job.

Sender: LSF System <lsfadmin@ccb157>
Subject: Job 56133684: <bash -c "basf2 etapip_gg_fit_v6_toymc_100.py 324 > /home/belle2/jaeyoung/storage_ghi/Ntuples_ghi_2/MC15ri_generic/MC15ri_etaetapip_tight_v2_240419_Kp_BCS_etapi0const/bsub_log//MC15ri_etapip_gg_fitv6_toyMC_100_324.log"> in cluster <centralcluster> Done

Job <bash -c "basf2 etapip_gg_fit_v6_toymc_100.py 324 > /home/belle2/jaeyoung/storage_ghi/Ntuples_ghi_2/MC15ri_generic/MC15ri_etaetapip_tight_v2_240419_Kp_BCS_etapi0const/bsub_log//MC15ri_etapip_gg_fitv6_toyMC_100_324.log"> was submitted from host <ccw03> by user <jaeyoung> in cluster <centralcluster> at Sat Jul 27 01:13:33 2024
Job was executed on host(s) <ccb157>, in queue <s>, as user <jaeyoung> in cluster <centralcluster> at Sat Jul 27 03:05:14 2024
</home/belle2/jaeyoung> was used as the home directory.
</gpfs/home/belle2/jaeyoung/workspace/DRAW_and_FITTING/main/FITTING/etapip/MC15ri_generic/tight_v2_fit_v6/ToyMC> was used as the working directory.
Started at Sat Jul 27 03:05:14 2024
Terminated at Sat Jul 27 03:44:31 2024
Results reported at Sat Jul 27 03:44:31 2024

Your job looked like:

------------------------------------------------------------
# LSBATCH: User input
bash -c "basf2 etapip_gg_fit_v6_toymc_100.py 324 > /home/belle2/jaeyoung/storage_ghi/Ntuples_ghi_2/MC15ri_generic/MC15ri_etaetapip_tight_v2_240419_Kp_BCS_etapi0const/bsub_log//MC15ri_etapip_gg_fitv6_toyMC_100_324.log"
------------------------------------------------------------

Successfully completed.

Resource usage summary:

    CPU time :                                   2330.61 sec.
    Max Memory :                                 947 MB
    Average Memory :                             675.68 MB
    Total Requested Memory :                     4000.00 MB
    Delta Memory :                               3053.00 MB
    Max Swap :                                   -
    Max Processes :                              19
    Max Threads :                                20
    Run time :                                   2357 sec.
    Turnaround time :                            9058 sec.

The output (if any) follows:



PS:

Read file <./bsub_log/324.err> for stderr output of this job.

