Sender: LSF System <lsfadmin@ccb288>
Subject: Job 52359569: <bash -c "basf2 etapip_gg_fit_v6_toymc_100.py 328 > /home/belle2/jaeyoung/storage_ghi/Ntuples_ghi_2/MC15ri_generic/MC15ri_etaetapip_tight_v2_240419_Kp_BCS_etapi0const/bsub_log//MC15ri_etapip_gg_fitv6_toyMC_100_328.log"> in cluster <centralcluster> Done

Job <bash -c "basf2 etapip_gg_fit_v6_toymc_100.py 328 > /home/belle2/jaeyoung/storage_ghi/Ntuples_ghi_2/MC15ri_generic/MC15ri_etaetapip_tight_v2_240419_Kp_BCS_etapi0const/bsub_log//MC15ri_etapip_gg_fitv6_toyMC_100_328.log"> was submitted from host <ccw02> by user <jaeyoung> in cluster <centralcluster> at Sat Jul 20 14:39:56 2024
Job was executed on host(s) <ccb288>, in queue <s>, as user <jaeyoung> in cluster <centralcluster> at Sat Jul 20 14:43:14 2024
</home/belle2/jaeyoung> was used as the home directory.
</home/belle2/jaeyoung/workspace/DRAW_and_FITTING/main/FITTING/etapip/MC15ri_generic/tight_v2_fit_v6/ToyMC> was used as the working directory.
Started at Sat Jul 20 14:43:14 2024
Terminated at Sat Jul 20 15:32:22 2024
Results reported at Sat Jul 20 15:32:22 2024

Your job looked like:

------------------------------------------------------------
# LSBATCH: User input
bash -c "basf2 etapip_gg_fit_v6_toymc_100.py 328 > /home/belle2/jaeyoung/storage_ghi/Ntuples_ghi_2/MC15ri_generic/MC15ri_etaetapip_tight_v2_240419_Kp_BCS_etapi0const/bsub_log//MC15ri_etapip_gg_fitv6_toyMC_100_328.log"
------------------------------------------------------------

Successfully completed.

Resource usage summary:

    CPU time :                                   2919.85 sec.
    Max Memory :                                 1311 MB
    Average Memory :                             955.29 MB
    Total Requested Memory :                     4000.00 MB
    Delta Memory :                               2689.00 MB
    Max Swap :                                   -
    Max Processes :                              19
    Max Threads :                                20
    Run time :                                   2949 sec.
    Turnaround time :                            3146 sec.

The output (if any) follows:



PS:

Read file <./bsub_log/328.err> for stderr output of this job.

Sender: LSF System <lsfadmin@ccb087>
Subject: Job 53030278: <bash -c "basf2 etapip_gg_fit_v6_toymc_100.py 328 > /home/belle2/jaeyoung/storage_ghi/Ntuples_ghi_2/MC15ri_generic/MC15ri_etaetapip_tight_v2_240419_Kp_BCS_etapi0const/bsub_log//MC15ri_etapip_gg_fitv6_toyMC_100_328.log"> in cluster <centralcluster> Done

Job <bash -c "basf2 etapip_gg_fit_v6_toymc_100.py 328 > /home/belle2/jaeyoung/storage_ghi/Ntuples_ghi_2/MC15ri_generic/MC15ri_etaetapip_tight_v2_240419_Kp_BCS_etapi0const/bsub_log//MC15ri_etapip_gg_fitv6_toyMC_100_328.log"> was submitted from host <ccw03> by user <jaeyoung> in cluster <centralcluster> at Sun Jul 21 17:31:19 2024
Job was executed on host(s) <ccb087>, in queue <s>, as user <jaeyoung> in cluster <centralcluster> at Sun Jul 21 17:31:54 2024
</home/belle2/jaeyoung> was used as the home directory.
</home/belle2/jaeyoung/workspace/DRAW_and_FITTING/main/FITTING/etapip/MC15ri_generic/tight_v2_fit_v6/ToyMC> was used as the working directory.
Started at Sun Jul 21 17:31:54 2024
Terminated at Sun Jul 21 18:20:03 2024
Results reported at Sun Jul 21 18:20:03 2024

Your job looked like:

------------------------------------------------------------
# LSBATCH: User input
bash -c "basf2 etapip_gg_fit_v6_toymc_100.py 328 > /home/belle2/jaeyoung/storage_ghi/Ntuples_ghi_2/MC15ri_generic/MC15ri_etaetapip_tight_v2_240419_Kp_BCS_etapi0const/bsub_log//MC15ri_etapip_gg_fitv6_toyMC_100_328.log"
------------------------------------------------------------

Successfully completed.

Resource usage summary:

    CPU time :                                   2870.83 sec.
    Max Memory :                                 1311 MB
    Average Memory :                             939.94 MB
    Total Requested Memory :                     4000.00 MB
    Delta Memory :                               2689.00 MB
    Max Swap :                                   -
    Max Processes :                              19
    Max Threads :                                20
    Run time :                                   2888 sec.
    Turnaround time :                            2924 sec.

The output (if any) follows:



PS:

Read file <./bsub_log/328.err> for stderr output of this job.

Sender: LSF System <lsfadmin@ccb176>
Subject: Job 53202757: <bash -c "basf2 etapip_gg_fit_v6_toymc_100.py 328 > /home/belle2/jaeyoung/storage_ghi/Ntuples_ghi_2/MC15ri_generic/MC15ri_etaetapip_tight_v2_240419_Kp_BCS_etapi0const/bsub_log//MC15ri_etapip_gg_fitv6_toyMC_100_328.log"> in cluster <centralcluster> Exited

Job <bash -c "basf2 etapip_gg_fit_v6_toymc_100.py 328 > /home/belle2/jaeyoung/storage_ghi/Ntuples_ghi_2/MC15ri_generic/MC15ri_etaetapip_tight_v2_240419_Kp_BCS_etapi0const/bsub_log//MC15ri_etapip_gg_fitv6_toyMC_100_328.log"> was submitted from host <ccw03> by user <jaeyoung> in cluster <centralcluster> at Mon Jul 22 00:50:24 2024
Job was executed on host(s) <ccb176>, in queue <s>, as user <jaeyoung> in cluster <centralcluster> at Mon Jul 22 00:51:34 2024
</home/belle2/jaeyoung> was used as the home directory.
</home/belle2/jaeyoung/workspace/DRAW_and_FITTING/main/FITTING/etapip/MC15ri_generic/tight_v2_fit_v6/ToyMC> was used as the working directory.
Started at Mon Jul 22 00:51:34 2024
Terminated at Mon Jul 22 01:09:04 2024
Results reported at Mon Jul 22 01:09:04 2024

Your job looked like:

------------------------------------------------------------
# LSBATCH: User input
bash -c "basf2 etapip_gg_fit_v6_toymc_100.py 328 > /home/belle2/jaeyoung/storage_ghi/Ntuples_ghi_2/MC15ri_generic/MC15ri_etaetapip_tight_v2_240419_Kp_BCS_etapi0const/bsub_log//MC15ri_etapip_gg_fitv6_toyMC_100_328.log"
------------------------------------------------------------

Exited with exit code 1.

Resource usage summary:

    CPU time :                                   1046.58 sec.
    Max Memory :                                 1291 MB
    Average Memory :                             1200.63 MB
    Total Requested Memory :                     4000.00 MB
    Delta Memory :                               2709.00 MB
    Max Swap :                                   -
    Max Processes :                              19
    Max Threads :                                20
    Run time :                                   1050 sec.
    Turnaround time :                            1120 sec.

The output (if any) follows:



PS:

Read file <./bsub_log/328.err> for stderr output of this job.

Sender: LSF System <lsfadmin@ccb523>
Subject: Job 53407114: <bash -c "basf2 etapip_gg_fit_v6_toymc_100.py 328 > /home/belle2/jaeyoung/storage_ghi/Ntuples_ghi_2/MC15ri_generic/MC15ri_etaetapip_tight_v2_240419_Kp_BCS_etapi0const/bsub_log//MC15ri_etapip_gg_fitv6_toyMC_100_328.log"> in cluster <centralcluster> Done

Job <bash -c "basf2 etapip_gg_fit_v6_toymc_100.py 328 > /home/belle2/jaeyoung/storage_ghi/Ntuples_ghi_2/MC15ri_generic/MC15ri_etaetapip_tight_v2_240419_Kp_BCS_etapi0const/bsub_log//MC15ri_etapip_gg_fitv6_toyMC_100_328.log"> was submitted from host <ccw06> by user <jaeyoung> in cluster <centralcluster> at Mon Jul 22 10:49:09 2024
Job was executed on host(s) <ccb523>, in queue <s>, as user <jaeyoung> in cluster <centralcluster> at Mon Jul 22 10:49:39 2024
</home/belle2/jaeyoung> was used as the home directory.
</home/belle2/jaeyoung/workspace/DRAW_and_FITTING/main/FITTING/etapip/MC15ri_generic/tight_v2_fit_v6/ToyMC> was used as the working directory.
Started at Mon Jul 22 10:49:39 2024
Terminated at Mon Jul 22 11:36:27 2024
Results reported at Mon Jul 22 11:36:27 2024

Your job looked like:

------------------------------------------------------------
# LSBATCH: User input
bash -c "basf2 etapip_gg_fit_v6_toymc_100.py 328 > /home/belle2/jaeyoung/storage_ghi/Ntuples_ghi_2/MC15ri_generic/MC15ri_etaetapip_tight_v2_240419_Kp_BCS_etapi0const/bsub_log//MC15ri_etapip_gg_fitv6_toyMC_100_328.log"
------------------------------------------------------------

Successfully completed.

Resource usage summary:

    CPU time :                                   2708.06 sec.
    Max Memory :                                 1311 MB
    Average Memory :                             948.94 MB
    Total Requested Memory :                     4000.00 MB
    Delta Memory :                               2689.00 MB
    Max Swap :                                   -
    Max Processes :                              19
    Max Threads :                                20
    Run time :                                   2808 sec.
    Turnaround time :                            2838 sec.

The output (if any) follows:



PS:

Read file <./bsub_log/328.err> for stderr output of this job.

Sender: LSF System <lsfadmin@ccb094>
Subject: Job 53599317: <bash -c "basf2 etapip_gg_fit_v6_toymc_100.py 328 > /home/belle2/jaeyoung/storage_ghi/Ntuples_ghi_2/MC15ri_generic/MC15ri_etaetapip_tight_v2_240419_Kp_BCS_etapi0const/bsub_log//MC15ri_etapip_gg_fitv6_toyMC_100_328.log"> in cluster <centralcluster> Done

Job <bash -c "basf2 etapip_gg_fit_v6_toymc_100.py 328 > /home/belle2/jaeyoung/storage_ghi/Ntuples_ghi_2/MC15ri_generic/MC15ri_etaetapip_tight_v2_240419_Kp_BCS_etapi0const/bsub_log//MC15ri_etapip_gg_fitv6_toyMC_100_328.log"> was submitted from host <ccw03> by user <jaeyoung> in cluster <centralcluster> at Mon Jul 22 18:35:20 2024
Job was executed on host(s) <ccb094>, in queue <s>, as user <jaeyoung> in cluster <centralcluster> at Mon Jul 22 18:37:00 2024
</home/belle2/jaeyoung> was used as the home directory.
</home/belle2/jaeyoung/workspace/DRAW_and_FITTING/main/FITTING/etapip/MC15ri_generic/tight_v2_fit_v6/ToyMC> was used as the working directory.
Started at Mon Jul 22 18:37:00 2024
Terminated at Mon Jul 22 19:24:47 2024
Results reported at Mon Jul 22 19:24:47 2024

Your job looked like:

------------------------------------------------------------
# LSBATCH: User input
bash -c "basf2 etapip_gg_fit_v6_toymc_100.py 328 > /home/belle2/jaeyoung/storage_ghi/Ntuples_ghi_2/MC15ri_generic/MC15ri_etaetapip_tight_v2_240419_Kp_BCS_etapi0const/bsub_log//MC15ri_etapip_gg_fitv6_toyMC_100_328.log"
------------------------------------------------------------

Successfully completed.

Resource usage summary:

    CPU time :                                   2850.53 sec.
    Max Memory :                                 1311 MB
    Average Memory :                             981.73 MB
    Total Requested Memory :                     4000.00 MB
    Delta Memory :                               2689.00 MB
    Max Swap :                                   -
    Max Processes :                              19
    Max Threads :                                20
    Run time :                                   2867 sec.
    Turnaround time :                            2967 sec.

The output (if any) follows:



PS:

Read file <./bsub_log/328.err> for stderr output of this job.

Sender: LSF System <lsfadmin@ccb192>
Subject: Job 53832545: <bash -c "basf2 etapip_gg_fit_v6_toymc_100.py 328 > /home/belle2/jaeyoung/storage_ghi/Ntuples_ghi_2/MC15ri_generic/MC15ri_etaetapip_tight_v2_240419_Kp_BCS_etapi0const/bsub_log//MC15ri_etapip_gg_fitv6_toyMC_100_328.log"> in cluster <centralcluster> Done

Job <bash -c "basf2 etapip_gg_fit_v6_toymc_100.py 328 > /home/belle2/jaeyoung/storage_ghi/Ntuples_ghi_2/MC15ri_generic/MC15ri_etaetapip_tight_v2_240419_Kp_BCS_etapi0const/bsub_log//MC15ri_etapip_gg_fitv6_toyMC_100_328.log"> was submitted from host <ccw05> by user <jaeyoung> in cluster <centralcluster> at Tue Jul 23 00:50:13 2024
Job was executed on host(s) <ccb192>, in queue <s>, as user <jaeyoung> in cluster <centralcluster> at Tue Jul 23 00:50:32 2024
</home/belle2/jaeyoung> was used as the home directory.
</home/belle2/jaeyoung/workspace/DRAW_and_FITTING/main/FITTING/etapip/MC15ri_generic/tight_v2_fit_v6/ToyMC> was used as the working directory.
Started at Tue Jul 23 00:50:32 2024
Terminated at Tue Jul 23 01:37:59 2024
Results reported at Tue Jul 23 01:37:59 2024

Your job looked like:

------------------------------------------------------------
# LSBATCH: User input
bash -c "basf2 etapip_gg_fit_v6_toymc_100.py 328 > /home/belle2/jaeyoung/storage_ghi/Ntuples_ghi_2/MC15ri_generic/MC15ri_etaetapip_tight_v2_240419_Kp_BCS_etapi0const/bsub_log//MC15ri_etapip_gg_fitv6_toyMC_100_328.log"
------------------------------------------------------------

Successfully completed.

Resource usage summary:

    CPU time :                                   2832.99 sec.
    Max Memory :                                 1311 MB
    Average Memory :                             942.91 MB
    Total Requested Memory :                     4000.00 MB
    Delta Memory :                               2689.00 MB
    Max Swap :                                   -
    Max Processes :                              19
    Max Threads :                                20
    Run time :                                   2847 sec.
    Turnaround time :                            2866 sec.

The output (if any) follows:



PS:

Read file <./bsub_log/328.err> for stderr output of this job.

Sender: LSF System <lsfadmin@ccb200>
Subject: Job 54398092: <bash -c "basf2 etapip_gg_fit_v6_toymc_100.py 328 > /home/belle2/jaeyoung/storage_ghi/Ntuples_ghi_2/MC15ri_generic/MC15ri_etaetapip_tight_v2_240419_Kp_BCS_etapi0const/bsub_log//MC15ri_etapip_gg_fitv6_toyMC_100_328.log"> in cluster <centralcluster> Done

Job <bash -c "basf2 etapip_gg_fit_v6_toymc_100.py 328 > /home/belle2/jaeyoung/storage_ghi/Ntuples_ghi_2/MC15ri_generic/MC15ri_etaetapip_tight_v2_240419_Kp_BCS_etapi0const/bsub_log//MC15ri_etapip_gg_fitv6_toyMC_100_328.log"> was submitted from host <ccw04> by user <jaeyoung> in cluster <centralcluster> at Tue Jul 23 17:59:29 2024
Job was executed on host(s) <ccb200>, in queue <s>, as user <jaeyoung> in cluster <centralcluster> at Tue Jul 23 18:31:07 2024
</home/belle2/jaeyoung> was used as the home directory.
</home/belle2/jaeyoung/workspace/DRAW_and_FITTING/main/FITTING/etapip/MC15ri_generic/tight_v2_fit_v6/ToyMC> was used as the working directory.
Started at Tue Jul 23 18:31:07 2024
Terminated at Tue Jul 23 19:18:47 2024
Results reported at Tue Jul 23 19:18:47 2024

Your job looked like:

------------------------------------------------------------
# LSBATCH: User input
bash -c "basf2 etapip_gg_fit_v6_toymc_100.py 328 > /home/belle2/jaeyoung/storage_ghi/Ntuples_ghi_2/MC15ri_generic/MC15ri_etaetapip_tight_v2_240419_Kp_BCS_etapi0const/bsub_log//MC15ri_etapip_gg_fitv6_toyMC_100_328.log"
------------------------------------------------------------

Successfully completed.

Resource usage summary:

    CPU time :                                   2828.71 sec.
    Max Memory :                                 1313 MB
    Average Memory :                             925.01 MB
    Total Requested Memory :                     4000.00 MB
    Delta Memory :                               2687.00 MB
    Max Swap :                                   -
    Max Processes :                              19
    Max Threads :                                20
    Run time :                                   2859 sec.
    Turnaround time :                            4758 sec.

The output (if any) follows:



PS:

Read file <./bsub_log/328.err> for stderr output of this job.

