Sender: LSF System <lsfadmin@ccb173>
Subject: Job 52359572: <bash -c "basf2 etapip_gg_fit_v6_toymc_100.py 331 > /home/belle2/jaeyoung/storage_ghi/Ntuples_ghi_2/MC15ri_generic/MC15ri_etaetapip_tight_v2_240419_Kp_BCS_etapi0const/bsub_log//MC15ri_etapip_gg_fitv6_toyMC_100_331.log"> in cluster <centralcluster> Done

Job <bash -c "basf2 etapip_gg_fit_v6_toymc_100.py 331 > /home/belle2/jaeyoung/storage_ghi/Ntuples_ghi_2/MC15ri_generic/MC15ri_etaetapip_tight_v2_240419_Kp_BCS_etapi0const/bsub_log//MC15ri_etapip_gg_fitv6_toyMC_100_331.log"> was submitted from host <ccw02> by user <jaeyoung> in cluster <centralcluster> at Sat Jul 20 14:39:57 2024
Job was executed on host(s) <ccb173>, in queue <s>, as user <jaeyoung> in cluster <centralcluster> at Sat Jul 20 14:43:16 2024
</home/belle2/jaeyoung> was used as the home directory.
</home/belle2/jaeyoung/workspace/DRAW_and_FITTING/main/FITTING/etapip/MC15ri_generic/tight_v2_fit_v6/ToyMC> was used as the working directory.
Started at Sat Jul 20 14:43:16 2024
Terminated at Sat Jul 20 15:29:46 2024
Results reported at Sat Jul 20 15:29:46 2024

Your job looked like:

------------------------------------------------------------
# LSBATCH: User input
bash -c "basf2 etapip_gg_fit_v6_toymc_100.py 331 > /home/belle2/jaeyoung/storage_ghi/Ntuples_ghi_2/MC15ri_generic/MC15ri_etaetapip_tight_v2_240419_Kp_BCS_etapi0const/bsub_log//MC15ri_etapip_gg_fitv6_toyMC_100_331.log"
------------------------------------------------------------

Successfully completed.

Resource usage summary:

    CPU time :                                   2751.87 sec.
    Max Memory :                                 1311 MB
    Average Memory :                             942.92 MB
    Total Requested Memory :                     4000.00 MB
    Delta Memory :                               2689.00 MB
    Max Swap :                                   -
    Max Processes :                              19
    Max Threads :                                20
    Run time :                                   2789 sec.
    Turnaround time :                            2989 sec.

The output (if any) follows:



PS:

Read file <./bsub_log/331.err> for stderr output of this job.

Sender: LSF System <lsfadmin@ccb153>
Subject: Job 53030289: <bash -c "basf2 etapip_gg_fit_v6_toymc_100.py 331 > /home/belle2/jaeyoung/storage_ghi/Ntuples_ghi_2/MC15ri_generic/MC15ri_etaetapip_tight_v2_240419_Kp_BCS_etapi0const/bsub_log//MC15ri_etapip_gg_fitv6_toyMC_100_331.log"> in cluster <centralcluster> Done

Job <bash -c "basf2 etapip_gg_fit_v6_toymc_100.py 331 > /home/belle2/jaeyoung/storage_ghi/Ntuples_ghi_2/MC15ri_generic/MC15ri_etaetapip_tight_v2_240419_Kp_BCS_etapi0const/bsub_log//MC15ri_etapip_gg_fitv6_toyMC_100_331.log"> was submitted from host <ccw03> by user <jaeyoung> in cluster <centralcluster> at Sun Jul 21 17:31:20 2024
Job was executed on host(s) <ccb153>, in queue <s>, as user <jaeyoung> in cluster <centralcluster> at Sun Jul 21 17:31:55 2024
</home/belle2/jaeyoung> was used as the home directory.
</home/belle2/jaeyoung/workspace/DRAW_and_FITTING/main/FITTING/etapip/MC15ri_generic/tight_v2_fit_v6/ToyMC> was used as the working directory.
Started at Sun Jul 21 17:31:55 2024
Terminated at Sun Jul 21 18:21:23 2024
Results reported at Sun Jul 21 18:21:23 2024

Your job looked like:

------------------------------------------------------------
# LSBATCH: User input
bash -c "basf2 etapip_gg_fit_v6_toymc_100.py 331 > /home/belle2/jaeyoung/storage_ghi/Ntuples_ghi_2/MC15ri_generic/MC15ri_etaetapip_tight_v2_240419_Kp_BCS_etapi0const/bsub_log//MC15ri_etapip_gg_fitv6_toyMC_100_331.log"
------------------------------------------------------------

Successfully completed.

Resource usage summary:

    CPU time :                                   2923.78 sec.
    Max Memory :                                 1311 MB
    Average Memory :                             956.75 MB
    Total Requested Memory :                     4000.00 MB
    Delta Memory :                               2689.00 MB
    Max Swap :                                   -
    Max Processes :                              19
    Max Threads :                                20
    Run time :                                   2969 sec.
    Turnaround time :                            3003 sec.

The output (if any) follows:



PS:

Read file <./bsub_log/331.err> for stderr output of this job.

Sender: LSF System <lsfadmin@ccb184>
Subject: Job 53202771: <bash -c "basf2 etapip_gg_fit_v6_toymc_100.py 331 > /home/belle2/jaeyoung/storage_ghi/Ntuples_ghi_2/MC15ri_generic/MC15ri_etaetapip_tight_v2_240419_Kp_BCS_etapi0const/bsub_log//MC15ri_etapip_gg_fitv6_toyMC_100_331.log"> in cluster <centralcluster> Exited

Job <bash -c "basf2 etapip_gg_fit_v6_toymc_100.py 331 > /home/belle2/jaeyoung/storage_ghi/Ntuples_ghi_2/MC15ri_generic/MC15ri_etaetapip_tight_v2_240419_Kp_BCS_etapi0const/bsub_log//MC15ri_etapip_gg_fitv6_toyMC_100_331.log"> was submitted from host <ccw03> by user <jaeyoung> in cluster <centralcluster> at Mon Jul 22 00:50:25 2024
Job was executed on host(s) <ccb184>, in queue <s>, as user <jaeyoung> in cluster <centralcluster> at Mon Jul 22 00:51:35 2024
</home/belle2/jaeyoung> was used as the home directory.
</home/belle2/jaeyoung/workspace/DRAW_and_FITTING/main/FITTING/etapip/MC15ri_generic/tight_v2_fit_v6/ToyMC> was used as the working directory.
Started at Mon Jul 22 00:51:35 2024
Terminated at Mon Jul 22 01:07:45 2024
Results reported at Mon Jul 22 01:07:45 2024

Your job looked like:

------------------------------------------------------------
# LSBATCH: User input
bash -c "basf2 etapip_gg_fit_v6_toymc_100.py 331 > /home/belle2/jaeyoung/storage_ghi/Ntuples_ghi_2/MC15ri_generic/MC15ri_etaetapip_tight_v2_240419_Kp_BCS_etapi0const/bsub_log//MC15ri_etapip_gg_fitv6_toyMC_100_331.log"
------------------------------------------------------------

Exited with exit code 1.

Resource usage summary:

    CPU time :                                   965.61 sec.
    Max Memory :                                 1253 MB
    Average Memory :                             1168.53 MB
    Total Requested Memory :                     4000.00 MB
    Delta Memory :                               2747.00 MB
    Max Swap :                                   -
    Max Processes :                              19
    Max Threads :                                20
    Run time :                                   970 sec.
    Turnaround time :                            1040 sec.

The output (if any) follows:



PS:

Read file <./bsub_log/331.err> for stderr output of this job.

Sender: LSF System <lsfadmin@ccb225>
Subject: Job 53407121: <bash -c "basf2 etapip_gg_fit_v6_toymc_100.py 331 > /home/belle2/jaeyoung/storage_ghi/Ntuples_ghi_2/MC15ri_generic/MC15ri_etaetapip_tight_v2_240419_Kp_BCS_etapi0const/bsub_log//MC15ri_etapip_gg_fitv6_toyMC_100_331.log"> in cluster <centralcluster> Done

Job <bash -c "basf2 etapip_gg_fit_v6_toymc_100.py 331 > /home/belle2/jaeyoung/storage_ghi/Ntuples_ghi_2/MC15ri_generic/MC15ri_etaetapip_tight_v2_240419_Kp_BCS_etapi0const/bsub_log//MC15ri_etapip_gg_fitv6_toyMC_100_331.log"> was submitted from host <ccw06> by user <jaeyoung> in cluster <centralcluster> at Mon Jul 22 10:49:10 2024
Job was executed on host(s) <ccb225>, in queue <s>, as user <jaeyoung> in cluster <centralcluster> at Mon Jul 22 10:49:41 2024
</home/belle2/jaeyoung> was used as the home directory.
</home/belle2/jaeyoung/workspace/DRAW_and_FITTING/main/FITTING/etapip/MC15ri_generic/tight_v2_fit_v6/ToyMC> was used as the working directory.
Started at Mon Jul 22 10:49:41 2024
Terminated at Mon Jul 22 11:38:25 2024
Results reported at Mon Jul 22 11:38:25 2024

Your job looked like:

------------------------------------------------------------
# LSBATCH: User input
bash -c "basf2 etapip_gg_fit_v6_toymc_100.py 331 > /home/belle2/jaeyoung/storage_ghi/Ntuples_ghi_2/MC15ri_generic/MC15ri_etaetapip_tight_v2_240419_Kp_BCS_etapi0const/bsub_log//MC15ri_etapip_gg_fitv6_toyMC_100_331.log"
------------------------------------------------------------

Successfully completed.

Resource usage summary:

    CPU time :                                   2908.74 sec.
    Max Memory :                                 1310 MB
    Average Memory :                             968.41 MB
    Total Requested Memory :                     4000.00 MB
    Delta Memory :                               2690.00 MB
    Max Swap :                                   -
    Max Processes :                              19
    Max Threads :                                20
    Run time :                                   2925 sec.
    Turnaround time :                            2955 sec.

The output (if any) follows:



PS:

Read file <./bsub_log/331.err> for stderr output of this job.

Sender: LSF System <lsfadmin@ccb536>
Subject: Job 53599328: <bash -c "basf2 etapip_gg_fit_v6_toymc_100.py 331 > /home/belle2/jaeyoung/storage_ghi/Ntuples_ghi_2/MC15ri_generic/MC15ri_etaetapip_tight_v2_240419_Kp_BCS_etapi0const/bsub_log//MC15ri_etapip_gg_fitv6_toyMC_100_331.log"> in cluster <centralcluster> Done

Job <bash -c "basf2 etapip_gg_fit_v6_toymc_100.py 331 > /home/belle2/jaeyoung/storage_ghi/Ntuples_ghi_2/MC15ri_generic/MC15ri_etaetapip_tight_v2_240419_Kp_BCS_etapi0const/bsub_log//MC15ri_etapip_gg_fitv6_toyMC_100_331.log"> was submitted from host <ccw03> by user <jaeyoung> in cluster <centralcluster> at Mon Jul 22 18:35:21 2024
Job was executed on host(s) <ccb536>, in queue <s>, as user <jaeyoung> in cluster <centralcluster> at Mon Jul 22 18:37:00 2024
</home/belle2/jaeyoung> was used as the home directory.
</home/belle2/jaeyoung/workspace/DRAW_and_FITTING/main/FITTING/etapip/MC15ri_generic/tight_v2_fit_v6/ToyMC> was used as the working directory.
Started at Mon Jul 22 18:37:00 2024
Terminated at Mon Jul 22 19:23:34 2024
Results reported at Mon Jul 22 19:23:34 2024

Your job looked like:

------------------------------------------------------------
# LSBATCH: User input
bash -c "basf2 etapip_gg_fit_v6_toymc_100.py 331 > /home/belle2/jaeyoung/storage_ghi/Ntuples_ghi_2/MC15ri_generic/MC15ri_etaetapip_tight_v2_240419_Kp_BCS_etapi0const/bsub_log//MC15ri_etapip_gg_fitv6_toyMC_100_331.log"
------------------------------------------------------------

Successfully completed.

Resource usage summary:

    CPU time :                                   2785.06 sec.
    Max Memory :                                 1311 MB
    Average Memory :                             953.10 MB
    Total Requested Memory :                     4000.00 MB
    Delta Memory :                               2689.00 MB
    Max Swap :                                   -
    Max Processes :                              19
    Max Threads :                                20
    Run time :                                   2795 sec.
    Turnaround time :                            2893 sec.

The output (if any) follows:



PS:

Read file <./bsub_log/331.err> for stderr output of this job.

Sender: LSF System <lsfadmin@ccb221>
Subject: Job 53832556: <bash -c "basf2 etapip_gg_fit_v6_toymc_100.py 331 > /home/belle2/jaeyoung/storage_ghi/Ntuples_ghi_2/MC15ri_generic/MC15ri_etaetapip_tight_v2_240419_Kp_BCS_etapi0const/bsub_log//MC15ri_etapip_gg_fitv6_toyMC_100_331.log"> in cluster <centralcluster> Done

Job <bash -c "basf2 etapip_gg_fit_v6_toymc_100.py 331 > /home/belle2/jaeyoung/storage_ghi/Ntuples_ghi_2/MC15ri_generic/MC15ri_etaetapip_tight_v2_240419_Kp_BCS_etapi0const/bsub_log//MC15ri_etapip_gg_fitv6_toyMC_100_331.log"> was submitted from host <ccw05> by user <jaeyoung> in cluster <centralcluster> at Tue Jul 23 00:50:14 2024
Job was executed on host(s) <ccb221>, in queue <s>, as user <jaeyoung> in cluster <centralcluster> at Tue Jul 23 00:50:33 2024
</home/belle2/jaeyoung> was used as the home directory.
</home/belle2/jaeyoung/workspace/DRAW_and_FITTING/main/FITTING/etapip/MC15ri_generic/tight_v2_fit_v6/ToyMC> was used as the working directory.
Started at Tue Jul 23 00:50:33 2024
Terminated at Tue Jul 23 01:36:23 2024
Results reported at Tue Jul 23 01:36:23 2024

Your job looked like:

------------------------------------------------------------
# LSBATCH: User input
bash -c "basf2 etapip_gg_fit_v6_toymc_100.py 331 > /home/belle2/jaeyoung/storage_ghi/Ntuples_ghi_2/MC15ri_generic/MC15ri_etaetapip_tight_v2_240419_Kp_BCS_etapi0const/bsub_log//MC15ri_etapip_gg_fitv6_toyMC_100_331.log"
------------------------------------------------------------

Successfully completed.

Resource usage summary:

    CPU time :                                   2705.55 sec.
    Max Memory :                                 1310 MB
    Average Memory :                             958.56 MB
    Total Requested Memory :                     4000.00 MB
    Delta Memory :                               2690.00 MB
    Max Swap :                                   -
    Max Processes :                              19
    Max Threads :                                20
    Run time :                                   2749 sec.
    Turnaround time :                            2769 sec.

The output (if any) follows:



PS:

Read file <./bsub_log/331.err> for stderr output of this job.

Sender: LSF System <lsfadmin@ccb175>
Subject: Job 54398104: <bash -c "basf2 etapip_gg_fit_v6_toymc_100.py 331 > /home/belle2/jaeyoung/storage_ghi/Ntuples_ghi_2/MC15ri_generic/MC15ri_etaetapip_tight_v2_240419_Kp_BCS_etapi0const/bsub_log//MC15ri_etapip_gg_fitv6_toyMC_100_331.log"> in cluster <centralcluster> Done

Job <bash -c "basf2 etapip_gg_fit_v6_toymc_100.py 331 > /home/belle2/jaeyoung/storage_ghi/Ntuples_ghi_2/MC15ri_generic/MC15ri_etaetapip_tight_v2_240419_Kp_BCS_etapi0const/bsub_log//MC15ri_etapip_gg_fitv6_toyMC_100_331.log"> was submitted from host <ccw04> by user <jaeyoung> in cluster <centralcluster> at Tue Jul 23 17:59:30 2024
Job was executed on host(s) <ccb175>, in queue <s>, as user <jaeyoung> in cluster <centralcluster> at Tue Jul 23 18:31:07 2024
</home/belle2/jaeyoung> was used as the home directory.
</home/belle2/jaeyoung/workspace/DRAW_and_FITTING/main/FITTING/etapip/MC15ri_generic/tight_v2_fit_v6/ToyMC> was used as the working directory.
Started at Tue Jul 23 18:31:07 2024
Terminated at Tue Jul 23 19:17:19 2024
Results reported at Tue Jul 23 19:17:19 2024

Your job looked like:

------------------------------------------------------------
# LSBATCH: User input
bash -c "basf2 etapip_gg_fit_v6_toymc_100.py 331 > /home/belle2/jaeyoung/storage_ghi/Ntuples_ghi_2/MC15ri_generic/MC15ri_etaetapip_tight_v2_240419_Kp_BCS_etapi0const/bsub_log//MC15ri_etapip_gg_fitv6_toyMC_100_331.log"
------------------------------------------------------------

Successfully completed.

Resource usage summary:

    CPU time :                                   2754.01 sec.
    Max Memory :                                 1313 MB
    Average Memory :                             944.61 MB
    Total Requested Memory :                     4000.00 MB
    Delta Memory :                               2687.00 MB
    Max Swap :                                   -
    Max Processes :                              19
    Max Threads :                                20
    Run time :                                   2773 sec.
    Turnaround time :                            4669 sec.

The output (if any) follows:



PS:

Read file <./bsub_log/331.err> for stderr output of this job.

Sender: LSF System <lsfadmin@ccb123>
Subject: Job 54470709: <bash -c "basf2 etapip_gg_fit_v6_toymc_100.py 331 > /home/belle2/jaeyoung/storage_ghi/Ntuples_ghi_2/MC15ri_generic/MC15ri_etaetapip_tight_v2_240419_Kp_BCS_etapi0const/bsub_log//MC15ri_etapip_gg_fitv6_toyMC_100_331.log"> in cluster <centralcluster> Done

Job <bash -c "basf2 etapip_gg_fit_v6_toymc_100.py 331 > /home/belle2/jaeyoung/storage_ghi/Ntuples_ghi_2/MC15ri_generic/MC15ri_etaetapip_tight_v2_240419_Kp_BCS_etapi0const/bsub_log//MC15ri_etapip_gg_fitv6_toyMC_100_331.log"> was submitted from host <ccw03> by user <jaeyoung> in cluster <centralcluster> at Tue Jul 23 19:38:24 2024
Job was executed on host(s) <ccb123>, in queue <s>, as user <jaeyoung> in cluster <centralcluster> at Tue Jul 23 19:38:25 2024
</home/belle2/jaeyoung> was used as the home directory.
</home/belle2/jaeyoung/workspace/DRAW_and_FITTING/main/FITTING/etapip/MC15ri_generic/tight_v2_fit_v6/ToyMC> was used as the working directory.
Started at Tue Jul 23 19:38:25 2024
Terminated at Tue Jul 23 20:25:53 2024
Results reported at Tue Jul 23 20:25:53 2024

Your job looked like:

------------------------------------------------------------
# LSBATCH: User input
bash -c "basf2 etapip_gg_fit_v6_toymc_100.py 331 > /home/belle2/jaeyoung/storage_ghi/Ntuples_ghi_2/MC15ri_generic/MC15ri_etaetapip_tight_v2_240419_Kp_BCS_etapi0const/bsub_log//MC15ri_etapip_gg_fitv6_toyMC_100_331.log"
------------------------------------------------------------

Successfully completed.

Resource usage summary:

    CPU time :                                   2821.26 sec.
    Max Memory :                                 1318 MB
    Average Memory :                             988.51 MB
    Total Requested Memory :                     4000.00 MB
    Delta Memory :                               2682.00 MB
    Max Swap :                                   -
    Max Processes :                              19
    Max Threads :                                20
    Run time :                                   2849 sec.
    Turnaround time :                            2849 sec.

The output (if any) follows:



PS:

Read file <./bsub_log/331.err> for stderr output of this job.

Sender: LSF System <lsfadmin@ccb180>
Subject: Job 55515942: <bash -c "basf2 etapip_gg_fit_v6_toymc_100.py 331 > /home/belle2/jaeyoung/storage_ghi/Ntuples_ghi_2/MC15ri_generic/MC15ri_etaetapip_tight_v2_240419_Kp_BCS_etapi0const/bsub_log//MC15ri_etapip_gg_fitv6_toyMC_100_331.log"> in cluster <centralcluster> Done

Job <bash -c "basf2 etapip_gg_fit_v6_toymc_100.py 331 > /home/belle2/jaeyoung/storage_ghi/Ntuples_ghi_2/MC15ri_generic/MC15ri_etaetapip_tight_v2_240419_Kp_BCS_etapi0const/bsub_log//MC15ri_etapip_gg_fitv6_toyMC_100_331.log"> was submitted from host <ccw01> by user <jaeyoung> in cluster <centralcluster> at Thu Jul 25 20:51:19 2024
Job was executed on host(s) <ccb180>, in queue <s>, as user <jaeyoung> in cluster <centralcluster> at Thu Jul 25 20:51:23 2024
</home/belle2/jaeyoung> was used as the home directory.
</gpfs/home/belle2/jaeyoung/workspace/DRAW_and_FITTING/main/FITTING/etapip/MC15ri_generic/tight_v2_fit_v6/ToyMC> was used as the working directory.
Started at Thu Jul 25 20:51:23 2024
Terminated at Thu Jul 25 21:38:39 2024
Results reported at Thu Jul 25 21:38:39 2024

Your job looked like:

------------------------------------------------------------
# LSBATCH: User input
bash -c "basf2 etapip_gg_fit_v6_toymc_100.py 331 > /home/belle2/jaeyoung/storage_ghi/Ntuples_ghi_2/MC15ri_generic/MC15ri_etaetapip_tight_v2_240419_Kp_BCS_etapi0const/bsub_log//MC15ri_etapip_gg_fitv6_toyMC_100_331.log"
------------------------------------------------------------

Successfully completed.

Resource usage summary:

    CPU time :                                   2820.82 sec.
    Max Memory :                                 1313 MB
    Average Memory :                             955.47 MB
    Total Requested Memory :                     4000.00 MB
    Delta Memory :                               2687.00 MB
    Max Swap :                                   -
    Max Processes :                              19
    Max Threads :                                20
    Run time :                                   2837 sec.
    Turnaround time :                            2840 sec.

The output (if any) follows:



PS:

Read file <./bsub_log/331.err> for stderr output of this job.

Sender: LSF System <lsfadmin@ccb062>
Subject: Job 56103500: <bash -c "basf2 etapip_gg_fit_v6_toymc_100.py 331 > /home/belle2/jaeyoung/storage_ghi/Ntuples_ghi_2/MC15ri_generic/MC15ri_etaetapip_tight_v2_240419_Kp_BCS_etapi0const/bsub_log//MC15ri_etapip_gg_fitv6_toyMC_100_331.log"> in cluster <centralcluster> Done

Job <bash -c "basf2 etapip_gg_fit_v6_toymc_100.py 331 > /home/belle2/jaeyoung/storage_ghi/Ntuples_ghi_2/MC15ri_generic/MC15ri_etaetapip_tight_v2_240419_Kp_BCS_etapi0const/bsub_log//MC15ri_etapip_gg_fitv6_toyMC_100_331.log"> was submitted from host <ccw06> by user <jaeyoung> in cluster <centralcluster> at Fri Jul 26 23:44:11 2024
Job was executed on host(s) <ccb062>, in queue <s>, as user <jaeyoung> in cluster <centralcluster> at Sat Jul 27 00:20:33 2024
</home/belle2/jaeyoung> was used as the home directory.
</home/belle2/jaeyoung/workspace/DRAW_and_FITTING/main/FITTING/etapip/MC15ri_generic/tight_v2_fit_v6/ToyMC> was used as the working directory.
Started at Sat Jul 27 00:20:33 2024
Terminated at Sat Jul 27 00:53:27 2024
Results reported at Sat Jul 27 00:53:27 2024

Your job looked like:

------------------------------------------------------------
# LSBATCH: User input
bash -c "basf2 etapip_gg_fit_v6_toymc_100.py 331 > /home/belle2/jaeyoung/storage_ghi/Ntuples_ghi_2/MC15ri_generic/MC15ri_etaetapip_tight_v2_240419_Kp_BCS_etapi0const/bsub_log//MC15ri_etapip_gg_fitv6_toyMC_100_331.log"
------------------------------------------------------------

Successfully completed.

Resource usage summary:

    CPU time :                                   1926.00 sec.
    Max Memory :                                 893 MB
    Average Memory :                             660.00 MB
    Total Requested Memory :                     4000.00 MB
    Delta Memory :                               3107.00 MB
    Max Swap :                                   -
    Max Processes :                              19
    Max Threads :                                20
    Run time :                                   1975 sec.
    Turnaround time :                            4156 sec.

The output (if any) follows:



PS:

Read file <./bsub_log/331.err> for stderr output of this job.

Sender: LSF System <lsfadmin@ccb081>
Subject: Job 56133692: <bash -c "basf2 etapip_gg_fit_v6_toymc_100.py 331 > /home/belle2/jaeyoung/storage_ghi/Ntuples_ghi_2/MC15ri_generic/MC15ri_etaetapip_tight_v2_240419_Kp_BCS_etapi0const/bsub_log//MC15ri_etapip_gg_fitv6_toyMC_100_331.log"> in cluster <centralcluster> Done

Job <bash -c "basf2 etapip_gg_fit_v6_toymc_100.py 331 > /home/belle2/jaeyoung/storage_ghi/Ntuples_ghi_2/MC15ri_generic/MC15ri_etaetapip_tight_v2_240419_Kp_BCS_etapi0const/bsub_log//MC15ri_etapip_gg_fitv6_toyMC_100_331.log"> was submitted from host <ccw03> by user <jaeyoung> in cluster <centralcluster> at Sat Jul 27 01:13:35 2024
Job was executed on host(s) <ccb081>, in queue <s>, as user <jaeyoung> in cluster <centralcluster> at Sat Jul 27 03:05:18 2024
</home/belle2/jaeyoung> was used as the home directory.
</gpfs/home/belle2/jaeyoung/workspace/DRAW_and_FITTING/main/FITTING/etapip/MC15ri_generic/tight_v2_fit_v6/ToyMC> was used as the working directory.
Started at Sat Jul 27 03:05:18 2024
Terminated at Sat Jul 27 03:44:00 2024
Results reported at Sat Jul 27 03:44:00 2024

Your job looked like:

------------------------------------------------------------
# LSBATCH: User input
bash -c "basf2 etapip_gg_fit_v6_toymc_100.py 331 > /home/belle2/jaeyoung/storage_ghi/Ntuples_ghi_2/MC15ri_generic/MC15ri_etaetapip_tight_v2_240419_Kp_BCS_etapi0const/bsub_log//MC15ri_etapip_gg_fitv6_toyMC_100_331.log"
------------------------------------------------------------

Successfully completed.

Resource usage summary:

    CPU time :                                   2282.70 sec.
    Max Memory :                                 928 MB
    Average Memory :                             668.35 MB
    Total Requested Memory :                     4000.00 MB
    Delta Memory :                               3072.00 MB
    Max Swap :                                   -
    Max Processes :                              19
    Max Threads :                                20
    Run time :                                   2322 sec.
    Turnaround time :                            9025 sec.

The output (if any) follows:



PS:

Read file <./bsub_log/331.err> for stderr output of this job.

