Sender: LSF System <lsfadmin@ccb292>
Subject: Job 52359573: <bash -c "basf2 etapip_gg_fit_v6_toymc_100.py 332 > /home/belle2/jaeyoung/storage_ghi/Ntuples_ghi_2/MC15ri_generic/MC15ri_etaetapip_tight_v2_240419_Kp_BCS_etapi0const/bsub_log//MC15ri_etapip_gg_fitv6_toyMC_100_332.log"> in cluster <centralcluster> Done

Job <bash -c "basf2 etapip_gg_fit_v6_toymc_100.py 332 > /home/belle2/jaeyoung/storage_ghi/Ntuples_ghi_2/MC15ri_generic/MC15ri_etaetapip_tight_v2_240419_Kp_BCS_etapi0const/bsub_log//MC15ri_etapip_gg_fitv6_toyMC_100_332.log"> was submitted from host <ccw02> by user <jaeyoung> in cluster <centralcluster> at Sat Jul 20 14:39:58 2024
Job was executed on host(s) <ccb292>, in queue <s>, as user <jaeyoung> in cluster <centralcluster> at Sat Jul 20 14:43:19 2024
</home/belle2/jaeyoung> was used as the home directory.
</home/belle2/jaeyoung/workspace/DRAW_and_FITTING/main/FITTING/etapip/MC15ri_generic/tight_v2_fit_v6/ToyMC> was used as the working directory.
Started at Sat Jul 20 14:43:19 2024
Terminated at Sat Jul 20 15:31:02 2024
Results reported at Sat Jul 20 15:31:02 2024

Your job looked like:

------------------------------------------------------------
# LSBATCH: User input
bash -c "basf2 etapip_gg_fit_v6_toymc_100.py 332 > /home/belle2/jaeyoung/storage_ghi/Ntuples_ghi_2/MC15ri_generic/MC15ri_etaetapip_tight_v2_240419_Kp_BCS_etapi0const/bsub_log//MC15ri_etapip_gg_fitv6_toyMC_100_332.log"
------------------------------------------------------------

Successfully completed.

Resource usage summary:

    CPU time :                                   2835.72 sec.
    Max Memory :                                 1311 MB
    Average Memory :                             938.04 MB
    Total Requested Memory :                     4000.00 MB
    Delta Memory :                               2689.00 MB
    Max Swap :                                   -
    Max Processes :                              19
    Max Threads :                                20
    Run time :                                   2864 sec.
    Turnaround time :                            3064 sec.

The output (if any) follows:



PS:

Read file <./bsub_log/332.err> for stderr output of this job.

Sender: LSF System <lsfadmin@ccb167>
Subject: Job 53030293: <bash -c "basf2 etapip_gg_fit_v6_toymc_100.py 332 > /home/belle2/jaeyoung/storage_ghi/Ntuples_ghi_2/MC15ri_generic/MC15ri_etaetapip_tight_v2_240419_Kp_BCS_etapi0const/bsub_log//MC15ri_etapip_gg_fitv6_toyMC_100_332.log"> in cluster <centralcluster> Done

Job <bash -c "basf2 etapip_gg_fit_v6_toymc_100.py 332 > /home/belle2/jaeyoung/storage_ghi/Ntuples_ghi_2/MC15ri_generic/MC15ri_etaetapip_tight_v2_240419_Kp_BCS_etapi0const/bsub_log//MC15ri_etapip_gg_fitv6_toyMC_100_332.log"> was submitted from host <ccw03> by user <jaeyoung> in cluster <centralcluster> at Sun Jul 21 17:31:20 2024
Job was executed on host(s) <ccb167>, in queue <s>, as user <jaeyoung> in cluster <centralcluster> at Sun Jul 21 17:31:55 2024
</home/belle2/jaeyoung> was used as the home directory.
</home/belle2/jaeyoung/workspace/DRAW_and_FITTING/main/FITTING/etapip/MC15ri_generic/tight_v2_fit_v6/ToyMC> was used as the working directory.
Started at Sun Jul 21 17:31:55 2024
Terminated at Sun Jul 21 18:20:36 2024
Results reported at Sun Jul 21 18:20:36 2024

Your job looked like:

------------------------------------------------------------
# LSBATCH: User input
bash -c "basf2 etapip_gg_fit_v6_toymc_100.py 332 > /home/belle2/jaeyoung/storage_ghi/Ntuples_ghi_2/MC15ri_generic/MC15ri_etaetapip_tight_v2_240419_Kp_BCS_etapi0const/bsub_log//MC15ri_etapip_gg_fitv6_toyMC_100_332.log"
------------------------------------------------------------

Successfully completed.

Resource usage summary:

    CPU time :                                   2882.06 sec.
    Max Memory :                                 1313 MB
    Average Memory :                             932.81 MB
    Total Requested Memory :                     4000.00 MB
    Delta Memory :                               2687.00 MB
    Max Swap :                                   -
    Max Processes :                              19
    Max Threads :                                20
    Run time :                                   2922 sec.
    Turnaround time :                            2956 sec.

The output (if any) follows:



PS:

Read file <./bsub_log/332.err> for stderr output of this job.

Sender: LSF System <lsfadmin@ccb024>
Subject: Job 53202775: <bash -c "basf2 etapip_gg_fit_v6_toymc_100.py 332 > /home/belle2/jaeyoung/storage_ghi/Ntuples_ghi_2/MC15ri_generic/MC15ri_etaetapip_tight_v2_240419_Kp_BCS_etapi0const/bsub_log//MC15ri_etapip_gg_fitv6_toyMC_100_332.log"> in cluster <centralcluster> Exited

Job <bash -c "basf2 etapip_gg_fit_v6_toymc_100.py 332 > /home/belle2/jaeyoung/storage_ghi/Ntuples_ghi_2/MC15ri_generic/MC15ri_etaetapip_tight_v2_240419_Kp_BCS_etapi0const/bsub_log//MC15ri_etapip_gg_fitv6_toyMC_100_332.log"> was submitted from host <ccw03> by user <jaeyoung> in cluster <centralcluster> at Mon Jul 22 00:50:25 2024
Job was executed on host(s) <ccb024>, in queue <s>, as user <jaeyoung> in cluster <centralcluster> at Mon Jul 22 00:51:35 2024
</home/belle2/jaeyoung> was used as the home directory.
</home/belle2/jaeyoung/workspace/DRAW_and_FITTING/main/FITTING/etapip/MC15ri_generic/tight_v2_fit_v6/ToyMC> was used as the working directory.
Started at Mon Jul 22 00:51:35 2024
Terminated at Mon Jul 22 01:09:37 2024
Results reported at Mon Jul 22 01:09:37 2024

Your job looked like:

------------------------------------------------------------
# LSBATCH: User input
bash -c "basf2 etapip_gg_fit_v6_toymc_100.py 332 > /home/belle2/jaeyoung/storage_ghi/Ntuples_ghi_2/MC15ri_generic/MC15ri_etaetapip_tight_v2_240419_Kp_BCS_etapi0const/bsub_log//MC15ri_etapip_gg_fitv6_toyMC_100_332.log"
------------------------------------------------------------

Exited with exit code 1.

Resource usage summary:

    CPU time :                                   1075.95 sec.
    Max Memory :                                 1293 MB
    Average Memory :                             1196.74 MB
    Total Requested Memory :                     4000.00 MB
    Delta Memory :                               2707.00 MB
    Max Swap :                                   -
    Max Processes :                              19
    Max Threads :                                20
    Run time :                                   1083 sec.
    Turnaround time :                            1152 sec.

The output (if any) follows:



PS:

Read file <./bsub_log/332.err> for stderr output of this job.

Sender: LSF System <lsfadmin@ccb190>
Subject: Job 53407123: <bash -c "basf2 etapip_gg_fit_v6_toymc_100.py 332 > /home/belle2/jaeyoung/storage_ghi/Ntuples_ghi_2/MC15ri_generic/MC15ri_etaetapip_tight_v2_240419_Kp_BCS_etapi0const/bsub_log//MC15ri_etapip_gg_fitv6_toyMC_100_332.log"> in cluster <centralcluster> Done

Job <bash -c "basf2 etapip_gg_fit_v6_toymc_100.py 332 > /home/belle2/jaeyoung/storage_ghi/Ntuples_ghi_2/MC15ri_generic/MC15ri_etaetapip_tight_v2_240419_Kp_BCS_etapi0const/bsub_log//MC15ri_etapip_gg_fitv6_toyMC_100_332.log"> was submitted from host <ccw06> by user <jaeyoung> in cluster <centralcluster> at Mon Jul 22 10:49:10 2024
Job was executed on host(s) <ccb190>, in queue <s>, as user <jaeyoung> in cluster <centralcluster> at Mon Jul 22 10:49:41 2024
</home/belle2/jaeyoung> was used as the home directory.
</home/belle2/jaeyoung/workspace/DRAW_and_FITTING/main/FITTING/etapip/MC15ri_generic/tight_v2_fit_v6/ToyMC> was used as the working directory.
Started at Mon Jul 22 10:49:41 2024
Terminated at Mon Jul 22 11:35:45 2024
Results reported at Mon Jul 22 11:35:45 2024

Your job looked like:

------------------------------------------------------------
# LSBATCH: User input
bash -c "basf2 etapip_gg_fit_v6_toymc_100.py 332 > /home/belle2/jaeyoung/storage_ghi/Ntuples_ghi_2/MC15ri_generic/MC15ri_etaetapip_tight_v2_240419_Kp_BCS_etapi0const/bsub_log//MC15ri_etapip_gg_fitv6_toyMC_100_332.log"
------------------------------------------------------------

Successfully completed.

Resource usage summary:

    CPU time :                                   2754.32 sec.
    Max Memory :                                 1310 MB
    Average Memory :                             943.27 MB
    Total Requested Memory :                     4000.00 MB
    Delta Memory :                               2690.00 MB
    Max Swap :                                   -
    Max Processes :                              19
    Max Threads :                                20
    Run time :                                   2765 sec.
    Turnaround time :                            2795 sec.

The output (if any) follows:



PS:

Read file <./bsub_log/332.err> for stderr output of this job.

Sender: LSF System <lsfadmin@ccb547>
Subject: Job 53599332: <bash -c "basf2 etapip_gg_fit_v6_toymc_100.py 332 > /home/belle2/jaeyoung/storage_ghi/Ntuples_ghi_2/MC15ri_generic/MC15ri_etaetapip_tight_v2_240419_Kp_BCS_etapi0const/bsub_log//MC15ri_etapip_gg_fitv6_toyMC_100_332.log"> in cluster <centralcluster> Done

Job <bash -c "basf2 etapip_gg_fit_v6_toymc_100.py 332 > /home/belle2/jaeyoung/storage_ghi/Ntuples_ghi_2/MC15ri_generic/MC15ri_etaetapip_tight_v2_240419_Kp_BCS_etapi0const/bsub_log//MC15ri_etapip_gg_fitv6_toyMC_100_332.log"> was submitted from host <ccw03> by user <jaeyoung> in cluster <centralcluster> at Mon Jul 22 18:35:22 2024
Job was executed on host(s) <ccb547>, in queue <s>, as user <jaeyoung> in cluster <centralcluster> at Mon Jul 22 18:37:01 2024
</home/belle2/jaeyoung> was used as the home directory.
</home/belle2/jaeyoung/workspace/DRAW_and_FITTING/main/FITTING/etapip/MC15ri_generic/tight_v2_fit_v6/ToyMC> was used as the working directory.
Started at Mon Jul 22 18:37:01 2024
Terminated at Mon Jul 22 19:24:43 2024
Results reported at Mon Jul 22 19:24:43 2024

Your job looked like:

------------------------------------------------------------
# LSBATCH: User input
bash -c "basf2 etapip_gg_fit_v6_toymc_100.py 332 > /home/belle2/jaeyoung/storage_ghi/Ntuples_ghi_2/MC15ri_generic/MC15ri_etaetapip_tight_v2_240419_Kp_BCS_etapi0const/bsub_log//MC15ri_etapip_gg_fitv6_toyMC_100_332.log"
------------------------------------------------------------

Successfully completed.

Resource usage summary:

    CPU time :                                   2819.27 sec.
    Max Memory :                                 1311 MB
    Average Memory :                             931.64 MB
    Total Requested Memory :                     4000.00 MB
    Delta Memory :                               2689.00 MB
    Max Swap :                                   -
    Max Processes :                              19
    Max Threads :                                20
    Run time :                                   2862 sec.
    Turnaround time :                            2961 sec.

The output (if any) follows:



PS:

Read file <./bsub_log/332.err> for stderr output of this job.

Sender: LSF System <lsfadmin@ccb544>
Subject: Job 53832561: <bash -c "basf2 etapip_gg_fit_v6_toymc_100.py 332 > /home/belle2/jaeyoung/storage_ghi/Ntuples_ghi_2/MC15ri_generic/MC15ri_etaetapip_tight_v2_240419_Kp_BCS_etapi0const/bsub_log//MC15ri_etapip_gg_fitv6_toyMC_100_332.log"> in cluster <centralcluster> Done

Job <bash -c "basf2 etapip_gg_fit_v6_toymc_100.py 332 > /home/belle2/jaeyoung/storage_ghi/Ntuples_ghi_2/MC15ri_generic/MC15ri_etaetapip_tight_v2_240419_Kp_BCS_etapi0const/bsub_log//MC15ri_etapip_gg_fitv6_toyMC_100_332.log"> was submitted from host <ccw05> by user <jaeyoung> in cluster <centralcluster> at Tue Jul 23 00:50:15 2024
Job was executed on host(s) <ccb544>, in queue <s>, as user <jaeyoung> in cluster <centralcluster> at Tue Jul 23 00:50:33 2024
</home/belle2/jaeyoung> was used as the home directory.
</home/belle2/jaeyoung/workspace/DRAW_and_FITTING/main/FITTING/etapip/MC15ri_generic/tight_v2_fit_v6/ToyMC> was used as the working directory.
Started at Tue Jul 23 00:50:33 2024
Terminated at Tue Jul 23 01:38:16 2024
Results reported at Tue Jul 23 01:38:16 2024

Your job looked like:

------------------------------------------------------------
# LSBATCH: User input
bash -c "basf2 etapip_gg_fit_v6_toymc_100.py 332 > /home/belle2/jaeyoung/storage_ghi/Ntuples_ghi_2/MC15ri_generic/MC15ri_etaetapip_tight_v2_240419_Kp_BCS_etapi0const/bsub_log//MC15ri_etapip_gg_fitv6_toyMC_100_332.log"
------------------------------------------------------------

Successfully completed.

Resource usage summary:

    CPU time :                                   2824.87 sec.
    Max Memory :                                 1311 MB
    Average Memory :                             948.23 MB
    Total Requested Memory :                     4000.00 MB
    Delta Memory :                               2689.00 MB
    Max Swap :                                   -
    Max Processes :                              19
    Max Threads :                                20
    Run time :                                   2863 sec.
    Turnaround time :                            2881 sec.

The output (if any) follows:



PS:

Read file <./bsub_log/332.err> for stderr output of this job.

Sender: LSF System <lsfadmin@ccb569>
Subject: Job 54398108: <bash -c "basf2 etapip_gg_fit_v6_toymc_100.py 332 > /home/belle2/jaeyoung/storage_ghi/Ntuples_ghi_2/MC15ri_generic/MC15ri_etaetapip_tight_v2_240419_Kp_BCS_etapi0const/bsub_log//MC15ri_etapip_gg_fitv6_toyMC_100_332.log"> in cluster <centralcluster> Done

Job <bash -c "basf2 etapip_gg_fit_v6_toymc_100.py 332 > /home/belle2/jaeyoung/storage_ghi/Ntuples_ghi_2/MC15ri_generic/MC15ri_etaetapip_tight_v2_240419_Kp_BCS_etapi0const/bsub_log//MC15ri_etapip_gg_fitv6_toyMC_100_332.log"> was submitted from host <ccw04> by user <jaeyoung> in cluster <centralcluster> at Tue Jul 23 17:59:31 2024
Job was executed on host(s) <ccb569>, in queue <s>, as user <jaeyoung> in cluster <centralcluster> at Tue Jul 23 18:31:07 2024
</home/belle2/jaeyoung> was used as the home directory.
</home/belle2/jaeyoung/workspace/DRAW_and_FITTING/main/FITTING/etapip/MC15ri_generic/tight_v2_fit_v6/ToyMC> was used as the working directory.
Started at Tue Jul 23 18:31:07 2024
Terminated at Tue Jul 23 19:19:46 2024
Results reported at Tue Jul 23 19:19:46 2024

Your job looked like:

------------------------------------------------------------
# LSBATCH: User input
bash -c "basf2 etapip_gg_fit_v6_toymc_100.py 332 > /home/belle2/jaeyoung/storage_ghi/Ntuples_ghi_2/MC15ri_generic/MC15ri_etaetapip_tight_v2_240419_Kp_BCS_etapi0const/bsub_log//MC15ri_etapip_gg_fitv6_toyMC_100_332.log"
------------------------------------------------------------

Successfully completed.

Resource usage summary:

    CPU time :                                   2874.41 sec.
    Max Memory :                                 1313 MB
    Average Memory :                             944.90 MB
    Total Requested Memory :                     4000.00 MB
    Delta Memory :                               2687.00 MB
    Max Swap :                                   -
    Max Processes :                              19
    Max Threads :                                20
    Run time :                                   2920 sec.
    Turnaround time :                            4815 sec.

The output (if any) follows:



PS:

Read file <./bsub_log/332.err> for stderr output of this job.

