Sender: LSF System <lsfadmin@ccb148>
Subject: Job 52359587: <bash -c "basf2 etapip_gg_fit_v6_toymc_100.py 346 > /home/belle2/jaeyoung/storage_ghi/Ntuples_ghi_2/MC15ri_generic/MC15ri_etaetapip_tight_v2_240419_Kp_BCS_etapi0const/bsub_log//MC15ri_etapip_gg_fitv6_toyMC_100_346.log"> in cluster <centralcluster> Done

Job <bash -c "basf2 etapip_gg_fit_v6_toymc_100.py 346 > /home/belle2/jaeyoung/storage_ghi/Ntuples_ghi_2/MC15ri_generic/MC15ri_etaetapip_tight_v2_240419_Kp_BCS_etapi0const/bsub_log//MC15ri_etapip_gg_fitv6_toyMC_100_346.log"> was submitted from host <ccw02> by user <jaeyoung> in cluster <centralcluster> at Sat Jul 20 14:40:02 2024
Job was executed on host(s) <ccb148>, in queue <s>, as user <jaeyoung> in cluster <centralcluster> at Sat Jul 20 14:43:33 2024
</home/belle2/jaeyoung> was used as the home directory.
</home/belle2/jaeyoung/workspace/DRAW_and_FITTING/main/FITTING/etapip/MC15ri_generic/tight_v2_fit_v6/ToyMC> was used as the working directory.
Started at Sat Jul 20 14:43:33 2024
Terminated at Sat Jul 20 15:32:12 2024
Results reported at Sat Jul 20 15:32:12 2024

Your job looked like:

------------------------------------------------------------
# LSBATCH: User input
bash -c "basf2 etapip_gg_fit_v6_toymc_100.py 346 > /home/belle2/jaeyoung/storage_ghi/Ntuples_ghi_2/MC15ri_generic/MC15ri_etaetapip_tight_v2_240419_Kp_BCS_etapi0const/bsub_log//MC15ri_etapip_gg_fitv6_toyMC_100_346.log"
------------------------------------------------------------

Successfully completed.

Resource usage summary:

    CPU time :                                   2886.62 sec.
    Max Memory :                                 1311 MB
    Average Memory :                             929.40 MB
    Total Requested Memory :                     4000.00 MB
    Delta Memory :                               2689.00 MB
    Max Swap :                                   -
    Max Processes :                              19
    Max Threads :                                20
    Run time :                                   2919 sec.
    Turnaround time :                            3130 sec.

The output (if any) follows:



PS:

Read file <./bsub_log/346.err> for stderr output of this job.

Sender: LSF System <lsfadmin@ccb028>
Subject: Job 53030345: <bash -c "basf2 etapip_gg_fit_v6_toymc_100.py 346 > /home/belle2/jaeyoung/storage_ghi/Ntuples_ghi_2/MC15ri_generic/MC15ri_etaetapip_tight_v2_240419_Kp_BCS_etapi0const/bsub_log//MC15ri_etapip_gg_fitv6_toyMC_100_346.log"> in cluster <centralcluster> Done

Job <bash -c "basf2 etapip_gg_fit_v6_toymc_100.py 346 > /home/belle2/jaeyoung/storage_ghi/Ntuples_ghi_2/MC15ri_generic/MC15ri_etaetapip_tight_v2_240419_Kp_BCS_etapi0const/bsub_log//MC15ri_etapip_gg_fitv6_toyMC_100_346.log"> was submitted from host <ccw03> by user <jaeyoung> in cluster <centralcluster> at Sun Jul 21 17:31:25 2024
Job was executed on host(s) <ccb028>, in queue <s>, as user <jaeyoung> in cluster <centralcluster> at Sun Jul 21 17:31:59 2024
</home/belle2/jaeyoung> was used as the home directory.
</home/belle2/jaeyoung/workspace/DRAW_and_FITTING/main/FITTING/etapip/MC15ri_generic/tight_v2_fit_v6/ToyMC> was used as the working directory.
Started at Sun Jul 21 17:31:59 2024
Terminated at Sun Jul 21 18:19:58 2024
Results reported at Sun Jul 21 18:19:58 2024

Your job looked like:

------------------------------------------------------------
# LSBATCH: User input
bash -c "basf2 etapip_gg_fit_v6_toymc_100.py 346 > /home/belle2/jaeyoung/storage_ghi/Ntuples_ghi_2/MC15ri_generic/MC15ri_etaetapip_tight_v2_240419_Kp_BCS_etapi0const/bsub_log//MC15ri_etapip_gg_fitv6_toyMC_100_346.log"
------------------------------------------------------------

Successfully completed.

Resource usage summary:

    CPU time :                                   2870.70 sec.
    Max Memory :                                 1311 MB
    Average Memory :                             954.87 MB
    Total Requested Memory :                     4000.00 MB
    Delta Memory :                               2689.00 MB
    Max Swap :                                   -
    Max Processes :                              19
    Max Threads :                                20
    Run time :                                   2880 sec.
    Turnaround time :                            2913 sec.

The output (if any) follows:



PS:

Read file <./bsub_log/346.err> for stderr output of this job.

Sender: LSF System <lsfadmin@ccb530>
Subject: Job 53202845: <bash -c "basf2 etapip_gg_fit_v6_toymc_100.py 346 > /home/belle2/jaeyoung/storage_ghi/Ntuples_ghi_2/MC15ri_generic/MC15ri_etaetapip_tight_v2_240419_Kp_BCS_etapi0const/bsub_log//MC15ri_etapip_gg_fitv6_toyMC_100_346.log"> in cluster <centralcluster> Exited

Job <bash -c "basf2 etapip_gg_fit_v6_toymc_100.py 346 > /home/belle2/jaeyoung/storage_ghi/Ntuples_ghi_2/MC15ri_generic/MC15ri_etaetapip_tight_v2_240419_Kp_BCS_etapi0const/bsub_log//MC15ri_etapip_gg_fitv6_toyMC_100_346.log"> was submitted from host <ccw03> by user <jaeyoung> in cluster <centralcluster> at Mon Jul 22 00:50:30 2024
Job was executed on host(s) <ccb530>, in queue <s>, as user <jaeyoung> in cluster <centralcluster> at Mon Jul 22 00:51:51 2024
</home/belle2/jaeyoung> was used as the home directory.
</home/belle2/jaeyoung/workspace/DRAW_and_FITTING/main/FITTING/etapip/MC15ri_generic/tight_v2_fit_v6/ToyMC> was used as the working directory.
Started at Mon Jul 22 00:51:51 2024
Terminated at Mon Jul 22 01:08:27 2024
Results reported at Mon Jul 22 01:08:27 2024

Your job looked like:

------------------------------------------------------------
# LSBATCH: User input
bash -c "basf2 etapip_gg_fit_v6_toymc_100.py 346 > /home/belle2/jaeyoung/storage_ghi/Ntuples_ghi_2/MC15ri_generic/MC15ri_etaetapip_tight_v2_240419_Kp_BCS_etapi0const/bsub_log//MC15ri_etapip_gg_fitv6_toyMC_100_346.log"
------------------------------------------------------------

Exited with exit code 1.

Resource usage summary:

    CPU time :                                   985.68 sec.
    Max Memory :                                 1255 MB
    Average Memory :                             1165.57 MB
    Total Requested Memory :                     4000.00 MB
    Delta Memory :                               2745.00 MB
    Max Swap :                                   -
    Max Processes :                              19
    Max Threads :                                20
    Run time :                                   997 sec.
    Turnaround time :                            1077 sec.

The output (if any) follows:



PS:

Read file <./bsub_log/346.err> for stderr output of this job.

Sender: LSF System <lsfadmin@ccb290>
Subject: Job 53407153: <bash -c "basf2 etapip_gg_fit_v6_toymc_100.py 346 > /home/belle2/jaeyoung/storage_ghi/Ntuples_ghi_2/MC15ri_generic/MC15ri_etaetapip_tight_v2_240419_Kp_BCS_etapi0const/bsub_log//MC15ri_etapip_gg_fitv6_toyMC_100_346.log"> in cluster <centralcluster> Done

Job <bash -c "basf2 etapip_gg_fit_v6_toymc_100.py 346 > /home/belle2/jaeyoung/storage_ghi/Ntuples_ghi_2/MC15ri_generic/MC15ri_etaetapip_tight_v2_240419_Kp_BCS_etapi0const/bsub_log//MC15ri_etapip_gg_fitv6_toyMC_100_346.log"> was submitted from host <ccw06> by user <jaeyoung> in cluster <centralcluster> at Mon Jul 22 10:49:14 2024
Job was executed on host(s) <ccb290>, in queue <s>, as user <jaeyoung> in cluster <centralcluster> at Mon Jul 22 10:49:50 2024
</home/belle2/jaeyoung> was used as the home directory.
</home/belle2/jaeyoung/workspace/DRAW_and_FITTING/main/FITTING/etapip/MC15ri_generic/tight_v2_fit_v6/ToyMC> was used as the working directory.
Started at Mon Jul 22 10:49:50 2024
Terminated at Mon Jul 22 11:36:00 2024
Results reported at Mon Jul 22 11:36:00 2024

Your job looked like:

------------------------------------------------------------
# LSBATCH: User input
bash -c "basf2 etapip_gg_fit_v6_toymc_100.py 346 > /home/belle2/jaeyoung/storage_ghi/Ntuples_ghi_2/MC15ri_generic/MC15ri_etaetapip_tight_v2_240419_Kp_BCS_etapi0const/bsub_log//MC15ri_etapip_gg_fitv6_toyMC_100_346.log"
------------------------------------------------------------

Successfully completed.

Resource usage summary:

    CPU time :                                   2754.47 sec.
    Max Memory :                                 1311 MB
    Average Memory :                             955.15 MB
    Total Requested Memory :                     4000.00 MB
    Delta Memory :                               2689.00 MB
    Max Swap :                                   -
    Max Processes :                              19
    Max Threads :                                20
    Run time :                                   2770 sec.
    Turnaround time :                            2806 sec.

The output (if any) follows:



PS:

Read file <./bsub_log/346.err> for stderr output of this job.

Sender: LSF System <lsfadmin@ccb048>
Subject: Job 53599378: <bash -c "basf2 etapip_gg_fit_v6_toymc_100.py 346 > /home/belle2/jaeyoung/storage_ghi/Ntuples_ghi_2/MC15ri_generic/MC15ri_etaetapip_tight_v2_240419_Kp_BCS_etapi0const/bsub_log//MC15ri_etapip_gg_fitv6_toyMC_100_346.log"> in cluster <centralcluster> Done

Job <bash -c "basf2 etapip_gg_fit_v6_toymc_100.py 346 > /home/belle2/jaeyoung/storage_ghi/Ntuples_ghi_2/MC15ri_generic/MC15ri_etaetapip_tight_v2_240419_Kp_BCS_etapi0const/bsub_log//MC15ri_etapip_gg_fitv6_toyMC_100_346.log"> was submitted from host <ccw03> by user <jaeyoung> in cluster <centralcluster> at Mon Jul 22 18:35:26 2024
Job was executed on host(s) <ccb048>, in queue <s>, as user <jaeyoung> in cluster <centralcluster> at Mon Jul 22 18:37:04 2024
</home/belle2/jaeyoung> was used as the home directory.
</home/belle2/jaeyoung/workspace/DRAW_and_FITTING/main/FITTING/etapip/MC15ri_generic/tight_v2_fit_v6/ToyMC> was used as the working directory.
Started at Mon Jul 22 18:37:04 2024
Terminated at Mon Jul 22 19:25:29 2024
Results reported at Mon Jul 22 19:25:29 2024

Your job looked like:

------------------------------------------------------------
# LSBATCH: User input
bash -c "basf2 etapip_gg_fit_v6_toymc_100.py 346 > /home/belle2/jaeyoung/storage_ghi/Ntuples_ghi_2/MC15ri_generic/MC15ri_etaetapip_tight_v2_240419_Kp_BCS_etapi0const/bsub_log//MC15ri_etapip_gg_fitv6_toyMC_100_346.log"
------------------------------------------------------------

Successfully completed.

Resource usage summary:

    CPU time :                                   2848.77 sec.
    Max Memory :                                 1320 MB
    Average Memory :                             942.65 MB
    Total Requested Memory :                     4000.00 MB
    Delta Memory :                               2680.00 MB
    Max Swap :                                   -
    Max Processes :                              19
    Max Threads :                                20
    Run time :                                   2906 sec.
    Turnaround time :                            3003 sec.

The output (if any) follows:



PS:

Read file <./bsub_log/346.err> for stderr output of this job.

Sender: LSF System <lsfadmin@ccb518>
Subject: Job 53832616: <bash -c "basf2 etapip_gg_fit_v6_toymc_100.py 346 > /home/belle2/jaeyoung/storage_ghi/Ntuples_ghi_2/MC15ri_generic/MC15ri_etaetapip_tight_v2_240419_Kp_BCS_etapi0const/bsub_log//MC15ri_etapip_gg_fitv6_toyMC_100_346.log"> in cluster <centralcluster> Done

Job <bash -c "basf2 etapip_gg_fit_v6_toymc_100.py 346 > /home/belle2/jaeyoung/storage_ghi/Ntuples_ghi_2/MC15ri_generic/MC15ri_etaetapip_tight_v2_240419_Kp_BCS_etapi0const/bsub_log//MC15ri_etapip_gg_fitv6_toyMC_100_346.log"> was submitted from host <ccw05> by user <jaeyoung> in cluster <centralcluster> at Tue Jul 23 00:50:20 2024
Job was executed on host(s) <ccb518>, in queue <s>, as user <jaeyoung> in cluster <centralcluster> at Tue Jul 23 00:50:38 2024
</home/belle2/jaeyoung> was used as the home directory.
</home/belle2/jaeyoung/workspace/DRAW_and_FITTING/main/FITTING/etapip/MC15ri_generic/tight_v2_fit_v6/ToyMC> was used as the working directory.
Started at Tue Jul 23 00:50:38 2024
Terminated at Tue Jul 23 01:36:51 2024
Results reported at Tue Jul 23 01:36:51 2024

Your job looked like:

------------------------------------------------------------
# LSBATCH: User input
bash -c "basf2 etapip_gg_fit_v6_toymc_100.py 346 > /home/belle2/jaeyoung/storage_ghi/Ntuples_ghi_2/MC15ri_generic/MC15ri_etaetapip_tight_v2_240419_Kp_BCS_etapi0const/bsub_log//MC15ri_etapip_gg_fitv6_toyMC_100_346.log"
------------------------------------------------------------

Successfully completed.

Resource usage summary:

    CPU time :                                   2761.04 sec.
    Max Memory :                                 1311 MB
    Average Memory :                             945.00 MB
    Total Requested Memory :                     4000.00 MB
    Delta Memory :                               2689.00 MB
    Max Swap :                                   -
    Max Processes :                              19
    Max Threads :                                20
    Run time :                                   2773 sec.
    Turnaround time :                            2791 sec.

The output (if any) follows:



PS:

Read file <./bsub_log/346.err> for stderr output of this job.

Sender: LSF System <lsfadmin@ccb109>
Subject: Job 54398168: <bash -c "basf2 etapip_gg_fit_v6_toymc_100.py 346 > /home/belle2/jaeyoung/storage_ghi/Ntuples_ghi_2/MC15ri_generic/MC15ri_etaetapip_tight_v2_240419_Kp_BCS_etapi0const/bsub_log//MC15ri_etapip_gg_fitv6_toyMC_100_346.log"> in cluster <centralcluster> Done

Job <bash -c "basf2 etapip_gg_fit_v6_toymc_100.py 346 > /home/belle2/jaeyoung/storage_ghi/Ntuples_ghi_2/MC15ri_generic/MC15ri_etaetapip_tight_v2_240419_Kp_BCS_etapi0const/bsub_log//MC15ri_etapip_gg_fitv6_toyMC_100_346.log"> was submitted from host <ccw04> by user <jaeyoung> in cluster <centralcluster> at Tue Jul 23 17:59:36 2024
Job was executed on host(s) <ccb109>, in queue <s>, as user <jaeyoung> in cluster <centralcluster> at Tue Jul 23 18:31:07 2024
</home/belle2/jaeyoung> was used as the home directory.
</home/belle2/jaeyoung/workspace/DRAW_and_FITTING/main/FITTING/etapip/MC15ri_generic/tight_v2_fit_v6/ToyMC> was used as the working directory.
Started at Tue Jul 23 18:31:07 2024
Terminated at Tue Jul 23 19:16:40 2024
Results reported at Tue Jul 23 19:16:40 2024

Your job looked like:

------------------------------------------------------------
# LSBATCH: User input
bash -c "basf2 etapip_gg_fit_v6_toymc_100.py 346 > /home/belle2/jaeyoung/storage_ghi/Ntuples_ghi_2/MC15ri_generic/MC15ri_etaetapip_tight_v2_240419_Kp_BCS_etapi0const/bsub_log//MC15ri_etapip_gg_fitv6_toyMC_100_346.log"
------------------------------------------------------------

Successfully completed.

Resource usage summary:

    CPU time :                                   2712.97 sec.
    Max Memory :                                 1313 MB
    Average Memory :                             956.96 MB
    Total Requested Memory :                     4000.00 MB
    Delta Memory :                               2687.00 MB
    Max Swap :                                   -
    Max Processes :                              19
    Max Threads :                                20
    Run time :                                   2732 sec.
    Turnaround time :                            4624 sec.

The output (if any) follows:



PS:

Read file <./bsub_log/346.err> for stderr output of this job.

Sender: LSF System <lsfadmin@ccb176>
Subject: Job 54470798: <bash -c "basf2 etapip_gg_fit_v6_toymc_100.py 346 > /home/belle2/jaeyoung/storage_ghi/Ntuples_ghi_2/MC15ri_generic/MC15ri_etaetapip_tight_v2_240419_Kp_BCS_etapi0const/bsub_log//MC15ri_etapip_gg_fitv6_toyMC_100_346.log"> in cluster <centralcluster> Done

Job <bash -c "basf2 etapip_gg_fit_v6_toymc_100.py 346 > /home/belle2/jaeyoung/storage_ghi/Ntuples_ghi_2/MC15ri_generic/MC15ri_etaetapip_tight_v2_240419_Kp_BCS_etapi0const/bsub_log//MC15ri_etapip_gg_fitv6_toyMC_100_346.log"> was submitted from host <ccw03> by user <jaeyoung> in cluster <centralcluster> at Tue Jul 23 19:38:29 2024
Job was executed on host(s) <ccb176>, in queue <s>, as user <jaeyoung> in cluster <centralcluster> at Tue Jul 23 19:38:30 2024
</home/belle2/jaeyoung> was used as the home directory.
</home/belle2/jaeyoung/workspace/DRAW_and_FITTING/main/FITTING/etapip/MC15ri_generic/tight_v2_fit_v6/ToyMC> was used as the working directory.
Started at Tue Jul 23 19:38:30 2024
Terminated at Tue Jul 23 20:24:50 2024
Results reported at Tue Jul 23 20:24:50 2024

Your job looked like:

------------------------------------------------------------
# LSBATCH: User input
bash -c "basf2 etapip_gg_fit_v6_toymc_100.py 346 > /home/belle2/jaeyoung/storage_ghi/Ntuples_ghi_2/MC15ri_generic/MC15ri_etaetapip_tight_v2_240419_Kp_BCS_etapi0const/bsub_log//MC15ri_etapip_gg_fitv6_toyMC_100_346.log"
------------------------------------------------------------

Successfully completed.

Resource usage summary:

    CPU time :                                   2737.61 sec.
    Max Memory :                                 1311 MB
    Average Memory :                             944.83 MB
    Total Requested Memory :                     4000.00 MB
    Delta Memory :                               2689.00 MB
    Max Swap :                                   -
    Max Processes :                              19
    Max Threads :                                20
    Run time :                                   2781 sec.
    Turnaround time :                            2781 sec.

The output (if any) follows:



PS:

Read file <./bsub_log/346.err> for stderr output of this job.

Sender: LSF System <lsfadmin@ccb103>
Subject: Job 55515996: <bash -c "basf2 etapip_gg_fit_v6_toymc_100.py 346 > /home/belle2/jaeyoung/storage_ghi/Ntuples_ghi_2/MC15ri_generic/MC15ri_etaetapip_tight_v2_240419_Kp_BCS_etapi0const/bsub_log//MC15ri_etapip_gg_fitv6_toyMC_100_346.log"> in cluster <centralcluster> Done

Job <bash -c "basf2 etapip_gg_fit_v6_toymc_100.py 346 > /home/belle2/jaeyoung/storage_ghi/Ntuples_ghi_2/MC15ri_generic/MC15ri_etaetapip_tight_v2_240419_Kp_BCS_etapi0const/bsub_log//MC15ri_etapip_gg_fitv6_toyMC_100_346.log"> was submitted from host <ccw01> by user <jaeyoung> in cluster <centralcluster> at Thu Jul 25 20:51:25 2024
Job was executed on host(s) <ccb103>, in queue <s>, as user <jaeyoung> in cluster <centralcluster> at Thu Jul 25 20:51:29 2024
</home/belle2/jaeyoung> was used as the home directory.
</gpfs/home/belle2/jaeyoung/workspace/DRAW_and_FITTING/main/FITTING/etapip/MC15ri_generic/tight_v2_fit_v6/ToyMC> was used as the working directory.
Started at Thu Jul 25 20:51:29 2024
Terminated at Thu Jul 25 21:39:51 2024
Results reported at Thu Jul 25 21:39:51 2024

Your job looked like:

------------------------------------------------------------
# LSBATCH: User input
bash -c "basf2 etapip_gg_fit_v6_toymc_100.py 346 > /home/belle2/jaeyoung/storage_ghi/Ntuples_ghi_2/MC15ri_generic/MC15ri_etaetapip_tight_v2_240419_Kp_BCS_etapi0const/bsub_log//MC15ri_etapip_gg_fitv6_toyMC_100_346.log"
------------------------------------------------------------

Successfully completed.

Resource usage summary:

    CPU time :                                   2845.35 sec.
    Max Memory :                                 1313 MB
    Average Memory :                             957.47 MB
    Total Requested Memory :                     4000.00 MB
    Delta Memory :                               2687.00 MB
    Max Swap :                                   -
    Max Processes :                              19
    Max Threads :                                20
    Run time :                                   2902 sec.
    Turnaround time :                            2906 sec.

The output (if any) follows:



PS:

Read file <./bsub_log/346.err> for stderr output of this job.

Sender: LSF System <lsfadmin@ccb101>
Subject: Job 56103556: <bash -c "basf2 etapip_gg_fit_v6_toymc_100.py 346 > /home/belle2/jaeyoung/storage_ghi/Ntuples_ghi_2/MC15ri_generic/MC15ri_etaetapip_tight_v2_240419_Kp_BCS_etapi0const/bsub_log//MC15ri_etapip_gg_fitv6_toyMC_100_346.log"> in cluster <centralcluster> Done

Job <bash -c "basf2 etapip_gg_fit_v6_toymc_100.py 346 > /home/belle2/jaeyoung/storage_ghi/Ntuples_ghi_2/MC15ri_generic/MC15ri_etaetapip_tight_v2_240419_Kp_BCS_etapi0const/bsub_log//MC15ri_etapip_gg_fitv6_toyMC_100_346.log"> was submitted from host <ccw06> by user <jaeyoung> in cluster <centralcluster> at Fri Jul 26 23:44:15 2024
Job was executed on host(s) <ccb101>, in queue <s>, as user <jaeyoung> in cluster <centralcluster> at Sat Jul 27 00:21:04 2024
</home/belle2/jaeyoung> was used as the home directory.
</home/belle2/jaeyoung/workspace/DRAW_and_FITTING/main/FITTING/etapip/MC15ri_generic/tight_v2_fit_v6/ToyMC> was used as the working directory.
Started at Sat Jul 27 00:21:04 2024
Terminated at Sat Jul 27 00:55:00 2024
Results reported at Sat Jul 27 00:55:00 2024

Your job looked like:

------------------------------------------------------------
# LSBATCH: User input
bash -c "basf2 etapip_gg_fit_v6_toymc_100.py 346 > /home/belle2/jaeyoung/storage_ghi/Ntuples_ghi_2/MC15ri_generic/MC15ri_etaetapip_tight_v2_240419_Kp_BCS_etapi0const/bsub_log//MC15ri_etapip_gg_fitv6_toyMC_100_346.log"
------------------------------------------------------------

Successfully completed.

Resource usage summary:

    CPU time :                                   1975.46 sec.
    Max Memory :                                 920 MB
    Average Memory :                             658.38 MB
    Total Requested Memory :                     4000.00 MB
    Delta Memory :                               3080.00 MB
    Max Swap :                                   2 MB
    Max Processes :                              19
    Max Threads :                                20
    Run time :                                   2036 sec.
    Turnaround time :                            4245 sec.

The output (if any) follows:



PS:

Read file <./bsub_log/346.err> for stderr output of this job.

Sender: LSF System <lsfadmin@ccb201>
Subject: Job 56133710: <bash -c "basf2 etapip_gg_fit_v6_toymc_100.py 346 > /home/belle2/jaeyoung/storage_ghi/Ntuples_ghi_2/MC15ri_generic/MC15ri_etaetapip_tight_v2_240419_Kp_BCS_etapi0const/bsub_log//MC15ri_etapip_gg_fitv6_toyMC_100_346.log"> in cluster <centralcluster> Done

Job <bash -c "basf2 etapip_gg_fit_v6_toymc_100.py 346 > /home/belle2/jaeyoung/storage_ghi/Ntuples_ghi_2/MC15ri_generic/MC15ri_etaetapip_tight_v2_240419_Kp_BCS_etapi0const/bsub_log//MC15ri_etapip_gg_fitv6_toyMC_100_346.log"> was submitted from host <ccw03> by user <jaeyoung> in cluster <centralcluster> at Sat Jul 27 01:13:43 2024
Job was executed on host(s) <ccb201>, in queue <s>, as user <jaeyoung> in cluster <centralcluster> at Sat Jul 27 03:05:24 2024
</home/belle2/jaeyoung> was used as the home directory.
</gpfs/home/belle2/jaeyoung/workspace/DRAW_and_FITTING/main/FITTING/etapip/MC15ri_generic/tight_v2_fit_v6/ToyMC> was used as the working directory.
Started at Sat Jul 27 03:05:24 2024
Terminated at Sat Jul 27 03:44:43 2024
Results reported at Sat Jul 27 03:44:43 2024

Your job looked like:

------------------------------------------------------------
# LSBATCH: User input
bash -c "basf2 etapip_gg_fit_v6_toymc_100.py 346 > /home/belle2/jaeyoung/storage_ghi/Ntuples_ghi_2/MC15ri_generic/MC15ri_etaetapip_tight_v2_240419_Kp_BCS_etapi0const/bsub_log//MC15ri_etapip_gg_fitv6_toyMC_100_346.log"
------------------------------------------------------------

Successfully completed.

Resource usage summary:

    CPU time :                                   2321.00 sec.
    Max Memory :                                 918 MB
    Average Memory :                             665.75 MB
    Total Requested Memory :                     4000.00 MB
    Delta Memory :                               3082.00 MB
    Max Swap :                                   -
    Max Processes :                              19
    Max Threads :                                20
    Run time :                                   2359 sec.
    Turnaround time :                            9060 sec.

The output (if any) follows:



PS:

Read file <./bsub_log/346.err> for stderr output of this job.

Sender: LSF System <lsfadmin@ccb191>
Subject: Job 57220620: <bash -c "basf2 etapip_gg_fit_v6_toymc_100.py 346 > /home/belle2/jaeyoung/storage_ghi/Ntuples_ghi_2/MC15ri_generic/MC15ri_etaetapip_tight_v2_240419_Kp_BCS_etapi0const/bsub_log//MC15ri_etapip_gg_fitv6_toyMC_100_346.log"> in cluster <centralcluster> Exited

Job <bash -c "basf2 etapip_gg_fit_v6_toymc_100.py 346 > /home/belle2/jaeyoung/storage_ghi/Ntuples_ghi_2/MC15ri_generic/MC15ri_etaetapip_tight_v2_240419_Kp_BCS_etapi0const/bsub_log//MC15ri_etapip_gg_fitv6_toyMC_100_346.log"> was submitted from host <ccx03> by user <jaeyoung> in cluster <centralcluster> at Mon Jul 29 18:45:39 2024
Job was executed on host(s) <ccb191>, in queue <s>, as user <jaeyoung> in cluster <centralcluster> at Mon Jul 29 18:45:40 2024
</home/belle2/jaeyoung> was used as the home directory.
</gpfs/home/belle2/jaeyoung/workspace/DRAW_and_FITTING/main/FITTING/etapip/MC15ri_generic/tight_v2_fit_v6/ToyMC> was used as the working directory.
Started at Mon Jul 29 18:45:40 2024
Terminated at Mon Jul 29 19:47:42 2024
Results reported at Mon Jul 29 19:47:42 2024

Your job looked like:

------------------------------------------------------------
# LSBATCH: User input
bash -c "basf2 etapip_gg_fit_v6_toymc_100.py 346 > /home/belle2/jaeyoung/storage_ghi/Ntuples_ghi_2/MC15ri_generic/MC15ri_etaetapip_tight_v2_240419_Kp_BCS_etapi0const/bsub_log//MC15ri_etapip_gg_fitv6_toyMC_100_346.log"
------------------------------------------------------------

Exited with exit code 1.

Resource usage summary:

    CPU time :                                   3707.44 sec.
    Max Memory :                                 1412 MB
    Average Memory :                             1043.46 MB
    Total Requested Memory :                     4000.00 MB
    Delta Memory :                               2588.00 MB
    Max Swap :                                   -
    Max Processes :                              19
    Max Threads :                                20
    Run time :                                   3723 sec.
    Turnaround time :                            3723 sec.

The output (if any) follows:



PS:

Read file <./bsub_log/346.err> for stderr output of this job.

Sender: LSF System <lsfadmin@ccb110>
Subject: Job 57308660: <bash -c "basf2 etapip_gg_fit_v6_toymc_100.py 346 > /home/belle2/jaeyoung/storage_ghi/Ntuples_ghi_2/MC15ri_generic/MC15ri_etaetapip_tight_v2_240419_Kp_BCS_etapi0const/bsub_log//MC15ri_etapip_gg_fitv6_toyMC_100_346.log"> in cluster <centralcluster> Done

Job <bash -c "basf2 etapip_gg_fit_v6_toymc_100.py 346 > /home/belle2/jaeyoung/storage_ghi/Ntuples_ghi_2/MC15ri_generic/MC15ri_etaetapip_tight_v2_240419_Kp_BCS_etapi0const/bsub_log//MC15ri_etapip_gg_fitv6_toyMC_100_346.log"> was submitted from host <ccw03> by user <jaeyoung> in cluster <centralcluster> at Mon Jul 29 23:03:08 2024
Job was executed on host(s) <ccb110>, in queue <s>, as user <jaeyoung> in cluster <centralcluster> at Mon Jul 29 23:04:21 2024
</home/belle2/jaeyoung> was used as the home directory.
</home/belle2/jaeyoung/workspace/DRAW_and_FITTING/main/FITTING/etapip/MC15ri_generic/tight_v2_fit_v6/ToyMC> was used as the working directory.
Started at Mon Jul 29 23:04:21 2024
Terminated at Tue Jul 30 00:06:59 2024
Results reported at Tue Jul 30 00:06:59 2024

Your job looked like:

------------------------------------------------------------
# LSBATCH: User input
bash -c "basf2 etapip_gg_fit_v6_toymc_100.py 346 > /home/belle2/jaeyoung/storage_ghi/Ntuples_ghi_2/MC15ri_generic/MC15ri_etaetapip_tight_v2_240419_Kp_BCS_etapi0const/bsub_log//MC15ri_etapip_gg_fitv6_toyMC_100_346.log"
------------------------------------------------------------

Successfully completed.

Resource usage summary:

    CPU time :                                   3724.13 sec.
    Max Memory :                                 1446 MB
    Average Memory :                             1057.08 MB
    Total Requested Memory :                     4000.00 MB
    Delta Memory :                               2554.00 MB
    Max Swap :                                   -
    Max Processes :                              19
    Max Threads :                                20
    Run time :                                   3758 sec.
    Turnaround time :                            3831 sec.

The output (if any) follows:



PS:

Read file <./bsub_log/346.err> for stderr output of this job.

Sender: LSF System <lsfadmin@ccb513>
Subject: Job 57390238: <bash -c "basf2 etapip_gg_fit_v6_toymc_100.py 346 > /home/belle2/jaeyoung/storage_ghi/Ntuples_ghi_2/MC15ri_generic/MC15ri_etaetapip_tight_v2_240419_Kp_BCS_etapi0const/bsub_log//MC15ri_etapip_gg_fitv6_toyMC_100_346.log"> in cluster <centralcluster> Done

Job <bash -c "basf2 etapip_gg_fit_v6_toymc_100.py 346 > /home/belle2/jaeyoung/storage_ghi/Ntuples_ghi_2/MC15ri_generic/MC15ri_etaetapip_tight_v2_240419_Kp_BCS_etapi0const/bsub_log//MC15ri_etapip_gg_fitv6_toyMC_100_346.log"> was submitted from host <ccw03> by user <jaeyoung> in cluster <centralcluster> at Tue Jul 30 01:17:38 2024
Job was executed on host(s) <ccb513>, in queue <s>, as user <jaeyoung> in cluster <centralcluster> at Tue Jul 30 01:18:42 2024
</home/belle2/jaeyoung> was used as the home directory.
</home/belle2/jaeyoung/workspace/DRAW_and_FITTING/main/FITTING/etapip/MC15ri_generic/tight_v2_fit_v6/ToyMC> was used as the working directory.
Started at Tue Jul 30 01:18:42 2024
Terminated at Tue Jul 30 02:28:07 2024
Results reported at Tue Jul 30 02:28:07 2024

Your job looked like:

------------------------------------------------------------
# LSBATCH: User input
bash -c "basf2 etapip_gg_fit_v6_toymc_100.py 346 > /home/belle2/jaeyoung/storage_ghi/Ntuples_ghi_2/MC15ri_generic/MC15ri_etaetapip_tight_v2_240419_Kp_BCS_etapi0const/bsub_log//MC15ri_etapip_gg_fitv6_toyMC_100_346.log"
------------------------------------------------------------

Successfully completed.

Resource usage summary:

    CPU time :                                   4068.37 sec.
    Max Memory :                                 1428 MB
    Average Memory :                             1042.29 MB
    Total Requested Memory :                     4000.00 MB
    Delta Memory :                               2572.00 MB
    Max Swap :                                   -
    Max Processes :                              19
    Max Threads :                                20
    Run time :                                   4165 sec.
    Turnaround time :                            4229 sec.

The output (if any) follows:



PS:

Read file <./bsub_log/346.err> for stderr output of this job.

