Sender: LSF System <lsfadmin@ccb041>
Subject: Job 52359588: <bash -c "basf2 etapip_gg_fit_v6_toymc_100.py 347 > /home/belle2/jaeyoung/storage_ghi/Ntuples_ghi_2/MC15ri_generic/MC15ri_etaetapip_tight_v2_240419_Kp_BCS_etapi0const/bsub_log//MC15ri_etapip_gg_fitv6_toyMC_100_347.log"> in cluster <centralcluster> Done

Job <bash -c "basf2 etapip_gg_fit_v6_toymc_100.py 347 > /home/belle2/jaeyoung/storage_ghi/Ntuples_ghi_2/MC15ri_generic/MC15ri_etaetapip_tight_v2_240419_Kp_BCS_etapi0const/bsub_log//MC15ri_etapip_gg_fitv6_toyMC_100_347.log"> was submitted from host <ccw02> by user <jaeyoung> in cluster <centralcluster> at Sat Jul 20 14:40:03 2024
Job was executed on host(s) <ccb041>, in queue <s>, as user <jaeyoung> in cluster <centralcluster> at Sat Jul 20 14:43:33 2024
</home/belle2/jaeyoung> was used as the home directory.
</home/belle2/jaeyoung/workspace/DRAW_and_FITTING/main/FITTING/etapip/MC15ri_generic/tight_v2_fit_v6/ToyMC> was used as the working directory.
Started at Sat Jul 20 14:43:33 2024
Terminated at Sat Jul 20 15:31:54 2024
Results reported at Sat Jul 20 15:31:54 2024

Your job looked like:

------------------------------------------------------------
# LSBATCH: User input
bash -c "basf2 etapip_gg_fit_v6_toymc_100.py 347 > /home/belle2/jaeyoung/storage_ghi/Ntuples_ghi_2/MC15ri_generic/MC15ri_etaetapip_tight_v2_240419_Kp_BCS_etapi0const/bsub_log//MC15ri_etapip_gg_fitv6_toyMC_100_347.log"
------------------------------------------------------------

Successfully completed.

Resource usage summary:

    CPU time :                                   2854.00 sec.
    Max Memory :                                 1311 MB
    Average Memory :                             918.11 MB
    Total Requested Memory :                     4000.00 MB
    Delta Memory :                               2689.00 MB
    Max Swap :                                   -
    Max Processes :                              19
    Max Threads :                                20
    Run time :                                   2901 sec.
    Turnaround time :                            3111 sec.

The output (if any) follows:



PS:

Read file <./bsub_log/347.err> for stderr output of this job.

Sender: LSF System <lsfadmin@ccb099>
Subject: Job 53030349: <bash -c "basf2 etapip_gg_fit_v6_toymc_100.py 347 > /home/belle2/jaeyoung/storage_ghi/Ntuples_ghi_2/MC15ri_generic/MC15ri_etaetapip_tight_v2_240419_Kp_BCS_etapi0const/bsub_log//MC15ri_etapip_gg_fitv6_toyMC_100_347.log"> in cluster <centralcluster> Done

Job <bash -c "basf2 etapip_gg_fit_v6_toymc_100.py 347 > /home/belle2/jaeyoung/storage_ghi/Ntuples_ghi_2/MC15ri_generic/MC15ri_etaetapip_tight_v2_240419_Kp_BCS_etapi0const/bsub_log//MC15ri_etapip_gg_fitv6_toyMC_100_347.log"> was submitted from host <ccw03> by user <jaeyoung> in cluster <centralcluster> at Sun Jul 21 17:31:25 2024
Job was executed on host(s) <ccb099>, in queue <s>, as user <jaeyoung> in cluster <centralcluster> at Sun Jul 21 17:31:59 2024
</home/belle2/jaeyoung> was used as the home directory.
</home/belle2/jaeyoung/workspace/DRAW_and_FITTING/main/FITTING/etapip/MC15ri_generic/tight_v2_fit_v6/ToyMC> was used as the working directory.
Started at Sun Jul 21 17:31:59 2024
Terminated at Sun Jul 21 18:19:17 2024
Results reported at Sun Jul 21 18:19:17 2024

Your job looked like:

------------------------------------------------------------
# LSBATCH: User input
bash -c "basf2 etapip_gg_fit_v6_toymc_100.py 347 > /home/belle2/jaeyoung/storage_ghi/Ntuples_ghi_2/MC15ri_generic/MC15ri_etaetapip_tight_v2_240419_Kp_BCS_etapi0const/bsub_log//MC15ri_etapip_gg_fitv6_toyMC_100_347.log"
------------------------------------------------------------

Successfully completed.

Resource usage summary:

    CPU time :                                   2827.84 sec.
    Max Memory :                                 1311 MB
    Average Memory :                             938.25 MB
    Total Requested Memory :                     4000.00 MB
    Delta Memory :                               2689.00 MB
    Max Swap :                                   -
    Max Processes :                              19
    Max Threads :                                20
    Run time :                                   2837 sec.
    Turnaround time :                            2872 sec.

The output (if any) follows:



PS:

Read file <./bsub_log/347.err> for stderr output of this job.

Sender: LSF System <lsfadmin@ccb186>
Subject: Job 53202849: <bash -c "basf2 etapip_gg_fit_v6_toymc_100.py 347 > /home/belle2/jaeyoung/storage_ghi/Ntuples_ghi_2/MC15ri_generic/MC15ri_etaetapip_tight_v2_240419_Kp_BCS_etapi0const/bsub_log//MC15ri_etapip_gg_fitv6_toyMC_100_347.log"> in cluster <centralcluster> Exited

Job <bash -c "basf2 etapip_gg_fit_v6_toymc_100.py 347 > /home/belle2/jaeyoung/storage_ghi/Ntuples_ghi_2/MC15ri_generic/MC15ri_etaetapip_tight_v2_240419_Kp_BCS_etapi0const/bsub_log//MC15ri_etapip_gg_fitv6_toyMC_100_347.log"> was submitted from host <ccw03> by user <jaeyoung> in cluster <centralcluster> at Mon Jul 22 00:50:31 2024
Job was executed on host(s) <ccb186>, in queue <s>, as user <jaeyoung> in cluster <centralcluster> at Mon Jul 22 00:51:51 2024
</home/belle2/jaeyoung> was used as the home directory.
</home/belle2/jaeyoung/workspace/DRAW_and_FITTING/main/FITTING/etapip/MC15ri_generic/tight_v2_fit_v6/ToyMC> was used as the working directory.
Started at Mon Jul 22 00:51:51 2024
Terminated at Mon Jul 22 01:08:19 2024
Results reported at Mon Jul 22 01:08:19 2024

Your job looked like:

------------------------------------------------------------
# LSBATCH: User input
bash -c "basf2 etapip_gg_fit_v6_toymc_100.py 347 > /home/belle2/jaeyoung/storage_ghi/Ntuples_ghi_2/MC15ri_generic/MC15ri_etaetapip_tight_v2_240419_Kp_BCS_etapi0const/bsub_log//MC15ri_etapip_gg_fitv6_toyMC_100_347.log"
------------------------------------------------------------

Exited with exit code 1.

Resource usage summary:

    CPU time :                                   982.84 sec.
    Max Memory :                                 1254 MB
    Average Memory :                             1158.56 MB
    Total Requested Memory :                     4000.00 MB
    Delta Memory :                               2746.00 MB
    Max Swap :                                   -
    Max Processes :                              19
    Max Threads :                                20
    Run time :                                   988 sec.
    Turnaround time :                            1068 sec.

The output (if any) follows:



PS:

Read file <./bsub_log/347.err> for stderr output of this job.

Sender: LSF System <lsfadmin@ccb175>
Subject: Job 53407155: <bash -c "basf2 etapip_gg_fit_v6_toymc_100.py 347 > /home/belle2/jaeyoung/storage_ghi/Ntuples_ghi_2/MC15ri_generic/MC15ri_etaetapip_tight_v2_240419_Kp_BCS_etapi0const/bsub_log//MC15ri_etapip_gg_fitv6_toyMC_100_347.log"> in cluster <centralcluster> Done

Job <bash -c "basf2 etapip_gg_fit_v6_toymc_100.py 347 > /home/belle2/jaeyoung/storage_ghi/Ntuples_ghi_2/MC15ri_generic/MC15ri_etaetapip_tight_v2_240419_Kp_BCS_etapi0const/bsub_log//MC15ri_etapip_gg_fitv6_toyMC_100_347.log"> was submitted from host <ccw06> by user <jaeyoung> in cluster <centralcluster> at Mon Jul 22 10:49:15 2024
Job was executed on host(s) <ccb175>, in queue <s>, as user <jaeyoung> in cluster <centralcluster> at Mon Jul 22 10:49:51 2024
</home/belle2/jaeyoung> was used as the home directory.
</home/belle2/jaeyoung/workspace/DRAW_and_FITTING/main/FITTING/etapip/MC15ri_generic/tight_v2_fit_v6/ToyMC> was used as the working directory.
Started at Mon Jul 22 10:49:51 2024
Terminated at Mon Jul 22 11:34:39 2024
Results reported at Mon Jul 22 11:34:39 2024

Your job looked like:

------------------------------------------------------------
# LSBATCH: User input
bash -c "basf2 etapip_gg_fit_v6_toymc_100.py 347 > /home/belle2/jaeyoung/storage_ghi/Ntuples_ghi_2/MC15ri_generic/MC15ri_etaetapip_tight_v2_240419_Kp_BCS_etapi0const/bsub_log//MC15ri_etapip_gg_fitv6_toyMC_100_347.log"
------------------------------------------------------------

Successfully completed.

Resource usage summary:

    CPU time :                                   2679.53 sec.
    Max Memory :                                 1311 MB
    Average Memory :                             950.06 MB
    Total Requested Memory :                     4000.00 MB
    Delta Memory :                               2689.00 MB
    Max Swap :                                   -
    Max Processes :                              19
    Max Threads :                                20
    Run time :                                   2688 sec.
    Turnaround time :                            2724 sec.

The output (if any) follows:



PS:

Read file <./bsub_log/347.err> for stderr output of this job.

Sender: LSF System <lsfadmin@ccb088>
Subject: Job 53599382: <bash -c "basf2 etapip_gg_fit_v6_toymc_100.py 347 > /home/belle2/jaeyoung/storage_ghi/Ntuples_ghi_2/MC15ri_generic/MC15ri_etaetapip_tight_v2_240419_Kp_BCS_etapi0const/bsub_log//MC15ri_etapip_gg_fitv6_toyMC_100_347.log"> in cluster <centralcluster> Done

Job <bash -c "basf2 etapip_gg_fit_v6_toymc_100.py 347 > /home/belle2/jaeyoung/storage_ghi/Ntuples_ghi_2/MC15ri_generic/MC15ri_etaetapip_tight_v2_240419_Kp_BCS_etapi0const/bsub_log//MC15ri_etapip_gg_fitv6_toyMC_100_347.log"> was submitted from host <ccw03> by user <jaeyoung> in cluster <centralcluster> at Mon Jul 22 18:35:26 2024
Job was executed on host(s) <ccb088>, in queue <s>, as user <jaeyoung> in cluster <centralcluster> at Mon Jul 22 18:37:04 2024
</home/belle2/jaeyoung> was used as the home directory.
</home/belle2/jaeyoung/workspace/DRAW_and_FITTING/main/FITTING/etapip/MC15ri_generic/tight_v2_fit_v6/ToyMC> was used as the working directory.
Started at Mon Jul 22 18:37:04 2024
Terminated at Mon Jul 22 19:24:04 2024
Results reported at Mon Jul 22 19:24:04 2024

Your job looked like:

------------------------------------------------------------
# LSBATCH: User input
bash -c "basf2 etapip_gg_fit_v6_toymc_100.py 347 > /home/belle2/jaeyoung/storage_ghi/Ntuples_ghi_2/MC15ri_generic/MC15ri_etaetapip_tight_v2_240419_Kp_BCS_etapi0const/bsub_log//MC15ri_etapip_gg_fitv6_toyMC_100_347.log"
------------------------------------------------------------

Successfully completed.

Resource usage summary:

    CPU time :                                   2803.89 sec.
    Max Memory :                                 1311 MB
    Average Memory :                             946.77 MB
    Total Requested Memory :                     4000.00 MB
    Delta Memory :                               2689.00 MB
    Max Swap :                                   -
    Max Processes :                              19
    Max Threads :                                20
    Run time :                                   2821 sec.
    Turnaround time :                            2918 sec.

The output (if any) follows:



PS:

Read file <./bsub_log/347.err> for stderr output of this job.

Sender: LSF System <lsfadmin@ccb178>
Subject: Job 53832621: <bash -c "basf2 etapip_gg_fit_v6_toymc_100.py 347 > /home/belle2/jaeyoung/storage_ghi/Ntuples_ghi_2/MC15ri_generic/MC15ri_etaetapip_tight_v2_240419_Kp_BCS_etapi0const/bsub_log//MC15ri_etapip_gg_fitv6_toyMC_100_347.log"> in cluster <centralcluster> Done

Job <bash -c "basf2 etapip_gg_fit_v6_toymc_100.py 347 > /home/belle2/jaeyoung/storage_ghi/Ntuples_ghi_2/MC15ri_generic/MC15ri_etaetapip_tight_v2_240419_Kp_BCS_etapi0const/bsub_log//MC15ri_etapip_gg_fitv6_toyMC_100_347.log"> was submitted from host <ccw05> by user <jaeyoung> in cluster <centralcluster> at Tue Jul 23 00:50:20 2024
Job was executed on host(s) <ccb178>, in queue <s>, as user <jaeyoung> in cluster <centralcluster> at Tue Jul 23 00:50:41 2024
</home/belle2/jaeyoung> was used as the home directory.
</home/belle2/jaeyoung/workspace/DRAW_and_FITTING/main/FITTING/etapip/MC15ri_generic/tight_v2_fit_v6/ToyMC> was used as the working directory.
Started at Tue Jul 23 00:50:41 2024
Terminated at Tue Jul 23 01:36:41 2024
Results reported at Tue Jul 23 01:36:41 2024

Your job looked like:

------------------------------------------------------------
# LSBATCH: User input
bash -c "basf2 etapip_gg_fit_v6_toymc_100.py 347 > /home/belle2/jaeyoung/storage_ghi/Ntuples_ghi_2/MC15ri_generic/MC15ri_etaetapip_tight_v2_240419_Kp_BCS_etapi0const/bsub_log//MC15ri_etapip_gg_fitv6_toyMC_100_347.log"
------------------------------------------------------------

Successfully completed.

Resource usage summary:

    CPU time :                                   2738.77 sec.
    Max Memory :                                 1314 MB
    Average Memory :                             963.41 MB
    Total Requested Memory :                     4000.00 MB
    Delta Memory :                               2686.00 MB
    Max Swap :                                   -
    Max Processes :                              19
    Max Threads :                                20
    Run time :                                   2761 sec.
    Turnaround time :                            2781 sec.

The output (if any) follows:



PS:

Read file <./bsub_log/347.err> for stderr output of this job.

Sender: LSF System <lsfadmin@ccb229>
Subject: Job 54398173: <bash -c "basf2 etapip_gg_fit_v6_toymc_100.py 347 > /home/belle2/jaeyoung/storage_ghi/Ntuples_ghi_2/MC15ri_generic/MC15ri_etaetapip_tight_v2_240419_Kp_BCS_etapi0const/bsub_log//MC15ri_etapip_gg_fitv6_toyMC_100_347.log"> in cluster <centralcluster> Done

Job <bash -c "basf2 etapip_gg_fit_v6_toymc_100.py 347 > /home/belle2/jaeyoung/storage_ghi/Ntuples_ghi_2/MC15ri_generic/MC15ri_etaetapip_tight_v2_240419_Kp_BCS_etapi0const/bsub_log//MC15ri_etapip_gg_fitv6_toyMC_100_347.log"> was submitted from host <ccw04> by user <jaeyoung> in cluster <centralcluster> at Tue Jul 23 17:59:36 2024
Job was executed on host(s) <ccb229>, in queue <s>, as user <jaeyoung> in cluster <centralcluster> at Tue Jul 23 18:32:21 2024
</home/belle2/jaeyoung> was used as the home directory.
</home/belle2/jaeyoung/workspace/DRAW_and_FITTING/main/FITTING/etapip/MC15ri_generic/tight_v2_fit_v6/ToyMC> was used as the working directory.
Started at Tue Jul 23 18:32:21 2024
Terminated at Tue Jul 23 19:17:38 2024
Results reported at Tue Jul 23 19:17:38 2024

Your job looked like:

------------------------------------------------------------
# LSBATCH: User input
bash -c "basf2 etapip_gg_fit_v6_toymc_100.py 347 > /home/belle2/jaeyoung/storage_ghi/Ntuples_ghi_2/MC15ri_generic/MC15ri_etaetapip_tight_v2_240419_Kp_BCS_etapi0const/bsub_log//MC15ri_etapip_gg_fitv6_toyMC_100_347.log"
------------------------------------------------------------

Successfully completed.

Resource usage summary:

    CPU time :                                   2684.71 sec.
    Max Memory :                                 1313 MB
    Average Memory :                             955.72 MB
    Total Requested Memory :                     4000.00 MB
    Delta Memory :                               2687.00 MB
    Max Swap :                                   -
    Max Processes :                              19
    Max Threads :                                20
    Run time :                                   2718 sec.
    Turnaround time :                            4682 sec.

The output (if any) follows:



PS:

Read file <./bsub_log/347.err> for stderr output of this job.

