Sender: LSF System <lsfadmin@ccb063>
Subject: Job 52359591: <bash -c "basf2 etapip_gg_fit_v6_toymc_100.py 350 > /home/belle2/jaeyoung/storage_ghi/Ntuples_ghi_2/MC15ri_generic/MC15ri_etaetapip_tight_v2_240419_Kp_BCS_etapi0const/bsub_log//MC15ri_etapip_gg_fitv6_toyMC_100_350.log"> in cluster <centralcluster> Done

Job <bash -c "basf2 etapip_gg_fit_v6_toymc_100.py 350 > /home/belle2/jaeyoung/storage_ghi/Ntuples_ghi_2/MC15ri_generic/MC15ri_etaetapip_tight_v2_240419_Kp_BCS_etapi0const/bsub_log//MC15ri_etapip_gg_fitv6_toyMC_100_350.log"> was submitted from host <ccw02> by user <jaeyoung> in cluster <centralcluster> at Sat Jul 20 14:40:04 2024
Job was executed on host(s) <ccb063>, in queue <s>, as user <jaeyoung> in cluster <centralcluster> at Sat Jul 20 14:43:40 2024
</home/belle2/jaeyoung> was used as the home directory.
</home/belle2/jaeyoung/workspace/DRAW_and_FITTING/main/FITTING/etapip/MC15ri_generic/tight_v2_fit_v6/ToyMC> was used as the working directory.
Started at Sat Jul 20 14:43:40 2024
Terminated at Sat Jul 20 15:30:15 2024
Results reported at Sat Jul 20 15:30:15 2024

Your job looked like:

------------------------------------------------------------
# LSBATCH: User input
bash -c "basf2 etapip_gg_fit_v6_toymc_100.py 350 > /home/belle2/jaeyoung/storage_ghi/Ntuples_ghi_2/MC15ri_generic/MC15ri_etaetapip_tight_v2_240419_Kp_BCS_etapi0const/bsub_log//MC15ri_etapip_gg_fitv6_toyMC_100_350.log"
------------------------------------------------------------

Successfully completed.

Resource usage summary:

    CPU time :                                   2764.70 sec.
    Max Memory :                                 1312 MB
    Average Memory :                             934.26 MB
    Total Requested Memory :                     4000.00 MB
    Delta Memory :                               2688.00 MB
    Max Swap :                                   -
    Max Processes :                              19
    Max Threads :                                20
    Run time :                                   2796 sec.
    Turnaround time :                            3011 sec.

The output (if any) follows:



PS:

Read file <./bsub_log/350.err> for stderr output of this job.

Sender: LSF System <lsfadmin@ccb111>
Subject: Job 53030361: <bash -c "basf2 etapip_gg_fit_v6_toymc_100.py 350 > /home/belle2/jaeyoung/storage_ghi/Ntuples_ghi_2/MC15ri_generic/MC15ri_etaetapip_tight_v2_240419_Kp_BCS_etapi0const/bsub_log//MC15ri_etapip_gg_fitv6_toyMC_100_350.log"> in cluster <centralcluster> Done

Job <bash -c "basf2 etapip_gg_fit_v6_toymc_100.py 350 > /home/belle2/jaeyoung/storage_ghi/Ntuples_ghi_2/MC15ri_generic/MC15ri_etaetapip_tight_v2_240419_Kp_BCS_etapi0const/bsub_log//MC15ri_etapip_gg_fitv6_toyMC_100_350.log"> was submitted from host <ccw03> by user <jaeyoung> in cluster <centralcluster> at Sun Jul 21 17:31:26 2024
Job was executed on host(s) <ccb111>, in queue <s>, as user <jaeyoung> in cluster <centralcluster> at Sun Jul 21 17:32:02 2024
</home/belle2/jaeyoung> was used as the home directory.
</home/belle2/jaeyoung/workspace/DRAW_and_FITTING/main/FITTING/etapip/MC15ri_generic/tight_v2_fit_v6/ToyMC> was used as the working directory.
Started at Sun Jul 21 17:32:02 2024
Terminated at Sun Jul 21 18:19:47 2024
Results reported at Sun Jul 21 18:19:47 2024

Your job looked like:

------------------------------------------------------------
# LSBATCH: User input
bash -c "basf2 etapip_gg_fit_v6_toymc_100.py 350 > /home/belle2/jaeyoung/storage_ghi/Ntuples_ghi_2/MC15ri_generic/MC15ri_etaetapip_tight_v2_240419_Kp_BCS_etapi0const/bsub_log//MC15ri_etapip_gg_fitv6_toyMC_100_350.log"
------------------------------------------------------------

Successfully completed.

Resource usage summary:

    CPU time :                                   2853.14 sec.
    Max Memory :                                 1311 MB
    Average Memory :                             933.02 MB
    Total Requested Memory :                     4000.00 MB
    Delta Memory :                               2689.00 MB
    Max Swap :                                   -
    Max Processes :                              19
    Max Threads :                                20
    Run time :                                   2866 sec.
    Turnaround time :                            2901 sec.

The output (if any) follows:



PS:

Read file <./bsub_log/350.err> for stderr output of this job.

Sender: LSF System <lsfadmin@ccb097>
Subject: Job 53202861: <bash -c "basf2 etapip_gg_fit_v6_toymc_100.py 350 > /home/belle2/jaeyoung/storage_ghi/Ntuples_ghi_2/MC15ri_generic/MC15ri_etaetapip_tight_v2_240419_Kp_BCS_etapi0const/bsub_log//MC15ri_etapip_gg_fitv6_toyMC_100_350.log"> in cluster <centralcluster> Exited

Job <bash -c "basf2 etapip_gg_fit_v6_toymc_100.py 350 > /home/belle2/jaeyoung/storage_ghi/Ntuples_ghi_2/MC15ri_generic/MC15ri_etaetapip_tight_v2_240419_Kp_BCS_etapi0const/bsub_log//MC15ri_etapip_gg_fitv6_toyMC_100_350.log"> was submitted from host <ccw03> by user <jaeyoung> in cluster <centralcluster> at Mon Jul 22 00:50:32 2024
Job was executed on host(s) <ccb097>, in queue <s>, as user <jaeyoung> in cluster <centralcluster> at Mon Jul 22 00:51:53 2024
</home/belle2/jaeyoung> was used as the home directory.
</home/belle2/jaeyoung/workspace/DRAW_and_FITTING/main/FITTING/etapip/MC15ri_generic/tight_v2_fit_v6/ToyMC> was used as the working directory.
Started at Mon Jul 22 00:51:53 2024
Terminated at Mon Jul 22 01:08:07 2024
Results reported at Mon Jul 22 01:08:07 2024

Your job looked like:

------------------------------------------------------------
# LSBATCH: User input
bash -c "basf2 etapip_gg_fit_v6_toymc_100.py 350 > /home/belle2/jaeyoung/storage_ghi/Ntuples_ghi_2/MC15ri_generic/MC15ri_etaetapip_tight_v2_240419_Kp_BCS_etapi0const/bsub_log//MC15ri_etapip_gg_fitv6_toyMC_100_350.log"
------------------------------------------------------------

Exited with exit code 1.

Resource usage summary:

    CPU time :                                   969.35 sec.
    Max Memory :                                 1255 MB
    Average Memory :                             1168.49 MB
    Total Requested Memory :                     4000.00 MB
    Delta Memory :                               2745.00 MB
    Max Swap :                                   -
    Max Processes :                              19
    Max Threads :                                20
    Run time :                                   974 sec.
    Turnaround time :                            1055 sec.

The output (if any) follows:



PS:

Read file <./bsub_log/350.err> for stderr output of this job.

Sender: LSF System <lsfadmin@ccb128>
Subject: Job 53407161: <bash -c "basf2 etapip_gg_fit_v6_toymc_100.py 350 > /home/belle2/jaeyoung/storage_ghi/Ntuples_ghi_2/MC15ri_generic/MC15ri_etaetapip_tight_v2_240419_Kp_BCS_etapi0const/bsub_log//MC15ri_etapip_gg_fitv6_toyMC_100_350.log"> in cluster <centralcluster> Done

Job <bash -c "basf2 etapip_gg_fit_v6_toymc_100.py 350 > /home/belle2/jaeyoung/storage_ghi/Ntuples_ghi_2/MC15ri_generic/MC15ri_etaetapip_tight_v2_240419_Kp_BCS_etapi0const/bsub_log//MC15ri_etapip_gg_fitv6_toyMC_100_350.log"> was submitted from host <ccw06> by user <jaeyoung> in cluster <centralcluster> at Mon Jul 22 10:49:15 2024
Job was executed on host(s) <ccb128>, in queue <s>, as user <jaeyoung> in cluster <centralcluster> at Mon Jul 22 10:49:52 2024
</home/belle2/jaeyoung> was used as the home directory.
</home/belle2/jaeyoung/workspace/DRAW_and_FITTING/main/FITTING/etapip/MC15ri_generic/tight_v2_fit_v6/ToyMC> was used as the working directory.
Started at Mon Jul 22 10:49:52 2024
Terminated at Mon Jul 22 11:35:47 2024
Results reported at Mon Jul 22 11:35:47 2024

Your job looked like:

------------------------------------------------------------
# LSBATCH: User input
bash -c "basf2 etapip_gg_fit_v6_toymc_100.py 350 > /home/belle2/jaeyoung/storage_ghi/Ntuples_ghi_2/MC15ri_generic/MC15ri_etaetapip_tight_v2_240419_Kp_BCS_etapi0const/bsub_log//MC15ri_etapip_gg_fitv6_toyMC_100_350.log"
------------------------------------------------------------

Successfully completed.

Resource usage summary:

    CPU time :                                   2722.71 sec.
    Max Memory :                                 1311 MB
    Average Memory :                             944.00 MB
    Total Requested Memory :                     4000.00 MB
    Delta Memory :                               2689.00 MB
    Max Swap :                                   -
    Max Processes :                              19
    Max Threads :                                20
    Run time :                                   2756 sec.
    Turnaround time :                            2792 sec.

The output (if any) follows:



PS:

Read file <./bsub_log/350.err> for stderr output of this job.

Sender: LSF System <lsfadmin@ccb140>
Subject: Job 53599392: <bash -c "basf2 etapip_gg_fit_v6_toymc_100.py 350 > /home/belle2/jaeyoung/storage_ghi/Ntuples_ghi_2/MC15ri_generic/MC15ri_etaetapip_tight_v2_240419_Kp_BCS_etapi0const/bsub_log//MC15ri_etapip_gg_fitv6_toyMC_100_350.log"> in cluster <centralcluster> Done

Job <bash -c "basf2 etapip_gg_fit_v6_toymc_100.py 350 > /home/belle2/jaeyoung/storage_ghi/Ntuples_ghi_2/MC15ri_generic/MC15ri_etaetapip_tight_v2_240419_Kp_BCS_etapi0const/bsub_log//MC15ri_etapip_gg_fitv6_toyMC_100_350.log"> was submitted from host <ccw03> by user <jaeyoung> in cluster <centralcluster> at Mon Jul 22 18:35:27 2024
Job was executed on host(s) <ccb140>, in queue <s>, as user <jaeyoung> in cluster <centralcluster> at Mon Jul 22 18:37:05 2024
</home/belle2/jaeyoung> was used as the home directory.
</home/belle2/jaeyoung/workspace/DRAW_and_FITTING/main/FITTING/etapip/MC15ri_generic/tight_v2_fit_v6/ToyMC> was used as the working directory.
Started at Mon Jul 22 18:37:05 2024
Terminated at Mon Jul 22 19:23:11 2024
Results reported at Mon Jul 22 19:23:11 2024

Your job looked like:

------------------------------------------------------------
# LSBATCH: User input
bash -c "basf2 etapip_gg_fit_v6_toymc_100.py 350 > /home/belle2/jaeyoung/storage_ghi/Ntuples_ghi_2/MC15ri_generic/MC15ri_etaetapip_tight_v2_240419_Kp_BCS_etapi0const/bsub_log//MC15ri_etapip_gg_fitv6_toyMC_100_350.log"
------------------------------------------------------------

Successfully completed.

Resource usage summary:

    CPU time :                                   2755.13 sec.
    Max Memory :                                 1341 MB
    Average Memory :                             987.04 MB
    Total Requested Memory :                     4000.00 MB
    Delta Memory :                               2659.00 MB
    Max Swap :                                   -
    Max Processes :                              19
    Max Threads :                                20
    Run time :                                   2767 sec.
    Turnaround time :                            2864 sec.

The output (if any) follows:



PS:

Read file <./bsub_log/350.err> for stderr output of this job.

Sender: LSF System <lsfadmin@ccb571>
Subject: Job 53832633: <bash -c "basf2 etapip_gg_fit_v6_toymc_100.py 350 > /home/belle2/jaeyoung/storage_ghi/Ntuples_ghi_2/MC15ri_generic/MC15ri_etaetapip_tight_v2_240419_Kp_BCS_etapi0const/bsub_log//MC15ri_etapip_gg_fitv6_toyMC_100_350.log"> in cluster <centralcluster> Done

Job <bash -c "basf2 etapip_gg_fit_v6_toymc_100.py 350 > /home/belle2/jaeyoung/storage_ghi/Ntuples_ghi_2/MC15ri_generic/MC15ri_etaetapip_tight_v2_240419_Kp_BCS_etapi0const/bsub_log//MC15ri_etapip_gg_fitv6_toyMC_100_350.log"> was submitted from host <ccw05> by user <jaeyoung> in cluster <centralcluster> at Tue Jul 23 00:50:21 2024
Job was executed on host(s) <ccb571>, in queue <s>, as user <jaeyoung> in cluster <centralcluster> at Tue Jul 23 00:50:41 2024
</home/belle2/jaeyoung> was used as the home directory.
</home/belle2/jaeyoung/workspace/DRAW_and_FITTING/main/FITTING/etapip/MC15ri_generic/tight_v2_fit_v6/ToyMC> was used as the working directory.
Started at Tue Jul 23 00:50:41 2024
Terminated at Tue Jul 23 01:37:18 2024
Results reported at Tue Jul 23 01:37:18 2024

Your job looked like:

------------------------------------------------------------
# LSBATCH: User input
bash -c "basf2 etapip_gg_fit_v6_toymc_100.py 350 > /home/belle2/jaeyoung/storage_ghi/Ntuples_ghi_2/MC15ri_generic/MC15ri_etaetapip_tight_v2_240419_Kp_BCS_etapi0const/bsub_log//MC15ri_etapip_gg_fitv6_toyMC_100_350.log"
------------------------------------------------------------

Successfully completed.

Resource usage summary:

    CPU time :                                   2782.16 sec.
    Max Memory :                                 1312 MB
    Average Memory :                             946.16 MB
    Total Requested Memory :                     4000.00 MB
    Delta Memory :                               2688.00 MB
    Max Swap :                                   -
    Max Processes :                              19
    Max Threads :                                20
    Run time :                                   2797 sec.
    Turnaround time :                            2817 sec.

The output (if any) follows:



PS:

Read file <./bsub_log/350.err> for stderr output of this job.

Sender: LSF System <lsfadmin@ccb564>
Subject: Job 54398202: <bash -c "basf2 etapip_gg_fit_v6_toymc_100.py 350 > /home/belle2/jaeyoung/storage_ghi/Ntuples_ghi_2/MC15ri_generic/MC15ri_etaetapip_tight_v2_240419_Kp_BCS_etapi0const/bsub_log//MC15ri_etapip_gg_fitv6_toyMC_100_350.log"> in cluster <centralcluster> Done

Job <bash -c "basf2 etapip_gg_fit_v6_toymc_100.py 350 > /home/belle2/jaeyoung/storage_ghi/Ntuples_ghi_2/MC15ri_generic/MC15ri_etaetapip_tight_v2_240419_Kp_BCS_etapi0const/bsub_log//MC15ri_etapip_gg_fitv6_toyMC_100_350.log"> was submitted from host <ccw04> by user <jaeyoung> in cluster <centralcluster> at Tue Jul 23 17:59:37 2024
Job was executed on host(s) <ccb564>, in queue <s>, as user <jaeyoung> in cluster <centralcluster> at Tue Jul 23 18:38:52 2024
</home/belle2/jaeyoung> was used as the home directory.
</home/belle2/jaeyoung/workspace/DRAW_and_FITTING/main/FITTING/etapip/MC15ri_generic/tight_v2_fit_v6/ToyMC> was used as the working directory.
Started at Tue Jul 23 18:38:52 2024
Terminated at Tue Jul 23 19:27:51 2024
Results reported at Tue Jul 23 19:27:51 2024

Your job looked like:

------------------------------------------------------------
# LSBATCH: User input
bash -c "basf2 etapip_gg_fit_v6_toymc_100.py 350 > /home/belle2/jaeyoung/storage_ghi/Ntuples_ghi_2/MC15ri_generic/MC15ri_etaetapip_tight_v2_240419_Kp_BCS_etapi0const/bsub_log//MC15ri_etapip_gg_fitv6_toyMC_100_350.log"
------------------------------------------------------------

Successfully completed.

Resource usage summary:

    CPU time :                                   2886.07 sec.
    Max Memory :                                 1312 MB
    Average Memory :                             946.71 MB
    Total Requested Memory :                     4000.00 MB
    Delta Memory :                               2688.00 MB
    Max Swap :                                   -
    Max Processes :                              19
    Max Threads :                                20
    Run time :                                   2940 sec.
    Turnaround time :                            5294 sec.

The output (if any) follows:



PS:

Read file <./bsub_log/350.err> for stderr output of this job.

