Sender: LSF System <lsfadmin@ccb146>
Subject: Job 52359592: <bash -c "basf2 etapip_gg_fit_v6_toymc_100.py 351 > /home/belle2/jaeyoung/storage_ghi/Ntuples_ghi_2/MC15ri_generic/MC15ri_etaetapip_tight_v2_240419_Kp_BCS_etapi0const/bsub_log//MC15ri_etapip_gg_fitv6_toyMC_100_351.log"> in cluster <centralcluster> Done

Job <bash -c "basf2 etapip_gg_fit_v6_toymc_100.py 351 > /home/belle2/jaeyoung/storage_ghi/Ntuples_ghi_2/MC15ri_generic/MC15ri_etaetapip_tight_v2_240419_Kp_BCS_etapi0const/bsub_log//MC15ri_etapip_gg_fitv6_toyMC_100_351.log"> was submitted from host <ccw02> by user <jaeyoung> in cluster <centralcluster> at Sat Jul 20 14:40:04 2024
Job was executed on host(s) <ccb146>, in queue <s>, as user <jaeyoung> in cluster <centralcluster> at Sat Jul 20 14:43:40 2024
</home/belle2/jaeyoung> was used as the home directory.
</home/belle2/jaeyoung/workspace/DRAW_and_FITTING/main/FITTING/etapip/MC15ri_generic/tight_v2_fit_v6/ToyMC> was used as the working directory.
Started at Sat Jul 20 14:43:40 2024
Terminated at Sat Jul 20 15:31:11 2024
Results reported at Sat Jul 20 15:31:11 2024

Your job looked like:

------------------------------------------------------------
# LSBATCH: User input
bash -c "basf2 etapip_gg_fit_v6_toymc_100.py 351 > /home/belle2/jaeyoung/storage_ghi/Ntuples_ghi_2/MC15ri_generic/MC15ri_etaetapip_tight_v2_240419_Kp_BCS_etapi0const/bsub_log//MC15ri_etapip_gg_fitv6_toyMC_100_351.log"
------------------------------------------------------------

Successfully completed.

Resource usage summary:

    CPU time :                                   2841.60 sec.
    Max Memory :                                 1311 MB
    Average Memory :                             929.52 MB
    Total Requested Memory :                     4000.00 MB
    Delta Memory :                               2689.00 MB
    Max Swap :                                   -
    Max Processes :                              19
    Max Threads :                                20
    Run time :                                   2850 sec.
    Turnaround time :                            3067 sec.

The output (if any) follows:



PS:

Read file <./bsub_log/351.err> for stderr output of this job.

Sender: LSF System <lsfadmin@ccb232>
Subject: Job 53030366: <bash -c "basf2 etapip_gg_fit_v6_toymc_100.py 351 > /home/belle2/jaeyoung/storage_ghi/Ntuples_ghi_2/MC15ri_generic/MC15ri_etaetapip_tight_v2_240419_Kp_BCS_etapi0const/bsub_log//MC15ri_etapip_gg_fitv6_toyMC_100_351.log"> in cluster <centralcluster> Done

Job <bash -c "basf2 etapip_gg_fit_v6_toymc_100.py 351 > /home/belle2/jaeyoung/storage_ghi/Ntuples_ghi_2/MC15ri_generic/MC15ri_etaetapip_tight_v2_240419_Kp_BCS_etapi0const/bsub_log//MC15ri_etapip_gg_fitv6_toyMC_100_351.log"> was submitted from host <ccw03> by user <jaeyoung> in cluster <centralcluster> at Sun Jul 21 17:31:27 2024
Job was executed on host(s) <ccb232>, in queue <s>, as user <jaeyoung> in cluster <centralcluster> at Sun Jul 21 17:32:02 2024
</home/belle2/jaeyoung> was used as the home directory.
</home/belle2/jaeyoung/workspace/DRAW_and_FITTING/main/FITTING/etapip/MC15ri_generic/tight_v2_fit_v6/ToyMC> was used as the working directory.
Started at Sun Jul 21 17:32:02 2024
Terminated at Sun Jul 21 18:19:02 2024
Results reported at Sun Jul 21 18:19:02 2024

Your job looked like:

------------------------------------------------------------
# LSBATCH: User input
bash -c "basf2 etapip_gg_fit_v6_toymc_100.py 351 > /home/belle2/jaeyoung/storage_ghi/Ntuples_ghi_2/MC15ri_generic/MC15ri_etaetapip_tight_v2_240419_Kp_BCS_etapi0const/bsub_log//MC15ri_etapip_gg_fitv6_toyMC_100_351.log"
------------------------------------------------------------

Successfully completed.

Resource usage summary:

    CPU time :                                   2793.85 sec.
    Max Memory :                                 1311 MB
    Average Memory :                             932.19 MB
    Total Requested Memory :                     4000.00 MB
    Delta Memory :                               2689.00 MB
    Max Swap :                                   -
    Max Processes :                              19
    Max Threads :                                20
    Run time :                                   2821 sec.
    Turnaround time :                            2855 sec.

The output (if any) follows:



PS:

Read file <./bsub_log/351.err> for stderr output of this job.

Sender: LSF System <lsfadmin@ccb174>
Subject: Job 53202866: <bash -c "basf2 etapip_gg_fit_v6_toymc_100.py 351 > /home/belle2/jaeyoung/storage_ghi/Ntuples_ghi_2/MC15ri_generic/MC15ri_etaetapip_tight_v2_240419_Kp_BCS_etapi0const/bsub_log//MC15ri_etapip_gg_fitv6_toyMC_100_351.log"> in cluster <centralcluster> Exited

Job <bash -c "basf2 etapip_gg_fit_v6_toymc_100.py 351 > /home/belle2/jaeyoung/storage_ghi/Ntuples_ghi_2/MC15ri_generic/MC15ri_etaetapip_tight_v2_240419_Kp_BCS_etapi0const/bsub_log//MC15ri_etapip_gg_fitv6_toyMC_100_351.log"> was submitted from host <ccw03> by user <jaeyoung> in cluster <centralcluster> at Mon Jul 22 00:50:32 2024
Job was executed on host(s) <ccb174>, in queue <s>, as user <jaeyoung> in cluster <centralcluster> at Mon Jul 22 00:51:53 2024
</home/belle2/jaeyoung> was used as the home directory.
</home/belle2/jaeyoung/workspace/DRAW_and_FITTING/main/FITTING/etapip/MC15ri_generic/tight_v2_fit_v6/ToyMC> was used as the working directory.
Started at Mon Jul 22 00:51:53 2024
Terminated at Mon Jul 22 01:08:39 2024
Results reported at Mon Jul 22 01:08:39 2024

Your job looked like:

------------------------------------------------------------
# LSBATCH: User input
bash -c "basf2 etapip_gg_fit_v6_toymc_100.py 351 > /home/belle2/jaeyoung/storage_ghi/Ntuples_ghi_2/MC15ri_generic/MC15ri_etaetapip_tight_v2_240419_Kp_BCS_etapi0const/bsub_log//MC15ri_etapip_gg_fitv6_toyMC_100_351.log"
------------------------------------------------------------

Exited with exit code 1.

Resource usage summary:

    CPU time :                                   1001.93 sec.
    Max Memory :                                 1252 MB
    Average Memory :                             1167.27 MB
    Total Requested Memory :                     4000.00 MB
    Delta Memory :                               2748.00 MB
    Max Swap :                                   -
    Max Processes :                              19
    Max Threads :                                20
    Run time :                                   1007 sec.
    Turnaround time :                            1087 sec.

The output (if any) follows:



PS:

Read file <./bsub_log/351.err> for stderr output of this job.

Sender: LSF System <lsfadmin@ccb124>
Subject: Job 53407163: <bash -c "basf2 etapip_gg_fit_v6_toymc_100.py 351 > /home/belle2/jaeyoung/storage_ghi/Ntuples_ghi_2/MC15ri_generic/MC15ri_etaetapip_tight_v2_240419_Kp_BCS_etapi0const/bsub_log//MC15ri_etapip_gg_fitv6_toyMC_100_351.log"> in cluster <centralcluster> Done

Job <bash -c "basf2 etapip_gg_fit_v6_toymc_100.py 351 > /home/belle2/jaeyoung/storage_ghi/Ntuples_ghi_2/MC15ri_generic/MC15ri_etaetapip_tight_v2_240419_Kp_BCS_etapi0const/bsub_log//MC15ri_etapip_gg_fitv6_toyMC_100_351.log"> was submitted from host <ccw06> by user <jaeyoung> in cluster <centralcluster> at Mon Jul 22 10:49:16 2024
Job was executed on host(s) <ccb124>, in queue <s>, as user <jaeyoung> in cluster <centralcluster> at Mon Jul 22 10:49:52 2024
</home/belle2/jaeyoung> was used as the home directory.
</home/belle2/jaeyoung/workspace/DRAW_and_FITTING/main/FITTING/etapip/MC15ri_generic/tight_v2_fit_v6/ToyMC> was used as the working directory.
Started at Mon Jul 22 10:49:52 2024
Terminated at Mon Jul 22 11:35:24 2024
Results reported at Mon Jul 22 11:35:24 2024

Your job looked like:

------------------------------------------------------------
# LSBATCH: User input
bash -c "basf2 etapip_gg_fit_v6_toymc_100.py 351 > /home/belle2/jaeyoung/storage_ghi/Ntuples_ghi_2/MC15ri_generic/MC15ri_etaetapip_tight_v2_240419_Kp_BCS_etapi0const/bsub_log//MC15ri_etapip_gg_fitv6_toyMC_100_351.log"
------------------------------------------------------------

Successfully completed.

Resource usage summary:

    CPU time :                                   2723.31 sec.
    Max Memory :                                 1311 MB
    Average Memory :                             946.50 MB
    Total Requested Memory :                     4000.00 MB
    Delta Memory :                               2689.00 MB
    Max Swap :                                   -
    Max Processes :                              19
    Max Threads :                                20
    Run time :                                   2732 sec.
    Turnaround time :                            2768 sec.

The output (if any) follows:



PS:

Read file <./bsub_log/351.err> for stderr output of this job.

Sender: LSF System <lsfadmin@ccb237>
Subject: Job 53599395: <bash -c "basf2 etapip_gg_fit_v6_toymc_100.py 351 > /home/belle2/jaeyoung/storage_ghi/Ntuples_ghi_2/MC15ri_generic/MC15ri_etaetapip_tight_v2_240419_Kp_BCS_etapi0const/bsub_log//MC15ri_etapip_gg_fitv6_toyMC_100_351.log"> in cluster <centralcluster> Done

Job <bash -c "basf2 etapip_gg_fit_v6_toymc_100.py 351 > /home/belle2/jaeyoung/storage_ghi/Ntuples_ghi_2/MC15ri_generic/MC15ri_etaetapip_tight_v2_240419_Kp_BCS_etapi0const/bsub_log//MC15ri_etapip_gg_fitv6_toyMC_100_351.log"> was submitted from host <ccw03> by user <jaeyoung> in cluster <centralcluster> at Mon Jul 22 18:35:27 2024
Job was executed on host(s) <ccb237>, in queue <s>, as user <jaeyoung> in cluster <centralcluster> at Mon Jul 22 18:37:06 2024
</home/belle2/jaeyoung> was used as the home directory.
</home/belle2/jaeyoung/workspace/DRAW_and_FITTING/main/FITTING/etapip/MC15ri_generic/tight_v2_fit_v6/ToyMC> was used as the working directory.
Started at Mon Jul 22 18:37:06 2024
Terminated at Mon Jul 22 19:23:50 2024
Results reported at Mon Jul 22 19:23:50 2024

Your job looked like:

------------------------------------------------------------
# LSBATCH: User input
bash -c "basf2 etapip_gg_fit_v6_toymc_100.py 351 > /home/belle2/jaeyoung/storage_ghi/Ntuples_ghi_2/MC15ri_generic/MC15ri_etaetapip_tight_v2_240419_Kp_BCS_etapi0const/bsub_log//MC15ri_etapip_gg_fitv6_toyMC_100_351.log"
------------------------------------------------------------

Successfully completed.

Resource usage summary:

    CPU time :                                   2793.39 sec.
    Max Memory :                                 1311 MB
    Average Memory :                             953.66 MB
    Total Requested Memory :                     4000.00 MB
    Delta Memory :                               2689.00 MB
    Max Swap :                                   -
    Max Processes :                              19
    Max Threads :                                20
    Run time :                                   2804 sec.
    Turnaround time :                            2903 sec.

The output (if any) follows:



PS:

Read file <./bsub_log/351.err> for stderr output of this job.

Sender: LSF System <lsfadmin@ccb570>
Subject: Job 53832637: <bash -c "basf2 etapip_gg_fit_v6_toymc_100.py 351 > /home/belle2/jaeyoung/storage_ghi/Ntuples_ghi_2/MC15ri_generic/MC15ri_etaetapip_tight_v2_240419_Kp_BCS_etapi0const/bsub_log//MC15ri_etapip_gg_fitv6_toyMC_100_351.log"> in cluster <centralcluster> Done

Job <bash -c "basf2 etapip_gg_fit_v6_toymc_100.py 351 > /home/belle2/jaeyoung/storage_ghi/Ntuples_ghi_2/MC15ri_generic/MC15ri_etaetapip_tight_v2_240419_Kp_BCS_etapi0const/bsub_log//MC15ri_etapip_gg_fitv6_toyMC_100_351.log"> was submitted from host <ccw05> by user <jaeyoung> in cluster <centralcluster> at Tue Jul 23 00:50:22 2024
Job was executed on host(s) <ccb570>, in queue <s>, as user <jaeyoung> in cluster <centralcluster> at Tue Jul 23 00:50:41 2024
</home/belle2/jaeyoung> was used as the home directory.
</home/belle2/jaeyoung/workspace/DRAW_and_FITTING/main/FITTING/etapip/MC15ri_generic/tight_v2_fit_v6/ToyMC> was used as the working directory.
Started at Tue Jul 23 00:50:41 2024
Terminated at Tue Jul 23 01:37:21 2024
Results reported at Tue Jul 23 01:37:21 2024

Your job looked like:

------------------------------------------------------------
# LSBATCH: User input
bash -c "basf2 etapip_gg_fit_v6_toymc_100.py 351 > /home/belle2/jaeyoung/storage_ghi/Ntuples_ghi_2/MC15ri_generic/MC15ri_etaetapip_tight_v2_240419_Kp_BCS_etapi0const/bsub_log//MC15ri_etapip_gg_fitv6_toyMC_100_351.log"
------------------------------------------------------------

Successfully completed.

Resource usage summary:

    CPU time :                                   2784.75 sec.
    Max Memory :                                 1314 MB
    Average Memory :                             985.00 MB
    Total Requested Memory :                     4000.00 MB
    Delta Memory :                               2686.00 MB
    Max Swap :                                   -
    Max Processes :                              19
    Max Threads :                                20
    Run time :                                   2800 sec.
    Turnaround time :                            2819 sec.

The output (if any) follows:



PS:

Read file <./bsub_log/351.err> for stderr output of this job.

Sender: LSF System <lsfadmin@ccb214>
Subject: Job 54398207: <bash -c "basf2 etapip_gg_fit_v6_toymc_100.py 351 > /home/belle2/jaeyoung/storage_ghi/Ntuples_ghi_2/MC15ri_generic/MC15ri_etaetapip_tight_v2_240419_Kp_BCS_etapi0const/bsub_log//MC15ri_etapip_gg_fitv6_toyMC_100_351.log"> in cluster <centralcluster> Done

Job <bash -c "basf2 etapip_gg_fit_v6_toymc_100.py 351 > /home/belle2/jaeyoung/storage_ghi/Ntuples_ghi_2/MC15ri_generic/MC15ri_etaetapip_tight_v2_240419_Kp_BCS_etapi0const/bsub_log//MC15ri_etapip_gg_fitv6_toyMC_100_351.log"> was submitted from host <ccw04> by user <jaeyoung> in cluster <centralcluster> at Tue Jul 23 17:59:38 2024
Job was executed on host(s) <ccb214>, in queue <s>, as user <jaeyoung> in cluster <centralcluster> at Tue Jul 23 18:38:56 2024
</home/belle2/jaeyoung> was used as the home directory.
</home/belle2/jaeyoung/workspace/DRAW_and_FITTING/main/FITTING/etapip/MC15ri_generic/tight_v2_fit_v6/ToyMC> was used as the working directory.
Started at Tue Jul 23 18:38:56 2024
Terminated at Tue Jul 23 19:26:21 2024
Results reported at Tue Jul 23 19:26:21 2024

Your job looked like:

------------------------------------------------------------
# LSBATCH: User input
bash -c "basf2 etapip_gg_fit_v6_toymc_100.py 351 > /home/belle2/jaeyoung/storage_ghi/Ntuples_ghi_2/MC15ri_generic/MC15ri_etaetapip_tight_v2_240419_Kp_BCS_etapi0const/bsub_log//MC15ri_etapip_gg_fitv6_toyMC_100_351.log"
------------------------------------------------------------

Successfully completed.

Resource usage summary:

    CPU time :                                   2817.72 sec.
    Max Memory :                                 1313 MB
    Average Memory :                             933.69 MB
    Total Requested Memory :                     4000.00 MB
    Delta Memory :                               2687.00 MB
    Max Swap :                                   -
    Max Processes :                              19
    Max Threads :                                20
    Run time :                                   2846 sec.
    Turnaround time :                            5203 sec.

The output (if any) follows:



PS:

Read file <./bsub_log/351.err> for stderr output of this job.

