Sender: LSF System <lsfadmin@ccb518>
Subject: Job 52359596: <bash -c "basf2 etapip_gg_fit_v6_toymc_100.py 355 > /home/belle2/jaeyoung/storage_ghi/Ntuples_ghi_2/MC15ri_generic/MC15ri_etaetapip_tight_v2_240419_Kp_BCS_etapi0const/bsub_log//MC15ri_etapip_gg_fitv6_toyMC_100_355.log"> in cluster <centralcluster> Done

Job <bash -c "basf2 etapip_gg_fit_v6_toymc_100.py 355 > /home/belle2/jaeyoung/storage_ghi/Ntuples_ghi_2/MC15ri_generic/MC15ri_etaetapip_tight_v2_240419_Kp_BCS_etapi0const/bsub_log//MC15ri_etapip_gg_fitv6_toyMC_100_355.log"> was submitted from host <ccw02> by user <jaeyoung> in cluster <centralcluster> at Sat Jul 20 14:40:05 2024
Job was executed on host(s) <ccb518>, in queue <s>, as user <jaeyoung> in cluster <centralcluster> at Sat Jul 20 14:43:42 2024
</home/belle2/jaeyoung> was used as the home directory.
</home/belle2/jaeyoung/workspace/DRAW_and_FITTING/main/FITTING/etapip/MC15ri_generic/tight_v2_fit_v6/ToyMC> was used as the working directory.
Started at Sat Jul 20 14:43:42 2024
Terminated at Sat Jul 20 15:33:05 2024
Results reported at Sat Jul 20 15:33:05 2024

Your job looked like:

------------------------------------------------------------
# LSBATCH: User input
bash -c "basf2 etapip_gg_fit_v6_toymc_100.py 355 > /home/belle2/jaeyoung/storage_ghi/Ntuples_ghi_2/MC15ri_generic/MC15ri_etaetapip_tight_v2_240419_Kp_BCS_etapi0const/bsub_log//MC15ri_etapip_gg_fitv6_toyMC_100_355.log"
------------------------------------------------------------

Successfully completed.

Resource usage summary:

    CPU time :                                   2937.09 sec.
    Max Memory :                                 1311 MB
    Average Memory :                             953.62 MB
    Total Requested Memory :                     4000.00 MB
    Delta Memory :                               2689.00 MB
    Max Swap :                                   -
    Max Processes :                              19
    Max Threads :                                20
    Run time :                                   2963 sec.
    Turnaround time :                            3180 sec.

The output (if any) follows:



PS:

Read file <./bsub_log/355.err> for stderr output of this job.

Sender: LSF System <lsfadmin@ccb163>
Subject: Job 53030381: <bash -c "basf2 etapip_gg_fit_v6_toymc_100.py 355 > /home/belle2/jaeyoung/storage_ghi/Ntuples_ghi_2/MC15ri_generic/MC15ri_etaetapip_tight_v2_240419_Kp_BCS_etapi0const/bsub_log//MC15ri_etapip_gg_fitv6_toyMC_100_355.log"> in cluster <centralcluster> Done

Job <bash -c "basf2 etapip_gg_fit_v6_toymc_100.py 355 > /home/belle2/jaeyoung/storage_ghi/Ntuples_ghi_2/MC15ri_generic/MC15ri_etaetapip_tight_v2_240419_Kp_BCS_etapi0const/bsub_log//MC15ri_etapip_gg_fitv6_toyMC_100_355.log"> was submitted from host <ccw03> by user <jaeyoung> in cluster <centralcluster> at Sun Jul 21 17:31:28 2024
Job was executed on host(s) <ccb163>, in queue <s>, as user <jaeyoung> in cluster <centralcluster> at Sun Jul 21 17:32:03 2024
</home/belle2/jaeyoung> was used as the home directory.
</home/belle2/jaeyoung/workspace/DRAW_and_FITTING/main/FITTING/etapip/MC15ri_generic/tight_v2_fit_v6/ToyMC> was used as the working directory.
Started at Sun Jul 21 17:32:03 2024
Terminated at Sun Jul 21 18:20:20 2024
Results reported at Sun Jul 21 18:20:20 2024

Your job looked like:

------------------------------------------------------------
# LSBATCH: User input
bash -c "basf2 etapip_gg_fit_v6_toymc_100.py 355 > /home/belle2/jaeyoung/storage_ghi/Ntuples_ghi_2/MC15ri_generic/MC15ri_etaetapip_tight_v2_240419_Kp_BCS_etapi0const/bsub_log//MC15ri_etapip_gg_fitv6_toyMC_100_355.log"
------------------------------------------------------------

Successfully completed.

Resource usage summary:

    CPU time :                                   2885.09 sec.
    Max Memory :                                 1311 MB
    Average Memory :                             925.28 MB
    Total Requested Memory :                     4000.00 MB
    Delta Memory :                               2689.00 MB
    Max Swap :                                   -
    Max Processes :                              19
    Max Threads :                                20
    Run time :                                   2897 sec.
    Turnaround time :                            2932 sec.

The output (if any) follows:



PS:

Read file <./bsub_log/355.err> for stderr output of this job.

Sender: LSF System <lsfadmin@ccb513>
Subject: Job 53202883: <bash -c "basf2 etapip_gg_fit_v6_toymc_100.py 355 > /home/belle2/jaeyoung/storage_ghi/Ntuples_ghi_2/MC15ri_generic/MC15ri_etaetapip_tight_v2_240419_Kp_BCS_etapi0const/bsub_log//MC15ri_etapip_gg_fitv6_toyMC_100_355.log"> in cluster <centralcluster> Exited

Job <bash -c "basf2 etapip_gg_fit_v6_toymc_100.py 355 > /home/belle2/jaeyoung/storage_ghi/Ntuples_ghi_2/MC15ri_generic/MC15ri_etaetapip_tight_v2_240419_Kp_BCS_etapi0const/bsub_log//MC15ri_etapip_gg_fitv6_toyMC_100_355.log"> was submitted from host <ccw03> by user <jaeyoung> in cluster <centralcluster> at Mon Jul 22 00:50:34 2024
Job was executed on host(s) <ccb513>, in queue <s>, as user <jaeyoung> in cluster <centralcluster> at Mon Jul 22 00:51:54 2024
</home/belle2/jaeyoung> was used as the home directory.
</home/belle2/jaeyoung/workspace/DRAW_and_FITTING/main/FITTING/etapip/MC15ri_generic/tight_v2_fit_v6/ToyMC> was used as the working directory.
Started at Mon Jul 22 00:51:54 2024
Terminated at Mon Jul 22 01:10:03 2024
Results reported at Mon Jul 22 01:10:03 2024

Your job looked like:

------------------------------------------------------------
# LSBATCH: User input
bash -c "basf2 etapip_gg_fit_v6_toymc_100.py 355 > /home/belle2/jaeyoung/storage_ghi/Ntuples_ghi_2/MC15ri_generic/MC15ri_etaetapip_tight_v2_240419_Kp_BCS_etapi0const/bsub_log//MC15ri_etapip_gg_fitv6_toyMC_100_355.log"
------------------------------------------------------------

Exited with exit code 1.

Resource usage summary:

    CPU time :                                   1082.58 sec.
    Max Memory :                                 1254 MB
    Average Memory :                             1170.93 MB
    Total Requested Memory :                     4000.00 MB
    Delta Memory :                               2746.00 MB
    Max Swap :                                   -
    Max Processes :                              19
    Max Threads :                                20
    Run time :                                   1090 sec.
    Turnaround time :                            1169 sec.

The output (if any) follows:



PS:

Read file <./bsub_log/355.err> for stderr output of this job.

Sender: LSF System <lsfadmin@ccb058>
Subject: Job 53407172: <bash -c "basf2 etapip_gg_fit_v6_toymc_100.py 355 > /home/belle2/jaeyoung/storage_ghi/Ntuples_ghi_2/MC15ri_generic/MC15ri_etaetapip_tight_v2_240419_Kp_BCS_etapi0const/bsub_log//MC15ri_etapip_gg_fitv6_toyMC_100_355.log"> in cluster <centralcluster> Done

Job <bash -c "basf2 etapip_gg_fit_v6_toymc_100.py 355 > /home/belle2/jaeyoung/storage_ghi/Ntuples_ghi_2/MC15ri_generic/MC15ri_etaetapip_tight_v2_240419_Kp_BCS_etapi0const/bsub_log//MC15ri_etapip_gg_fitv6_toyMC_100_355.log"> was submitted from host <ccw06> by user <jaeyoung> in cluster <centralcluster> at Mon Jul 22 10:49:17 2024
Job was executed on host(s) <ccb058>, in queue <s>, as user <jaeyoung> in cluster <centralcluster> at Mon Jul 22 10:49:52 2024
</home/belle2/jaeyoung> was used as the home directory.
</home/belle2/jaeyoung/workspace/DRAW_and_FITTING/main/FITTING/etapip/MC15ri_generic/tight_v2_fit_v6/ToyMC> was used as the working directory.
Started at Mon Jul 22 10:49:52 2024
Terminated at Mon Jul 22 11:37:47 2024
Results reported at Mon Jul 22 11:37:47 2024

Your job looked like:

------------------------------------------------------------
# LSBATCH: User input
bash -c "basf2 etapip_gg_fit_v6_toymc_100.py 355 > /home/belle2/jaeyoung/storage_ghi/Ntuples_ghi_2/MC15ri_generic/MC15ri_etaetapip_tight_v2_240419_Kp_BCS_etapi0const/bsub_log//MC15ri_etapip_gg_fitv6_toyMC_100_355.log"
------------------------------------------------------------

Successfully completed.

Resource usage summary:

    CPU time :                                   2852.35 sec.
    Max Memory :                                 1311 MB
    Average Memory :                             936.00 MB
    Total Requested Memory :                     4000.00 MB
    Delta Memory :                               2689.00 MB
    Max Swap :                                   -
    Max Processes :                              19
    Max Threads :                                20
    Run time :                                   2874 sec.
    Turnaround time :                            2910 sec.

The output (if any) follows:



PS:

Read file <./bsub_log/355.err> for stderr output of this job.

Sender: LSF System <lsfadmin@ccb171>
Subject: Job 53599409: <bash -c "basf2 etapip_gg_fit_v6_toymc_100.py 355 > /home/belle2/jaeyoung/storage_ghi/Ntuples_ghi_2/MC15ri_generic/MC15ri_etaetapip_tight_v2_240419_Kp_BCS_etapi0const/bsub_log//MC15ri_etapip_gg_fitv6_toyMC_100_355.log"> in cluster <centralcluster> Done

Job <bash -c "basf2 etapip_gg_fit_v6_toymc_100.py 355 > /home/belle2/jaeyoung/storage_ghi/Ntuples_ghi_2/MC15ri_generic/MC15ri_etaetapip_tight_v2_240419_Kp_BCS_etapi0const/bsub_log//MC15ri_etapip_gg_fitv6_toyMC_100_355.log"> was submitted from host <ccw03> by user <jaeyoung> in cluster <centralcluster> at Mon Jul 22 18:35:29 2024
Job was executed on host(s) <ccb171>, in queue <s>, as user <jaeyoung> in cluster <centralcluster> at Mon Jul 22 18:37:07 2024
</home/belle2/jaeyoung> was used as the home directory.
</home/belle2/jaeyoung/workspace/DRAW_and_FITTING/main/FITTING/etapip/MC15ri_generic/tight_v2_fit_v6/ToyMC> was used as the working directory.
Started at Mon Jul 22 18:37:07 2024
Terminated at Mon Jul 22 19:22:25 2024
Results reported at Mon Jul 22 19:22:25 2024

Your job looked like:

------------------------------------------------------------
# LSBATCH: User input
bash -c "basf2 etapip_gg_fit_v6_toymc_100.py 355 > /home/belle2/jaeyoung/storage_ghi/Ntuples_ghi_2/MC15ri_generic/MC15ri_etaetapip_tight_v2_240419_Kp_BCS_etapi0const/bsub_log//MC15ri_etapip_gg_fitv6_toyMC_100_355.log"
------------------------------------------------------------

Successfully completed.

Resource usage summary:

    CPU time :                                   2710.10 sec.
    Max Memory :                                 1310 MB
    Average Memory :                             962.46 MB
    Total Requested Memory :                     4000.00 MB
    Delta Memory :                               2690.00 MB
    Max Swap :                                   -
    Max Processes :                              19
    Max Threads :                                20
    Run time :                                   2718 sec.
    Turnaround time :                            2817 sec.

The output (if any) follows:



PS:

Read file <./bsub_log/355.err> for stderr output of this job.

Sender: LSF System <lsfadmin@ccb158>
Subject: Job 53832654: <bash -c "basf2 etapip_gg_fit_v6_toymc_100.py 355 > /home/belle2/jaeyoung/storage_ghi/Ntuples_ghi_2/MC15ri_generic/MC15ri_etaetapip_tight_v2_240419_Kp_BCS_etapi0const/bsub_log//MC15ri_etapip_gg_fitv6_toyMC_100_355.log"> in cluster <centralcluster> Done

Job <bash -c "basf2 etapip_gg_fit_v6_toymc_100.py 355 > /home/belle2/jaeyoung/storage_ghi/Ntuples_ghi_2/MC15ri_generic/MC15ri_etaetapip_tight_v2_240419_Kp_BCS_etapi0const/bsub_log//MC15ri_etapip_gg_fitv6_toyMC_100_355.log"> was submitted from host <ccw05> by user <jaeyoung> in cluster <centralcluster> at Tue Jul 23 00:50:23 2024
Job was executed on host(s) <ccb158>, in queue <s>, as user <jaeyoung> in cluster <centralcluster> at Tue Jul 23 00:50:43 2024
</home/belle2/jaeyoung> was used as the home directory.
</home/belle2/jaeyoung/workspace/DRAW_and_FITTING/main/FITTING/etapip/MC15ri_generic/tight_v2_fit_v6/ToyMC> was used as the working directory.
Started at Tue Jul 23 00:50:43 2024
Terminated at Tue Jul 23 01:37:29 2024
Results reported at Tue Jul 23 01:37:29 2024

Your job looked like:

------------------------------------------------------------
# LSBATCH: User input
bash -c "basf2 etapip_gg_fit_v6_toymc_100.py 355 > /home/belle2/jaeyoung/storage_ghi/Ntuples_ghi_2/MC15ri_generic/MC15ri_etaetapip_tight_v2_240419_Kp_BCS_etapi0const/bsub_log//MC15ri_etapip_gg_fitv6_toyMC_100_355.log"
------------------------------------------------------------

Successfully completed.

Resource usage summary:

    CPU time :                                   2774.83 sec.
    Max Memory :                                 1311 MB
    Average Memory :                             941.82 MB
    Total Requested Memory :                     4000.00 MB
    Delta Memory :                               2689.00 MB
    Max Swap :                                   -
    Max Processes :                              19
    Max Threads :                                20
    Run time :                                   2806 sec.
    Turnaround time :                            2826 sec.

The output (if any) follows:



PS:

Read file <./bsub_log/355.err> for stderr output of this job.

Sender: LSF System <lsfadmin@ccb079>
Subject: Job 54398224: <bash -c "basf2 etapip_gg_fit_v6_toymc_100.py 355 > /home/belle2/jaeyoung/storage_ghi/Ntuples_ghi_2/MC15ri_generic/MC15ri_etaetapip_tight_v2_240419_Kp_BCS_etapi0const/bsub_log//MC15ri_etapip_gg_fitv6_toyMC_100_355.log"> in cluster <centralcluster> Done

Job <bash -c "basf2 etapip_gg_fit_v6_toymc_100.py 355 > /home/belle2/jaeyoung/storage_ghi/Ntuples_ghi_2/MC15ri_generic/MC15ri_etaetapip_tight_v2_240419_Kp_BCS_etapi0const/bsub_log//MC15ri_etapip_gg_fitv6_toyMC_100_355.log"> was submitted from host <ccw04> by user <jaeyoung> in cluster <centralcluster> at Tue Jul 23 17:59:39 2024
Job was executed on host(s) <ccb079>, in queue <s>, as user <jaeyoung> in cluster <centralcluster> at Tue Jul 23 18:39:02 2024
</home/belle2/jaeyoung> was used as the home directory.
</home/belle2/jaeyoung/workspace/DRAW_and_FITTING/main/FITTING/etapip/MC15ri_generic/tight_v2_fit_v6/ToyMC> was used as the working directory.
Started at Tue Jul 23 18:39:02 2024
Terminated at Tue Jul 23 19:24:48 2024
Results reported at Tue Jul 23 19:24:48 2024

Your job looked like:

------------------------------------------------------------
# LSBATCH: User input
bash -c "basf2 etapip_gg_fit_v6_toymc_100.py 355 > /home/belle2/jaeyoung/storage_ghi/Ntuples_ghi_2/MC15ri_generic/MC15ri_etaetapip_tight_v2_240419_Kp_BCS_etapi0const/bsub_log//MC15ri_etapip_gg_fitv6_toyMC_100_355.log"
------------------------------------------------------------

Successfully completed.

Resource usage summary:

    CPU time :                                   2719.33 sec.
    Max Memory :                                 1313 MB
    Average Memory :                             951.91 MB
    Total Requested Memory :                     4000.00 MB
    Delta Memory :                               2687.00 MB
    Max Swap :                                   -
    Max Processes :                              19
    Max Threads :                                20
    Run time :                                   2746 sec.
    Turnaround time :                            5109 sec.

The output (if any) follows:



PS:

Read file <./bsub_log/355.err> for stderr output of this job.

Sender: LSF System <lsfadmin@ccb040>
Subject: Job 54470847: <bash -c "basf2 etapip_gg_fit_v6_toymc_100.py 355 > /home/belle2/jaeyoung/storage_ghi/Ntuples_ghi_2/MC15ri_generic/MC15ri_etaetapip_tight_v2_240419_Kp_BCS_etapi0const/bsub_log//MC15ri_etapip_gg_fitv6_toyMC_100_355.log"> in cluster <centralcluster> Done

Job <bash -c "basf2 etapip_gg_fit_v6_toymc_100.py 355 > /home/belle2/jaeyoung/storage_ghi/Ntuples_ghi_2/MC15ri_generic/MC15ri_etaetapip_tight_v2_240419_Kp_BCS_etapi0const/bsub_log//MC15ri_etapip_gg_fitv6_toyMC_100_355.log"> was submitted from host <ccw03> by user <jaeyoung> in cluster <centralcluster> at Tue Jul 23 19:38:33 2024
Job was executed on host(s) <ccb040>, in queue <s>, as user <jaeyoung> in cluster <centralcluster> at Tue Jul 23 19:38:36 2024
</home/belle2/jaeyoung> was used as the home directory.
</home/belle2/jaeyoung/workspace/DRAW_and_FITTING/main/FITTING/etapip/MC15ri_generic/tight_v2_fit_v6/ToyMC> was used as the working directory.
Started at Tue Jul 23 19:38:36 2024
Terminated at Tue Jul 23 20:24:10 2024
Results reported at Tue Jul 23 20:24:10 2024

Your job looked like:

------------------------------------------------------------
# LSBATCH: User input
bash -c "basf2 etapip_gg_fit_v6_toymc_100.py 355 > /home/belle2/jaeyoung/storage_ghi/Ntuples_ghi_2/MC15ri_generic/MC15ri_etaetapip_tight_v2_240419_Kp_BCS_etapi0const/bsub_log//MC15ri_etapip_gg_fitv6_toyMC_100_355.log"
------------------------------------------------------------

Successfully completed.

Resource usage summary:

    CPU time :                                   2724.65 sec.
    Max Memory :                                 1311 MB
    Average Memory :                             943.59 MB
    Total Requested Memory :                     4000.00 MB
    Delta Memory :                               2689.00 MB
    Max Swap :                                   -
    Max Processes :                              19
    Max Threads :                                20
    Run time :                                   2734 sec.
    Turnaround time :                            2737 sec.

The output (if any) follows:



PS:

Read file <./bsub_log/355.err> for stderr output of this job.

Sender: LSF System <lsfadmin@ccb165>
Subject: Job 55516024: <bash -c "basf2 etapip_gg_fit_v6_toymc_100.py 355 > /home/belle2/jaeyoung/storage_ghi/Ntuples_ghi_2/MC15ri_generic/MC15ri_etaetapip_tight_v2_240419_Kp_BCS_etapi0const/bsub_log//MC15ri_etapip_gg_fitv6_toyMC_100_355.log"> in cluster <centralcluster> Done

Job <bash -c "basf2 etapip_gg_fit_v6_toymc_100.py 355 > /home/belle2/jaeyoung/storage_ghi/Ntuples_ghi_2/MC15ri_generic/MC15ri_etaetapip_tight_v2_240419_Kp_BCS_etapi0const/bsub_log//MC15ri_etapip_gg_fitv6_toyMC_100_355.log"> was submitted from host <ccw01> by user <jaeyoung> in cluster <centralcluster> at Thu Jul 25 20:51:28 2024
Job was executed on host(s) <ccb165>, in queue <s>, as user <jaeyoung> in cluster <centralcluster> at Thu Jul 25 20:51:32 2024
</home/belle2/jaeyoung> was used as the home directory.
</gpfs/home/belle2/jaeyoung/workspace/DRAW_and_FITTING/main/FITTING/etapip/MC15ri_generic/tight_v2_fit_v6/ToyMC> was used as the working directory.
Started at Thu Jul 25 20:51:32 2024
Terminated at Thu Jul 25 21:38:50 2024
Results reported at Thu Jul 25 21:38:50 2024

Your job looked like:

------------------------------------------------------------
# LSBATCH: User input
bash -c "basf2 etapip_gg_fit_v6_toymc_100.py 355 > /home/belle2/jaeyoung/storage_ghi/Ntuples_ghi_2/MC15ri_generic/MC15ri_etaetapip_tight_v2_240419_Kp_BCS_etapi0const/bsub_log//MC15ri_etapip_gg_fitv6_toyMC_100_355.log"
------------------------------------------------------------

Successfully completed.

Resource usage summary:

    CPU time :                                   2750.53 sec.
    Max Memory :                                 1313 MB
    Average Memory :                             951.41 MB
    Total Requested Memory :                     4000.00 MB
    Delta Memory :                               2687.00 MB
    Max Swap :                                   -
    Max Processes :                              19
    Max Threads :                                20
    Run time :                                   2838 sec.
    Turnaround time :                            2842 sec.

The output (if any) follows:



PS:

Read file <./bsub_log/355.err> for stderr output of this job.

Sender: LSF System <lsfadmin@ccb502>
Subject: Job 56103587: <bash -c "basf2 etapip_gg_fit_v6_toymc_100.py 355 > /home/belle2/jaeyoung/storage_ghi/Ntuples_ghi_2/MC15ri_generic/MC15ri_etaetapip_tight_v2_240419_Kp_BCS_etapi0const/bsub_log//MC15ri_etapip_gg_fitv6_toyMC_100_355.log"> in cluster <centralcluster> Done

Job <bash -c "basf2 etapip_gg_fit_v6_toymc_100.py 355 > /home/belle2/jaeyoung/storage_ghi/Ntuples_ghi_2/MC15ri_generic/MC15ri_etaetapip_tight_v2_240419_Kp_BCS_etapi0const/bsub_log//MC15ri_etapip_gg_fitv6_toyMC_100_355.log"> was submitted from host <ccw06> by user <jaeyoung> in cluster <centralcluster> at Fri Jul 26 23:44:17 2024
Job was executed on host(s) <ccb502>, in queue <s>, as user <jaeyoung> in cluster <centralcluster> at Sat Jul 27 00:21:26 2024
</home/belle2/jaeyoung> was used as the home directory.
</home/belle2/jaeyoung/workspace/DRAW_and_FITTING/main/FITTING/etapip/MC15ri_generic/tight_v2_fit_v6/ToyMC> was used as the working directory.
Started at Sat Jul 27 00:21:26 2024
Terminated at Sat Jul 27 00:54:46 2024
Results reported at Sat Jul 27 00:54:46 2024

Your job looked like:

------------------------------------------------------------
# LSBATCH: User input
bash -c "basf2 etapip_gg_fit_v6_toymc_100.py 355 > /home/belle2/jaeyoung/storage_ghi/Ntuples_ghi_2/MC15ri_generic/MC15ri_etaetapip_tight_v2_240419_Kp_BCS_etapi0const/bsub_log//MC15ri_etapip_gg_fitv6_toyMC_100_355.log"
------------------------------------------------------------

Successfully completed.

Resource usage summary:

    CPU time :                                   1958.15 sec.
    Max Memory :                                 924 MB
    Average Memory :                             651.35 MB
    Total Requested Memory :                     4000.00 MB
    Delta Memory :                               3076.00 MB
    Max Swap :                                   -
    Max Processes :                              19
    Max Threads :                                20
    Run time :                                   2000 sec.
    Turnaround time :                            4229 sec.

The output (if any) follows:



PS:

Read file <./bsub_log/355.err> for stderr output of this job.

Sender: LSF System <lsfadmin@ccb229>
Subject: Job 56133720: <bash -c "basf2 etapip_gg_fit_v6_toymc_100.py 355 > /home/belle2/jaeyoung/storage_ghi/Ntuples_ghi_2/MC15ri_generic/MC15ri_etaetapip_tight_v2_240419_Kp_BCS_etapi0const/bsub_log//MC15ri_etapip_gg_fitv6_toyMC_100_355.log"> in cluster <centralcluster> Done

Job <bash -c "basf2 etapip_gg_fit_v6_toymc_100.py 355 > /home/belle2/jaeyoung/storage_ghi/Ntuples_ghi_2/MC15ri_generic/MC15ri_etaetapip_tight_v2_240419_Kp_BCS_etapi0const/bsub_log//MC15ri_etapip_gg_fitv6_toyMC_100_355.log"> was submitted from host <ccw03> by user <jaeyoung> in cluster <centralcluster> at Sat Jul 27 01:13:45 2024
Job was executed on host(s) <ccb229>, in queue <s>, as user <jaeyoung> in cluster <centralcluster> at Sat Jul 27 03:05:26 2024
</home/belle2/jaeyoung> was used as the home directory.
</gpfs/home/belle2/jaeyoung/workspace/DRAW_and_FITTING/main/FITTING/etapip/MC15ri_generic/tight_v2_fit_v6/ToyMC> was used as the working directory.
Started at Sat Jul 27 03:05:26 2024
Terminated at Sat Jul 27 03:44:20 2024
Results reported at Sat Jul 27 03:44:20 2024

Your job looked like:

------------------------------------------------------------
# LSBATCH: User input
bash -c "basf2 etapip_gg_fit_v6_toymc_100.py 355 > /home/belle2/jaeyoung/storage_ghi/Ntuples_ghi_2/MC15ri_generic/MC15ri_etaetapip_tight_v2_240419_Kp_BCS_etapi0const/bsub_log//MC15ri_etapip_gg_fitv6_toyMC_100_355.log"
------------------------------------------------------------

Successfully completed.

Resource usage summary:

    CPU time :                                   2301.53 sec.
    Max Memory :                                 929 MB
    Average Memory :                             661.99 MB
    Total Requested Memory :                     4000.00 MB
    Delta Memory :                               3071.00 MB
    Max Swap :                                   -
    Max Processes :                              19
    Max Threads :                                20
    Run time :                                   2334 sec.
    Turnaround time :                            9035 sec.

The output (if any) follows:



PS:

Read file <./bsub_log/355.err> for stderr output of this job.

