Sender: LSF System <lsfadmin@ccb512>
Subject: Job 52359598: <bash -c "basf2 etapip_gg_fit_v6_toymc_100.py 357 > /home/belle2/jaeyoung/storage_ghi/Ntuples_ghi_2/MC15ri_generic/MC15ri_etaetapip_tight_v2_240419_Kp_BCS_etapi0const/bsub_log//MC15ri_etapip_gg_fitv6_toyMC_100_357.log"> in cluster <centralcluster> Done

Job <bash -c "basf2 etapip_gg_fit_v6_toymc_100.py 357 > /home/belle2/jaeyoung/storage_ghi/Ntuples_ghi_2/MC15ri_generic/MC15ri_etaetapip_tight_v2_240419_Kp_BCS_etapi0const/bsub_log//MC15ri_etapip_gg_fitv6_toyMC_100_357.log"> was submitted from host <ccw02> by user <jaeyoung> in cluster <centralcluster> at Sat Jul 20 14:40:06 2024
Job was executed on host(s) <ccb512>, in queue <s>, as user <jaeyoung> in cluster <centralcluster> at Sat Jul 20 14:43:42 2024
</home/belle2/jaeyoung> was used as the home directory.
</home/belle2/jaeyoung/workspace/DRAW_and_FITTING/main/FITTING/etapip/MC15ri_generic/tight_v2_fit_v6/ToyMC> was used as the working directory.
Started at Sat Jul 20 14:43:42 2024
Terminated at Sat Jul 20 15:33:37 2024
Results reported at Sat Jul 20 15:33:37 2024

Your job looked like:

------------------------------------------------------------
# LSBATCH: User input
bash -c "basf2 etapip_gg_fit_v6_toymc_100.py 357 > /home/belle2/jaeyoung/storage_ghi/Ntuples_ghi_2/MC15ri_generic/MC15ri_etaetapip_tight_v2_240419_Kp_BCS_etapi0const/bsub_log//MC15ri_etapip_gg_fitv6_toyMC_100_357.log"
------------------------------------------------------------

Successfully completed.

Resource usage summary:

    CPU time :                                   2888.68 sec.
    Max Memory :                                 1313 MB
    Average Memory :                             941.14 MB
    Total Requested Memory :                     4000.00 MB
    Delta Memory :                               2687.00 MB
    Max Swap :                                   -
    Max Processes :                              19
    Max Threads :                                20
    Run time :                                   2994 sec.
    Turnaround time :                            3211 sec.

The output (if any) follows:



PS:

Read file <./bsub_log/357.err> for stderr output of this job.

Sender: LSF System <lsfadmin@ccb523>
Subject: Job 53030390: <bash -c "basf2 etapip_gg_fit_v6_toymc_100.py 357 > /home/belle2/jaeyoung/storage_ghi/Ntuples_ghi_2/MC15ri_generic/MC15ri_etaetapip_tight_v2_240419_Kp_BCS_etapi0const/bsub_log//MC15ri_etapip_gg_fitv6_toyMC_100_357.log"> in cluster <centralcluster> Done

Job <bash -c "basf2 etapip_gg_fit_v6_toymc_100.py 357 > /home/belle2/jaeyoung/storage_ghi/Ntuples_ghi_2/MC15ri_generic/MC15ri_etaetapip_tight_v2_240419_Kp_BCS_etapi0const/bsub_log//MC15ri_etapip_gg_fitv6_toyMC_100_357.log"> was submitted from host <ccw03> by user <jaeyoung> in cluster <centralcluster> at Sun Jul 21 17:31:29 2024
Job was executed on host(s) <ccb523>, in queue <s>, as user <jaeyoung> in cluster <centralcluster> at Sun Jul 21 17:32:03 2024
</home/belle2/jaeyoung> was used as the home directory.
</home/belle2/jaeyoung/workspace/DRAW_and_FITTING/main/FITTING/etapip/MC15ri_generic/tight_v2_fit_v6/ToyMC> was used as the working directory.
Started at Sun Jul 21 17:32:03 2024
Terminated at Sun Jul 21 18:19:07 2024
Results reported at Sun Jul 21 18:19:07 2024

Your job looked like:

------------------------------------------------------------
# LSBATCH: User input
bash -c "basf2 etapip_gg_fit_v6_toymc_100.py 357 > /home/belle2/jaeyoung/storage_ghi/Ntuples_ghi_2/MC15ri_generic/MC15ri_etaetapip_tight_v2_240419_Kp_BCS_etapi0const/bsub_log//MC15ri_etapip_gg_fitv6_toyMC_100_357.log"
------------------------------------------------------------

Successfully completed.

Resource usage summary:

    CPU time :                                   2814.72 sec.
    Max Memory :                                 1311 MB
    Average Memory :                             938.34 MB
    Total Requested Memory :                     4000.00 MB
    Delta Memory :                               2689.00 MB
    Max Swap :                                   -
    Max Processes :                              19
    Max Threads :                                20
    Run time :                                   2825 sec.
    Turnaround time :                            2858 sec.

The output (if any) follows:



PS:

Read file <./bsub_log/357.err> for stderr output of this job.

Sender: LSF System <lsfadmin@ccb120>
Subject: Job 53202891: <bash -c "basf2 etapip_gg_fit_v6_toymc_100.py 357 > /home/belle2/jaeyoung/storage_ghi/Ntuples_ghi_2/MC15ri_generic/MC15ri_etaetapip_tight_v2_240419_Kp_BCS_etapi0const/bsub_log//MC15ri_etapip_gg_fitv6_toyMC_100_357.log"> in cluster <centralcluster> Exited

Job <bash -c "basf2 etapip_gg_fit_v6_toymc_100.py 357 > /home/belle2/jaeyoung/storage_ghi/Ntuples_ghi_2/MC15ri_generic/MC15ri_etaetapip_tight_v2_240419_Kp_BCS_etapi0const/bsub_log//MC15ri_etapip_gg_fitv6_toyMC_100_357.log"> was submitted from host <ccw03> by user <jaeyoung> in cluster <centralcluster> at Mon Jul 22 00:50:34 2024
Job was executed on host(s) <ccb120>, in queue <s>, as user <jaeyoung> in cluster <centralcluster> at Mon Jul 22 00:51:54 2024
</home/belle2/jaeyoung> was used as the home directory.
</home/belle2/jaeyoung/workspace/DRAW_and_FITTING/main/FITTING/etapip/MC15ri_generic/tight_v2_fit_v6/ToyMC> was used as the working directory.
Started at Mon Jul 22 00:51:54 2024
Terminated at Mon Jul 22 01:08:48 2024
Results reported at Mon Jul 22 01:08:48 2024

Your job looked like:

------------------------------------------------------------
# LSBATCH: User input
bash -c "basf2 etapip_gg_fit_v6_toymc_100.py 357 > /home/belle2/jaeyoung/storage_ghi/Ntuples_ghi_2/MC15ri_generic/MC15ri_etaetapip_tight_v2_240419_Kp_BCS_etapi0const/bsub_log//MC15ri_etapip_gg_fitv6_toyMC_100_357.log"
------------------------------------------------------------

Exited with exit code 1.

Resource usage summary:

    CPU time :                                   1008.99 sec.
    Max Memory :                                 1258 MB
    Average Memory :                             1170.86 MB
    Total Requested Memory :                     4000.00 MB
    Delta Memory :                               2742.00 MB
    Max Swap :                                   -
    Max Processes :                              19
    Max Threads :                                20
    Run time :                                   1014 sec.
    Turnaround time :                            1094 sec.

The output (if any) follows:



PS:

Read file <./bsub_log/357.err> for stderr output of this job.

Sender: LSF System <lsfadmin@ccb157>
Subject: Job 53407176: <bash -c "basf2 etapip_gg_fit_v6_toymc_100.py 357 > /home/belle2/jaeyoung/storage_ghi/Ntuples_ghi_2/MC15ri_generic/MC15ri_etaetapip_tight_v2_240419_Kp_BCS_etapi0const/bsub_log//MC15ri_etapip_gg_fitv6_toyMC_100_357.log"> in cluster <centralcluster> Done

Job <bash -c "basf2 etapip_gg_fit_v6_toymc_100.py 357 > /home/belle2/jaeyoung/storage_ghi/Ntuples_ghi_2/MC15ri_generic/MC15ri_etaetapip_tight_v2_240419_Kp_BCS_etapi0const/bsub_log//MC15ri_etapip_gg_fitv6_toyMC_100_357.log"> was submitted from host <ccw06> by user <jaeyoung> in cluster <centralcluster> at Mon Jul 22 10:49:17 2024
Job was executed on host(s) <ccb157>, in queue <s>, as user <jaeyoung> in cluster <centralcluster> at Mon Jul 22 10:49:52 2024
</home/belle2/jaeyoung> was used as the home directory.
</home/belle2/jaeyoung/workspace/DRAW_and_FITTING/main/FITTING/etapip/MC15ri_generic/tight_v2_fit_v6/ToyMC> was used as the working directory.
Started at Mon Jul 22 10:49:52 2024
Terminated at Mon Jul 22 11:37:07 2024
Results reported at Mon Jul 22 11:37:07 2024

Your job looked like:

------------------------------------------------------------
# LSBATCH: User input
bash -c "basf2 etapip_gg_fit_v6_toymc_100.py 357 > /home/belle2/jaeyoung/storage_ghi/Ntuples_ghi_2/MC15ri_generic/MC15ri_etaetapip_tight_v2_240419_Kp_BCS_etapi0const/bsub_log//MC15ri_etapip_gg_fitv6_toyMC_100_357.log"
------------------------------------------------------------

Successfully completed.

Resource usage summary:

    CPU time :                                   2818.50 sec.
    Max Memory :                                 1311 MB
    Average Memory :                             944.45 MB
    Total Requested Memory :                     4000.00 MB
    Delta Memory :                               2689.00 MB
    Max Swap :                                   -
    Max Processes :                              19
    Max Threads :                                20
    Run time :                                   2834 sec.
    Turnaround time :                            2870 sec.

The output (if any) follows:



PS:

Read file <./bsub_log/357.err> for stderr output of this job.

Sender: LSF System <lsfadmin@ccb549>
Subject: Job 53599416: <bash -c "basf2 etapip_gg_fit_v6_toymc_100.py 357 > /home/belle2/jaeyoung/storage_ghi/Ntuples_ghi_2/MC15ri_generic/MC15ri_etaetapip_tight_v2_240419_Kp_BCS_etapi0const/bsub_log//MC15ri_etapip_gg_fitv6_toyMC_100_357.log"> in cluster <centralcluster> Done

Job <bash -c "basf2 etapip_gg_fit_v6_toymc_100.py 357 > /home/belle2/jaeyoung/storage_ghi/Ntuples_ghi_2/MC15ri_generic/MC15ri_etaetapip_tight_v2_240419_Kp_BCS_etapi0const/bsub_log//MC15ri_etapip_gg_fitv6_toyMC_100_357.log"> was submitted from host <ccw03> by user <jaeyoung> in cluster <centralcluster> at Mon Jul 22 18:35:29 2024
Job was executed on host(s) <ccb549>, in queue <s>, as user <jaeyoung> in cluster <centralcluster> at Mon Jul 22 18:37:08 2024
</home/belle2/jaeyoung> was used as the home directory.
</home/belle2/jaeyoung/workspace/DRAW_and_FITTING/main/FITTING/etapip/MC15ri_generic/tight_v2_fit_v6/ToyMC> was used as the working directory.
Started at Mon Jul 22 18:37:08 2024
Terminated at Mon Jul 22 19:25:24 2024
Results reported at Mon Jul 22 19:25:24 2024

Your job looked like:

------------------------------------------------------------
# LSBATCH: User input
bash -c "basf2 etapip_gg_fit_v6_toymc_100.py 357 > /home/belle2/jaeyoung/storage_ghi/Ntuples_ghi_2/MC15ri_generic/MC15ri_etaetapip_tight_v2_240419_Kp_BCS_etapi0const/bsub_log//MC15ri_etapip_gg_fitv6_toyMC_100_357.log"
------------------------------------------------------------

Successfully completed.

Resource usage summary:

    CPU time :                                   2863.13 sec.
    Max Memory :                                 1311 MB
    Average Memory :                             954.19 MB
    Total Requested Memory :                     4000.00 MB
    Delta Memory :                               2689.00 MB
    Max Swap :                                   -
    Max Processes :                              19
    Max Threads :                                20
    Run time :                                   2896 sec.
    Turnaround time :                            2995 sec.

The output (if any) follows:



PS:

Read file <./bsub_log/357.err> for stderr output of this job.

Sender: LSF System <lsfadmin@ccb571>
Subject: Job 53832662: <bash -c "basf2 etapip_gg_fit_v6_toymc_100.py 357 > /home/belle2/jaeyoung/storage_ghi/Ntuples_ghi_2/MC15ri_generic/MC15ri_etaetapip_tight_v2_240419_Kp_BCS_etapi0const/bsub_log//MC15ri_etapip_gg_fitv6_toyMC_100_357.log"> in cluster <centralcluster> Done

Job <bash -c "basf2 etapip_gg_fit_v6_toymc_100.py 357 > /home/belle2/jaeyoung/storage_ghi/Ntuples_ghi_2/MC15ri_generic/MC15ri_etaetapip_tight_v2_240419_Kp_BCS_etapi0const/bsub_log//MC15ri_etapip_gg_fitv6_toyMC_100_357.log"> was submitted from host <ccw05> by user <jaeyoung> in cluster <centralcluster> at Tue Jul 23 00:50:24 2024
Job was executed on host(s) <ccb571>, in queue <s>, as user <jaeyoung> in cluster <centralcluster> at Tue Jul 23 00:50:43 2024
</home/belle2/jaeyoung> was used as the home directory.
</home/belle2/jaeyoung/workspace/DRAW_and_FITTING/main/FITTING/etapip/MC15ri_generic/tight_v2_fit_v6/ToyMC> was used as the working directory.
Started at Tue Jul 23 00:50:43 2024
Terminated at Tue Jul 23 01:36:44 2024
Results reported at Tue Jul 23 01:36:44 2024

Your job looked like:

------------------------------------------------------------
# LSBATCH: User input
bash -c "basf2 etapip_gg_fit_v6_toymc_100.py 357 > /home/belle2/jaeyoung/storage_ghi/Ntuples_ghi_2/MC15ri_generic/MC15ri_etaetapip_tight_v2_240419_Kp_BCS_etapi0const/bsub_log//MC15ri_etapip_gg_fitv6_toyMC_100_357.log"
------------------------------------------------------------

Successfully completed.

Resource usage summary:

    CPU time :                                   2749.41 sec.
    Max Memory :                                 1311 MB
    Average Memory :                             949.02 MB
    Total Requested Memory :                     4000.00 MB
    Delta Memory :                               2689.00 MB
    Max Swap :                                   -
    Max Processes :                              19
    Max Threads :                                20
    Run time :                                   2762 sec.
    Turnaround time :                            2780 sec.

The output (if any) follows:



PS:

Read file <./bsub_log/357.err> for stderr output of this job.

Sender: LSF System <lsfadmin@ccb506>
Subject: Job 54398232: <bash -c "basf2 etapip_gg_fit_v6_toymc_100.py 357 > /home/belle2/jaeyoung/storage_ghi/Ntuples_ghi_2/MC15ri_generic/MC15ri_etaetapip_tight_v2_240419_Kp_BCS_etapi0const/bsub_log//MC15ri_etapip_gg_fitv6_toyMC_100_357.log"> in cluster <centralcluster> Done

Job <bash -c "basf2 etapip_gg_fit_v6_toymc_100.py 357 > /home/belle2/jaeyoung/storage_ghi/Ntuples_ghi_2/MC15ri_generic/MC15ri_etaetapip_tight_v2_240419_Kp_BCS_etapi0const/bsub_log//MC15ri_etapip_gg_fitv6_toyMC_100_357.log"> was submitted from host <ccw04> by user <jaeyoung> in cluster <centralcluster> at Tue Jul 23 17:59:40 2024
Job was executed on host(s) <ccb506>, in queue <s>, as user <jaeyoung> in cluster <centralcluster> at Tue Jul 23 18:39:03 2024
</home/belle2/jaeyoung> was used as the home directory.
</home/belle2/jaeyoung/workspace/DRAW_and_FITTING/main/FITTING/etapip/MC15ri_generic/tight_v2_fit_v6/ToyMC> was used as the working directory.
Started at Tue Jul 23 18:39:03 2024
Terminated at Tue Jul 23 19:28:00 2024
Results reported at Tue Jul 23 19:28:00 2024

Your job looked like:

------------------------------------------------------------
# LSBATCH: User input
bash -c "basf2 etapip_gg_fit_v6_toymc_100.py 357 > /home/belle2/jaeyoung/storage_ghi/Ntuples_ghi_2/MC15ri_generic/MC15ri_etaetapip_tight_v2_240419_Kp_BCS_etapi0const/bsub_log//MC15ri_etapip_gg_fitv6_toyMC_100_357.log"
------------------------------------------------------------

Successfully completed.

Resource usage summary:

    CPU time :                                   2878.56 sec.
    Max Memory :                                 1313 MB
    Average Memory :                             950.30 MB
    Total Requested Memory :                     4000.00 MB
    Delta Memory :                               2687.00 MB
    Max Swap :                                   -
    Max Processes :                              19
    Max Threads :                                20
    Run time :                                   2938 sec.
    Turnaround time :                            5300 sec.

The output (if any) follows:



PS:

Read file <./bsub_log/357.err> for stderr output of this job.

Sender: LSF System <lsfadmin@ccb138>
Subject: Job 54470858: <bash -c "basf2 etapip_gg_fit_v6_toymc_100.py 357 > /home/belle2/jaeyoung/storage_ghi/Ntuples_ghi_2/MC15ri_generic/MC15ri_etaetapip_tight_v2_240419_Kp_BCS_etapi0const/bsub_log//MC15ri_etapip_gg_fitv6_toyMC_100_357.log"> in cluster <centralcluster> Done

Job <bash -c "basf2 etapip_gg_fit_v6_toymc_100.py 357 > /home/belle2/jaeyoung/storage_ghi/Ntuples_ghi_2/MC15ri_generic/MC15ri_etaetapip_tight_v2_240419_Kp_BCS_etapi0const/bsub_log//MC15ri_etapip_gg_fitv6_toyMC_100_357.log"> was submitted from host <ccw03> by user <jaeyoung> in cluster <centralcluster> at Tue Jul 23 19:38:33 2024
Job was executed on host(s) <ccb138>, in queue <s>, as user <jaeyoung> in cluster <centralcluster> at Tue Jul 23 19:38:36 2024
</home/belle2/jaeyoung> was used as the home directory.
</home/belle2/jaeyoung/workspace/DRAW_and_FITTING/main/FITTING/etapip/MC15ri_generic/tight_v2_fit_v6/ToyMC> was used as the working directory.
Started at Tue Jul 23 19:38:36 2024
Terminated at Tue Jul 23 20:24:36 2024
Results reported at Tue Jul 23 20:24:36 2024

Your job looked like:

------------------------------------------------------------
# LSBATCH: User input
bash -c "basf2 etapip_gg_fit_v6_toymc_100.py 357 > /home/belle2/jaeyoung/storage_ghi/Ntuples_ghi_2/MC15ri_generic/MC15ri_etaetapip_tight_v2_240419_Kp_BCS_etapi0const/bsub_log//MC15ri_etapip_gg_fitv6_toyMC_100_357.log"
------------------------------------------------------------

Successfully completed.

Resource usage summary:

    CPU time :                                   2731.97 sec.
    Max Memory :                                 1311 MB
    Average Memory :                             938.42 MB
    Total Requested Memory :                     4000.00 MB
    Delta Memory :                               2689.00 MB
    Max Swap :                                   -
    Max Processes :                              19
    Max Threads :                                20
    Run time :                                   2761 sec.
    Turnaround time :                            2763 sec.

The output (if any) follows:



PS:

Read file <./bsub_log/357.err> for stderr output of this job.

Sender: LSF System <lsfadmin@ccb203>
Subject: Job 55516032: <bash -c "basf2 etapip_gg_fit_v6_toymc_100.py 357 > /home/belle2/jaeyoung/storage_ghi/Ntuples_ghi_2/MC15ri_generic/MC15ri_etaetapip_tight_v2_240419_Kp_BCS_etapi0const/bsub_log//MC15ri_etapip_gg_fitv6_toyMC_100_357.log"> in cluster <centralcluster> Done

Job <bash -c "basf2 etapip_gg_fit_v6_toymc_100.py 357 > /home/belle2/jaeyoung/storage_ghi/Ntuples_ghi_2/MC15ri_generic/MC15ri_etaetapip_tight_v2_240419_Kp_BCS_etapi0const/bsub_log//MC15ri_etapip_gg_fitv6_toyMC_100_357.log"> was submitted from host <ccw01> by user <jaeyoung> in cluster <centralcluster> at Thu Jul 25 20:51:29 2024
Job was executed on host(s) <ccb203>, in queue <s>, as user <jaeyoung> in cluster <centralcluster> at Thu Jul 25 20:51:32 2024
</home/belle2/jaeyoung> was used as the home directory.
</gpfs/home/belle2/jaeyoung/workspace/DRAW_and_FITTING/main/FITTING/etapip/MC15ri_generic/tight_v2_fit_v6/ToyMC> was used as the working directory.
Started at Thu Jul 25 20:51:32 2024
Terminated at Thu Jul 25 21:37:43 2024
Results reported at Thu Jul 25 21:37:43 2024

Your job looked like:

------------------------------------------------------------
# LSBATCH: User input
bash -c "basf2 etapip_gg_fit_v6_toymc_100.py 357 > /home/belle2/jaeyoung/storage_ghi/Ntuples_ghi_2/MC15ri_generic/MC15ri_etaetapip_tight_v2_240419_Kp_BCS_etapi0const/bsub_log//MC15ri_etapip_gg_fitv6_toyMC_100_357.log"
------------------------------------------------------------

Successfully completed.

Resource usage summary:

    CPU time :                                   2720.90 sec.
    Max Memory :                                 1313 MB
    Average Memory :                             959.89 MB
    Total Requested Memory :                     4000.00 MB
    Delta Memory :                               2687.00 MB
    Max Swap :                                   -
    Max Processes :                              19
    Max Threads :                                20
    Run time :                                   2772 sec.
    Turnaround time :                            2774 sec.

The output (if any) follows:



PS:

Read file <./bsub_log/357.err> for stderr output of this job.

Sender: LSF System <lsfadmin@ccb138>
Subject: Job 56103594: <bash -c "basf2 etapip_gg_fit_v6_toymc_100.py 357 > /home/belle2/jaeyoung/storage_ghi/Ntuples_ghi_2/MC15ri_generic/MC15ri_etaetapip_tight_v2_240419_Kp_BCS_etapi0const/bsub_log//MC15ri_etapip_gg_fitv6_toyMC_100_357.log"> in cluster <centralcluster> Done

Job <bash -c "basf2 etapip_gg_fit_v6_toymc_100.py 357 > /home/belle2/jaeyoung/storage_ghi/Ntuples_ghi_2/MC15ri_generic/MC15ri_etaetapip_tight_v2_240419_Kp_BCS_etapi0const/bsub_log//MC15ri_etapip_gg_fitv6_toyMC_100_357.log"> was submitted from host <ccw06> by user <jaeyoung> in cluster <centralcluster> at Fri Jul 26 23:44:18 2024
Job was executed on host(s) <ccb138>, in queue <s>, as user <jaeyoung> in cluster <centralcluster> at Sat Jul 27 00:21:34 2024
</home/belle2/jaeyoung> was used as the home directory.
</home/belle2/jaeyoung/workspace/DRAW_and_FITTING/main/FITTING/etapip/MC15ri_generic/tight_v2_fit_v6/ToyMC> was used as the working directory.
Started at Sat Jul 27 00:21:34 2024
Terminated at Sat Jul 27 00:56:42 2024
Results reported at Sat Jul 27 00:56:42 2024

Your job looked like:

------------------------------------------------------------
# LSBATCH: User input
bash -c "basf2 etapip_gg_fit_v6_toymc_100.py 357 > /home/belle2/jaeyoung/storage_ghi/Ntuples_ghi_2/MC15ri_generic/MC15ri_etaetapip_tight_v2_240419_Kp_BCS_etapi0const/bsub_log//MC15ri_etapip_gg_fitv6_toyMC_100_357.log"
------------------------------------------------------------

Successfully completed.

Resource usage summary:

    CPU time :                                   1966.57 sec.
    Max Memory :                                 893 MB
    Average Memory :                             643.64 MB
    Total Requested Memory :                     4000.00 MB
    Delta Memory :                               3107.00 MB
    Max Swap :                                   -
    Max Processes :                              19
    Max Threads :                                20
    Run time :                                   2108 sec.
    Turnaround time :                            4344 sec.

The output (if any) follows:



PS:

Read file <./bsub_log/357.err> for stderr output of this job.

Sender: LSF System <lsfadmin@ccb158>
Subject: Job 56133722: <bash -c "basf2 etapip_gg_fit_v6_toymc_100.py 357 > /home/belle2/jaeyoung/storage_ghi/Ntuples_ghi_2/MC15ri_generic/MC15ri_etaetapip_tight_v2_240419_Kp_BCS_etapi0const/bsub_log//MC15ri_etapip_gg_fitv6_toyMC_100_357.log"> in cluster <centralcluster> Done

Job <bash -c "basf2 etapip_gg_fit_v6_toymc_100.py 357 > /home/belle2/jaeyoung/storage_ghi/Ntuples_ghi_2/MC15ri_generic/MC15ri_etaetapip_tight_v2_240419_Kp_BCS_etapi0const/bsub_log//MC15ri_etapip_gg_fitv6_toyMC_100_357.log"> was submitted from host <ccw03> by user <jaeyoung> in cluster <centralcluster> at Sat Jul 27 01:13:46 2024
Job was executed on host(s) <ccb158>, in queue <s>, as user <jaeyoung> in cluster <centralcluster> at Sat Jul 27 03:05:28 2024
</home/belle2/jaeyoung> was used as the home directory.
</gpfs/home/belle2/jaeyoung/workspace/DRAW_and_FITTING/main/FITTING/etapip/MC15ri_generic/tight_v2_fit_v6/ToyMC> was used as the working directory.
Started at Sat Jul 27 03:05:28 2024
Terminated at Sat Jul 27 03:44:03 2024
Results reported at Sat Jul 27 03:44:03 2024

Your job looked like:

------------------------------------------------------------
# LSBATCH: User input
bash -c "basf2 etapip_gg_fit_v6_toymc_100.py 357 > /home/belle2/jaeyoung/storage_ghi/Ntuples_ghi_2/MC15ri_generic/MC15ri_etaetapip_tight_v2_240419_Kp_BCS_etapi0const/bsub_log//MC15ri_etapip_gg_fitv6_toyMC_100_357.log"
------------------------------------------------------------

Successfully completed.

Resource usage summary:

    CPU time :                                   2284.40 sec.
    Max Memory :                                 901 MB
    Average Memory :                             656.44 MB
    Total Requested Memory :                     4000.00 MB
    Delta Memory :                               3099.00 MB
    Max Swap :                                   -
    Max Processes :                              19
    Max Threads :                                20
    Run time :                                   2314 sec.
    Turnaround time :                            9017 sec.

The output (if any) follows:



PS:

Read file <./bsub_log/357.err> for stderr output of this job.

