Sender: LSF System <lsfadmin@ccb286>
Subject: Job 52359603: <bash -c "basf2 etapip_gg_fit_v6_toymc_100.py 362 > /home/belle2/jaeyoung/storage_ghi/Ntuples_ghi_2/MC15ri_generic/MC15ri_etaetapip_tight_v2_240419_Kp_BCS_etapi0const/bsub_log//MC15ri_etapip_gg_fitv6_toyMC_100_362.log"> in cluster <centralcluster> Done

Job <bash -c "basf2 etapip_gg_fit_v6_toymc_100.py 362 > /home/belle2/jaeyoung/storage_ghi/Ntuples_ghi_2/MC15ri_generic/MC15ri_etaetapip_tight_v2_240419_Kp_BCS_etapi0const/bsub_log//MC15ri_etapip_gg_fitv6_toyMC_100_362.log"> was submitted from host <ccw02> by user <jaeyoung> in cluster <centralcluster> at Sat Jul 20 14:40:08 2024
Job was executed on host(s) <ccb286>, in queue <s>, as user <jaeyoung> in cluster <centralcluster> at Sat Jul 20 14:43:43 2024
</home/belle2/jaeyoung> was used as the home directory.
</home/belle2/jaeyoung/workspace/DRAW_and_FITTING/main/FITTING/etapip/MC15ri_generic/tight_v2_fit_v6/ToyMC> was used as the working directory.
Started at Sat Jul 20 14:43:43 2024
Terminated at Sat Jul 20 15:32:05 2024
Results reported at Sat Jul 20 15:32:05 2024

Your job looked like:

------------------------------------------------------------
# LSBATCH: User input
bash -c "basf2 etapip_gg_fit_v6_toymc_100.py 362 > /home/belle2/jaeyoung/storage_ghi/Ntuples_ghi_2/MC15ri_generic/MC15ri_etaetapip_tight_v2_240419_Kp_BCS_etapi0const/bsub_log//MC15ri_etapip_gg_fitv6_toyMC_100_362.log"
------------------------------------------------------------

Successfully completed.

Resource usage summary:

    CPU time :                                   2882.23 sec.
    Max Memory :                                 1311 MB
    Average Memory :                             939.76 MB
    Total Requested Memory :                     4000.00 MB
    Delta Memory :                               2689.00 MB
    Max Swap :                                   -
    Max Processes :                              19
    Max Threads :                                20
    Run time :                                   2903 sec.
    Turnaround time :                            3117 sec.

The output (if any) follows:



PS:

Read file <./bsub_log/362.err> for stderr output of this job.

Sender: LSF System <lsfadmin@ccb518>
Subject: Job 53030408: <bash -c "basf2 etapip_gg_fit_v6_toymc_100.py 362 > /home/belle2/jaeyoung/storage_ghi/Ntuples_ghi_2/MC15ri_generic/MC15ri_etaetapip_tight_v2_240419_Kp_BCS_etapi0const/bsub_log//MC15ri_etapip_gg_fitv6_toyMC_100_362.log"> in cluster <centralcluster> Done

Job <bash -c "basf2 etapip_gg_fit_v6_toymc_100.py 362 > /home/belle2/jaeyoung/storage_ghi/Ntuples_ghi_2/MC15ri_generic/MC15ri_etaetapip_tight_v2_240419_Kp_BCS_etapi0const/bsub_log//MC15ri_etapip_gg_fitv6_toyMC_100_362.log"> was submitted from host <ccw03> by user <jaeyoung> in cluster <centralcluster> at Sun Jul 21 17:31:31 2024
Job was executed on host(s) <ccb518>, in queue <s>, as user <jaeyoung> in cluster <centralcluster> at Sun Jul 21 17:32:07 2024
</home/belle2/jaeyoung> was used as the home directory.
</home/belle2/jaeyoung/workspace/DRAW_and_FITTING/main/FITTING/etapip/MC15ri_generic/tight_v2_fit_v6/ToyMC> was used as the working directory.
Started at Sun Jul 21 17:32:07 2024
Terminated at Sun Jul 21 18:24:22 2024
Results reported at Sun Jul 21 18:24:22 2024

Your job looked like:

------------------------------------------------------------
# LSBATCH: User input
bash -c "basf2 etapip_gg_fit_v6_toymc_100.py 362 > /home/belle2/jaeyoung/storage_ghi/Ntuples_ghi_2/MC15ri_generic/MC15ri_etaetapip_tight_v2_240419_Kp_BCS_etapi0const/bsub_log//MC15ri_etapip_gg_fitv6_toyMC_100_362.log"
------------------------------------------------------------

Successfully completed.

Resource usage summary:

    CPU time :                                   3078.44 sec.
    Max Memory :                                 1311 MB
    Average Memory :                             947.63 MB
    Total Requested Memory :                     4000.00 MB
    Delta Memory :                               2689.00 MB
    Max Swap :                                   -
    Max Processes :                              19
    Max Threads :                                20
    Run time :                                   3135 sec.
    Turnaround time :                            3171 sec.

The output (if any) follows:



PS:

Read file <./bsub_log/362.err> for stderr output of this job.

Sender: LSF System <lsfadmin@ccb107>
Subject: Job 53202907: <bash -c "basf2 etapip_gg_fit_v6_toymc_100.py 362 > /home/belle2/jaeyoung/storage_ghi/Ntuples_ghi_2/MC15ri_generic/MC15ri_etaetapip_tight_v2_240419_Kp_BCS_etapi0const/bsub_log//MC15ri_etapip_gg_fitv6_toyMC_100_362.log"> in cluster <centralcluster> Exited

Job <bash -c "basf2 etapip_gg_fit_v6_toymc_100.py 362 > /home/belle2/jaeyoung/storage_ghi/Ntuples_ghi_2/MC15ri_generic/MC15ri_etaetapip_tight_v2_240419_Kp_BCS_etapi0const/bsub_log//MC15ri_etapip_gg_fitv6_toyMC_100_362.log"> was submitted from host <ccw03> by user <jaeyoung> in cluster <centralcluster> at Mon Jul 22 00:50:36 2024
Job was executed on host(s) <ccb107>, in queue <s>, as user <jaeyoung> in cluster <centralcluster> at Mon Jul 22 00:51:59 2024
</home/belle2/jaeyoung> was used as the home directory.
</home/belle2/jaeyoung/workspace/DRAW_and_FITTING/main/FITTING/etapip/MC15ri_generic/tight_v2_fit_v6/ToyMC> was used as the working directory.
Started at Mon Jul 22 00:51:59 2024
Terminated at Mon Jul 22 01:08:38 2024
Results reported at Mon Jul 22 01:08:38 2024

Your job looked like:

------------------------------------------------------------
# LSBATCH: User input
bash -c "basf2 etapip_gg_fit_v6_toymc_100.py 362 > /home/belle2/jaeyoung/storage_ghi/Ntuples_ghi_2/MC15ri_generic/MC15ri_etaetapip_tight_v2_240419_Kp_BCS_etapi0const/bsub_log//MC15ri_etapip_gg_fitv6_toyMC_100_362.log"
------------------------------------------------------------

Exited with exit code 1.

Resource usage summary:

    CPU time :                                   990.93 sec.
    Max Memory :                                 1255 MB
    Average Memory :                             1190.06 MB
    Total Requested Memory :                     4000.00 MB
    Delta Memory :                               2745.00 MB
    Max Swap :                                   -
    Max Processes :                              19
    Max Threads :                                20
    Run time :                                   999 sec.
    Turnaround time :                            1082 sec.

The output (if any) follows:



PS:

Read file <./bsub_log/362.err> for stderr output of this job.

Sender: LSF System <lsfadmin@ccb239>
Subject: Job 53407187: <bash -c "basf2 etapip_gg_fit_v6_toymc_100.py 362 > /home/belle2/jaeyoung/storage_ghi/Ntuples_ghi_2/MC15ri_generic/MC15ri_etaetapip_tight_v2_240419_Kp_BCS_etapi0const/bsub_log//MC15ri_etapip_gg_fitv6_toyMC_100_362.log"> in cluster <centralcluster> Done

Job <bash -c "basf2 etapip_gg_fit_v6_toymc_100.py 362 > /home/belle2/jaeyoung/storage_ghi/Ntuples_ghi_2/MC15ri_generic/MC15ri_etaetapip_tight_v2_240419_Kp_BCS_etapi0const/bsub_log//MC15ri_etapip_gg_fitv6_toyMC_100_362.log"> was submitted from host <ccw06> by user <jaeyoung> in cluster <centralcluster> at Mon Jul 22 10:49:19 2024
Job was executed on host(s) <ccb239>, in queue <s>, as user <jaeyoung> in cluster <centralcluster> at Mon Jul 22 10:49:54 2024
</home/belle2/jaeyoung> was used as the home directory.
</home/belle2/jaeyoung/workspace/DRAW_and_FITTING/main/FITTING/etapip/MC15ri_generic/tight_v2_fit_v6/ToyMC> was used as the working directory.
Started at Mon Jul 22 10:49:54 2024
Terminated at Mon Jul 22 11:36:18 2024
Results reported at Mon Jul 22 11:36:18 2024

Your job looked like:

------------------------------------------------------------
# LSBATCH: User input
bash -c "basf2 etapip_gg_fit_v6_toymc_100.py 362 > /home/belle2/jaeyoung/storage_ghi/Ntuples_ghi_2/MC15ri_generic/MC15ri_etaetapip_tight_v2_240419_Kp_BCS_etapi0const/bsub_log//MC15ri_etapip_gg_fitv6_toyMC_100_362.log"
------------------------------------------------------------

Successfully completed.

Resource usage summary:

    CPU time :                                   2752.11 sec.
    Max Memory :                                 1311 MB
    Average Memory :                             941.83 MB
    Total Requested Memory :                     4000.00 MB
    Delta Memory :                               2689.00 MB
    Max Swap :                                   -
    Max Processes :                              19
    Max Threads :                                20
    Run time :                                   2785 sec.
    Turnaround time :                            2819 sec.

The output (if any) follows:



PS:

Read file <./bsub_log/362.err> for stderr output of this job.

Sender: LSF System <lsfadmin@ccb176>
Subject: Job 53599434: <bash -c "basf2 etapip_gg_fit_v6_toymc_100.py 362 > /home/belle2/jaeyoung/storage_ghi/Ntuples_ghi_2/MC15ri_generic/MC15ri_etaetapip_tight_v2_240419_Kp_BCS_etapi0const/bsub_log//MC15ri_etapip_gg_fitv6_toyMC_100_362.log"> in cluster <centralcluster> Done

Job <bash -c "basf2 etapip_gg_fit_v6_toymc_100.py 362 > /home/belle2/jaeyoung/storage_ghi/Ntuples_ghi_2/MC15ri_generic/MC15ri_etaetapip_tight_v2_240419_Kp_BCS_etapi0const/bsub_log//MC15ri_etapip_gg_fitv6_toyMC_100_362.log"> was submitted from host <ccw03> by user <jaeyoung> in cluster <centralcluster> at Mon Jul 22 18:35:31 2024
Job was executed on host(s) <ccb176>, in queue <s>, as user <jaeyoung> in cluster <centralcluster> at Mon Jul 22 18:37:11 2024
</home/belle2/jaeyoung> was used as the home directory.
</home/belle2/jaeyoung/workspace/DRAW_and_FITTING/main/FITTING/etapip/MC15ri_generic/tight_v2_fit_v6/ToyMC> was used as the working directory.
Started at Mon Jul 22 18:37:11 2024
Terminated at Mon Jul 22 19:24:34 2024
Results reported at Mon Jul 22 19:24:34 2024

Your job looked like:

------------------------------------------------------------
# LSBATCH: User input
bash -c "basf2 etapip_gg_fit_v6_toymc_100.py 362 > /home/belle2/jaeyoung/storage_ghi/Ntuples_ghi_2/MC15ri_generic/MC15ri_etaetapip_tight_v2_240419_Kp_BCS_etapi0const/bsub_log//MC15ri_etapip_gg_fitv6_toyMC_100_362.log"
------------------------------------------------------------

Successfully completed.

Resource usage summary:

    CPU time :                                   2808.05 sec.
    Max Memory :                                 1311 MB
    Average Memory :                             945.49 MB
    Total Requested Memory :                     4000.00 MB
    Delta Memory :                               2689.00 MB
    Max Swap :                                   -
    Max Processes :                              19
    Max Threads :                                20
    Run time :                                   2844 sec.
    Turnaround time :                            2943 sec.

The output (if any) follows:



PS:

Read file <./bsub_log/362.err> for stderr output of this job.

Sender: LSF System <lsfadmin@ccb524>
Subject: Job 53832681: <bash -c "basf2 etapip_gg_fit_v6_toymc_100.py 362 > /home/belle2/jaeyoung/storage_ghi/Ntuples_ghi_2/MC15ri_generic/MC15ri_etaetapip_tight_v2_240419_Kp_BCS_etapi0const/bsub_log//MC15ri_etapip_gg_fitv6_toyMC_100_362.log"> in cluster <centralcluster> Done

Job <bash -c "basf2 etapip_gg_fit_v6_toymc_100.py 362 > /home/belle2/jaeyoung/storage_ghi/Ntuples_ghi_2/MC15ri_generic/MC15ri_etaetapip_tight_v2_240419_Kp_BCS_etapi0const/bsub_log//MC15ri_etapip_gg_fitv6_toyMC_100_362.log"> was submitted from host <ccw05> by user <jaeyoung> in cluster <centralcluster> at Tue Jul 23 00:50:26 2024
Job was executed on host(s) <ccb524>, in queue <s>, as user <jaeyoung> in cluster <centralcluster> at Tue Jul 23 00:50:45 2024
</home/belle2/jaeyoung> was used as the home directory.
</home/belle2/jaeyoung/workspace/DRAW_and_FITTING/main/FITTING/etapip/MC15ri_generic/tight_v2_fit_v6/ToyMC> was used as the working directory.
Started at Tue Jul 23 00:50:45 2024
Terminated at Tue Jul 23 01:37:08 2024
Results reported at Tue Jul 23 01:37:08 2024

Your job looked like:

------------------------------------------------------------
# LSBATCH: User input
bash -c "basf2 etapip_gg_fit_v6_toymc_100.py 362 > /home/belle2/jaeyoung/storage_ghi/Ntuples_ghi_2/MC15ri_generic/MC15ri_etaetapip_tight_v2_240419_Kp_BCS_etapi0const/bsub_log//MC15ri_etapip_gg_fitv6_toyMC_100_362.log"
------------------------------------------------------------

Successfully completed.

Resource usage summary:

    CPU time :                                   2760.66 sec.
    Max Memory :                                 1311 MB
    Average Memory :                             947.39 MB
    Total Requested Memory :                     4000.00 MB
    Delta Memory :                               2689.00 MB
    Max Swap :                                   -
    Max Processes :                              19
    Max Threads :                                20
    Run time :                                   2784 sec.
    Turnaround time :                            2802 sec.

The output (if any) follows:



PS:

Read file <./bsub_log/362.err> for stderr output of this job.

Sender: LSF System <lsfadmin@ccb529>
Subject: Job 54398256: <bash -c "basf2 etapip_gg_fit_v6_toymc_100.py 362 > /home/belle2/jaeyoung/storage_ghi/Ntuples_ghi_2/MC15ri_generic/MC15ri_etaetapip_tight_v2_240419_Kp_BCS_etapi0const/bsub_log//MC15ri_etapip_gg_fitv6_toyMC_100_362.log"> in cluster <centralcluster> Done

Job <bash -c "basf2 etapip_gg_fit_v6_toymc_100.py 362 > /home/belle2/jaeyoung/storage_ghi/Ntuples_ghi_2/MC15ri_generic/MC15ri_etaetapip_tight_v2_240419_Kp_BCS_etapi0const/bsub_log//MC15ri_etapip_gg_fitv6_toyMC_100_362.log"> was submitted from host <ccw04> by user <jaeyoung> in cluster <centralcluster> at Tue Jul 23 17:59:42 2024
Job was executed on host(s) <ccb529>, in queue <s>, as user <jaeyoung> in cluster <centralcluster> at Tue Jul 23 18:44:47 2024
</home/belle2/jaeyoung> was used as the home directory.
</home/belle2/jaeyoung/workspace/DRAW_and_FITTING/main/FITTING/etapip/MC15ri_generic/tight_v2_fit_v6/ToyMC> was used as the working directory.
Started at Tue Jul 23 18:44:47 2024
Terminated at Tue Jul 23 19:32:09 2024
Results reported at Tue Jul 23 19:32:09 2024

Your job looked like:

------------------------------------------------------------
# LSBATCH: User input
bash -c "basf2 etapip_gg_fit_v6_toymc_100.py 362 > /home/belle2/jaeyoung/storage_ghi/Ntuples_ghi_2/MC15ri_generic/MC15ri_etaetapip_tight_v2_240419_Kp_BCS_etapi0const/bsub_log//MC15ri_etapip_gg_fitv6_toyMC_100_362.log"
------------------------------------------------------------

Successfully completed.

Resource usage summary:

    CPU time :                                   2795.73 sec.
    Max Memory :                                 1314 MB
    Average Memory :                             955.40 MB
    Total Requested Memory :                     4000.00 MB
    Delta Memory :                               2686.00 MB
    Max Swap :                                   -
    Max Processes :                              19
    Max Threads :                                20
    Run time :                                   2843 sec.
    Turnaround time :                            5547 sec.

The output (if any) follows:



PS:

Read file <./bsub_log/362.err> for stderr output of this job.

