Sender: LSF System <lsfadmin@ccb228>
Subject: Job 52359608: <bash -c "basf2 etapip_gg_fit_v6_toymc_100.py 367 > /home/belle2/jaeyoung/storage_ghi/Ntuples_ghi_2/MC15ri_generic/MC15ri_etaetapip_tight_v2_240419_Kp_BCS_etapi0const/bsub_log//MC15ri_etapip_gg_fitv6_toyMC_100_367.log"> in cluster <centralcluster> Done

Job <bash -c "basf2 etapip_gg_fit_v6_toymc_100.py 367 > /home/belle2/jaeyoung/storage_ghi/Ntuples_ghi_2/MC15ri_generic/MC15ri_etaetapip_tight_v2_240419_Kp_BCS_etapi0const/bsub_log//MC15ri_etapip_gg_fitv6_toyMC_100_367.log"> was submitted from host <ccw02> by user <jaeyoung> in cluster <centralcluster> at Sat Jul 20 14:40:10 2024
Job was executed on host(s) <ccb228>, in queue <s>, as user <jaeyoung> in cluster <centralcluster> at Sat Jul 20 14:43:53 2024
</home/belle2/jaeyoung> was used as the home directory.
</home/belle2/jaeyoung/workspace/DRAW_and_FITTING/main/FITTING/etapip/MC15ri_generic/tight_v2_fit_v6/ToyMC> was used as the working directory.
Started at Sat Jul 20 14:43:53 2024
Terminated at Sat Jul 20 15:30:24 2024
Results reported at Sat Jul 20 15:30:24 2024

Your job looked like:

------------------------------------------------------------
# LSBATCH: User input
bash -c "basf2 etapip_gg_fit_v6_toymc_100.py 367 > /home/belle2/jaeyoung/storage_ghi/Ntuples_ghi_2/MC15ri_generic/MC15ri_etaetapip_tight_v2_240419_Kp_BCS_etapi0const/bsub_log//MC15ri_etapip_gg_fitv6_toyMC_100_367.log"
------------------------------------------------------------

Successfully completed.

Resource usage summary:

    CPU time :                                   2781.64 sec.
    Max Memory :                                 1311 MB
    Average Memory :                             938.66 MB
    Total Requested Memory :                     4000.00 MB
    Delta Memory :                               2689.00 MB
    Max Swap :                                   -
    Max Processes :                              19
    Max Threads :                                20
    Run time :                                   2790 sec.
    Turnaround time :                            3014 sec.

The output (if any) follows:



PS:

Read file <./bsub_log/367.err> for stderr output of this job.

Sender: LSF System <lsfadmin@ccb235>
Subject: Job 53030426: <bash -c "basf2 etapip_gg_fit_v6_toymc_100.py 367 > /home/belle2/jaeyoung/storage_ghi/Ntuples_ghi_2/MC15ri_generic/MC15ri_etaetapip_tight_v2_240419_Kp_BCS_etapi0const/bsub_log//MC15ri_etapip_gg_fitv6_toyMC_100_367.log"> in cluster <centralcluster> Done

Job <bash -c "basf2 etapip_gg_fit_v6_toymc_100.py 367 > /home/belle2/jaeyoung/storage_ghi/Ntuples_ghi_2/MC15ri_generic/MC15ri_etaetapip_tight_v2_240419_Kp_BCS_etapi0const/bsub_log//MC15ri_etapip_gg_fitv6_toyMC_100_367.log"> was submitted from host <ccw03> by user <jaeyoung> in cluster <centralcluster> at Sun Jul 21 17:31:32 2024
Job was executed on host(s) <ccb235>, in queue <s>, as user <jaeyoung> in cluster <centralcluster> at Sun Jul 21 17:32:10 2024
</home/belle2/jaeyoung> was used as the home directory.
</home/belle2/jaeyoung/workspace/DRAW_and_FITTING/main/FITTING/etapip/MC15ri_generic/tight_v2_fit_v6/ToyMC> was used as the working directory.
Started at Sun Jul 21 17:32:10 2024
Terminated at Sun Jul 21 18:21:34 2024
Results reported at Sun Jul 21 18:21:34 2024

Your job looked like:

------------------------------------------------------------
# LSBATCH: User input
bash -c "basf2 etapip_gg_fit_v6_toymc_100.py 367 > /home/belle2/jaeyoung/storage_ghi/Ntuples_ghi_2/MC15ri_generic/MC15ri_etaetapip_tight_v2_240419_Kp_BCS_etapi0const/bsub_log//MC15ri_etapip_gg_fitv6_toyMC_100_367.log"
------------------------------------------------------------

Successfully completed.

Resource usage summary:

    CPU time :                                   2951.95 sec.
    Max Memory :                                 1311 MB
    Average Memory :                             946.01 MB
    Total Requested Memory :                     4000.00 MB
    Delta Memory :                               2689.00 MB
    Max Swap :                                   -
    Max Processes :                              19
    Max Threads :                                20
    Run time :                                   2964 sec.
    Turnaround time :                            3002 sec.

The output (if any) follows:



PS:

Read file <./bsub_log/367.err> for stderr output of this job.

Sender: LSF System <lsfadmin@ccb172>
Subject: Job 53202923: <bash -c "basf2 etapip_gg_fit_v6_toymc_100.py 367 > /home/belle2/jaeyoung/storage_ghi/Ntuples_ghi_2/MC15ri_generic/MC15ri_etaetapip_tight_v2_240419_Kp_BCS_etapi0const/bsub_log//MC15ri_etapip_gg_fitv6_toyMC_100_367.log"> in cluster <centralcluster> Exited

Job <bash -c "basf2 etapip_gg_fit_v6_toymc_100.py 367 > /home/belle2/jaeyoung/storage_ghi/Ntuples_ghi_2/MC15ri_generic/MC15ri_etaetapip_tight_v2_240419_Kp_BCS_etapi0const/bsub_log//MC15ri_etapip_gg_fitv6_toyMC_100_367.log"> was submitted from host <ccw03> by user <jaeyoung> in cluster <centralcluster> at Mon Jul 22 00:50:38 2024
Job was executed on host(s) <ccb172>, in queue <s>, as user <jaeyoung> in cluster <centralcluster> at Mon Jul 22 00:52:01 2024
</home/belle2/jaeyoung> was used as the home directory.
</home/belle2/jaeyoung/workspace/DRAW_and_FITTING/main/FITTING/etapip/MC15ri_generic/tight_v2_fit_v6/ToyMC> was used as the working directory.
Started at Mon Jul 22 00:52:01 2024
Terminated at Mon Jul 22 01:09:27 2024
Results reported at Mon Jul 22 01:09:27 2024

Your job looked like:

------------------------------------------------------------
# LSBATCH: User input
bash -c "basf2 etapip_gg_fit_v6_toymc_100.py 367 > /home/belle2/jaeyoung/storage_ghi/Ntuples_ghi_2/MC15ri_generic/MC15ri_etaetapip_tight_v2_240419_Kp_BCS_etapi0const/bsub_log//MC15ri_etapip_gg_fitv6_toyMC_100_367.log"
------------------------------------------------------------

Exited with exit code 1.

Resource usage summary:

    CPU time :                                   1042.07 sec.
    Max Memory :                                 1255 MB
    Average Memory :                             1169.24 MB
    Total Requested Memory :                     4000.00 MB
    Delta Memory :                               2745.00 MB
    Max Swap :                                   -
    Max Processes :                              19
    Max Threads :                                20
    Run time :                                   1046 sec.
    Turnaround time :                            1129 sec.

The output (if any) follows:



PS:

Read file <./bsub_log/367.err> for stderr output of this job.

Sender: LSF System <lsfadmin@ccb178>
Subject: Job 53407197: <bash -c "basf2 etapip_gg_fit_v6_toymc_100.py 367 > /home/belle2/jaeyoung/storage_ghi/Ntuples_ghi_2/MC15ri_generic/MC15ri_etaetapip_tight_v2_240419_Kp_BCS_etapi0const/bsub_log//MC15ri_etapip_gg_fitv6_toyMC_100_367.log"> in cluster <centralcluster> Done

Job <bash -c "basf2 etapip_gg_fit_v6_toymc_100.py 367 > /home/belle2/jaeyoung/storage_ghi/Ntuples_ghi_2/MC15ri_generic/MC15ri_etaetapip_tight_v2_240419_Kp_BCS_etapi0const/bsub_log//MC15ri_etapip_gg_fitv6_toyMC_100_367.log"> was submitted from host <ccw06> by user <jaeyoung> in cluster <centralcluster> at Mon Jul 22 10:49:20 2024
Job was executed on host(s) <ccb178>, in queue <s>, as user <jaeyoung> in cluster <centralcluster> at Mon Jul 22 10:49:56 2024
</home/belle2/jaeyoung> was used as the home directory.
</home/belle2/jaeyoung/workspace/DRAW_and_FITTING/main/FITTING/etapip/MC15ri_generic/tight_v2_fit_v6/ToyMC> was used as the working directory.
Started at Mon Jul 22 10:49:56 2024
Terminated at Mon Jul 22 11:37:00 2024
Results reported at Mon Jul 22 11:37:00 2024

Your job looked like:

------------------------------------------------------------
# LSBATCH: User input
bash -c "basf2 etapip_gg_fit_v6_toymc_100.py 367 > /home/belle2/jaeyoung/storage_ghi/Ntuples_ghi_2/MC15ri_generic/MC15ri_etaetapip_tight_v2_240419_Kp_BCS_etapi0const/bsub_log//MC15ri_etapip_gg_fitv6_toyMC_100_367.log"
------------------------------------------------------------

Successfully completed.

Resource usage summary:

    CPU time :                                   2799.44 sec.
    Max Memory :                                 1311 MB
    Average Memory :                             941.55 MB
    Total Requested Memory :                     4000.00 MB
    Delta Memory :                               2689.00 MB
    Max Swap :                                   -
    Max Processes :                              19
    Max Threads :                                20
    Run time :                                   2825 sec.
    Turnaround time :                            2860 sec.

The output (if any) follows:



PS:

Read file <./bsub_log/367.err> for stderr output of this job.

Sender: LSF System <lsfadmin@ccb254>
Subject: Job 53599451: <bash -c "basf2 etapip_gg_fit_v6_toymc_100.py 367 > /home/belle2/jaeyoung/storage_ghi/Ntuples_ghi_2/MC15ri_generic/MC15ri_etaetapip_tight_v2_240419_Kp_BCS_etapi0const/bsub_log//MC15ri_etapip_gg_fitv6_toyMC_100_367.log"> in cluster <centralcluster> Done

Job <bash -c "basf2 etapip_gg_fit_v6_toymc_100.py 367 > /home/belle2/jaeyoung/storage_ghi/Ntuples_ghi_2/MC15ri_generic/MC15ri_etaetapip_tight_v2_240419_Kp_BCS_etapi0const/bsub_log//MC15ri_etapip_gg_fitv6_toyMC_100_367.log"> was submitted from host <ccw03> by user <jaeyoung> in cluster <centralcluster> at Mon Jul 22 18:35:33 2024
Job was executed on host(s) <ccb254>, in queue <s>, as user <jaeyoung> in cluster <centralcluster> at Mon Jul 22 18:37:17 2024
</home/belle2/jaeyoung> was used as the home directory.
</home/belle2/jaeyoung/workspace/DRAW_and_FITTING/main/FITTING/etapip/MC15ri_generic/tight_v2_fit_v6/ToyMC> was used as the working directory.
Started at Mon Jul 22 18:37:17 2024
Terminated at Mon Jul 22 19:25:56 2024
Results reported at Mon Jul 22 19:25:56 2024

Your job looked like:

------------------------------------------------------------
# LSBATCH: User input
bash -c "basf2 etapip_gg_fit_v6_toymc_100.py 367 > /home/belle2/jaeyoung/storage_ghi/Ntuples_ghi_2/MC15ri_generic/MC15ri_etaetapip_tight_v2_240419_Kp_BCS_etapi0const/bsub_log//MC15ri_etapip_gg_fitv6_toyMC_100_367.log"
------------------------------------------------------------

Successfully completed.

Resource usage summary:

    CPU time :                                   2867.37 sec.
    Max Memory :                                 1311 MB
    Average Memory :                             945.90 MB
    Total Requested Memory :                     4000.00 MB
    Delta Memory :                               2689.00 MB
    Max Swap :                                   -
    Max Processes :                              19
    Max Threads :                                20
    Run time :                                   2919 sec.
    Turnaround time :                            3023 sec.

The output (if any) follows:



PS:

Read file <./bsub_log/367.err> for stderr output of this job.

Sender: LSF System <lsfadmin@ccb206>
Subject: Job 53832701: <bash -c "basf2 etapip_gg_fit_v6_toymc_100.py 367 > /home/belle2/jaeyoung/storage_ghi/Ntuples_ghi_2/MC15ri_generic/MC15ri_etaetapip_tight_v2_240419_Kp_BCS_etapi0const/bsub_log//MC15ri_etapip_gg_fitv6_toyMC_100_367.log"> in cluster <centralcluster> Done

Job <bash -c "basf2 etapip_gg_fit_v6_toymc_100.py 367 > /home/belle2/jaeyoung/storage_ghi/Ntuples_ghi_2/MC15ri_generic/MC15ri_etaetapip_tight_v2_240419_Kp_BCS_etapi0const/bsub_log//MC15ri_etapip_gg_fitv6_toyMC_100_367.log"> was submitted from host <ccw05> by user <jaeyoung> in cluster <centralcluster> at Tue Jul 23 00:50:28 2024
Job was executed on host(s) <ccb206>, in queue <s>, as user <jaeyoung> in cluster <centralcluster> at Tue Jul 23 00:50:45 2024
</home/belle2/jaeyoung> was used as the home directory.
</home/belle2/jaeyoung/workspace/DRAW_and_FITTING/main/FITTING/etapip/MC15ri_generic/tight_v2_fit_v6/ToyMC> was used as the working directory.
Started at Tue Jul 23 00:50:45 2024
Terminated at Tue Jul 23 01:37:44 2024
Results reported at Tue Jul 23 01:37:44 2024

Your job looked like:

------------------------------------------------------------
# LSBATCH: User input
bash -c "basf2 etapip_gg_fit_v6_toymc_100.py 367 > /home/belle2/jaeyoung/storage_ghi/Ntuples_ghi_2/MC15ri_generic/MC15ri_etaetapip_tight_v2_240419_Kp_BCS_etapi0const/bsub_log//MC15ri_etapip_gg_fitv6_toyMC_100_367.log"
------------------------------------------------------------

Successfully completed.

Resource usage summary:

    CPU time :                                   2769.80 sec.
    Max Memory :                                 1311 MB
    Average Memory :                             943.70 MB
    Total Requested Memory :                     4000.00 MB
    Delta Memory :                               2689.00 MB
    Max Swap :                                   -
    Max Processes :                              19
    Max Threads :                                20
    Run time :                                   2820 sec.
    Turnaround time :                            2836 sec.

The output (if any) follows:



PS:

Read file <./bsub_log/367.err> for stderr output of this job.

Sender: LSF System <lsfadmin@ccb138>
Subject: Job 54398278: <bash -c "basf2 etapip_gg_fit_v6_toymc_100.py 367 > /home/belle2/jaeyoung/storage_ghi/Ntuples_ghi_2/MC15ri_generic/MC15ri_etaetapip_tight_v2_240419_Kp_BCS_etapi0const/bsub_log//MC15ri_etapip_gg_fitv6_toyMC_100_367.log"> in cluster <centralcluster> Done

Job <bash -c "basf2 etapip_gg_fit_v6_toymc_100.py 367 > /home/belle2/jaeyoung/storage_ghi/Ntuples_ghi_2/MC15ri_generic/MC15ri_etaetapip_tight_v2_240419_Kp_BCS_etapi0const/bsub_log//MC15ri_etapip_gg_fitv6_toyMC_100_367.log"> was submitted from host <ccw04> by user <jaeyoung> in cluster <centralcluster> at Tue Jul 23 17:59:44 2024
Job was executed on host(s) <ccb138>, in queue <s>, as user <jaeyoung> in cluster <centralcluster> at Tue Jul 23 18:44:48 2024
</home/belle2/jaeyoung> was used as the home directory.
</home/belle2/jaeyoung/workspace/DRAW_and_FITTING/main/FITTING/etapip/MC15ri_generic/tight_v2_fit_v6/ToyMC> was used as the working directory.
Started at Tue Jul 23 18:44:48 2024
Terminated at Tue Jul 23 19:31:16 2024
Results reported at Tue Jul 23 19:31:16 2024

Your job looked like:

------------------------------------------------------------
# LSBATCH: User input
bash -c "basf2 etapip_gg_fit_v6_toymc_100.py 367 > /home/belle2/jaeyoung/storage_ghi/Ntuples_ghi_2/MC15ri_generic/MC15ri_etaetapip_tight_v2_240419_Kp_BCS_etapi0const/bsub_log//MC15ri_etapip_gg_fitv6_toyMC_100_367.log"
------------------------------------------------------------

Successfully completed.

Resource usage summary:

    CPU time :                                   2773.30 sec.
    Max Memory :                                 1316 MB
    Average Memory :                             948.66 MB
    Total Requested Memory :                     4000.00 MB
    Delta Memory :                               2684.00 MB
    Max Swap :                                   -
    Max Processes :                              19
    Max Threads :                                20
    Run time :                                   2788 sec.
    Turnaround time :                            5492 sec.

The output (if any) follows:



PS:

Read file <./bsub_log/367.err> for stderr output of this job.

Sender: LSF System <lsfadmin@ccb188>
Subject: Job 54470912: <bash -c "basf2 etapip_gg_fit_v6_toymc_100.py 367 > /home/belle2/jaeyoung/storage_ghi/Ntuples_ghi_2/MC15ri_generic/MC15ri_etaetapip_tight_v2_240419_Kp_BCS_etapi0const/bsub_log//MC15ri_etapip_gg_fitv6_toyMC_100_367.log"> in cluster <centralcluster> Done

Job <bash -c "basf2 etapip_gg_fit_v6_toymc_100.py 367 > /home/belle2/jaeyoung/storage_ghi/Ntuples_ghi_2/MC15ri_generic/MC15ri_etaetapip_tight_v2_240419_Kp_BCS_etapi0const/bsub_log//MC15ri_etapip_gg_fitv6_toyMC_100_367.log"> was submitted from host <ccw03> by user <jaeyoung> in cluster <centralcluster> at Tue Jul 23 19:38:37 2024
Job was executed on host(s) <ccb188>, in queue <s>, as user <jaeyoung> in cluster <centralcluster> at Tue Jul 23 19:38:38 2024
</home/belle2/jaeyoung> was used as the home directory.
</home/belle2/jaeyoung/workspace/DRAW_and_FITTING/main/FITTING/etapip/MC15ri_generic/tight_v2_fit_v6/ToyMC> was used as the working directory.
Started at Tue Jul 23 19:38:38 2024
Terminated at Tue Jul 23 20:25:54 2024
Results reported at Tue Jul 23 20:25:54 2024

Your job looked like:

------------------------------------------------------------
# LSBATCH: User input
bash -c "basf2 etapip_gg_fit_v6_toymc_100.py 367 > /home/belle2/jaeyoung/storage_ghi/Ntuples_ghi_2/MC15ri_generic/MC15ri_etaetapip_tight_v2_240419_Kp_BCS_etapi0const/bsub_log//MC15ri_etapip_gg_fitv6_toyMC_100_367.log"
------------------------------------------------------------

Successfully completed.

Resource usage summary:

    CPU time :                                   2811.49 sec.
    Max Memory :                                 1311 MB
    Average Memory :                             941.25 MB
    Total Requested Memory :                     4000.00 MB
    Delta Memory :                               2689.00 MB
    Max Swap :                                   -
    Max Processes :                              19
    Max Threads :                                20
    Run time :                                   2837 sec.
    Turnaround time :                            2837 sec.

The output (if any) follows:



PS:

Read file <./bsub_log/367.err> for stderr output of this job.

Sender: LSF System <lsfadmin@ccb108>
Subject: Job 55516069: <bash -c "basf2 etapip_gg_fit_v6_toymc_100.py 367 > /home/belle2/jaeyoung/storage_ghi/Ntuples_ghi_2/MC15ri_generic/MC15ri_etaetapip_tight_v2_240419_Kp_BCS_etapi0const/bsub_log//MC15ri_etapip_gg_fitv6_toyMC_100_367.log"> in cluster <centralcluster> Done

Job <bash -c "basf2 etapip_gg_fit_v6_toymc_100.py 367 > /home/belle2/jaeyoung/storage_ghi/Ntuples_ghi_2/MC15ri_generic/MC15ri_etaetapip_tight_v2_240419_Kp_BCS_etapi0const/bsub_log//MC15ri_etapip_gg_fitv6_toyMC_100_367.log"> was submitted from host <ccw01> by user <jaeyoung> in cluster <centralcluster> at Thu Jul 25 20:51:32 2024
Job was executed on host(s) <ccb108>, in queue <s>, as user <jaeyoung> in cluster <centralcluster> at Thu Jul 25 20:51:34 2024
</home/belle2/jaeyoung> was used as the home directory.
</gpfs/home/belle2/jaeyoung/workspace/DRAW_and_FITTING/main/FITTING/etapip/MC15ri_generic/tight_v2_fit_v6/ToyMC> was used as the working directory.
Started at Thu Jul 25 20:51:34 2024
Terminated at Thu Jul 25 21:40:35 2024
Results reported at Thu Jul 25 21:40:35 2024

Your job looked like:

------------------------------------------------------------
# LSBATCH: User input
bash -c "basf2 etapip_gg_fit_v6_toymc_100.py 367 > /home/belle2/jaeyoung/storage_ghi/Ntuples_ghi_2/MC15ri_generic/MC15ri_etaetapip_tight_v2_240419_Kp_BCS_etapi0const/bsub_log//MC15ri_etapip_gg_fitv6_toyMC_100_367.log"
------------------------------------------------------------

Successfully completed.

Resource usage summary:

    CPU time :                                   2853.57 sec.
    Max Memory :                                 1313 MB
    Average Memory :                             935.72 MB
    Total Requested Memory :                     4000.00 MB
    Delta Memory :                               2687.00 MB
    Max Swap :                                   -
    Max Processes :                              19
    Max Threads :                                20
    Run time :                                   2942 sec.
    Turnaround time :                            2943 sec.

The output (if any) follows:



PS:

Read file <./bsub_log/367.err> for stderr output of this job.

Sender: LSF System <lsfadmin@ccb135>
Subject: Job 56103631: <bash -c "basf2 etapip_gg_fit_v6_toymc_100.py 367 > /home/belle2/jaeyoung/storage_ghi/Ntuples_ghi_2/MC15ri_generic/MC15ri_etaetapip_tight_v2_240419_Kp_BCS_etapi0const/bsub_log//MC15ri_etapip_gg_fitv6_toyMC_100_367.log"> in cluster <centralcluster> Done

Job <bash -c "basf2 etapip_gg_fit_v6_toymc_100.py 367 > /home/belle2/jaeyoung/storage_ghi/Ntuples_ghi_2/MC15ri_generic/MC15ri_etaetapip_tight_v2_240419_Kp_BCS_etapi0const/bsub_log//MC15ri_etapip_gg_fitv6_toyMC_100_367.log"> was submitted from host <ccw06> by user <jaeyoung> in cluster <centralcluster> at Fri Jul 26 23:44:21 2024
Job was executed on host(s) <ccb135>, in queue <s>, as user <jaeyoung> in cluster <centralcluster> at Sat Jul 27 00:22:32 2024
</home/belle2/jaeyoung> was used as the home directory.
</home/belle2/jaeyoung/workspace/DRAW_and_FITTING/main/FITTING/etapip/MC15ri_generic/tight_v2_fit_v6/ToyMC> was used as the working directory.
Started at Sat Jul 27 00:22:32 2024
Terminated at Sat Jul 27 00:56:23 2024
Results reported at Sat Jul 27 00:56:23 2024

Your job looked like:

------------------------------------------------------------
# LSBATCH: User input
bash -c "basf2 etapip_gg_fit_v6_toymc_100.py 367 > /home/belle2/jaeyoung/storage_ghi/Ntuples_ghi_2/MC15ri_generic/MC15ri_etaetapip_tight_v2_240419_Kp_BCS_etapi0const/bsub_log//MC15ri_etapip_gg_fitv6_toyMC_100_367.log"
------------------------------------------------------------

Successfully completed.

Resource usage summary:

    CPU time :                                   1890.70 sec.
    Max Memory :                                 913 MB
    Average Memory :                             659.13 MB
    Total Requested Memory :                     4000.00 MB
    Delta Memory :                               3087.00 MB
    Max Swap :                                   -
    Max Processes :                              19
    Max Threads :                                20
    Run time :                                   2032 sec.
    Turnaround time :                            4322 sec.

The output (if any) follows:



PS:

Read file <./bsub_log/367.err> for stderr output of this job.

Sender: LSF System <lsfadmin@ccb540>
Subject: Job 56133734: <bash -c "basf2 etapip_gg_fit_v6_toymc_100.py 367 > /home/belle2/jaeyoung/storage_ghi/Ntuples_ghi_2/MC15ri_generic/MC15ri_etaetapip_tight_v2_240419_Kp_BCS_etapi0const/bsub_log//MC15ri_etapip_gg_fitv6_toyMC_100_367.log"> in cluster <centralcluster> Done

Job <bash -c "basf2 etapip_gg_fit_v6_toymc_100.py 367 > /home/belle2/jaeyoung/storage_ghi/Ntuples_ghi_2/MC15ri_generic/MC15ri_etaetapip_tight_v2_240419_Kp_BCS_etapi0const/bsub_log//MC15ri_etapip_gg_fitv6_toyMC_100_367.log"> was submitted from host <ccw03> by user <jaeyoung> in cluster <centralcluster> at Sat Jul 27 01:13:49 2024
Job was executed on host(s) <ccb540>, in queue <s>, as user <jaeyoung> in cluster <centralcluster> at Sat Jul 27 03:05:30 2024
</home/belle2/jaeyoung> was used as the home directory.
</gpfs/home/belle2/jaeyoung/workspace/DRAW_and_FITTING/main/FITTING/etapip/MC15ri_generic/tight_v2_fit_v6/ToyMC> was used as the working directory.
Started at Sat Jul 27 03:05:30 2024
Terminated at Sat Jul 27 03:45:39 2024
Results reported at Sat Jul 27 03:45:39 2024

Your job looked like:

------------------------------------------------------------
# LSBATCH: User input
bash -c "basf2 etapip_gg_fit_v6_toymc_100.py 367 > /home/belle2/jaeyoung/storage_ghi/Ntuples_ghi_2/MC15ri_generic/MC15ri_etaetapip_tight_v2_240419_Kp_BCS_etapi0const/bsub_log//MC15ri_etapip_gg_fitv6_toyMC_100_367.log"
------------------------------------------------------------

Successfully completed.

Resource usage summary:

    CPU time :                                   2358.23 sec.
    Max Memory :                                 918 MB
    Average Memory :                             682.89 MB
    Total Requested Memory :                     4000.00 MB
    Delta Memory :                               3082.00 MB
    Max Swap :                                   -
    Max Processes :                              19
    Max Threads :                                20
    Run time :                                   2410 sec.
    Turnaround time :                            9110 sec.

The output (if any) follows:



PS:

Read file <./bsub_log/367.err> for stderr output of this job.

Sender: LSF System <lsfadmin@ccb043>
Subject: Job 57220675: <bash -c "basf2 etapip_gg_fit_v6_toymc_100.py 367 > /home/belle2/jaeyoung/storage_ghi/Ntuples_ghi_2/MC15ri_generic/MC15ri_etaetapip_tight_v2_240419_Kp_BCS_etapi0const/bsub_log//MC15ri_etapip_gg_fitv6_toyMC_100_367.log"> in cluster <centralcluster> Exited

Job <bash -c "basf2 etapip_gg_fit_v6_toymc_100.py 367 > /home/belle2/jaeyoung/storage_ghi/Ntuples_ghi_2/MC15ri_generic/MC15ri_etaetapip_tight_v2_240419_Kp_BCS_etapi0const/bsub_log//MC15ri_etapip_gg_fitv6_toyMC_100_367.log"> was submitted from host <ccx03> by user <jaeyoung> in cluster <centralcluster> at Mon Jul 29 18:45:46 2024
Job was executed on host(s) <ccb043>, in queue <s>, as user <jaeyoung> in cluster <centralcluster> at Mon Jul 29 18:45:47 2024
</home/belle2/jaeyoung> was used as the home directory.
</gpfs/home/belle2/jaeyoung/workspace/DRAW_and_FITTING/main/FITTING/etapip/MC15ri_generic/tight_v2_fit_v6/ToyMC> was used as the working directory.
Started at Mon Jul 29 18:45:47 2024
Terminated at Mon Jul 29 19:48:16 2024
Results reported at Mon Jul 29 19:48:16 2024

Your job looked like:

------------------------------------------------------------
# LSBATCH: User input
bash -c "basf2 etapip_gg_fit_v6_toymc_100.py 367 > /home/belle2/jaeyoung/storage_ghi/Ntuples_ghi_2/MC15ri_generic/MC15ri_etaetapip_tight_v2_240419_Kp_BCS_etapi0const/bsub_log//MC15ri_etapip_gg_fitv6_toyMC_100_367.log"
------------------------------------------------------------

Exited with exit code 1.

Resource usage summary:

    CPU time :                                   3702.22 sec.
    Max Memory :                                 1460 MB
    Average Memory :                             1054.00 MB
    Total Requested Memory :                     4000.00 MB
    Delta Memory :                               2540.00 MB
    Max Swap :                                   -
    Max Processes :                              19
    Max Threads :                                20
    Run time :                                   3748 sec.
    Turnaround time :                            3750 sec.

The output (if any) follows:



PS:

Read file <./bsub_log/367.err> for stderr output of this job.

Sender: LSF System <lsfadmin@ccb240>
Subject: Job 57308707: <bash -c "basf2 etapip_gg_fit_v6_toymc_100.py 367 > /home/belle2/jaeyoung/storage_ghi/Ntuples_ghi_2/MC15ri_generic/MC15ri_etaetapip_tight_v2_240419_Kp_BCS_etapi0const/bsub_log//MC15ri_etapip_gg_fitv6_toyMC_100_367.log"> in cluster <centralcluster> Done

Job <bash -c "basf2 etapip_gg_fit_v6_toymc_100.py 367 > /home/belle2/jaeyoung/storage_ghi/Ntuples_ghi_2/MC15ri_generic/MC15ri_etaetapip_tight_v2_240419_Kp_BCS_etapi0const/bsub_log//MC15ri_etapip_gg_fitv6_toyMC_100_367.log"> was submitted from host <ccw03> by user <jaeyoung> in cluster <centralcluster> at Mon Jul 29 23:03:14 2024
Job was executed on host(s) <ccb240>, in queue <s>, as user <jaeyoung> in cluster <centralcluster> at Mon Jul 29 23:04:26 2024
</home/belle2/jaeyoung> was used as the home directory.
</home/belle2/jaeyoung/workspace/DRAW_and_FITTING/main/FITTING/etapip/MC15ri_generic/tight_v2_fit_v6/ToyMC> was used as the working directory.
Started at Mon Jul 29 23:04:26 2024
Terminated at Tue Jul 30 00:10:32 2024
Results reported at Tue Jul 30 00:10:32 2024

Your job looked like:

------------------------------------------------------------
# LSBATCH: User input
bash -c "basf2 etapip_gg_fit_v6_toymc_100.py 367 > /home/belle2/jaeyoung/storage_ghi/Ntuples_ghi_2/MC15ri_generic/MC15ri_etaetapip_tight_v2_240419_Kp_BCS_etapi0const/bsub_log//MC15ri_etapip_gg_fitv6_toyMC_100_367.log"
------------------------------------------------------------

Successfully completed.

Resource usage summary:

    CPU time :                                   3951.77 sec.
    Max Memory :                                 1426 MB
    Average Memory :                             1047.44 MB
    Total Requested Memory :                     4000.00 MB
    Delta Memory :                               2574.00 MB
    Max Swap :                                   -
    Max Processes :                              19
    Max Threads :                                20
    Run time :                                   3967 sec.
    Turnaround time :                            4038 sec.

The output (if any) follows:



PS:

Read file <./bsub_log/367.err> for stderr output of this job.

Sender: LSF System <lsfadmin@ccb031>
Subject: Job 57390276: <bash -c "basf2 etapip_gg_fit_v6_toymc_100.py 367 > /home/belle2/jaeyoung/storage_ghi/Ntuples_ghi_2/MC15ri_generic/MC15ri_etaetapip_tight_v2_240419_Kp_BCS_etapi0const/bsub_log//MC15ri_etapip_gg_fitv6_toyMC_100_367.log"> in cluster <centralcluster> Done

Job <bash -c "basf2 etapip_gg_fit_v6_toymc_100.py 367 > /home/belle2/jaeyoung/storage_ghi/Ntuples_ghi_2/MC15ri_generic/MC15ri_etaetapip_tight_v2_240419_Kp_BCS_etapi0const/bsub_log//MC15ri_etapip_gg_fitv6_toyMC_100_367.log"> was submitted from host <ccw03> by user <jaeyoung> in cluster <centralcluster> at Tue Jul 30 01:17:42 2024
Job was executed on host(s) <ccb031>, in queue <s>, as user <jaeyoung> in cluster <centralcluster> at Tue Jul 30 01:18:49 2024
</home/belle2/jaeyoung> was used as the home directory.
</home/belle2/jaeyoung/workspace/DRAW_and_FITTING/main/FITTING/etapip/MC15ri_generic/tight_v2_fit_v6/ToyMC> was used as the working directory.
Started at Tue Jul 30 01:18:49 2024
Terminated at Tue Jul 30 02:22:47 2024
Results reported at Tue Jul 30 02:22:47 2024

Your job looked like:

------------------------------------------------------------
# LSBATCH: User input
bash -c "basf2 etapip_gg_fit_v6_toymc_100.py 367 > /home/belle2/jaeyoung/storage_ghi/Ntuples_ghi_2/MC15ri_generic/MC15ri_etaetapip_tight_v2_240419_Kp_BCS_etapi0const/bsub_log//MC15ri_etapip_gg_fitv6_toyMC_100_367.log"
------------------------------------------------------------

Successfully completed.

Resource usage summary:

    CPU time :                                   3786.45 sec.
    Max Memory :                                 1426 MB
    Average Memory :                             1042.22 MB
    Total Requested Memory :                     4000.00 MB
    Delta Memory :                               2574.00 MB
    Max Swap :                                   1 MB
    Max Processes :                              19
    Max Threads :                                20
    Run time :                                   3838 sec.
    Turnaround time :                            3905 sec.

The output (if any) follows:



PS:

Read file <./bsub_log/367.err> for stderr output of this job.

