Sender: LSF System <lsfadmin@ccb157>
Subject: Job 52359609: <bash -c "basf2 etapip_gg_fit_v6_toymc_100.py 368 > /home/belle2/jaeyoung/storage_ghi/Ntuples_ghi_2/MC15ri_generic/MC15ri_etaetapip_tight_v2_240419_Kp_BCS_etapi0const/bsub_log//MC15ri_etapip_gg_fitv6_toyMC_100_368.log"> in cluster <centralcluster> Done

Job <bash -c "basf2 etapip_gg_fit_v6_toymc_100.py 368 > /home/belle2/jaeyoung/storage_ghi/Ntuples_ghi_2/MC15ri_generic/MC15ri_etaetapip_tight_v2_240419_Kp_BCS_etapi0const/bsub_log//MC15ri_etapip_gg_fitv6_toyMC_100_368.log"> was submitted from host <ccw02> by user <jaeyoung> in cluster <centralcluster> at Sat Jul 20 14:40:10 2024
Job was executed on host(s) <ccb157>, in queue <s>, as user <jaeyoung> in cluster <centralcluster> at Sat Jul 20 14:43:54 2024
</home/belle2/jaeyoung> was used as the home directory.
</home/belle2/jaeyoung/workspace/DRAW_and_FITTING/main/FITTING/etapip/MC15ri_generic/tight_v2_fit_v6/ToyMC> was used as the working directory.
Started at Sat Jul 20 14:43:54 2024
Terminated at Sat Jul 20 15:32:19 2024
Results reported at Sat Jul 20 15:32:19 2024

Your job looked like:

------------------------------------------------------------
# LSBATCH: User input
bash -c "basf2 etapip_gg_fit_v6_toymc_100.py 368 > /home/belle2/jaeyoung/storage_ghi/Ntuples_ghi_2/MC15ri_generic/MC15ri_etaetapip_tight_v2_240419_Kp_BCS_etapi0const/bsub_log//MC15ri_etapip_gg_fitv6_toyMC_100_368.log"
------------------------------------------------------------

Successfully completed.

Resource usage summary:

    CPU time :                                   2880.08 sec.
    Max Memory :                                 1311 MB
    Average Memory :                             938.54 MB
    Total Requested Memory :                     4000.00 MB
    Delta Memory :                               2689.00 MB
    Max Swap :                                   -
    Max Processes :                              19
    Max Threads :                                20
    Run time :                                   2906 sec.
    Turnaround time :                            3129 sec.

The output (if any) follows:



PS:

Read file <./bsub_log/368.err> for stderr output of this job.

Sender: LSF System <lsfadmin@ccb072>
Subject: Job 53030430: <bash -c "basf2 etapip_gg_fit_v6_toymc_100.py 368 > /home/belle2/jaeyoung/storage_ghi/Ntuples_ghi_2/MC15ri_generic/MC15ri_etaetapip_tight_v2_240419_Kp_BCS_etapi0const/bsub_log//MC15ri_etapip_gg_fitv6_toyMC_100_368.log"> in cluster <centralcluster> Done

Job <bash -c "basf2 etapip_gg_fit_v6_toymc_100.py 368 > /home/belle2/jaeyoung/storage_ghi/Ntuples_ghi_2/MC15ri_generic/MC15ri_etaetapip_tight_v2_240419_Kp_BCS_etapi0const/bsub_log//MC15ri_etapip_gg_fitv6_toyMC_100_368.log"> was submitted from host <ccw03> by user <jaeyoung> in cluster <centralcluster> at Sun Jul 21 17:31:33 2024
Job was executed on host(s) <ccb072>, in queue <s>, as user <jaeyoung> in cluster <centralcluster> at Sun Jul 21 17:32:10 2024
</home/belle2/jaeyoung> was used as the home directory.
</home/belle2/jaeyoung/workspace/DRAW_and_FITTING/main/FITTING/etapip/MC15ri_generic/tight_v2_fit_v6/ToyMC> was used as the working directory.
Started at Sun Jul 21 17:32:10 2024
Terminated at Sun Jul 21 18:22:12 2024
Results reported at Sun Jul 21 18:22:12 2024

Your job looked like:

------------------------------------------------------------
# LSBATCH: User input
bash -c "basf2 etapip_gg_fit_v6_toymc_100.py 368 > /home/belle2/jaeyoung/storage_ghi/Ntuples_ghi_2/MC15ri_generic/MC15ri_etaetapip_tight_v2_240419_Kp_BCS_etapi0const/bsub_log//MC15ri_etapip_gg_fitv6_toyMC_100_368.log"
------------------------------------------------------------

Successfully completed.

Resource usage summary:

    CPU time :                                   2973.57 sec.
    Max Memory :                                 1311 MB
    Average Memory :                             921.20 MB
    Total Requested Memory :                     4000.00 MB
    Delta Memory :                               2689.00 MB
    Max Swap :                                   -
    Max Processes :                              19
    Max Threads :                                20
    Run time :                                   3003 sec.
    Turnaround time :                            3039 sec.

The output (if any) follows:



PS:

Read file <./bsub_log/368.err> for stderr output of this job.

Sender: LSF System <lsfadmin@ccb110>
Subject: Job 53202927: <bash -c "basf2 etapip_gg_fit_v6_toymc_100.py 368 > /home/belle2/jaeyoung/storage_ghi/Ntuples_ghi_2/MC15ri_generic/MC15ri_etaetapip_tight_v2_240419_Kp_BCS_etapi0const/bsub_log//MC15ri_etapip_gg_fitv6_toyMC_100_368.log"> in cluster <centralcluster> Exited

Job <bash -c "basf2 etapip_gg_fit_v6_toymc_100.py 368 > /home/belle2/jaeyoung/storage_ghi/Ntuples_ghi_2/MC15ri_generic/MC15ri_etaetapip_tight_v2_240419_Kp_BCS_etapi0const/bsub_log//MC15ri_etapip_gg_fitv6_toyMC_100_368.log"> was submitted from host <ccw03> by user <jaeyoung> in cluster <centralcluster> at Mon Jul 22 00:50:38 2024
Job was executed on host(s) <ccb110>, in queue <s>, as user <jaeyoung> in cluster <centralcluster> at Mon Jul 22 00:52:02 2024
</home/belle2/jaeyoung> was used as the home directory.
</home/belle2/jaeyoung/workspace/DRAW_and_FITTING/main/FITTING/etapip/MC15ri_generic/tight_v2_fit_v6/ToyMC> was used as the working directory.
Started at Mon Jul 22 00:52:02 2024
Terminated at Mon Jul 22 01:08:40 2024
Results reported at Mon Jul 22 01:08:40 2024

Your job looked like:

------------------------------------------------------------
# LSBATCH: User input
bash -c "basf2 etapip_gg_fit_v6_toymc_100.py 368 > /home/belle2/jaeyoung/storage_ghi/Ntuples_ghi_2/MC15ri_generic/MC15ri_etaetapip_tight_v2_240419_Kp_BCS_etapi0const/bsub_log//MC15ri_etapip_gg_fitv6_toyMC_100_368.log"
------------------------------------------------------------

Exited with exit code 1.

Resource usage summary:

    CPU time :                                   990.82 sec.
    Max Memory :                                 1253 MB
    Average Memory :                             1167.09 MB
    Total Requested Memory :                     4000.00 MB
    Delta Memory :                               2747.00 MB
    Max Swap :                                   -
    Max Processes :                              19
    Max Threads :                                20
    Run time :                                   998 sec.
    Turnaround time :                            1082 sec.

The output (if any) follows:



PS:

Read file <./bsub_log/368.err> for stderr output of this job.

Sender: LSF System <lsfadmin@ccb260>
Subject: Job 53407200: <bash -c "basf2 etapip_gg_fit_v6_toymc_100.py 368 > /home/belle2/jaeyoung/storage_ghi/Ntuples_ghi_2/MC15ri_generic/MC15ri_etaetapip_tight_v2_240419_Kp_BCS_etapi0const/bsub_log//MC15ri_etapip_gg_fitv6_toyMC_100_368.log"> in cluster <centralcluster> Done

Job <bash -c "basf2 etapip_gg_fit_v6_toymc_100.py 368 > /home/belle2/jaeyoung/storage_ghi/Ntuples_ghi_2/MC15ri_generic/MC15ri_etaetapip_tight_v2_240419_Kp_BCS_etapi0const/bsub_log//MC15ri_etapip_gg_fitv6_toyMC_100_368.log"> was submitted from host <ccw06> by user <jaeyoung> in cluster <centralcluster> at Mon Jul 22 10:49:21 2024
Job was executed on host(s) <ccb260>, in queue <s>, as user <jaeyoung> in cluster <centralcluster> at Mon Jul 22 10:49:56 2024
</home/belle2/jaeyoung> was used as the home directory.
</home/belle2/jaeyoung/workspace/DRAW_and_FITTING/main/FITTING/etapip/MC15ri_generic/tight_v2_fit_v6/ToyMC> was used as the working directory.
Started at Mon Jul 22 10:49:56 2024
Terminated at Mon Jul 22 11:35:50 2024
Results reported at Mon Jul 22 11:35:50 2024

Your job looked like:

------------------------------------------------------------
# LSBATCH: User input
bash -c "basf2 etapip_gg_fit_v6_toymc_100.py 368 > /home/belle2/jaeyoung/storage_ghi/Ntuples_ghi_2/MC15ri_generic/MC15ri_etaetapip_tight_v2_240419_Kp_BCS_etapi0const/bsub_log//MC15ri_etapip_gg_fitv6_toyMC_100_368.log"
------------------------------------------------------------

Successfully completed.

Resource usage summary:

    CPU time :                                   2725.26 sec.
    Max Memory :                                 1311 MB
    Average Memory :                             948.70 MB
    Total Requested Memory :                     4000.00 MB
    Delta Memory :                               2689.00 MB
    Max Swap :                                   -
    Max Processes :                              19
    Max Threads :                                20
    Run time :                                   2754 sec.
    Turnaround time :                            2789 sec.

The output (if any) follows:



PS:

Read file <./bsub_log/368.err> for stderr output of this job.

Sender: LSF System <lsfadmin@ccb109>
Subject: Job 53599454: <bash -c "basf2 etapip_gg_fit_v6_toymc_100.py 368 > /home/belle2/jaeyoung/storage_ghi/Ntuples_ghi_2/MC15ri_generic/MC15ri_etaetapip_tight_v2_240419_Kp_BCS_etapi0const/bsub_log//MC15ri_etapip_gg_fitv6_toyMC_100_368.log"> in cluster <centralcluster> Done

Job <bash -c "basf2 etapip_gg_fit_v6_toymc_100.py 368 > /home/belle2/jaeyoung/storage_ghi/Ntuples_ghi_2/MC15ri_generic/MC15ri_etaetapip_tight_v2_240419_Kp_BCS_etapi0const/bsub_log//MC15ri_etapip_gg_fitv6_toyMC_100_368.log"> was submitted from host <ccw03> by user <jaeyoung> in cluster <centralcluster> at Mon Jul 22 18:35:33 2024
Job was executed on host(s) <ccb109>, in queue <s>, as user <jaeyoung> in cluster <centralcluster> at Mon Jul 22 18:37:17 2024
</home/belle2/jaeyoung> was used as the home directory.
</home/belle2/jaeyoung/workspace/DRAW_and_FITTING/main/FITTING/etapip/MC15ri_generic/tight_v2_fit_v6/ToyMC> was used as the working directory.
Started at Mon Jul 22 18:37:17 2024
Terminated at Mon Jul 22 19:24:33 2024
Results reported at Mon Jul 22 19:24:33 2024

Your job looked like:

------------------------------------------------------------
# LSBATCH: User input
bash -c "basf2 etapip_gg_fit_v6_toymc_100.py 368 > /home/belle2/jaeyoung/storage_ghi/Ntuples_ghi_2/MC15ri_generic/MC15ri_etaetapip_tight_v2_240419_Kp_BCS_etapi0const/bsub_log//MC15ri_etapip_gg_fitv6_toyMC_100_368.log"
------------------------------------------------------------

Successfully completed.

Resource usage summary:

    CPU time :                                   2821.20 sec.
    Max Memory :                                 1310 MB
    Average Memory :                             943.99 MB
    Total Requested Memory :                     4000.00 MB
    Delta Memory :                               2690.00 MB
    Max Swap :                                   -
    Max Processes :                              19
    Max Threads :                                20
    Run time :                                   2837 sec.
    Turnaround time :                            2940 sec.

The output (if any) follows:



PS:

Read file <./bsub_log/368.err> for stderr output of this job.

Sender: LSF System <lsfadmin@ccb051>
Subject: Job 53832705: <bash -c "basf2 etapip_gg_fit_v6_toymc_100.py 368 > /home/belle2/jaeyoung/storage_ghi/Ntuples_ghi_2/MC15ri_generic/MC15ri_etaetapip_tight_v2_240419_Kp_BCS_etapi0const/bsub_log//MC15ri_etapip_gg_fitv6_toyMC_100_368.log"> in cluster <centralcluster> Done

Job <bash -c "basf2 etapip_gg_fit_v6_toymc_100.py 368 > /home/belle2/jaeyoung/storage_ghi/Ntuples_ghi_2/MC15ri_generic/MC15ri_etaetapip_tight_v2_240419_Kp_BCS_etapi0const/bsub_log//MC15ri_etapip_gg_fitv6_toyMC_100_368.log"> was submitted from host <ccw05> by user <jaeyoung> in cluster <centralcluster> at Tue Jul 23 00:50:28 2024
Job was executed on host(s) <ccb051>, in queue <s>, as user <jaeyoung> in cluster <centralcluster> at Tue Jul 23 00:50:45 2024
</home/belle2/jaeyoung> was used as the home directory.
</home/belle2/jaeyoung/workspace/DRAW_and_FITTING/main/FITTING/etapip/MC15ri_generic/tight_v2_fit_v6/ToyMC> was used as the working directory.
Started at Tue Jul 23 00:50:45 2024
Terminated at Tue Jul 23 01:38:01 2024
Results reported at Tue Jul 23 01:38:01 2024

Your job looked like:

------------------------------------------------------------
# LSBATCH: User input
bash -c "basf2 etapip_gg_fit_v6_toymc_100.py 368 > /home/belle2/jaeyoung/storage_ghi/Ntuples_ghi_2/MC15ri_generic/MC15ri_etaetapip_tight_v2_240419_Kp_BCS_etapi0const/bsub_log//MC15ri_etapip_gg_fitv6_toyMC_100_368.log"
------------------------------------------------------------

Successfully completed.

Resource usage summary:

    CPU time :                                   2818.57 sec.
    Max Memory :                                 1311 MB
    Average Memory :                             966.74 MB
    Total Requested Memory :                     4000.00 MB
    Delta Memory :                               2689.00 MB
    Max Swap :                                   -
    Max Processes :                              19
    Max Threads :                                20
    Run time :                                   2837 sec.
    Turnaround time :                            2853 sec.

The output (if any) follows:



PS:

Read file <./bsub_log/368.err> for stderr output of this job.

Sender: LSF System <lsfadmin@ccb549>
Subject: Job 54398282: <bash -c "basf2 etapip_gg_fit_v6_toymc_100.py 368 > /home/belle2/jaeyoung/storage_ghi/Ntuples_ghi_2/MC15ri_generic/MC15ri_etaetapip_tight_v2_240419_Kp_BCS_etapi0const/bsub_log//MC15ri_etapip_gg_fitv6_toyMC_100_368.log"> in cluster <centralcluster> Done

Job <bash -c "basf2 etapip_gg_fit_v6_toymc_100.py 368 > /home/belle2/jaeyoung/storage_ghi/Ntuples_ghi_2/MC15ri_generic/MC15ri_etaetapip_tight_v2_240419_Kp_BCS_etapi0const/bsub_log//MC15ri_etapip_gg_fitv6_toyMC_100_368.log"> was submitted from host <ccw04> by user <jaeyoung> in cluster <centralcluster> at Tue Jul 23 17:59:44 2024
Job was executed on host(s) <ccb549>, in queue <s>, as user <jaeyoung> in cluster <centralcluster> at Tue Jul 23 18:44:49 2024
</home/belle2/jaeyoung> was used as the home directory.
</home/belle2/jaeyoung/workspace/DRAW_and_FITTING/main/FITTING/etapip/MC15ri_generic/tight_v2_fit_v6/ToyMC> was used as the working directory.
Started at Tue Jul 23 18:44:49 2024
Terminated at Tue Jul 23 19:32:34 2024
Results reported at Tue Jul 23 19:32:34 2024

Your job looked like:

------------------------------------------------------------
# LSBATCH: User input
bash -c "basf2 etapip_gg_fit_v6_toymc_100.py 368 > /home/belle2/jaeyoung/storage_ghi/Ntuples_ghi_2/MC15ri_generic/MC15ri_etaetapip_tight_v2_240419_Kp_BCS_etapi0const/bsub_log//MC15ri_etapip_gg_fitv6_toyMC_100_368.log"
------------------------------------------------------------

Successfully completed.

Resource usage summary:

    CPU time :                                   2779.10 sec.
    Max Memory :                                 1312 MB
    Average Memory :                             940.37 MB
    Total Requested Memory :                     4000.00 MB
    Delta Memory :                               2688.00 MB
    Max Swap :                                   -
    Max Processes :                              19
    Max Threads :                                20
    Run time :                                   2866 sec.
    Turnaround time :                            5570 sec.

The output (if any) follows:



PS:

Read file <./bsub_log/368.err> for stderr output of this job.

Sender: LSF System <lsfadmin@ccb037>
Subject: Job 54470918: <bash -c "basf2 etapip_gg_fit_v6_toymc_100.py 368 > /home/belle2/jaeyoung/storage_ghi/Ntuples_ghi_2/MC15ri_generic/MC15ri_etaetapip_tight_v2_240419_Kp_BCS_etapi0const/bsub_log//MC15ri_etapip_gg_fitv6_toyMC_100_368.log"> in cluster <centralcluster> Done

Job <bash -c "basf2 etapip_gg_fit_v6_toymc_100.py 368 > /home/belle2/jaeyoung/storage_ghi/Ntuples_ghi_2/MC15ri_generic/MC15ri_etaetapip_tight_v2_240419_Kp_BCS_etapi0const/bsub_log//MC15ri_etapip_gg_fitv6_toyMC_100_368.log"> was submitted from host <ccw03> by user <jaeyoung> in cluster <centralcluster> at Tue Jul 23 19:38:37 2024
Job was executed on host(s) <ccb037>, in queue <s>, as user <jaeyoung> in cluster <centralcluster> at Tue Jul 23 19:38:38 2024
</home/belle2/jaeyoung> was used as the home directory.
</home/belle2/jaeyoung/workspace/DRAW_and_FITTING/main/FITTING/etapip/MC15ri_generic/tight_v2_fit_v6/ToyMC> was used as the working directory.
Started at Tue Jul 23 19:38:38 2024
Terminated at Tue Jul 23 20:25:10 2024
Results reported at Tue Jul 23 20:25:10 2024

Your job looked like:

------------------------------------------------------------
# LSBATCH: User input
bash -c "basf2 etapip_gg_fit_v6_toymc_100.py 368 > /home/belle2/jaeyoung/storage_ghi/Ntuples_ghi_2/MC15ri_generic/MC15ri_etaetapip_tight_v2_240419_Kp_BCS_etapi0const/bsub_log//MC15ri_etapip_gg_fitv6_toyMC_100_368.log"
------------------------------------------------------------

Successfully completed.

Resource usage summary:

    CPU time :                                   2781.13 sec.
    Max Memory :                                 1310 MB
    Average Memory :                             955.37 MB
    Total Requested Memory :                     4000.00 MB
    Delta Memory :                               2690.00 MB
    Max Swap :                                   -
    Max Processes :                              19
    Max Threads :                                20
    Run time :                                   2793 sec.
    Turnaround time :                            2793 sec.

The output (if any) follows:



PS:

Read file <./bsub_log/368.err> for stderr output of this job.

Sender: LSF System <lsfadmin@ccb116>
Subject: Job 55516072: <bash -c "basf2 etapip_gg_fit_v6_toymc_100.py 368 > /home/belle2/jaeyoung/storage_ghi/Ntuples_ghi_2/MC15ri_generic/MC15ri_etaetapip_tight_v2_240419_Kp_BCS_etapi0const/bsub_log//MC15ri_etapip_gg_fitv6_toyMC_100_368.log"> in cluster <centralcluster> Done

Job <bash -c "basf2 etapip_gg_fit_v6_toymc_100.py 368 > /home/belle2/jaeyoung/storage_ghi/Ntuples_ghi_2/MC15ri_generic/MC15ri_etaetapip_tight_v2_240419_Kp_BCS_etapi0const/bsub_log//MC15ri_etapip_gg_fitv6_toyMC_100_368.log"> was submitted from host <ccw01> by user <jaeyoung> in cluster <centralcluster> at Thu Jul 25 20:51:33 2024
Job was executed on host(s) <ccb116>, in queue <s>, as user <jaeyoung> in cluster <centralcluster> at Thu Jul 25 20:51:34 2024
</home/belle2/jaeyoung> was used as the home directory.
</gpfs/home/belle2/jaeyoung/workspace/DRAW_and_FITTING/main/FITTING/etapip/MC15ri_generic/tight_v2_fit_v6/ToyMC> was used as the working directory.
Started at Thu Jul 25 20:51:34 2024
Terminated at Thu Jul 25 21:40:09 2024
Results reported at Thu Jul 25 21:40:09 2024

Your job looked like:

------------------------------------------------------------
# LSBATCH: User input
bash -c "basf2 etapip_gg_fit_v6_toymc_100.py 368 > /home/belle2/jaeyoung/storage_ghi/Ntuples_ghi_2/MC15ri_generic/MC15ri_etaetapip_tight_v2_240419_Kp_BCS_etapi0const/bsub_log//MC15ri_etapip_gg_fitv6_toyMC_100_368.log"
------------------------------------------------------------

Successfully completed.

Resource usage summary:

    CPU time :                                   2849.81 sec.
    Max Memory :                                 1313 MB
    Average Memory :                             951.41 MB
    Total Requested Memory :                     4000.00 MB
    Delta Memory :                               2687.00 MB
    Max Swap :                                   -
    Max Processes :                              19
    Max Threads :                                20
    Run time :                                   2915 sec.
    Turnaround time :                            2916 sec.

The output (if any) follows:



PS:

Read file <./bsub_log/368.err> for stderr output of this job.

Sender: LSF System <lsfadmin@ccb280>
Subject: Job 56103635: <bash -c "basf2 etapip_gg_fit_v6_toymc_100.py 368 > /home/belle2/jaeyoung/storage_ghi/Ntuples_ghi_2/MC15ri_generic/MC15ri_etaetapip_tight_v2_240419_Kp_BCS_etapi0const/bsub_log//MC15ri_etapip_gg_fitv6_toyMC_100_368.log"> in cluster <centralcluster> Done

Job <bash -c "basf2 etapip_gg_fit_v6_toymc_100.py 368 > /home/belle2/jaeyoung/storage_ghi/Ntuples_ghi_2/MC15ri_generic/MC15ri_etaetapip_tight_v2_240419_Kp_BCS_etapi0const/bsub_log//MC15ri_etapip_gg_fitv6_toyMC_100_368.log"> was submitted from host <ccw06> by user <jaeyoung> in cluster <centralcluster> at Fri Jul 26 23:44:21 2024
Job was executed on host(s) <ccb280>, in queue <s>, as user <jaeyoung> in cluster <centralcluster> at Sat Jul 27 00:22:32 2024
</home/belle2/jaeyoung> was used as the home directory.
</home/belle2/jaeyoung/workspace/DRAW_and_FITTING/main/FITTING/etapip/MC15ri_generic/tight_v2_fit_v6/ToyMC> was used as the working directory.
Started at Sat Jul 27 00:22:32 2024
Terminated at Sat Jul 27 00:56:18 2024
Results reported at Sat Jul 27 00:56:18 2024

Your job looked like:

------------------------------------------------------------
# LSBATCH: User input
bash -c "basf2 etapip_gg_fit_v6_toymc_100.py 368 > /home/belle2/jaeyoung/storage_ghi/Ntuples_ghi_2/MC15ri_generic/MC15ri_etaetapip_tight_v2_240419_Kp_BCS_etapi0const/bsub_log//MC15ri_etapip_gg_fitv6_toyMC_100_368.log"
------------------------------------------------------------

Successfully completed.

Resource usage summary:

    CPU time :                                   1937.06 sec.
    Max Memory :                                 897 MB
    Average Memory :                             655.19 MB
    Total Requested Memory :                     4000.00 MB
    Delta Memory :                               3103.00 MB
    Max Swap :                                   -
    Max Processes :                              19
    Max Threads :                                20
    Run time :                                   2026 sec.
    Turnaround time :                            4317 sec.

The output (if any) follows:



PS:

Read file <./bsub_log/368.err> for stderr output of this job.

Sender: LSF System <lsfadmin@ccb192>
Subject: Job 56133735: <bash -c "basf2 etapip_gg_fit_v6_toymc_100.py 368 > /home/belle2/jaeyoung/storage_ghi/Ntuples_ghi_2/MC15ri_generic/MC15ri_etaetapip_tight_v2_240419_Kp_BCS_etapi0const/bsub_log//MC15ri_etapip_gg_fitv6_toyMC_100_368.log"> in cluster <centralcluster> Done

Job <bash -c "basf2 etapip_gg_fit_v6_toymc_100.py 368 > /home/belle2/jaeyoung/storage_ghi/Ntuples_ghi_2/MC15ri_generic/MC15ri_etaetapip_tight_v2_240419_Kp_BCS_etapi0const/bsub_log//MC15ri_etapip_gg_fitv6_toyMC_100_368.log"> was submitted from host <ccw03> by user <jaeyoung> in cluster <centralcluster> at Sat Jul 27 01:13:50 2024
Job was executed on host(s) <ccb192>, in queue <s>, as user <jaeyoung> in cluster <centralcluster> at Sat Jul 27 03:05:30 2024
</home/belle2/jaeyoung> was used as the home directory.
</gpfs/home/belle2/jaeyoung/workspace/DRAW_and_FITTING/main/FITTING/etapip/MC15ri_generic/tight_v2_fit_v6/ToyMC> was used as the working directory.
Started at Sat Jul 27 03:05:30 2024
Terminated at Sat Jul 27 03:44:12 2024
Results reported at Sat Jul 27 03:44:12 2024

Your job looked like:

------------------------------------------------------------
# LSBATCH: User input
bash -c "basf2 etapip_gg_fit_v6_toymc_100.py 368 > /home/belle2/jaeyoung/storage_ghi/Ntuples_ghi_2/MC15ri_generic/MC15ri_etaetapip_tight_v2_240419_Kp_BCS_etapi0const/bsub_log//MC15ri_etapip_gg_fitv6_toyMC_100_368.log"
------------------------------------------------------------

Successfully completed.

Resource usage summary:

    CPU time :                                   2293.28 sec.
    Max Memory :                                 889 MB
    Average Memory :                             646.86 MB
    Total Requested Memory :                     4000.00 MB
    Delta Memory :                               3111.00 MB
    Max Swap :                                   -
    Max Processes :                              19
    Max Threads :                                20
    Run time :                                   2322 sec.
    Turnaround time :                            9022 sec.

The output (if any) follows:



PS:

Read file <./bsub_log/368.err> for stderr output of this job.

Sender: LSF System <lsfadmin@ccb537>
Subject: Job 57220677: <bash -c "basf2 etapip_gg_fit_v6_toymc_100.py 368 > /home/belle2/jaeyoung/storage_ghi/Ntuples_ghi_2/MC15ri_generic/MC15ri_etaetapip_tight_v2_240419_Kp_BCS_etapi0const/bsub_log//MC15ri_etapip_gg_fitv6_toyMC_100_368.log"> in cluster <centralcluster> Exited

Job <bash -c "basf2 etapip_gg_fit_v6_toymc_100.py 368 > /home/belle2/jaeyoung/storage_ghi/Ntuples_ghi_2/MC15ri_generic/MC15ri_etaetapip_tight_v2_240419_Kp_BCS_etapi0const/bsub_log//MC15ri_etapip_gg_fitv6_toyMC_100_368.log"> was submitted from host <ccx03> by user <jaeyoung> in cluster <centralcluster> at Mon Jul 29 18:45:47 2024
Job was executed on host(s) <ccb537>, in queue <s>, as user <jaeyoung> in cluster <centralcluster> at Mon Jul 29 18:45:48 2024
</home/belle2/jaeyoung> was used as the home directory.
</gpfs/home/belle2/jaeyoung/workspace/DRAW_and_FITTING/main/FITTING/etapip/MC15ri_generic/tight_v2_fit_v6/ToyMC> was used as the working directory.
Started at Mon Jul 29 18:45:48 2024
Terminated at Mon Jul 29 19:47:41 2024
Results reported at Mon Jul 29 19:47:41 2024

Your job looked like:

------------------------------------------------------------
# LSBATCH: User input
bash -c "basf2 etapip_gg_fit_v6_toymc_100.py 368 > /home/belle2/jaeyoung/storage_ghi/Ntuples_ghi_2/MC15ri_generic/MC15ri_etaetapip_tight_v2_240419_Kp_BCS_etapi0const/bsub_log//MC15ri_etapip_gg_fitv6_toyMC_100_368.log"
------------------------------------------------------------

Exited with exit code 1.

Resource usage summary:

    CPU time :                                   3647.43 sec.
    Max Memory :                                 1398 MB
    Average Memory :                             1032.21 MB
    Total Requested Memory :                     4000.00 MB
    Delta Memory :                               2602.00 MB
    Max Swap :                                   -
    Max Processes :                              19
    Max Threads :                                20
    Run time :                                   3713 sec.
    Turnaround time :                            3714 sec.

The output (if any) follows:



PS:

Read file <./bsub_log/368.err> for stderr output of this job.

Sender: LSF System <lsfadmin@ccb169>
Subject: Job 57308709: <bash -c "basf2 etapip_gg_fit_v6_toymc_100.py 368 > /home/belle2/jaeyoung/storage_ghi/Ntuples_ghi_2/MC15ri_generic/MC15ri_etaetapip_tight_v2_240419_Kp_BCS_etapi0const/bsub_log//MC15ri_etapip_gg_fitv6_toyMC_100_368.log"> in cluster <centralcluster> Done

Job <bash -c "basf2 etapip_gg_fit_v6_toymc_100.py 368 > /home/belle2/jaeyoung/storage_ghi/Ntuples_ghi_2/MC15ri_generic/MC15ri_etaetapip_tight_v2_240419_Kp_BCS_etapi0const/bsub_log//MC15ri_etapip_gg_fitv6_toyMC_100_368.log"> was submitted from host <ccw03> by user <jaeyoung> in cluster <centralcluster> at Mon Jul 29 23:03:15 2024
Job was executed on host(s) <ccb169>, in queue <s>, as user <jaeyoung> in cluster <centralcluster> at Mon Jul 29 23:04:27 2024
</home/belle2/jaeyoung> was used as the home directory.
</home/belle2/jaeyoung/workspace/DRAW_and_FITTING/main/FITTING/etapip/MC15ri_generic/tight_v2_fit_v6/ToyMC> was used as the working directory.
Started at Mon Jul 29 23:04:27 2024
Terminated at Tue Jul 30 00:06:48 2024
Results reported at Tue Jul 30 00:06:48 2024

Your job looked like:

------------------------------------------------------------
# LSBATCH: User input
bash -c "basf2 etapip_gg_fit_v6_toymc_100.py 368 > /home/belle2/jaeyoung/storage_ghi/Ntuples_ghi_2/MC15ri_generic/MC15ri_etaetapip_tight_v2_240419_Kp_BCS_etapi0const/bsub_log//MC15ri_etapip_gg_fitv6_toyMC_100_368.log"
------------------------------------------------------------

Successfully completed.

Resource usage summary:

    CPU time :                                   3683.50 sec.
    Max Memory :                                 1426 MB
    Average Memory :                             1036.23 MB
    Total Requested Memory :                     4000.00 MB
    Delta Memory :                               2574.00 MB
    Max Swap :                                   -
    Max Processes :                              19
    Max Threads :                                20
    Run time :                                   3741 sec.
    Turnaround time :                            3813 sec.

The output (if any) follows:



PS:

Read file <./bsub_log/368.err> for stderr output of this job.

Sender: LSF System <lsfadmin@ccb225>
Subject: Job 57390278: <bash -c "basf2 etapip_gg_fit_v6_toymc_100.py 368 > /home/belle2/jaeyoung/storage_ghi/Ntuples_ghi_2/MC15ri_generic/MC15ri_etaetapip_tight_v2_240419_Kp_BCS_etapi0const/bsub_log//MC15ri_etapip_gg_fitv6_toyMC_100_368.log"> in cluster <centralcluster> Done

Job <bash -c "basf2 etapip_gg_fit_v6_toymc_100.py 368 > /home/belle2/jaeyoung/storage_ghi/Ntuples_ghi_2/MC15ri_generic/MC15ri_etaetapip_tight_v2_240419_Kp_BCS_etapi0const/bsub_log//MC15ri_etapip_gg_fitv6_toyMC_100_368.log"> was submitted from host <ccw03> by user <jaeyoung> in cluster <centralcluster> at Tue Jul 30 01:17:42 2024
Job was executed on host(s) <ccb225>, in queue <s>, as user <jaeyoung> in cluster <centralcluster> at Tue Jul 30 01:18:50 2024
</home/belle2/jaeyoung> was used as the home directory.
</home/belle2/jaeyoung/workspace/DRAW_and_FITTING/main/FITTING/etapip/MC15ri_generic/tight_v2_fit_v6/ToyMC> was used as the working directory.
Started at Tue Jul 30 01:18:50 2024
Terminated at Tue Jul 30 02:22:16 2024
Results reported at Tue Jul 30 02:22:16 2024

Your job looked like:

------------------------------------------------------------
# LSBATCH: User input
bash -c "basf2 etapip_gg_fit_v6_toymc_100.py 368 > /home/belle2/jaeyoung/storage_ghi/Ntuples_ghi_2/MC15ri_generic/MC15ri_etaetapip_tight_v2_240419_Kp_BCS_etapi0const/bsub_log//MC15ri_etapip_gg_fitv6_toyMC_100_368.log"
------------------------------------------------------------

Successfully completed.

Resource usage summary:

    CPU time :                                   3739.94 sec.
    Max Memory :                                 1429 MB
    Average Memory :                             1045.87 MB
    Total Requested Memory :                     4000.00 MB
    Delta Memory :                               2571.00 MB
    Max Swap :                                   -
    Max Processes :                              19
    Max Threads :                                20
    Run time :                                   3806 sec.
    Turnaround time :                            3874 sec.

The output (if any) follows:



PS:

Read file <./bsub_log/368.err> for stderr output of this job.

