Sender: LSF System <lsfadmin@ccb067>
Subject: Job 52359610: <bash -c "basf2 etapip_gg_fit_v6_toymc_100.py 369 > /home/belle2/jaeyoung/storage_ghi/Ntuples_ghi_2/MC15ri_generic/MC15ri_etaetapip_tight_v2_240419_Kp_BCS_etapi0const/bsub_log//MC15ri_etapip_gg_fitv6_toyMC_100_369.log"> in cluster <centralcluster> Done

Job <bash -c "basf2 etapip_gg_fit_v6_toymc_100.py 369 > /home/belle2/jaeyoung/storage_ghi/Ntuples_ghi_2/MC15ri_generic/MC15ri_etaetapip_tight_v2_240419_Kp_BCS_etapi0const/bsub_log//MC15ri_etapip_gg_fitv6_toyMC_100_369.log"> was submitted from host <ccw02> by user <jaeyoung> in cluster <centralcluster> at Sat Jul 20 14:40:10 2024
Job was executed on host(s) <ccb067>, in queue <s>, as user <jaeyoung> in cluster <centralcluster> at Sat Jul 20 14:43:56 2024
</home/belle2/jaeyoung> was used as the home directory.
</home/belle2/jaeyoung/workspace/DRAW_and_FITTING/main/FITTING/etapip/MC15ri_generic/tight_v2_fit_v6/ToyMC> was used as the working directory.
Started at Sat Jul 20 14:43:56 2024
Terminated at Sat Jul 20 15:35:10 2024
Results reported at Sat Jul 20 15:35:10 2024

Your job looked like:

------------------------------------------------------------
# LSBATCH: User input
bash -c "basf2 etapip_gg_fit_v6_toymc_100.py 369 > /home/belle2/jaeyoung/storage_ghi/Ntuples_ghi_2/MC15ri_generic/MC15ri_etaetapip_tight_v2_240419_Kp_BCS_etapi0const/bsub_log//MC15ri_etapip_gg_fitv6_toyMC_100_369.log"
------------------------------------------------------------

Successfully completed.

Resource usage summary:

    CPU time :                                   3065.38 sec.
    Max Memory :                                 1310 MB
    Average Memory :                             951.47 MB
    Total Requested Memory :                     4000.00 MB
    Delta Memory :                               2690.00 MB
    Max Swap :                                   -
    Max Processes :                              19
    Max Threads :                                20
    Run time :                                   3075 sec.
    Turnaround time :                            3300 sec.

The output (if any) follows:



PS:

Read file <./bsub_log/369.err> for stderr output of this job.

Sender: LSF System <lsfadmin@ccb060>
Subject: Job 53030435: <bash -c "basf2 etapip_gg_fit_v6_toymc_100.py 369 > /home/belle2/jaeyoung/storage_ghi/Ntuples_ghi_2/MC15ri_generic/MC15ri_etaetapip_tight_v2_240419_Kp_BCS_etapi0const/bsub_log//MC15ri_etapip_gg_fitv6_toyMC_100_369.log"> in cluster <centralcluster> Done

Job <bash -c "basf2 etapip_gg_fit_v6_toymc_100.py 369 > /home/belle2/jaeyoung/storage_ghi/Ntuples_ghi_2/MC15ri_generic/MC15ri_etaetapip_tight_v2_240419_Kp_BCS_etapi0const/bsub_log//MC15ri_etapip_gg_fitv6_toyMC_100_369.log"> was submitted from host <ccw03> by user <jaeyoung> in cluster <centralcluster> at Sun Jul 21 17:31:33 2024
Job was executed on host(s) <ccb060>, in queue <s>, as user <jaeyoung> in cluster <centralcluster> at Sun Jul 21 17:32:10 2024
</home/belle2/jaeyoung> was used as the home directory.
</home/belle2/jaeyoung/workspace/DRAW_and_FITTING/main/FITTING/etapip/MC15ri_generic/tight_v2_fit_v6/ToyMC> was used as the working directory.
Started at Sun Jul 21 17:32:10 2024
Terminated at Sun Jul 21 18:19:28 2024
Results reported at Sun Jul 21 18:19:28 2024

Your job looked like:

------------------------------------------------------------
# LSBATCH: User input
bash -c "basf2 etapip_gg_fit_v6_toymc_100.py 369 > /home/belle2/jaeyoung/storage_ghi/Ntuples_ghi_2/MC15ri_generic/MC15ri_etaetapip_tight_v2_240419_Kp_BCS_etapi0const/bsub_log//MC15ri_etapip_gg_fitv6_toyMC_100_369.log"
------------------------------------------------------------

Successfully completed.

Resource usage summary:

    CPU time :                                   2808.93 sec.
    Max Memory :                                 1311 MB
    Average Memory :                             930.39 MB
    Total Requested Memory :                     4000.00 MB
    Delta Memory :                               2689.00 MB
    Max Swap :                                   -
    Max Processes :                              19
    Max Threads :                                20
    Run time :                                   2839 sec.
    Turnaround time :                            2875 sec.

The output (if any) follows:



PS:

Read file <./bsub_log/369.err> for stderr output of this job.

Sender: LSF System <lsfadmin@ccb537>
Subject: Job 53202930: <bash -c "basf2 etapip_gg_fit_v6_toymc_100.py 369 > /home/belle2/jaeyoung/storage_ghi/Ntuples_ghi_2/MC15ri_generic/MC15ri_etaetapip_tight_v2_240419_Kp_BCS_etapi0const/bsub_log//MC15ri_etapip_gg_fitv6_toyMC_100_369.log"> in cluster <centralcluster> Exited

Job <bash -c "basf2 etapip_gg_fit_v6_toymc_100.py 369 > /home/belle2/jaeyoung/storage_ghi/Ntuples_ghi_2/MC15ri_generic/MC15ri_etaetapip_tight_v2_240419_Kp_BCS_etapi0const/bsub_log//MC15ri_etapip_gg_fitv6_toyMC_100_369.log"> was submitted from host <ccw03> by user <jaeyoung> in cluster <centralcluster> at Mon Jul 22 00:50:39 2024
Job was executed on host(s) <ccb537>, in queue <s>, as user <jaeyoung> in cluster <centralcluster> at Mon Jul 22 00:52:02 2024
</home/belle2/jaeyoung> was used as the home directory.
</home/belle2/jaeyoung/workspace/DRAW_and_FITTING/main/FITTING/etapip/MC15ri_generic/tight_v2_fit_v6/ToyMC> was used as the working directory.
Started at Mon Jul 22 00:52:02 2024
Terminated at Mon Jul 22 01:10:03 2024
Results reported at Mon Jul 22 01:10:03 2024

Your job looked like:

------------------------------------------------------------
# LSBATCH: User input
bash -c "basf2 etapip_gg_fit_v6_toymc_100.py 369 > /home/belle2/jaeyoung/storage_ghi/Ntuples_ghi_2/MC15ri_generic/MC15ri_etaetapip_tight_v2_240419_Kp_BCS_etapi0const/bsub_log//MC15ri_etapip_gg_fitv6_toyMC_100_369.log"
------------------------------------------------------------

Exited with exit code 1.

Resource usage summary:

    CPU time :                                   1065.09 sec.
    Max Memory :                                 1296 MB
    Average Memory :                             1197.95 MB
    Total Requested Memory :                     4000.00 MB
    Delta Memory :                               2704.00 MB
    Max Swap :                                   -
    Max Processes :                              19
    Max Threads :                                20
    Run time :                                   1082 sec.
    Turnaround time :                            1164 sec.

The output (if any) follows:



PS:

Read file <./bsub_log/369.err> for stderr output of this job.

Sender: LSF System <lsfadmin@ccb534>
Subject: Job 53407203: <bash -c "basf2 etapip_gg_fit_v6_toymc_100.py 369 > /home/belle2/jaeyoung/storage_ghi/Ntuples_ghi_2/MC15ri_generic/MC15ri_etaetapip_tight_v2_240419_Kp_BCS_etapi0const/bsub_log//MC15ri_etapip_gg_fitv6_toyMC_100_369.log"> in cluster <centralcluster> Done

Job <bash -c "basf2 etapip_gg_fit_v6_toymc_100.py 369 > /home/belle2/jaeyoung/storage_ghi/Ntuples_ghi_2/MC15ri_generic/MC15ri_etaetapip_tight_v2_240419_Kp_BCS_etapi0const/bsub_log//MC15ri_etapip_gg_fitv6_toyMC_100_369.log"> was submitted from host <ccw06> by user <jaeyoung> in cluster <centralcluster> at Mon Jul 22 10:49:21 2024
Job was executed on host(s) <ccb534>, in queue <s>, as user <jaeyoung> in cluster <centralcluster> at Mon Jul 22 10:49:56 2024
</home/belle2/jaeyoung> was used as the home directory.
</home/belle2/jaeyoung/workspace/DRAW_and_FITTING/main/FITTING/etapip/MC15ri_generic/tight_v2_fit_v6/ToyMC> was used as the working directory.
Started at Mon Jul 22 10:49:56 2024
Terminated at Mon Jul 22 11:37:07 2024
Results reported at Mon Jul 22 11:37:07 2024

Your job looked like:

------------------------------------------------------------
# LSBATCH: User input
bash -c "basf2 etapip_gg_fit_v6_toymc_100.py 369 > /home/belle2/jaeyoung/storage_ghi/Ntuples_ghi_2/MC15ri_generic/MC15ri_etaetapip_tight_v2_240419_Kp_BCS_etapi0const/bsub_log//MC15ri_etapip_gg_fitv6_toyMC_100_369.log"
------------------------------------------------------------

Successfully completed.

Resource usage summary:

    CPU time :                                   2779.82 sec.
    Max Memory :                                 1311 MB
    Average Memory :                             932.05 MB
    Total Requested Memory :                     4000.00 MB
    Delta Memory :                               2689.00 MB
    Max Swap :                                   -
    Max Processes :                              19
    Max Threads :                                20
    Run time :                                   2832 sec.
    Turnaround time :                            2866 sec.

The output (if any) follows:



PS:

Read file <./bsub_log/369.err> for stderr output of this job.

Sender: LSF System <lsfadmin@ccb227>
Subject: Job 53599458: <bash -c "basf2 etapip_gg_fit_v6_toymc_100.py 369 > /home/belle2/jaeyoung/storage_ghi/Ntuples_ghi_2/MC15ri_generic/MC15ri_etaetapip_tight_v2_240419_Kp_BCS_etapi0const/bsub_log//MC15ri_etapip_gg_fitv6_toyMC_100_369.log"> in cluster <centralcluster> Done

Job <bash -c "basf2 etapip_gg_fit_v6_toymc_100.py 369 > /home/belle2/jaeyoung/storage_ghi/Ntuples_ghi_2/MC15ri_generic/MC15ri_etaetapip_tight_v2_240419_Kp_BCS_etapi0const/bsub_log//MC15ri_etapip_gg_fitv6_toyMC_100_369.log"> was submitted from host <ccw03> by user <jaeyoung> in cluster <centralcluster> at Mon Jul 22 18:35:33 2024
Job was executed on host(s) <ccb227>, in queue <s>, as user <jaeyoung> in cluster <centralcluster> at Mon Jul 22 18:37:18 2024
</home/belle2/jaeyoung> was used as the home directory.
</home/belle2/jaeyoung/workspace/DRAW_and_FITTING/main/FITTING/etapip/MC15ri_generic/tight_v2_fit_v6/ToyMC> was used as the working directory.
Started at Mon Jul 22 18:37:18 2024
Terminated at Mon Jul 22 19:23:42 2024
Results reported at Mon Jul 22 19:23:42 2024

Your job looked like:

------------------------------------------------------------
# LSBATCH: User input
bash -c "basf2 etapip_gg_fit_v6_toymc_100.py 369 > /home/belle2/jaeyoung/storage_ghi/Ntuples_ghi_2/MC15ri_generic/MC15ri_etaetapip_tight_v2_240419_Kp_BCS_etapi0const/bsub_log//MC15ri_etapip_gg_fitv6_toyMC_100_369.log"
------------------------------------------------------------

Successfully completed.

Resource usage summary:

    CPU time :                                   2734.33 sec.
    Max Memory :                                 1347 MB
    Average Memory :                             978.44 MB
    Total Requested Memory :                     4000.00 MB
    Delta Memory :                               2653.00 MB
    Max Swap :                                   -
    Max Processes :                              19
    Max Threads :                                20
    Run time :                                   2785 sec.
    Turnaround time :                            2889 sec.

The output (if any) follows:



PS:

Read file <./bsub_log/369.err> for stderr output of this job.

Sender: LSF System <lsfadmin@ccb113>
Subject: Job 53832709: <bash -c "basf2 etapip_gg_fit_v6_toymc_100.py 369 > /home/belle2/jaeyoung/storage_ghi/Ntuples_ghi_2/MC15ri_generic/MC15ri_etaetapip_tight_v2_240419_Kp_BCS_etapi0const/bsub_log//MC15ri_etapip_gg_fitv6_toyMC_100_369.log"> in cluster <centralcluster> Done

Job <bash -c "basf2 etapip_gg_fit_v6_toymc_100.py 369 > /home/belle2/jaeyoung/storage_ghi/Ntuples_ghi_2/MC15ri_generic/MC15ri_etaetapip_tight_v2_240419_Kp_BCS_etapi0const/bsub_log//MC15ri_etapip_gg_fitv6_toyMC_100_369.log"> was submitted from host <ccw05> by user <jaeyoung> in cluster <centralcluster> at Tue Jul 23 00:50:28 2024
Job was executed on host(s) <ccb113>, in queue <s>, as user <jaeyoung> in cluster <centralcluster> at Tue Jul 23 00:50:45 2024
</home/belle2/jaeyoung> was used as the home directory.
</home/belle2/jaeyoung/workspace/DRAW_and_FITTING/main/FITTING/etapip/MC15ri_generic/tight_v2_fit_v6/ToyMC> was used as the working directory.
Started at Tue Jul 23 00:50:45 2024
Terminated at Tue Jul 23 01:38:33 2024
Results reported at Tue Jul 23 01:38:33 2024

Your job looked like:

------------------------------------------------------------
# LSBATCH: User input
bash -c "basf2 etapip_gg_fit_v6_toymc_100.py 369 > /home/belle2/jaeyoung/storage_ghi/Ntuples_ghi_2/MC15ri_generic/MC15ri_etaetapip_tight_v2_240419_Kp_BCS_etapi0const/bsub_log//MC15ri_etapip_gg_fitv6_toyMC_100_369.log"
------------------------------------------------------------

Successfully completed.

Resource usage summary:

    CPU time :                                   2819.27 sec.
    Max Memory :                                 1311 MB
    Average Memory :                             945.40 MB
    Total Requested Memory :                     4000.00 MB
    Delta Memory :                               2689.00 MB
    Max Swap :                                   -
    Max Processes :                              19
    Max Threads :                                20
    Run time :                                   2868 sec.
    Turnaround time :                            2885 sec.

The output (if any) follows:



PS:

Read file <./bsub_log/369.err> for stderr output of this job.

Sender: LSF System <lsfadmin@ccb102>
Subject: Job 54398287: <bash -c "basf2 etapip_gg_fit_v6_toymc_100.py 369 > /home/belle2/jaeyoung/storage_ghi/Ntuples_ghi_2/MC15ri_generic/MC15ri_etaetapip_tight_v2_240419_Kp_BCS_etapi0const/bsub_log//MC15ri_etapip_gg_fitv6_toyMC_100_369.log"> in cluster <centralcluster> Done

Job <bash -c "basf2 etapip_gg_fit_v6_toymc_100.py 369 > /home/belle2/jaeyoung/storage_ghi/Ntuples_ghi_2/MC15ri_generic/MC15ri_etaetapip_tight_v2_240419_Kp_BCS_etapi0const/bsub_log//MC15ri_etapip_gg_fitv6_toyMC_100_369.log"> was submitted from host <ccw04> by user <jaeyoung> in cluster <centralcluster> at Tue Jul 23 17:59:44 2024
Job was executed on host(s) <ccb102>, in queue <s>, as user <jaeyoung> in cluster <centralcluster> at Tue Jul 23 18:44:49 2024
</home/belle2/jaeyoung> was used as the home directory.
</home/belle2/jaeyoung/workspace/DRAW_and_FITTING/main/FITTING/etapip/MC15ri_generic/tight_v2_fit_v6/ToyMC> was used as the working directory.
Started at Tue Jul 23 18:44:49 2024
Terminated at Tue Jul 23 19:31:54 2024
Results reported at Tue Jul 23 19:31:54 2024

Your job looked like:

------------------------------------------------------------
# LSBATCH: User input
bash -c "basf2 etapip_gg_fit_v6_toymc_100.py 369 > /home/belle2/jaeyoung/storage_ghi/Ntuples_ghi_2/MC15ri_generic/MC15ri_etaetapip_tight_v2_240419_Kp_BCS_etapi0const/bsub_log//MC15ri_etapip_gg_fitv6_toyMC_100_369.log"
------------------------------------------------------------

Successfully completed.

Resource usage summary:

    CPU time :                                   2798.54 sec.
    Max Memory :                                 1327 MB
    Average Memory :                             972.02 MB
    Total Requested Memory :                     4000.00 MB
    Delta Memory :                               2673.00 MB
    Max Swap :                                   -
    Max Processes :                              19
    Max Threads :                                20
    Run time :                                   2826 sec.
    Turnaround time :                            5530 sec.

The output (if any) follows:



PS:

Read file <./bsub_log/369.err> for stderr output of this job.

Sender: LSF System <lsfadmin@ccb047>
Subject: Job 54470924: <bash -c "basf2 etapip_gg_fit_v6_toymc_100.py 369 > /home/belle2/jaeyoung/storage_ghi/Ntuples_ghi_2/MC15ri_generic/MC15ri_etaetapip_tight_v2_240419_Kp_BCS_etapi0const/bsub_log//MC15ri_etapip_gg_fitv6_toyMC_100_369.log"> in cluster <centralcluster> Done

Job <bash -c "basf2 etapip_gg_fit_v6_toymc_100.py 369 > /home/belle2/jaeyoung/storage_ghi/Ntuples_ghi_2/MC15ri_generic/MC15ri_etaetapip_tight_v2_240419_Kp_BCS_etapi0const/bsub_log//MC15ri_etapip_gg_fitv6_toyMC_100_369.log"> was submitted from host <ccw03> by user <jaeyoung> in cluster <centralcluster> at Tue Jul 23 19:38:38 2024
Job was executed on host(s) <ccb047>, in queue <s>, as user <jaeyoung> in cluster <centralcluster> at Tue Jul 23 19:38:39 2024
</home/belle2/jaeyoung> was used as the home directory.
</home/belle2/jaeyoung/workspace/DRAW_and_FITTING/main/FITTING/etapip/MC15ri_generic/tight_v2_fit_v6/ToyMC> was used as the working directory.
Started at Tue Jul 23 19:38:39 2024
Terminated at Tue Jul 23 20:26:29 2024
Results reported at Tue Jul 23 20:26:29 2024

Your job looked like:

------------------------------------------------------------
# LSBATCH: User input
bash -c "basf2 etapip_gg_fit_v6_toymc_100.py 369 > /home/belle2/jaeyoung/storage_ghi/Ntuples_ghi_2/MC15ri_generic/MC15ri_etaetapip_tight_v2_240419_Kp_BCS_etapi0const/bsub_log//MC15ri_etapip_gg_fitv6_toyMC_100_369.log"
------------------------------------------------------------

Successfully completed.

Resource usage summary:

    CPU time :                                   2856.47 sec.
    Max Memory :                                 1311 MB
    Average Memory :                             948.50 MB
    Total Requested Memory :                     4000.00 MB
    Delta Memory :                               2689.00 MB
    Max Swap :                                   -
    Max Processes :                              19
    Max Threads :                                20
    Run time :                                   2871 sec.
    Turnaround time :                            2871 sec.

The output (if any) follows:



PS:

Read file <./bsub_log/369.err> for stderr output of this job.

Sender: LSF System <lsfadmin@ccb052>
Subject: Job 55516075: <bash -c "basf2 etapip_gg_fit_v6_toymc_100.py 369 > /home/belle2/jaeyoung/storage_ghi/Ntuples_ghi_2/MC15ri_generic/MC15ri_etaetapip_tight_v2_240419_Kp_BCS_etapi0const/bsub_log//MC15ri_etapip_gg_fitv6_toyMC_100_369.log"> in cluster <centralcluster> Done

Job <bash -c "basf2 etapip_gg_fit_v6_toymc_100.py 369 > /home/belle2/jaeyoung/storage_ghi/Ntuples_ghi_2/MC15ri_generic/MC15ri_etaetapip_tight_v2_240419_Kp_BCS_etapi0const/bsub_log//MC15ri_etapip_gg_fitv6_toyMC_100_369.log"> was submitted from host <ccw01> by user <jaeyoung> in cluster <centralcluster> at Thu Jul 25 20:51:33 2024
Job was executed on host(s) <ccb052>, in queue <s>, as user <jaeyoung> in cluster <centralcluster> at Thu Jul 25 20:51:35 2024
</home/belle2/jaeyoung> was used as the home directory.
</gpfs/home/belle2/jaeyoung/workspace/DRAW_and_FITTING/main/FITTING/etapip/MC15ri_generic/tight_v2_fit_v6/ToyMC> was used as the working directory.
Started at Thu Jul 25 20:51:35 2024
Terminated at Thu Jul 25 21:40:27 2024
Results reported at Thu Jul 25 21:40:27 2024

Your job looked like:

------------------------------------------------------------
# LSBATCH: User input
bash -c "basf2 etapip_gg_fit_v6_toymc_100.py 369 > /home/belle2/jaeyoung/storage_ghi/Ntuples_ghi_2/MC15ri_generic/MC15ri_etaetapip_tight_v2_240419_Kp_BCS_etapi0const/bsub_log//MC15ri_etapip_gg_fitv6_toyMC_100_369.log"
------------------------------------------------------------

Successfully completed.

Resource usage summary:

    CPU time :                                   2854.06 sec.
    Max Memory :                                 1350 MB
    Average Memory :                             972.65 MB
    Total Requested Memory :                     4000.00 MB
    Delta Memory :                               2650.00 MB
    Max Swap :                                   -
    Max Processes :                              19
    Max Threads :                                20
    Run time :                                   2932 sec.
    Turnaround time :                            2934 sec.

The output (if any) follows:



PS:

Read file <./bsub_log/369.err> for stderr output of this job.

Sender: LSF System <lsfadmin@ccb121>
Subject: Job 56103638: <bash -c "basf2 etapip_gg_fit_v6_toymc_100.py 369 > /home/belle2/jaeyoung/storage_ghi/Ntuples_ghi_2/MC15ri_generic/MC15ri_etaetapip_tight_v2_240419_Kp_BCS_etapi0const/bsub_log//MC15ri_etapip_gg_fitv6_toyMC_100_369.log"> in cluster <centralcluster> Done

Job <bash -c "basf2 etapip_gg_fit_v6_toymc_100.py 369 > /home/belle2/jaeyoung/storage_ghi/Ntuples_ghi_2/MC15ri_generic/MC15ri_etaetapip_tight_v2_240419_Kp_BCS_etapi0const/bsub_log//MC15ri_etapip_gg_fitv6_toyMC_100_369.log"> was submitted from host <ccw06> by user <jaeyoung> in cluster <centralcluster> at Fri Jul 26 23:44:21 2024
Job was executed on host(s) <ccb121>, in queue <s>, as user <jaeyoung> in cluster <centralcluster> at Sat Jul 27 00:22:35 2024
</home/belle2/jaeyoung> was used as the home directory.
</home/belle2/jaeyoung/workspace/DRAW_and_FITTING/main/FITTING/etapip/MC15ri_generic/tight_v2_fit_v6/ToyMC> was used as the working directory.
Started at Sat Jul 27 00:22:35 2024
Terminated at Sat Jul 27 00:55:36 2024
Results reported at Sat Jul 27 00:55:36 2024

Your job looked like:

------------------------------------------------------------
# LSBATCH: User input
bash -c "basf2 etapip_gg_fit_v6_toymc_100.py 369 > /home/belle2/jaeyoung/storage_ghi/Ntuples_ghi_2/MC15ri_generic/MC15ri_etaetapip_tight_v2_240419_Kp_BCS_etapi0const/bsub_log//MC15ri_etapip_gg_fitv6_toyMC_100_369.log"
------------------------------------------------------------

Successfully completed.

Resource usage summary:

    CPU time :                                   1886.20 sec.
    Max Memory :                                 917 MB
    Average Memory :                             649.50 MB
    Total Requested Memory :                     4000.00 MB
    Delta Memory :                               3083.00 MB
    Max Swap :                                   -
    Max Processes :                              19
    Max Threads :                                20
    Run time :                                   1982 sec.
    Turnaround time :                            4275 sec.

The output (if any) follows:



PS:

Read file <./bsub_log/369.err> for stderr output of this job.

Sender: LSF System <lsfadmin@ccb192>
Subject: Job 56133736: <bash -c "basf2 etapip_gg_fit_v6_toymc_100.py 369 > /home/belle2/jaeyoung/storage_ghi/Ntuples_ghi_2/MC15ri_generic/MC15ri_etaetapip_tight_v2_240419_Kp_BCS_etapi0const/bsub_log//MC15ri_etapip_gg_fitv6_toyMC_100_369.log"> in cluster <centralcluster> Done

Job <bash -c "basf2 etapip_gg_fit_v6_toymc_100.py 369 > /home/belle2/jaeyoung/storage_ghi/Ntuples_ghi_2/MC15ri_generic/MC15ri_etaetapip_tight_v2_240419_Kp_BCS_etapi0const/bsub_log//MC15ri_etapip_gg_fitv6_toyMC_100_369.log"> was submitted from host <ccw03> by user <jaeyoung> in cluster <centralcluster> at Sat Jul 27 01:13:50 2024
Job was executed on host(s) <ccb192>, in queue <s>, as user <jaeyoung> in cluster <centralcluster> at Sat Jul 27 03:05:30 2024
</home/belle2/jaeyoung> was used as the home directory.
</gpfs/home/belle2/jaeyoung/workspace/DRAW_and_FITTING/main/FITTING/etapip/MC15ri_generic/tight_v2_fit_v6/ToyMC> was used as the working directory.
Started at Sat Jul 27 03:05:30 2024
Terminated at Sat Jul 27 03:44:29 2024
Results reported at Sat Jul 27 03:44:29 2024

Your job looked like:

------------------------------------------------------------
# LSBATCH: User input
bash -c "basf2 etapip_gg_fit_v6_toymc_100.py 369 > /home/belle2/jaeyoung/storage_ghi/Ntuples_ghi_2/MC15ri_generic/MC15ri_etaetapip_tight_v2_240419_Kp_BCS_etapi0const/bsub_log//MC15ri_etapip_gg_fitv6_toyMC_100_369.log"
------------------------------------------------------------

Successfully completed.

Resource usage summary:

    CPU time :                                   2301.90 sec.
    Max Memory :                                 909 MB
    Average Memory :                             661.81 MB
    Total Requested Memory :                     4000.00 MB
    Delta Memory :                               3091.00 MB
    Max Swap :                                   -
    Max Processes :                              19
    Max Threads :                                20
    Run time :                                   2339 sec.
    Turnaround time :                            9039 sec.

The output (if any) follows:



PS:

Read file <./bsub_log/369.err> for stderr output of this job.

