Sender: LSF System <lsfadmin@ccb053>
Subject: Job 52359617: <bash -c "basf2 etapip_gg_fit_v6_toymc_100.py 376 > /home/belle2/jaeyoung/storage_ghi/Ntuples_ghi_2/MC15ri_generic/MC15ri_etaetapip_tight_v2_240419_Kp_BCS_etapi0const/bsub_log//MC15ri_etapip_gg_fitv6_toyMC_100_376.log"> in cluster <centralcluster> Done

Job <bash -c "basf2 etapip_gg_fit_v6_toymc_100.py 376 > /home/belle2/jaeyoung/storage_ghi/Ntuples_ghi_2/MC15ri_generic/MC15ri_etaetapip_tight_v2_240419_Kp_BCS_etapi0const/bsub_log//MC15ri_etapip_gg_fitv6_toyMC_100_376.log"> was submitted from host <ccw02> by user <jaeyoung> in cluster <centralcluster> at Sat Jul 20 14:40:13 2024
Job was executed on host(s) <ccb053>, in queue <s>, as user <jaeyoung> in cluster <centralcluster> at Sat Jul 20 14:44:02 2024
</home/belle2/jaeyoung> was used as the home directory.
</home/belle2/jaeyoung/workspace/DRAW_and_FITTING/main/FITTING/etapip/MC15ri_generic/tight_v2_fit_v6/ToyMC> was used as the working directory.
Started at Sat Jul 20 14:44:02 2024
Terminated at Sat Jul 20 15:33:24 2024
Results reported at Sat Jul 20 15:33:24 2024

Your job looked like:

------------------------------------------------------------
# LSBATCH: User input
bash -c "basf2 etapip_gg_fit_v6_toymc_100.py 376 > /home/belle2/jaeyoung/storage_ghi/Ntuples_ghi_2/MC15ri_generic/MC15ri_etaetapip_tight_v2_240419_Kp_BCS_etapi0const/bsub_log//MC15ri_etapip_gg_fitv6_toyMC_100_376.log"
------------------------------------------------------------

Successfully completed.

Resource usage summary:

    CPU time :                                   2944.07 sec.
    Max Memory :                                 1311 MB
    Average Memory :                             925.06 MB
    Total Requested Memory :                     4000.00 MB
    Delta Memory :                               2689.00 MB
    Max Swap :                                   -
    Max Processes :                              19
    Max Threads :                                20
    Run time :                                   2963 sec.
    Turnaround time :                            3191 sec.

The output (if any) follows:



PS:

Read file <./bsub_log/376.err> for stderr output of this job.

Sender: LSF System <lsfadmin@ccb252>
Subject: Job 53030461: <bash -c "basf2 etapip_gg_fit_v6_toymc_100.py 376 > /home/belle2/jaeyoung/storage_ghi/Ntuples_ghi_2/MC15ri_generic/MC15ri_etaetapip_tight_v2_240419_Kp_BCS_etapi0const/bsub_log//MC15ri_etapip_gg_fitv6_toyMC_100_376.log"> in cluster <centralcluster> Done

Job <bash -c "basf2 etapip_gg_fit_v6_toymc_100.py 376 > /home/belle2/jaeyoung/storage_ghi/Ntuples_ghi_2/MC15ri_generic/MC15ri_etaetapip_tight_v2_240419_Kp_BCS_etapi0const/bsub_log//MC15ri_etapip_gg_fitv6_toyMC_100_376.log"> was submitted from host <ccw03> by user <jaeyoung> in cluster <centralcluster> at Sun Jul 21 17:31:35 2024
Job was executed on host(s) <ccb252>, in queue <s>, as user <jaeyoung> in cluster <centralcluster> at Sun Jul 21 17:32:15 2024
</home/belle2/jaeyoung> was used as the home directory.
</home/belle2/jaeyoung/workspace/DRAW_and_FITTING/main/FITTING/etapip/MC15ri_generic/tight_v2_fit_v6/ToyMC> was used as the working directory.
Started at Sun Jul 21 17:32:15 2024
Terminated at Sun Jul 21 18:21:03 2024
Results reported at Sun Jul 21 18:21:03 2024

Your job looked like:

------------------------------------------------------------
# LSBATCH: User input
bash -c "basf2 etapip_gg_fit_v6_toymc_100.py 376 > /home/belle2/jaeyoung/storage_ghi/Ntuples_ghi_2/MC15ri_generic/MC15ri_etaetapip_tight_v2_240419_Kp_BCS_etapi0const/bsub_log//MC15ri_etapip_gg_fitv6_toyMC_100_376.log"
------------------------------------------------------------

Successfully completed.

Resource usage summary:

    CPU time :                                   2877.77 sec.
    Max Memory :                                 1311 MB
    Average Memory :                             946.53 MB
    Total Requested Memory :                     4000.00 MB
    Delta Memory :                               2689.00 MB
    Max Swap :                                   -
    Max Processes :                              19
    Max Threads :                                20
    Run time :                                   2929 sec.
    Turnaround time :                            2968 sec.

The output (if any) follows:



PS:

Read file <./bsub_log/376.err> for stderr output of this job.

Sender: LSF System <lsfadmin@ccb113>
Subject: Job 53202952: <bash -c "basf2 etapip_gg_fit_v6_toymc_100.py 376 > /home/belle2/jaeyoung/storage_ghi/Ntuples_ghi_2/MC15ri_generic/MC15ri_etaetapip_tight_v2_240419_Kp_BCS_etapi0const/bsub_log//MC15ri_etapip_gg_fitv6_toyMC_100_376.log"> in cluster <centralcluster> Exited

Job <bash -c "basf2 etapip_gg_fit_v6_toymc_100.py 376 > /home/belle2/jaeyoung/storage_ghi/Ntuples_ghi_2/MC15ri_generic/MC15ri_etaetapip_tight_v2_240419_Kp_BCS_etapi0const/bsub_log//MC15ri_etapip_gg_fitv6_toyMC_100_376.log"> was submitted from host <ccw03> by user <jaeyoung> in cluster <centralcluster> at Mon Jul 22 00:50:41 2024
Job was executed on host(s) <ccb113>, in queue <s>, as user <jaeyoung> in cluster <centralcluster> at Mon Jul 22 00:52:07 2024
</home/belle2/jaeyoung> was used as the home directory.
</home/belle2/jaeyoung/workspace/DRAW_and_FITTING/main/FITTING/etapip/MC15ri_generic/tight_v2_fit_v6/ToyMC> was used as the working directory.
Started at Mon Jul 22 00:52:07 2024
Terminated at Mon Jul 22 01:09:23 2024
Results reported at Mon Jul 22 01:09:23 2024

Your job looked like:

------------------------------------------------------------
# LSBATCH: User input
bash -c "basf2 etapip_gg_fit_v6_toymc_100.py 376 > /home/belle2/jaeyoung/storage_ghi/Ntuples_ghi_2/MC15ri_generic/MC15ri_etaetapip_tight_v2_240419_Kp_BCS_etapi0const/bsub_log//MC15ri_etapip_gg_fitv6_toyMC_100_376.log"
------------------------------------------------------------

Exited with exit code 1.

Resource usage summary:

    CPU time :                                   1031.64 sec.
    Max Memory :                                 1253 MB
    Average Memory :                             1168.58 MB
    Total Requested Memory :                     4000.00 MB
    Delta Memory :                               2747.00 MB
    Max Swap :                                   -
    Max Processes :                              19
    Max Threads :                                20
    Run time :                                   1037 sec.
    Turnaround time :                            1122 sec.

The output (if any) follows:



PS:

Read file <./bsub_log/376.err> for stderr output of this job.

Sender: LSF System <lsfadmin@ccb061>
Subject: Job 53407218: <bash -c "basf2 etapip_gg_fit_v6_toymc_100.py 376 > /home/belle2/jaeyoung/storage_ghi/Ntuples_ghi_2/MC15ri_generic/MC15ri_etaetapip_tight_v2_240419_Kp_BCS_etapi0const/bsub_log//MC15ri_etapip_gg_fitv6_toyMC_100_376.log"> in cluster <centralcluster> Done

Job <bash -c "basf2 etapip_gg_fit_v6_toymc_100.py 376 > /home/belle2/jaeyoung/storage_ghi/Ntuples_ghi_2/MC15ri_generic/MC15ri_etaetapip_tight_v2_240419_Kp_BCS_etapi0const/bsub_log//MC15ri_etapip_gg_fitv6_toyMC_100_376.log"> was submitted from host <ccw06> by user <jaeyoung> in cluster <centralcluster> at Mon Jul 22 10:49:23 2024
Job was executed on host(s) <ccb061>, in queue <s>, as user <jaeyoung> in cluster <centralcluster> at Mon Jul 22 10:49:58 2024
</home/belle2/jaeyoung> was used as the home directory.
</home/belle2/jaeyoung/workspace/DRAW_and_FITTING/main/FITTING/etapip/MC15ri_generic/tight_v2_fit_v6/ToyMC> was used as the working directory.
Started at Mon Jul 22 10:49:58 2024
Terminated at Mon Jul 22 11:35:26 2024
Results reported at Mon Jul 22 11:35:26 2024

Your job looked like:

------------------------------------------------------------
# LSBATCH: User input
bash -c "basf2 etapip_gg_fit_v6_toymc_100.py 376 > /home/belle2/jaeyoung/storage_ghi/Ntuples_ghi_2/MC15ri_generic/MC15ri_etaetapip_tight_v2_240419_Kp_BCS_etapi0const/bsub_log//MC15ri_etapip_gg_fitv6_toyMC_100_376.log"
------------------------------------------------------------

Successfully completed.

Resource usage summary:

    CPU time :                                   2709.77 sec.
    Max Memory :                                 1311 MB
    Average Memory :                             946.90 MB
    Total Requested Memory :                     4000.00 MB
    Delta Memory :                               2689.00 MB
    Max Swap :                                   -
    Max Processes :                              19
    Max Threads :                                20
    Run time :                                   2728 sec.
    Turnaround time :                            2763 sec.

The output (if any) follows:



PS:

Read file <./bsub_log/376.err> for stderr output of this job.

Sender: LSF System <lsfadmin@ccb510>
Subject: Job 53599481: <bash -c "basf2 etapip_gg_fit_v6_toymc_100.py 376 > /home/belle2/jaeyoung/storage_ghi/Ntuples_ghi_2/MC15ri_generic/MC15ri_etaetapip_tight_v2_240419_Kp_BCS_etapi0const/bsub_log//MC15ri_etapip_gg_fitv6_toyMC_100_376.log"> in cluster <centralcluster> Done

Job <bash -c "basf2 etapip_gg_fit_v6_toymc_100.py 376 > /home/belle2/jaeyoung/storage_ghi/Ntuples_ghi_2/MC15ri_generic/MC15ri_etaetapip_tight_v2_240419_Kp_BCS_etapi0const/bsub_log//MC15ri_etapip_gg_fitv6_toyMC_100_376.log"> was submitted from host <ccw03> by user <jaeyoung> in cluster <centralcluster> at Mon Jul 22 18:35:35 2024
Job was executed on host(s) <ccb510>, in queue <s>, as user <jaeyoung> in cluster <centralcluster> at Mon Jul 22 18:37:19 2024
</home/belle2/jaeyoung> was used as the home directory.
</home/belle2/jaeyoung/workspace/DRAW_and_FITTING/main/FITTING/etapip/MC15ri_generic/tight_v2_fit_v6/ToyMC> was used as the working directory.
Started at Mon Jul 22 18:37:19 2024
Terminated at Mon Jul 22 19:24:13 2024
Results reported at Mon Jul 22 19:24:13 2024

Your job looked like:

------------------------------------------------------------
# LSBATCH: User input
bash -c "basf2 etapip_gg_fit_v6_toymc_100.py 376 > /home/belle2/jaeyoung/storage_ghi/Ntuples_ghi_2/MC15ri_generic/MC15ri_etaetapip_tight_v2_240419_Kp_BCS_etapi0const/bsub_log//MC15ri_etapip_gg_fitv6_toyMC_100_376.log"
------------------------------------------------------------

Successfully completed.

Resource usage summary:

    CPU time :                                   2801.30 sec.
    Max Memory :                                 1311 MB
    Average Memory :                             953.96 MB
    Total Requested Memory :                     4000.00 MB
    Delta Memory :                               2689.00 MB
    Max Swap :                                   -
    Max Processes :                              19
    Max Threads :                                20
    Run time :                                   2815 sec.
    Turnaround time :                            2918 sec.

The output (if any) follows:



PS:

Read file <./bsub_log/376.err> for stderr output of this job.

Sender: LSF System <lsfadmin@ccb282>
Subject: Job 53832736: <bash -c "basf2 etapip_gg_fit_v6_toymc_100.py 376 > /home/belle2/jaeyoung/storage_ghi/Ntuples_ghi_2/MC15ri_generic/MC15ri_etaetapip_tight_v2_240419_Kp_BCS_etapi0const/bsub_log//MC15ri_etapip_gg_fitv6_toyMC_100_376.log"> in cluster <centralcluster> Done

Job <bash -c "basf2 etapip_gg_fit_v6_toymc_100.py 376 > /home/belle2/jaeyoung/storage_ghi/Ntuples_ghi_2/MC15ri_generic/MC15ri_etaetapip_tight_v2_240419_Kp_BCS_etapi0const/bsub_log//MC15ri_etapip_gg_fitv6_toyMC_100_376.log"> was submitted from host <ccw05> by user <jaeyoung> in cluster <centralcluster> at Tue Jul 23 00:50:31 2024
Job was executed on host(s) <ccb282>, in queue <s>, as user <jaeyoung> in cluster <centralcluster> at Tue Jul 23 00:50:46 2024
</home/belle2/jaeyoung> was used as the home directory.
</home/belle2/jaeyoung/workspace/DRAW_and_FITTING/main/FITTING/etapip/MC15ri_generic/tight_v2_fit_v6/ToyMC> was used as the working directory.
Started at Tue Jul 23 00:50:46 2024
Terminated at Tue Jul 23 01:38:12 2024
Results reported at Tue Jul 23 01:38:12 2024

Your job looked like:

------------------------------------------------------------
# LSBATCH: User input
bash -c "basf2 etapip_gg_fit_v6_toymc_100.py 376 > /home/belle2/jaeyoung/storage_ghi/Ntuples_ghi_2/MC15ri_generic/MC15ri_etaetapip_tight_v2_240419_Kp_BCS_etapi0const/bsub_log//MC15ri_etapip_gg_fitv6_toyMC_100_376.log"
------------------------------------------------------------

Successfully completed.

Resource usage summary:

    CPU time :                                   2791.04 sec.
    Max Memory :                                 1311 MB
    Average Memory :                             941.83 MB
    Total Requested Memory :                     4000.00 MB
    Delta Memory :                               2689.00 MB
    Max Swap :                                   -
    Max Processes :                              19
    Max Threads :                                20
    Run time :                                   2847 sec.
    Turnaround time :                            2861 sec.

The output (if any) follows:



PS:

Read file <./bsub_log/376.err> for stderr output of this job.

Sender: LSF System <lsfadmin@ccb118>
Subject: Job 54398315: <bash -c "basf2 etapip_gg_fit_v6_toymc_100.py 376 > /home/belle2/jaeyoung/storage_ghi/Ntuples_ghi_2/MC15ri_generic/MC15ri_etaetapip_tight_v2_240419_Kp_BCS_etapi0const/bsub_log//MC15ri_etapip_gg_fitv6_toyMC_100_376.log"> in cluster <centralcluster> Done

Job <bash -c "basf2 etapip_gg_fit_v6_toymc_100.py 376 > /home/belle2/jaeyoung/storage_ghi/Ntuples_ghi_2/MC15ri_generic/MC15ri_etaetapip_tight_v2_240419_Kp_BCS_etapi0const/bsub_log//MC15ri_etapip_gg_fitv6_toyMC_100_376.log"> was submitted from host <ccw04> by user <jaeyoung> in cluster <centralcluster> at Tue Jul 23 17:59:47 2024
Job was executed on host(s) <ccb118>, in queue <s>, as user <jaeyoung> in cluster <centralcluster> at Tue Jul 23 18:45:46 2024
</home/belle2/jaeyoung> was used as the home directory.
</home/belle2/jaeyoung/workspace/DRAW_and_FITTING/main/FITTING/etapip/MC15ri_generic/tight_v2_fit_v6/ToyMC> was used as the working directory.
Started at Tue Jul 23 18:45:46 2024
Terminated at Tue Jul 23 19:33:37 2024
Results reported at Tue Jul 23 19:33:37 2024

Your job looked like:

------------------------------------------------------------
# LSBATCH: User input
bash -c "basf2 etapip_gg_fit_v6_toymc_100.py 376 > /home/belle2/jaeyoung/storage_ghi/Ntuples_ghi_2/MC15ri_generic/MC15ri_etaetapip_tight_v2_240419_Kp_BCS_etapi0const/bsub_log//MC15ri_etapip_gg_fitv6_toyMC_100_376.log"
------------------------------------------------------------

Successfully completed.

Resource usage summary:

    CPU time :                                   2835.04 sec.
    Max Memory :                                 1313 MB
    Average Memory :                             953.47 MB
    Total Requested Memory :                     4000.00 MB
    Delta Memory :                               2687.00 MB
    Max Swap :                                   -
    Max Processes :                              19
    Max Threads :                                20
    Run time :                                   2871 sec.
    Turnaround time :                            5630 sec.

The output (if any) follows:



PS:

Read file <./bsub_log/376.err> for stderr output of this job.

Sender: LSF System <lsfadmin@ccb204>
Subject: Job 54470966: <bash -c "basf2 etapip_gg_fit_v6_toymc_100.py 376 > /home/belle2/jaeyoung/storage_ghi/Ntuples_ghi_2/MC15ri_generic/MC15ri_etaetapip_tight_v2_240419_Kp_BCS_etapi0const/bsub_log//MC15ri_etapip_gg_fitv6_toyMC_100_376.log"> in cluster <centralcluster> Done

Job <bash -c "basf2 etapip_gg_fit_v6_toymc_100.py 376 > /home/belle2/jaeyoung/storage_ghi/Ntuples_ghi_2/MC15ri_generic/MC15ri_etaetapip_tight_v2_240419_Kp_BCS_etapi0const/bsub_log//MC15ri_etapip_gg_fitv6_toyMC_100_376.log"> was submitted from host <ccw03> by user <jaeyoung> in cluster <centralcluster> at Tue Jul 23 19:38:41 2024
Job was executed on host(s) <ccb204>, in queue <s>, as user <jaeyoung> in cluster <centralcluster> at Tue Jul 23 19:38:42 2024
</home/belle2/jaeyoung> was used as the home directory.
</home/belle2/jaeyoung/workspace/DRAW_and_FITTING/main/FITTING/etapip/MC15ri_generic/tight_v2_fit_v6/ToyMC> was used as the working directory.
Started at Tue Jul 23 19:38:42 2024
Terminated at Tue Jul 23 20:24:08 2024
Results reported at Tue Jul 23 20:24:08 2024

Your job looked like:

------------------------------------------------------------
# LSBATCH: User input
bash -c "basf2 etapip_gg_fit_v6_toymc_100.py 376 > /home/belle2/jaeyoung/storage_ghi/Ntuples_ghi_2/MC15ri_generic/MC15ri_etaetapip_tight_v2_240419_Kp_BCS_etapi0const/bsub_log//MC15ri_etapip_gg_fitv6_toyMC_100_376.log"
------------------------------------------------------------

Successfully completed.

Resource usage summary:

    CPU time :                                   2701.57 sec.
    Max Memory :                                 1319 MB
    Average Memory :                             982.55 MB
    Total Requested Memory :                     4000.00 MB
    Delta Memory :                               2681.00 MB
    Max Swap :                                   -
    Max Processes :                              19
    Max Threads :                                20
    Run time :                                   2727 sec.
    Turnaround time :                            2727 sec.

The output (if any) follows:



PS:

Read file <./bsub_log/376.err> for stderr output of this job.

Sender: LSF System <lsfadmin@ccb200>
Subject: Job 55516100: <bash -c "basf2 etapip_gg_fit_v6_toymc_100.py 376 > /home/belle2/jaeyoung/storage_ghi/Ntuples_ghi_2/MC15ri_generic/MC15ri_etaetapip_tight_v2_240419_Kp_BCS_etapi0const/bsub_log//MC15ri_etapip_gg_fitv6_toyMC_100_376.log"> in cluster <centralcluster> Done

Job <bash -c "basf2 etapip_gg_fit_v6_toymc_100.py 376 > /home/belle2/jaeyoung/storage_ghi/Ntuples_ghi_2/MC15ri_generic/MC15ri_etaetapip_tight_v2_240419_Kp_BCS_etapi0const/bsub_log//MC15ri_etapip_gg_fitv6_toyMC_100_376.log"> was submitted from host <ccw01> by user <jaeyoung> in cluster <centralcluster> at Thu Jul 25 20:51:36 2024
Job was executed on host(s) <ccb200>, in queue <s>, as user <jaeyoung> in cluster <centralcluster> at Thu Jul 25 20:51:36 2024
</home/belle2/jaeyoung> was used as the home directory.
</gpfs/home/belle2/jaeyoung/workspace/DRAW_and_FITTING/main/FITTING/etapip/MC15ri_generic/tight_v2_fit_v6/ToyMC> was used as the working directory.
Started at Thu Jul 25 20:51:36 2024
Terminated at Thu Jul 25 21:38:46 2024
Results reported at Thu Jul 25 21:38:46 2024

Your job looked like:

------------------------------------------------------------
# LSBATCH: User input
bash -c "basf2 etapip_gg_fit_v6_toymc_100.py 376 > /home/belle2/jaeyoung/storage_ghi/Ntuples_ghi_2/MC15ri_generic/MC15ri_etaetapip_tight_v2_240419_Kp_BCS_etapi0const/bsub_log//MC15ri_etapip_gg_fitv6_toyMC_100_376.log"
------------------------------------------------------------

Successfully completed.

Resource usage summary:

    CPU time :                                   2758.61 sec.
    Max Memory :                                 1315 MB
    Average Memory :                             963.69 MB
    Total Requested Memory :                     4000.00 MB
    Delta Memory :                               2685.00 MB
    Max Swap :                                   -
    Max Processes :                              19
    Max Threads :                                20
    Run time :                                   2830 sec.
    Turnaround time :                            2830 sec.

The output (if any) follows:



PS:

Read file <./bsub_log/376.err> for stderr output of this job.

Sender: LSF System <lsfadmin@ccb189>
Subject: Job 56103667: <bash -c "basf2 etapip_gg_fit_v6_toymc_100.py 376 > /home/belle2/jaeyoung/storage_ghi/Ntuples_ghi_2/MC15ri_generic/MC15ri_etaetapip_tight_v2_240419_Kp_BCS_etapi0const/bsub_log//MC15ri_etapip_gg_fitv6_toyMC_100_376.log"> in cluster <centralcluster> Done

Job <bash -c "basf2 etapip_gg_fit_v6_toymc_100.py 376 > /home/belle2/jaeyoung/storage_ghi/Ntuples_ghi_2/MC15ri_generic/MC15ri_etaetapip_tight_v2_240419_Kp_BCS_etapi0const/bsub_log//MC15ri_etapip_gg_fitv6_toyMC_100_376.log"> was submitted from host <ccw06> by user <jaeyoung> in cluster <centralcluster> at Fri Jul 26 23:44:23 2024
Job was executed on host(s) <ccb189>, in queue <s>, as user <jaeyoung> in cluster <centralcluster> at Sat Jul 27 00:22:40 2024
</home/belle2/jaeyoung> was used as the home directory.
</home/belle2/jaeyoung/workspace/DRAW_and_FITTING/main/FITTING/etapip/MC15ri_generic/tight_v2_fit_v6/ToyMC> was used as the working directory.
Started at Sat Jul 27 00:22:40 2024
Terminated at Sat Jul 27 00:56:11 2024
Results reported at Sat Jul 27 00:56:11 2024

Your job looked like:

------------------------------------------------------------
# LSBATCH: User input
bash -c "basf2 etapip_gg_fit_v6_toymc_100.py 376 > /home/belle2/jaeyoung/storage_ghi/Ntuples_ghi_2/MC15ri_generic/MC15ri_etaetapip_tight_v2_240419_Kp_BCS_etapi0const/bsub_log//MC15ri_etapip_gg_fitv6_toyMC_100_376.log"
------------------------------------------------------------

Successfully completed.

Resource usage summary:

    CPU time :                                   1903.22 sec.
    Max Memory :                                 899 MB
    Average Memory :                             646.44 MB
    Total Requested Memory :                     4000.00 MB
    Delta Memory :                               3101.00 MB
    Max Swap :                                   -
    Max Processes :                              19
    Max Threads :                                20
    Run time :                                   2012 sec.
    Turnaround time :                            4308 sec.

The output (if any) follows:



PS:

Read file <./bsub_log/376.err> for stderr output of this job.

Sender: LSF System <lsfadmin@ccb045>
Subject: Job 56133744: <bash -c "basf2 etapip_gg_fit_v6_toymc_100.py 376 > /home/belle2/jaeyoung/storage_ghi/Ntuples_ghi_2/MC15ri_generic/MC15ri_etaetapip_tight_v2_240419_Kp_BCS_etapi0const/bsub_log//MC15ri_etapip_gg_fitv6_toyMC_100_376.log"> in cluster <centralcluster> Done

Job <bash -c "basf2 etapip_gg_fit_v6_toymc_100.py 376 > /home/belle2/jaeyoung/storage_ghi/Ntuples_ghi_2/MC15ri_generic/MC15ri_etaetapip_tight_v2_240419_Kp_BCS_etapi0const/bsub_log//MC15ri_etapip_gg_fitv6_toyMC_100_376.log"> was submitted from host <ccw03> by user <jaeyoung> in cluster <centralcluster> at Sat Jul 27 01:13:51 2024
Job was executed on host(s) <ccb045>, in queue <s>, as user <jaeyoung> in cluster <centralcluster> at Sat Jul 27 03:05:33 2024
</home/belle2/jaeyoung> was used as the home directory.
</gpfs/home/belle2/jaeyoung/workspace/DRAW_and_FITTING/main/FITTING/etapip/MC15ri_generic/tight_v2_fit_v6/ToyMC> was used as the working directory.
Started at Sat Jul 27 03:05:33 2024
Terminated at Sat Jul 27 03:44:53 2024
Results reported at Sat Jul 27 03:44:53 2024

Your job looked like:

------------------------------------------------------------
# LSBATCH: User input
bash -c "basf2 etapip_gg_fit_v6_toymc_100.py 376 > /home/belle2/jaeyoung/storage_ghi/Ntuples_ghi_2/MC15ri_generic/MC15ri_etaetapip_tight_v2_240419_Kp_BCS_etapi0const/bsub_log//MC15ri_etapip_gg_fitv6_toyMC_100_376.log"
------------------------------------------------------------

Successfully completed.

Resource usage summary:

    CPU time :                                   2335.89 sec.
    Max Memory :                                 917 MB
    Average Memory :                             657.34 MB
    Total Requested Memory :                     4000.00 MB
    Delta Memory :                               3083.00 MB
    Max Swap :                                   -
    Max Processes :                              19
    Max Threads :                                20
    Run time :                                   2359 sec.
    Turnaround time :                            9062 sec.

The output (if any) follows:



PS:

Read file <./bsub_log/376.err> for stderr output of this job.

