Sender: LSF System <lsfadmin@ccb110>
Subject: Job 51906808: <bash -c "basf2 etapip_gg_fit_v6_toymc_100.py 38 > /home/belle2/jaeyoung/storage_ghi/Ntuples_ghi_2/MC15ri_generic/MC15ri_etaetapip_tight_v2_240419_Kp_BCS_etapi0const/bsub_log//MC15ri_etapip_gg_fitv6_toyMC_100_38.log"> in cluster <centralcluster> Done

Job <bash -c "basf2 etapip_gg_fit_v6_toymc_100.py 38 > /home/belle2/jaeyoung/storage_ghi/Ntuples_ghi_2/MC15ri_generic/MC15ri_etaetapip_tight_v2_240419_Kp_BCS_etapi0const/bsub_log//MC15ri_etapip_gg_fitv6_toyMC_100_38.log"> was submitted from host <ccw03> by user <jaeyoung> in cluster <centralcluster> at Fri Jul 19 17:59:53 2024
Job was executed on host(s) <ccb110>, in queue <s>, as user <jaeyoung> in cluster <centralcluster> at Fri Jul 19 17:59:53 2024
</home/belle2/jaeyoung> was used as the home directory.
</home/belle2/jaeyoung/workspace/DRAW_and_FITTING/main/FITTING/etapip/MC15ri_generic/tight_v2_fit_v6/ToyMC> was used as the working directory.
Started at Fri Jul 19 17:59:53 2024
Terminated at Fri Jul 19 18:48:47 2024
Results reported at Fri Jul 19 18:48:47 2024

Your job looked like:

------------------------------------------------------------
# LSBATCH: User input
bash -c "basf2 etapip_gg_fit_v6_toymc_100.py 38 > /home/belle2/jaeyoung/storage_ghi/Ntuples_ghi_2/MC15ri_generic/MC15ri_etaetapip_tight_v2_240419_Kp_BCS_etapi0const/bsub_log//MC15ri_etapip_gg_fitv6_toyMC_100_38.log"
------------------------------------------------------------

Successfully completed.

Resource usage summary:

    CPU time :                                   2886.69 sec.
    Max Memory :                                 1313 MB
    Average Memory :                             932.76 MB
    Total Requested Memory :                     4000.00 MB
    Delta Memory :                               2687.00 MB
    Max Swap :                                   -
    Max Processes :                              19
    Max Threads :                                20
    Run time :                                   2934 sec.
    Turnaround time :                            2934 sec.

The output (if any) follows:



PS:

Read file <./bsub_log/38.err> for stderr output of this job.

Sender: LSF System <lsfadmin@ccb021>
Subject: Job 52358929: <bash -c "basf2 etapip_gg_fit_v6_toymc_100.py 38 > /home/belle2/jaeyoung/storage_ghi/Ntuples_ghi_2/MC15ri_generic/MC15ri_etaetapip_tight_v2_240419_Kp_BCS_etapi0const/bsub_log//MC15ri_etapip_gg_fitv6_toyMC_100_38.log"> in cluster <centralcluster> Done

Job <bash -c "basf2 etapip_gg_fit_v6_toymc_100.py 38 > /home/belle2/jaeyoung/storage_ghi/Ntuples_ghi_2/MC15ri_generic/MC15ri_etaetapip_tight_v2_240419_Kp_BCS_etapi0const/bsub_log//MC15ri_etapip_gg_fitv6_toyMC_100_38.log"> was submitted from host <ccw02> by user <jaeyoung> in cluster <centralcluster> at Sat Jul 20 14:38:16 2024
Job was executed on host(s) <ccb021>, in queue <s>, as user <jaeyoung> in cluster <centralcluster> at Sat Jul 20 14:38:20 2024
</home/belle2/jaeyoung> was used as the home directory.
</home/belle2/jaeyoung/workspace/DRAW_and_FITTING/main/FITTING/etapip/MC15ri_generic/tight_v2_fit_v6/ToyMC> was used as the working directory.
Started at Sat Jul 20 14:38:20 2024
Terminated at Sat Jul 20 15:26:36 2024
Results reported at Sat Jul 20 15:26:36 2024

Your job looked like:

------------------------------------------------------------
# LSBATCH: User input
bash -c "basf2 etapip_gg_fit_v6_toymc_100.py 38 > /home/belle2/jaeyoung/storage_ghi/Ntuples_ghi_2/MC15ri_generic/MC15ri_etaetapip_tight_v2_240419_Kp_BCS_etapi0const/bsub_log//MC15ri_etapip_gg_fitv6_toyMC_100_38.log"
------------------------------------------------------------

Successfully completed.

Resource usage summary:

    CPU time :                                   2880.93 sec.
    Max Memory :                                 1311 MB
    Average Memory :                             940.94 MB
    Total Requested Memory :                     4000.00 MB
    Delta Memory :                               2689.00 MB
    Max Swap :                                   -
    Max Processes :                              19
    Max Threads :                                20
    Run time :                                   2895 sec.
    Turnaround time :                            2900 sec.

The output (if any) follows:



PS:

Read file <./bsub_log/38.err> for stderr output of this job.

Sender: LSF System <lsfadmin@ccb057>
Subject: Job 53029106: <bash -c "basf2 etapip_gg_fit_v6_toymc_100.py 38 > /home/belle2/jaeyoung/storage_ghi/Ntuples_ghi_2/MC15ri_generic/MC15ri_etaetapip_tight_v2_240419_Kp_BCS_etapi0const/bsub_log//MC15ri_etapip_gg_fitv6_toyMC_100_38.log"> in cluster <centralcluster> Done

Job <bash -c "basf2 etapip_gg_fit_v6_toymc_100.py 38 > /home/belle2/jaeyoung/storage_ghi/Ntuples_ghi_2/MC15ri_generic/MC15ri_etaetapip_tight_v2_240419_Kp_BCS_etapi0const/bsub_log//MC15ri_etapip_gg_fitv6_toyMC_100_38.log"> was submitted from host <ccw03> by user <jaeyoung> in cluster <centralcluster> at Sun Jul 21 17:29:41 2024
Job was executed on host(s) <ccb057>, in queue <s>, as user <jaeyoung> in cluster <centralcluster> at Sun Jul 21 17:29:50 2024
</home/belle2/jaeyoung> was used as the home directory.
</home/belle2/jaeyoung/workspace/DRAW_and_FITTING/main/FITTING/etapip/MC15ri_generic/tight_v2_fit_v6/ToyMC> was used as the working directory.
Started at Sun Jul 21 17:29:50 2024
Terminated at Sun Jul 21 18:18:09 2024
Results reported at Sun Jul 21 18:18:09 2024

Your job looked like:

------------------------------------------------------------
# LSBATCH: User input
bash -c "basf2 etapip_gg_fit_v6_toymc_100.py 38 > /home/belle2/jaeyoung/storage_ghi/Ntuples_ghi_2/MC15ri_generic/MC15ri_etaetapip_tight_v2_240419_Kp_BCS_etapi0const/bsub_log//MC15ri_etapip_gg_fitv6_toyMC_100_38.log"
------------------------------------------------------------

Successfully completed.

Resource usage summary:

    CPU time :                                   2880.73 sec.
    Max Memory :                                 1311 MB
    Average Memory :                             951.20 MB
    Total Requested Memory :                     4000.00 MB
    Delta Memory :                               2689.00 MB
    Max Swap :                                   -
    Max Processes :                              19
    Max Threads :                                20
    Run time :                                   2899 sec.
    Turnaround time :                            2908 sec.

The output (if any) follows:



PS:

Read file <./bsub_log/38.err> for stderr output of this job.

Sender: LSF System <lsfadmin@ccb519>
Subject: Job 53201927: <bash -c "basf2 etapip_gg_fit_v6_toymc_100.py 38 > /home/belle2/jaeyoung/storage_ghi/Ntuples_ghi_2/MC15ri_generic/MC15ri_etaetapip_tight_v2_240419_Kp_BCS_etapi0const/bsub_log//MC15ri_etapip_gg_fitv6_toyMC_100_38.log"> in cluster <centralcluster> Exited

Job <bash -c "basf2 etapip_gg_fit_v6_toymc_100.py 38 > /home/belle2/jaeyoung/storage_ghi/Ntuples_ghi_2/MC15ri_generic/MC15ri_etaetapip_tight_v2_240419_Kp_BCS_etapi0const/bsub_log//MC15ri_etapip_gg_fitv6_toyMC_100_38.log"> was submitted from host <ccw03> by user <jaeyoung> in cluster <centralcluster> at Mon Jul 22 00:48:40 2024
Job was executed on host(s) <ccb519>, in queue <s>, as user <jaeyoung> in cluster <centralcluster> at Mon Jul 22 00:48:44 2024
</home/belle2/jaeyoung> was used as the home directory.
</home/belle2/jaeyoung/workspace/DRAW_and_FITTING/main/FITTING/etapip/MC15ri_generic/tight_v2_fit_v6/ToyMC> was used as the working directory.
Started at Mon Jul 22 00:48:44 2024
Terminated at Mon Jul 22 01:05:18 2024
Results reported at Mon Jul 22 01:05:18 2024

Your job looked like:

------------------------------------------------------------
# LSBATCH: User input
bash -c "basf2 etapip_gg_fit_v6_toymc_100.py 38 > /home/belle2/jaeyoung/storage_ghi/Ntuples_ghi_2/MC15ri_generic/MC15ri_etaetapip_tight_v2_240419_Kp_BCS_etapi0const/bsub_log//MC15ri_etapip_gg_fitv6_toyMC_100_38.log"
------------------------------------------------------------

Exited with exit code 1.

Resource usage summary:

    CPU time :                                   989.66 sec.
    Max Memory :                                 1253 MB
    Average Memory :                             1166.57 MB
    Total Requested Memory :                     4000.00 MB
    Delta Memory :                               2747.00 MB
    Max Swap :                                   -
    Max Processes :                              19
    Max Threads :                                20
    Run time :                                   995 sec.
    Turnaround time :                            998 sec.

The output (if any) follows:



PS:

Read file <./bsub_log/38.err> for stderr output of this job.

Sender: LSF System <lsfadmin@ccb029>
Subject: Job 53406442: <bash -c "basf2 etapip_gg_fit_v6_toymc_100.py 38 > /home/belle2/jaeyoung/storage_ghi/Ntuples_ghi_2/MC15ri_generic/MC15ri_etaetapip_tight_v2_240419_Kp_BCS_etapi0const/bsub_log//MC15ri_etapip_gg_fitv6_toyMC_100_38.log"> in cluster <centralcluster> Done

Job <bash -c "basf2 etapip_gg_fit_v6_toymc_100.py 38 > /home/belle2/jaeyoung/storage_ghi/Ntuples_ghi_2/MC15ri_generic/MC15ri_etaetapip_tight_v2_240419_Kp_BCS_etapi0const/bsub_log//MC15ri_etapip_gg_fitv6_toyMC_100_38.log"> was submitted from host <ccw06> by user <jaeyoung> in cluster <centralcluster> at Mon Jul 22 10:47:45 2024
Job was executed on host(s) <ccb029>, in queue <s>, as user <jaeyoung> in cluster <centralcluster> at Mon Jul 22 10:47:47 2024
</home/belle2/jaeyoung> was used as the home directory.
</home/belle2/jaeyoung/workspace/DRAW_and_FITTING/main/FITTING/etapip/MC15ri_generic/tight_v2_fit_v6/ToyMC> was used as the working directory.
Started at Mon Jul 22 10:47:47 2024
Terminated at Mon Jul 22 11:35:50 2024
Results reported at Mon Jul 22 11:35:50 2024

Your job looked like:

------------------------------------------------------------
# LSBATCH: User input
bash -c "basf2 etapip_gg_fit_v6_toymc_100.py 38 > /home/belle2/jaeyoung/storage_ghi/Ntuples_ghi_2/MC15ri_generic/MC15ri_etaetapip_tight_v2_240419_Kp_BCS_etapi0const/bsub_log//MC15ri_etapip_gg_fitv6_toyMC_100_38.log"
------------------------------------------------------------

Successfully completed.

Resource usage summary:

    CPU time :                                   2808.42 sec.
    Max Memory :                                 1311 MB
    Average Memory :                             951.92 MB
    Total Requested Memory :                     4000.00 MB
    Delta Memory :                               2689.00 MB
    Max Swap :                                   -
    Max Processes :                              19
    Max Threads :                                20
    Run time :                                   2884 sec.
    Turnaround time :                            2885 sec.

The output (if any) follows:



PS:

Read file <./bsub_log/38.err> for stderr output of this job.

Sender: LSF System <lsfadmin@ccb079>
Subject: Job 53598303: <bash -c "basf2 etapip_gg_fit_v6_toymc_100.py 38 > /home/belle2/jaeyoung/storage_ghi/Ntuples_ghi_2/MC15ri_generic/MC15ri_etaetapip_tight_v2_240419_Kp_BCS_etapi0const/bsub_log//MC15ri_etapip_gg_fitv6_toyMC_100_38.log"> in cluster <centralcluster> Done

Job <bash -c "basf2 etapip_gg_fit_v6_toymc_100.py 38 > /home/belle2/jaeyoung/storage_ghi/Ntuples_ghi_2/MC15ri_generic/MC15ri_etaetapip_tight_v2_240419_Kp_BCS_etapi0const/bsub_log//MC15ri_etapip_gg_fitv6_toyMC_100_38.log"> was submitted from host <ccw03> by user <jaeyoung> in cluster <centralcluster> at Mon Jul 22 18:33:43 2024
Job was executed on host(s) <ccb079>, in queue <s>, as user <jaeyoung> in cluster <centralcluster> at Mon Jul 22 18:33:52 2024
</home/belle2/jaeyoung> was used as the home directory.
</home/belle2/jaeyoung/workspace/DRAW_and_FITTING/main/FITTING/etapip/MC15ri_generic/tight_v2_fit_v6/ToyMC> was used as the working directory.
Started at Mon Jul 22 18:33:52 2024
Terminated at Mon Jul 22 19:21:39 2024
Results reported at Mon Jul 22 19:21:39 2024

Your job looked like:

------------------------------------------------------------
# LSBATCH: User input
bash -c "basf2 etapip_gg_fit_v6_toymc_100.py 38 > /home/belle2/jaeyoung/storage_ghi/Ntuples_ghi_2/MC15ri_generic/MC15ri_etaetapip_tight_v2_240419_Kp_BCS_etapi0const/bsub_log//MC15ri_etapip_gg_fitv6_toyMC_100_38.log"
------------------------------------------------------------

Successfully completed.

Resource usage summary:

    CPU time :                                   2848.31 sec.
    Max Memory :                                 1311 MB
    Average Memory :                             972.04 MB
    Total Requested Memory :                     4000.00 MB
    Delta Memory :                               2689.00 MB
    Max Swap :                                   -
    Max Processes :                              19
    Max Threads :                                20
    Run time :                                   2868 sec.
    Turnaround time :                            2876 sec.

The output (if any) follows:



PS:

Read file <./bsub_log/38.err> for stderr output of this job.

Sender: LSF System <lsfadmin@ccb205>
Subject: Job 53831171: <bash -c "basf2 etapip_gg_fit_v6_toymc_100.py 38 > /home/belle2/jaeyoung/storage_ghi/Ntuples_ghi_2/MC15ri_generic/MC15ri_etaetapip_tight_v2_240419_Kp_BCS_etapi0const/bsub_log//MC15ri_etapip_gg_fitv6_toyMC_100_38.log"> in cluster <centralcluster> Done

Job <bash -c "basf2 etapip_gg_fit_v6_toymc_100.py 38 > /home/belle2/jaeyoung/storage_ghi/Ntuples_ghi_2/MC15ri_generic/MC15ri_etaetapip_tight_v2_240419_Kp_BCS_etapi0const/bsub_log//MC15ri_etapip_gg_fitv6_toyMC_100_38.log"> was submitted from host <ccw05> by user <jaeyoung> in cluster <centralcluster> at Tue Jul 23 00:48:17 2024
Job was executed on host(s) <ccb205>, in queue <s>, as user <jaeyoung> in cluster <centralcluster> at Tue Jul 23 00:48:34 2024
</home/belle2/jaeyoung> was used as the home directory.
</home/belle2/jaeyoung/workspace/DRAW_and_FITTING/main/FITTING/etapip/MC15ri_generic/tight_v2_fit_v6/ToyMC> was used as the working directory.
Started at Tue Jul 23 00:48:34 2024
Terminated at Tue Jul 23 01:35:44 2024
Results reported at Tue Jul 23 01:35:44 2024

Your job looked like:

------------------------------------------------------------
# LSBATCH: User input
bash -c "basf2 etapip_gg_fit_v6_toymc_100.py 38 > /home/belle2/jaeyoung/storage_ghi/Ntuples_ghi_2/MC15ri_generic/MC15ri_etaetapip_tight_v2_240419_Kp_BCS_etapi0const/bsub_log//MC15ri_etapip_gg_fitv6_toyMC_100_38.log"
------------------------------------------------------------

Successfully completed.

Resource usage summary:

    CPU time :                                   2816.23 sec.
    Max Memory :                                 1311 MB
    Average Memory :                             944.71 MB
    Total Requested Memory :                     4000.00 MB
    Delta Memory :                               2689.00 MB
    Max Swap :                                   -
    Max Processes :                              19
    Max Threads :                                20
    Run time :                                   2830 sec.
    Turnaround time :                            2847 sec.

The output (if any) follows:



PS:

Read file <./bsub_log/38.err> for stderr output of this job.

Sender: LSF System <lsfadmin@ccb257>
Subject: Job 54396388: <bash -c "basf2 etapip_gg_fit_v6_toymc_100.py 38 > /home/belle2/jaeyoung/storage_ghi/Ntuples_ghi_2/MC15ri_generic/MC15ri_etaetapip_tight_v2_240419_Kp_BCS_etapi0const/bsub_log//MC15ri_etapip_gg_fitv6_toyMC_100_38.log"> in cluster <centralcluster> Done

Job <bash -c "basf2 etapip_gg_fit_v6_toymc_100.py 38 > /home/belle2/jaeyoung/storage_ghi/Ntuples_ghi_2/MC15ri_generic/MC15ri_etaetapip_tight_v2_240419_Kp_BCS_etapi0const/bsub_log//MC15ri_etapip_gg_fitv6_toyMC_100_38.log"> was submitted from host <ccw04> by user <jaeyoung> in cluster <centralcluster> at Tue Jul 23 17:57:46 2024
Job was executed on host(s) <ccb257>, in queue <s>, as user <jaeyoung> in cluster <centralcluster> at Tue Jul 23 17:58:43 2024
</home/belle2/jaeyoung> was used as the home directory.
</home/belle2/jaeyoung/workspace/DRAW_and_FITTING/main/FITTING/etapip/MC15ri_generic/tight_v2_fit_v6/ToyMC> was used as the working directory.
Started at Tue Jul 23 17:58:43 2024
Terminated at Tue Jul 23 18:46:21 2024
Results reported at Tue Jul 23 18:46:21 2024

Your job looked like:

------------------------------------------------------------
# LSBATCH: User input
bash -c "basf2 etapip_gg_fit_v6_toymc_100.py 38 > /home/belle2/jaeyoung/storage_ghi/Ntuples_ghi_2/MC15ri_generic/MC15ri_etaetapip_tight_v2_240419_Kp_BCS_etapi0const/bsub_log//MC15ri_etapip_gg_fitv6_toyMC_100_38.log"
------------------------------------------------------------

Successfully completed.

Resource usage summary:

    CPU time :                                   2821.60 sec.
    Max Memory :                                 1313 MB
    Average Memory :                             943.86 MB
    Total Requested Memory :                     4000.00 MB
    Delta Memory :                               2687.00 MB
    Max Swap :                                   -
    Max Processes :                              19
    Max Threads :                                20
    Run time :                                   2859 sec.
    Turnaround time :                            2915 sec.

The output (if any) follows:



PS:

Read file <./bsub_log/38.err> for stderr output of this job.

