Sender: LSF System <lsfadmin@ccb044>
Subject: Job 52359626: <bash -c "basf2 etapip_gg_fit_v6_toymc_100.py 385 > /home/belle2/jaeyoung/storage_ghi/Ntuples_ghi_2/MC15ri_generic/MC15ri_etaetapip_tight_v2_240419_Kp_BCS_etapi0const/bsub_log//MC15ri_etapip_gg_fitv6_toyMC_100_385.log"> in cluster <centralcluster> Done

Job <bash -c "basf2 etapip_gg_fit_v6_toymc_100.py 385 > /home/belle2/jaeyoung/storage_ghi/Ntuples_ghi_2/MC15ri_generic/MC15ri_etaetapip_tight_v2_240419_Kp_BCS_etapi0const/bsub_log//MC15ri_etapip_gg_fitv6_toyMC_100_385.log"> was submitted from host <ccw02> by user <jaeyoung> in cluster <centralcluster> at Sat Jul 20 14:40:16 2024
Job was executed on host(s) <ccb044>, in queue <s>, as user <jaeyoung> in cluster <centralcluster> at Sat Jul 20 14:44:11 2024
</home/belle2/jaeyoung> was used as the home directory.
</home/belle2/jaeyoung/workspace/DRAW_and_FITTING/main/FITTING/etapip/MC15ri_generic/tight_v2_fit_v6/ToyMC> was used as the working directory.
Started at Sat Jul 20 14:44:11 2024
Terminated at Sat Jul 20 15:33:15 2024
Results reported at Sat Jul 20 15:33:15 2024

Your job looked like:

------------------------------------------------------------
# LSBATCH: User input
bash -c "basf2 etapip_gg_fit_v6_toymc_100.py 385 > /home/belle2/jaeyoung/storage_ghi/Ntuples_ghi_2/MC15ri_generic/MC15ri_etaetapip_tight_v2_240419_Kp_BCS_etapi0const/bsub_log//MC15ri_etapip_gg_fitv6_toyMC_100_385.log"
------------------------------------------------------------

Successfully completed.

Resource usage summary:

    CPU time :                                   2926.91 sec.
    Max Memory :                                 1312 MB
    Average Memory :                             959.68 MB
    Total Requested Memory :                     4000.00 MB
    Delta Memory :                               2688.00 MB
    Max Swap :                                   -
    Max Processes :                              19
    Max Threads :                                20
    Run time :                                   2944 sec.
    Turnaround time :                            3179 sec.

The output (if any) follows:



PS:

Read file <./bsub_log/385.err> for stderr output of this job.

Sender: LSF System <lsfadmin@ccb088>
Subject: Job 53030494: <bash -c "basf2 etapip_gg_fit_v6_toymc_100.py 385 > /home/belle2/jaeyoung/storage_ghi/Ntuples_ghi_2/MC15ri_generic/MC15ri_etaetapip_tight_v2_240419_Kp_BCS_etapi0const/bsub_log//MC15ri_etapip_gg_fitv6_toyMC_100_385.log"> in cluster <centralcluster> Done

Job <bash -c "basf2 etapip_gg_fit_v6_toymc_100.py 385 > /home/belle2/jaeyoung/storage_ghi/Ntuples_ghi_2/MC15ri_generic/MC15ri_etaetapip_tight_v2_240419_Kp_BCS_etapi0const/bsub_log//MC15ri_etapip_gg_fitv6_toyMC_100_385.log"> was submitted from host <ccw03> by user <jaeyoung> in cluster <centralcluster> at Sun Jul 21 17:31:38 2024
Job was executed on host(s) <ccb088>, in queue <s>, as user <jaeyoung> in cluster <centralcluster> at Sun Jul 21 17:32:20 2024
</home/belle2/jaeyoung> was used as the home directory.
</home/belle2/jaeyoung/workspace/DRAW_and_FITTING/main/FITTING/etapip/MC15ri_generic/tight_v2_fit_v6/ToyMC> was used as the working directory.
Started at Sun Jul 21 17:32:20 2024
Terminated at Sun Jul 21 18:18:55 2024
Results reported at Sun Jul 21 18:18:55 2024

Your job looked like:

------------------------------------------------------------
# LSBATCH: User input
bash -c "basf2 etapip_gg_fit_v6_toymc_100.py 385 > /home/belle2/jaeyoung/storage_ghi/Ntuples_ghi_2/MC15ri_generic/MC15ri_etaetapip_tight_v2_240419_Kp_BCS_etapi0const/bsub_log//MC15ri_etapip_gg_fitv6_toyMC_100_385.log"
------------------------------------------------------------

Successfully completed.

Resource usage summary:

    CPU time :                                   2779.65 sec.
    Max Memory :                                 1311 MB
    Average Memory :                             948.27 MB
    Total Requested Memory :                     4000.00 MB
    Delta Memory :                               2689.00 MB
    Max Swap :                                   -
    Max Processes :                              19
    Max Threads :                                20
    Run time :                                   2795 sec.
    Turnaround time :                            2837 sec.

The output (if any) follows:



PS:

Read file <./bsub_log/385.err> for stderr output of this job.

Sender: LSF System <lsfadmin@ccb229>
Subject: Job 53202991: <bash -c "basf2 etapip_gg_fit_v6_toymc_100.py 385 > /home/belle2/jaeyoung/storage_ghi/Ntuples_ghi_2/MC15ri_generic/MC15ri_etaetapip_tight_v2_240419_Kp_BCS_etapi0const/bsub_log//MC15ri_etapip_gg_fitv6_toyMC_100_385.log"> in cluster <centralcluster> Exited

Job <bash -c "basf2 etapip_gg_fit_v6_toymc_100.py 385 > /home/belle2/jaeyoung/storage_ghi/Ntuples_ghi_2/MC15ri_generic/MC15ri_etaetapip_tight_v2_240419_Kp_BCS_etapi0const/bsub_log//MC15ri_etapip_gg_fitv6_toyMC_100_385.log"> was submitted from host <ccw03> by user <jaeyoung> in cluster <centralcluster> at Mon Jul 22 00:50:44 2024
Job was executed on host(s) <ccb229>, in queue <s>, as user <jaeyoung> in cluster <centralcluster> at Mon Jul 22 00:52:13 2024
</home/belle2/jaeyoung> was used as the home directory.
</home/belle2/jaeyoung/workspace/DRAW_and_FITTING/main/FITTING/etapip/MC15ri_generic/tight_v2_fit_v6/ToyMC> was used as the working directory.
Started at Mon Jul 22 00:52:13 2024
Terminated at Mon Jul 22 01:09:34 2024
Results reported at Mon Jul 22 01:09:34 2024

Your job looked like:

------------------------------------------------------------
# LSBATCH: User input
bash -c "basf2 etapip_gg_fit_v6_toymc_100.py 385 > /home/belle2/jaeyoung/storage_ghi/Ntuples_ghi_2/MC15ri_generic/MC15ri_etaetapip_tight_v2_240419_Kp_BCS_etapi0const/bsub_log//MC15ri_etapip_gg_fitv6_toyMC_100_385.log"
------------------------------------------------------------

Exited with exit code 1.

Resource usage summary:

    CPU time :                                   1037.24 sec.
    Max Memory :                                 1268 MB
    Average Memory :                             1179.04 MB
    Total Requested Memory :                     4000.00 MB
    Delta Memory :                               2732.00 MB
    Max Swap :                                   -
    Max Processes :                              19
    Max Threads :                                20
    Run time :                                   1041 sec.
    Turnaround time :                            1130 sec.

The output (if any) follows:



PS:

Read file <./bsub_log/385.err> for stderr output of this job.

Sender: LSF System <lsfadmin@ccb165>
Subject: Job 53407237: <bash -c "basf2 etapip_gg_fit_v6_toymc_100.py 385 > /home/belle2/jaeyoung/storage_ghi/Ntuples_ghi_2/MC15ri_generic/MC15ri_etaetapip_tight_v2_240419_Kp_BCS_etapi0const/bsub_log//MC15ri_etapip_gg_fitv6_toyMC_100_385.log"> in cluster <centralcluster> Done

Job <bash -c "basf2 etapip_gg_fit_v6_toymc_100.py 385 > /home/belle2/jaeyoung/storage_ghi/Ntuples_ghi_2/MC15ri_generic/MC15ri_etaetapip_tight_v2_240419_Kp_BCS_etapi0const/bsub_log//MC15ri_etapip_gg_fitv6_toyMC_100_385.log"> was submitted from host <ccw06> by user <jaeyoung> in cluster <centralcluster> at Mon Jul 22 10:49:26 2024
Job was executed on host(s) <ccb165>, in queue <s>, as user <jaeyoung> in cluster <centralcluster> at Mon Jul 22 10:50:02 2024
</home/belle2/jaeyoung> was used as the home directory.
</home/belle2/jaeyoung/workspace/DRAW_and_FITTING/main/FITTING/etapip/MC15ri_generic/tight_v2_fit_v6/ToyMC> was used as the working directory.
Started at Mon Jul 22 10:50:02 2024
Terminated at Mon Jul 22 11:36:54 2024
Results reported at Mon Jul 22 11:36:54 2024

Your job looked like:

------------------------------------------------------------
# LSBATCH: User input
bash -c "basf2 etapip_gg_fit_v6_toymc_100.py 385 > /home/belle2/jaeyoung/storage_ghi/Ntuples_ghi_2/MC15ri_generic/MC15ri_etaetapip_tight_v2_240419_Kp_BCS_etapi0const/bsub_log//MC15ri_etapip_gg_fitv6_toyMC_100_385.log"
------------------------------------------------------------

Successfully completed.

Resource usage summary:

    CPU time :                                   2770.16 sec.
    Max Memory :                                 1311 MB
    Average Memory :                             946.46 MB
    Total Requested Memory :                     4000.00 MB
    Delta Memory :                               2689.00 MB
    Max Swap :                                   -
    Max Processes :                              19
    Max Threads :                                20
    Run time :                                   2812 sec.
    Turnaround time :                            2848 sec.

The output (if any) follows:



PS:

Read file <./bsub_log/385.err> for stderr output of this job.

Sender: LSF System <lsfadmin@ccb270>
Subject: Job 53599520: <bash -c "basf2 etapip_gg_fit_v6_toymc_100.py 385 > /home/belle2/jaeyoung/storage_ghi/Ntuples_ghi_2/MC15ri_generic/MC15ri_etaetapip_tight_v2_240419_Kp_BCS_etapi0const/bsub_log//MC15ri_etapip_gg_fitv6_toyMC_100_385.log"> in cluster <centralcluster> Done

Job <bash -c "basf2 etapip_gg_fit_v6_toymc_100.py 385 > /home/belle2/jaeyoung/storage_ghi/Ntuples_ghi_2/MC15ri_generic/MC15ri_etaetapip_tight_v2_240419_Kp_BCS_etapi0const/bsub_log//MC15ri_etapip_gg_fitv6_toyMC_100_385.log"> was submitted from host <ccw03> by user <jaeyoung> in cluster <centralcluster> at Mon Jul 22 18:35:38 2024
Job was executed on host(s) <ccb270>, in queue <s>, as user <jaeyoung> in cluster <centralcluster> at Mon Jul 22 18:37:28 2024
</home/belle2/jaeyoung> was used as the home directory.
</home/belle2/jaeyoung/workspace/DRAW_and_FITTING/main/FITTING/etapip/MC15ri_generic/tight_v2_fit_v6/ToyMC> was used as the working directory.
Started at Mon Jul 22 18:37:28 2024
Terminated at Mon Jul 22 19:24:17 2024
Results reported at Mon Jul 22 19:24:17 2024

Your job looked like:

------------------------------------------------------------
# LSBATCH: User input
bash -c "basf2 etapip_gg_fit_v6_toymc_100.py 385 > /home/belle2/jaeyoung/storage_ghi/Ntuples_ghi_2/MC15ri_generic/MC15ri_etaetapip_tight_v2_240419_Kp_BCS_etapi0const/bsub_log//MC15ri_etapip_gg_fitv6_toyMC_100_385.log"
------------------------------------------------------------

Successfully completed.

Resource usage summary:

    CPU time :                                   2797.41 sec.
    Max Memory :                                 1315 MB
    Average Memory :                             962.62 MB
    Total Requested Memory :                     4000.00 MB
    Delta Memory :                               2685.00 MB
    Max Swap :                                   -
    Max Processes :                              19
    Max Threads :                                20
    Run time :                                   2808 sec.
    Turnaround time :                            2919 sec.

The output (if any) follows:



PS:

Read file <./bsub_log/385.err> for stderr output of this job.

Sender: LSF System <lsfadmin@ccb547>
Subject: Job 53832786: <bash -c "basf2 etapip_gg_fit_v6_toymc_100.py 385 > /home/belle2/jaeyoung/storage_ghi/Ntuples_ghi_2/MC15ri_generic/MC15ri_etaetapip_tight_v2_240419_Kp_BCS_etapi0const/bsub_log//MC15ri_etapip_gg_fitv6_toyMC_100_385.log"> in cluster <centralcluster> Done

Job <bash -c "basf2 etapip_gg_fit_v6_toymc_100.py 385 > /home/belle2/jaeyoung/storage_ghi/Ntuples_ghi_2/MC15ri_generic/MC15ri_etaetapip_tight_v2_240419_Kp_BCS_etapi0const/bsub_log//MC15ri_etapip_gg_fitv6_toyMC_100_385.log"> was submitted from host <ccw05> by user <jaeyoung> in cluster <centralcluster> at Tue Jul 23 00:50:34 2024
Job was executed on host(s) <ccb547>, in queue <s>, as user <jaeyoung> in cluster <centralcluster> at Tue Jul 23 00:50:50 2024
</home/belle2/jaeyoung> was used as the home directory.
</home/belle2/jaeyoung/workspace/DRAW_and_FITTING/main/FITTING/etapip/MC15ri_generic/tight_v2_fit_v6/ToyMC> was used as the working directory.
Started at Tue Jul 23 00:50:50 2024
Terminated at Tue Jul 23 01:37:13 2024
Results reported at Tue Jul 23 01:37:13 2024

Your job looked like:

------------------------------------------------------------
# LSBATCH: User input
bash -c "basf2 etapip_gg_fit_v6_toymc_100.py 385 > /home/belle2/jaeyoung/storage_ghi/Ntuples_ghi_2/MC15ri_generic/MC15ri_etaetapip_tight_v2_240419_Kp_BCS_etapi0const/bsub_log//MC15ri_etapip_gg_fitv6_toyMC_100_385.log"
------------------------------------------------------------

Successfully completed.

Resource usage summary:

    CPU time :                                   2728.99 sec.
    Max Memory :                                 1322 MB
    Average Memory :                             964.97 MB
    Total Requested Memory :                     4000.00 MB
    Delta Memory :                               2678.00 MB
    Max Swap :                                   -
    Max Processes :                              19
    Max Threads :                                20
    Run time :                                   2784 sec.
    Turnaround time :                            2799 sec.

The output (if any) follows:



PS:

Read file <./bsub_log/385.err> for stderr output of this job.

Sender: LSF System <lsfadmin@ccb223>
Subject: Job 54398353: <bash -c "basf2 etapip_gg_fit_v6_toymc_100.py 385 > /home/belle2/jaeyoung/storage_ghi/Ntuples_ghi_2/MC15ri_generic/MC15ri_etaetapip_tight_v2_240419_Kp_BCS_etapi0const/bsub_log//MC15ri_etapip_gg_fitv6_toyMC_100_385.log"> in cluster <centralcluster> Done

Job <bash -c "basf2 etapip_gg_fit_v6_toymc_100.py 385 > /home/belle2/jaeyoung/storage_ghi/Ntuples_ghi_2/MC15ri_generic/MC15ri_etaetapip_tight_v2_240419_Kp_BCS_etapi0const/bsub_log//MC15ri_etapip_gg_fitv6_toyMC_100_385.log"> was submitted from host <ccw04> by user <jaeyoung> in cluster <centralcluster> at Tue Jul 23 17:59:50 2024
Job was executed on host(s) <ccb223>, in queue <s>, as user <jaeyoung> in cluster <centralcluster> at Tue Jul 23 18:46:56 2024
</home/belle2/jaeyoung> was used as the home directory.
</home/belle2/jaeyoung/workspace/DRAW_and_FITTING/main/FITTING/etapip/MC15ri_generic/tight_v2_fit_v6/ToyMC> was used as the working directory.
Started at Tue Jul 23 18:46:56 2024
Terminated at Tue Jul 23 19:33:17 2024
Results reported at Tue Jul 23 19:33:17 2024

Your job looked like:

------------------------------------------------------------
# LSBATCH: User input
bash -c "basf2 etapip_gg_fit_v6_toymc_100.py 385 > /home/belle2/jaeyoung/storage_ghi/Ntuples_ghi_2/MC15ri_generic/MC15ri_etaetapip_tight_v2_240419_Kp_BCS_etapi0const/bsub_log//MC15ri_etapip_gg_fitv6_toyMC_100_385.log"
------------------------------------------------------------

Successfully completed.

Resource usage summary:

    CPU time :                                   2768.39 sec.
    Max Memory :                                 1317 MB
    Average Memory :                             966.09 MB
    Total Requested Memory :                     4000.00 MB
    Delta Memory :                               2683.00 MB
    Max Swap :                                   -
    Max Processes :                              19
    Max Threads :                                20
    Run time :                                   2781 sec.
    Turnaround time :                            5607 sec.

The output (if any) follows:



PS:

Read file <./bsub_log/385.err> for stderr output of this job.

Sender: LSF System <lsfadmin@ccb017>
Subject: Job 54471013: <bash -c "basf2 etapip_gg_fit_v6_toymc_100.py 385 > /home/belle2/jaeyoung/storage_ghi/Ntuples_ghi_2/MC15ri_generic/MC15ri_etaetapip_tight_v2_240419_Kp_BCS_etapi0const/bsub_log//MC15ri_etapip_gg_fitv6_toyMC_100_385.log"> in cluster <centralcluster> Done

Job <bash -c "basf2 etapip_gg_fit_v6_toymc_100.py 385 > /home/belle2/jaeyoung/storage_ghi/Ntuples_ghi_2/MC15ri_generic/MC15ri_etaetapip_tight_v2_240419_Kp_BCS_etapi0const/bsub_log//MC15ri_etapip_gg_fitv6_toyMC_100_385.log"> was submitted from host <ccw03> by user <jaeyoung> in cluster <centralcluster> at Tue Jul 23 19:38:44 2024
Job was executed on host(s) <ccb017>, in queue <s>, as user <jaeyoung> in cluster <centralcluster> at Tue Jul 23 19:38:45 2024
</home/belle2/jaeyoung> was used as the home directory.
</home/belle2/jaeyoung/workspace/DRAW_and_FITTING/main/FITTING/etapip/MC15ri_generic/tight_v2_fit_v6/ToyMC> was used as the working directory.
Started at Tue Jul 23 19:38:45 2024
Terminated at Tue Jul 23 20:26:59 2024
Results reported at Tue Jul 23 20:26:59 2024

Your job looked like:

------------------------------------------------------------
# LSBATCH: User input
bash -c "basf2 etapip_gg_fit_v6_toymc_100.py 385 > /home/belle2/jaeyoung/storage_ghi/Ntuples_ghi_2/MC15ri_generic/MC15ri_etaetapip_tight_v2_240419_Kp_BCS_etapi0const/bsub_log//MC15ri_etapip_gg_fitv6_toyMC_100_385.log"
------------------------------------------------------------

Successfully completed.

Resource usage summary:

    CPU time :                                   2878.79 sec.
    Max Memory :                                 1312 MB
    Average Memory :                             947.92 MB
    Total Requested Memory :                     4000.00 MB
    Delta Memory :                               2688.00 MB
    Max Swap :                                   -
    Max Processes :                              19
    Max Threads :                                20
    Run time :                                   2893 sec.
    Turnaround time :                            2895 sec.

The output (if any) follows:



PS:

Read file <./bsub_log/385.err> for stderr output of this job.

Sender: LSF System <lsfadmin@ccb076>
Subject: Job 55516138: <bash -c "basf2 etapip_gg_fit_v6_toymc_100.py 385 > /home/belle2/jaeyoung/storage_ghi/Ntuples_ghi_2/MC15ri_generic/MC15ri_etaetapip_tight_v2_240419_Kp_BCS_etapi0const/bsub_log//MC15ri_etapip_gg_fitv6_toyMC_100_385.log"> in cluster <centralcluster> Done

Job <bash -c "basf2 etapip_gg_fit_v6_toymc_100.py 385 > /home/belle2/jaeyoung/storage_ghi/Ntuples_ghi_2/MC15ri_generic/MC15ri_etaetapip_tight_v2_240419_Kp_BCS_etapi0const/bsub_log//MC15ri_etapip_gg_fitv6_toyMC_100_385.log"> was submitted from host <ccw01> by user <jaeyoung> in cluster <centralcluster> at Thu Jul 25 20:51:39 2024
Job was executed on host(s) <ccb076>, in queue <s>, as user <jaeyoung> in cluster <centralcluster> at Thu Jul 25 20:51:46 2024
</home/belle2/jaeyoung> was used as the home directory.
</gpfs/home/belle2/jaeyoung/workspace/DRAW_and_FITTING/main/FITTING/etapip/MC15ri_generic/tight_v2_fit_v6/ToyMC> was used as the working directory.
Started at Thu Jul 25 20:51:46 2024
Terminated at Thu Jul 25 21:38:59 2024
Results reported at Thu Jul 25 21:38:59 2024

Your job looked like:

------------------------------------------------------------
# LSBATCH: User input
bash -c "basf2 etapip_gg_fit_v6_toymc_100.py 385 > /home/belle2/jaeyoung/storage_ghi/Ntuples_ghi_2/MC15ri_generic/MC15ri_etaetapip_tight_v2_240419_Kp_BCS_etapi0const/bsub_log//MC15ri_etapip_gg_fitv6_toyMC_100_385.log"
------------------------------------------------------------

Successfully completed.

Resource usage summary:

    CPU time :                                   2769.33 sec.
    Max Memory :                                 1313 MB
    Average Memory :                             946.08 MB
    Total Requested Memory :                     4000.00 MB
    Delta Memory :                               2687.00 MB
    Max Swap :                                   -
    Max Processes :                              19
    Max Threads :                                20
    Run time :                                   2833 sec.
    Turnaround time :                            2840 sec.

The output (if any) follows:



PS:

Read file <./bsub_log/385.err> for stderr output of this job.

Sender: LSF System <lsfadmin@ccb257>
Subject: Job 56103707: <bash -c "basf2 etapip_gg_fit_v6_toymc_100.py 385 > /home/belle2/jaeyoung/storage_ghi/Ntuples_ghi_2/MC15ri_generic/MC15ri_etaetapip_tight_v2_240419_Kp_BCS_etapi0const/bsub_log//MC15ri_etapip_gg_fitv6_toyMC_100_385.log"> in cluster <centralcluster> Done

Job <bash -c "basf2 etapip_gg_fit_v6_toymc_100.py 385 > /home/belle2/jaeyoung/storage_ghi/Ntuples_ghi_2/MC15ri_generic/MC15ri_etaetapip_tight_v2_240419_Kp_BCS_etapi0const/bsub_log//MC15ri_etapip_gg_fitv6_toyMC_100_385.log"> was submitted from host <ccw06> by user <jaeyoung> in cluster <centralcluster> at Fri Jul 26 23:44:25 2024
Job was executed on host(s) <ccb257>, in queue <s>, as user <jaeyoung> in cluster <centralcluster> at Sat Jul 27 00:23:03 2024
</home/belle2/jaeyoung> was used as the home directory.
</home/belle2/jaeyoung/workspace/DRAW_and_FITTING/main/FITTING/etapip/MC15ri_generic/tight_v2_fit_v6/ToyMC> was used as the working directory.
Started at Sat Jul 27 00:23:03 2024
Terminated at Sat Jul 27 00:57:44 2024
Results reported at Sat Jul 27 00:57:44 2024

Your job looked like:

------------------------------------------------------------
# LSBATCH: User input
bash -c "basf2 etapip_gg_fit_v6_toymc_100.py 385 > /home/belle2/jaeyoung/storage_ghi/Ntuples_ghi_2/MC15ri_generic/MC15ri_etaetapip_tight_v2_240419_Kp_BCS_etapi0const/bsub_log//MC15ri_etapip_gg_fitv6_toyMC_100_385.log"
------------------------------------------------------------

Successfully completed.

Resource usage summary:

    CPU time :                                   2044.97 sec.
    Max Memory :                                 898 MB
    Average Memory :                             652.51 MB
    Total Requested Memory :                     4000.00 MB
    Delta Memory :                               3102.00 MB
    Max Swap :                                   -
    Max Processes :                              19
    Max Threads :                                20
    Run time :                                   2081 sec.
    Turnaround time :                            4399 sec.

The output (if any) follows:



PS:

Read file <./bsub_log/385.err> for stderr output of this job.

Sender: LSF System <lsfadmin@ccb232>
Subject: Job 56133755: <bash -c "basf2 etapip_gg_fit_v6_toymc_100.py 385 > /home/belle2/jaeyoung/storage_ghi/Ntuples_ghi_2/MC15ri_generic/MC15ri_etaetapip_tight_v2_240419_Kp_BCS_etapi0const/bsub_log//MC15ri_etapip_gg_fitv6_toyMC_100_385.log"> in cluster <centralcluster> Done

Job <bash -c "basf2 etapip_gg_fit_v6_toymc_100.py 385 > /home/belle2/jaeyoung/storage_ghi/Ntuples_ghi_2/MC15ri_generic/MC15ri_etaetapip_tight_v2_240419_Kp_BCS_etapi0const/bsub_log//MC15ri_etapip_gg_fitv6_toyMC_100_385.log"> was submitted from host <ccw03> by user <jaeyoung> in cluster <centralcluster> at Sat Jul 27 01:13:53 2024
Job was executed on host(s) <ccb232>, in queue <s>, as user <jaeyoung> in cluster <centralcluster> at Sat Jul 27 03:05:35 2024
</home/belle2/jaeyoung> was used as the home directory.
</gpfs/home/belle2/jaeyoung/workspace/DRAW_and_FITTING/main/FITTING/etapip/MC15ri_generic/tight_v2_fit_v6/ToyMC> was used as the working directory.
Started at Sat Jul 27 03:05:35 2024
Terminated at Sat Jul 27 03:44:21 2024
Results reported at Sat Jul 27 03:44:21 2024

Your job looked like:

------------------------------------------------------------
# LSBATCH: User input
bash -c "basf2 etapip_gg_fit_v6_toymc_100.py 385 > /home/belle2/jaeyoung/storage_ghi/Ntuples_ghi_2/MC15ri_generic/MC15ri_etaetapip_tight_v2_240419_Kp_BCS_etapi0const/bsub_log//MC15ri_etapip_gg_fitv6_toyMC_100_385.log"
------------------------------------------------------------

Successfully completed.

Resource usage summary:

    CPU time :                                   2304.25 sec.
    Max Memory :                                 896 MB
    Average Memory :                             651.85 MB
    Total Requested Memory :                     4000.00 MB
    Delta Memory :                               3104.00 MB
    Max Swap :                                   -
    Max Processes :                              19
    Max Threads :                                20
    Run time :                                   2326 sec.
    Turnaround time :                            9028 sec.

The output (if any) follows:



PS:

Read file <./bsub_log/385.err> for stderr output of this job.

Sender: LSF System <lsfadmin@ccb017>
Subject: Job 57220731: <bash -c "basf2 etapip_gg_fit_v6_toymc_100.py 385 > /home/belle2/jaeyoung/storage_ghi/Ntuples_ghi_2/MC15ri_generic/MC15ri_etaetapip_tight_v2_240419_Kp_BCS_etapi0const/bsub_log//MC15ri_etapip_gg_fitv6_toyMC_100_385.log"> in cluster <centralcluster> Exited

Job <bash -c "basf2 etapip_gg_fit_v6_toymc_100.py 385 > /home/belle2/jaeyoung/storage_ghi/Ntuples_ghi_2/MC15ri_generic/MC15ri_etaetapip_tight_v2_240419_Kp_BCS_etapi0const/bsub_log//MC15ri_etapip_gg_fitv6_toyMC_100_385.log"> was submitted from host <ccx03> by user <jaeyoung> in cluster <centralcluster> at Mon Jul 29 18:46:05 2024
Job was executed on host(s) <ccb017>, in queue <s>, as user <jaeyoung> in cluster <centralcluster> at Mon Jul 29 18:46:06 2024
</home/belle2/jaeyoung> was used as the home directory.
</gpfs/home/belle2/jaeyoung/workspace/DRAW_and_FITTING/main/FITTING/etapip/MC15ri_generic/tight_v2_fit_v6/ToyMC> was used as the working directory.
Started at Mon Jul 29 18:46:06 2024
Terminated at Mon Jul 29 19:48:11 2024
Results reported at Mon Jul 29 19:48:11 2024

Your job looked like:

------------------------------------------------------------
# LSBATCH: User input
bash -c "basf2 etapip_gg_fit_v6_toymc_100.py 385 > /home/belle2/jaeyoung/storage_ghi/Ntuples_ghi_2/MC15ri_generic/MC15ri_etaetapip_tight_v2_240419_Kp_BCS_etapi0const/bsub_log//MC15ri_etapip_gg_fitv6_toyMC_100_385.log"
------------------------------------------------------------

Exited with exit code 1.

Resource usage summary:

    CPU time :                                   3695.02 sec.
    Max Memory :                                 1428 MB
    Average Memory :                             1046.04 MB
    Total Requested Memory :                     4000.00 MB
    Delta Memory :                               2572.00 MB
    Max Swap :                                   -
    Max Processes :                              19
    Max Threads :                                20
    Run time :                                   3725 sec.
    Turnaround time :                            3726 sec.

The output (if any) follows:



PS:

Read file <./bsub_log/385.err> for stderr output of this job.

Sender: LSF System <lsfadmin@ccb165>
Subject: Job 57308748: <bash -c "basf2 etapip_gg_fit_v6_toymc_100.py 385 > /home/belle2/jaeyoung/storage_ghi/Ntuples_ghi_2/MC15ri_generic/MC15ri_etaetapip_tight_v2_240419_Kp_BCS_etapi0const/bsub_log//MC15ri_etapip_gg_fitv6_toyMC_100_385.log"> in cluster <centralcluster> Done

Job <bash -c "basf2 etapip_gg_fit_v6_toymc_100.py 385 > /home/belle2/jaeyoung/storage_ghi/Ntuples_ghi_2/MC15ri_generic/MC15ri_etaetapip_tight_v2_240419_Kp_BCS_etapi0const/bsub_log//MC15ri_etapip_gg_fitv6_toyMC_100_385.log"> was submitted from host <ccw03> by user <jaeyoung> in cluster <centralcluster> at Mon Jul 29 23:03:20 2024
Job was executed on host(s) <ccb165>, in queue <s>, as user <jaeyoung> in cluster <centralcluster> at Mon Jul 29 23:04:32 2024
</home/belle2/jaeyoung> was used as the home directory.
</home/belle2/jaeyoung/workspace/DRAW_and_FITTING/main/FITTING/etapip/MC15ri_generic/tight_v2_fit_v6/ToyMC> was used as the working directory.
Started at Mon Jul 29 23:04:32 2024
Terminated at Tue Jul 30 00:08:33 2024
Results reported at Tue Jul 30 00:08:33 2024

Your job looked like:

------------------------------------------------------------
# LSBATCH: User input
bash -c "basf2 etapip_gg_fit_v6_toymc_100.py 385 > /home/belle2/jaeyoung/storage_ghi/Ntuples_ghi_2/MC15ri_generic/MC15ri_etaetapip_tight_v2_240419_Kp_BCS_etapi0const/bsub_log//MC15ri_etapip_gg_fitv6_toyMC_100_385.log"
------------------------------------------------------------

Successfully completed.

Resource usage summary:

    CPU time :                                   3791.40 sec.
    Max Memory :                                 1428 MB
    Average Memory :                             1043.24 MB
    Total Requested Memory :                     4000.00 MB
    Delta Memory :                               2572.00 MB
    Max Swap :                                   -
    Max Processes :                              19
    Max Threads :                                20
    Run time :                                   3841 sec.
    Turnaround time :                            3913 sec.

The output (if any) follows:



PS:

Read file <./bsub_log/385.err> for stderr output of this job.

Sender: LSF System <lsfadmin@ccb057>
Subject: Job 57390310: <bash -c "basf2 etapip_gg_fit_v6_toymc_100.py 385 > /home/belle2/jaeyoung/storage_ghi/Ntuples_ghi_2/MC15ri_generic/MC15ri_etaetapip_tight_v2_240419_Kp_BCS_etapi0const/bsub_log//MC15ri_etapip_gg_fitv6_toyMC_100_385.log"> in cluster <centralcluster> Done

Job <bash -c "basf2 etapip_gg_fit_v6_toymc_100.py 385 > /home/belle2/jaeyoung/storage_ghi/Ntuples_ghi_2/MC15ri_generic/MC15ri_etaetapip_tight_v2_240419_Kp_BCS_etapi0const/bsub_log//MC15ri_etapip_gg_fitv6_toyMC_100_385.log"> was submitted from host <ccw03> by user <jaeyoung> in cluster <centralcluster> at Tue Jul 30 01:17:46 2024
Job was executed on host(s) <ccb057>, in queue <s>, as user <jaeyoung> in cluster <centralcluster> at Tue Jul 30 01:18:58 2024
</home/belle2/jaeyoung> was used as the home directory.
</home/belle2/jaeyoung/workspace/DRAW_and_FITTING/main/FITTING/etapip/MC15ri_generic/tight_v2_fit_v6/ToyMC> was used as the working directory.
Started at Tue Jul 30 01:18:58 2024
Terminated at Tue Jul 30 02:21:19 2024
Results reported at Tue Jul 30 02:21:19 2024

Your job looked like:

------------------------------------------------------------
# LSBATCH: User input
bash -c "basf2 etapip_gg_fit_v6_toymc_100.py 385 > /home/belle2/jaeyoung/storage_ghi/Ntuples_ghi_2/MC15ri_generic/MC15ri_etaetapip_tight_v2_240419_Kp_BCS_etapi0const/bsub_log//MC15ri_etapip_gg_fitv6_toyMC_100_385.log"
------------------------------------------------------------

Successfully completed.

Resource usage summary:

    CPU time :                                   3709.11 sec.
    Max Memory :                                 1401 MB
    Average Memory :                             1033.07 MB
    Total Requested Memory :                     4000.00 MB
    Delta Memory :                               2599.00 MB
    Max Swap :                                   -
    Max Processes :                              19
    Max Threads :                                20
    Run time :                                   3742 sec.
    Turnaround time :                            3813 sec.

The output (if any) follows:



PS:

Read file <./bsub_log/385.err> for stderr output of this job.

