Sender: LSF System <lsfadmin@ccb104>
Subject: Job 52359633: <bash -c "basf2 etapip_gg_fit_v6_toymc_100.py 391 > /home/belle2/jaeyoung/storage_ghi/Ntuples_ghi_2/MC15ri_generic/MC15ri_etaetapip_tight_v2_240419_Kp_BCS_etapi0const/bsub_log//MC15ri_etapip_gg_fitv6_toyMC_100_391.log"> in cluster <centralcluster> Done

Job <bash -c "basf2 etapip_gg_fit_v6_toymc_100.py 391 > /home/belle2/jaeyoung/storage_ghi/Ntuples_ghi_2/MC15ri_generic/MC15ri_etaetapip_tight_v2_240419_Kp_BCS_etapi0const/bsub_log//MC15ri_etapip_gg_fitv6_toyMC_100_391.log"> was submitted from host <ccw02> by user <jaeyoung> in cluster <centralcluster> at Sat Jul 20 14:40:18 2024
Job was executed on host(s) <ccb104>, in queue <s>, as user <jaeyoung> in cluster <centralcluster> at Sat Jul 20 14:44:16 2024
</home/belle2/jaeyoung> was used as the home directory.
</home/belle2/jaeyoung/workspace/DRAW_and_FITTING/main/FITTING/etapip/MC15ri_generic/tight_v2_fit_v6/ToyMC> was used as the working directory.
Started at Sat Jul 20 14:44:16 2024
Terminated at Sat Jul 20 15:33:01 2024
Results reported at Sat Jul 20 15:33:01 2024

Your job looked like:

------------------------------------------------------------
# LSBATCH: User input
bash -c "basf2 etapip_gg_fit_v6_toymc_100.py 391 > /home/belle2/jaeyoung/storage_ghi/Ntuples_ghi_2/MC15ri_generic/MC15ri_etaetapip_tight_v2_240419_Kp_BCS_etapi0const/bsub_log//MC15ri_etapip_gg_fitv6_toyMC_100_391.log"
------------------------------------------------------------

Successfully completed.

Resource usage summary:

    CPU time :                                   2857.41 sec.
    Max Memory :                                 1311 MB
    Average Memory :                             940.16 MB
    Total Requested Memory :                     4000.00 MB
    Delta Memory :                               2689.00 MB
    Max Swap :                                   -
    Max Processes :                              19
    Max Threads :                                20
    Run time :                                   2926 sec.
    Turnaround time :                            3163 sec.

The output (if any) follows:



PS:

Read file <./bsub_log/391.err> for stderr output of this job.

Sender: LSF System <lsfadmin@ccb121>
Subject: Job 53030516: <bash -c "basf2 etapip_gg_fit_v6_toymc_100.py 391 > /home/belle2/jaeyoung/storage_ghi/Ntuples_ghi_2/MC15ri_generic/MC15ri_etaetapip_tight_v2_240419_Kp_BCS_etapi0const/bsub_log//MC15ri_etapip_gg_fitv6_toyMC_100_391.log"> in cluster <centralcluster> Done

Job <bash -c "basf2 etapip_gg_fit_v6_toymc_100.py 391 > /home/belle2/jaeyoung/storage_ghi/Ntuples_ghi_2/MC15ri_generic/MC15ri_etaetapip_tight_v2_240419_Kp_BCS_etapi0const/bsub_log//MC15ri_etapip_gg_fitv6_toyMC_100_391.log"> was submitted from host <ccw03> by user <jaeyoung> in cluster <centralcluster> at Sun Jul 21 17:31:40 2024
Job was executed on host(s) <ccb121>, in queue <s>, as user <jaeyoung> in cluster <centralcluster> at Sun Jul 21 17:32:22 2024
</home/belle2/jaeyoung> was used as the home directory.
</home/belle2/jaeyoung/workspace/DRAW_and_FITTING/main/FITTING/etapip/MC15ri_generic/tight_v2_fit_v6/ToyMC> was used as the working directory.
Started at Sun Jul 21 17:32:22 2024
Terminated at Sun Jul 21 18:20:43 2024
Results reported at Sun Jul 21 18:20:43 2024

Your job looked like:

------------------------------------------------------------
# LSBATCH: User input
bash -c "basf2 etapip_gg_fit_v6_toymc_100.py 391 > /home/belle2/jaeyoung/storage_ghi/Ntuples_ghi_2/MC15ri_generic/MC15ri_etaetapip_tight_v2_240419_Kp_BCS_etapi0const/bsub_log//MC15ri_etapip_gg_fitv6_toyMC_100_391.log"
------------------------------------------------------------

Successfully completed.

Resource usage summary:

    CPU time :                                   2880.03 sec.
    Max Memory :                                 1311 MB
    Average Memory :                             938.90 MB
    Total Requested Memory :                     4000.00 MB
    Delta Memory :                               2689.00 MB
    Max Swap :                                   -
    Max Processes :                              19
    Max Threads :                                20
    Run time :                                   2900 sec.
    Turnaround time :                            2943 sec.

The output (if any) follows:



PS:

Read file <./bsub_log/391.err> for stderr output of this job.

Sender: LSF System <lsfadmin@ccb195>
Subject: Job 53203011: <bash -c "basf2 etapip_gg_fit_v6_toymc_100.py 391 > /home/belle2/jaeyoung/storage_ghi/Ntuples_ghi_2/MC15ri_generic/MC15ri_etaetapip_tight_v2_240419_Kp_BCS_etapi0const/bsub_log//MC15ri_etapip_gg_fitv6_toyMC_100_391.log"> in cluster <centralcluster> Exited

Job <bash -c "basf2 etapip_gg_fit_v6_toymc_100.py 391 > /home/belle2/jaeyoung/storage_ghi/Ntuples_ghi_2/MC15ri_generic/MC15ri_etaetapip_tight_v2_240419_Kp_BCS_etapi0const/bsub_log//MC15ri_etapip_gg_fitv6_toyMC_100_391.log"> was submitted from host <ccw03> by user <jaeyoung> in cluster <centralcluster> at Mon Jul 22 00:50:46 2024
Job was executed on host(s) <ccb195>, in queue <s>, as user <jaeyoung> in cluster <centralcluster> at Mon Jul 22 00:52:15 2024
</home/belle2/jaeyoung> was used as the home directory.
</home/belle2/jaeyoung/workspace/DRAW_and_FITTING/main/FITTING/etapip/MC15ri_generic/tight_v2_fit_v6/ToyMC> was used as the working directory.
Started at Mon Jul 22 00:52:15 2024
Terminated at Mon Jul 22 01:08:40 2024
Results reported at Mon Jul 22 01:08:40 2024

Your job looked like:

------------------------------------------------------------
# LSBATCH: User input
bash -c "basf2 etapip_gg_fit_v6_toymc_100.py 391 > /home/belle2/jaeyoung/storage_ghi/Ntuples_ghi_2/MC15ri_generic/MC15ri_etaetapip_tight_v2_240419_Kp_BCS_etapi0const/bsub_log//MC15ri_etapip_gg_fitv6_toyMC_100_391.log"
------------------------------------------------------------

Exited with exit code 1.

Resource usage summary:

    CPU time :                                   980.76 sec.
    Max Memory :                                 1255 MB
    Average Memory :                             1175.96 MB
    Total Requested Memory :                     4000.00 MB
    Delta Memory :                               2745.00 MB
    Max Swap :                                   -
    Max Processes :                              19
    Max Threads :                                20
    Run time :                                   986 sec.
    Turnaround time :                            1074 sec.

The output (if any) follows:



PS:

Read file <./bsub_log/391.err> for stderr output of this job.

Sender: LSF System <lsfadmin@ccb289>
Subject: Job 53407250: <bash -c "basf2 etapip_gg_fit_v6_toymc_100.py 391 > /home/belle2/jaeyoung/storage_ghi/Ntuples_ghi_2/MC15ri_generic/MC15ri_etaetapip_tight_v2_240419_Kp_BCS_etapi0const/bsub_log//MC15ri_etapip_gg_fitv6_toyMC_100_391.log"> in cluster <centralcluster> Done

Job <bash -c "basf2 etapip_gg_fit_v6_toymc_100.py 391 > /home/belle2/jaeyoung/storage_ghi/Ntuples_ghi_2/MC15ri_generic/MC15ri_etaetapip_tight_v2_240419_Kp_BCS_etapi0const/bsub_log//MC15ri_etapip_gg_fitv6_toyMC_100_391.log"> was submitted from host <ccw06> by user <jaeyoung> in cluster <centralcluster> at Mon Jul 22 10:49:28 2024
Job was executed on host(s) <ccb289>, in queue <s>, as user <jaeyoung> in cluster <centralcluster> at Mon Jul 22 10:50:03 2024
</home/belle2/jaeyoung> was used as the home directory.
</home/belle2/jaeyoung/workspace/DRAW_and_FITTING/main/FITTING/etapip/MC15ri_generic/tight_v2_fit_v6/ToyMC> was used as the working directory.
Started at Mon Jul 22 10:50:03 2024
Terminated at Mon Jul 22 11:35:43 2024
Results reported at Mon Jul 22 11:35:43 2024

Your job looked like:

------------------------------------------------------------
# LSBATCH: User input
bash -c "basf2 etapip_gg_fit_v6_toymc_100.py 391 > /home/belle2/jaeyoung/storage_ghi/Ntuples_ghi_2/MC15ri_generic/MC15ri_etaetapip_tight_v2_240419_Kp_BCS_etapi0const/bsub_log//MC15ri_etapip_gg_fitv6_toyMC_100_391.log"
------------------------------------------------------------

Successfully completed.

Resource usage summary:

    CPU time :                                   2714.12 sec.
    Max Memory :                                 1312 MB
    Average Memory :                             939.72 MB
    Total Requested Memory :                     4000.00 MB
    Delta Memory :                               2688.00 MB
    Max Swap :                                   -
    Max Processes :                              19
    Max Threads :                                20
    Run time :                                   2741 sec.
    Turnaround time :                            2775 sec.

The output (if any) follows:



PS:

Read file <./bsub_log/391.err> for stderr output of this job.

Sender: LSF System <lsfadmin@ccb275>
Subject: Job 53599541: <bash -c "basf2 etapip_gg_fit_v6_toymc_100.py 391 > /home/belle2/jaeyoung/storage_ghi/Ntuples_ghi_2/MC15ri_generic/MC15ri_etaetapip_tight_v2_240419_Kp_BCS_etapi0const/bsub_log//MC15ri_etapip_gg_fitv6_toyMC_100_391.log"> in cluster <centralcluster> Done

Job <bash -c "basf2 etapip_gg_fit_v6_toymc_100.py 391 > /home/belle2/jaeyoung/storage_ghi/Ntuples_ghi_2/MC15ri_generic/MC15ri_etaetapip_tight_v2_240419_Kp_BCS_etapi0const/bsub_log//MC15ri_etapip_gg_fitv6_toyMC_100_391.log"> was submitted from host <ccw03> by user <jaeyoung> in cluster <centralcluster> at Mon Jul 22 18:35:40 2024
Job was executed on host(s) <ccb275>, in queue <s>, as user <jaeyoung> in cluster <centralcluster> at Mon Jul 22 18:37:35 2024
</home/belle2/jaeyoung> was used as the home directory.
</home/belle2/jaeyoung/workspace/DRAW_and_FITTING/main/FITTING/etapip/MC15ri_generic/tight_v2_fit_v6/ToyMC> was used as the working directory.
Started at Mon Jul 22 18:37:35 2024
Terminated at Mon Jul 22 19:24:05 2024
Results reported at Mon Jul 22 19:24:05 2024

Your job looked like:

------------------------------------------------------------
# LSBATCH: User input
bash -c "basf2 etapip_gg_fit_v6_toymc_100.py 391 > /home/belle2/jaeyoung/storage_ghi/Ntuples_ghi_2/MC15ri_generic/MC15ri_etaetapip_tight_v2_240419_Kp_BCS_etapi0const/bsub_log//MC15ri_etapip_gg_fitv6_toyMC_100_391.log"
------------------------------------------------------------

Successfully completed.

Resource usage summary:

    CPU time :                                   2776.68 sec.
    Max Memory :                                 1311 MB
    Average Memory :                             963.25 MB
    Total Requested Memory :                     4000.00 MB
    Delta Memory :                               2689.00 MB
    Max Swap :                                   -
    Max Processes :                              19
    Max Threads :                                20
    Run time :                                   2791 sec.
    Turnaround time :                            2905 sec.

The output (if any) follows:



PS:

Read file <./bsub_log/391.err> for stderr output of this job.

Sender: LSF System <lsfadmin@ccb008>
Subject: Job 53832810: <bash -c "basf2 etapip_gg_fit_v6_toymc_100.py 391 > /home/belle2/jaeyoung/storage_ghi/Ntuples_ghi_2/MC15ri_generic/MC15ri_etaetapip_tight_v2_240419_Kp_BCS_etapi0const/bsub_log//MC15ri_etapip_gg_fitv6_toyMC_100_391.log"> in cluster <centralcluster> Done

Job <bash -c "basf2 etapip_gg_fit_v6_toymc_100.py 391 > /home/belle2/jaeyoung/storage_ghi/Ntuples_ghi_2/MC15ri_generic/MC15ri_etaetapip_tight_v2_240419_Kp_BCS_etapi0const/bsub_log//MC15ri_etapip_gg_fitv6_toyMC_100_391.log"> was submitted from host <ccw05> by user <jaeyoung> in cluster <centralcluster> at Tue Jul 23 00:50:37 2024
Job was executed on host(s) <ccb008>, in queue <s>, as user <jaeyoung> in cluster <centralcluster> at Tue Jul 23 00:50:52 2024
</home/belle2/jaeyoung> was used as the home directory.
</home/belle2/jaeyoung/workspace/DRAW_and_FITTING/main/FITTING/etapip/MC15ri_generic/tight_v2_fit_v6/ToyMC> was used as the working directory.
Started at Tue Jul 23 00:50:52 2024
Terminated at Tue Jul 23 01:38:48 2024
Results reported at Tue Jul 23 01:38:48 2024

Your job looked like:

------------------------------------------------------------
# LSBATCH: User input
bash -c "basf2 etapip_gg_fit_v6_toymc_100.py 391 > /home/belle2/jaeyoung/storage_ghi/Ntuples_ghi_2/MC15ri_generic/MC15ri_etaetapip_tight_v2_240419_Kp_BCS_etapi0const/bsub_log//MC15ri_etapip_gg_fitv6_toyMC_100_391.log"
------------------------------------------------------------

Successfully completed.

Resource usage summary:

    CPU time :                                   2859.06 sec.
    Max Memory :                                 1315 MB
    Average Memory :                             979.23 MB
    Total Requested Memory :                     4000.00 MB
    Delta Memory :                               2685.00 MB
    Max Swap :                                   -
    Max Processes :                              19
    Max Threads :                                20
    Run time :                                   2876 sec.
    Turnaround time :                            2891 sec.

The output (if any) follows:



PS:

Read file <./bsub_log/391.err> for stderr output of this job.

Sender: LSF System <lsfadmin@ccb124>
Subject: Job 54398377: <bash -c "basf2 etapip_gg_fit_v6_toymc_100.py 391 > /home/belle2/jaeyoung/storage_ghi/Ntuples_ghi_2/MC15ri_generic/MC15ri_etaetapip_tight_v2_240419_Kp_BCS_etapi0const/bsub_log//MC15ri_etapip_gg_fitv6_toyMC_100_391.log"> in cluster <centralcluster> Exited

Job <bash -c "basf2 etapip_gg_fit_v6_toymc_100.py 391 > /home/belle2/jaeyoung/storage_ghi/Ntuples_ghi_2/MC15ri_generic/MC15ri_etaetapip_tight_v2_240419_Kp_BCS_etapi0const/bsub_log//MC15ri_etapip_gg_fitv6_toyMC_100_391.log"> was submitted from host <ccw04> by user <jaeyoung> in cluster <centralcluster> at Tue Jul 23 17:59:52 2024
Job was executed on host(s) <ccb124>, in queue <s>, as user <jaeyoung> in cluster <centralcluster> at Tue Jul 23 18:46:58 2024
</home/belle2/jaeyoung> was used as the home directory.
</home/belle2/jaeyoung/workspace/DRAW_and_FITTING/main/FITTING/etapip/MC15ri_generic/tight_v2_fit_v6/ToyMC> was used as the working directory.
Started at Tue Jul 23 18:46:58 2024
Terminated at Tue Jul 23 19:35:34 2024
Results reported at Tue Jul 23 19:35:34 2024

Your job looked like:

------------------------------------------------------------
# LSBATCH: User input
bash -c "basf2 etapip_gg_fit_v6_toymc_100.py 391 > /home/belle2/jaeyoung/storage_ghi/Ntuples_ghi_2/MC15ri_generic/MC15ri_etaetapip_tight_v2_240419_Kp_BCS_etapi0const/bsub_log//MC15ri_etapip_gg_fitv6_toyMC_100_391.log"
------------------------------------------------------------

TERM_OWNER: job killed by owner.
Exited with exit code 1.

Resource usage summary:

    CPU time :                                   2834.53 sec.
    Max Memory :                                 1313 MB
    Average Memory :                             963.85 MB
    Total Requested Memory :                     4000.00 MB
    Delta Memory :                               2687.00 MB
    Max Swap :                                   -
    Max Processes :                              19
    Max Threads :                                20
    Run time :                                   2917 sec.
    Turnaround time :                            5742 sec.

The output (if any) follows:



PS:

Read file <./bsub_log/391.err> for stderr output of this job.

