Sender: LSF System <lsfadmin@ccb542>
Subject: Job 52359634: <bash -c "basf2 etapip_gg_fit_v6_toymc_100.py 392 > /home/belle2/jaeyoung/storage_ghi/Ntuples_ghi_2/MC15ri_generic/MC15ri_etaetapip_tight_v2_240419_Kp_BCS_etapi0const/bsub_log//MC15ri_etapip_gg_fitv6_toyMC_100_392.log"> in cluster <centralcluster> Done

Job <bash -c "basf2 etapip_gg_fit_v6_toymc_100.py 392 > /home/belle2/jaeyoung/storage_ghi/Ntuples_ghi_2/MC15ri_generic/MC15ri_etaetapip_tight_v2_240419_Kp_BCS_etapi0const/bsub_log//MC15ri_etapip_gg_fitv6_toyMC_100_392.log"> was submitted from host <ccw02> by user <jaeyoung> in cluster <centralcluster> at Sat Jul 20 14:40:18 2024
Job was executed on host(s) <ccb542>, in queue <s>, as user <jaeyoung> in cluster <centralcluster> at Sat Jul 20 14:44:16 2024
</home/belle2/jaeyoung> was used as the home directory.
</home/belle2/jaeyoung/workspace/DRAW_and_FITTING/main/FITTING/etapip/MC15ri_generic/tight_v2_fit_v6/ToyMC> was used as the working directory.
Started at Sat Jul 20 14:44:16 2024
Terminated at Sat Jul 20 15:34:45 2024
Results reported at Sat Jul 20 15:34:45 2024

Your job looked like:

------------------------------------------------------------
# LSBATCH: User input
bash -c "basf2 etapip_gg_fit_v6_toymc_100.py 392 > /home/belle2/jaeyoung/storage_ghi/Ntuples_ghi_2/MC15ri_generic/MC15ri_etaetapip_tight_v2_240419_Kp_BCS_etapi0const/bsub_log//MC15ri_etapip_gg_fitv6_toyMC_100_392.log"
------------------------------------------------------------

Successfully completed.

Resource usage summary:

    CPU time :                                   2946.62 sec.
    Max Memory :                                 1312 MB
    Average Memory :                             958.29 MB
    Total Requested Memory :                     4000.00 MB
    Delta Memory :                               2688.00 MB
    Max Swap :                                   -
    Max Processes :                              19
    Max Threads :                                20
    Run time :                                   3029 sec.
    Turnaround time :                            3267 sec.

The output (if any) follows:



PS:

Read file <./bsub_log/392.err> for stderr output of this job.

Sender: LSF System <lsfadmin@ccb252>
Subject: Job 53030520: <bash -c "basf2 etapip_gg_fit_v6_toymc_100.py 392 > /home/belle2/jaeyoung/storage_ghi/Ntuples_ghi_2/MC15ri_generic/MC15ri_etaetapip_tight_v2_240419_Kp_BCS_etapi0const/bsub_log//MC15ri_etapip_gg_fitv6_toyMC_100_392.log"> in cluster <centralcluster> Done

Job <bash -c "basf2 etapip_gg_fit_v6_toymc_100.py 392 > /home/belle2/jaeyoung/storage_ghi/Ntuples_ghi_2/MC15ri_generic/MC15ri_etaetapip_tight_v2_240419_Kp_BCS_etapi0const/bsub_log//MC15ri_etapip_gg_fitv6_toyMC_100_392.log"> was submitted from host <ccw03> by user <jaeyoung> in cluster <centralcluster> at Sun Jul 21 17:31:41 2024
Job was executed on host(s) <ccb252>, in queue <s>, as user <jaeyoung> in cluster <centralcluster> at Sun Jul 21 17:32:22 2024
</home/belle2/jaeyoung> was used as the home directory.
</home/belle2/jaeyoung/workspace/DRAW_and_FITTING/main/FITTING/etapip/MC15ri_generic/tight_v2_fit_v6/ToyMC> was used as the working directory.
Started at Sun Jul 21 17:32:22 2024
Terminated at Sun Jul 21 18:20:50 2024
Results reported at Sun Jul 21 18:20:50 2024

Your job looked like:

------------------------------------------------------------
# LSBATCH: User input
bash -c "basf2 etapip_gg_fit_v6_toymc_100.py 392 > /home/belle2/jaeyoung/storage_ghi/Ntuples_ghi_2/MC15ri_generic/MC15ri_etaetapip_tight_v2_240419_Kp_BCS_etapi0const/bsub_log//MC15ri_etapip_gg_fitv6_toyMC_100_392.log"
------------------------------------------------------------

Successfully completed.

Resource usage summary:

    CPU time :                                   2867.15 sec.
    Max Memory :                                 1311 MB
    Average Memory :                             927.92 MB
    Total Requested Memory :                     4000.00 MB
    Delta Memory :                               2689.00 MB
    Max Swap :                                   -
    Max Processes :                              19
    Max Threads :                                20
    Run time :                                   2908 sec.
    Turnaround time :                            2949 sec.

The output (if any) follows:



PS:

Read file <./bsub_log/392.err> for stderr output of this job.

Sender: LSF System <lsfadmin@ccb151>
Subject: Job 53203013: <bash -c "basf2 etapip_gg_fit_v6_toymc_100.py 392 > /home/belle2/jaeyoung/storage_ghi/Ntuples_ghi_2/MC15ri_generic/MC15ri_etaetapip_tight_v2_240419_Kp_BCS_etapi0const/bsub_log//MC15ri_etapip_gg_fitv6_toyMC_100_392.log"> in cluster <centralcluster> Exited

Job <bash -c "basf2 etapip_gg_fit_v6_toymc_100.py 392 > /home/belle2/jaeyoung/storage_ghi/Ntuples_ghi_2/MC15ri_generic/MC15ri_etaetapip_tight_v2_240419_Kp_BCS_etapi0const/bsub_log//MC15ri_etapip_gg_fitv6_toyMC_100_392.log"> was submitted from host <ccw03> by user <jaeyoung> in cluster <centralcluster> at Mon Jul 22 00:50:47 2024
Job was executed on host(s) <ccb151>, in queue <s>, as user <jaeyoung> in cluster <centralcluster> at Mon Jul 22 00:52:16 2024
</home/belle2/jaeyoung> was used as the home directory.
</home/belle2/jaeyoung/workspace/DRAW_and_FITTING/main/FITTING/etapip/MC15ri_generic/tight_v2_fit_v6/ToyMC> was used as the working directory.
Started at Mon Jul 22 00:52:16 2024
Terminated at Mon Jul 22 01:09:44 2024
Results reported at Mon Jul 22 01:09:44 2024

Your job looked like:

------------------------------------------------------------
# LSBATCH: User input
bash -c "basf2 etapip_gg_fit_v6_toymc_100.py 392 > /home/belle2/jaeyoung/storage_ghi/Ntuples_ghi_2/MC15ri_generic/MC15ri_etaetapip_tight_v2_240419_Kp_BCS_etapi0const/bsub_log//MC15ri_etapip_gg_fitv6_toyMC_100_392.log"
------------------------------------------------------------

Exited with exit code 1.

Resource usage summary:

    CPU time :                                   1038.79 sec.
    Max Memory :                                 1253 MB
    Average Memory :                             1166.39 MB
    Total Requested Memory :                     4000.00 MB
    Delta Memory :                               2747.00 MB
    Max Swap :                                   -
    Max Processes :                              19
    Max Threads :                                20
    Run time :                                   1048 sec.
    Turnaround time :                            1137 sec.

The output (if any) follows:



PS:

Read file <./bsub_log/392.err> for stderr output of this job.

Sender: LSF System <lsfadmin@ccb012>
Subject: Job 53407252: <bash -c "basf2 etapip_gg_fit_v6_toymc_100.py 392 > /home/belle2/jaeyoung/storage_ghi/Ntuples_ghi_2/MC15ri_generic/MC15ri_etaetapip_tight_v2_240419_Kp_BCS_etapi0const/bsub_log//MC15ri_etapip_gg_fitv6_toyMC_100_392.log"> in cluster <centralcluster> Done

Job <bash -c "basf2 etapip_gg_fit_v6_toymc_100.py 392 > /home/belle2/jaeyoung/storage_ghi/Ntuples_ghi_2/MC15ri_generic/MC15ri_etaetapip_tight_v2_240419_Kp_BCS_etapi0const/bsub_log//MC15ri_etapip_gg_fitv6_toyMC_100_392.log"> was submitted from host <ccw06> by user <jaeyoung> in cluster <centralcluster> at Mon Jul 22 10:49:28 2024
Job was executed on host(s) <ccb012>, in queue <s>, as user <jaeyoung> in cluster <centralcluster> at Mon Jul 22 10:50:03 2024
</home/belle2/jaeyoung> was used as the home directory.
</home/belle2/jaeyoung/workspace/DRAW_and_FITTING/main/FITTING/etapip/MC15ri_generic/tight_v2_fit_v6/ToyMC> was used as the working directory.
Started at Mon Jul 22 10:50:03 2024
Terminated at Mon Jul 22 11:36:28 2024
Results reported at Mon Jul 22 11:36:28 2024

Your job looked like:

------------------------------------------------------------
# LSBATCH: User input
bash -c "basf2 etapip_gg_fit_v6_toymc_100.py 392 > /home/belle2/jaeyoung/storage_ghi/Ntuples_ghi_2/MC15ri_generic/MC15ri_etaetapip_tight_v2_240419_Kp_BCS_etapi0const/bsub_log//MC15ri_etapip_gg_fitv6_toyMC_100_392.log"
------------------------------------------------------------

Successfully completed.

Resource usage summary:

    CPU time :                                   2777.53 sec.
    Max Memory :                                 1311 MB
    Average Memory :                             957.92 MB
    Total Requested Memory :                     4000.00 MB
    Delta Memory :                               2689.00 MB
    Max Swap :                                   -
    Max Processes :                              19
    Max Threads :                                20
    Run time :                                   2785 sec.
    Turnaround time :                            2820 sec.

The output (if any) follows:



PS:

Read file <./bsub_log/392.err> for stderr output of this job.

Sender: LSF System <lsfadmin@ccb038>
Subject: Job 53599545: <bash -c "basf2 etapip_gg_fit_v6_toymc_100.py 392 > /home/belle2/jaeyoung/storage_ghi/Ntuples_ghi_2/MC15ri_generic/MC15ri_etaetapip_tight_v2_240419_Kp_BCS_etapi0const/bsub_log//MC15ri_etapip_gg_fitv6_toyMC_100_392.log"> in cluster <centralcluster> Done

Job <bash -c "basf2 etapip_gg_fit_v6_toymc_100.py 392 > /home/belle2/jaeyoung/storage_ghi/Ntuples_ghi_2/MC15ri_generic/MC15ri_etaetapip_tight_v2_240419_Kp_BCS_etapi0const/bsub_log//MC15ri_etapip_gg_fitv6_toyMC_100_392.log"> was submitted from host <ccw03> by user <jaeyoung> in cluster <centralcluster> at Mon Jul 22 18:35:40 2024
Job was executed on host(s) <ccb038>, in queue <s>, as user <jaeyoung> in cluster <centralcluster> at Mon Jul 22 18:37:35 2024
</home/belle2/jaeyoung> was used as the home directory.
</home/belle2/jaeyoung/workspace/DRAW_and_FITTING/main/FITTING/etapip/MC15ri_generic/tight_v2_fit_v6/ToyMC> was used as the working directory.
Started at Mon Jul 22 18:37:35 2024
Terminated at Mon Jul 22 19:24:11 2024
Results reported at Mon Jul 22 19:24:11 2024

Your job looked like:

------------------------------------------------------------
# LSBATCH: User input
bash -c "basf2 etapip_gg_fit_v6_toymc_100.py 392 > /home/belle2/jaeyoung/storage_ghi/Ntuples_ghi_2/MC15ri_generic/MC15ri_etaetapip_tight_v2_240419_Kp_BCS_etapi0const/bsub_log//MC15ri_etapip_gg_fitv6_toyMC_100_392.log"
------------------------------------------------------------

Successfully completed.

Resource usage summary:

    CPU time :                                   2787.55 sec.
    Max Memory :                                 1316 MB
    Average Memory :                             992.36 MB
    Total Requested Memory :                     4000.00 MB
    Delta Memory :                               2684.00 MB
    Max Swap :                                   -
    Max Processes :                              19
    Max Threads :                                20
    Run time :                                   2796 sec.
    Turnaround time :                            2911 sec.

The output (if any) follows:



PS:

Read file <./bsub_log/392.err> for stderr output of this job.

Sender: LSF System <lsfadmin@ccb275>
Subject: Job 53832814: <bash -c "basf2 etapip_gg_fit_v6_toymc_100.py 392 > /home/belle2/jaeyoung/storage_ghi/Ntuples_ghi_2/MC15ri_generic/MC15ri_etaetapip_tight_v2_240419_Kp_BCS_etapi0const/bsub_log//MC15ri_etapip_gg_fitv6_toyMC_100_392.log"> in cluster <centralcluster> Done

Job <bash -c "basf2 etapip_gg_fit_v6_toymc_100.py 392 > /home/belle2/jaeyoung/storage_ghi/Ntuples_ghi_2/MC15ri_generic/MC15ri_etaetapip_tight_v2_240419_Kp_BCS_etapi0const/bsub_log//MC15ri_etapip_gg_fitv6_toyMC_100_392.log"> was submitted from host <ccw05> by user <jaeyoung> in cluster <centralcluster> at Tue Jul 23 00:50:37 2024
Job was executed on host(s) <ccb275>, in queue <s>, as user <jaeyoung> in cluster <centralcluster> at Tue Jul 23 00:50:53 2024
</home/belle2/jaeyoung> was used as the home directory.
</home/belle2/jaeyoung/workspace/DRAW_and_FITTING/main/FITTING/etapip/MC15ri_generic/tight_v2_fit_v6/ToyMC> was used as the working directory.
Started at Tue Jul 23 00:50:53 2024
Terminated at Tue Jul 23 01:37:10 2024
Results reported at Tue Jul 23 01:37:10 2024

Your job looked like:

------------------------------------------------------------
# LSBATCH: User input
bash -c "basf2 etapip_gg_fit_v6_toymc_100.py 392 > /home/belle2/jaeyoung/storage_ghi/Ntuples_ghi_2/MC15ri_generic/MC15ri_etaetapip_tight_v2_240419_Kp_BCS_etapi0const/bsub_log//MC15ri_etapip_gg_fitv6_toyMC_100_392.log"
------------------------------------------------------------

Successfully completed.

Resource usage summary:

    CPU time :                                   2758.40 sec.
    Max Memory :                                 1311 MB
    Average Memory :                             944.77 MB
    Total Requested Memory :                     4000.00 MB
    Delta Memory :                               2689.00 MB
    Max Swap :                                   -
    Max Processes :                              19
    Max Threads :                                20
    Run time :                                   2777 sec.
    Turnaround time :                            2793 sec.

The output (if any) follows:



PS:

Read file <./bsub_log/392.err> for stderr output of this job.

Sender: LSF System <lsfadmin@ccb133>
Subject: Job 54398381: <bash -c "basf2 etapip_gg_fit_v6_toymc_100.py 392 > /home/belle2/jaeyoung/storage_ghi/Ntuples_ghi_2/MC15ri_generic/MC15ri_etaetapip_tight_v2_240419_Kp_BCS_etapi0const/bsub_log//MC15ri_etapip_gg_fitv6_toyMC_100_392.log"> in cluster <centralcluster> Done

Job <bash -c "basf2 etapip_gg_fit_v6_toymc_100.py 392 > /home/belle2/jaeyoung/storage_ghi/Ntuples_ghi_2/MC15ri_generic/MC15ri_etaetapip_tight_v2_240419_Kp_BCS_etapi0const/bsub_log//MC15ri_etapip_gg_fitv6_toyMC_100_392.log"> was submitted from host <ccw04> by user <jaeyoung> in cluster <centralcluster> at Tue Jul 23 17:59:52 2024
Job was executed on host(s) <ccb133>, in queue <s>, as user <jaeyoung> in cluster <centralcluster> at Tue Jul 23 18:46:58 2024
</home/belle2/jaeyoung> was used as the home directory.
</home/belle2/jaeyoung/workspace/DRAW_and_FITTING/main/FITTING/etapip/MC15ri_generic/tight_v2_fit_v6/ToyMC> was used as the working directory.
Started at Tue Jul 23 18:46:58 2024
Terminated at Tue Jul 23 19:33:04 2024
Results reported at Tue Jul 23 19:33:04 2024

Your job looked like:

------------------------------------------------------------
# LSBATCH: User input
bash -c "basf2 etapip_gg_fit_v6_toymc_100.py 392 > /home/belle2/jaeyoung/storage_ghi/Ntuples_ghi_2/MC15ri_generic/MC15ri_etaetapip_tight_v2_240419_Kp_BCS_etapi0const/bsub_log//MC15ri_etapip_gg_fitv6_toyMC_100_392.log"
------------------------------------------------------------

Successfully completed.

Resource usage summary:

    CPU time :                                   2713.73 sec.
    Max Memory :                                 1313 MB
    Average Memory :                             946.59 MB
    Total Requested Memory :                     4000.00 MB
    Delta Memory :                               2687.00 MB
    Max Swap :                                   -
    Max Processes :                              19
    Max Threads :                                20
    Run time :                                   2766 sec.
    Turnaround time :                            5592 sec.

The output (if any) follows:



PS:

Read file <./bsub_log/392.err> for stderr output of this job.

