Sender: LSF System <lsfadmin@ccb285>
Subject: Job 52359639: <bash -c "basf2 etapip_gg_fit_v6_toymc_100.py 397 > /home/belle2/jaeyoung/storage_ghi/Ntuples_ghi_2/MC15ri_generic/MC15ri_etaetapip_tight_v2_240419_Kp_BCS_etapi0const/bsub_log//MC15ri_etapip_gg_fitv6_toyMC_100_397.log"> in cluster <centralcluster> Done

Job <bash -c "basf2 etapip_gg_fit_v6_toymc_100.py 397 > /home/belle2/jaeyoung/storage_ghi/Ntuples_ghi_2/MC15ri_generic/MC15ri_etaetapip_tight_v2_240419_Kp_BCS_etapi0const/bsub_log//MC15ri_etapip_gg_fitv6_toyMC_100_397.log"> was submitted from host <ccw02> by user <jaeyoung> in cluster <centralcluster> at Sat Jul 20 14:40:20 2024
Job was executed on host(s) <ccb285>, in queue <s>, as user <jaeyoung> in cluster <centralcluster> at Sat Jul 20 14:44:18 2024
</home/belle2/jaeyoung> was used as the home directory.
</home/belle2/jaeyoung/workspace/DRAW_and_FITTING/main/FITTING/etapip/MC15ri_generic/tight_v2_fit_v6/ToyMC> was used as the working directory.
Started at Sat Jul 20 14:44:18 2024
Terminated at Sat Jul 20 15:31:37 2024
Results reported at Sat Jul 20 15:31:37 2024

Your job looked like:

------------------------------------------------------------
# LSBATCH: User input
bash -c "basf2 etapip_gg_fit_v6_toymc_100.py 397 > /home/belle2/jaeyoung/storage_ghi/Ntuples_ghi_2/MC15ri_generic/MC15ri_etaetapip_tight_v2_240419_Kp_BCS_etapi0const/bsub_log//MC15ri_etapip_gg_fitv6_toyMC_100_397.log"
------------------------------------------------------------

Successfully completed.

Resource usage summary:

    CPU time :                                   2795.06 sec.
    Max Memory :                                 1311 MB
    Average Memory :                             947.95 MB
    Total Requested Memory :                     4000.00 MB
    Delta Memory :                               2689.00 MB
    Max Swap :                                   -
    Max Processes :                              19
    Max Threads :                                20
    Run time :                                   2839 sec.
    Turnaround time :                            3077 sec.

The output (if any) follows:



PS:

Read file <./bsub_log/397.err> for stderr output of this job.

Sender: LSF System <lsfadmin@ccb552>
Subject: Job 53030554: <bash -c "basf2 etapip_gg_fit_v6_toymc_100.py 397 > /home/belle2/jaeyoung/storage_ghi/Ntuples_ghi_2/MC15ri_generic/MC15ri_etaetapip_tight_v2_240419_Kp_BCS_etapi0const/bsub_log//MC15ri_etapip_gg_fitv6_toyMC_100_397.log"> in cluster <centralcluster> Done

Job <bash -c "basf2 etapip_gg_fit_v6_toymc_100.py 397 > /home/belle2/jaeyoung/storage_ghi/Ntuples_ghi_2/MC15ri_generic/MC15ri_etaetapip_tight_v2_240419_Kp_BCS_etapi0const/bsub_log//MC15ri_etapip_gg_fitv6_toyMC_100_397.log"> was submitted from host <ccw03> by user <jaeyoung> in cluster <centralcluster> at Sun Jul 21 17:31:43 2024
Job was executed on host(s) <ccb552>, in queue <s>, as user <jaeyoung> in cluster <centralcluster> at Sun Jul 21 17:32:24 2024
</home/belle2/jaeyoung> was used as the home directory.
</home/belle2/jaeyoung/workspace/DRAW_and_FITTING/main/FITTING/etapip/MC15ri_generic/tight_v2_fit_v6/ToyMC> was used as the working directory.
Started at Sun Jul 21 17:32:24 2024
Terminated at Sun Jul 21 18:22:39 2024
Results reported at Sun Jul 21 18:22:39 2024

Your job looked like:

------------------------------------------------------------
# LSBATCH: User input
bash -c "basf2 etapip_gg_fit_v6_toymc_100.py 397 > /home/belle2/jaeyoung/storage_ghi/Ntuples_ghi_2/MC15ri_generic/MC15ri_etaetapip_tight_v2_240419_Kp_BCS_etapi0const/bsub_log//MC15ri_etapip_gg_fitv6_toyMC_100_397.log"
------------------------------------------------------------

Successfully completed.

Resource usage summary:

    CPU time :                                   2979.46 sec.
    Max Memory :                                 1311 MB
    Average Memory :                             932.42 MB
    Total Requested Memory :                     4000.00 MB
    Delta Memory :                               2689.00 MB
    Max Swap :                                   -
    Max Processes :                              19
    Max Threads :                                20
    Run time :                                   3015 sec.
    Turnaround time :                            3056 sec.

The output (if any) follows:



PS:

Read file <./bsub_log/397.err> for stderr output of this job.

Sender: LSF System <lsfadmin@ccb081>
Subject: Job 53203030: <bash -c "basf2 etapip_gg_fit_v6_toymc_100.py 397 > /home/belle2/jaeyoung/storage_ghi/Ntuples_ghi_2/MC15ri_generic/MC15ri_etaetapip_tight_v2_240419_Kp_BCS_etapi0const/bsub_log//MC15ri_etapip_gg_fitv6_toyMC_100_397.log"> in cluster <centralcluster> Exited

Job <bash -c "basf2 etapip_gg_fit_v6_toymc_100.py 397 > /home/belle2/jaeyoung/storage_ghi/Ntuples_ghi_2/MC15ri_generic/MC15ri_etaetapip_tight_v2_240419_Kp_BCS_etapi0const/bsub_log//MC15ri_etapip_gg_fitv6_toyMC_100_397.log"> was submitted from host <ccw03> by user <jaeyoung> in cluster <centralcluster> at Mon Jul 22 00:50:49 2024
Job was executed on host(s) <ccb081>, in queue <s>, as user <jaeyoung> in cluster <centralcluster> at Mon Jul 22 00:52:18 2024
</home/belle2/jaeyoung> was used as the home directory.
</home/belle2/jaeyoung/workspace/DRAW_and_FITTING/main/FITTING/etapip/MC15ri_generic/tight_v2_fit_v6/ToyMC> was used as the working directory.
Started at Mon Jul 22 00:52:18 2024
Terminated at Mon Jul 22 01:08:41 2024
Results reported at Mon Jul 22 01:08:41 2024

Your job looked like:

------------------------------------------------------------
# LSBATCH: User input
bash -c "basf2 etapip_gg_fit_v6_toymc_100.py 397 > /home/belle2/jaeyoung/storage_ghi/Ntuples_ghi_2/MC15ri_generic/MC15ri_etaetapip_tight_v2_240419_Kp_BCS_etapi0const/bsub_log//MC15ri_etapip_gg_fitv6_toyMC_100_397.log"
------------------------------------------------------------

Exited with exit code 1.

Resource usage summary:

    CPU time :                                   973.77 sec.
    Max Memory :                                 1252 MB
    Average Memory :                             1168.16 MB
    Total Requested Memory :                     4000.00 MB
    Delta Memory :                               2748.00 MB
    Max Swap :                                   -
    Max Processes :                              19
    Max Threads :                                20
    Run time :                                   984 sec.
    Turnaround time :                            1072 sec.

The output (if any) follows:



PS:

Read file <./bsub_log/397.err> for stderr output of this job.

Sender: LSF System <lsfadmin@ccb228>
Subject: Job 53407262: <bash -c "basf2 etapip_gg_fit_v6_toymc_100.py 397 > /home/belle2/jaeyoung/storage_ghi/Ntuples_ghi_2/MC15ri_generic/MC15ri_etaetapip_tight_v2_240419_Kp_BCS_etapi0const/bsub_log//MC15ri_etapip_gg_fitv6_toyMC_100_397.log"> in cluster <centralcluster> Done

Job <bash -c "basf2 etapip_gg_fit_v6_toymc_100.py 397 > /home/belle2/jaeyoung/storage_ghi/Ntuples_ghi_2/MC15ri_generic/MC15ri_etaetapip_tight_v2_240419_Kp_BCS_etapi0const/bsub_log//MC15ri_etapip_gg_fitv6_toyMC_100_397.log"> was submitted from host <ccw06> by user <jaeyoung> in cluster <centralcluster> at Mon Jul 22 10:49:29 2024
Job was executed on host(s) <ccb228>, in queue <s>, as user <jaeyoung> in cluster <centralcluster> at Mon Jul 22 10:50:05 2024
</home/belle2/jaeyoung> was used as the home directory.
</home/belle2/jaeyoung/workspace/DRAW_and_FITTING/main/FITTING/etapip/MC15ri_generic/tight_v2_fit_v6/ToyMC> was used as the working directory.
Started at Mon Jul 22 10:50:05 2024
Terminated at Mon Jul 22 11:39:37 2024
Results reported at Mon Jul 22 11:39:37 2024

Your job looked like:

------------------------------------------------------------
# LSBATCH: User input
bash -c "basf2 etapip_gg_fit_v6_toymc_100.py 397 > /home/belle2/jaeyoung/storage_ghi/Ntuples_ghi_2/MC15ri_generic/MC15ri_etaetapip_tight_v2_240419_Kp_BCS_etapi0const/bsub_log//MC15ri_etapip_gg_fitv6_toyMC_100_397.log"
------------------------------------------------------------

Successfully completed.

Resource usage summary:

    CPU time :                                   2951.09 sec.
    Max Memory :                                 1311 MB
    Average Memory :                             976.17 MB
    Total Requested Memory :                     4000.00 MB
    Delta Memory :                               2689.00 MB
    Max Swap :                                   -
    Max Processes :                              19
    Max Threads :                                20
    Run time :                                   2972 sec.
    Turnaround time :                            3008 sec.

The output (if any) follows:



PS:

Read file <./bsub_log/397.err> for stderr output of this job.

Sender: LSF System <lsfadmin@ccb215>
Subject: Job 53599562: <bash -c "basf2 etapip_gg_fit_v6_toymc_100.py 397 > /home/belle2/jaeyoung/storage_ghi/Ntuples_ghi_2/MC15ri_generic/MC15ri_etaetapip_tight_v2_240419_Kp_BCS_etapi0const/bsub_log//MC15ri_etapip_gg_fitv6_toyMC_100_397.log"> in cluster <centralcluster> Done

Job <bash -c "basf2 etapip_gg_fit_v6_toymc_100.py 397 > /home/belle2/jaeyoung/storage_ghi/Ntuples_ghi_2/MC15ri_generic/MC15ri_etaetapip_tight_v2_240419_Kp_BCS_etapi0const/bsub_log//MC15ri_etapip_gg_fitv6_toyMC_100_397.log"> was submitted from host <ccw03> by user <jaeyoung> in cluster <centralcluster> at Mon Jul 22 18:35:42 2024
Job was executed on host(s) <ccb215>, in queue <s>, as user <jaeyoung> in cluster <centralcluster> at Mon Jul 22 18:37:38 2024
</home/belle2/jaeyoung> was used as the home directory.
</home/belle2/jaeyoung/workspace/DRAW_and_FITTING/main/FITTING/etapip/MC15ri_generic/tight_v2_fit_v6/ToyMC> was used as the working directory.
Started at Mon Jul 22 18:37:38 2024
Terminated at Mon Jul 22 19:35:28 2024
Results reported at Mon Jul 22 19:35:28 2024

Your job looked like:

------------------------------------------------------------
# LSBATCH: User input
bash -c "basf2 etapip_gg_fit_v6_toymc_100.py 397 > /home/belle2/jaeyoung/storage_ghi/Ntuples_ghi_2/MC15ri_generic/MC15ri_etaetapip_tight_v2_240419_Kp_BCS_etapi0const/bsub_log//MC15ri_etapip_gg_fitv6_toyMC_100_397.log"
------------------------------------------------------------

Successfully completed.

Resource usage summary:

    CPU time :                                   3407.03 sec.
    Max Memory :                                 1311 MB
    Average Memory :                             976.70 MB
    Total Requested Memory :                     4000.00 MB
    Delta Memory :                               2689.00 MB
    Max Swap :                                   -
    Max Processes :                              19
    Max Threads :                                20
    Run time :                                   3470 sec.
    Turnaround time :                            3586 sec.

The output (if any) follows:



PS:

Read file <./bsub_log/397.err> for stderr output of this job.

Sender: LSF System <lsfadmin@ccb076>
Subject: Job 53832834: <bash -c "basf2 etapip_gg_fit_v6_toymc_100.py 397 > /home/belle2/jaeyoung/storage_ghi/Ntuples_ghi_2/MC15ri_generic/MC15ri_etaetapip_tight_v2_240419_Kp_BCS_etapi0const/bsub_log//MC15ri_etapip_gg_fitv6_toyMC_100_397.log"> in cluster <centralcluster> Done

Job <bash -c "basf2 etapip_gg_fit_v6_toymc_100.py 397 > /home/belle2/jaeyoung/storage_ghi/Ntuples_ghi_2/MC15ri_generic/MC15ri_etaetapip_tight_v2_240419_Kp_BCS_etapi0const/bsub_log//MC15ri_etapip_gg_fitv6_toyMC_100_397.log"> was submitted from host <ccw05> by user <jaeyoung> in cluster <centralcluster> at Tue Jul 23 00:50:39 2024
Job was executed on host(s) <ccb076>, in queue <s>, as user <jaeyoung> in cluster <centralcluster> at Tue Jul 23 00:50:55 2024
</home/belle2/jaeyoung> was used as the home directory.
</home/belle2/jaeyoung/workspace/DRAW_and_FITTING/main/FITTING/etapip/MC15ri_generic/tight_v2_fit_v6/ToyMC> was used as the working directory.
Started at Tue Jul 23 00:50:55 2024
Terminated at Tue Jul 23 01:38:55 2024
Results reported at Tue Jul 23 01:38:55 2024

Your job looked like:

------------------------------------------------------------
# LSBATCH: User input
bash -c "basf2 etapip_gg_fit_v6_toymc_100.py 397 > /home/belle2/jaeyoung/storage_ghi/Ntuples_ghi_2/MC15ri_generic/MC15ri_etaetapip_tight_v2_240419_Kp_BCS_etapi0const/bsub_log//MC15ri_etapip_gg_fitv6_toyMC_100_397.log"
------------------------------------------------------------

Successfully completed.

Resource usage summary:

    CPU time :                                   2857.21 sec.
    Max Memory :                                 1311 MB
    Average Memory :                             926.10 MB
    Total Requested Memory :                     4000.00 MB
    Delta Memory :                               2689.00 MB
    Max Swap :                                   -
    Max Processes :                              19
    Max Threads :                                20
    Run time :                                   2880 sec.
    Turnaround time :                            2896 sec.

The output (if any) follows:



PS:

Read file <./bsub_log/397.err> for stderr output of this job.

Sender: LSF System <lsfadmin@ccb524>
Subject: Job 54398403: <bash -c "basf2 etapip_gg_fit_v6_toymc_100.py 397 > /home/belle2/jaeyoung/storage_ghi/Ntuples_ghi_2/MC15ri_generic/MC15ri_etaetapip_tight_v2_240419_Kp_BCS_etapi0const/bsub_log//MC15ri_etapip_gg_fitv6_toyMC_100_397.log"> in cluster <centralcluster> Done

Job <bash -c "basf2 etapip_gg_fit_v6_toymc_100.py 397 > /home/belle2/jaeyoung/storage_ghi/Ntuples_ghi_2/MC15ri_generic/MC15ri_etaetapip_tight_v2_240419_Kp_BCS_etapi0const/bsub_log//MC15ri_etapip_gg_fitv6_toyMC_100_397.log"> was submitted from host <ccw04> by user <jaeyoung> in cluster <centralcluster> at Tue Jul 23 17:59:54 2024
Job was executed on host(s) <ccb524>, in queue <s>, as user <jaeyoung> in cluster <centralcluster> at Tue Jul 23 18:46:59 2024
</home/belle2/jaeyoung> was used as the home directory.
</home/belle2/jaeyoung/workspace/DRAW_and_FITTING/main/FITTING/etapip/MC15ri_generic/tight_v2_fit_v6/ToyMC> was used as the working directory.
Started at Tue Jul 23 18:46:59 2024
Terminated at Tue Jul 23 19:34:00 2024
Results reported at Tue Jul 23 19:34:00 2024

Your job looked like:

------------------------------------------------------------
# LSBATCH: User input
bash -c "basf2 etapip_gg_fit_v6_toymc_100.py 397 > /home/belle2/jaeyoung/storage_ghi/Ntuples_ghi_2/MC15ri_generic/MC15ri_etaetapip_tight_v2_240419_Kp_BCS_etapi0const/bsub_log//MC15ri_etapip_gg_fitv6_toyMC_100_397.log"
------------------------------------------------------------

Successfully completed.

Resource usage summary:

    CPU time :                                   2755.31 sec.
    Max Memory :                                 1313 MB
    Average Memory :                             961.23 MB
    Total Requested Memory :                     4000.00 MB
    Delta Memory :                               2687.00 MB
    Max Swap :                                   -
    Max Processes :                              19
    Max Threads :                                20
    Run time :                                   2822 sec.
    Turnaround time :                            5646 sec.

The output (if any) follows:



PS:

Read file <./bsub_log/397.err> for stderr output of this job.

Sender: LSF System <lsfadmin@ccb528>
Subject: Job 54471093: <bash -c "basf2 etapip_gg_fit_v6_toymc_100.py 397 > /home/belle2/jaeyoung/storage_ghi/Ntuples_ghi_2/MC15ri_generic/MC15ri_etaetapip_tight_v2_240419_Kp_BCS_etapi0const/bsub_log//MC15ri_etapip_gg_fitv6_toyMC_100_397.log"> in cluster <centralcluster> Done

Job <bash -c "basf2 etapip_gg_fit_v6_toymc_100.py 397 > /home/belle2/jaeyoung/storage_ghi/Ntuples_ghi_2/MC15ri_generic/MC15ri_etaetapip_tight_v2_240419_Kp_BCS_etapi0const/bsub_log//MC15ri_etapip_gg_fitv6_toyMC_100_397.log"> was submitted from host <ccw03> by user <jaeyoung> in cluster <centralcluster> at Tue Jul 23 19:38:48 2024
Job was executed on host(s) <ccb528>, in queue <s>, as user <jaeyoung> in cluster <centralcluster> at Tue Jul 23 19:38:49 2024
</home/belle2/jaeyoung> was used as the home directory.
</home/belle2/jaeyoung/workspace/DRAW_and_FITTING/main/FITTING/etapip/MC15ri_generic/tight_v2_fit_v6/ToyMC> was used as the working directory.
Started at Tue Jul 23 19:38:49 2024
Terminated at Tue Jul 23 20:25:03 2024
Results reported at Tue Jul 23 20:25:03 2024

Your job looked like:

------------------------------------------------------------
# LSBATCH: User input
bash -c "basf2 etapip_gg_fit_v6_toymc_100.py 397 > /home/belle2/jaeyoung/storage_ghi/Ntuples_ghi_2/MC15ri_generic/MC15ri_etaetapip_tight_v2_240419_Kp_BCS_etapi0const/bsub_log//MC15ri_etapip_gg_fitv6_toyMC_100_397.log"
------------------------------------------------------------

Successfully completed.

Resource usage summary:

    CPU time :                                   2746.60 sec.
    Max Memory :                                 1311 MB
    Average Memory :                             959.29 MB
    Total Requested Memory :                     4000.00 MB
    Delta Memory :                               2689.00 MB
    Max Swap :                                   -
    Max Processes :                              19
    Max Threads :                                20
    Run time :                                   2775 sec.
    Turnaround time :                            2775 sec.

The output (if any) follows:



PS:

Read file <./bsub_log/397.err> for stderr output of this job.

Sender: LSF System <lsfadmin@ccb070>
Subject: Job 55516173: <bash -c "basf2 etapip_gg_fit_v6_toymc_100.py 397 > /home/belle2/jaeyoung/storage_ghi/Ntuples_ghi_2/MC15ri_generic/MC15ri_etaetapip_tight_v2_240419_Kp_BCS_etapi0const/bsub_log//MC15ri_etapip_gg_fitv6_toyMC_100_397.log"> in cluster <centralcluster> Done

Job <bash -c "basf2 etapip_gg_fit_v6_toymc_100.py 397 > /home/belle2/jaeyoung/storage_ghi/Ntuples_ghi_2/MC15ri_generic/MC15ri_etaetapip_tight_v2_240419_Kp_BCS_etapi0const/bsub_log//MC15ri_etapip_gg_fitv6_toyMC_100_397.log"> was submitted from host <ccw01> by user <jaeyoung> in cluster <centralcluster> at Thu Jul 25 20:51:43 2024
Job was executed on host(s) <ccb070>, in queue <s>, as user <jaeyoung> in cluster <centralcluster> at Thu Jul 25 20:51:49 2024
</home/belle2/jaeyoung> was used as the home directory.
</gpfs/home/belle2/jaeyoung/workspace/DRAW_and_FITTING/main/FITTING/etapip/MC15ri_generic/tight_v2_fit_v6/ToyMC> was used as the working directory.
Started at Thu Jul 25 20:51:49 2024
Terminated at Thu Jul 25 21:40:20 2024
Results reported at Thu Jul 25 21:40:20 2024

Your job looked like:

------------------------------------------------------------
# LSBATCH: User input
bash -c "basf2 etapip_gg_fit_v6_toymc_100.py 397 > /home/belle2/jaeyoung/storage_ghi/Ntuples_ghi_2/MC15ri_generic/MC15ri_etaetapip_tight_v2_240419_Kp_BCS_etapi0const/bsub_log//MC15ri_etapip_gg_fitv6_toyMC_100_397.log"
------------------------------------------------------------

Successfully completed.

Resource usage summary:

    CPU time :                                   2892.04 sec.
    Max Memory :                                 1350 MB
    Average Memory :                             1004.33 MB
    Total Requested Memory :                     4000.00 MB
    Delta Memory :                               2650.00 MB
    Max Swap :                                   -
    Max Processes :                              19
    Max Threads :                                20
    Run time :                                   2911 sec.
    Turnaround time :                            2917 sec.

The output (if any) follows:



PS:

Read file <./bsub_log/397.err> for stderr output of this job.

Sender: LSF System <lsfadmin@ccb114>
Subject: Job 56103760: <bash -c "basf2 etapip_gg_fit_v6_toymc_100.py 397 > /home/belle2/jaeyoung/storage_ghi/Ntuples_ghi_2/MC15ri_generic/MC15ri_etaetapip_tight_v2_240419_Kp_BCS_etapi0const/bsub_log//MC15ri_etapip_gg_fitv6_toyMC_100_397.log"> in cluster <centralcluster> Done

Job <bash -c "basf2 etapip_gg_fit_v6_toymc_100.py 397 > /home/belle2/jaeyoung/storage_ghi/Ntuples_ghi_2/MC15ri_generic/MC15ri_etaetapip_tight_v2_240419_Kp_BCS_etapi0const/bsub_log//MC15ri_etapip_gg_fitv6_toyMC_100_397.log"> was submitted from host <ccw06> by user <jaeyoung> in cluster <centralcluster> at Fri Jul 26 23:44:29 2024
Job was executed on host(s) <ccb114>, in queue <s>, as user <jaeyoung> in cluster <centralcluster> at Sat Jul 27 00:23:55 2024
</home/belle2/jaeyoung> was used as the home directory.
</home/belle2/jaeyoung/workspace/DRAW_and_FITTING/main/FITTING/etapip/MC15ri_generic/tight_v2_fit_v6/ToyMC> was used as the working directory.
Started at Sat Jul 27 00:23:55 2024
Terminated at Sat Jul 27 00:56:55 2024
Results reported at Sat Jul 27 00:56:55 2024

Your job looked like:

------------------------------------------------------------
# LSBATCH: User input
bash -c "basf2 etapip_gg_fit_v6_toymc_100.py 397 > /home/belle2/jaeyoung/storage_ghi/Ntuples_ghi_2/MC15ri_generic/MC15ri_etaetapip_tight_v2_240419_Kp_BCS_etapi0const/bsub_log//MC15ri_etapip_gg_fitv6_toyMC_100_397.log"
------------------------------------------------------------

Successfully completed.

Resource usage summary:

    CPU time :                                   1969.17 sec.
    Max Memory :                                 919 MB
    Average Memory :                             639.90 MB
    Total Requested Memory :                     4000.00 MB
    Delta Memory :                               3081.00 MB
    Max Swap :                                   -
    Max Processes :                              19
    Max Threads :                                20
    Run time :                                   1981 sec.
    Turnaround time :                            4346 sec.

The output (if any) follows:



PS:

Read file <./bsub_log/397.err> for stderr output of this job.

Sender: LSF System <lsfadmin@ccb254>
Subject: Job 56133768: <bash -c "basf2 etapip_gg_fit_v6_toymc_100.py 397 > /home/belle2/jaeyoung/storage_ghi/Ntuples_ghi_2/MC15ri_generic/MC15ri_etaetapip_tight_v2_240419_Kp_BCS_etapi0const/bsub_log//MC15ri_etapip_gg_fitv6_toyMC_100_397.log"> in cluster <centralcluster> Done

Job <bash -c "basf2 etapip_gg_fit_v6_toymc_100.py 397 > /home/belle2/jaeyoung/storage_ghi/Ntuples_ghi_2/MC15ri_generic/MC15ri_etaetapip_tight_v2_240419_Kp_BCS_etapi0const/bsub_log//MC15ri_etapip_gg_fitv6_toyMC_100_397.log"> was submitted from host <ccw03> by user <jaeyoung> in cluster <centralcluster> at Sat Jul 27 01:13:56 2024
Job was executed on host(s) <ccb254>, in queue <s>, as user <jaeyoung> in cluster <centralcluster> at Sat Jul 27 03:05:36 2024
</home/belle2/jaeyoung> was used as the home directory.
</gpfs/home/belle2/jaeyoung/workspace/DRAW_and_FITTING/main/FITTING/etapip/MC15ri_generic/tight_v2_fit_v6/ToyMC> was used as the working directory.
Started at Sat Jul 27 03:05:36 2024
Terminated at Sat Jul 27 03:44:41 2024
Results reported at Sat Jul 27 03:44:41 2024

Your job looked like:

------------------------------------------------------------
# LSBATCH: User input
bash -c "basf2 etapip_gg_fit_v6_toymc_100.py 397 > /home/belle2/jaeyoung/storage_ghi/Ntuples_ghi_2/MC15ri_generic/MC15ri_etaetapip_tight_v2_240419_Kp_BCS_etapi0const/bsub_log//MC15ri_etapip_gg_fitv6_toyMC_100_397.log"
------------------------------------------------------------

Successfully completed.

Resource usage summary:

    CPU time :                                   2296.05 sec.
    Max Memory :                                 927 MB
    Average Memory :                             667.07 MB
    Total Requested Memory :                     4000.00 MB
    Delta Memory :                               3073.00 MB
    Max Swap :                                   -
    Max Processes :                              19
    Max Threads :                                20
    Run time :                                   2345 sec.
    Turnaround time :                            9045 sec.

The output (if any) follows:



PS:

Read file <./bsub_log/397.err> for stderr output of this job.

Sender: LSF System <lsfadmin@ccb149>
Subject: Job 57220770: <bash -c "basf2 etapip_gg_fit_v6_toymc_100.py 397 > /home/belle2/jaeyoung/storage_ghi/Ntuples_ghi_2/MC15ri_generic/MC15ri_etaetapip_tight_v2_240419_Kp_BCS_etapi0const/bsub_log//MC15ri_etapip_gg_fitv6_toyMC_100_397.log"> in cluster <centralcluster> Exited

Job <bash -c "basf2 etapip_gg_fit_v6_toymc_100.py 397 > /home/belle2/jaeyoung/storage_ghi/Ntuples_ghi_2/MC15ri_generic/MC15ri_etaetapip_tight_v2_240419_Kp_BCS_etapi0const/bsub_log//MC15ri_etapip_gg_fitv6_toyMC_100_397.log"> was submitted from host <ccx03> by user <jaeyoung> in cluster <centralcluster> at Mon Jul 29 18:46:09 2024
Job was executed on host(s) <ccb149>, in queue <s>, as user <jaeyoung> in cluster <centralcluster> at Mon Jul 29 18:46:13 2024
</home/belle2/jaeyoung> was used as the home directory.
</gpfs/home/belle2/jaeyoung/workspace/DRAW_and_FITTING/main/FITTING/etapip/MC15ri_generic/tight_v2_fit_v6/ToyMC> was used as the working directory.
Started at Mon Jul 29 18:46:13 2024
Terminated at Mon Jul 29 19:51:23 2024
Results reported at Mon Jul 29 19:51:23 2024

Your job looked like:

------------------------------------------------------------
# LSBATCH: User input
bash -c "basf2 etapip_gg_fit_v6_toymc_100.py 397 > /home/belle2/jaeyoung/storage_ghi/Ntuples_ghi_2/MC15ri_generic/MC15ri_etaetapip_tight_v2_240419_Kp_BCS_etapi0const/bsub_log//MC15ri_etapip_gg_fitv6_toyMC_100_397.log"
------------------------------------------------------------

Exited with exit code 1.

Resource usage summary:

    CPU time :                                   3890.27 sec.
    Max Memory :                                 1402 MB
    Average Memory :                             1042.34 MB
    Total Requested Memory :                     4000.00 MB
    Delta Memory :                               2598.00 MB
    Max Swap :                                   -
    Max Processes :                              19
    Max Threads :                                20
    Run time :                                   3911 sec.
    Turnaround time :                            3914 sec.

The output (if any) follows:



PS:

Read file <./bsub_log/397.err> for stderr output of this job.

Sender: LSF System <lsfadmin@ccb270>
Subject: Job 57308775: <bash -c "basf2 etapip_gg_fit_v6_toymc_100.py 397 > /home/belle2/jaeyoung/storage_ghi/Ntuples_ghi_2/MC15ri_generic/MC15ri_etaetapip_tight_v2_240419_Kp_BCS_etapi0const/bsub_log//MC15ri_etapip_gg_fitv6_toyMC_100_397.log"> in cluster <centralcluster> Done

Job <bash -c "basf2 etapip_gg_fit_v6_toymc_100.py 397 > /home/belle2/jaeyoung/storage_ghi/Ntuples_ghi_2/MC15ri_generic/MC15ri_etaetapip_tight_v2_240419_Kp_BCS_etapi0const/bsub_log//MC15ri_etapip_gg_fitv6_toyMC_100_397.log"> was submitted from host <ccw03> by user <jaeyoung> in cluster <centralcluster> at Mon Jul 29 23:03:24 2024
Job was executed on host(s) <ccb270>, in queue <s>, as user <jaeyoung> in cluster <centralcluster> at Mon Jul 29 23:04:37 2024
</home/belle2/jaeyoung> was used as the home directory.
</home/belle2/jaeyoung/workspace/DRAW_and_FITTING/main/FITTING/etapip/MC15ri_generic/tight_v2_fit_v6/ToyMC> was used as the working directory.
Started at Mon Jul 29 23:04:37 2024
Terminated at Tue Jul 30 00:09:11 2024
Results reported at Tue Jul 30 00:09:11 2024

Your job looked like:

------------------------------------------------------------
# LSBATCH: User input
bash -c "basf2 etapip_gg_fit_v6_toymc_100.py 397 > /home/belle2/jaeyoung/storage_ghi/Ntuples_ghi_2/MC15ri_generic/MC15ri_etaetapip_tight_v2_240419_Kp_BCS_etapi0const/bsub_log//MC15ri_etapip_gg_fitv6_toyMC_100_397.log"
------------------------------------------------------------

Successfully completed.

Resource usage summary:

    CPU time :                                   3845.18 sec.
    Max Memory :                                 1411 MB
    Average Memory :                             1037.42 MB
    Total Requested Memory :                     4000.00 MB
    Delta Memory :                               2589.00 MB
    Max Swap :                                   -
    Max Processes :                              19
    Max Threads :                                20
    Run time :                                   3874 sec.
    Turnaround time :                            3947 sec.

The output (if any) follows:



PS:

Read file <./bsub_log/397.err> for stderr output of this job.

Sender: LSF System <lsfadmin@ccb088>
Subject: Job 57390334: <bash -c "basf2 etapip_gg_fit_v6_toymc_100.py 397 > /home/belle2/jaeyoung/storage_ghi/Ntuples_ghi_2/MC15ri_generic/MC15ri_etaetapip_tight_v2_240419_Kp_BCS_etapi0const/bsub_log//MC15ri_etapip_gg_fitv6_toyMC_100_397.log"> in cluster <centralcluster> Done

Job <bash -c "basf2 etapip_gg_fit_v6_toymc_100.py 397 > /home/belle2/jaeyoung/storage_ghi/Ntuples_ghi_2/MC15ri_generic/MC15ri_etaetapip_tight_v2_240419_Kp_BCS_etapi0const/bsub_log//MC15ri_etapip_gg_fitv6_toyMC_100_397.log"> was submitted from host <ccw03> by user <jaeyoung> in cluster <centralcluster> at Tue Jul 30 01:17:48 2024
Job was executed on host(s) <ccb088>, in queue <s>, as user <jaeyoung> in cluster <centralcluster> at Tue Jul 30 01:19:04 2024
</home/belle2/jaeyoung> was used as the home directory.
</home/belle2/jaeyoung/workspace/DRAW_and_FITTING/main/FITTING/etapip/MC15ri_generic/tight_v2_fit_v6/ToyMC> was used as the working directory.
Started at Tue Jul 30 01:19:04 2024
Terminated at Tue Jul 30 02:23:01 2024
Results reported at Tue Jul 30 02:23:01 2024

Your job looked like:

------------------------------------------------------------
# LSBATCH: User input
bash -c "basf2 etapip_gg_fit_v6_toymc_100.py 397 > /home/belle2/jaeyoung/storage_ghi/Ntuples_ghi_2/MC15ri_generic/MC15ri_etaetapip_tight_v2_240419_Kp_BCS_etapi0const/bsub_log//MC15ri_etapip_gg_fitv6_toyMC_100_397.log"
------------------------------------------------------------

Successfully completed.

Resource usage summary:

    CPU time :                                   3823.45 sec.
    Max Memory :                                 1425 MB
    Average Memory :                             1054.77 MB
    Total Requested Memory :                     4000.00 MB
    Delta Memory :                               2575.00 MB
    Max Swap :                                   -
    Max Processes :                              19
    Max Threads :                                20
    Run time :                                   3836 sec.
    Turnaround time :                            3913 sec.

The output (if any) follows:



PS:

Read file <./bsub_log/397.err> for stderr output of this job.

