Sender: LSF System <lsfadmin@ccb289>
Subject: Job 52359642: <bash -c "basf2 etapip_gg_fit_v6_toymc_100.py 400 > /home/belle2/jaeyoung/storage_ghi/Ntuples_ghi_2/MC15ri_generic/MC15ri_etaetapip_tight_v2_240419_Kp_BCS_etapi0const/bsub_log//MC15ri_etapip_gg_fitv6_toyMC_100_400.log"> in cluster <centralcluster> Done

Job <bash -c "basf2 etapip_gg_fit_v6_toymc_100.py 400 > /home/belle2/jaeyoung/storage_ghi/Ntuples_ghi_2/MC15ri_generic/MC15ri_etaetapip_tight_v2_240419_Kp_BCS_etapi0const/bsub_log//MC15ri_etapip_gg_fitv6_toyMC_100_400.log"> was submitted from host <ccw02> by user <jaeyoung> in cluster <centralcluster> at Sat Jul 20 14:40:21 2024
Job was executed on host(s) <ccb289>, in queue <s>, as user <jaeyoung> in cluster <centralcluster> at Sat Jul 20 14:44:19 2024
</home/belle2/jaeyoung> was used as the home directory.
</home/belle2/jaeyoung/workspace/DRAW_and_FITTING/main/FITTING/etapip/MC15ri_generic/tight_v2_fit_v6/ToyMC> was used as the working directory.
Started at Sat Jul 20 14:44:19 2024
Terminated at Sat Jul 20 15:30:39 2024
Results reported at Sat Jul 20 15:30:39 2024

Your job looked like:

------------------------------------------------------------
# LSBATCH: User input
bash -c "basf2 etapip_gg_fit_v6_toymc_100.py 400 > /home/belle2/jaeyoung/storage_ghi/Ntuples_ghi_2/MC15ri_generic/MC15ri_etaetapip_tight_v2_240419_Kp_BCS_etapi0const/bsub_log//MC15ri_etapip_gg_fitv6_toyMC_100_400.log"
------------------------------------------------------------

Successfully completed.

Resource usage summary:

    CPU time :                                   2742.51 sec.
    Max Memory :                                 1311 MB
    Average Memory :                             943.00 MB
    Total Requested Memory :                     4000.00 MB
    Delta Memory :                               2689.00 MB
    Max Swap :                                   -
    Max Processes :                              19
    Max Threads :                                20
    Run time :                                   2780 sec.
    Turnaround time :                            3018 sec.

The output (if any) follows:



PS:

Read file <./bsub_log/400.err> for stderr output of this job.

Sender: LSF System <lsfadmin@ccb146>
Subject: Job 53030567: <bash -c "basf2 etapip_gg_fit_v6_toymc_100.py 400 > /home/belle2/jaeyoung/storage_ghi/Ntuples_ghi_2/MC15ri_generic/MC15ri_etaetapip_tight_v2_240419_Kp_BCS_etapi0const/bsub_log//MC15ri_etapip_gg_fitv6_toyMC_100_400.log"> in cluster <centralcluster> Done

Job <bash -c "basf2 etapip_gg_fit_v6_toymc_100.py 400 > /home/belle2/jaeyoung/storage_ghi/Ntuples_ghi_2/MC15ri_generic/MC15ri_etaetapip_tight_v2_240419_Kp_BCS_etapi0const/bsub_log//MC15ri_etapip_gg_fitv6_toyMC_100_400.log"> was submitted from host <ccw03> by user <jaeyoung> in cluster <centralcluster> at Sun Jul 21 17:31:44 2024
Job was executed on host(s) <ccb146>, in queue <s>, as user <jaeyoung> in cluster <centralcluster> at Sun Jul 21 17:32:25 2024
</home/belle2/jaeyoung> was used as the home directory.
</home/belle2/jaeyoung/workspace/DRAW_and_FITTING/main/FITTING/etapip/MC15ri_generic/tight_v2_fit_v6/ToyMC> was used as the working directory.
Started at Sun Jul 21 17:32:25 2024
Terminated at Sun Jul 21 18:23:07 2024
Results reported at Sun Jul 21 18:23:07 2024

Your job looked like:

------------------------------------------------------------
# LSBATCH: User input
bash -c "basf2 etapip_gg_fit_v6_toymc_100.py 400 > /home/belle2/jaeyoung/storage_ghi/Ntuples_ghi_2/MC15ri_generic/MC15ri_etaetapip_tight_v2_240419_Kp_BCS_etapi0const/bsub_log//MC15ri_etapip_gg_fitv6_toyMC_100_400.log"
------------------------------------------------------------

Successfully completed.

Resource usage summary:

    CPU time :                                   2959.33 sec.
    Max Memory :                                 1311 MB
    Average Memory :                             928.23 MB
    Total Requested Memory :                     4000.00 MB
    Delta Memory :                               2689.00 MB
    Max Swap :                                   -
    Max Processes :                              19
    Max Threads :                                20
    Run time :                                   3042 sec.
    Turnaround time :                            3083 sec.

The output (if any) follows:



PS:

Read file <./bsub_log/400.err> for stderr output of this job.

Sender: LSF System <lsfadmin@ccb119>
Subject: Job 53203040: <bash -c "basf2 etapip_gg_fit_v6_toymc_100.py 400 > /home/belle2/jaeyoung/storage_ghi/Ntuples_ghi_2/MC15ri_generic/MC15ri_etaetapip_tight_v2_240419_Kp_BCS_etapi0const/bsub_log//MC15ri_etapip_gg_fitv6_toyMC_100_400.log"> in cluster <centralcluster> Exited

Job <bash -c "basf2 etapip_gg_fit_v6_toymc_100.py 400 > /home/belle2/jaeyoung/storage_ghi/Ntuples_ghi_2/MC15ri_generic/MC15ri_etaetapip_tight_v2_240419_Kp_BCS_etapi0const/bsub_log//MC15ri_etapip_gg_fitv6_toyMC_100_400.log"> was submitted from host <ccw03> by user <jaeyoung> in cluster <centralcluster> at Mon Jul 22 00:50:50 2024
Job was executed on host(s) <ccb119>, in queue <s>, as user <jaeyoung> in cluster <centralcluster> at Mon Jul 22 00:52:20 2024
</home/belle2/jaeyoung> was used as the home directory.
</home/belle2/jaeyoung/workspace/DRAW_and_FITTING/main/FITTING/etapip/MC15ri_generic/tight_v2_fit_v6/ToyMC> was used as the working directory.
Started at Mon Jul 22 00:52:20 2024
Terminated at Mon Jul 22 01:08:34 2024
Results reported at Mon Jul 22 01:08:34 2024

Your job looked like:

------------------------------------------------------------
# LSBATCH: User input
bash -c "basf2 etapip_gg_fit_v6_toymc_100.py 400 > /home/belle2/jaeyoung/storage_ghi/Ntuples_ghi_2/MC15ri_generic/MC15ri_etaetapip_tight_v2_240419_Kp_BCS_etapi0const/bsub_log//MC15ri_etapip_gg_fitv6_toyMC_100_400.log"
------------------------------------------------------------

Exited with exit code 1.

Resource usage summary:

    CPU time :                                   968.12 sec.
    Max Memory :                                 1253 MB
    Average Memory :                             1166.60 MB
    Total Requested Memory :                     4000.00 MB
    Delta Memory :                               2747.00 MB
    Max Swap :                                   -
    Max Processes :                              19
    Max Threads :                                20
    Run time :                                   973 sec.
    Turnaround time :                            1064 sec.

The output (if any) follows:



PS:

Read file <./bsub_log/400.err> for stderr output of this job.

Sender: LSF System <lsfadmin@ccb243>
Subject: Job 53407268: <bash -c "basf2 etapip_gg_fit_v6_toymc_100.py 400 > /home/belle2/jaeyoung/storage_ghi/Ntuples_ghi_2/MC15ri_generic/MC15ri_etaetapip_tight_v2_240419_Kp_BCS_etapi0const/bsub_log//MC15ri_etapip_gg_fitv6_toyMC_100_400.log"> in cluster <centralcluster> Done

Job <bash -c "basf2 etapip_gg_fit_v6_toymc_100.py 400 > /home/belle2/jaeyoung/storage_ghi/Ntuples_ghi_2/MC15ri_generic/MC15ri_etaetapip_tight_v2_240419_Kp_BCS_etapi0const/bsub_log//MC15ri_etapip_gg_fitv6_toyMC_100_400.log"> was submitted from host <ccw06> by user <jaeyoung> in cluster <centralcluster> at Mon Jul 22 10:49:30 2024
Job was executed on host(s) <ccb243>, in queue <s>, as user <jaeyoung> in cluster <centralcluster> at Mon Jul 22 10:50:06 2024
</home/belle2/jaeyoung> was used as the home directory.
</home/belle2/jaeyoung/workspace/DRAW_and_FITTING/main/FITTING/etapip/MC15ri_generic/tight_v2_fit_v6/ToyMC> was used as the working directory.
Started at Mon Jul 22 10:50:06 2024
Terminated at Mon Jul 22 11:37:26 2024
Results reported at Mon Jul 22 11:37:26 2024

Your job looked like:

------------------------------------------------------------
# LSBATCH: User input
bash -c "basf2 etapip_gg_fit_v6_toymc_100.py 400 > /home/belle2/jaeyoung/storage_ghi/Ntuples_ghi_2/MC15ri_generic/MC15ri_etaetapip_tight_v2_240419_Kp_BCS_etapi0const/bsub_log//MC15ri_etapip_gg_fitv6_toyMC_100_400.log"
------------------------------------------------------------

Successfully completed.

Resource usage summary:

    CPU time :                                   2830.51 sec.
    Max Memory :                                 1311 MB
    Average Memory :                             940.30 MB
    Total Requested Memory :                     4000.00 MB
    Delta Memory :                               2689.00 MB
    Max Swap :                                   -
    Max Processes :                              19
    Max Threads :                                20
    Run time :                                   2841 sec.
    Turnaround time :                            2876 sec.

The output (if any) follows:



PS:

Read file <./bsub_log/400.err> for stderr output of this job.

Sender: LSF System <lsfadmin@ccb035>
Subject: Job 53599572: <bash -c "basf2 etapip_gg_fit_v6_toymc_100.py 400 > /home/belle2/jaeyoung/storage_ghi/Ntuples_ghi_2/MC15ri_generic/MC15ri_etaetapip_tight_v2_240419_Kp_BCS_etapi0const/bsub_log//MC15ri_etapip_gg_fitv6_toyMC_100_400.log"> in cluster <centralcluster> Done

Job <bash -c "basf2 etapip_gg_fit_v6_toymc_100.py 400 > /home/belle2/jaeyoung/storage_ghi/Ntuples_ghi_2/MC15ri_generic/MC15ri_etaetapip_tight_v2_240419_Kp_BCS_etapi0const/bsub_log//MC15ri_etapip_gg_fitv6_toyMC_100_400.log"> was submitted from host <ccw03> by user <jaeyoung> in cluster <centralcluster> at Mon Jul 22 18:35:43 2024
Job was executed on host(s) <ccb035>, in queue <s>, as user <jaeyoung> in cluster <centralcluster> at Mon Jul 22 18:37:39 2024
</home/belle2/jaeyoung> was used as the home directory.
</home/belle2/jaeyoung/workspace/DRAW_and_FITTING/main/FITTING/etapip/MC15ri_generic/tight_v2_fit_v6/ToyMC> was used as the working directory.
Started at Mon Jul 22 18:37:39 2024
Terminated at Mon Jul 22 19:24:07 2024
Results reported at Mon Jul 22 19:24:07 2024

Your job looked like:

------------------------------------------------------------
# LSBATCH: User input
bash -c "basf2 etapip_gg_fit_v6_toymc_100.py 400 > /home/belle2/jaeyoung/storage_ghi/Ntuples_ghi_2/MC15ri_generic/MC15ri_etaetapip_tight_v2_240419_Kp_BCS_etapi0const/bsub_log//MC15ri_etapip_gg_fitv6_toyMC_100_400.log"
------------------------------------------------------------

Successfully completed.

Resource usage summary:

    CPU time :                                   2774.05 sec.
    Max Memory :                                 1311 MB
    Average Memory :                             940.10 MB
    Total Requested Memory :                     4000.00 MB
    Delta Memory :                               2689.00 MB
    Max Swap :                                   -
    Max Processes :                              19
    Max Threads :                                20
    Run time :                                   2788 sec.
    Turnaround time :                            2904 sec.

The output (if any) follows:



PS:

Read file <./bsub_log/400.err> for stderr output of this job.

Sender: LSF System <lsfadmin@ccb062>
Subject: Job 53832846: <bash -c "basf2 etapip_gg_fit_v6_toymc_100.py 400 > /home/belle2/jaeyoung/storage_ghi/Ntuples_ghi_2/MC15ri_generic/MC15ri_etaetapip_tight_v2_240419_Kp_BCS_etapi0const/bsub_log//MC15ri_etapip_gg_fitv6_toyMC_100_400.log"> in cluster <centralcluster> Done

Job <bash -c "basf2 etapip_gg_fit_v6_toymc_100.py 400 > /home/belle2/jaeyoung/storage_ghi/Ntuples_ghi_2/MC15ri_generic/MC15ri_etaetapip_tight_v2_240419_Kp_BCS_etapi0const/bsub_log//MC15ri_etapip_gg_fitv6_toyMC_100_400.log"> was submitted from host <ccw05> by user <jaeyoung> in cluster <centralcluster> at Tue Jul 23 00:50:40 2024
Job was executed on host(s) <ccb062>, in queue <s>, as user <jaeyoung> in cluster <centralcluster> at Tue Jul 23 00:50:55 2024
</home/belle2/jaeyoung> was used as the home directory.
</home/belle2/jaeyoung/workspace/DRAW_and_FITTING/main/FITTING/etapip/MC15ri_generic/tight_v2_fit_v6/ToyMC> was used as the working directory.
Started at Tue Jul 23 00:50:55 2024
Terminated at Tue Jul 23 01:37:52 2024
Results reported at Tue Jul 23 01:37:52 2024

Your job looked like:

------------------------------------------------------------
# LSBATCH: User input
bash -c "basf2 etapip_gg_fit_v6_toymc_100.py 400 > /home/belle2/jaeyoung/storage_ghi/Ntuples_ghi_2/MC15ri_generic/MC15ri_etaetapip_tight_v2_240419_Kp_BCS_etapi0const/bsub_log//MC15ri_etapip_gg_fitv6_toyMC_100_400.log"
------------------------------------------------------------

Successfully completed.

Resource usage summary:

    CPU time :                                   2754.87 sec.
    Max Memory :                                 1372 MB
    Average Memory :                             1033.80 MB
    Total Requested Memory :                     4000.00 MB
    Delta Memory :                               2628.00 MB
    Max Swap :                                   -
    Max Processes :                              19
    Max Threads :                                20
    Run time :                                   2817 sec.
    Turnaround time :                            2832 sec.

The output (if any) follows:



PS:

Read file <./bsub_log/400.err> for stderr output of this job.

Sender: LSF System <lsfadmin@ccb188>
Subject: Job 54398416: <bash -c "basf2 etapip_gg_fit_v6_toymc_100.py 400 > /home/belle2/jaeyoung/storage_ghi/Ntuples_ghi_2/MC15ri_generic/MC15ri_etaetapip_tight_v2_240419_Kp_BCS_etapi0const/bsub_log//MC15ri_etapip_gg_fitv6_toyMC_100_400.log"> in cluster <centralcluster> Done

Job <bash -c "basf2 etapip_gg_fit_v6_toymc_100.py 400 > /home/belle2/jaeyoung/storage_ghi/Ntuples_ghi_2/MC15ri_generic/MC15ri_etaetapip_tight_v2_240419_Kp_BCS_etapi0const/bsub_log//MC15ri_etapip_gg_fitv6_toyMC_100_400.log"> was submitted from host <ccw04> by user <jaeyoung> in cluster <centralcluster> at Tue Jul 23 17:59:55 2024
Job was executed on host(s) <ccb188>, in queue <s>, as user <jaeyoung> in cluster <centralcluster> at Tue Jul 23 18:47:01 2024
</home/belle2/jaeyoung> was used as the home directory.
</home/belle2/jaeyoung/workspace/DRAW_and_FITTING/main/FITTING/etapip/MC15ri_generic/tight_v2_fit_v6/ToyMC> was used as the working directory.
Started at Tue Jul 23 18:47:01 2024
Terminated at Tue Jul 23 19:33:17 2024
Results reported at Tue Jul 23 19:33:17 2024

Your job looked like:

------------------------------------------------------------
# LSBATCH: User input
bash -c "basf2 etapip_gg_fit_v6_toymc_100.py 400 > /home/belle2/jaeyoung/storage_ghi/Ntuples_ghi_2/MC15ri_generic/MC15ri_etaetapip_tight_v2_240419_Kp_BCS_etapi0const/bsub_log//MC15ri_etapip_gg_fitv6_toyMC_100_400.log"
------------------------------------------------------------

Successfully completed.

Resource usage summary:

    CPU time :                                   2762.41 sec.
    Max Memory :                                 1322 MB
    Average Memory :                             959.01 MB
    Total Requested Memory :                     4000.00 MB
    Delta Memory :                               2678.00 MB
    Max Swap :                                   -
    Max Processes :                              19
    Max Threads :                                20
    Run time :                                   2775 sec.
    Turnaround time :                            5602 sec.

The output (if any) follows:



PS:

Read file <./bsub_log/400.err> for stderr output of this job.

