Sender: LSF System <lsfadmin@ccb073>
Subject: Job 52359655: <bash -c "basf2 etapip_gg_fit_v6_toymc_100.py 403 > /home/belle2/jaeyoung/storage_ghi/Ntuples_ghi_2/MC15ri_generic/MC15ri_etaetapip_tight_v2_240419_Kp_BCS_etapi0const/bsub_log//MC15ri_etapip_gg_fitv6_toyMC_100_403.log"> in cluster <centralcluster> Done

Job <bash -c "basf2 etapip_gg_fit_v6_toymc_100.py 403 > /home/belle2/jaeyoung/storage_ghi/Ntuples_ghi_2/MC15ri_generic/MC15ri_etaetapip_tight_v2_240419_Kp_BCS_etapi0const/bsub_log//MC15ri_etapip_gg_fitv6_toyMC_100_403.log"> was submitted from host <ccw02> by user <jaeyoung> in cluster <centralcluster> at Sat Jul 20 14:40:22 2024
Job was executed on host(s) <ccb073>, in queue <s>, as user <jaeyoung> in cluster <centralcluster> at Sat Jul 20 14:44:22 2024
</home/belle2/jaeyoung> was used as the home directory.
</home/belle2/jaeyoung/workspace/DRAW_and_FITTING/main/FITTING/etapip/MC15ri_generic/tight_v2_fit_v6/ToyMC> was used as the working directory.
Started at Sat Jul 20 14:44:22 2024
Terminated at Sat Jul 20 15:36:55 2024
Results reported at Sat Jul 20 15:36:55 2024

Your job looked like:

------------------------------------------------------------
# LSBATCH: User input
bash -c "basf2 etapip_gg_fit_v6_toymc_100.py 403 > /home/belle2/jaeyoung/storage_ghi/Ntuples_ghi_2/MC15ri_generic/MC15ri_etaetapip_tight_v2_240419_Kp_BCS_etapi0const/bsub_log//MC15ri_etapip_gg_fitv6_toyMC_100_403.log"
------------------------------------------------------------

Successfully completed.

Resource usage summary:

    CPU time :                                   3081.62 sec.
    Max Memory :                                 1311 MB
    Average Memory :                             957.25 MB
    Total Requested Memory :                     4000.00 MB
    Delta Memory :                               2689.00 MB
    Max Swap :                                   -
    Max Processes :                              19
    Max Threads :                                20
    Run time :                                   3154 sec.
    Turnaround time :                            3393 sec.

The output (if any) follows:



PS:

Read file <./bsub_log/403.err> for stderr output of this job.

Sender: LSF System <lsfadmin@ccb548>
Subject: Job 53030577: <bash -c "basf2 etapip_gg_fit_v6_toymc_100.py 403 > /home/belle2/jaeyoung/storage_ghi/Ntuples_ghi_2/MC15ri_generic/MC15ri_etaetapip_tight_v2_240419_Kp_BCS_etapi0const/bsub_log//MC15ri_etapip_gg_fitv6_toyMC_100_403.log"> in cluster <centralcluster> Done

Job <bash -c "basf2 etapip_gg_fit_v6_toymc_100.py 403 > /home/belle2/jaeyoung/storage_ghi/Ntuples_ghi_2/MC15ri_generic/MC15ri_etaetapip_tight_v2_240419_Kp_BCS_etapi0const/bsub_log//MC15ri_etapip_gg_fitv6_toyMC_100_403.log"> was submitted from host <ccw03> by user <jaeyoung> in cluster <centralcluster> at Sun Jul 21 17:31:44 2024
Job was executed on host(s) <ccb548>, in queue <s>, as user <jaeyoung> in cluster <centralcluster> at Sun Jul 21 17:32:26 2024
</home/belle2/jaeyoung> was used as the home directory.
</home/belle2/jaeyoung/workspace/DRAW_and_FITTING/main/FITTING/etapip/MC15ri_generic/tight_v2_fit_v6/ToyMC> was used as the working directory.
Started at Sun Jul 21 17:32:26 2024
Terminated at Sun Jul 21 18:22:57 2024
Results reported at Sun Jul 21 18:22:57 2024

Your job looked like:

------------------------------------------------------------
# LSBATCH: User input
bash -c "basf2 etapip_gg_fit_v6_toymc_100.py 403 > /home/belle2/jaeyoung/storage_ghi/Ntuples_ghi_2/MC15ri_generic/MC15ri_etaetapip_tight_v2_240419_Kp_BCS_etapi0const/bsub_log//MC15ri_etapip_gg_fitv6_toyMC_100_403.log"
------------------------------------------------------------

Successfully completed.

Resource usage summary:

    CPU time :                                   2951.40 sec.
    Max Memory :                                 1311 MB
    Average Memory :                             942.79 MB
    Total Requested Memory :                     4000.00 MB
    Delta Memory :                               2689.00 MB
    Max Swap :                                   -
    Max Processes :                              19
    Max Threads :                                20
    Run time :                                   3030 sec.
    Turnaround time :                            3073 sec.

The output (if any) follows:



PS:

Read file <./bsub_log/403.err> for stderr output of this job.

Sender: LSF System <lsfadmin@ccb269>
Subject: Job 53203049: <bash -c "basf2 etapip_gg_fit_v6_toymc_100.py 403 > /home/belle2/jaeyoung/storage_ghi/Ntuples_ghi_2/MC15ri_generic/MC15ri_etaetapip_tight_v2_240419_Kp_BCS_etapi0const/bsub_log//MC15ri_etapip_gg_fitv6_toyMC_100_403.log"> in cluster <centralcluster> Exited

Job <bash -c "basf2 etapip_gg_fit_v6_toymc_100.py 403 > /home/belle2/jaeyoung/storage_ghi/Ntuples_ghi_2/MC15ri_generic/MC15ri_etaetapip_tight_v2_240419_Kp_BCS_etapi0const/bsub_log//MC15ri_etapip_gg_fitv6_toyMC_100_403.log"> was submitted from host <ccw03> by user <jaeyoung> in cluster <centralcluster> at Mon Jul 22 00:50:51 2024
Job was executed on host(s) <ccb269>, in queue <s>, as user <jaeyoung> in cluster <centralcluster> at Mon Jul 22 00:52:20 2024
</home/belle2/jaeyoung> was used as the home directory.
</home/belle2/jaeyoung/workspace/DRAW_and_FITTING/main/FITTING/etapip/MC15ri_generic/tight_v2_fit_v6/ToyMC> was used as the working directory.
Started at Mon Jul 22 00:52:20 2024
Terminated at Mon Jul 22 01:08:42 2024
Results reported at Mon Jul 22 01:08:42 2024

Your job looked like:

------------------------------------------------------------
# LSBATCH: User input
bash -c "basf2 etapip_gg_fit_v6_toymc_100.py 403 > /home/belle2/jaeyoung/storage_ghi/Ntuples_ghi_2/MC15ri_generic/MC15ri_etaetapip_tight_v2_240419_Kp_BCS_etapi0const/bsub_log//MC15ri_etapip_gg_fitv6_toyMC_100_403.log"
------------------------------------------------------------

Exited with exit code 1.

Resource usage summary:

    CPU time :                                   977.83 sec.
    Max Memory :                                 1309 MB
    Average Memory :                             1221.14 MB
    Total Requested Memory :                     4000.00 MB
    Delta Memory :                               2691.00 MB
    Max Swap :                                   -
    Max Processes :                              19
    Max Threads :                                20
    Run time :                                   982 sec.
    Turnaround time :                            1071 sec.

The output (if any) follows:



PS:

Read file <./bsub_log/403.err> for stderr output of this job.

Sender: LSF System <lsfadmin@ccb560>
Subject: Job 53407275: <bash -c "basf2 etapip_gg_fit_v6_toymc_100.py 403 > /home/belle2/jaeyoung/storage_ghi/Ntuples_ghi_2/MC15ri_generic/MC15ri_etaetapip_tight_v2_240419_Kp_BCS_etapi0const/bsub_log//MC15ri_etapip_gg_fitv6_toyMC_100_403.log"> in cluster <centralcluster> Done

Job <bash -c "basf2 etapip_gg_fit_v6_toymc_100.py 403 > /home/belle2/jaeyoung/storage_ghi/Ntuples_ghi_2/MC15ri_generic/MC15ri_etaetapip_tight_v2_240419_Kp_BCS_etapi0const/bsub_log//MC15ri_etapip_gg_fitv6_toyMC_100_403.log"> was submitted from host <ccw06> by user <jaeyoung> in cluster <centralcluster> at Mon Jul 22 10:49:31 2024
Job was executed on host(s) <ccb560>, in queue <s>, as user <jaeyoung> in cluster <centralcluster> at Mon Jul 22 10:50:07 2024
</home/belle2/jaeyoung> was used as the home directory.
</home/belle2/jaeyoung/workspace/DRAW_and_FITTING/main/FITTING/etapip/MC15ri_generic/tight_v2_fit_v6/ToyMC> was used as the working directory.
Started at Mon Jul 22 10:50:07 2024
Terminated at Mon Jul 22 11:37:19 2024
Results reported at Mon Jul 22 11:37:19 2024

Your job looked like:

------------------------------------------------------------
# LSBATCH: User input
bash -c "basf2 etapip_gg_fit_v6_toymc_100.py 403 > /home/belle2/jaeyoung/storage_ghi/Ntuples_ghi_2/MC15ri_generic/MC15ri_etaetapip_tight_v2_240419_Kp_BCS_etapi0const/bsub_log//MC15ri_etapip_gg_fitv6_toyMC_100_403.log"
------------------------------------------------------------

Successfully completed.

Resource usage summary:

    CPU time :                                   2802.84 sec.
    Max Memory :                                 1312 MB
    Average Memory :                             969.87 MB
    Total Requested Memory :                     4000.00 MB
    Delta Memory :                               2688.00 MB
    Max Swap :                                   -
    Max Processes :                              19
    Max Threads :                                20
    Run time :                                   2832 sec.
    Turnaround time :                            2868 sec.

The output (if any) follows:



PS:

Read file <./bsub_log/403.err> for stderr output of this job.

Sender: LSF System <lsfadmin@ccb100>
Subject: Job 53599583: <bash -c "basf2 etapip_gg_fit_v6_toymc_100.py 403 > /home/belle2/jaeyoung/storage_ghi/Ntuples_ghi_2/MC15ri_generic/MC15ri_etaetapip_tight_v2_240419_Kp_BCS_etapi0const/bsub_log//MC15ri_etapip_gg_fitv6_toyMC_100_403.log"> in cluster <centralcluster> Done

Job <bash -c "basf2 etapip_gg_fit_v6_toymc_100.py 403 > /home/belle2/jaeyoung/storage_ghi/Ntuples_ghi_2/MC15ri_generic/MC15ri_etaetapip_tight_v2_240419_Kp_BCS_etapi0const/bsub_log//MC15ri_etapip_gg_fitv6_toyMC_100_403.log"> was submitted from host <ccw03> by user <jaeyoung> in cluster <centralcluster> at Mon Jul 22 18:35:44 2024
Job was executed on host(s) <ccb100>, in queue <s>, as user <jaeyoung> in cluster <centralcluster> at Mon Jul 22 18:37:40 2024
</home/belle2/jaeyoung> was used as the home directory.
</home/belle2/jaeyoung/workspace/DRAW_and_FITTING/main/FITTING/etapip/MC15ri_generic/tight_v2_fit_v6/ToyMC> was used as the working directory.
Started at Mon Jul 22 18:37:40 2024
Terminated at Mon Jul 22 19:25:32 2024
Results reported at Mon Jul 22 19:25:32 2024

Your job looked like:

------------------------------------------------------------
# LSBATCH: User input
bash -c "basf2 etapip_gg_fit_v6_toymc_100.py 403 > /home/belle2/jaeyoung/storage_ghi/Ntuples_ghi_2/MC15ri_generic/MC15ri_etaetapip_tight_v2_240419_Kp_BCS_etapi0const/bsub_log//MC15ri_etapip_gg_fitv6_toyMC_100_403.log"
------------------------------------------------------------

Successfully completed.

Resource usage summary:

    CPU time :                                   2829.25 sec.
    Max Memory :                                 1311 MB
    Average Memory :                             943.09 MB
    Total Requested Memory :                     4000.00 MB
    Delta Memory :                               2689.00 MB
    Max Swap :                                   -
    Max Processes :                              19
    Max Threads :                                20
    Run time :                                   2871 sec.
    Turnaround time :                            2988 sec.

The output (if any) follows:



PS:

Read file <./bsub_log/403.err> for stderr output of this job.

Sender: LSF System <lsfadmin@ccb529>
Subject: Job 53832858: <bash -c "basf2 etapip_gg_fit_v6_toymc_100.py 403 > /home/belle2/jaeyoung/storage_ghi/Ntuples_ghi_2/MC15ri_generic/MC15ri_etaetapip_tight_v2_240419_Kp_BCS_etapi0const/bsub_log//MC15ri_etapip_gg_fitv6_toyMC_100_403.log"> in cluster <centralcluster> Done

Job <bash -c "basf2 etapip_gg_fit_v6_toymc_100.py 403 > /home/belle2/jaeyoung/storage_ghi/Ntuples_ghi_2/MC15ri_generic/MC15ri_etaetapip_tight_v2_240419_Kp_BCS_etapi0const/bsub_log//MC15ri_etapip_gg_fitv6_toyMC_100_403.log"> was submitted from host <ccw05> by user <jaeyoung> in cluster <centralcluster> at Tue Jul 23 00:50:41 2024
Job was executed on host(s) <ccb529>, in queue <s>, as user <jaeyoung> in cluster <centralcluster> at Tue Jul 23 00:50:57 2024
</home/belle2/jaeyoung> was used as the home directory.
</home/belle2/jaeyoung/workspace/DRAW_and_FITTING/main/FITTING/etapip/MC15ri_generic/tight_v2_fit_v6/ToyMC> was used as the working directory.
Started at Tue Jul 23 00:50:57 2024
Terminated at Tue Jul 23 01:38:08 2024
Results reported at Tue Jul 23 01:38:08 2024

Your job looked like:

------------------------------------------------------------
# LSBATCH: User input
bash -c "basf2 etapip_gg_fit_v6_toymc_100.py 403 > /home/belle2/jaeyoung/storage_ghi/Ntuples_ghi_2/MC15ri_generic/MC15ri_etaetapip_tight_v2_240419_Kp_BCS_etapi0const/bsub_log//MC15ri_etapip_gg_fitv6_toyMC_100_403.log"
------------------------------------------------------------

Successfully completed.

Resource usage summary:

    CPU time :                                   2796.22 sec.
    Max Memory :                                 1311 MB
    Average Memory :                             952.58 MB
    Total Requested Memory :                     4000.00 MB
    Delta Memory :                               2689.00 MB
    Max Swap :                                   -
    Max Processes :                              19
    Max Threads :                                20
    Run time :                                   2830 sec.
    Turnaround time :                            2847 sec.

The output (if any) follows:



PS:

Read file <./bsub_log/403.err> for stderr output of this job.

Sender: LSF System <lsfadmin@ccb558>
Subject: Job 54398439: <bash -c "basf2 etapip_gg_fit_v6_toymc_100.py 403 > /home/belle2/jaeyoung/storage_ghi/Ntuples_ghi_2/MC15ri_generic/MC15ri_etaetapip_tight_v2_240419_Kp_BCS_etapi0const/bsub_log//MC15ri_etapip_gg_fitv6_toyMC_100_403.log"> in cluster <centralcluster> Done

Job <bash -c "basf2 etapip_gg_fit_v6_toymc_100.py 403 > /home/belle2/jaeyoung/storage_ghi/Ntuples_ghi_2/MC15ri_generic/MC15ri_etaetapip_tight_v2_240419_Kp_BCS_etapi0const/bsub_log//MC15ri_etapip_gg_fitv6_toyMC_100_403.log"> was submitted from host <ccw04> by user <jaeyoung> in cluster <centralcluster> at Tue Jul 23 17:59:56 2024
Job was executed on host(s) <ccb558>, in queue <s>, as user <jaeyoung> in cluster <centralcluster> at Tue Jul 23 18:47:01 2024
</home/belle2/jaeyoung> was used as the home directory.
</home/belle2/jaeyoung/workspace/DRAW_and_FITTING/main/FITTING/etapip/MC15ri_generic/tight_v2_fit_v6/ToyMC> was used as the working directory.
Started at Tue Jul 23 18:47:01 2024
Terminated at Tue Jul 23 19:34:27 2024
Results reported at Tue Jul 23 19:34:27 2024

Your job looked like:

------------------------------------------------------------
# LSBATCH: User input
bash -c "basf2 etapip_gg_fit_v6_toymc_100.py 403 > /home/belle2/jaeyoung/storage_ghi/Ntuples_ghi_2/MC15ri_generic/MC15ri_etaetapip_tight_v2_240419_Kp_BCS_etapi0const/bsub_log//MC15ri_etapip_gg_fitv6_toyMC_100_403.log"
------------------------------------------------------------

Successfully completed.

Resource usage summary:

    CPU time :                                   2754.13 sec.
    Max Memory :                                 1313 MB
    Average Memory :                             953.60 MB
    Total Requested Memory :                     4000.00 MB
    Delta Memory :                               2687.00 MB
    Max Swap :                                   -
    Max Processes :                              19
    Max Threads :                                20
    Run time :                                   2846 sec.
    Turnaround time :                            5671 sec.

The output (if any) follows:



PS:

Read file <./bsub_log/403.err> for stderr output of this job.

Sender: LSF System <lsfadmin@ccb184>
Subject: Job 54471125: <bash -c "basf2 etapip_gg_fit_v6_toymc_100.py 403 > /home/belle2/jaeyoung/storage_ghi/Ntuples_ghi_2/MC15ri_generic/MC15ri_etaetapip_tight_v2_240419_Kp_BCS_etapi0const/bsub_log//MC15ri_etapip_gg_fitv6_toyMC_100_403.log"> in cluster <centralcluster> Done

Job <bash -c "basf2 etapip_gg_fit_v6_toymc_100.py 403 > /home/belle2/jaeyoung/storage_ghi/Ntuples_ghi_2/MC15ri_generic/MC15ri_etaetapip_tight_v2_240419_Kp_BCS_etapi0const/bsub_log//MC15ri_etapip_gg_fitv6_toyMC_100_403.log"> was submitted from host <ccw03> by user <jaeyoung> in cluster <centralcluster> at Tue Jul 23 19:38:51 2024
Job was executed on host(s) <ccb184>, in queue <s>, as user <jaeyoung> in cluster <centralcluster> at Tue Jul 23 19:38:52 2024
</home/belle2/jaeyoung> was used as the home directory.
</home/belle2/jaeyoung/workspace/DRAW_and_FITTING/main/FITTING/etapip/MC15ri_generic/tight_v2_fit_v6/ToyMC> was used as the working directory.
Started at Tue Jul 23 19:38:52 2024
Terminated at Tue Jul 23 20:26:47 2024
Results reported at Tue Jul 23 20:26:47 2024

Your job looked like:

------------------------------------------------------------
# LSBATCH: User input
bash -c "basf2 etapip_gg_fit_v6_toymc_100.py 403 > /home/belle2/jaeyoung/storage_ghi/Ntuples_ghi_2/MC15ri_generic/MC15ri_etaetapip_tight_v2_240419_Kp_BCS_etapi0const/bsub_log//MC15ri_etapip_gg_fitv6_toyMC_100_403.log"
------------------------------------------------------------

Successfully completed.

Resource usage summary:

    CPU time :                                   2858.15 sec.
    Max Memory :                                 1313 MB
    Average Memory :                             952.19 MB
    Total Requested Memory :                     4000.00 MB
    Delta Memory :                               2687.00 MB
    Max Swap :                                   -
    Max Processes :                              19
    Max Threads :                                20
    Run time :                                   2876 sec.
    Turnaround time :                            2876 sec.

The output (if any) follows:



PS:

Read file <./bsub_log/403.err> for stderr output of this job.

Sender: LSF System <lsfadmin@ccb149>
Subject: Job 55516183: <bash -c "basf2 etapip_gg_fit_v6_toymc_100.py 403 > /home/belle2/jaeyoung/storage_ghi/Ntuples_ghi_2/MC15ri_generic/MC15ri_etaetapip_tight_v2_240419_Kp_BCS_etapi0const/bsub_log//MC15ri_etapip_gg_fitv6_toyMC_100_403.log"> in cluster <centralcluster> Done

Job <bash -c "basf2 etapip_gg_fit_v6_toymc_100.py 403 > /home/belle2/jaeyoung/storage_ghi/Ntuples_ghi_2/MC15ri_generic/MC15ri_etaetapip_tight_v2_240419_Kp_BCS_etapi0const/bsub_log//MC15ri_etapip_gg_fitv6_toyMC_100_403.log"> was submitted from host <ccw01> by user <jaeyoung> in cluster <centralcluster> at Thu Jul 25 20:51:45 2024
Job was executed on host(s) <ccb149>, in queue <s>, as user <jaeyoung> in cluster <centralcluster> at Thu Jul 25 20:51:50 2024
</home/belle2/jaeyoung> was used as the home directory.
</gpfs/home/belle2/jaeyoung/workspace/DRAW_and_FITTING/main/FITTING/etapip/MC15ri_generic/tight_v2_fit_v6/ToyMC> was used as the working directory.
Started at Thu Jul 25 20:51:50 2024
Terminated at Thu Jul 25 21:38:05 2024
Results reported at Thu Jul 25 21:38:05 2024

Your job looked like:

------------------------------------------------------------
# LSBATCH: User input
bash -c "basf2 etapip_gg_fit_v6_toymc_100.py 403 > /home/belle2/jaeyoung/storage_ghi/Ntuples_ghi_2/MC15ri_generic/MC15ri_etaetapip_tight_v2_240419_Kp_BCS_etapi0const/bsub_log//MC15ri_etapip_gg_fitv6_toyMC_100_403.log"
------------------------------------------------------------

Successfully completed.

Resource usage summary:

    CPU time :                                   2738.70 sec.
    Max Memory :                                 1313 MB
    Average Memory :                             952.88 MB
    Total Requested Memory :                     4000.00 MB
    Delta Memory :                               2687.00 MB
    Max Swap :                                   -
    Max Processes :                              19
    Max Threads :                                20
    Run time :                                   2774 sec.
    Turnaround time :                            2780 sec.

The output (if any) follows:



PS:

Read file <./bsub_log/403.err> for stderr output of this job.

Sender: LSF System <lsfadmin@ccb150>
Subject: Job 56103785: <bash -c "basf2 etapip_gg_fit_v6_toymc_100.py 403 > /home/belle2/jaeyoung/storage_ghi/Ntuples_ghi_2/MC15ri_generic/MC15ri_etaetapip_tight_v2_240419_Kp_BCS_etapi0const/bsub_log//MC15ri_etapip_gg_fitv6_toyMC_100_403.log"> in cluster <centralcluster> Done

Job <bash -c "basf2 etapip_gg_fit_v6_toymc_100.py 403 > /home/belle2/jaeyoung/storage_ghi/Ntuples_ghi_2/MC15ri_generic/MC15ri_etaetapip_tight_v2_240419_Kp_BCS_etapi0const/bsub_log//MC15ri_etapip_gg_fitv6_toyMC_100_403.log"> was submitted from host <ccw06> by user <jaeyoung> in cluster <centralcluster> at Fri Jul 26 23:44:30 2024
Job was executed on host(s) <ccb150>, in queue <s>, as user <jaeyoung> in cluster <centralcluster> at Sat Jul 27 00:23:59 2024
</home/belle2/jaeyoung> was used as the home directory.
</home/belle2/jaeyoung/workspace/DRAW_and_FITTING/main/FITTING/etapip/MC15ri_generic/tight_v2_fit_v6/ToyMC> was used as the working directory.
Started at Sat Jul 27 00:23:59 2024
Terminated at Sat Jul 27 00:57:00 2024
Results reported at Sat Jul 27 00:57:00 2024

Your job looked like:

------------------------------------------------------------
# LSBATCH: User input
bash -c "basf2 etapip_gg_fit_v6_toymc_100.py 403 > /home/belle2/jaeyoung/storage_ghi/Ntuples_ghi_2/MC15ri_generic/MC15ri_etaetapip_tight_v2_240419_Kp_BCS_etapi0const/bsub_log//MC15ri_etapip_gg_fitv6_toyMC_100_403.log"
------------------------------------------------------------

Successfully completed.

Resource usage summary:

    CPU time :                                   1970.32 sec.
    Max Memory :                                 893 MB
    Average Memory :                             654.04 MB
    Total Requested Memory :                     4000.00 MB
    Delta Memory :                               3107.00 MB
    Max Swap :                                   -
    Max Processes :                              19
    Max Threads :                                20
    Run time :                                   1983 sec.
    Turnaround time :                            4350 sec.

The output (if any) follows:



PS:

Read file <./bsub_log/403.err> for stderr output of this job.

Sender: LSF System <lsfadmin@ccb508>
Subject: Job 56133775: <bash -c "basf2 etapip_gg_fit_v6_toymc_100.py 403 > /home/belle2/jaeyoung/storage_ghi/Ntuples_ghi_2/MC15ri_generic/MC15ri_etaetapip_tight_v2_240419_Kp_BCS_etapi0const/bsub_log//MC15ri_etapip_gg_fitv6_toyMC_100_403.log"> in cluster <centralcluster> Done

Job <bash -c "basf2 etapip_gg_fit_v6_toymc_100.py 403 > /home/belle2/jaeyoung/storage_ghi/Ntuples_ghi_2/MC15ri_generic/MC15ri_etaetapip_tight_v2_240419_Kp_BCS_etapi0const/bsub_log//MC15ri_etapip_gg_fitv6_toyMC_100_403.log"> was submitted from host <ccw03> by user <jaeyoung> in cluster <centralcluster> at Sat Jul 27 01:13:58 2024
Job was executed on host(s) <ccb508>, in queue <s>, as user <jaeyoung> in cluster <centralcluster> at Sat Jul 27 03:05:37 2024
</home/belle2/jaeyoung> was used as the home directory.
</gpfs/home/belle2/jaeyoung/workspace/DRAW_and_FITTING/main/FITTING/etapip/MC15ri_generic/tight_v2_fit_v6/ToyMC> was used as the working directory.
Started at Sat Jul 27 03:05:37 2024
Terminated at Sat Jul 27 03:45:21 2024
Results reported at Sat Jul 27 03:45:21 2024

Your job looked like:

------------------------------------------------------------
# LSBATCH: User input
bash -c "basf2 etapip_gg_fit_v6_toymc_100.py 403 > /home/belle2/jaeyoung/storage_ghi/Ntuples_ghi_2/MC15ri_generic/MC15ri_etaetapip_tight_v2_240419_Kp_BCS_etapi0const/bsub_log//MC15ri_etapip_gg_fitv6_toyMC_100_403.log"
------------------------------------------------------------

Successfully completed.

Resource usage summary:

    CPU time :                                   2351.64 sec.
    Max Memory :                                 888 MB
    Average Memory :                             644.47 MB
    Total Requested Memory :                     4000.00 MB
    Delta Memory :                               3112.00 MB
    Max Swap :                                   -
    Max Processes :                              19
    Max Threads :                                20
    Run time :                                   2384 sec.
    Turnaround time :                            9083 sec.

The output (if any) follows:



PS:

Read file <./bsub_log/403.err> for stderr output of this job.

