Sender: LSF System <lsfadmin@ccb110>
Subject: Job 52359656: <bash -c "basf2 etapip_gg_fit_v6_toymc_100.py 404 > /home/belle2/jaeyoung/storage_ghi/Ntuples_ghi_2/MC15ri_generic/MC15ri_etaetapip_tight_v2_240419_Kp_BCS_etapi0const/bsub_log//MC15ri_etapip_gg_fitv6_toyMC_100_404.log"> in cluster <centralcluster> Done

Job <bash -c "basf2 etapip_gg_fit_v6_toymc_100.py 404 > /home/belle2/jaeyoung/storage_ghi/Ntuples_ghi_2/MC15ri_generic/MC15ri_etaetapip_tight_v2_240419_Kp_BCS_etapi0const/bsub_log//MC15ri_etapip_gg_fitv6_toyMC_100_404.log"> was submitted from host <ccw02> by user <jaeyoung> in cluster <centralcluster> at Sat Jul 20 14:40:23 2024
Job was executed on host(s) <ccb110>, in queue <s>, as user <jaeyoung> in cluster <centralcluster> at Sat Jul 20 14:44:22 2024
</home/belle2/jaeyoung> was used as the home directory.
</home/belle2/jaeyoung/workspace/DRAW_and_FITTING/main/FITTING/etapip/MC15ri_generic/tight_v2_fit_v6/ToyMC> was used as the working directory.
Started at Sat Jul 20 14:44:22 2024
Terminated at Sat Jul 20 15:33:09 2024
Results reported at Sat Jul 20 15:33:09 2024

Your job looked like:

------------------------------------------------------------
# LSBATCH: User input
bash -c "basf2 etapip_gg_fit_v6_toymc_100.py 404 > /home/belle2/jaeyoung/storage_ghi/Ntuples_ghi_2/MC15ri_generic/MC15ri_etaetapip_tight_v2_240419_Kp_BCS_etapi0const/bsub_log//MC15ri_etapip_gg_fitv6_toyMC_100_404.log"
------------------------------------------------------------

Successfully completed.

Resource usage summary:

    CPU time :                                   2910.69 sec.
    Max Memory :                                 1311 MB
    Average Memory :                             938.95 MB
    Total Requested Memory :                     4000.00 MB
    Delta Memory :                               2689.00 MB
    Max Swap :                                   -
    Max Processes :                              19
    Max Threads :                                20
    Run time :                                   2927 sec.
    Turnaround time :                            3166 sec.

The output (if any) follows:



PS:

Read file <./bsub_log/404.err> for stderr output of this job.

Sender: LSF System <lsfadmin@ccb114>
Subject: Job 53030581: <bash -c "basf2 etapip_gg_fit_v6_toymc_100.py 404 > /home/belle2/jaeyoung/storage_ghi/Ntuples_ghi_2/MC15ri_generic/MC15ri_etaetapip_tight_v2_240419_Kp_BCS_etapi0const/bsub_log//MC15ri_etapip_gg_fitv6_toyMC_100_404.log"> in cluster <centralcluster> Done

Job <bash -c "basf2 etapip_gg_fit_v6_toymc_100.py 404 > /home/belle2/jaeyoung/storage_ghi/Ntuples_ghi_2/MC15ri_generic/MC15ri_etaetapip_tight_v2_240419_Kp_BCS_etapi0const/bsub_log//MC15ri_etapip_gg_fitv6_toyMC_100_404.log"> was submitted from host <ccw03> by user <jaeyoung> in cluster <centralcluster> at Sun Jul 21 17:31:45 2024
Job was executed on host(s) <ccb114>, in queue <s>, as user <jaeyoung> in cluster <centralcluster> at Sun Jul 21 17:32:26 2024
</home/belle2/jaeyoung> was used as the home directory.
</home/belle2/jaeyoung/workspace/DRAW_and_FITTING/main/FITTING/etapip/MC15ri_generic/tight_v2_fit_v6/ToyMC> was used as the working directory.
Started at Sun Jul 21 17:32:26 2024
Terminated at Sun Jul 21 18:20:26 2024
Results reported at Sun Jul 21 18:20:26 2024

Your job looked like:

------------------------------------------------------------
# LSBATCH: User input
bash -c "basf2 etapip_gg_fit_v6_toymc_100.py 404 > /home/belle2/jaeyoung/storage_ghi/Ntuples_ghi_2/MC15ri_generic/MC15ri_etaetapip_tight_v2_240419_Kp_BCS_etapi0const/bsub_log//MC15ri_etapip_gg_fitv6_toyMC_100_404.log"
------------------------------------------------------------

Successfully completed.

Resource usage summary:

    CPU time :                                   2846.03 sec.
    Max Memory :                                 1312 MB
    Average Memory :                             935.40 MB
    Total Requested Memory :                     4000.00 MB
    Delta Memory :                               2688.00 MB
    Max Swap :                                   -
    Max Processes :                              19
    Max Threads :                                20
    Run time :                                   2879 sec.
    Turnaround time :                            2921 sec.

The output (if any) follows:



PS:

Read file <./bsub_log/404.err> for stderr output of this job.

Sender: LSF System <lsfadmin@ccb135>
Subject: Job 53203052: <bash -c "basf2 etapip_gg_fit_v6_toymc_100.py 404 > /home/belle2/jaeyoung/storage_ghi/Ntuples_ghi_2/MC15ri_generic/MC15ri_etaetapip_tight_v2_240419_Kp_BCS_etapi0const/bsub_log//MC15ri_etapip_gg_fitv6_toyMC_100_404.log"> in cluster <centralcluster> Exited

Job <bash -c "basf2 etapip_gg_fit_v6_toymc_100.py 404 > /home/belle2/jaeyoung/storage_ghi/Ntuples_ghi_2/MC15ri_generic/MC15ri_etaetapip_tight_v2_240419_Kp_BCS_etapi0const/bsub_log//MC15ri_etapip_gg_fitv6_toyMC_100_404.log"> was submitted from host <ccw03> by user <jaeyoung> in cluster <centralcluster> at Mon Jul 22 00:50:51 2024
Job was executed on host(s) <ccb135>, in queue <s>, as user <jaeyoung> in cluster <centralcluster> at Mon Jul 22 00:52:20 2024
</home/belle2/jaeyoung> was used as the home directory.
</home/belle2/jaeyoung/workspace/DRAW_and_FITTING/main/FITTING/etapip/MC15ri_generic/tight_v2_fit_v6/ToyMC> was used as the working directory.
Started at Mon Jul 22 00:52:20 2024
Terminated at Mon Jul 22 01:08:43 2024
Results reported at Mon Jul 22 01:08:43 2024

Your job looked like:

------------------------------------------------------------
# LSBATCH: User input
bash -c "basf2 etapip_gg_fit_v6_toymc_100.py 404 > /home/belle2/jaeyoung/storage_ghi/Ntuples_ghi_2/MC15ri_generic/MC15ri_etaetapip_tight_v2_240419_Kp_BCS_etapi0const/bsub_log//MC15ri_etapip_gg_fitv6_toyMC_100_404.log"
------------------------------------------------------------

Exited with exit code 1.

Resource usage summary:

    CPU time :                                   978.54 sec.
    Max Memory :                                 1307 MB
    Average Memory :                             1190.34 MB
    Total Requested Memory :                     4000.00 MB
    Delta Memory :                               2693.00 MB
    Max Swap :                                   -
    Max Processes :                              19
    Max Threads :                                20
    Run time :                                   983 sec.
    Turnaround time :                            1072 sec.

The output (if any) follows:



PS:

Read file <./bsub_log/404.err> for stderr output of this job.

Sender: LSF System <lsfadmin@ccb552>
Subject: Job 53407277: <bash -c "basf2 etapip_gg_fit_v6_toymc_100.py 404 > /home/belle2/jaeyoung/storage_ghi/Ntuples_ghi_2/MC15ri_generic/MC15ri_etaetapip_tight_v2_240419_Kp_BCS_etapi0const/bsub_log//MC15ri_etapip_gg_fitv6_toyMC_100_404.log"> in cluster <centralcluster> Done

Job <bash -c "basf2 etapip_gg_fit_v6_toymc_100.py 404 > /home/belle2/jaeyoung/storage_ghi/Ntuples_ghi_2/MC15ri_generic/MC15ri_etaetapip_tight_v2_240419_Kp_BCS_etapi0const/bsub_log//MC15ri_etapip_gg_fitv6_toyMC_100_404.log"> was submitted from host <ccw06> by user <jaeyoung> in cluster <centralcluster> at Mon Jul 22 10:49:31 2024
Job was executed on host(s) <ccb552>, in queue <s>, as user <jaeyoung> in cluster <centralcluster> at Mon Jul 22 10:50:07 2024
</home/belle2/jaeyoung> was used as the home directory.
</home/belle2/jaeyoung/workspace/DRAW_and_FITTING/main/FITTING/etapip/MC15ri_generic/tight_v2_fit_v6/ToyMC> was used as the working directory.
Started at Mon Jul 22 10:50:07 2024
Terminated at Mon Jul 22 11:36:45 2024
Results reported at Mon Jul 22 11:36:45 2024

Your job looked like:

------------------------------------------------------------
# LSBATCH: User input
bash -c "basf2 etapip_gg_fit_v6_toymc_100.py 404 > /home/belle2/jaeyoung/storage_ghi/Ntuples_ghi_2/MC15ri_generic/MC15ri_etaetapip_tight_v2_240419_Kp_BCS_etapi0const/bsub_log//MC15ri_etapip_gg_fitv6_toyMC_100_404.log"
------------------------------------------------------------

Successfully completed.

Resource usage summary:

    CPU time :                                   2781.47 sec.
    Max Memory :                                 1311 MB
    Average Memory :                             939.27 MB
    Total Requested Memory :                     4000.00 MB
    Delta Memory :                               2689.00 MB
    Max Swap :                                   12 MB
    Max Processes :                              19
    Max Threads :                                20
    Run time :                                   2797 sec.
    Turnaround time :                            2834 sec.

The output (if any) follows:



PS:

Read file <./bsub_log/404.err> for stderr output of this job.

Sender: LSF System <lsfadmin@ccb230>
Subject: Job 53599587: <bash -c "basf2 etapip_gg_fit_v6_toymc_100.py 404 > /home/belle2/jaeyoung/storage_ghi/Ntuples_ghi_2/MC15ri_generic/MC15ri_etaetapip_tight_v2_240419_Kp_BCS_etapi0const/bsub_log//MC15ri_etapip_gg_fitv6_toyMC_100_404.log"> in cluster <centralcluster> Done

Job <bash -c "basf2 etapip_gg_fit_v6_toymc_100.py 404 > /home/belle2/jaeyoung/storage_ghi/Ntuples_ghi_2/MC15ri_generic/MC15ri_etaetapip_tight_v2_240419_Kp_BCS_etapi0const/bsub_log//MC15ri_etapip_gg_fitv6_toyMC_100_404.log"> was submitted from host <ccw03> by user <jaeyoung> in cluster <centralcluster> at Mon Jul 22 18:35:44 2024
Job was executed on host(s) <ccb230>, in queue <s>, as user <jaeyoung> in cluster <centralcluster> at Mon Jul 22 18:37:40 2024
</home/belle2/jaeyoung> was used as the home directory.
</home/belle2/jaeyoung/workspace/DRAW_and_FITTING/main/FITTING/etapip/MC15ri_generic/tight_v2_fit_v6/ToyMC> was used as the working directory.
Started at Mon Jul 22 18:37:40 2024
Terminated at Mon Jul 22 19:25:30 2024
Results reported at Mon Jul 22 19:25:30 2024

Your job looked like:

------------------------------------------------------------
# LSBATCH: User input
bash -c "basf2 etapip_gg_fit_v6_toymc_100.py 404 > /home/belle2/jaeyoung/storage_ghi/Ntuples_ghi_2/MC15ri_generic/MC15ri_etaetapip_tight_v2_240419_Kp_BCS_etapi0const/bsub_log//MC15ri_etapip_gg_fitv6_toyMC_100_404.log"
------------------------------------------------------------

Successfully completed.

Resource usage summary:

    CPU time :                                   2854.33 sec.
    Max Memory :                                 1311 MB
    Average Memory :                             948.35 MB
    Total Requested Memory :                     4000.00 MB
    Delta Memory :                               2689.00 MB
    Max Swap :                                   -
    Max Processes :                              19
    Max Threads :                                20
    Run time :                                   2870 sec.
    Turnaround time :                            2986 sec.

The output (if any) follows:



PS:

Read file <./bsub_log/404.err> for stderr output of this job.

Sender: LSF System <lsfadmin@ccb264>
Subject: Job 53832863: <bash -c "basf2 etapip_gg_fit_v6_toymc_100.py 404 > /home/belle2/jaeyoung/storage_ghi/Ntuples_ghi_2/MC15ri_generic/MC15ri_etaetapip_tight_v2_240419_Kp_BCS_etapi0const/bsub_log//MC15ri_etapip_gg_fitv6_toyMC_100_404.log"> in cluster <centralcluster> Done

Job <bash -c "basf2 etapip_gg_fit_v6_toymc_100.py 404 > /home/belle2/jaeyoung/storage_ghi/Ntuples_ghi_2/MC15ri_generic/MC15ri_etaetapip_tight_v2_240419_Kp_BCS_etapi0const/bsub_log//MC15ri_etapip_gg_fitv6_toyMC_100_404.log"> was submitted from host <ccw05> by user <jaeyoung> in cluster <centralcluster> at Tue Jul 23 00:50:42 2024
Job was executed on host(s) <ccb264>, in queue <s>, as user <jaeyoung> in cluster <centralcluster> at Tue Jul 23 00:50:57 2024
</home/belle2/jaeyoung> was used as the home directory.
</home/belle2/jaeyoung/workspace/DRAW_and_FITTING/main/FITTING/etapip/MC15ri_generic/tight_v2_fit_v6/ToyMC> was used as the working directory.
Started at Tue Jul 23 00:50:57 2024
Terminated at Tue Jul 23 01:40:22 2024
Results reported at Tue Jul 23 01:40:22 2024

Your job looked like:

------------------------------------------------------------
# LSBATCH: User input
bash -c "basf2 etapip_gg_fit_v6_toymc_100.py 404 > /home/belle2/jaeyoung/storage_ghi/Ntuples_ghi_2/MC15ri_generic/MC15ri_etaetapip_tight_v2_240419_Kp_BCS_etapi0const/bsub_log//MC15ri_etapip_gg_fitv6_toyMC_100_404.log"
------------------------------------------------------------

Successfully completed.

Resource usage summary:

    CPU time :                                   2898.63 sec.
    Max Memory :                                 1326 MB
    Average Memory :                             971.12 MB
    Total Requested Memory :                     4000.00 MB
    Delta Memory :                               2674.00 MB
    Max Swap :                                   -
    Max Processes :                              19
    Max Threads :                                20
    Run time :                                   2965 sec.
    Turnaround time :                            2980 sec.

The output (if any) follows:



PS:

Read file <./bsub_log/404.err> for stderr output of this job.

Sender: LSF System <lsfadmin@ccb528>
Subject: Job 54398445: <bash -c "basf2 etapip_gg_fit_v6_toymc_100.py 404 > /home/belle2/jaeyoung/storage_ghi/Ntuples_ghi_2/MC15ri_generic/MC15ri_etaetapip_tight_v2_240419_Kp_BCS_etapi0const/bsub_log//MC15ri_etapip_gg_fitv6_toyMC_100_404.log"> in cluster <centralcluster> Done

Job <bash -c "basf2 etapip_gg_fit_v6_toymc_100.py 404 > /home/belle2/jaeyoung/storage_ghi/Ntuples_ghi_2/MC15ri_generic/MC15ri_etaetapip_tight_v2_240419_Kp_BCS_etapi0const/bsub_log//MC15ri_etapip_gg_fitv6_toyMC_100_404.log"> was submitted from host <ccw04> by user <jaeyoung> in cluster <centralcluster> at Tue Jul 23 17:59:57 2024
Job was executed on host(s) <ccb528>, in queue <s>, as user <jaeyoung> in cluster <centralcluster> at Tue Jul 23 18:47:01 2024
</home/belle2/jaeyoung> was used as the home directory.
</home/belle2/jaeyoung/workspace/DRAW_and_FITTING/main/FITTING/etapip/MC15ri_generic/tight_v2_fit_v6/ToyMC> was used as the working directory.
Started at Tue Jul 23 18:47:01 2024
Terminated at Tue Jul 23 19:34:02 2024
Results reported at Tue Jul 23 19:34:02 2024

Your job looked like:

------------------------------------------------------------
# LSBATCH: User input
bash -c "basf2 etapip_gg_fit_v6_toymc_100.py 404 > /home/belle2/jaeyoung/storage_ghi/Ntuples_ghi_2/MC15ri_generic/MC15ri_etaetapip_tight_v2_240419_Kp_BCS_etapi0const/bsub_log//MC15ri_etapip_gg_fitv6_toyMC_100_404.log"
------------------------------------------------------------

Successfully completed.

Resource usage summary:

    CPU time :                                   2759.58 sec.
    Max Memory :                                 1313 MB
    Average Memory :                             949.06 MB
    Total Requested Memory :                     4000.00 MB
    Delta Memory :                               2687.00 MB
    Max Swap :                                   -
    Max Processes :                              19
    Max Threads :                                20
    Run time :                                   2821 sec.
    Turnaround time :                            5645 sec.

The output (if any) follows:



PS:

Read file <./bsub_log/404.err> for stderr output of this job.

