Sender: LSF System <lsfadmin@ccb184>
Subject: Job 52359659: <bash -c "basf2 etapip_gg_fit_v6_toymc_100.py 406 > /home/belle2/jaeyoung/storage_ghi/Ntuples_ghi_2/MC15ri_generic/MC15ri_etaetapip_tight_v2_240419_Kp_BCS_etapi0const/bsub_log//MC15ri_etapip_gg_fitv6_toyMC_100_406.log"> in cluster <centralcluster> Done

Job <bash -c "basf2 etapip_gg_fit_v6_toymc_100.py 406 > /home/belle2/jaeyoung/storage_ghi/Ntuples_ghi_2/MC15ri_generic/MC15ri_etaetapip_tight_v2_240419_Kp_BCS_etapi0const/bsub_log//MC15ri_etapip_gg_fitv6_toyMC_100_406.log"> was submitted from host <ccw02> by user <jaeyoung> in cluster <centralcluster> at Sat Jul 20 14:40:23 2024
Job was executed on host(s) <ccb184>, in queue <s>, as user <jaeyoung> in cluster <centralcluster> at Sat Jul 20 14:44:22 2024
</home/belle2/jaeyoung> was used as the home directory.
</home/belle2/jaeyoung/workspace/DRAW_and_FITTING/main/FITTING/etapip/MC15ri_generic/tight_v2_fit_v6/ToyMC> was used as the working directory.
Started at Sat Jul 20 14:44:22 2024
Terminated at Sat Jul 20 15:34:49 2024
Results reported at Sat Jul 20 15:34:49 2024

Your job looked like:

------------------------------------------------------------
# LSBATCH: User input
bash -c "basf2 etapip_gg_fit_v6_toymc_100.py 406 > /home/belle2/jaeyoung/storage_ghi/Ntuples_ghi_2/MC15ri_generic/MC15ri_etaetapip_tight_v2_240419_Kp_BCS_etapi0const/bsub_log//MC15ri_etapip_gg_fitv6_toyMC_100_406.log"
------------------------------------------------------------

Successfully completed.

Resource usage summary:

    CPU time :                                   3015.79 sec.
    Max Memory :                                 1311 MB
    Average Memory :                             955.85 MB
    Total Requested Memory :                     4000.00 MB
    Delta Memory :                               2689.00 MB
    Max Swap :                                   -
    Max Processes :                              19
    Max Threads :                                20
    Run time :                                   3027 sec.
    Turnaround time :                            3266 sec.

The output (if any) follows:



PS:

Read file <./bsub_log/406.err> for stderr output of this job.

Sender: LSF System <lsfadmin@ccb541>
Subject: Job 53030589: <bash -c "basf2 etapip_gg_fit_v6_toymc_100.py 406 > /home/belle2/jaeyoung/storage_ghi/Ntuples_ghi_2/MC15ri_generic/MC15ri_etaetapip_tight_v2_240419_Kp_BCS_etapi0const/bsub_log//MC15ri_etapip_gg_fitv6_toyMC_100_406.log"> in cluster <centralcluster> Done

Job <bash -c "basf2 etapip_gg_fit_v6_toymc_100.py 406 > /home/belle2/jaeyoung/storage_ghi/Ntuples_ghi_2/MC15ri_generic/MC15ri_etaetapip_tight_v2_240419_Kp_BCS_etapi0const/bsub_log//MC15ri_etapip_gg_fitv6_toyMC_100_406.log"> was submitted from host <ccw03> by user <jaeyoung> in cluster <centralcluster> at Sun Jul 21 17:31:45 2024
Job was executed on host(s) <ccb541>, in queue <s>, as user <jaeyoung> in cluster <centralcluster> at Sun Jul 21 17:32:27 2024
</home/belle2/jaeyoung> was used as the home directory.
</home/belle2/jaeyoung/workspace/DRAW_and_FITTING/main/FITTING/etapip/MC15ri_generic/tight_v2_fit_v6/ToyMC> was used as the working directory.
Started at Sun Jul 21 17:32:27 2024
Terminated at Sun Jul 21 18:21:46 2024
Results reported at Sun Jul 21 18:21:46 2024

Your job looked like:

------------------------------------------------------------
# LSBATCH: User input
bash -c "basf2 etapip_gg_fit_v6_toymc_100.py 406 > /home/belle2/jaeyoung/storage_ghi/Ntuples_ghi_2/MC15ri_generic/MC15ri_etaetapip_tight_v2_240419_Kp_BCS_etapi0const/bsub_log//MC15ri_etapip_gg_fitv6_toyMC_100_406.log"
------------------------------------------------------------

Successfully completed.

Resource usage summary:

    CPU time :                                   2940.04 sec.
    Max Memory :                                 1311 MB
    Average Memory :                             948.91 MB
    Total Requested Memory :                     4000.00 MB
    Delta Memory :                               2689.00 MB
    Max Swap :                                   -
    Max Processes :                              19
    Max Threads :                                20
    Run time :                                   2959 sec.
    Turnaround time :                            3001 sec.

The output (if any) follows:



PS:

Read file <./bsub_log/406.err> for stderr output of this job.

Sender: LSF System <lsfadmin@ccb158>
Subject: Job 53203059: <bash -c "basf2 etapip_gg_fit_v6_toymc_100.py 406 > /home/belle2/jaeyoung/storage_ghi/Ntuples_ghi_2/MC15ri_generic/MC15ri_etaetapip_tight_v2_240419_Kp_BCS_etapi0const/bsub_log//MC15ri_etapip_gg_fitv6_toyMC_100_406.log"> in cluster <centralcluster> Exited

Job <bash -c "basf2 etapip_gg_fit_v6_toymc_100.py 406 > /home/belle2/jaeyoung/storage_ghi/Ntuples_ghi_2/MC15ri_generic/MC15ri_etaetapip_tight_v2_240419_Kp_BCS_etapi0const/bsub_log//MC15ri_etapip_gg_fitv6_toyMC_100_406.log"> was submitted from host <ccw03> by user <jaeyoung> in cluster <centralcluster> at Mon Jul 22 00:50:52 2024
Job was executed on host(s) <ccb158>, in queue <s>, as user <jaeyoung> in cluster <centralcluster> at Mon Jul 22 00:52:21 2024
</home/belle2/jaeyoung> was used as the home directory.
</home/belle2/jaeyoung/workspace/DRAW_and_FITTING/main/FITTING/etapip/MC15ri_generic/tight_v2_fit_v6/ToyMC> was used as the working directory.
Started at Mon Jul 22 00:52:21 2024
Terminated at Mon Jul 22 01:09:33 2024
Results reported at Mon Jul 22 01:09:33 2024

Your job looked like:

------------------------------------------------------------
# LSBATCH: User input
bash -c "basf2 etapip_gg_fit_v6_toymc_100.py 406 > /home/belle2/jaeyoung/storage_ghi/Ntuples_ghi_2/MC15ri_generic/MC15ri_etaetapip_tight_v2_240419_Kp_BCS_etapi0const/bsub_log//MC15ri_etapip_gg_fitv6_toyMC_100_406.log"
------------------------------------------------------------

Exited with exit code 1.

Resource usage summary:

    CPU time :                                   1020.59 sec.
    Max Memory :                                 1254 MB
    Average Memory :                             1162.96 MB
    Total Requested Memory :                     4000.00 MB
    Delta Memory :                               2746.00 MB
    Max Swap :                                   -
    Max Processes :                              19
    Max Threads :                                20
    Run time :                                   1032 sec.
    Turnaround time :                            1121 sec.

The output (if any) follows:



PS:

Read file <./bsub_log/406.err> for stderr output of this job.

Sender: LSF System <lsfadmin@ccb271>
Subject: Job 53407281: <bash -c "basf2 etapip_gg_fit_v6_toymc_100.py 406 > /home/belle2/jaeyoung/storage_ghi/Ntuples_ghi_2/MC15ri_generic/MC15ri_etaetapip_tight_v2_240419_Kp_BCS_etapi0const/bsub_log//MC15ri_etapip_gg_fitv6_toyMC_100_406.log"> in cluster <centralcluster> Done

Job <bash -c "basf2 etapip_gg_fit_v6_toymc_100.py 406 > /home/belle2/jaeyoung/storage_ghi/Ntuples_ghi_2/MC15ri_generic/MC15ri_etaetapip_tight_v2_240419_Kp_BCS_etapi0const/bsub_log//MC15ri_etapip_gg_fitv6_toyMC_100_406.log"> was submitted from host <ccw06> by user <jaeyoung> in cluster <centralcluster> at Mon Jul 22 10:49:32 2024
Job was executed on host(s) <ccb271>, in queue <s>, as user <jaeyoung> in cluster <centralcluster> at Mon Jul 22 10:50:08 2024
</home/belle2/jaeyoung> was used as the home directory.
</home/belle2/jaeyoung/workspace/DRAW_and_FITTING/main/FITTING/etapip/MC15ri_generic/tight_v2_fit_v6/ToyMC> was used as the working directory.
Started at Mon Jul 22 10:50:08 2024
Terminated at Mon Jul 22 11:37:44 2024
Results reported at Mon Jul 22 11:37:44 2024

Your job looked like:

------------------------------------------------------------
# LSBATCH: User input
bash -c "basf2 etapip_gg_fit_v6_toymc_100.py 406 > /home/belle2/jaeyoung/storage_ghi/Ntuples_ghi_2/MC15ri_generic/MC15ri_etaetapip_tight_v2_240419_Kp_BCS_etapi0const/bsub_log//MC15ri_etapip_gg_fitv6_toyMC_100_406.log"
------------------------------------------------------------

Successfully completed.

Resource usage summary:

    CPU time :                                   2842.78 sec.
    Max Memory :                                 1311 MB
    Average Memory :                             945.88 MB
    Total Requested Memory :                     4000.00 MB
    Delta Memory :                               2689.00 MB
    Max Swap :                                   -
    Max Processes :                              19
    Max Threads :                                20
    Run time :                                   2856 sec.
    Turnaround time :                            2892 sec.

The output (if any) follows:



PS:

Read file <./bsub_log/406.err> for stderr output of this job.

Sender: LSF System <lsfadmin@ccb553>
Subject: Job 53599595: <bash -c "basf2 etapip_gg_fit_v6_toymc_100.py 406 > /home/belle2/jaeyoung/storage_ghi/Ntuples_ghi_2/MC15ri_generic/MC15ri_etaetapip_tight_v2_240419_Kp_BCS_etapi0const/bsub_log//MC15ri_etapip_gg_fitv6_toyMC_100_406.log"> in cluster <centralcluster> Done

Job <bash -c "basf2 etapip_gg_fit_v6_toymc_100.py 406 > /home/belle2/jaeyoung/storage_ghi/Ntuples_ghi_2/MC15ri_generic/MC15ri_etaetapip_tight_v2_240419_Kp_BCS_etapi0const/bsub_log//MC15ri_etapip_gg_fitv6_toyMC_100_406.log"> was submitted from host <ccw03> by user <jaeyoung> in cluster <centralcluster> at Mon Jul 22 18:35:45 2024
Job was executed on host(s) <ccb553>, in queue <s>, as user <jaeyoung> in cluster <centralcluster> at Mon Jul 22 18:37:41 2024
</home/belle2/jaeyoung> was used as the home directory.
</home/belle2/jaeyoung/workspace/DRAW_and_FITTING/main/FITTING/etapip/MC15ri_generic/tight_v2_fit_v6/ToyMC> was used as the working directory.
Started at Mon Jul 22 18:37:41 2024
Terminated at Mon Jul 22 19:24:07 2024
Results reported at Mon Jul 22 19:24:07 2024

Your job looked like:

------------------------------------------------------------
# LSBATCH: User input
bash -c "basf2 etapip_gg_fit_v6_toymc_100.py 406 > /home/belle2/jaeyoung/storage_ghi/Ntuples_ghi_2/MC15ri_generic/MC15ri_etaetapip_tight_v2_240419_Kp_BCS_etapi0const/bsub_log//MC15ri_etapip_gg_fitv6_toyMC_100_406.log"
------------------------------------------------------------

Successfully completed.

Resource usage summary:

    CPU time :                                   2775.81 sec.
    Max Memory :                                 1311 MB
    Average Memory :                             955.41 MB
    Total Requested Memory :                     4000.00 MB
    Delta Memory :                               2689.00 MB
    Max Swap :                                   -
    Max Processes :                              19
    Max Threads :                                20
    Run time :                                   2787 sec.
    Turnaround time :                            2902 sec.

The output (if any) follows:



PS:

Read file <./bsub_log/406.err> for stderr output of this job.

Sender: LSF System <lsfadmin@ccb233>
Subject: Job 53832870: <bash -c "basf2 etapip_gg_fit_v6_toymc_100.py 406 > /home/belle2/jaeyoung/storage_ghi/Ntuples_ghi_2/MC15ri_generic/MC15ri_etaetapip_tight_v2_240419_Kp_BCS_etapi0const/bsub_log//MC15ri_etapip_gg_fitv6_toyMC_100_406.log"> in cluster <centralcluster> Done

Job <bash -c "basf2 etapip_gg_fit_v6_toymc_100.py 406 > /home/belle2/jaeyoung/storage_ghi/Ntuples_ghi_2/MC15ri_generic/MC15ri_etaetapip_tight_v2_240419_Kp_BCS_etapi0const/bsub_log//MC15ri_etapip_gg_fitv6_toyMC_100_406.log"> was submitted from host <ccw05> by user <jaeyoung> in cluster <centralcluster> at Tue Jul 23 00:50:42 2024
Job was executed on host(s) <ccb233>, in queue <s>, as user <jaeyoung> in cluster <centralcluster> at Tue Jul 23 00:50:58 2024
</home/belle2/jaeyoung> was used as the home directory.
</home/belle2/jaeyoung/workspace/DRAW_and_FITTING/main/FITTING/etapip/MC15ri_generic/tight_v2_fit_v6/ToyMC> was used as the working directory.
Started at Tue Jul 23 00:50:58 2024
Terminated at Tue Jul 23 01:38:06 2024
Results reported at Tue Jul 23 01:38:06 2024

Your job looked like:

------------------------------------------------------------
# LSBATCH: User input
bash -c "basf2 etapip_gg_fit_v6_toymc_100.py 406 > /home/belle2/jaeyoung/storage_ghi/Ntuples_ghi_2/MC15ri_generic/MC15ri_etaetapip_tight_v2_240419_Kp_BCS_etapi0const/bsub_log//MC15ri_etapip_gg_fitv6_toyMC_100_406.log"
------------------------------------------------------------

Successfully completed.

Resource usage summary:

    CPU time :                                   2763.72 sec.
    Max Memory :                                 1311 MB
    Average Memory :                             962.77 MB
    Total Requested Memory :                     4000.00 MB
    Delta Memory :                               2689.00 MB
    Max Swap :                                   -
    Max Processes :                              19
    Max Threads :                                20
    Run time :                                   2828 sec.
    Turnaround time :                            2844 sec.

The output (if any) follows:



PS:

Read file <./bsub_log/406.err> for stderr output of this job.

Sender: LSF System <lsfadmin@ccb106>
Subject: Job 54398456: <bash -c "basf2 etapip_gg_fit_v6_toymc_100.py 406 > /home/belle2/jaeyoung/storage_ghi/Ntuples_ghi_2/MC15ri_generic/MC15ri_etaetapip_tight_v2_240419_Kp_BCS_etapi0const/bsub_log//MC15ri_etapip_gg_fitv6_toyMC_100_406.log"> in cluster <centralcluster> Done

Job <bash -c "basf2 etapip_gg_fit_v6_toymc_100.py 406 > /home/belle2/jaeyoung/storage_ghi/Ntuples_ghi_2/MC15ri_generic/MC15ri_etaetapip_tight_v2_240419_Kp_BCS_etapi0const/bsub_log//MC15ri_etapip_gg_fitv6_toyMC_100_406.log"> was submitted from host <ccw04> by user <jaeyoung> in cluster <centralcluster> at Tue Jul 23 17:59:58 2024
Job was executed on host(s) <ccb106>, in queue <s>, as user <jaeyoung> in cluster <centralcluster> at Tue Jul 23 18:47:02 2024
</home/belle2/jaeyoung> was used as the home directory.
</home/belle2/jaeyoung/workspace/DRAW_and_FITTING/main/FITTING/etapip/MC15ri_generic/tight_v2_fit_v6/ToyMC> was used as the working directory.
Started at Tue Jul 23 18:47:02 2024
Terminated at Tue Jul 23 19:32:04 2024
Results reported at Tue Jul 23 19:32:04 2024

Your job looked like:

------------------------------------------------------------
# LSBATCH: User input
bash -c "basf2 etapip_gg_fit_v6_toymc_100.py 406 > /home/belle2/jaeyoung/storage_ghi/Ntuples_ghi_2/MC15ri_generic/MC15ri_etaetapip_tight_v2_240419_Kp_BCS_etapi0const/bsub_log//MC15ri_etapip_gg_fitv6_toyMC_100_406.log"
------------------------------------------------------------

Successfully completed.

Resource usage summary:

    CPU time :                                   5111.98 sec.
    Max Memory :                                 1319 MB
    Average Memory :                             976.22 MB
    Total Requested Memory :                     4000.00 MB
    Delta Memory :                               2681.00 MB
    Max Swap :                                   -
    Max Processes :                              19
    Max Threads :                                20
    Run time :                                   2703 sec.
    Turnaround time :                            5526 sec.

The output (if any) follows:



PS:

Read file <./bsub_log/406.err> for stderr output of this job.

Sender: LSF System <lsfadmin@ccb252>
Subject: Job 54471141: <bash -c "basf2 etapip_gg_fit_v6_toymc_100.py 406 > /home/belle2/jaeyoung/storage_ghi/Ntuples_ghi_2/MC15ri_generic/MC15ri_etaetapip_tight_v2_240419_Kp_BCS_etapi0const/bsub_log//MC15ri_etapip_gg_fitv6_toyMC_100_406.log"> in cluster <centralcluster> Done

Job <bash -c "basf2 etapip_gg_fit_v6_toymc_100.py 406 > /home/belle2/jaeyoung/storage_ghi/Ntuples_ghi_2/MC15ri_generic/MC15ri_etaetapip_tight_v2_240419_Kp_BCS_etapi0const/bsub_log//MC15ri_etapip_gg_fitv6_toyMC_100_406.log"> was submitted from host <ccw03> by user <jaeyoung> in cluster <centralcluster> at Tue Jul 23 19:38:52 2024
Job was executed on host(s) <ccb252>, in queue <s>, as user <jaeyoung> in cluster <centralcluster> at Tue Jul 23 19:38:53 2024
</home/belle2/jaeyoung> was used as the home directory.
</home/belle2/jaeyoung/workspace/DRAW_and_FITTING/main/FITTING/etapip/MC15ri_generic/tight_v2_fit_v6/ToyMC> was used as the working directory.
Started at Tue Jul 23 19:38:53 2024
Terminated at Tue Jul 23 20:24:47 2024
Results reported at Tue Jul 23 20:24:47 2024

Your job looked like:

------------------------------------------------------------
# LSBATCH: User input
bash -c "basf2 etapip_gg_fit_v6_toymc_100.py 406 > /home/belle2/jaeyoung/storage_ghi/Ntuples_ghi_2/MC15ri_generic/MC15ri_etaetapip_tight_v2_240419_Kp_BCS_etapi0const/bsub_log//MC15ri_etapip_gg_fitv6_toyMC_100_406.log"
------------------------------------------------------------

Successfully completed.

Resource usage summary:

    CPU time :                                   2744.42 sec.
    Max Memory :                                 1311 MB
    Average Memory :                             955.97 MB
    Total Requested Memory :                     4000.00 MB
    Delta Memory :                               2689.00 MB
    Max Swap :                                   -
    Max Processes :                              19
    Max Threads :                                20
    Run time :                                   2754 sec.
    Turnaround time :                            2755 sec.

The output (if any) follows:



PS:

Read file <./bsub_log/406.err> for stderr output of this job.

Sender: LSF System <lsfadmin@ccb153>
Subject: Job 55516190: <bash -c "basf2 etapip_gg_fit_v6_toymc_100.py 406 > /home/belle2/jaeyoung/storage_ghi/Ntuples_ghi_2/MC15ri_generic/MC15ri_etaetapip_tight_v2_240419_Kp_BCS_etapi0const/bsub_log//MC15ri_etapip_gg_fitv6_toyMC_100_406.log"> in cluster <centralcluster> Done

Job <bash -c "basf2 etapip_gg_fit_v6_toymc_100.py 406 > /home/belle2/jaeyoung/storage_ghi/Ntuples_ghi_2/MC15ri_generic/MC15ri_etaetapip_tight_v2_240419_Kp_BCS_etapi0const/bsub_log//MC15ri_etapip_gg_fitv6_toyMC_100_406.log"> was submitted from host <ccw01> by user <jaeyoung> in cluster <centralcluster> at Thu Jul 25 20:51:46 2024
Job was executed on host(s) <ccb153>, in queue <s>, as user <jaeyoung> in cluster <centralcluster> at Thu Jul 25 20:51:52 2024
</home/belle2/jaeyoung> was used as the home directory.
</gpfs/home/belle2/jaeyoung/workspace/DRAW_and_FITTING/main/FITTING/etapip/MC15ri_generic/tight_v2_fit_v6/ToyMC> was used as the working directory.
Started at Thu Jul 25 20:51:52 2024
Terminated at Thu Jul 25 21:39:45 2024
Results reported at Thu Jul 25 21:39:45 2024

Your job looked like:

------------------------------------------------------------
# LSBATCH: User input
bash -c "basf2 etapip_gg_fit_v6_toymc_100.py 406 > /home/belle2/jaeyoung/storage_ghi/Ntuples_ghi_2/MC15ri_generic/MC15ri_etaetapip_tight_v2_240419_Kp_BCS_etapi0const/bsub_log//MC15ri_etapip_gg_fitv6_toyMC_100_406.log"
------------------------------------------------------------

Successfully completed.

Resource usage summary:

    CPU time :                                   2784.78 sec.
    Max Memory :                                 1313 MB
    Average Memory :                             937.70 MB
    Total Requested Memory :                     4000.00 MB
    Delta Memory :                               2687.00 MB
    Max Swap :                                   -
    Max Processes :                              19
    Max Threads :                                20
    Run time :                                   2873 sec.
    Turnaround time :                            2879 sec.

The output (if any) follows:



PS:

Read file <./bsub_log/406.err> for stderr output of this job.

Sender: LSF System <lsfadmin@ccb103>
Subject: Job 56103797: <bash -c "basf2 etapip_gg_fit_v6_toymc_100.py 406 > /home/belle2/jaeyoung/storage_ghi/Ntuples_ghi_2/MC15ri_generic/MC15ri_etaetapip_tight_v2_240419_Kp_BCS_etapi0const/bsub_log//MC15ri_etapip_gg_fitv6_toyMC_100_406.log"> in cluster <centralcluster> Done

Job <bash -c "basf2 etapip_gg_fit_v6_toymc_100.py 406 > /home/belle2/jaeyoung/storage_ghi/Ntuples_ghi_2/MC15ri_generic/MC15ri_etaetapip_tight_v2_240419_Kp_BCS_etapi0const/bsub_log//MC15ri_etapip_gg_fitv6_toyMC_100_406.log"> was submitted from host <ccw06> by user <jaeyoung> in cluster <centralcluster> at Fri Jul 26 23:44:31 2024
Job was executed on host(s) <ccb103>, in queue <s>, as user <jaeyoung> in cluster <centralcluster> at Sat Jul 27 00:24:04 2024
</home/belle2/jaeyoung> was used as the home directory.
</home/belle2/jaeyoung/workspace/DRAW_and_FITTING/main/FITTING/etapip/MC15ri_generic/tight_v2_fit_v6/ToyMC> was used as the working directory.
Started at Sat Jul 27 00:24:04 2024
Terminated at Sat Jul 27 00:56:10 2024
Results reported at Sat Jul 27 00:56:10 2024

Your job looked like:

------------------------------------------------------------
# LSBATCH: User input
bash -c "basf2 etapip_gg_fit_v6_toymc_100.py 406 > /home/belle2/jaeyoung/storage_ghi/Ntuples_ghi_2/MC15ri_generic/MC15ri_etaetapip_tight_v2_240419_Kp_BCS_etapi0const/bsub_log//MC15ri_etapip_gg_fitv6_toyMC_100_406.log"
------------------------------------------------------------

Successfully completed.

Resource usage summary:

    CPU time :                                   1884.44 sec.
    Max Memory :                                 922 MB
    Average Memory :                             676.85 MB
    Total Requested Memory :                     4000.00 MB
    Delta Memory :                               3078.00 MB
    Max Swap :                                   -
    Max Processes :                              19
    Max Threads :                                20
    Run time :                                   1927 sec.
    Turnaround time :                            4299 sec.

The output (if any) follows:



PS:

Read file <./bsub_log/406.err> for stderr output of this job.

Sender: LSF System <lsfadmin@ccb144>
Subject: Job 56133779: <bash -c "basf2 etapip_gg_fit_v6_toymc_100.py 406 > /home/belle2/jaeyoung/storage_ghi/Ntuples_ghi_2/MC15ri_generic/MC15ri_etaetapip_tight_v2_240419_Kp_BCS_etapi0const/bsub_log//MC15ri_etapip_gg_fitv6_toyMC_100_406.log"> in cluster <centralcluster> Done

Job <bash -c "basf2 etapip_gg_fit_v6_toymc_100.py 406 > /home/belle2/jaeyoung/storage_ghi/Ntuples_ghi_2/MC15ri_generic/MC15ri_etaetapip_tight_v2_240419_Kp_BCS_etapi0const/bsub_log//MC15ri_etapip_gg_fitv6_toyMC_100_406.log"> was submitted from host <ccw03> by user <jaeyoung> in cluster <centralcluster> at Sat Jul 27 01:13:58 2024
Job was executed on host(s) <ccb144>, in queue <s>, as user <jaeyoung> in cluster <centralcluster> at Sat Jul 27 03:05:37 2024
</home/belle2/jaeyoung> was used as the home directory.
</gpfs/home/belle2/jaeyoung/workspace/DRAW_and_FITTING/main/FITTING/etapip/MC15ri_generic/tight_v2_fit_v6/ToyMC> was used as the working directory.
Started at Sat Jul 27 03:05:37 2024
Terminated at Sat Jul 27 03:45:19 2024
Results reported at Sat Jul 27 03:45:19 2024

Your job looked like:

------------------------------------------------------------
# LSBATCH: User input
bash -c "basf2 etapip_gg_fit_v6_toymc_100.py 406 > /home/belle2/jaeyoung/storage_ghi/Ntuples_ghi_2/MC15ri_generic/MC15ri_etaetapip_tight_v2_240419_Kp_BCS_etapi0const/bsub_log//MC15ri_etapip_gg_fitv6_toyMC_100_406.log"
------------------------------------------------------------

Successfully completed.

Resource usage summary:

    CPU time :                                   2326.88 sec.
    Max Memory :                                 887 MB
    Average Memory :                             651.85 MB
    Total Requested Memory :                     4000.00 MB
    Delta Memory :                               3113.00 MB
    Max Swap :                                   -
    Max Processes :                              19
    Max Threads :                                20
    Run time :                                   2382 sec.
    Turnaround time :                            9081 sec.

The output (if any) follows:



PS:

Read file <./bsub_log/406.err> for stderr output of this job.

Sender: LSF System <lsfadmin@ccb090>
Subject: Job 57220795: <bash -c "basf2 etapip_gg_fit_v6_toymc_100.py 406 > /home/belle2/jaeyoung/storage_ghi/Ntuples_ghi_2/MC15ri_generic/MC15ri_etaetapip_tight_v2_240419_Kp_BCS_etapi0const/bsub_log//MC15ri_etapip_gg_fitv6_toyMC_100_406.log"> in cluster <centralcluster> Exited

Job <bash -c "basf2 etapip_gg_fit_v6_toymc_100.py 406 > /home/belle2/jaeyoung/storage_ghi/Ntuples_ghi_2/MC15ri_generic/MC15ri_etaetapip_tight_v2_240419_Kp_BCS_etapi0const/bsub_log//MC15ri_etapip_gg_fitv6_toyMC_100_406.log"> was submitted from host <ccx03> by user <jaeyoung> in cluster <centralcluster> at Mon Jul 29 18:46:12 2024
Job was executed on host(s) <ccb090>, in queue <s>, as user <jaeyoung> in cluster <centralcluster> at Mon Jul 29 18:46:18 2024
</home/belle2/jaeyoung> was used as the home directory.
</gpfs/home/belle2/jaeyoung/workspace/DRAW_and_FITTING/main/FITTING/etapip/MC15ri_generic/tight_v2_fit_v6/ToyMC> was used as the working directory.
Started at Mon Jul 29 18:46:18 2024
Terminated at Mon Jul 29 19:50:38 2024
Results reported at Mon Jul 29 19:50:38 2024

Your job looked like:

------------------------------------------------------------
# LSBATCH: User input
bash -c "basf2 etapip_gg_fit_v6_toymc_100.py 406 > /home/belle2/jaeyoung/storage_ghi/Ntuples_ghi_2/MC15ri_generic/MC15ri_etaetapip_tight_v2_240419_Kp_BCS_etapi0const/bsub_log//MC15ri_etapip_gg_fitv6_toyMC_100_406.log"
------------------------------------------------------------

Exited with exit code 1.

Resource usage summary:

    CPU time :                                   3814.42 sec.
    Max Memory :                                 1427 MB
    Average Memory :                             1049.68 MB
    Total Requested Memory :                     4000.00 MB
    Delta Memory :                               2573.00 MB
    Max Swap :                                   -
    Max Processes :                              19
    Max Threads :                                20
    Run time :                                   3859 sec.
    Turnaround time :                            3866 sec.

The output (if any) follows:



PS:

Read file <./bsub_log/406.err> for stderr output of this job.

Sender: LSF System <lsfadmin@ccb075>
Subject: Job 57308795: <bash -c "basf2 etapip_gg_fit_v6_toymc_100.py 406 > /home/belle2/jaeyoung/storage_ghi/Ntuples_ghi_2/MC15ri_generic/MC15ri_etaetapip_tight_v2_240419_Kp_BCS_etapi0const/bsub_log//MC15ri_etapip_gg_fitv6_toyMC_100_406.log"> in cluster <centralcluster> Done

Job <bash -c "basf2 etapip_gg_fit_v6_toymc_100.py 406 > /home/belle2/jaeyoung/storage_ghi/Ntuples_ghi_2/MC15ri_generic/MC15ri_etaetapip_tight_v2_240419_Kp_BCS_etapi0const/bsub_log//MC15ri_etapip_gg_fitv6_toyMC_100_406.log"> was submitted from host <ccw03> by user <jaeyoung> in cluster <centralcluster> at Mon Jul 29 23:03:27 2024
Job was executed on host(s) <ccb075>, in queue <s>, as user <jaeyoung> in cluster <centralcluster> at Mon Jul 29 23:04:39 2024
</home/belle2/jaeyoung> was used as the home directory.
</home/belle2/jaeyoung/workspace/DRAW_and_FITTING/main/FITTING/etapip/MC15ri_generic/tight_v2_fit_v6/ToyMC> was used as the working directory.
Started at Mon Jul 29 23:04:39 2024
Terminated at Tue Jul 30 00:08:13 2024
Results reported at Tue Jul 30 00:08:13 2024

Your job looked like:

------------------------------------------------------------
# LSBATCH: User input
bash -c "basf2 etapip_gg_fit_v6_toymc_100.py 406 > /home/belle2/jaeyoung/storage_ghi/Ntuples_ghi_2/MC15ri_generic/MC15ri_etaetapip_tight_v2_240419_Kp_BCS_etapi0const/bsub_log//MC15ri_etapip_gg_fitv6_toyMC_100_406.log"
------------------------------------------------------------

Successfully completed.

Resource usage summary:

    CPU time :                                   3795.77 sec.
    Max Memory :                                 1448 MB
    Average Memory :                             1050.79 MB
    Total Requested Memory :                     4000.00 MB
    Delta Memory :                               2552.00 MB
    Max Swap :                                   -
    Max Processes :                              19
    Max Threads :                                20
    Run time :                                   3814 sec.
    Turnaround time :                            3886 sec.

The output (if any) follows:



PS:

Read file <./bsub_log/406.err> for stderr output of this job.

Sender: LSF System <lsfadmin@ccb100>
Subject: Job 57390354: <bash -c "basf2 etapip_gg_fit_v6_toymc_100.py 406 > /home/belle2/jaeyoung/storage_ghi/Ntuples_ghi_2/MC15ri_generic/MC15ri_etaetapip_tight_v2_240419_Kp_BCS_etapi0const/bsub_log//MC15ri_etapip_gg_fitv6_toyMC_100_406.log"> in cluster <centralcluster> Done

Job <bash -c "basf2 etapip_gg_fit_v6_toymc_100.py 406 > /home/belle2/jaeyoung/storage_ghi/Ntuples_ghi_2/MC15ri_generic/MC15ri_etaetapip_tight_v2_240419_Kp_BCS_etapi0const/bsub_log//MC15ri_etapip_gg_fitv6_toyMC_100_406.log"> was submitted from host <ccw03> by user <jaeyoung> in cluster <centralcluster> at Tue Jul 30 01:17:50 2024
Job was executed on host(s) <ccb100>, in queue <s>, as user <jaeyoung> in cluster <centralcluster> at Tue Jul 30 01:19:09 2024
</home/belle2/jaeyoung> was used as the home directory.
</home/belle2/jaeyoung/workspace/DRAW_and_FITTING/main/FITTING/etapip/MC15ri_generic/tight_v2_fit_v6/ToyMC> was used as the working directory.
Started at Tue Jul 30 01:19:09 2024
Terminated at Tue Jul 30 02:23:21 2024
Results reported at Tue Jul 30 02:23:21 2024

Your job looked like:

------------------------------------------------------------
# LSBATCH: User input
bash -c "basf2 etapip_gg_fit_v6_toymc_100.py 406 > /home/belle2/jaeyoung/storage_ghi/Ntuples_ghi_2/MC15ri_generic/MC15ri_etaetapip_tight_v2_240419_Kp_BCS_etapi0const/bsub_log//MC15ri_etapip_gg_fitv6_toyMC_100_406.log"
------------------------------------------------------------

Successfully completed.

Resource usage summary:

    CPU time :                                   3829.82 sec.
    Max Memory :                                 1440 MB
    Average Memory :                             1055.14 MB
    Total Requested Memory :                     4000.00 MB
    Delta Memory :                               2560.00 MB
    Max Swap :                                   -
    Max Processes :                              19
    Max Threads :                                20
    Run time :                                   3853 sec.
    Turnaround time :                            3931 sec.

The output (if any) follows:



PS:

Read file <./bsub_log/406.err> for stderr output of this job.

