Sender: LSF System <lsfadmin@ccb174>
Subject: Job 52359673: <bash -c "basf2 etapip_gg_fit_v6_toymc_100.py 415 > /home/belle2/jaeyoung/storage_ghi/Ntuples_ghi_2/MC15ri_generic/MC15ri_etaetapip_tight_v2_240419_Kp_BCS_etapi0const/bsub_log//MC15ri_etapip_gg_fitv6_toyMC_100_415.log"> in cluster <centralcluster> Done

Job <bash -c "basf2 etapip_gg_fit_v6_toymc_100.py 415 > /home/belle2/jaeyoung/storage_ghi/Ntuples_ghi_2/MC15ri_generic/MC15ri_etaetapip_tight_v2_240419_Kp_BCS_etapi0const/bsub_log//MC15ri_etapip_gg_fitv6_toyMC_100_415.log"> was submitted from host <ccw02> by user <jaeyoung> in cluster <centralcluster> at Sat Jul 20 14:40:27 2024
Job was executed on host(s) <ccb174>, in queue <s>, as user <jaeyoung> in cluster <centralcluster> at Sat Jul 20 14:44:38 2024
</home/belle2/jaeyoung> was used as the home directory.
</home/belle2/jaeyoung/workspace/DRAW_and_FITTING/main/FITTING/etapip/MC15ri_generic/tight_v2_fit_v6/ToyMC> was used as the working directory.
Started at Sat Jul 20 14:44:38 2024
Terminated at Sat Jul 20 15:33:16 2024
Results reported at Sat Jul 20 15:33:16 2024

Your job looked like:

------------------------------------------------------------
# LSBATCH: User input
bash -c "basf2 etapip_gg_fit_v6_toymc_100.py 415 > /home/belle2/jaeyoung/storage_ghi/Ntuples_ghi_2/MC15ri_generic/MC15ri_etaetapip_tight_v2_240419_Kp_BCS_etapi0const/bsub_log//MC15ri_etapip_gg_fitv6_toyMC_100_415.log"
------------------------------------------------------------

Successfully completed.

Resource usage summary:

    CPU time :                                   2864.36 sec.
    Max Memory :                                 1311 MB
    Average Memory :                             943.39 MB
    Total Requested Memory :                     4000.00 MB
    Delta Memory :                               2689.00 MB
    Max Swap :                                   -
    Max Processes :                              19
    Max Threads :                                20
    Run time :                                   2919 sec.
    Turnaround time :                            3169 sec.

The output (if any) follows:



PS:

Read file <./bsub_log/415.err> for stderr output of this job.

Sender: LSF System <lsfadmin@ccb270>
Subject: Job 53030622: <bash -c "basf2 etapip_gg_fit_v6_toymc_100.py 415 > /home/belle2/jaeyoung/storage_ghi/Ntuples_ghi_2/MC15ri_generic/MC15ri_etaetapip_tight_v2_240419_Kp_BCS_etapi0const/bsub_log//MC15ri_etapip_gg_fitv6_toyMC_100_415.log"> in cluster <centralcluster> Done

Job <bash -c "basf2 etapip_gg_fit_v6_toymc_100.py 415 > /home/belle2/jaeyoung/storage_ghi/Ntuples_ghi_2/MC15ri_generic/MC15ri_etaetapip_tight_v2_240419_Kp_BCS_etapi0const/bsub_log//MC15ri_etapip_gg_fitv6_toyMC_100_415.log"> was submitted from host <ccw03> by user <jaeyoung> in cluster <centralcluster> at Sun Jul 21 17:31:49 2024
Job was executed on host(s) <ccb270>, in queue <s>, as user <jaeyoung> in cluster <centralcluster> at Sun Jul 21 17:32:31 2024
</home/belle2/jaeyoung> was used as the home directory.
</home/belle2/jaeyoung/workspace/DRAW_and_FITTING/main/FITTING/etapip/MC15ri_generic/tight_v2_fit_v6/ToyMC> was used as the working directory.
Started at Sun Jul 21 17:32:31 2024
Terminated at Sun Jul 21 18:22:21 2024
Results reported at Sun Jul 21 18:22:21 2024

Your job looked like:

------------------------------------------------------------
# LSBATCH: User input
bash -c "basf2 etapip_gg_fit_v6_toymc_100.py 415 > /home/belle2/jaeyoung/storage_ghi/Ntuples_ghi_2/MC15ri_generic/MC15ri_etaetapip_tight_v2_240419_Kp_BCS_etapi0const/bsub_log//MC15ri_etapip_gg_fitv6_toyMC_100_415.log"
------------------------------------------------------------

Successfully completed.

Resource usage summary:

    CPU time :                                   2945.02 sec.
    Max Memory :                                 1311 MB
    Average Memory :                             942.56 MB
    Total Requested Memory :                     4000.00 MB
    Delta Memory :                               2689.00 MB
    Max Swap :                                   -
    Max Processes :                              19
    Max Threads :                                20
    Run time :                                   2991 sec.
    Turnaround time :                            3032 sec.

The output (if any) follows:



PS:

Read file <./bsub_log/415.err> for stderr output of this job.

Sender: LSF System <lsfadmin@ccb507>
Subject: Job 53203106: <bash -c "basf2 etapip_gg_fit_v6_toymc_100.py 415 > /home/belle2/jaeyoung/storage_ghi/Ntuples_ghi_2/MC15ri_generic/MC15ri_etaetapip_tight_v2_240419_Kp_BCS_etapi0const/bsub_log//MC15ri_etapip_gg_fitv6_toyMC_100_415.log"> in cluster <centralcluster> Exited

Job <bash -c "basf2 etapip_gg_fit_v6_toymc_100.py 415 > /home/belle2/jaeyoung/storage_ghi/Ntuples_ghi_2/MC15ri_generic/MC15ri_etaetapip_tight_v2_240419_Kp_BCS_etapi0const/bsub_log//MC15ri_etapip_gg_fitv6_toyMC_100_415.log"> was submitted from host <ccw03> by user <jaeyoung> in cluster <centralcluster> at Mon Jul 22 00:50:55 2024
Job was executed on host(s) <ccb507>, in queue <s>, as user <jaeyoung> in cluster <centralcluster> at Mon Jul 22 00:52:30 2024
</home/belle2/jaeyoung> was used as the home directory.
</home/belle2/jaeyoung/workspace/DRAW_and_FITTING/main/FITTING/etapip/MC15ri_generic/tight_v2_fit_v6/ToyMC> was used as the working directory.
Started at Mon Jul 22 00:52:30 2024
Terminated at Mon Jul 22 01:09:52 2024
Results reported at Mon Jul 22 01:09:52 2024

Your job looked like:

------------------------------------------------------------
# LSBATCH: User input
bash -c "basf2 etapip_gg_fit_v6_toymc_100.py 415 > /home/belle2/jaeyoung/storage_ghi/Ntuples_ghi_2/MC15ri_generic/MC15ri_etaetapip_tight_v2_240419_Kp_BCS_etapi0const/bsub_log//MC15ri_etapip_gg_fitv6_toyMC_100_415.log"
------------------------------------------------------------

Exited with exit code 1.

Resource usage summary:

    CPU time :                                   1036.30 sec.
    Max Memory :                                 1260 MB
    Average Memory :                             1173.53 MB
    Total Requested Memory :                     4000.00 MB
    Delta Memory :                               2740.00 MB
    Max Swap :                                   -
    Max Processes :                              19
    Max Threads :                                20
    Run time :                                   1042 sec.
    Turnaround time :                            1137 sec.

The output (if any) follows:



PS:

Read file <./bsub_log/415.err> for stderr output of this job.

Sender: LSF System <lsfadmin@ccb508>
Subject: Job 53407300: <bash -c "basf2 etapip_gg_fit_v6_toymc_100.py 415 > /home/belle2/jaeyoung/storage_ghi/Ntuples_ghi_2/MC15ri_generic/MC15ri_etaetapip_tight_v2_240419_Kp_BCS_etapi0const/bsub_log//MC15ri_etapip_gg_fitv6_toyMC_100_415.log"> in cluster <centralcluster> Done

Job <bash -c "basf2 etapip_gg_fit_v6_toymc_100.py 415 > /home/belle2/jaeyoung/storage_ghi/Ntuples_ghi_2/MC15ri_generic/MC15ri_etaetapip_tight_v2_240419_Kp_BCS_etapi0const/bsub_log//MC15ri_etapip_gg_fitv6_toyMC_100_415.log"> was submitted from host <ccw06> by user <jaeyoung> in cluster <centralcluster> at Mon Jul 22 10:49:35 2024
Job was executed on host(s) <ccb508>, in queue <s>, as user <jaeyoung> in cluster <centralcluster> at Mon Jul 22 10:50:12 2024
</home/belle2/jaeyoung> was used as the home directory.
</home/belle2/jaeyoung/workspace/DRAW_and_FITTING/main/FITTING/etapip/MC15ri_generic/tight_v2_fit_v6/ToyMC> was used as the working directory.
Started at Mon Jul 22 10:50:12 2024
Terminated at Mon Jul 22 11:37:51 2024
Results reported at Mon Jul 22 11:37:51 2024

Your job looked like:

------------------------------------------------------------
# LSBATCH: User input
bash -c "basf2 etapip_gg_fit_v6_toymc_100.py 415 > /home/belle2/jaeyoung/storage_ghi/Ntuples_ghi_2/MC15ri_generic/MC15ri_etaetapip_tight_v2_240419_Kp_BCS_etapi0const/bsub_log//MC15ri_etapip_gg_fitv6_toyMC_100_415.log"
------------------------------------------------------------

Successfully completed.

Resource usage summary:

    CPU time :                                   2778.19 sec.
    Max Memory :                                 1311 MB
    Average Memory :                             939.13 MB
    Total Requested Memory :                     4000.00 MB
    Delta Memory :                               2689.00 MB
    Max Swap :                                   -
    Max Processes :                              19
    Max Threads :                                20
    Run time :                                   2858 sec.
    Turnaround time :                            2896 sec.

The output (if any) follows:



PS:

Read file <./bsub_log/415.err> for stderr output of this job.

Sender: LSF System <lsfadmin@ccb051>
Subject: Job 53599631: <bash -c "basf2 etapip_gg_fit_v6_toymc_100.py 415 > /home/belle2/jaeyoung/storage_ghi/Ntuples_ghi_2/MC15ri_generic/MC15ri_etaetapip_tight_v2_240419_Kp_BCS_etapi0const/bsub_log//MC15ri_etapip_gg_fitv6_toyMC_100_415.log"> in cluster <centralcluster> Done

Job <bash -c "basf2 etapip_gg_fit_v6_toymc_100.py 415 > /home/belle2/jaeyoung/storage_ghi/Ntuples_ghi_2/MC15ri_generic/MC15ri_etaetapip_tight_v2_240419_Kp_BCS_etapi0const/bsub_log//MC15ri_etapip_gg_fitv6_toyMC_100_415.log"> was submitted from host <ccw03> by user <jaeyoung> in cluster <centralcluster> at Mon Jul 22 18:35:47 2024
Job was executed on host(s) <ccb051>, in queue <s>, as user <jaeyoung> in cluster <centralcluster> at Mon Jul 22 18:37:48 2024
</home/belle2/jaeyoung> was used as the home directory.
</home/belle2/jaeyoung/workspace/DRAW_and_FITTING/main/FITTING/etapip/MC15ri_generic/tight_v2_fit_v6/ToyMC> was used as the working directory.
Started at Mon Jul 22 18:37:48 2024
Terminated at Mon Jul 22 19:25:48 2024
Results reported at Mon Jul 22 19:25:48 2024

Your job looked like:

------------------------------------------------------------
# LSBATCH: User input
bash -c "basf2 etapip_gg_fit_v6_toymc_100.py 415 > /home/belle2/jaeyoung/storage_ghi/Ntuples_ghi_2/MC15ri_generic/MC15ri_etaetapip_tight_v2_240419_Kp_BCS_etapi0const/bsub_log//MC15ri_etapip_gg_fitv6_toyMC_100_415.log"
------------------------------------------------------------

Successfully completed.

Resource usage summary:

    CPU time :                                   2854.74 sec.
    Max Memory :                                 1311 MB
    Average Memory :                             951.88 MB
    Total Requested Memory :                     4000.00 MB
    Delta Memory :                               2689.00 MB
    Max Swap :                                   -
    Max Processes :                              19
    Max Threads :                                20
    Run time :                                   2881 sec.
    Turnaround time :                            3001 sec.

The output (if any) follows:



PS:

Read file <./bsub_log/415.err> for stderr output of this job.

Sender: LSF System <lsfadmin@ccb560>
Subject: Job 53832906: <bash -c "basf2 etapip_gg_fit_v6_toymc_100.py 415 > /home/belle2/jaeyoung/storage_ghi/Ntuples_ghi_2/MC15ri_generic/MC15ri_etaetapip_tight_v2_240419_Kp_BCS_etapi0const/bsub_log//MC15ri_etapip_gg_fitv6_toyMC_100_415.log"> in cluster <centralcluster> Done

Job <bash -c "basf2 etapip_gg_fit_v6_toymc_100.py 415 > /home/belle2/jaeyoung/storage_ghi/Ntuples_ghi_2/MC15ri_generic/MC15ri_etaetapip_tight_v2_240419_Kp_BCS_etapi0const/bsub_log//MC15ri_etapip_gg_fitv6_toyMC_100_415.log"> was submitted from host <ccw05> by user <jaeyoung> in cluster <centralcluster> at Tue Jul 23 00:50:46 2024
Job was executed on host(s) <ccb560>, in queue <s>, as user <jaeyoung> in cluster <centralcluster> at Tue Jul 23 00:51:02 2024
</home/belle2/jaeyoung> was used as the home directory.
</home/belle2/jaeyoung/workspace/DRAW_and_FITTING/main/FITTING/etapip/MC15ri_generic/tight_v2_fit_v6/ToyMC> was used as the working directory.
Started at Tue Jul 23 00:51:02 2024
Terminated at Tue Jul 23 01:38:48 2024
Results reported at Tue Jul 23 01:38:48 2024

Your job looked like:

------------------------------------------------------------
# LSBATCH: User input
bash -c "basf2 etapip_gg_fit_v6_toymc_100.py 415 > /home/belle2/jaeyoung/storage_ghi/Ntuples_ghi_2/MC15ri_generic/MC15ri_etaetapip_tight_v2_240419_Kp_BCS_etapi0const/bsub_log//MC15ri_etapip_gg_fitv6_toyMC_100_415.log"
------------------------------------------------------------

Successfully completed.

Resource usage summary:

    CPU time :                                   2837.44 sec.
    Max Memory :                                 1311 MB
    Average Memory :                             952.58 MB
    Total Requested Memory :                     4000.00 MB
    Delta Memory :                               2689.00 MB
    Max Swap :                                   -
    Max Processes :                              19
    Max Threads :                                20
    Run time :                                   2866 sec.
    Turnaround time :                            2882 sec.

The output (if any) follows:



PS:

Read file <./bsub_log/415.err> for stderr output of this job.

Sender: LSF System <lsfadmin@ccb093>
Subject: Job 54398504: <bash -c "basf2 etapip_gg_fit_v6_toymc_100.py 415 > /home/belle2/jaeyoung/storage_ghi/Ntuples_ghi_2/MC15ri_generic/MC15ri_etaetapip_tight_v2_240419_Kp_BCS_etapi0const/bsub_log//MC15ri_etapip_gg_fitv6_toyMC_100_415.log"> in cluster <centralcluster> Done

Job <bash -c "basf2 etapip_gg_fit_v6_toymc_100.py 415 > /home/belle2/jaeyoung/storage_ghi/Ntuples_ghi_2/MC15ri_generic/MC15ri_etaetapip_tight_v2_240419_Kp_BCS_etapi0const/bsub_log//MC15ri_etapip_gg_fitv6_toyMC_100_415.log"> was submitted from host <ccw04> by user <jaeyoung> in cluster <centralcluster> at Tue Jul 23 18:00:01 2024
Job was executed on host(s) <ccb093>, in queue <s>, as user <jaeyoung> in cluster <centralcluster> at Tue Jul 23 18:47:06 2024
</home/belle2/jaeyoung> was used as the home directory.
</home/belle2/jaeyoung/workspace/DRAW_and_FITTING/main/FITTING/etapip/MC15ri_generic/tight_v2_fit_v6/ToyMC> was used as the working directory.
Started at Tue Jul 23 18:47:06 2024
Terminated at Tue Jul 23 19:33:14 2024
Results reported at Tue Jul 23 19:33:14 2024

Your job looked like:

------------------------------------------------------------
# LSBATCH: User input
bash -c "basf2 etapip_gg_fit_v6_toymc_100.py 415 > /home/belle2/jaeyoung/storage_ghi/Ntuples_ghi_2/MC15ri_generic/MC15ri_etaetapip_tight_v2_240419_Kp_BCS_etapi0const/bsub_log//MC15ri_etapip_gg_fitv6_toyMC_100_415.log"
------------------------------------------------------------

Successfully completed.

Resource usage summary:

    CPU time :                                   2755.83 sec.
    Max Memory :                                 1313 MB
    Average Memory :                             948.73 MB
    Total Requested Memory :                     4000.00 MB
    Delta Memory :                               2687.00 MB
    Max Swap :                                   -
    Max Processes :                              19
    Max Threads :                                20
    Run time :                                   2767 sec.
    Turnaround time :                            5593 sec.

The output (if any) follows:



PS:

Read file <./bsub_log/415.err> for stderr output of this job.

Sender: LSF System <lsfadmin@ccb183>
Subject: Job 54471188: <bash -c "basf2 etapip_gg_fit_v6_toymc_100.py 415 > /home/belle2/jaeyoung/storage_ghi/Ntuples_ghi_2/MC15ri_generic/MC15ri_etaetapip_tight_v2_240419_Kp_BCS_etapi0const/bsub_log//MC15ri_etapip_gg_fitv6_toyMC_100_415.log"> in cluster <centralcluster> Done

Job <bash -c "basf2 etapip_gg_fit_v6_toymc_100.py 415 > /home/belle2/jaeyoung/storage_ghi/Ntuples_ghi_2/MC15ri_generic/MC15ri_etaetapip_tight_v2_240419_Kp_BCS_etapi0const/bsub_log//MC15ri_etapip_gg_fitv6_toyMC_100_415.log"> was submitted from host <ccw03> by user <jaeyoung> in cluster <centralcluster> at Tue Jul 23 19:38:55 2024
Job was executed on host(s) <ccb183>, in queue <s>, as user <jaeyoung> in cluster <centralcluster> at Tue Jul 23 19:39:04 2024
</home/belle2/jaeyoung> was used as the home directory.
</home/belle2/jaeyoung/workspace/DRAW_and_FITTING/main/FITTING/etapip/MC15ri_generic/tight_v2_fit_v6/ToyMC> was used as the working directory.
Started at Tue Jul 23 19:39:04 2024
Terminated at Tue Jul 23 20:25:43 2024
Results reported at Tue Jul 23 20:25:43 2024

Your job looked like:

------------------------------------------------------------
# LSBATCH: User input
bash -c "basf2 etapip_gg_fit_v6_toymc_100.py 415 > /home/belle2/jaeyoung/storage_ghi/Ntuples_ghi_2/MC15ri_generic/MC15ri_etaetapip_tight_v2_240419_Kp_BCS_etapi0const/bsub_log//MC15ri_etapip_gg_fitv6_toyMC_100_415.log"
------------------------------------------------------------

Successfully completed.

Resource usage summary:

    CPU time :                                   2787.64 sec.
    Max Memory :                                 1311 MB
    Average Memory :                             938.55 MB
    Total Requested Memory :                     4000.00 MB
    Delta Memory :                               2689.00 MB
    Max Swap :                                   -
    Max Processes :                              19
    Max Threads :                                20
    Run time :                                   2798 sec.
    Turnaround time :                            2808 sec.

The output (if any) follows:



PS:

Read file <./bsub_log/415.err> for stderr output of this job.

Sender: LSF System <lsfadmin@ccb181>
Subject: Job 55516208: <bash -c "basf2 etapip_gg_fit_v6_toymc_100.py 415 > /home/belle2/jaeyoung/storage_ghi/Ntuples_ghi_2/MC15ri_generic/MC15ri_etaetapip_tight_v2_240419_Kp_BCS_etapi0const/bsub_log//MC15ri_etapip_gg_fitv6_toyMC_100_415.log"> in cluster <centralcluster> Done

Job <bash -c "basf2 etapip_gg_fit_v6_toymc_100.py 415 > /home/belle2/jaeyoung/storage_ghi/Ntuples_ghi_2/MC15ri_generic/MC15ri_etaetapip_tight_v2_240419_Kp_BCS_etapi0const/bsub_log//MC15ri_etapip_gg_fitv6_toyMC_100_415.log"> was submitted from host <ccw01> by user <jaeyoung> in cluster <centralcluster> at Thu Jul 25 20:51:49 2024
Job was executed on host(s) <ccb181>, in queue <s>, as user <jaeyoung> in cluster <centralcluster> at Thu Jul 25 20:51:53 2024
</home/belle2/jaeyoung> was used as the home directory.
</gpfs/home/belle2/jaeyoung/workspace/DRAW_and_FITTING/main/FITTING/etapip/MC15ri_generic/tight_v2_fit_v6/ToyMC> was used as the working directory.
Started at Thu Jul 25 20:51:53 2024
Terminated at Thu Jul 25 21:40:07 2024
Results reported at Thu Jul 25 21:40:07 2024

Your job looked like:

------------------------------------------------------------
# LSBATCH: User input
bash -c "basf2 etapip_gg_fit_v6_toymc_100.py 415 > /home/belle2/jaeyoung/storage_ghi/Ntuples_ghi_2/MC15ri_generic/MC15ri_etaetapip_tight_v2_240419_Kp_BCS_etapi0const/bsub_log//MC15ri_etapip_gg_fitv6_toyMC_100_415.log"
------------------------------------------------------------

Successfully completed.

Resource usage summary:

    CPU time :                                   2868.17 sec.
    Max Memory :                                 1314 MB
    Average Memory :                             963.61 MB
    Total Requested Memory :                     4000.00 MB
    Delta Memory :                               2686.00 MB
    Max Swap :                                   -
    Max Processes :                              19
    Max Threads :                                20
    Run time :                                   2895 sec.
    Turnaround time :                            2898 sec.

The output (if any) follows:



PS:

Read file <./bsub_log/415.err> for stderr output of this job.

Sender: LSF System <lsfadmin@ccb169>
Subject: Job 56103831: <bash -c "basf2 etapip_gg_fit_v6_toymc_100.py 415 > /home/belle2/jaeyoung/storage_ghi/Ntuples_ghi_2/MC15ri_generic/MC15ri_etaetapip_tight_v2_240419_Kp_BCS_etapi0const/bsub_log//MC15ri_etapip_gg_fitv6_toyMC_100_415.log"> in cluster <centralcluster> Done

Job <bash -c "basf2 etapip_gg_fit_v6_toymc_100.py 415 > /home/belle2/jaeyoung/storage_ghi/Ntuples_ghi_2/MC15ri_generic/MC15ri_etaetapip_tight_v2_240419_Kp_BCS_etapi0const/bsub_log//MC15ri_etapip_gg_fitv6_toyMC_100_415.log"> was submitted from host <ccw06> by user <jaeyoung> in cluster <centralcluster> at Fri Jul 26 23:44:33 2024
Job was executed on host(s) <ccb169>, in queue <s>, as user <jaeyoung> in cluster <centralcluster> at Sat Jul 27 00:24:19 2024
</home/belle2/jaeyoung> was used as the home directory.
</home/belle2/jaeyoung/workspace/DRAW_and_FITTING/main/FITTING/etapip/MC15ri_generic/tight_v2_fit_v6/ToyMC> was used as the working directory.
Started at Sat Jul 27 00:24:19 2024
Terminated at Sat Jul 27 00:58:18 2024
Results reported at Sat Jul 27 00:58:18 2024

Your job looked like:

------------------------------------------------------------
# LSBATCH: User input
bash -c "basf2 etapip_gg_fit_v6_toymc_100.py 415 > /home/belle2/jaeyoung/storage_ghi/Ntuples_ghi_2/MC15ri_generic/MC15ri_etaetapip_tight_v2_240419_Kp_BCS_etapi0const/bsub_log//MC15ri_etapip_gg_fitv6_toyMC_100_415.log"
------------------------------------------------------------

Successfully completed.

Resource usage summary:

    CPU time :                                   1955.16 sec.
    Max Memory :                                 951 MB
    Average Memory :                             676.81 MB
    Total Requested Memory :                     4000.00 MB
    Delta Memory :                               3049.00 MB
    Max Swap :                                   -
    Max Processes :                              19
    Max Threads :                                20
    Run time :                                   2040 sec.
    Turnaround time :                            4425 sec.

The output (if any) follows:



PS:

Read file <./bsub_log/415.err> for stderr output of this job.

Sender: LSF System <lsfadmin@ccb158>
Subject: Job 56133789: <bash -c "basf2 etapip_gg_fit_v6_toymc_100.py 415 > /home/belle2/jaeyoung/storage_ghi/Ntuples_ghi_2/MC15ri_generic/MC15ri_etaetapip_tight_v2_240419_Kp_BCS_etapi0const/bsub_log//MC15ri_etapip_gg_fitv6_toyMC_100_415.log"> in cluster <centralcluster> Done

Job <bash -c "basf2 etapip_gg_fit_v6_toymc_100.py 415 > /home/belle2/jaeyoung/storage_ghi/Ntuples_ghi_2/MC15ri_generic/MC15ri_etaetapip_tight_v2_240419_Kp_BCS_etapi0const/bsub_log//MC15ri_etapip_gg_fitv6_toyMC_100_415.log"> was submitted from host <ccw03> by user <jaeyoung> in cluster <centralcluster> at Sat Jul 27 01:14:01 2024
Job was executed on host(s) <ccb158>, in queue <s>, as user <jaeyoung> in cluster <centralcluster> at Sat Jul 27 03:05:39 2024
</home/belle2/jaeyoung> was used as the home directory.
</gpfs/home/belle2/jaeyoung/workspace/DRAW_and_FITTING/main/FITTING/etapip/MC15ri_generic/tight_v2_fit_v6/ToyMC> was used as the working directory.
Started at Sat Jul 27 03:05:39 2024
Terminated at Sat Jul 27 03:45:48 2024
Results reported at Sat Jul 27 03:45:48 2024

Your job looked like:

------------------------------------------------------------
# LSBATCH: User input
bash -c "basf2 etapip_gg_fit_v6_toymc_100.py 415 > /home/belle2/jaeyoung/storage_ghi/Ntuples_ghi_2/MC15ri_generic/MC15ri_etaetapip_tight_v2_240419_Kp_BCS_etapi0const/bsub_log//MC15ri_etapip_gg_fitv6_toyMC_100_415.log"
------------------------------------------------------------

Successfully completed.

Resource usage summary:

    CPU time :                                   2367.60 sec.
    Max Memory :                                 919 MB
    Average Memory :                             658.77 MB
    Total Requested Memory :                     4000.00 MB
    Delta Memory :                               3081.00 MB
    Max Swap :                                   -
    Max Processes :                              19
    Max Threads :                                20
    Run time :                                   2410 sec.
    Turnaround time :                            9107 sec.

The output (if any) follows:



PS:

Read file <./bsub_log/415.err> for stderr output of this job.

Sender: LSF System <lsfadmin@ccb195>
Subject: Job 57220819: <bash -c "basf2 etapip_gg_fit_v6_toymc_100.py 415 > /home/belle2/jaeyoung/storage_ghi/Ntuples_ghi_2/MC15ri_generic/MC15ri_etaetapip_tight_v2_240419_Kp_BCS_etapi0const/bsub_log//MC15ri_etapip_gg_fitv6_toyMC_100_415.log"> in cluster <centralcluster> Exited

Job <bash -c "basf2 etapip_gg_fit_v6_toymc_100.py 415 > /home/belle2/jaeyoung/storage_ghi/Ntuples_ghi_2/MC15ri_generic/MC15ri_etaetapip_tight_v2_240419_Kp_BCS_etapi0const/bsub_log//MC15ri_etapip_gg_fitv6_toyMC_100_415.log"> was submitted from host <ccx03> by user <jaeyoung> in cluster <centralcluster> at Mon Jul 29 18:46:15 2024
Job was executed on host(s) <ccb195>, in queue <s>, as user <jaeyoung> in cluster <centralcluster> at Mon Jul 29 18:46:20 2024
</home/belle2/jaeyoung> was used as the home directory.
</gpfs/home/belle2/jaeyoung/workspace/DRAW_and_FITTING/main/FITTING/etapip/MC15ri_generic/tight_v2_fit_v6/ToyMC> was used as the working directory.
Started at Mon Jul 29 18:46:20 2024
Terminated at Mon Jul 29 19:50:06 2024
Results reported at Mon Jul 29 19:50:06 2024

Your job looked like:

------------------------------------------------------------
# LSBATCH: User input
bash -c "basf2 etapip_gg_fit_v6_toymc_100.py 415 > /home/belle2/jaeyoung/storage_ghi/Ntuples_ghi_2/MC15ri_generic/MC15ri_etaetapip_tight_v2_240419_Kp_BCS_etapi0const/bsub_log//MC15ri_etapip_gg_fitv6_toyMC_100_415.log"
------------------------------------------------------------

Exited with exit code 1.

Resource usage summary:

    CPU time :                                   3750.42 sec.
    Max Memory :                                 1399 MB
    Average Memory :                             1037.86 MB
    Total Requested Memory :                     4000.00 MB
    Delta Memory :                               2601.00 MB
    Max Swap :                                   -
    Max Processes :                              19
    Max Threads :                                20
    Run time :                                   3827 sec.
    Turnaround time :                            3831 sec.

The output (if any) follows:



PS:

Read file <./bsub_log/415.err> for stderr output of this job.

Sender: LSF System <lsfadmin@ccb235>
Subject: Job 57308816: <bash -c "basf2 etapip_gg_fit_v6_toymc_100.py 415 > /home/belle2/jaeyoung/storage_ghi/Ntuples_ghi_2/MC15ri_generic/MC15ri_etaetapip_tight_v2_240419_Kp_BCS_etapi0const/bsub_log//MC15ri_etapip_gg_fitv6_toyMC_100_415.log"> in cluster <centralcluster> Done

Job <bash -c "basf2 etapip_gg_fit_v6_toymc_100.py 415 > /home/belle2/jaeyoung/storage_ghi/Ntuples_ghi_2/MC15ri_generic/MC15ri_etaetapip_tight_v2_240419_Kp_BCS_etapi0const/bsub_log//MC15ri_etapip_gg_fitv6_toyMC_100_415.log"> was submitted from host <ccw03> by user <jaeyoung> in cluster <centralcluster> at Mon Jul 29 23:03:29 2024
Job was executed on host(s) <ccb235>, in queue <s>, as user <jaeyoung> in cluster <centralcluster> at Mon Jul 29 23:04:42 2024
</home/belle2/jaeyoung> was used as the home directory.
</home/belle2/jaeyoung/workspace/DRAW_and_FITTING/main/FITTING/etapip/MC15ri_generic/tight_v2_fit_v6/ToyMC> was used as the working directory.
Started at Mon Jul 29 23:04:42 2024
Terminated at Tue Jul 30 00:09:34 2024
Results reported at Tue Jul 30 00:09:34 2024

Your job looked like:

------------------------------------------------------------
# LSBATCH: User input
bash -c "basf2 etapip_gg_fit_v6_toymc_100.py 415 > /home/belle2/jaeyoung/storage_ghi/Ntuples_ghi_2/MC15ri_generic/MC15ri_etaetapip_tight_v2_240419_Kp_BCS_etapi0const/bsub_log//MC15ri_etapip_gg_fitv6_toyMC_100_415.log"
------------------------------------------------------------

Successfully completed.

Resource usage summary:

    CPU time :                                   3863.44 sec.
    Max Memory :                                 1394 MB
    Average Memory :                             1025.24 MB
    Total Requested Memory :                     4000.00 MB
    Delta Memory :                               2606.00 MB
    Max Swap :                                   -
    Max Processes :                              19
    Max Threads :                                20
    Run time :                                   3891 sec.
    Turnaround time :                            3965 sec.

The output (if any) follows:



PS:

Read file <./bsub_log/415.err> for stderr output of this job.

Sender: LSF System <lsfadmin@ccb275>
Subject: Job 57390371: <bash -c "basf2 etapip_gg_fit_v6_toymc_100.py 415 > /home/belle2/jaeyoung/storage_ghi/Ntuples_ghi_2/MC15ri_generic/MC15ri_etaetapip_tight_v2_240419_Kp_BCS_etapi0const/bsub_log//MC15ri_etapip_gg_fitv6_toyMC_100_415.log"> in cluster <centralcluster> Done

Job <bash -c "basf2 etapip_gg_fit_v6_toymc_100.py 415 > /home/belle2/jaeyoung/storage_ghi/Ntuples_ghi_2/MC15ri_generic/MC15ri_etaetapip_tight_v2_240419_Kp_BCS_etapi0const/bsub_log//MC15ri_etapip_gg_fitv6_toyMC_100_415.log"> was submitted from host <ccw03> by user <jaeyoung> in cluster <centralcluster> at Tue Jul 30 01:17:52 2024
Job was executed on host(s) <ccb275>, in queue <s>, as user <jaeyoung> in cluster <centralcluster> at Tue Jul 30 01:19:16 2024
</home/belle2/jaeyoung> was used as the home directory.
</home/belle2/jaeyoung/workspace/DRAW_and_FITTING/main/FITTING/etapip/MC15ri_generic/tight_v2_fit_v6/ToyMC> was used as the working directory.
Started at Tue Jul 30 01:19:16 2024
Terminated at Tue Jul 30 02:22:44 2024
Results reported at Tue Jul 30 02:22:44 2024

Your job looked like:

------------------------------------------------------------
# LSBATCH: User input
bash -c "basf2 etapip_gg_fit_v6_toymc_100.py 415 > /home/belle2/jaeyoung/storage_ghi/Ntuples_ghi_2/MC15ri_generic/MC15ri_etaetapip_tight_v2_240419_Kp_BCS_etapi0const/bsub_log//MC15ri_etapip_gg_fitv6_toyMC_100_415.log"
------------------------------------------------------------

Successfully completed.

Resource usage summary:

    CPU time :                                   3783.93 sec.
    Max Memory :                                 1427 MB
    Average Memory :                             1039.18 MB
    Total Requested Memory :                     4000.00 MB
    Delta Memory :                               2573.00 MB
    Max Swap :                                   -
    Max Processes :                              19
    Max Threads :                                20
    Run time :                                   3808 sec.
    Turnaround time :                            3892 sec.

The output (if any) follows:



PS:

Read file <./bsub_log/415.err> for stderr output of this job.

