Sender: LSF System <lsfadmin@ccb038>
Subject: Job 52359678: <bash -c "basf2 etapip_gg_fit_v6_toymc_100.py 420 > /home/belle2/jaeyoung/storage_ghi/Ntuples_ghi_2/MC15ri_generic/MC15ri_etaetapip_tight_v2_240419_Kp_BCS_etapi0const/bsub_log//MC15ri_etapip_gg_fitv6_toyMC_100_420.log"> in cluster <centralcluster> Done

Job <bash -c "basf2 etapip_gg_fit_v6_toymc_100.py 420 > /home/belle2/jaeyoung/storage_ghi/Ntuples_ghi_2/MC15ri_generic/MC15ri_etaetapip_tight_v2_240419_Kp_BCS_etapi0const/bsub_log//MC15ri_etapip_gg_fitv6_toyMC_100_420.log"> was submitted from host <ccw02> by user <jaeyoung> in cluster <centralcluster> at Sat Jul 20 14:40:28 2024
Job was executed on host(s) <ccb038>, in queue <s>, as user <jaeyoung> in cluster <centralcluster> at Sat Jul 20 14:44:42 2024
</home/belle2/jaeyoung> was used as the home directory.
</home/belle2/jaeyoung/workspace/DRAW_and_FITTING/main/FITTING/etapip/MC15ri_generic/tight_v2_fit_v6/ToyMC> was used as the working directory.
Started at Sat Jul 20 14:44:42 2024
Terminated at Sat Jul 20 15:31:34 2024
Results reported at Sat Jul 20 15:31:34 2024

Your job looked like:

------------------------------------------------------------
# LSBATCH: User input
bash -c "basf2 etapip_gg_fit_v6_toymc_100.py 420 > /home/belle2/jaeyoung/storage_ghi/Ntuples_ghi_2/MC15ri_generic/MC15ri_etaetapip_tight_v2_240419_Kp_BCS_etapi0const/bsub_log//MC15ri_etapip_gg_fitv6_toyMC_100_420.log"
------------------------------------------------------------

Successfully completed.

Resource usage summary:

    CPU time :                                   2769.15 sec.
    Max Memory :                                 1323 MB
    Average Memory :                             982.00 MB
    Total Requested Memory :                     4000.00 MB
    Delta Memory :                               2677.00 MB
    Max Swap :                                   -
    Max Processes :                              19
    Max Threads :                                20
    Run time :                                   2812 sec.
    Turnaround time :                            3066 sec.

The output (if any) follows:



PS:

Read file <./bsub_log/420.err> for stderr output of this job.

Sender: LSF System <lsfadmin@ccb513>
Subject: Job 53030641: <bash -c "basf2 etapip_gg_fit_v6_toymc_100.py 420 > /home/belle2/jaeyoung/storage_ghi/Ntuples_ghi_2/MC15ri_generic/MC15ri_etaetapip_tight_v2_240419_Kp_BCS_etapi0const/bsub_log//MC15ri_etapip_gg_fitv6_toyMC_100_420.log"> in cluster <centralcluster> Done

Job <bash -c "basf2 etapip_gg_fit_v6_toymc_100.py 420 > /home/belle2/jaeyoung/storage_ghi/Ntuples_ghi_2/MC15ri_generic/MC15ri_etaetapip_tight_v2_240419_Kp_BCS_etapi0const/bsub_log//MC15ri_etapip_gg_fitv6_toyMC_100_420.log"> was submitted from host <ccw03> by user <jaeyoung> in cluster <centralcluster> at Sun Jul 21 17:31:50 2024
Job was executed on host(s) <ccb513>, in queue <s>, as user <jaeyoung> in cluster <centralcluster> at Sun Jul 21 17:32:33 2024
</home/belle2/jaeyoung> was used as the home directory.
</home/belle2/jaeyoung/workspace/DRAW_and_FITTING/main/FITTING/etapip/MC15ri_generic/tight_v2_fit_v6/ToyMC> was used as the working directory.
Started at Sun Jul 21 17:32:33 2024
Terminated at Sun Jul 21 18:19:14 2024
Results reported at Sun Jul 21 18:19:14 2024

Your job looked like:

------------------------------------------------------------
# LSBATCH: User input
bash -c "basf2 etapip_gg_fit_v6_toymc_100.py 420 > /home/belle2/jaeyoung/storage_ghi/Ntuples_ghi_2/MC15ri_generic/MC15ri_etaetapip_tight_v2_240419_Kp_BCS_etapi0const/bsub_log//MC15ri_etapip_gg_fitv6_toyMC_100_420.log"
------------------------------------------------------------

Successfully completed.

Resource usage summary:

    CPU time :                                   2788.40 sec.
    Max Memory :                                 1312 MB
    Average Memory :                             948.52 MB
    Total Requested Memory :                     4000.00 MB
    Delta Memory :                               2688.00 MB
    Max Swap :                                   -
    Max Processes :                              19
    Max Threads :                                20
    Run time :                                   2801 sec.
    Turnaround time :                            2844 sec.

The output (if any) follows:



PS:

Read file <./bsub_log/420.err> for stderr output of this job.

Sender: LSF System <lsfadmin@ccb265>
Subject: Job 53203121: <bash -c "basf2 etapip_gg_fit_v6_toymc_100.py 420 > /home/belle2/jaeyoung/storage_ghi/Ntuples_ghi_2/MC15ri_generic/MC15ri_etaetapip_tight_v2_240419_Kp_BCS_etapi0const/bsub_log//MC15ri_etapip_gg_fitv6_toyMC_100_420.log"> in cluster <centralcluster> Exited

Job <bash -c "basf2 etapip_gg_fit_v6_toymc_100.py 420 > /home/belle2/jaeyoung/storage_ghi/Ntuples_ghi_2/MC15ri_generic/MC15ri_etaetapip_tight_v2_240419_Kp_BCS_etapi0const/bsub_log//MC15ri_etapip_gg_fitv6_toyMC_100_420.log"> was submitted from host <ccw03> by user <jaeyoung> in cluster <centralcluster> at Mon Jul 22 00:50:57 2024
Job was executed on host(s) <ccb265>, in queue <s>, as user <jaeyoung> in cluster <centralcluster> at Mon Jul 22 00:52:33 2024
</home/belle2/jaeyoung> was used as the home directory.
</home/belle2/jaeyoung/workspace/DRAW_and_FITTING/main/FITTING/etapip/MC15ri_generic/tight_v2_fit_v6/ToyMC> was used as the working directory.
Started at Mon Jul 22 00:52:33 2024
Terminated at Mon Jul 22 01:08:48 2024
Results reported at Mon Jul 22 01:08:48 2024

Your job looked like:

------------------------------------------------------------
# LSBATCH: User input
bash -c "basf2 etapip_gg_fit_v6_toymc_100.py 420 > /home/belle2/jaeyoung/storage_ghi/Ntuples_ghi_2/MC15ri_generic/MC15ri_etaetapip_tight_v2_240419_Kp_BCS_etapi0const/bsub_log//MC15ri_etapip_gg_fitv6_toyMC_100_420.log"
------------------------------------------------------------

Exited with exit code 1.

Resource usage summary:

    CPU time :                                   970.34 sec.
    Max Memory :                                 1253 MB
    Average Memory :                             1168.34 MB
    Total Requested Memory :                     4000.00 MB
    Delta Memory :                               2747.00 MB
    Max Swap :                                   -
    Max Processes :                              19
    Max Threads :                                20
    Run time :                                   976 sec.
    Turnaround time :                            1071 sec.

The output (if any) follows:



PS:

Read file <./bsub_log/420.err> for stderr output of this job.

Sender: LSF System <lsfadmin@ccb130>
Subject: Job 53407311: <bash -c "basf2 etapip_gg_fit_v6_toymc_100.py 420 > /home/belle2/jaeyoung/storage_ghi/Ntuples_ghi_2/MC15ri_generic/MC15ri_etaetapip_tight_v2_240419_Kp_BCS_etapi0const/bsub_log//MC15ri_etapip_gg_fitv6_toyMC_100_420.log"> in cluster <centralcluster> Done

Job <bash -c "basf2 etapip_gg_fit_v6_toymc_100.py 420 > /home/belle2/jaeyoung/storage_ghi/Ntuples_ghi_2/MC15ri_generic/MC15ri_etaetapip_tight_v2_240419_Kp_BCS_etapi0const/bsub_log//MC15ri_etapip_gg_fitv6_toyMC_100_420.log"> was submitted from host <ccw06> by user <jaeyoung> in cluster <centralcluster> at Mon Jul 22 10:49:36 2024
Job was executed on host(s) <ccb130>, in queue <s>, as user <jaeyoung> in cluster <centralcluster> at Mon Jul 22 10:50:14 2024
</home/belle2/jaeyoung> was used as the home directory.
</home/belle2/jaeyoung/workspace/DRAW_and_FITTING/main/FITTING/etapip/MC15ri_generic/tight_v2_fit_v6/ToyMC> was used as the working directory.
Started at Mon Jul 22 10:50:14 2024
Terminated at Mon Jul 22 11:38:23 2024
Results reported at Mon Jul 22 11:38:23 2024

Your job looked like:

------------------------------------------------------------
# LSBATCH: User input
bash -c "basf2 etapip_gg_fit_v6_toymc_100.py 420 > /home/belle2/jaeyoung/storage_ghi/Ntuples_ghi_2/MC15ri_generic/MC15ri_etaetapip_tight_v2_240419_Kp_BCS_etapi0const/bsub_log//MC15ri_etapip_gg_fitv6_toyMC_100_420.log"
------------------------------------------------------------

Successfully completed.

Resource usage summary:

    CPU time :                                   2796.68 sec.
    Max Memory :                                 1311 MB
    Average Memory :                             961.85 MB
    Total Requested Memory :                     4000.00 MB
    Delta Memory :                               2689.00 MB
    Max Swap :                                   -
    Max Processes :                              19
    Max Threads :                                20
    Run time :                                   2889 sec.
    Turnaround time :                            2927 sec.

The output (if any) follows:



PS:

Read file <./bsub_log/420.err> for stderr output of this job.

Sender: LSF System <lsfadmin@ccb065>
Subject: Job 53599650: <bash -c "basf2 etapip_gg_fit_v6_toymc_100.py 420 > /home/belle2/jaeyoung/storage_ghi/Ntuples_ghi_2/MC15ri_generic/MC15ri_etaetapip_tight_v2_240419_Kp_BCS_etapi0const/bsub_log//MC15ri_etapip_gg_fitv6_toyMC_100_420.log"> in cluster <centralcluster> Done

Job <bash -c "basf2 etapip_gg_fit_v6_toymc_100.py 420 > /home/belle2/jaeyoung/storage_ghi/Ntuples_ghi_2/MC15ri_generic/MC15ri_etaetapip_tight_v2_240419_Kp_BCS_etapi0const/bsub_log//MC15ri_etapip_gg_fitv6_toyMC_100_420.log"> was submitted from host <ccw03> by user <jaeyoung> in cluster <centralcluster> at Mon Jul 22 18:35:49 2024
Job was executed on host(s) <ccb065>, in queue <s>, as user <jaeyoung> in cluster <centralcluster> at Mon Jul 22 18:37:51 2024
</home/belle2/jaeyoung> was used as the home directory.
</home/belle2/jaeyoung/workspace/DRAW_and_FITTING/main/FITTING/etapip/MC15ri_generic/tight_v2_fit_v6/ToyMC> was used as the working directory.
Started at Mon Jul 22 18:37:51 2024
Terminated at Mon Jul 22 19:24:38 2024
Results reported at Mon Jul 22 19:24:38 2024

Your job looked like:

------------------------------------------------------------
# LSBATCH: User input
bash -c "basf2 etapip_gg_fit_v6_toymc_100.py 420 > /home/belle2/jaeyoung/storage_ghi/Ntuples_ghi_2/MC15ri_generic/MC15ri_etaetapip_tight_v2_240419_Kp_BCS_etapi0const/bsub_log//MC15ri_etapip_gg_fitv6_toyMC_100_420.log"
------------------------------------------------------------

Successfully completed.

Resource usage summary:

    CPU time :                                   2798.98 sec.
    Max Memory :                                 1311 MB
    Average Memory :                             948.15 MB
    Total Requested Memory :                     4000.00 MB
    Delta Memory :                               2689.00 MB
    Max Swap :                                   -
    Max Processes :                              19
    Max Threads :                                20
    Run time :                                   2808 sec.
    Turnaround time :                            2929 sec.

The output (if any) follows:



PS:

Read file <./bsub_log/420.err> for stderr output of this job.

Sender: LSF System <lsfadmin@ccb050>
Subject: Job 53832927: <bash -c "basf2 etapip_gg_fit_v6_toymc_100.py 420 > /home/belle2/jaeyoung/storage_ghi/Ntuples_ghi_2/MC15ri_generic/MC15ri_etaetapip_tight_v2_240419_Kp_BCS_etapi0const/bsub_log//MC15ri_etapip_gg_fitv6_toyMC_100_420.log"> in cluster <centralcluster> Done

Job <bash -c "basf2 etapip_gg_fit_v6_toymc_100.py 420 > /home/belle2/jaeyoung/storage_ghi/Ntuples_ghi_2/MC15ri_generic/MC15ri_etaetapip_tight_v2_240419_Kp_BCS_etapi0const/bsub_log//MC15ri_etapip_gg_fitv6_toyMC_100_420.log"> was submitted from host <ccw05> by user <jaeyoung> in cluster <centralcluster> at Tue Jul 23 00:50:48 2024
Job was executed on host(s) <ccb050>, in queue <s>, as user <jaeyoung> in cluster <centralcluster> at Tue Jul 23 00:51:03 2024
</home/belle2/jaeyoung> was used as the home directory.
</home/belle2/jaeyoung/workspace/DRAW_and_FITTING/main/FITTING/etapip/MC15ri_generic/tight_v2_fit_v6/ToyMC> was used as the working directory.
Started at Tue Jul 23 00:51:03 2024
Terminated at Tue Jul 23 01:36:40 2024
Results reported at Tue Jul 23 01:36:40 2024

Your job looked like:

------------------------------------------------------------
# LSBATCH: User input
bash -c "basf2 etapip_gg_fit_v6_toymc_100.py 420 > /home/belle2/jaeyoung/storage_ghi/Ntuples_ghi_2/MC15ri_generic/MC15ri_etaetapip_tight_v2_240419_Kp_BCS_etapi0const/bsub_log//MC15ri_etapip_gg_fitv6_toyMC_100_420.log"
------------------------------------------------------------

Successfully completed.

Resource usage summary:

    CPU time :                                   2722.64 sec.
    Max Memory :                                 1311 MB
    Average Memory :                             947.58 MB
    Total Requested Memory :                     4000.00 MB
    Delta Memory :                               2689.00 MB
    Max Swap :                                   -
    Max Processes :                              19
    Max Threads :                                20
    Run time :                                   2736 sec.
    Turnaround time :                            2752 sec.

The output (if any) follows:



PS:

Read file <./bsub_log/420.err> for stderr output of this job.

Sender: LSF System <lsfadmin@ccb121>
Subject: Job 54398527: <bash -c "basf2 etapip_gg_fit_v6_toymc_100.py 420 > /home/belle2/jaeyoung/storage_ghi/Ntuples_ghi_2/MC15ri_generic/MC15ri_etaetapip_tight_v2_240419_Kp_BCS_etapi0const/bsub_log//MC15ri_etapip_gg_fitv6_toyMC_100_420.log"> in cluster <centralcluster> Done

Job <bash -c "basf2 etapip_gg_fit_v6_toymc_100.py 420 > /home/belle2/jaeyoung/storage_ghi/Ntuples_ghi_2/MC15ri_generic/MC15ri_etaetapip_tight_v2_240419_Kp_BCS_etapi0const/bsub_log//MC15ri_etapip_gg_fitv6_toyMC_100_420.log"> was submitted from host <ccw04> by user <jaeyoung> in cluster <centralcluster> at Tue Jul 23 18:00:03 2024
Job was executed on host(s) <ccb121>, in queue <s>, as user <jaeyoung> in cluster <centralcluster> at Tue Jul 23 18:47:08 2024
</home/belle2/jaeyoung> was used as the home directory.
</home/belle2/jaeyoung/workspace/DRAW_and_FITTING/main/FITTING/etapip/MC15ri_generic/tight_v2_fit_v6/ToyMC> was used as the working directory.
Started at Tue Jul 23 18:47:08 2024
Terminated at Tue Jul 23 19:34:05 2024
Results reported at Tue Jul 23 19:34:05 2024

Your job looked like:

------------------------------------------------------------
# LSBATCH: User input
bash -c "basf2 etapip_gg_fit_v6_toymc_100.py 420 > /home/belle2/jaeyoung/storage_ghi/Ntuples_ghi_2/MC15ri_generic/MC15ri_etaetapip_tight_v2_240419_Kp_BCS_etapi0const/bsub_log//MC15ri_etapip_gg_fitv6_toyMC_100_420.log"
------------------------------------------------------------

Successfully completed.

Resource usage summary:

    CPU time :                                   2806.27 sec.
    Max Memory :                                 1313 MB
    Average Memory :                             945.63 MB
    Total Requested Memory :                     4000.00 MB
    Delta Memory :                               2687.00 MB
    Max Swap :                                   -
    Max Processes :                              19
    Max Threads :                                20
    Run time :                                   2817 sec.
    Turnaround time :                            5642 sec.

The output (if any) follows:



PS:

Read file <./bsub_log/420.err> for stderr output of this job.

Sender: LSF System <lsfadmin@ccb230>
Subject: Job 54471215: <bash -c "basf2 etapip_gg_fit_v6_toymc_100.py 420 > /home/belle2/jaeyoung/storage_ghi/Ntuples_ghi_2/MC15ri_generic/MC15ri_etaetapip_tight_v2_240419_Kp_BCS_etapi0const/bsub_log//MC15ri_etapip_gg_fitv6_toyMC_100_420.log"> in cluster <centralcluster> Done

Job <bash -c "basf2 etapip_gg_fit_v6_toymc_100.py 420 > /home/belle2/jaeyoung/storage_ghi/Ntuples_ghi_2/MC15ri_generic/MC15ri_etaetapip_tight_v2_240419_Kp_BCS_etapi0const/bsub_log//MC15ri_etapip_gg_fitv6_toyMC_100_420.log"> was submitted from host <ccw03> by user <jaeyoung> in cluster <centralcluster> at Tue Jul 23 19:38:57 2024
Job was executed on host(s) <ccb230>, in queue <s>, as user <jaeyoung> in cluster <centralcluster> at Tue Jul 23 19:39:06 2024
</home/belle2/jaeyoung> was used as the home directory.
</home/belle2/jaeyoung/workspace/DRAW_and_FITTING/main/FITTING/etapip/MC15ri_generic/tight_v2_fit_v6/ToyMC> was used as the working directory.
Started at Tue Jul 23 19:39:06 2024
Terminated at Tue Jul 23 20:26:03 2024
Results reported at Tue Jul 23 20:26:03 2024

Your job looked like:

------------------------------------------------------------
# LSBATCH: User input
bash -c "basf2 etapip_gg_fit_v6_toymc_100.py 420 > /home/belle2/jaeyoung/storage_ghi/Ntuples_ghi_2/MC15ri_generic/MC15ri_etaetapip_tight_v2_240419_Kp_BCS_etapi0const/bsub_log//MC15ri_etapip_gg_fitv6_toyMC_100_420.log"
------------------------------------------------------------

Successfully completed.

Resource usage summary:

    CPU time :                                   2806.64 sec.
    Max Memory :                                 1311 MB
    Average Memory :                             945.38 MB
    Total Requested Memory :                     4000.00 MB
    Delta Memory :                               2689.00 MB
    Max Swap :                                   -
    Max Processes :                              19
    Max Threads :                                20
    Run time :                                   2818 sec.
    Turnaround time :                            2826 sec.

The output (if any) follows:



PS:

Read file <./bsub_log/420.err> for stderr output of this job.

Sender: LSF System <lsfadmin@ccb223>
Subject: Job 55516218: <bash -c "basf2 etapip_gg_fit_v6_toymc_100.py 420 > /home/belle2/jaeyoung/storage_ghi/Ntuples_ghi_2/MC15ri_generic/MC15ri_etaetapip_tight_v2_240419_Kp_BCS_etapi0const/bsub_log//MC15ri_etapip_gg_fitv6_toyMC_100_420.log"> in cluster <centralcluster> Done

Job <bash -c "basf2 etapip_gg_fit_v6_toymc_100.py 420 > /home/belle2/jaeyoung/storage_ghi/Ntuples_ghi_2/MC15ri_generic/MC15ri_etaetapip_tight_v2_240419_Kp_BCS_etapi0const/bsub_log//MC15ri_etapip_gg_fitv6_toyMC_100_420.log"> was submitted from host <ccw01> by user <jaeyoung> in cluster <centralcluster> at Thu Jul 25 20:51:51 2024
Job was executed on host(s) <ccb223>, in queue <s>, as user <jaeyoung> in cluster <centralcluster> at Thu Jul 25 20:51:55 2024
</home/belle2/jaeyoung> was used as the home directory.
</gpfs/home/belle2/jaeyoung/workspace/DRAW_and_FITTING/main/FITTING/etapip/MC15ri_generic/tight_v2_fit_v6/ToyMC> was used as the working directory.
Started at Thu Jul 25 20:51:55 2024
Terminated at Thu Jul 25 21:39:39 2024
Results reported at Thu Jul 25 21:39:39 2024

Your job looked like:

------------------------------------------------------------
# LSBATCH: User input
bash -c "basf2 etapip_gg_fit_v6_toymc_100.py 420 > /home/belle2/jaeyoung/storage_ghi/Ntuples_ghi_2/MC15ri_generic/MC15ri_etaetapip_tight_v2_240419_Kp_BCS_etapi0const/bsub_log//MC15ri_etapip_gg_fitv6_toyMC_100_420.log"
------------------------------------------------------------

Successfully completed.

Resource usage summary:

    CPU time :                                   2806.53 sec.
    Max Memory :                                 1349 MB
    Average Memory :                             983.52 MB
    Total Requested Memory :                     4000.00 MB
    Delta Memory :                               2651.00 MB
    Max Swap :                                   -
    Max Processes :                              19
    Max Threads :                                20
    Run time :                                   2863 sec.
    Turnaround time :                            2868 sec.

The output (if any) follows:



PS:

Read file <./bsub_log/420.err> for stderr output of this job.

Sender: LSF System <lsfadmin@ccb052>
Subject: Job 56103850: <bash -c "basf2 etapip_gg_fit_v6_toymc_100.py 420 > /home/belle2/jaeyoung/storage_ghi/Ntuples_ghi_2/MC15ri_generic/MC15ri_etaetapip_tight_v2_240419_Kp_BCS_etapi0const/bsub_log//MC15ri_etapip_gg_fitv6_toyMC_100_420.log"> in cluster <centralcluster> Done

Job <bash -c "basf2 etapip_gg_fit_v6_toymc_100.py 420 > /home/belle2/jaeyoung/storage_ghi/Ntuples_ghi_2/MC15ri_generic/MC15ri_etaetapip_tight_v2_240419_Kp_BCS_etapi0const/bsub_log//MC15ri_etapip_gg_fitv6_toyMC_100_420.log"> was submitted from host <ccw06> by user <jaeyoung> in cluster <centralcluster> at Fri Jul 26 23:44:34 2024
Job was executed on host(s) <ccb052>, in queue <s>, as user <jaeyoung> in cluster <centralcluster> at Sat Jul 27 00:24:25 2024
</home/belle2/jaeyoung> was used as the home directory.
</home/belle2/jaeyoung/workspace/DRAW_and_FITTING/main/FITTING/etapip/MC15ri_generic/tight_v2_fit_v6/ToyMC> was used as the working directory.
Started at Sat Jul 27 00:24:25 2024
Terminated at Sat Jul 27 00:56:54 2024
Results reported at Sat Jul 27 00:56:54 2024

Your job looked like:

------------------------------------------------------------
# LSBATCH: User input
bash -c "basf2 etapip_gg_fit_v6_toymc_100.py 420 > /home/belle2/jaeyoung/storage_ghi/Ntuples_ghi_2/MC15ri_generic/MC15ri_etaetapip_tight_v2_240419_Kp_BCS_etapi0const/bsub_log//MC15ri_etapip_gg_fitv6_toyMC_100_420.log"
------------------------------------------------------------

Successfully completed.

Resource usage summary:

    CPU time :                                   1931.78 sec.
    Max Memory :                                 895 MB
    Average Memory :                             646.46 MB
    Total Requested Memory :                     4000.00 MB
    Delta Memory :                               3105.00 MB
    Max Swap :                                   -
    Max Processes :                              19
    Max Threads :                                20
    Run time :                                   1948 sec.
    Turnaround time :                            4340 sec.

The output (if any) follows:



PS:

Read file <./bsub_log/420.err> for stderr output of this job.

Sender: LSF System <lsfadmin@ccb189>
Subject: Job 56133795: <bash -c "basf2 etapip_gg_fit_v6_toymc_100.py 420 > /home/belle2/jaeyoung/storage_ghi/Ntuples_ghi_2/MC15ri_generic/MC15ri_etaetapip_tight_v2_240419_Kp_BCS_etapi0const/bsub_log//MC15ri_etapip_gg_fitv6_toyMC_100_420.log"> in cluster <centralcluster> Done

Job <bash -c "basf2 etapip_gg_fit_v6_toymc_100.py 420 > /home/belle2/jaeyoung/storage_ghi/Ntuples_ghi_2/MC15ri_generic/MC15ri_etaetapip_tight_v2_240419_Kp_BCS_etapi0const/bsub_log//MC15ri_etapip_gg_fitv6_toyMC_100_420.log"> was submitted from host <ccw03> by user <jaeyoung> in cluster <centralcluster> at Sat Jul 27 01:14:02 2024
Job was executed on host(s) <ccb189>, in queue <s>, as user <jaeyoung> in cluster <centralcluster> at Sat Jul 27 03:05:40 2024
</home/belle2/jaeyoung> was used as the home directory.
</gpfs/home/belle2/jaeyoung/workspace/DRAW_and_FITTING/main/FITTING/etapip/MC15ri_generic/tight_v2_fit_v6/ToyMC> was used as the working directory.
Started at Sat Jul 27 03:05:40 2024
Terminated at Sat Jul 27 03:43:49 2024
Results reported at Sat Jul 27 03:43:49 2024

Your job looked like:

------------------------------------------------------------
# LSBATCH: User input
bash -c "basf2 etapip_gg_fit_v6_toymc_100.py 420 > /home/belle2/jaeyoung/storage_ghi/Ntuples_ghi_2/MC15ri_generic/MC15ri_etaetapip_tight_v2_240419_Kp_BCS_etapi0const/bsub_log//MC15ri_etapip_gg_fitv6_toyMC_100_420.log"
------------------------------------------------------------

Successfully completed.

Resource usage summary:

    CPU time :                                   2255.91 sec.
    Max Memory :                                 888 MB
    Average Memory :                             652.48 MB
    Total Requested Memory :                     4000.00 MB
    Delta Memory :                               3112.00 MB
    Max Swap :                                   -
    Max Processes :                              19
    Max Threads :                                20
    Run time :                                   2288 sec.
    Turnaround time :                            8987 sec.

The output (if any) follows:



PS:

Read file <./bsub_log/420.err> for stderr output of this job.

Sender: LSF System <lsfadmin@ccb154>
Subject: Job 57220831: <bash -c "basf2 etapip_gg_fit_v6_toymc_100.py 420 > /home/belle2/jaeyoung/storage_ghi/Ntuples_ghi_2/MC15ri_generic/MC15ri_etaetapip_tight_v2_240419_Kp_BCS_etapi0const/bsub_log//MC15ri_etapip_gg_fitv6_toyMC_100_420.log"> in cluster <centralcluster> Exited

Job <bash -c "basf2 etapip_gg_fit_v6_toymc_100.py 420 > /home/belle2/jaeyoung/storage_ghi/Ntuples_ghi_2/MC15ri_generic/MC15ri_etaetapip_tight_v2_240419_Kp_BCS_etapi0const/bsub_log//MC15ri_etapip_gg_fitv6_toyMC_100_420.log"> was submitted from host <ccx03> by user <jaeyoung> in cluster <centralcluster> at Mon Jul 29 18:46:17 2024
Job was executed on host(s) <ccb154>, in queue <s>, as user <jaeyoung> in cluster <centralcluster> at Mon Jul 29 18:46:21 2024
</home/belle2/jaeyoung> was used as the home directory.
</gpfs/home/belle2/jaeyoung/workspace/DRAW_and_FITTING/main/FITTING/etapip/MC15ri_generic/tight_v2_fit_v6/ToyMC> was used as the working directory.
Started at Mon Jul 29 18:46:21 2024
Terminated at Mon Jul 29 19:49:27 2024
Results reported at Mon Jul 29 19:49:27 2024

Your job looked like:

------------------------------------------------------------
# LSBATCH: User input
bash -c "basf2 etapip_gg_fit_v6_toymc_100.py 420 > /home/belle2/jaeyoung/storage_ghi/Ntuples_ghi_2/MC15ri_generic/MC15ri_etaetapip_tight_v2_240419_Kp_BCS_etapi0const/bsub_log//MC15ri_etapip_gg_fitv6_toyMC_100_420.log"
------------------------------------------------------------

Exited with exit code 1.

Resource usage summary:

    CPU time :                                   3750.55 sec.
    Max Memory :                                 1431 MB
    Average Memory :                             1043.09 MB
    Total Requested Memory :                     4000.00 MB
    Delta Memory :                               2569.00 MB
    Max Swap :                                   -
    Max Processes :                              19
    Max Threads :                                20
    Run time :                                   3787 sec.
    Turnaround time :                            3790 sec.

The output (if any) follows:



PS:

Read file <./bsub_log/420.err> for stderr output of this job.

Sender: LSF System <lsfadmin@ccb534>
Subject: Job 57308827: <bash -c "basf2 etapip_gg_fit_v6_toymc_100.py 420 > /home/belle2/jaeyoung/storage_ghi/Ntuples_ghi_2/MC15ri_generic/MC15ri_etaetapip_tight_v2_240419_Kp_BCS_etapi0const/bsub_log//MC15ri_etapip_gg_fitv6_toyMC_100_420.log"> in cluster <centralcluster> Done

Job <bash -c "basf2 etapip_gg_fit_v6_toymc_100.py 420 > /home/belle2/jaeyoung/storage_ghi/Ntuples_ghi_2/MC15ri_generic/MC15ri_etaetapip_tight_v2_240419_Kp_BCS_etapi0const/bsub_log//MC15ri_etapip_gg_fitv6_toyMC_100_420.log"> was submitted from host <ccw03> by user <jaeyoung> in cluster <centralcluster> at Mon Jul 29 23:03:31 2024
Job was executed on host(s) <ccb534>, in queue <s>, as user <jaeyoung> in cluster <centralcluster> at Mon Jul 29 23:04:46 2024
</home/belle2/jaeyoung> was used as the home directory.
</home/belle2/jaeyoung/workspace/DRAW_and_FITTING/main/FITTING/etapip/MC15ri_generic/tight_v2_fit_v6/ToyMC> was used as the working directory.
Started at Mon Jul 29 23:04:46 2024
Terminated at Tue Jul 30 00:09:06 2024
Results reported at Tue Jul 30 00:09:06 2024

Your job looked like:

------------------------------------------------------------
# LSBATCH: User input
bash -c "basf2 etapip_gg_fit_v6_toymc_100.py 420 > /home/belle2/jaeyoung/storage_ghi/Ntuples_ghi_2/MC15ri_generic/MC15ri_etaetapip_tight_v2_240419_Kp_BCS_etapi0const/bsub_log//MC15ri_etapip_gg_fitv6_toyMC_100_420.log"
------------------------------------------------------------

Successfully completed.

Resource usage summary:

    CPU time :                                   3828.23 sec.
    Max Memory :                                 1400 MB
    Average Memory :                             1039.75 MB
    Total Requested Memory :                     4000.00 MB
    Delta Memory :                               2600.00 MB
    Max Swap :                                   -
    Max Processes :                              19
    Max Threads :                                20
    Run time :                                   3861 sec.
    Turnaround time :                            3935 sec.

The output (if any) follows:



PS:

Read file <./bsub_log/420.err> for stderr output of this job.

Sender: LSF System <lsfadmin@ccb153>
Subject: Job 57390381: <bash -c "basf2 etapip_gg_fit_v6_toymc_100.py 420 > /home/belle2/jaeyoung/storage_ghi/Ntuples_ghi_2/MC15ri_generic/MC15ri_etaetapip_tight_v2_240419_Kp_BCS_etapi0const/bsub_log//MC15ri_etapip_gg_fitv6_toyMC_100_420.log"> in cluster <centralcluster> Done

Job <bash -c "basf2 etapip_gg_fit_v6_toymc_100.py 420 > /home/belle2/jaeyoung/storage_ghi/Ntuples_ghi_2/MC15ri_generic/MC15ri_etaetapip_tight_v2_240419_Kp_BCS_etapi0const/bsub_log//MC15ri_etapip_gg_fitv6_toyMC_100_420.log"> was submitted from host <ccw03> by user <jaeyoung> in cluster <centralcluster> at Tue Jul 30 01:17:53 2024
Job was executed on host(s) <ccb153>, in queue <s>, as user <jaeyoung> in cluster <centralcluster> at Tue Jul 30 01:19:18 2024
</home/belle2/jaeyoung> was used as the home directory.
</home/belle2/jaeyoung/workspace/DRAW_and_FITTING/main/FITTING/etapip/MC15ri_generic/tight_v2_fit_v6/ToyMC> was used as the working directory.
Started at Tue Jul 30 01:19:18 2024
Terminated at Tue Jul 30 02:26:01 2024
Results reported at Tue Jul 30 02:26:01 2024

Your job looked like:

------------------------------------------------------------
# LSBATCH: User input
bash -c "basf2 etapip_gg_fit_v6_toymc_100.py 420 > /home/belle2/jaeyoung/storage_ghi/Ntuples_ghi_2/MC15ri_generic/MC15ri_etaetapip_tight_v2_240419_Kp_BCS_etapi0const/bsub_log//MC15ri_etapip_gg_fitv6_toyMC_100_420.log"
------------------------------------------------------------

Successfully completed.

Resource usage summary:

    CPU time :                                   3947.84 sec.
    Max Memory :                                 1397 MB
    Average Memory :                             1017.59 MB
    Total Requested Memory :                     4000.00 MB
    Delta Memory :                               2603.00 MB
    Max Swap :                                   -
    Max Processes :                              19
    Max Threads :                                20
    Run time :                                   4004 sec.
    Turnaround time :                            4088 sec.

The output (if any) follows:



PS:

Read file <./bsub_log/420.err> for stderr output of this job.

