Sender: LSF System <lsfadmin@ccb074>
Subject: Job 52359681: <bash -c "basf2 etapip_gg_fit_v6_toymc_100.py 423 > /home/belle2/jaeyoung/storage_ghi/Ntuples_ghi_2/MC15ri_generic/MC15ri_etaetapip_tight_v2_240419_Kp_BCS_etapi0const/bsub_log//MC15ri_etapip_gg_fitv6_toyMC_100_423.log"> in cluster <centralcluster> Done

Job <bash -c "basf2 etapip_gg_fit_v6_toymc_100.py 423 > /home/belle2/jaeyoung/storage_ghi/Ntuples_ghi_2/MC15ri_generic/MC15ri_etaetapip_tight_v2_240419_Kp_BCS_etapi0const/bsub_log//MC15ri_etapip_gg_fitv6_toyMC_100_423.log"> was submitted from host <ccw02> by user <jaeyoung> in cluster <centralcluster> at Sat Jul 20 14:40:29 2024
Job was executed on host(s) <ccb074>, in queue <s>, as user <jaeyoung> in cluster <centralcluster> at Sat Jul 20 14:44:58 2024
</home/belle2/jaeyoung> was used as the home directory.
</home/belle2/jaeyoung/workspace/DRAW_and_FITTING/main/FITTING/etapip/MC15ri_generic/tight_v2_fit_v6/ToyMC> was used as the working directory.
Started at Sat Jul 20 14:44:58 2024
Terminated at Sat Jul 20 15:33:09 2024
Results reported at Sat Jul 20 15:33:09 2024

Your job looked like:

------------------------------------------------------------
# LSBATCH: User input
bash -c "basf2 etapip_gg_fit_v6_toymc_100.py 423 > /home/belle2/jaeyoung/storage_ghi/Ntuples_ghi_2/MC15ri_generic/MC15ri_etaetapip_tight_v2_240419_Kp_BCS_etapi0const/bsub_log//MC15ri_etapip_gg_fitv6_toyMC_100_423.log"
------------------------------------------------------------

Successfully completed.

Resource usage summary:

    CPU time :                                   2876.73 sec.
    Max Memory :                                 1313 MB
    Average Memory :                             955.57 MB
    Total Requested Memory :                     4000.00 MB
    Delta Memory :                               2687.00 MB
    Max Swap :                                   -
    Max Processes :                              19
    Max Threads :                                20
    Run time :                                   2891 sec.
    Turnaround time :                            3160 sec.

The output (if any) follows:



PS:

Read file <./bsub_log/423.err> for stderr output of this job.

Sender: LSF System <lsfadmin@ccb091>
Subject: Job 53030651: <bash -c "basf2 etapip_gg_fit_v6_toymc_100.py 423 > /home/belle2/jaeyoung/storage_ghi/Ntuples_ghi_2/MC15ri_generic/MC15ri_etaetapip_tight_v2_240419_Kp_BCS_etapi0const/bsub_log//MC15ri_etapip_gg_fitv6_toyMC_100_423.log"> in cluster <centralcluster> Done

Job <bash -c "basf2 etapip_gg_fit_v6_toymc_100.py 423 > /home/belle2/jaeyoung/storage_ghi/Ntuples_ghi_2/MC15ri_generic/MC15ri_etaetapip_tight_v2_240419_Kp_BCS_etapi0const/bsub_log//MC15ri_etapip_gg_fitv6_toyMC_100_423.log"> was submitted from host <ccw03> by user <jaeyoung> in cluster <centralcluster> at Sun Jul 21 17:31:51 2024
Job was executed on host(s) <ccb091>, in queue <s>, as user <jaeyoung> in cluster <centralcluster> at Sun Jul 21 17:32:35 2024
</home/belle2/jaeyoung> was used as the home directory.
</home/belle2/jaeyoung/workspace/DRAW_and_FITTING/main/FITTING/etapip/MC15ri_generic/tight_v2_fit_v6/ToyMC> was used as the working directory.
Started at Sun Jul 21 17:32:35 2024
Terminated at Sun Jul 21 18:20:41 2024
Results reported at Sun Jul 21 18:20:41 2024

Your job looked like:

------------------------------------------------------------
# LSBATCH: User input
bash -c "basf2 etapip_gg_fit_v6_toymc_100.py 423 > /home/belle2/jaeyoung/storage_ghi/Ntuples_ghi_2/MC15ri_generic/MC15ri_etaetapip_tight_v2_240419_Kp_BCS_etapi0const/bsub_log//MC15ri_etapip_gg_fitv6_toyMC_100_423.log"
------------------------------------------------------------

Successfully completed.

Resource usage summary:

    CPU time :                                   2868.54 sec.
    Max Memory :                                 1311 MB
    Average Memory :                             931.47 MB
    Total Requested Memory :                     4000.00 MB
    Delta Memory :                               2689.00 MB
    Max Swap :                                   -
    Max Processes :                              19
    Max Threads :                                20
    Run time :                                   2887 sec.
    Turnaround time :                            2930 sec.

The output (if any) follows:



PS:

Read file <./bsub_log/423.err> for stderr output of this job.

Sender: LSF System <lsfadmin@ccb280>
Subject: Job 53203132: <bash -c "basf2 etapip_gg_fit_v6_toymc_100.py 423 > /home/belle2/jaeyoung/storage_ghi/Ntuples_ghi_2/MC15ri_generic/MC15ri_etaetapip_tight_v2_240419_Kp_BCS_etapi0const/bsub_log//MC15ri_etapip_gg_fitv6_toyMC_100_423.log"> in cluster <centralcluster> Exited

Job <bash -c "basf2 etapip_gg_fit_v6_toymc_100.py 423 > /home/belle2/jaeyoung/storage_ghi/Ntuples_ghi_2/MC15ri_generic/MC15ri_etaetapip_tight_v2_240419_Kp_BCS_etapi0const/bsub_log//MC15ri_etapip_gg_fitv6_toyMC_100_423.log"> was submitted from host <ccw03> by user <jaeyoung> in cluster <centralcluster> at Mon Jul 22 00:50:58 2024
Job was executed on host(s) <ccb280>, in queue <s>, as user <jaeyoung> in cluster <centralcluster> at Mon Jul 22 00:52:33 2024
</home/belle2/jaeyoung> was used as the home directory.
</home/belle2/jaeyoung/workspace/DRAW_and_FITTING/main/FITTING/etapip/MC15ri_generic/tight_v2_fit_v6/ToyMC> was used as the working directory.
Started at Mon Jul 22 00:52:33 2024
Terminated at Mon Jul 22 01:09:47 2024
Results reported at Mon Jul 22 01:09:47 2024

Your job looked like:

------------------------------------------------------------
# LSBATCH: User input
bash -c "basf2 etapip_gg_fit_v6_toymc_100.py 423 > /home/belle2/jaeyoung/storage_ghi/Ntuples_ghi_2/MC15ri_generic/MC15ri_etaetapip_tight_v2_240419_Kp_BCS_etapi0const/bsub_log//MC15ri_etapip_gg_fitv6_toyMC_100_423.log"
------------------------------------------------------------

Exited with exit code 1.

Resource usage summary:

    CPU time :                                   1020.82 sec.
    Max Memory :                                 1288 MB
    Average Memory :                             1205.14 MB
    Total Requested Memory :                     4000.00 MB
    Delta Memory :                               2712.00 MB
    Max Swap :                                   -
    Max Processes :                              19
    Max Threads :                                20
    Run time :                                   1034 sec.
    Turnaround time :                            1129 sec.

The output (if any) follows:



PS:

Read file <./bsub_log/423.err> for stderr output of this job.

Sender: LSF System <lsfadmin@ccb261>
Subject: Job 53407317: <bash -c "basf2 etapip_gg_fit_v6_toymc_100.py 423 > /home/belle2/jaeyoung/storage_ghi/Ntuples_ghi_2/MC15ri_generic/MC15ri_etaetapip_tight_v2_240419_Kp_BCS_etapi0const/bsub_log//MC15ri_etapip_gg_fitv6_toyMC_100_423.log"> in cluster <centralcluster> Done

Job <bash -c "basf2 etapip_gg_fit_v6_toymc_100.py 423 > /home/belle2/jaeyoung/storage_ghi/Ntuples_ghi_2/MC15ri_generic/MC15ri_etaetapip_tight_v2_240419_Kp_BCS_etapi0const/bsub_log//MC15ri_etapip_gg_fitv6_toyMC_100_423.log"> was submitted from host <ccw06> by user <jaeyoung> in cluster <centralcluster> at Mon Jul 22 10:49:37 2024
Job was executed on host(s) <ccb261>, in queue <s>, as user <jaeyoung> in cluster <centralcluster> at Mon Jul 22 10:50:15 2024
</home/belle2/jaeyoung> was used as the home directory.
</home/belle2/jaeyoung/workspace/DRAW_and_FITTING/main/FITTING/etapip/MC15ri_generic/tight_v2_fit_v6/ToyMC> was used as the working directory.
Started at Mon Jul 22 10:50:15 2024
Terminated at Mon Jul 22 11:36:16 2024
Results reported at Mon Jul 22 11:36:16 2024

Your job looked like:

------------------------------------------------------------
# LSBATCH: User input
bash -c "basf2 etapip_gg_fit_v6_toymc_100.py 423 > /home/belle2/jaeyoung/storage_ghi/Ntuples_ghi_2/MC15ri_generic/MC15ri_etaetapip_tight_v2_240419_Kp_BCS_etapi0const/bsub_log//MC15ri_etapip_gg_fitv6_toyMC_100_423.log"
------------------------------------------------------------

Successfully completed.

Resource usage summary:

    CPU time :                                   2737.14 sec.
    Max Memory :                                 1310 MB
    Average Memory :                             938.83 MB
    Total Requested Memory :                     4000.00 MB
    Delta Memory :                               2690.00 MB
    Max Swap :                                   -
    Max Processes :                              19
    Max Threads :                                20
    Run time :                                   2762 sec.
    Turnaround time :                            2799 sec.

The output (if any) follows:



PS:

Read file <./bsub_log/423.err> for stderr output of this job.

Sender: LSF System <lsfadmin@ccb254>
Subject: Job 53599663: <bash -c "basf2 etapip_gg_fit_v6_toymc_100.py 423 > /home/belle2/jaeyoung/storage_ghi/Ntuples_ghi_2/MC15ri_generic/MC15ri_etaetapip_tight_v2_240419_Kp_BCS_etapi0const/bsub_log//MC15ri_etapip_gg_fitv6_toyMC_100_423.log"> in cluster <centralcluster> Done

Job <bash -c "basf2 etapip_gg_fit_v6_toymc_100.py 423 > /home/belle2/jaeyoung/storage_ghi/Ntuples_ghi_2/MC15ri_generic/MC15ri_etaetapip_tight_v2_240419_Kp_BCS_etapi0const/bsub_log//MC15ri_etapip_gg_fitv6_toyMC_100_423.log"> was submitted from host <ccw03> by user <jaeyoung> in cluster <centralcluster> at Mon Jul 22 18:35:50 2024
Job was executed on host(s) <ccb254>, in queue <s>, as user <jaeyoung> in cluster <centralcluster> at Mon Jul 22 18:37:53 2024
</home/belle2/jaeyoung> was used as the home directory.
</home/belle2/jaeyoung/workspace/DRAW_and_FITTING/main/FITTING/etapip/MC15ri_generic/tight_v2_fit_v6/ToyMC> was used as the working directory.
Started at Mon Jul 22 18:37:53 2024
Terminated at Mon Jul 22 19:25:04 2024
Results reported at Mon Jul 22 19:25:04 2024

Your job looked like:

------------------------------------------------------------
# LSBATCH: User input
bash -c "basf2 etapip_gg_fit_v6_toymc_100.py 423 > /home/belle2/jaeyoung/storage_ghi/Ntuples_ghi_2/MC15ri_generic/MC15ri_etaetapip_tight_v2_240419_Kp_BCS_etapi0const/bsub_log//MC15ri_etapip_gg_fitv6_toyMC_100_423.log"
------------------------------------------------------------

Successfully completed.

Resource usage summary:

    CPU time :                                   2801.86 sec.
    Max Memory :                                 1311 MB
    Average Memory :                             942.88 MB
    Total Requested Memory :                     4000.00 MB
    Delta Memory :                               2689.00 MB
    Max Swap :                                   -
    Max Processes :                              19
    Max Threads :                                20
    Run time :                                   2831 sec.
    Turnaround time :                            2954 sec.

The output (if any) follows:



PS:

Read file <./bsub_log/423.err> for stderr output of this job.

Sender: LSF System <lsfadmin@ccb061>
Subject: Job 53832939: <bash -c "basf2 etapip_gg_fit_v6_toymc_100.py 423 > /home/belle2/jaeyoung/storage_ghi/Ntuples_ghi_2/MC15ri_generic/MC15ri_etaetapip_tight_v2_240419_Kp_BCS_etapi0const/bsub_log//MC15ri_etapip_gg_fitv6_toyMC_100_423.log"> in cluster <centralcluster> Done

Job <bash -c "basf2 etapip_gg_fit_v6_toymc_100.py 423 > /home/belle2/jaeyoung/storage_ghi/Ntuples_ghi_2/MC15ri_generic/MC15ri_etaetapip_tight_v2_240419_Kp_BCS_etapi0const/bsub_log//MC15ri_etapip_gg_fitv6_toyMC_100_423.log"> was submitted from host <ccw05> by user <jaeyoung> in cluster <centralcluster> at Tue Jul 23 00:50:49 2024
Job was executed on host(s) <ccb061>, in queue <s>, as user <jaeyoung> in cluster <centralcluster> at Tue Jul 23 00:51:05 2024
</home/belle2/jaeyoung> was used as the home directory.
</home/belle2/jaeyoung/workspace/DRAW_and_FITTING/main/FITTING/etapip/MC15ri_generic/tight_v2_fit_v6/ToyMC> was used as the working directory.
Started at Tue Jul 23 00:51:05 2024
Terminated at Tue Jul 23 01:38:06 2024
Results reported at Tue Jul 23 01:38:06 2024

Your job looked like:

------------------------------------------------------------
# LSBATCH: User input
bash -c "basf2 etapip_gg_fit_v6_toymc_100.py 423 > /home/belle2/jaeyoung/storage_ghi/Ntuples_ghi_2/MC15ri_generic/MC15ri_etaetapip_tight_v2_240419_Kp_BCS_etapi0const/bsub_log//MC15ri_etapip_gg_fitv6_toyMC_100_423.log"
------------------------------------------------------------

Successfully completed.

Resource usage summary:

    CPU time :                                   2807.51 sec.
    Max Memory :                                 1348 MB
    Average Memory :                             977.84 MB
    Total Requested Memory :                     4000.00 MB
    Delta Memory :                               2652.00 MB
    Max Swap :                                   -
    Max Processes :                              19
    Max Threads :                                20
    Run time :                                   2822 sec.
    Turnaround time :                            2837 sec.

The output (if any) follows:



PS:

Read file <./bsub_log/423.err> for stderr output of this job.

Sender: LSF System <lsfadmin@ccb528>
Subject: Job 54398542: <bash -c "basf2 etapip_gg_fit_v6_toymc_100.py 423 > /home/belle2/jaeyoung/storage_ghi/Ntuples_ghi_2/MC15ri_generic/MC15ri_etaetapip_tight_v2_240419_Kp_BCS_etapi0const/bsub_log//MC15ri_etapip_gg_fitv6_toyMC_100_423.log"> in cluster <centralcluster> Exited

Job <bash -c "basf2 etapip_gg_fit_v6_toymc_100.py 423 > /home/belle2/jaeyoung/storage_ghi/Ntuples_ghi_2/MC15ri_generic/MC15ri_etaetapip_tight_v2_240419_Kp_BCS_etapi0const/bsub_log//MC15ri_etapip_gg_fitv6_toyMC_100_423.log"> was submitted from host <ccw04> by user <jaeyoung> in cluster <centralcluster> at Tue Jul 23 18:00:04 2024
Job was executed on host(s) <ccb528>, in queue <s>, as user <jaeyoung> in cluster <centralcluster> at Tue Jul 23 18:47:12 2024
</home/belle2/jaeyoung> was used as the home directory.
</home/belle2/jaeyoung/workspace/DRAW_and_FITTING/main/FITTING/etapip/MC15ri_generic/tight_v2_fit_v6/ToyMC> was used as the working directory.
Started at Tue Jul 23 18:47:12 2024
Terminated at Tue Jul 23 19:35:33 2024
Results reported at Tue Jul 23 19:35:33 2024

Your job looked like:

------------------------------------------------------------
# LSBATCH: User input
bash -c "basf2 etapip_gg_fit_v6_toymc_100.py 423 > /home/belle2/jaeyoung/storage_ghi/Ntuples_ghi_2/MC15ri_generic/MC15ri_etaetapip_tight_v2_240419_Kp_BCS_etapi0const/bsub_log//MC15ri_etapip_gg_fitv6_toyMC_100_423.log"
------------------------------------------------------------

TERM_OWNER: job killed by owner.
Exited with exit code 1.

Resource usage summary:

    CPU time :                                   2806.16 sec.
    Max Memory :                                 1313 MB
    Average Memory :                             960.50 MB
    Total Requested Memory :                     4000.00 MB
    Delta Memory :                               2687.00 MB
    Max Swap :                                   -
    Max Processes :                              19
    Max Threads :                                20
    Run time :                                   2902 sec.
    Turnaround time :                            5729 sec.

The output (if any) follows:



PS:

Read file <./bsub_log/423.err> for stderr output of this job.

Sender: LSF System <lsfadmin@ccb272>
Subject: Job 54471232: <bash -c "basf2 etapip_gg_fit_v6_toymc_100.py 423 > /home/belle2/jaeyoung/storage_ghi/Ntuples_ghi_2/MC15ri_generic/MC15ri_etaetapip_tight_v2_240419_Kp_BCS_etapi0const/bsub_log//MC15ri_etapip_gg_fitv6_toyMC_100_423.log"> in cluster <centralcluster> Done

Job <bash -c "basf2 etapip_gg_fit_v6_toymc_100.py 423 > /home/belle2/jaeyoung/storage_ghi/Ntuples_ghi_2/MC15ri_generic/MC15ri_etaetapip_tight_v2_240419_Kp_BCS_etapi0const/bsub_log//MC15ri_etapip_gg_fitv6_toyMC_100_423.log"> was submitted from host <ccw03> by user <jaeyoung> in cluster <centralcluster> at Tue Jul 23 19:38:58 2024
Job was executed on host(s) <ccb272>, in queue <s>, as user <jaeyoung> in cluster <centralcluster> at Tue Jul 23 19:39:07 2024
</home/belle2/jaeyoung> was used as the home directory.
</home/belle2/jaeyoung/workspace/DRAW_and_FITTING/main/FITTING/etapip/MC15ri_generic/tight_v2_fit_v6/ToyMC> was used as the working directory.
Started at Tue Jul 23 19:39:07 2024
Terminated at Tue Jul 23 20:24:42 2024
Results reported at Tue Jul 23 20:24:42 2024

Your job looked like:

------------------------------------------------------------
# LSBATCH: User input
bash -c "basf2 etapip_gg_fit_v6_toymc_100.py 423 > /home/belle2/jaeyoung/storage_ghi/Ntuples_ghi_2/MC15ri_generic/MC15ri_etaetapip_tight_v2_240419_Kp_BCS_etapi0const/bsub_log//MC15ri_etapip_gg_fitv6_toyMC_100_423.log"
------------------------------------------------------------

Successfully completed.

Resource usage summary:

    CPU time :                                   2713.30 sec.
    Max Memory :                                 1311 MB
    Average Memory :                             939.65 MB
    Total Requested Memory :                     4000.00 MB
    Delta Memory :                               2689.00 MB
    Max Swap :                                   -
    Max Processes :                              19
    Max Threads :                                20
    Run time :                                   2735 sec.
    Turnaround time :                            2744 sec.

The output (if any) follows:



PS:

Read file <./bsub_log/423.err> for stderr output of this job.

Sender: LSF System <lsfadmin@ccb123>
Subject: Job 55516224: <bash -c "basf2 etapip_gg_fit_v6_toymc_100.py 423 > /home/belle2/jaeyoung/storage_ghi/Ntuples_ghi_2/MC15ri_generic/MC15ri_etaetapip_tight_v2_240419_Kp_BCS_etapi0const/bsub_log//MC15ri_etapip_gg_fitv6_toyMC_100_423.log"> in cluster <centralcluster> Done

Job <bash -c "basf2 etapip_gg_fit_v6_toymc_100.py 423 > /home/belle2/jaeyoung/storage_ghi/Ntuples_ghi_2/MC15ri_generic/MC15ri_etaetapip_tight_v2_240419_Kp_BCS_etapi0const/bsub_log//MC15ri_etapip_gg_fitv6_toyMC_100_423.log"> was submitted from host <ccw01> by user <jaeyoung> in cluster <centralcluster> at Thu Jul 25 20:51:52 2024
Job was executed on host(s) <ccb123>, in queue <s>, as user <jaeyoung> in cluster <centralcluster> at Thu Jul 25 20:51:56 2024
</home/belle2/jaeyoung> was used as the home directory.
</gpfs/home/belle2/jaeyoung/workspace/DRAW_and_FITTING/main/FITTING/etapip/MC15ri_generic/tight_v2_fit_v6/ToyMC> was used as the working directory.
Started at Thu Jul 25 20:51:56 2024
Terminated at Thu Jul 25 21:37:43 2024
Results reported at Thu Jul 25 21:37:43 2024

Your job looked like:

------------------------------------------------------------
# LSBATCH: User input
bash -c "basf2 etapip_gg_fit_v6_toymc_100.py 423 > /home/belle2/jaeyoung/storage_ghi/Ntuples_ghi_2/MC15ri_generic/MC15ri_etaetapip_tight_v2_240419_Kp_BCS_etapi0const/bsub_log//MC15ri_etapip_gg_fitv6_toyMC_100_423.log"
------------------------------------------------------------

Successfully completed.

Resource usage summary:

    CPU time :                                   2704.47 sec.
    Max Memory :                                 1313 MB
    Average Memory :                             953.40 MB
    Total Requested Memory :                     4000.00 MB
    Delta Memory :                               2687.00 MB
    Max Swap :                                   -
    Max Processes :                              19
    Max Threads :                                20
    Run time :                                   2748 sec.
    Turnaround time :                            2751 sec.

The output (if any) follows:



PS:

Read file <./bsub_log/423.err> for stderr output of this job.

Sender: LSF System <lsfadmin@ccb195>
Subject: Job 56103861: <bash -c "basf2 etapip_gg_fit_v6_toymc_100.py 423 > /home/belle2/jaeyoung/storage_ghi/Ntuples_ghi_2/MC15ri_generic/MC15ri_etaetapip_tight_v2_240419_Kp_BCS_etapi0const/bsub_log//MC15ri_etapip_gg_fitv6_toyMC_100_423.log"> in cluster <centralcluster> Done

Job <bash -c "basf2 etapip_gg_fit_v6_toymc_100.py 423 > /home/belle2/jaeyoung/storage_ghi/Ntuples_ghi_2/MC15ri_generic/MC15ri_etaetapip_tight_v2_240419_Kp_BCS_etapi0const/bsub_log//MC15ri_etapip_gg_fitv6_toyMC_100_423.log"> was submitted from host <ccw06> by user <jaeyoung> in cluster <centralcluster> at Fri Jul 26 23:44:35 2024
Job was executed on host(s) <ccb195>, in queue <s>, as user <jaeyoung> in cluster <centralcluster> at Sat Jul 27 00:24:28 2024
</home/belle2/jaeyoung> was used as the home directory.
</home/belle2/jaeyoung/workspace/DRAW_and_FITTING/main/FITTING/etapip/MC15ri_generic/tight_v2_fit_v6/ToyMC> was used as the working directory.
Started at Sat Jul 27 00:24:28 2024
Terminated at Sat Jul 27 00:58:12 2024
Results reported at Sat Jul 27 00:58:12 2024

Your job looked like:

------------------------------------------------------------
# LSBATCH: User input
bash -c "basf2 etapip_gg_fit_v6_toymc_100.py 423 > /home/belle2/jaeyoung/storage_ghi/Ntuples_ghi_2/MC15ri_generic/MC15ri_etaetapip_tight_v2_240419_Kp_BCS_etapi0const/bsub_log//MC15ri_etapip_gg_fitv6_toyMC_100_423.log"
------------------------------------------------------------

Successfully completed.

Resource usage summary:

    CPU time :                                   2007.25 sec.
    Max Memory :                                 885 MB
    Average Memory :                             635.96 MB
    Total Requested Memory :                     4000.00 MB
    Delta Memory :                               3115.00 MB
    Max Swap :                                   -
    Max Processes :                              19
    Max Threads :                                20
    Run time :                                   2024 sec.
    Turnaround time :                            4417 sec.

The output (if any) follows:



PS:

Read file <./bsub_log/423.err> for stderr output of this job.

Sender: LSF System <lsfadmin@ccb046>
Subject: Job 56133800: <bash -c "basf2 etapip_gg_fit_v6_toymc_100.py 423 > /home/belle2/jaeyoung/storage_ghi/Ntuples_ghi_2/MC15ri_generic/MC15ri_etaetapip_tight_v2_240419_Kp_BCS_etapi0const/bsub_log//MC15ri_etapip_gg_fitv6_toyMC_100_423.log"> in cluster <centralcluster> Done

Job <bash -c "basf2 etapip_gg_fit_v6_toymc_100.py 423 > /home/belle2/jaeyoung/storage_ghi/Ntuples_ghi_2/MC15ri_generic/MC15ri_etaetapip_tight_v2_240419_Kp_BCS_etapi0const/bsub_log//MC15ri_etapip_gg_fitv6_toyMC_100_423.log"> was submitted from host <ccw03> by user <jaeyoung> in cluster <centralcluster> at Sat Jul 27 01:14:04 2024
Job was executed on host(s) <ccb046>, in queue <s>, as user <jaeyoung> in cluster <centralcluster> at Sat Jul 27 03:05:41 2024
</home/belle2/jaeyoung> was used as the home directory.
</gpfs/home/belle2/jaeyoung/workspace/DRAW_and_FITTING/main/FITTING/etapip/MC15ri_generic/tight_v2_fit_v6/ToyMC> was used as the working directory.
Started at Sat Jul 27 03:05:41 2024
Terminated at Sat Jul 27 03:44:51 2024
Results reported at Sat Jul 27 03:44:51 2024

Your job looked like:

------------------------------------------------------------
# LSBATCH: User input
bash -c "basf2 etapip_gg_fit_v6_toymc_100.py 423 > /home/belle2/jaeyoung/storage_ghi/Ntuples_ghi_2/MC15ri_generic/MC15ri_etaetapip_tight_v2_240419_Kp_BCS_etapi0const/bsub_log//MC15ri_etapip_gg_fitv6_toyMC_100_423.log"
------------------------------------------------------------

Successfully completed.

Resource usage summary:

    CPU time :                                   2317.37 sec.
    Max Memory :                                 919 MB
    Average Memory :                             655.51 MB
    Total Requested Memory :                     4000.00 MB
    Delta Memory :                               3081.00 MB
    Max Swap :                                   -
    Max Processes :                              19
    Max Threads :                                20
    Run time :                                   2351 sec.
    Turnaround time :                            9047 sec.

The output (if any) follows:



PS:

Read file <./bsub_log/423.err> for stderr output of this job.

Sender: LSF System <lsfadmin@ccb193>
Subject: Job 57220841: <bash -c "basf2 etapip_gg_fit_v6_toymc_100.py 423 > /home/belle2/jaeyoung/storage_ghi/Ntuples_ghi_2/MC15ri_generic/MC15ri_etaetapip_tight_v2_240419_Kp_BCS_etapi0const/bsub_log//MC15ri_etapip_gg_fitv6_toyMC_100_423.log"> in cluster <centralcluster> Exited

Job <bash -c "basf2 etapip_gg_fit_v6_toymc_100.py 423 > /home/belle2/jaeyoung/storage_ghi/Ntuples_ghi_2/MC15ri_generic/MC15ri_etaetapip_tight_v2_240419_Kp_BCS_etapi0const/bsub_log//MC15ri_etapip_gg_fitv6_toyMC_100_423.log"> was submitted from host <ccx03> by user <jaeyoung> in cluster <centralcluster> at Mon Jul 29 18:46:18 2024
Job was executed on host(s) <ccb193>, in queue <s>, as user <jaeyoung> in cluster <centralcluster> at Mon Jul 29 18:46:21 2024
</home/belle2/jaeyoung> was used as the home directory.
</gpfs/home/belle2/jaeyoung/workspace/DRAW_and_FITTING/main/FITTING/etapip/MC15ri_generic/tight_v2_fit_v6/ToyMC> was used as the working directory.
Started at Mon Jul 29 18:46:21 2024
Terminated at Mon Jul 29 19:52:52 2024
Results reported at Mon Jul 29 19:52:52 2024

Your job looked like:

------------------------------------------------------------
# LSBATCH: User input
bash -c "basf2 etapip_gg_fit_v6_toymc_100.py 423 > /home/belle2/jaeyoung/storage_ghi/Ntuples_ghi_2/MC15ri_generic/MC15ri_etaetapip_tight_v2_240419_Kp_BCS_etapi0const/bsub_log//MC15ri_etapip_gg_fitv6_toyMC_100_423.log"
------------------------------------------------------------

Exited with exit code 1.

Resource usage summary:

    CPU time :                                   3946.22 sec.
    Max Memory :                                 1401 MB
    Average Memory :                             1029.99 MB
    Total Requested Memory :                     4000.00 MB
    Delta Memory :                               2599.00 MB
    Max Swap :                                   -
    Max Processes :                              19
    Max Threads :                                20
    Run time :                                   3990 sec.
    Turnaround time :                            3994 sec.

The output (if any) follows:



PS:

Read file <./bsub_log/423.err> for stderr output of this job.

Sender: LSF System <lsfadmin@ccb523>
Subject: Job 57308834: <bash -c "basf2 etapip_gg_fit_v6_toymc_100.py 423 > /home/belle2/jaeyoung/storage_ghi/Ntuples_ghi_2/MC15ri_generic/MC15ri_etaetapip_tight_v2_240419_Kp_BCS_etapi0const/bsub_log//MC15ri_etapip_gg_fitv6_toyMC_100_423.log"> in cluster <centralcluster> Done

Job <bash -c "basf2 etapip_gg_fit_v6_toymc_100.py 423 > /home/belle2/jaeyoung/storage_ghi/Ntuples_ghi_2/MC15ri_generic/MC15ri_etaetapip_tight_v2_240419_Kp_BCS_etapi0const/bsub_log//MC15ri_etapip_gg_fitv6_toyMC_100_423.log"> was submitted from host <ccw03> by user <jaeyoung> in cluster <centralcluster> at Mon Jul 29 23:03:32 2024
Job was executed on host(s) <ccb523>, in queue <s>, as user <jaeyoung> in cluster <centralcluster> at Mon Jul 29 23:04:47 2024
</home/belle2/jaeyoung> was used as the home directory.
</home/belle2/jaeyoung/workspace/DRAW_and_FITTING/main/FITTING/etapip/MC15ri_generic/tight_v2_fit_v6/ToyMC> was used as the working directory.
Started at Mon Jul 29 23:04:47 2024
Terminated at Tue Jul 30 00:07:09 2024
Results reported at Tue Jul 30 00:07:09 2024

Your job looked like:

------------------------------------------------------------
# LSBATCH: User input
bash -c "basf2 etapip_gg_fit_v6_toymc_100.py 423 > /home/belle2/jaeyoung/storage_ghi/Ntuples_ghi_2/MC15ri_generic/MC15ri_etaetapip_tight_v2_240419_Kp_BCS_etapi0const/bsub_log//MC15ri_etapip_gg_fitv6_toyMC_100_423.log"
------------------------------------------------------------

Successfully completed.

Resource usage summary:

    CPU time :                                   3671.25 sec.
    Max Memory :                                 1401 MB
    Average Memory :                             1046.06 MB
    Total Requested Memory :                     4000.00 MB
    Delta Memory :                               2599.00 MB
    Max Swap :                                   -
    Max Processes :                              19
    Max Threads :                                20
    Run time :                                   3742 sec.
    Turnaround time :                            3817 sec.

The output (if any) follows:



PS:

Read file <./bsub_log/423.err> for stderr output of this job.

Sender: LSF System <lsfadmin@ccb077>
Subject: Job 57390386: <bash -c "basf2 etapip_gg_fit_v6_toymc_100.py 423 > /home/belle2/jaeyoung/storage_ghi/Ntuples_ghi_2/MC15ri_generic/MC15ri_etaetapip_tight_v2_240419_Kp_BCS_etapi0const/bsub_log//MC15ri_etapip_gg_fitv6_toyMC_100_423.log"> in cluster <centralcluster> Done

Job <bash -c "basf2 etapip_gg_fit_v6_toymc_100.py 423 > /home/belle2/jaeyoung/storage_ghi/Ntuples_ghi_2/MC15ri_generic/MC15ri_etaetapip_tight_v2_240419_Kp_BCS_etapi0const/bsub_log//MC15ri_etapip_gg_fitv6_toyMC_100_423.log"> was submitted from host <ccw03> by user <jaeyoung> in cluster <centralcluster> at Tue Jul 30 01:17:53 2024
Job was executed on host(s) <ccb077>, in queue <s>, as user <jaeyoung> in cluster <centralcluster> at Tue Jul 30 01:19:18 2024
</home/belle2/jaeyoung> was used as the home directory.
</home/belle2/jaeyoung/workspace/DRAW_and_FITTING/main/FITTING/etapip/MC15ri_generic/tight_v2_fit_v6/ToyMC> was used as the working directory.
Started at Tue Jul 30 01:19:18 2024
Terminated at Tue Jul 30 02:25:07 2024
Results reported at Tue Jul 30 02:25:07 2024

Your job looked like:

------------------------------------------------------------
# LSBATCH: User input
bash -c "basf2 etapip_gg_fit_v6_toymc_100.py 423 > /home/belle2/jaeyoung/storage_ghi/Ntuples_ghi_2/MC15ri_generic/MC15ri_etaetapip_tight_v2_240419_Kp_BCS_etapi0const/bsub_log//MC15ri_etapip_gg_fitv6_toyMC_100_423.log"
------------------------------------------------------------

Successfully completed.

Resource usage summary:

    CPU time :                                   3934.97 sec.
    Max Memory :                                 1433 MB
    Average Memory :                             1059.13 MB
    Total Requested Memory :                     4000.00 MB
    Delta Memory :                               2567.00 MB
    Max Swap :                                   -
    Max Processes :                              19
    Max Threads :                                20
    Run time :                                   3950 sec.
    Turnaround time :                            4034 sec.

The output (if any) follows:



PS:

Read file <./bsub_log/423.err> for stderr output of this job.

