Sender: LSF System <lsfadmin@ccb175>
Subject: Job 52359683: <bash -c "basf2 etapip_gg_fit_v6_toymc_100.py 425 > /home/belle2/jaeyoung/storage_ghi/Ntuples_ghi_2/MC15ri_generic/MC15ri_etaetapip_tight_v2_240419_Kp_BCS_etapi0const/bsub_log//MC15ri_etapip_gg_fitv6_toyMC_100_425.log"> in cluster <centralcluster> Done

Job <bash -c "basf2 etapip_gg_fit_v6_toymc_100.py 425 > /home/belle2/jaeyoung/storage_ghi/Ntuples_ghi_2/MC15ri_generic/MC15ri_etaetapip_tight_v2_240419_Kp_BCS_etapi0const/bsub_log//MC15ri_etapip_gg_fitv6_toyMC_100_425.log"> was submitted from host <ccw02> by user <jaeyoung> in cluster <centralcluster> at Sat Jul 20 14:40:30 2024
Job was executed on host(s) <ccb175>, in queue <s>, as user <jaeyoung> in cluster <centralcluster> at Sat Jul 20 14:44:59 2024
</home/belle2/jaeyoung> was used as the home directory.
</home/belle2/jaeyoung/workspace/DRAW_and_FITTING/main/FITTING/etapip/MC15ri_generic/tight_v2_fit_v6/ToyMC> was used as the working directory.
Started at Sat Jul 20 14:44:59 2024
Terminated at Sat Jul 20 15:34:16 2024
Results reported at Sat Jul 20 15:34:16 2024

Your job looked like:

------------------------------------------------------------
# LSBATCH: User input
bash -c "basf2 etapip_gg_fit_v6_toymc_100.py 425 > /home/belle2/jaeyoung/storage_ghi/Ntuples_ghi_2/MC15ri_generic/MC15ri_etaetapip_tight_v2_240419_Kp_BCS_etapi0const/bsub_log//MC15ri_etapip_gg_fitv6_toyMC_100_425.log"
------------------------------------------------------------

Successfully completed.

Resource usage summary:

    CPU time :                                   2910.07 sec.
    Max Memory :                                 1311 MB
    Average Memory :                             949.73 MB
    Total Requested Memory :                     4000.00 MB
    Delta Memory :                               2689.00 MB
    Max Swap :                                   -
    Max Processes :                              19
    Max Threads :                                20
    Run time :                                   2957 sec.
    Turnaround time :                            3226 sec.

The output (if any) follows:



PS:

Read file <./bsub_log/425.err> for stderr output of this job.

Sender: LSF System <lsfadmin@ccb107>
Subject: Job 53030658: <bash -c "basf2 etapip_gg_fit_v6_toymc_100.py 425 > /home/belle2/jaeyoung/storage_ghi/Ntuples_ghi_2/MC15ri_generic/MC15ri_etaetapip_tight_v2_240419_Kp_BCS_etapi0const/bsub_log//MC15ri_etapip_gg_fitv6_toyMC_100_425.log"> in cluster <centralcluster> Done

Job <bash -c "basf2 etapip_gg_fit_v6_toymc_100.py 425 > /home/belle2/jaeyoung/storage_ghi/Ntuples_ghi_2/MC15ri_generic/MC15ri_etaetapip_tight_v2_240419_Kp_BCS_etapi0const/bsub_log//MC15ri_etapip_gg_fitv6_toyMC_100_425.log"> was submitted from host <ccw03> by user <jaeyoung> in cluster <centralcluster> at Sun Jul 21 17:31:52 2024
Job was executed on host(s) <ccb107>, in queue <s>, as user <jaeyoung> in cluster <centralcluster> at Sun Jul 21 17:32:36 2024
</home/belle2/jaeyoung> was used as the home directory.
</home/belle2/jaeyoung/workspace/DRAW_and_FITTING/main/FITTING/etapip/MC15ri_generic/tight_v2_fit_v6/ToyMC> was used as the working directory.
Started at Sun Jul 21 17:32:36 2024
Terminated at Sun Jul 21 18:23:24 2024
Results reported at Sun Jul 21 18:23:24 2024

Your job looked like:

------------------------------------------------------------
# LSBATCH: User input
bash -c "basf2 etapip_gg_fit_v6_toymc_100.py 425 > /home/belle2/jaeyoung/storage_ghi/Ntuples_ghi_2/MC15ri_generic/MC15ri_etaetapip_tight_v2_240419_Kp_BCS_etapi0const/bsub_log//MC15ri_etapip_gg_fitv6_toyMC_100_425.log"
------------------------------------------------------------

Successfully completed.

Resource usage summary:

    CPU time :                                   3035.05 sec.
    Max Memory :                                 1311 MB
    Average Memory :                             940.83 MB
    Total Requested Memory :                     4000.00 MB
    Delta Memory :                               2689.00 MB
    Max Swap :                                   -
    Max Processes :                              19
    Max Threads :                                20
    Run time :                                   3049 sec.
    Turnaround time :                            3092 sec.

The output (if any) follows:



PS:

Read file <./bsub_log/425.err> for stderr output of this job.

Sender: LSF System <lsfadmin@ccb002>
Subject: Job 53203138: <bash -c "basf2 etapip_gg_fit_v6_toymc_100.py 425 > /home/belle2/jaeyoung/storage_ghi/Ntuples_ghi_2/MC15ri_generic/MC15ri_etaetapip_tight_v2_240419_Kp_BCS_etapi0const/bsub_log//MC15ri_etapip_gg_fitv6_toyMC_100_425.log"> in cluster <centralcluster> Exited

Job <bash -c "basf2 etapip_gg_fit_v6_toymc_100.py 425 > /home/belle2/jaeyoung/storage_ghi/Ntuples_ghi_2/MC15ri_generic/MC15ri_etaetapip_tight_v2_240419_Kp_BCS_etapi0const/bsub_log//MC15ri_etapip_gg_fitv6_toyMC_100_425.log"> was submitted from host <ccw03> by user <jaeyoung> in cluster <centralcluster> at Mon Jul 22 00:50:59 2024
Job was executed on host(s) <ccb002>, in queue <s>, as user <jaeyoung> in cluster <centralcluster> at Mon Jul 22 00:52:34 2024
</home/belle2/jaeyoung> was used as the home directory.
</home/belle2/jaeyoung/workspace/DRAW_and_FITTING/main/FITTING/etapip/MC15ri_generic/tight_v2_fit_v6/ToyMC> was used as the working directory.
Started at Mon Jul 22 00:52:34 2024
Terminated at Mon Jul 22 01:09:35 2024
Results reported at Mon Jul 22 01:09:35 2024

Your job looked like:

------------------------------------------------------------
# LSBATCH: User input
bash -c "basf2 etapip_gg_fit_v6_toymc_100.py 425 > /home/belle2/jaeyoung/storage_ghi/Ntuples_ghi_2/MC15ri_generic/MC15ri_etaetapip_tight_v2_240419_Kp_BCS_etapi0const/bsub_log//MC15ri_etapip_gg_fitv6_toyMC_100_425.log"
------------------------------------------------------------

Exited with exit code 1.

Resource usage summary:

    CPU time :                                   1016.35 sec.
    Max Memory :                                 1255 MB
    Average Memory :                             1173.90 MB
    Total Requested Memory :                     4000.00 MB
    Delta Memory :                               2745.00 MB
    Max Swap :                                   -
    Max Processes :                              19
    Max Threads :                                20
    Run time :                                   1021 sec.
    Turnaround time :                            1116 sec.

The output (if any) follows:



PS:

Read file <./bsub_log/425.err> for stderr output of this job.

Sender: LSF System <lsfadmin@ccb214>
Subject: Job 53407321: <bash -c "basf2 etapip_gg_fit_v6_toymc_100.py 425 > /home/belle2/jaeyoung/storage_ghi/Ntuples_ghi_2/MC15ri_generic/MC15ri_etaetapip_tight_v2_240419_Kp_BCS_etapi0const/bsub_log//MC15ri_etapip_gg_fitv6_toyMC_100_425.log"> in cluster <centralcluster> Done

Job <bash -c "basf2 etapip_gg_fit_v6_toymc_100.py 425 > /home/belle2/jaeyoung/storage_ghi/Ntuples_ghi_2/MC15ri_generic/MC15ri_etaetapip_tight_v2_240419_Kp_BCS_etapi0const/bsub_log//MC15ri_etapip_gg_fitv6_toyMC_100_425.log"> was submitted from host <ccw06> by user <jaeyoung> in cluster <centralcluster> at Mon Jul 22 10:49:37 2024
Job was executed on host(s) <ccb214>, in queue <s>, as user <jaeyoung> in cluster <centralcluster> at Mon Jul 22 10:50:15 2024
</home/belle2/jaeyoung> was used as the home directory.
</home/belle2/jaeyoung/workspace/DRAW_and_FITTING/main/FITTING/etapip/MC15ri_generic/tight_v2_fit_v6/ToyMC> was used as the working directory.
Started at Mon Jul 22 10:50:15 2024
Terminated at Mon Jul 22 11:35:58 2024
Results reported at Mon Jul 22 11:35:58 2024

Your job looked like:

------------------------------------------------------------
# LSBATCH: User input
bash -c "basf2 etapip_gg_fit_v6_toymc_100.py 425 > /home/belle2/jaeyoung/storage_ghi/Ntuples_ghi_2/MC15ri_generic/MC15ri_etaetapip_tight_v2_240419_Kp_BCS_etapi0const/bsub_log//MC15ri_etapip_gg_fitv6_toyMC_100_425.log"
------------------------------------------------------------

Successfully completed.

Resource usage summary:

    CPU time :                                   2728.14 sec.
    Max Memory :                                 1311 MB
    Average Memory :                             950.93 MB
    Total Requested Memory :                     4000.00 MB
    Delta Memory :                               2689.00 MB
    Max Swap :                                   -
    Max Processes :                              19
    Max Threads :                                20
    Run time :                                   2743 sec.
    Turnaround time :                            2781 sec.

The output (if any) follows:



PS:

Read file <./bsub_log/425.err> for stderr output of this job.

Sender: LSF System <lsfadmin@ccb069>
Subject: Job 53599671: <bash -c "basf2 etapip_gg_fit_v6_toymc_100.py 425 > /home/belle2/jaeyoung/storage_ghi/Ntuples_ghi_2/MC15ri_generic/MC15ri_etaetapip_tight_v2_240419_Kp_BCS_etapi0const/bsub_log//MC15ri_etapip_gg_fitv6_toyMC_100_425.log"> in cluster <centralcluster> Done

Job <bash -c "basf2 etapip_gg_fit_v6_toymc_100.py 425 > /home/belle2/jaeyoung/storage_ghi/Ntuples_ghi_2/MC15ri_generic/MC15ri_etaetapip_tight_v2_240419_Kp_BCS_etapi0const/bsub_log//MC15ri_etapip_gg_fitv6_toyMC_100_425.log"> was submitted from host <ccw03> by user <jaeyoung> in cluster <centralcluster> at Mon Jul 22 18:35:51 2024
Job was executed on host(s) <ccb069>, in queue <s>, as user <jaeyoung> in cluster <centralcluster> at Mon Jul 22 18:37:54 2024
</home/belle2/jaeyoung> was used as the home directory.
</home/belle2/jaeyoung/workspace/DRAW_and_FITTING/main/FITTING/etapip/MC15ri_generic/tight_v2_fit_v6/ToyMC> was used as the working directory.
Started at Mon Jul 22 18:37:54 2024
Terminated at Mon Jul 22 19:25:39 2024
Results reported at Mon Jul 22 19:25:39 2024

Your job looked like:

------------------------------------------------------------
# LSBATCH: User input
bash -c "basf2 etapip_gg_fit_v6_toymc_100.py 425 > /home/belle2/jaeyoung/storage_ghi/Ntuples_ghi_2/MC15ri_generic/MC15ri_etaetapip_tight_v2_240419_Kp_BCS_etapi0const/bsub_log//MC15ri_etapip_gg_fitv6_toyMC_100_425.log"
------------------------------------------------------------

Successfully completed.

Resource usage summary:

    CPU time :                                   2838.42 sec.
    Max Memory :                                 1310 MB
    Average Memory :                             933.44 MB
    Total Requested Memory :                     4000.00 MB
    Delta Memory :                               2690.00 MB
    Max Swap :                                   -
    Max Processes :                              19
    Max Threads :                                20
    Run time :                                   2866 sec.
    Turnaround time :                            2988 sec.

The output (if any) follows:



PS:

Read file <./bsub_log/425.err> for stderr output of this job.

Sender: LSF System <lsfadmin@ccb286>
Subject: Job 53832948: <bash -c "basf2 etapip_gg_fit_v6_toymc_100.py 425 > /home/belle2/jaeyoung/storage_ghi/Ntuples_ghi_2/MC15ri_generic/MC15ri_etaetapip_tight_v2_240419_Kp_BCS_etapi0const/bsub_log//MC15ri_etapip_gg_fitv6_toyMC_100_425.log"> in cluster <centralcluster> Done

Job <bash -c "basf2 etapip_gg_fit_v6_toymc_100.py 425 > /home/belle2/jaeyoung/storage_ghi/Ntuples_ghi_2/MC15ri_generic/MC15ri_etaetapip_tight_v2_240419_Kp_BCS_etapi0const/bsub_log//MC15ri_etapip_gg_fitv6_toyMC_100_425.log"> was submitted from host <ccw05> by user <jaeyoung> in cluster <centralcluster> at Tue Jul 23 00:50:49 2024
Job was executed on host(s) <ccb286>, in queue <s>, as user <jaeyoung> in cluster <centralcluster> at Tue Jul 23 00:51:05 2024
</home/belle2/jaeyoung> was used as the home directory.
</home/belle2/jaeyoung/workspace/DRAW_and_FITTING/main/FITTING/etapip/MC15ri_generic/tight_v2_fit_v6/ToyMC> was used as the working directory.
Started at Tue Jul 23 00:51:05 2024
Terminated at Tue Jul 23 01:37:28 2024
Results reported at Tue Jul 23 01:37:28 2024

Your job looked like:

------------------------------------------------------------
# LSBATCH: User input
bash -c "basf2 etapip_gg_fit_v6_toymc_100.py 425 > /home/belle2/jaeyoung/storage_ghi/Ntuples_ghi_2/MC15ri_generic/MC15ri_etaetapip_tight_v2_240419_Kp_BCS_etapi0const/bsub_log//MC15ri_etapip_gg_fitv6_toyMC_100_425.log"
------------------------------------------------------------

Successfully completed.

Resource usage summary:

    CPU time :                                   2738.73 sec.
    Max Memory :                                 1311 MB
    Average Memory :                             952.05 MB
    Total Requested Memory :                     4000.00 MB
    Delta Memory :                               2689.00 MB
    Max Swap :                                   -
    Max Processes :                              19
    Max Threads :                                20
    Run time :                                   2784 sec.
    Turnaround time :                            2799 sec.

The output (if any) follows:



PS:

Read file <./bsub_log/425.err> for stderr output of this job.

Sender: LSF System <lsfadmin@ccb243>
Subject: Job 54398551: <bash -c "basf2 etapip_gg_fit_v6_toymc_100.py 425 > /home/belle2/jaeyoung/storage_ghi/Ntuples_ghi_2/MC15ri_generic/MC15ri_etaetapip_tight_v2_240419_Kp_BCS_etapi0const/bsub_log//MC15ri_etapip_gg_fitv6_toyMC_100_425.log"> in cluster <centralcluster> Done

Job <bash -c "basf2 etapip_gg_fit_v6_toymc_100.py 425 > /home/belle2/jaeyoung/storage_ghi/Ntuples_ghi_2/MC15ri_generic/MC15ri_etaetapip_tight_v2_240419_Kp_BCS_etapi0const/bsub_log//MC15ri_etapip_gg_fitv6_toyMC_100_425.log"> was submitted from host <ccw04> by user <jaeyoung> in cluster <centralcluster> at Tue Jul 23 18:00:04 2024
Job was executed on host(s) <ccb243>, in queue <s>, as user <jaeyoung> in cluster <centralcluster> at Tue Jul 23 18:47:13 2024
</home/belle2/jaeyoung> was used as the home directory.
</home/belle2/jaeyoung/workspace/DRAW_and_FITTING/main/FITTING/etapip/MC15ri_generic/tight_v2_fit_v6/ToyMC> was used as the working directory.
Started at Tue Jul 23 18:47:13 2024
Terminated at Tue Jul 23 19:33:45 2024
Results reported at Tue Jul 23 19:33:45 2024

Your job looked like:

------------------------------------------------------------
# LSBATCH: User input
bash -c "basf2 etapip_gg_fit_v6_toymc_100.py 425 > /home/belle2/jaeyoung/storage_ghi/Ntuples_ghi_2/MC15ri_generic/MC15ri_etaetapip_tight_v2_240419_Kp_BCS_etapi0const/bsub_log//MC15ri_etapip_gg_fitv6_toyMC_100_425.log"
------------------------------------------------------------

Successfully completed.

Resource usage summary:

    CPU time :                                   2754.02 sec.
    Max Memory :                                 1338 MB
    Average Memory :                             972.28 MB
    Total Requested Memory :                     4000.00 MB
    Delta Memory :                               2662.00 MB
    Max Swap :                                   -
    Max Processes :                              19
    Max Threads :                                20
    Run time :                                   2791 sec.
    Turnaround time :                            5621 sec.

The output (if any) follows:



PS:

Read file <./bsub_log/425.err> for stderr output of this job.

Sender: LSF System <lsfadmin@ccb267>
Subject: Job 54471242: <bash -c "basf2 etapip_gg_fit_v6_toymc_100.py 425 > /home/belle2/jaeyoung/storage_ghi/Ntuples_ghi_2/MC15ri_generic/MC15ri_etaetapip_tight_v2_240419_Kp_BCS_etapi0const/bsub_log//MC15ri_etapip_gg_fitv6_toyMC_100_425.log"> in cluster <centralcluster> Done

Job <bash -c "basf2 etapip_gg_fit_v6_toymc_100.py 425 > /home/belle2/jaeyoung/storage_ghi/Ntuples_ghi_2/MC15ri_generic/MC15ri_etaetapip_tight_v2_240419_Kp_BCS_etapi0const/bsub_log//MC15ri_etapip_gg_fitv6_toyMC_100_425.log"> was submitted from host <ccw03> by user <jaeyoung> in cluster <centralcluster> at Tue Jul 23 19:38:59 2024
Job was executed on host(s) <ccb267>, in queue <s>, as user <jaeyoung> in cluster <centralcluster> at Tue Jul 23 19:39:09 2024
</home/belle2/jaeyoung> was used as the home directory.
</home/belle2/jaeyoung/workspace/DRAW_and_FITTING/main/FITTING/etapip/MC15ri_generic/tight_v2_fit_v6/ToyMC> was used as the working directory.
Started at Tue Jul 23 19:39:09 2024
Terminated at Tue Jul 23 20:26:23 2024
Results reported at Tue Jul 23 20:26:23 2024

Your job looked like:

------------------------------------------------------------
# LSBATCH: User input
bash -c "basf2 etapip_gg_fit_v6_toymc_100.py 425 > /home/belle2/jaeyoung/storage_ghi/Ntuples_ghi_2/MC15ri_generic/MC15ri_etaetapip_tight_v2_240419_Kp_BCS_etapi0const/bsub_log//MC15ri_etapip_gg_fitv6_toyMC_100_425.log"
------------------------------------------------------------

Successfully completed.

Resource usage summary:

    CPU time :                                   2810.95 sec.
    Max Memory :                                 1315 MB
    Average Memory :                             981.70 MB
    Total Requested Memory :                     4000.00 MB
    Delta Memory :                               2685.00 MB
    Max Swap :                                   -
    Max Processes :                              19
    Max Threads :                                20
    Run time :                                   2834 sec.
    Turnaround time :                            2844 sec.

The output (if any) follows:



PS:

Read file <./bsub_log/425.err> for stderr output of this job.

Sender: LSF System <lsfadmin@ccb152>
Subject: Job 55516227: <bash -c "basf2 etapip_gg_fit_v6_toymc_100.py 425 > /home/belle2/jaeyoung/storage_ghi/Ntuples_ghi_2/MC15ri_generic/MC15ri_etaetapip_tight_v2_240419_Kp_BCS_etapi0const/bsub_log//MC15ri_etapip_gg_fitv6_toyMC_100_425.log"> in cluster <centralcluster> Done

Job <bash -c "basf2 etapip_gg_fit_v6_toymc_100.py 425 > /home/belle2/jaeyoung/storage_ghi/Ntuples_ghi_2/MC15ri_generic/MC15ri_etaetapip_tight_v2_240419_Kp_BCS_etapi0const/bsub_log//MC15ri_etapip_gg_fitv6_toyMC_100_425.log"> was submitted from host <ccw01> by user <jaeyoung> in cluster <centralcluster> at Thu Jul 25 20:51:53 2024
Job was executed on host(s) <ccb152>, in queue <s>, as user <jaeyoung> in cluster <centralcluster> at Thu Jul 25 20:51:56 2024
</home/belle2/jaeyoung> was used as the home directory.
</gpfs/home/belle2/jaeyoung/workspace/DRAW_and_FITTING/main/FITTING/etapip/MC15ri_generic/tight_v2_fit_v6/ToyMC> was used as the working directory.
Started at Thu Jul 25 20:51:56 2024
Terminated at Thu Jul 25 21:41:16 2024
Results reported at Thu Jul 25 21:41:16 2024

Your job looked like:

------------------------------------------------------------
# LSBATCH: User input
bash -c "basf2 etapip_gg_fit_v6_toymc_100.py 425 > /home/belle2/jaeyoung/storage_ghi/Ntuples_ghi_2/MC15ri_generic/MC15ri_etaetapip_tight_v2_240419_Kp_BCS_etapi0const/bsub_log//MC15ri_etapip_gg_fitv6_toyMC_100_425.log"
------------------------------------------------------------

Successfully completed.

Resource usage summary:

    CPU time :                                   2925.22 sec.
    Max Memory :                                 1349 MB
    Average Memory :                             995.60 MB
    Total Requested Memory :                     4000.00 MB
    Delta Memory :                               2651.00 MB
    Max Swap :                                   -
    Max Processes :                              19
    Max Threads :                                20
    Run time :                                   2961 sec.
    Turnaround time :                            2963 sec.

The output (if any) follows:



PS:

Read file <./bsub_log/425.err> for stderr output of this job.

Sender: LSF System <lsfadmin@ccb515>
Subject: Job 56103868: <bash -c "basf2 etapip_gg_fit_v6_toymc_100.py 425 > /home/belle2/jaeyoung/storage_ghi/Ntuples_ghi_2/MC15ri_generic/MC15ri_etaetapip_tight_v2_240419_Kp_BCS_etapi0const/bsub_log//MC15ri_etapip_gg_fitv6_toyMC_100_425.log"> in cluster <centralcluster> Done

Job <bash -c "basf2 etapip_gg_fit_v6_toymc_100.py 425 > /home/belle2/jaeyoung/storage_ghi/Ntuples_ghi_2/MC15ri_generic/MC15ri_etaetapip_tight_v2_240419_Kp_BCS_etapi0const/bsub_log//MC15ri_etapip_gg_fitv6_toyMC_100_425.log"> was submitted from host <ccw06> by user <jaeyoung> in cluster <centralcluster> at Fri Jul 26 23:44:36 2024
Job was executed on host(s) <ccb515>, in queue <s>, as user <jaeyoung> in cluster <centralcluster> at Sat Jul 27 00:24:33 2024
</home/belle2/jaeyoung> was used as the home directory.
</home/belle2/jaeyoung/workspace/DRAW_and_FITTING/main/FITTING/etapip/MC15ri_generic/tight_v2_fit_v6/ToyMC> was used as the working directory.
Started at Sat Jul 27 00:24:33 2024
Terminated at Sat Jul 27 00:58:04 2024
Results reported at Sat Jul 27 00:58:04 2024

Your job looked like:

------------------------------------------------------------
# LSBATCH: User input
bash -c "basf2 etapip_gg_fit_v6_toymc_100.py 425 > /home/belle2/jaeyoung/storage_ghi/Ntuples_ghi_2/MC15ri_generic/MC15ri_etaetapip_tight_v2_240419_Kp_BCS_etapi0const/bsub_log//MC15ri_etapip_gg_fitv6_toyMC_100_425.log"
------------------------------------------------------------

Successfully completed.

Resource usage summary:

    CPU time :                                   1974.01 sec.
    Max Memory :                                 905 MB
    Average Memory :                             645.58 MB
    Total Requested Memory :                     4000.00 MB
    Delta Memory :                               3095.00 MB
    Max Swap :                                   -
    Max Processes :                              19
    Max Threads :                                20
    Run time :                                   2012 sec.
    Turnaround time :                            4408 sec.

The output (if any) follows:



PS:

Read file <./bsub_log/425.err> for stderr output of this job.

Sender: LSF System <lsfadmin@ccb125>
Subject: Job 56133802: <bash -c "basf2 etapip_gg_fit_v6_toymc_100.py 425 > /home/belle2/jaeyoung/storage_ghi/Ntuples_ghi_2/MC15ri_generic/MC15ri_etaetapip_tight_v2_240419_Kp_BCS_etapi0const/bsub_log//MC15ri_etapip_gg_fitv6_toyMC_100_425.log"> in cluster <centralcluster> Done

Job <bash -c "basf2 etapip_gg_fit_v6_toymc_100.py 425 > /home/belle2/jaeyoung/storage_ghi/Ntuples_ghi_2/MC15ri_generic/MC15ri_etaetapip_tight_v2_240419_Kp_BCS_etapi0const/bsub_log//MC15ri_etapip_gg_fitv6_toyMC_100_425.log"> was submitted from host <ccw03> by user <jaeyoung> in cluster <centralcluster> at Sat Jul 27 01:14:04 2024
Job was executed on host(s) <ccb125>, in queue <s>, as user <jaeyoung> in cluster <centralcluster> at Sat Jul 27 03:05:41 2024
</home/belle2/jaeyoung> was used as the home directory.
</gpfs/home/belle2/jaeyoung/workspace/DRAW_and_FITTING/main/FITTING/etapip/MC15ri_generic/tight_v2_fit_v6/ToyMC> was used as the working directory.
Started at Sat Jul 27 03:05:41 2024
Terminated at Sat Jul 27 03:44:28 2024
Results reported at Sat Jul 27 03:44:28 2024

Your job looked like:

------------------------------------------------------------
# LSBATCH: User input
bash -c "basf2 etapip_gg_fit_v6_toymc_100.py 425 > /home/belle2/jaeyoung/storage_ghi/Ntuples_ghi_2/MC15ri_generic/MC15ri_etaetapip_tight_v2_240419_Kp_BCS_etapi0const/bsub_log//MC15ri_etapip_gg_fitv6_toyMC_100_425.log"
------------------------------------------------------------

Successfully completed.

Resource usage summary:

    CPU time :                                   2293.99 sec.
    Max Memory :                                 954 MB
    Average Memory :                             669.03 MB
    Total Requested Memory :                     4000.00 MB
    Delta Memory :                               3046.00 MB
    Max Swap :                                   -
    Max Processes :                              19
    Max Threads :                                20
    Run time :                                   2326 sec.
    Turnaround time :                            9024 sec.

The output (if any) follows:



PS:

Read file <./bsub_log/425.err> for stderr output of this job.

