Sender: LSF System <lsfadmin@ccb524>
Subject: Job 52359687: <bash -c "basf2 etapip_gg_fit_v6_toymc_100.py 429 > /home/belle2/jaeyoung/storage_ghi/Ntuples_ghi_2/MC15ri_generic/MC15ri_etaetapip_tight_v2_240419_Kp_BCS_etapi0const/bsub_log//MC15ri_etapip_gg_fitv6_toyMC_100_429.log"> in cluster <centralcluster> Done

Job <bash -c "basf2 etapip_gg_fit_v6_toymc_100.py 429 > /home/belle2/jaeyoung/storage_ghi/Ntuples_ghi_2/MC15ri_generic/MC15ri_etaetapip_tight_v2_240419_Kp_BCS_etapi0const/bsub_log//MC15ri_etapip_gg_fitv6_toyMC_100_429.log"> was submitted from host <ccw02> by user <jaeyoung> in cluster <centralcluster> at Sat Jul 20 14:40:32 2024
Job was executed on host(s) <ccb524>, in queue <s>, as user <jaeyoung> in cluster <centralcluster> at Sat Jul 20 14:45:12 2024
</home/belle2/jaeyoung> was used as the home directory.
</home/belle2/jaeyoung/workspace/DRAW_and_FITTING/main/FITTING/etapip/MC15ri_generic/tight_v2_fit_v6/ToyMC> was used as the working directory.
Started at Sat Jul 20 14:45:12 2024
Terminated at Sat Jul 20 15:36:10 2024
Results reported at Sat Jul 20 15:36:10 2024

Your job looked like:

------------------------------------------------------------
# LSBATCH: User input
bash -c "basf2 etapip_gg_fit_v6_toymc_100.py 429 > /home/belle2/jaeyoung/storage_ghi/Ntuples_ghi_2/MC15ri_generic/MC15ri_etaetapip_tight_v2_240419_Kp_BCS_etapi0const/bsub_log//MC15ri_etapip_gg_fitv6_toyMC_100_429.log"
------------------------------------------------------------

Successfully completed.

Resource usage summary:

    CPU time :                                   3020.71 sec.
    Max Memory :                                 1311 MB
    Average Memory :                             979.82 MB
    Total Requested Memory :                     4000.00 MB
    Delta Memory :                               2689.00 MB
    Max Swap :                                   -
    Max Processes :                              19
    Max Threads :                                20
    Run time :                                   3059 sec.
    Turnaround time :                            3338 sec.

The output (if any) follows:



PS:

Read file <./bsub_log/429.err> for stderr output of this job.

Sender: LSF System <lsfadmin@ccb561>
Subject: Job 53030674: <bash -c "basf2 etapip_gg_fit_v6_toymc_100.py 429 > /home/belle2/jaeyoung/storage_ghi/Ntuples_ghi_2/MC15ri_generic/MC15ri_etaetapip_tight_v2_240419_Kp_BCS_etapi0const/bsub_log//MC15ri_etapip_gg_fitv6_toyMC_100_429.log"> in cluster <centralcluster> Done

Job <bash -c "basf2 etapip_gg_fit_v6_toymc_100.py 429 > /home/belle2/jaeyoung/storage_ghi/Ntuples_ghi_2/MC15ri_generic/MC15ri_etaetapip_tight_v2_240419_Kp_BCS_etapi0const/bsub_log//MC15ri_etapip_gg_fitv6_toyMC_100_429.log"> was submitted from host <ccw03> by user <jaeyoung> in cluster <centralcluster> at Sun Jul 21 17:31:53 2024
Job was executed on host(s) <ccb561>, in queue <s>, as user <jaeyoung> in cluster <centralcluster> at Sun Jul 21 17:32:37 2024
</home/belle2/jaeyoung> was used as the home directory.
</home/belle2/jaeyoung/workspace/DRAW_and_FITTING/main/FITTING/etapip/MC15ri_generic/tight_v2_fit_v6/ToyMC> was used as the working directory.
Started at Sun Jul 21 17:32:37 2024
Terminated at Sun Jul 21 18:24:44 2024
Results reported at Sun Jul 21 18:24:44 2024

Your job looked like:

------------------------------------------------------------
# LSBATCH: User input
bash -c "basf2 etapip_gg_fit_v6_toymc_100.py 429 > /home/belle2/jaeyoung/storage_ghi/Ntuples_ghi_2/MC15ri_generic/MC15ri_etaetapip_tight_v2_240419_Kp_BCS_etapi0const/bsub_log//MC15ri_etapip_gg_fitv6_toyMC_100_429.log"
------------------------------------------------------------

Successfully completed.

Resource usage summary:

    CPU time :                                   3041.60 sec.
    Max Memory :                                 1311 MB
    Average Memory :                             946.71 MB
    Total Requested Memory :                     4000.00 MB
    Delta Memory :                               2689.00 MB
    Max Swap :                                   -
    Max Processes :                              19
    Max Threads :                                20
    Run time :                                   3127 sec.
    Turnaround time :                            3171 sec.

The output (if any) follows:



PS:

Read file <./bsub_log/429.err> for stderr output of this job.

Sender: LSF System <lsfadmin@ccb247>
Subject: Job 53203150: <bash -c "basf2 etapip_gg_fit_v6_toymc_100.py 429 > /home/belle2/jaeyoung/storage_ghi/Ntuples_ghi_2/MC15ri_generic/MC15ri_etaetapip_tight_v2_240419_Kp_BCS_etapi0const/bsub_log//MC15ri_etapip_gg_fitv6_toyMC_100_429.log"> in cluster <centralcluster> Exited

Job <bash -c "basf2 etapip_gg_fit_v6_toymc_100.py 429 > /home/belle2/jaeyoung/storage_ghi/Ntuples_ghi_2/MC15ri_generic/MC15ri_etaetapip_tight_v2_240419_Kp_BCS_etapi0const/bsub_log//MC15ri_etapip_gg_fitv6_toyMC_100_429.log"> was submitted from host <ccw03> by user <jaeyoung> in cluster <centralcluster> at Mon Jul 22 00:51:00 2024
Job was executed on host(s) <ccb247>, in queue <s>, as user <jaeyoung> in cluster <centralcluster> at Mon Jul 22 00:52:43 2024
</home/belle2/jaeyoung> was used as the home directory.
</home/belle2/jaeyoung/workspace/DRAW_and_FITTING/main/FITTING/etapip/MC15ri_generic/tight_v2_fit_v6/ToyMC> was used as the working directory.
Started at Mon Jul 22 00:52:43 2024
Terminated at Mon Jul 22 01:09:25 2024
Results reported at Mon Jul 22 01:09:25 2024

Your job looked like:

------------------------------------------------------------
# LSBATCH: User input
bash -c "basf2 etapip_gg_fit_v6_toymc_100.py 429 > /home/belle2/jaeyoung/storage_ghi/Ntuples_ghi_2/MC15ri_generic/MC15ri_etaetapip_tight_v2_240419_Kp_BCS_etapi0const/bsub_log//MC15ri_etapip_gg_fitv6_toyMC_100_429.log"
------------------------------------------------------------

Exited with exit code 1.

Resource usage summary:

    CPU time :                                   996.36 sec.
    Max Memory :                                 1288 MB
    Average Memory :                             1207.25 MB
    Total Requested Memory :                     4000.00 MB
    Delta Memory :                               2712.00 MB
    Max Swap :                                   -
    Max Processes :                              19
    Max Threads :                                20
    Run time :                                   1001 sec.
    Turnaround time :                            1105 sec.

The output (if any) follows:



PS:

Read file <./bsub_log/429.err> for stderr output of this job.

Sender: LSF System <lsfadmin@ccb502>
Subject: Job 53407330: <bash -c "basf2 etapip_gg_fit_v6_toymc_100.py 429 > /home/belle2/jaeyoung/storage_ghi/Ntuples_ghi_2/MC15ri_generic/MC15ri_etaetapip_tight_v2_240419_Kp_BCS_etapi0const/bsub_log//MC15ri_etapip_gg_fitv6_toyMC_100_429.log"> in cluster <centralcluster> Done

Job <bash -c "basf2 etapip_gg_fit_v6_toymc_100.py 429 > /home/belle2/jaeyoung/storage_ghi/Ntuples_ghi_2/MC15ri_generic/MC15ri_etaetapip_tight_v2_240419_Kp_BCS_etapi0const/bsub_log//MC15ri_etapip_gg_fitv6_toyMC_100_429.log"> was submitted from host <ccw06> by user <jaeyoung> in cluster <centralcluster> at Mon Jul 22 10:49:39 2024
Job was executed on host(s) <ccb502>, in queue <s>, as user <jaeyoung> in cluster <centralcluster> at Mon Jul 22 10:50:17 2024
</home/belle2/jaeyoung> was used as the home directory.
</home/belle2/jaeyoung/workspace/DRAW_and_FITTING/main/FITTING/etapip/MC15ri_generic/tight_v2_fit_v6/ToyMC> was used as the working directory.
Started at Mon Jul 22 10:50:17 2024
Terminated at Mon Jul 22 11:38:20 2024
Results reported at Mon Jul 22 11:38:20 2024

Your job looked like:

------------------------------------------------------------
# LSBATCH: User input
bash -c "basf2 etapip_gg_fit_v6_toymc_100.py 429 > /home/belle2/jaeyoung/storage_ghi/Ntuples_ghi_2/MC15ri_generic/MC15ri_etaetapip_tight_v2_240419_Kp_BCS_etapi0const/bsub_log//MC15ri_etapip_gg_fitv6_toyMC_100_429.log"
------------------------------------------------------------

Successfully completed.

Resource usage summary:

    CPU time :                                   2832.61 sec.
    Max Memory :                                 1315 MB
    Average Memory :                             955.87 MB
    Total Requested Memory :                     4000.00 MB
    Delta Memory :                               2685.00 MB
    Max Swap :                                   -
    Max Processes :                              19
    Max Threads :                                20
    Run time :                                   2883 sec.
    Turnaround time :                            2921 sec.

The output (if any) follows:



PS:

Read file <./bsub_log/429.err> for stderr output of this job.

Sender: LSF System <lsfadmin@ccb215>
Subject: Job 53599684: <bash -c "basf2 etapip_gg_fit_v6_toymc_100.py 429 > /home/belle2/jaeyoung/storage_ghi/Ntuples_ghi_2/MC15ri_generic/MC15ri_etaetapip_tight_v2_240419_Kp_BCS_etapi0const/bsub_log//MC15ri_etapip_gg_fitv6_toyMC_100_429.log"> in cluster <centralcluster> Done

Job <bash -c "basf2 etapip_gg_fit_v6_toymc_100.py 429 > /home/belle2/jaeyoung/storage_ghi/Ntuples_ghi_2/MC15ri_generic/MC15ri_etaetapip_tight_v2_240419_Kp_BCS_etapi0const/bsub_log//MC15ri_etapip_gg_fitv6_toyMC_100_429.log"> was submitted from host <ccw03> by user <jaeyoung> in cluster <centralcluster> at Mon Jul 22 18:35:52 2024
Job was executed on host(s) <ccb215>, in queue <s>, as user <jaeyoung> in cluster <centralcluster> at Mon Jul 22 18:37:58 2024
</home/belle2/jaeyoung> was used as the home directory.
</home/belle2/jaeyoung/workspace/DRAW_and_FITTING/main/FITTING/etapip/MC15ri_generic/tight_v2_fit_v6/ToyMC> was used as the working directory.
Started at Mon Jul 22 18:37:58 2024
Terminated at Mon Jul 22 19:35:38 2024
Results reported at Mon Jul 22 19:35:38 2024

Your job looked like:

------------------------------------------------------------
# LSBATCH: User input
bash -c "basf2 etapip_gg_fit_v6_toymc_100.py 429 > /home/belle2/jaeyoung/storage_ghi/Ntuples_ghi_2/MC15ri_generic/MC15ri_etaetapip_tight_v2_240419_Kp_BCS_etapi0const/bsub_log//MC15ri_etapip_gg_fitv6_toyMC_100_429.log"
------------------------------------------------------------

Successfully completed.

Resource usage summary:

    CPU time :                                   3429.20 sec.
    Max Memory :                                 1348 MB
    Average Memory :                             1009.49 MB
    Total Requested Memory :                     4000.00 MB
    Delta Memory :                               2652.00 MB
    Max Swap :                                   -
    Max Processes :                              19
    Max Threads :                                20
    Run time :                                   3461 sec.
    Turnaround time :                            3586 sec.

The output (if any) follows:



PS:

Read file <./bsub_log/429.err> for stderr output of this job.

Sender: LSF System <lsfadmin@ccb034>
Subject: Job 53832973: <bash -c "basf2 etapip_gg_fit_v6_toymc_100.py 429 > /home/belle2/jaeyoung/storage_ghi/Ntuples_ghi_2/MC15ri_generic/MC15ri_etaetapip_tight_v2_240419_Kp_BCS_etapi0const/bsub_log//MC15ri_etapip_gg_fitv6_toyMC_100_429.log"> in cluster <centralcluster> Done

Job <bash -c "basf2 etapip_gg_fit_v6_toymc_100.py 429 > /home/belle2/jaeyoung/storage_ghi/Ntuples_ghi_2/MC15ri_generic/MC15ri_etaetapip_tight_v2_240419_Kp_BCS_etapi0const/bsub_log//MC15ri_etapip_gg_fitv6_toyMC_100_429.log"> was submitted from host <ccw05> by user <jaeyoung> in cluster <centralcluster> at Tue Jul 23 00:50:51 2024
Job was executed on host(s) <ccb034>, in queue <s>, as user <jaeyoung> in cluster <centralcluster> at Tue Jul 23 00:51:07 2024
</home/belle2/jaeyoung> was used as the home directory.
</home/belle2/jaeyoung/workspace/DRAW_and_FITTING/main/FITTING/etapip/MC15ri_generic/tight_v2_fit_v6/ToyMC> was used as the working directory.
Started at Tue Jul 23 00:51:07 2024
Terminated at Tue Jul 23 01:37:22 2024
Results reported at Tue Jul 23 01:37:22 2024

Your job looked like:

------------------------------------------------------------
# LSBATCH: User input
bash -c "basf2 etapip_gg_fit_v6_toymc_100.py 429 > /home/belle2/jaeyoung/storage_ghi/Ntuples_ghi_2/MC15ri_generic/MC15ri_etaetapip_tight_v2_240419_Kp_BCS_etapi0const/bsub_log//MC15ri_etapip_gg_fitv6_toyMC_100_429.log"
------------------------------------------------------------

Successfully completed.

Resource usage summary:

    CPU time :                                   2764.39 sec.
    Max Memory :                                 1311 MB
    Average Memory :                             957.44 MB
    Total Requested Memory :                     4000.00 MB
    Delta Memory :                               2689.00 MB
    Max Swap :                                   -
    Max Processes :                              19
    Max Threads :                                20
    Run time :                                   2775 sec.
    Turnaround time :                            2791 sec.

The output (if any) follows:



PS:

Read file <./bsub_log/429.err> for stderr output of this job.

Sender: LSF System <lsfadmin@ccb093>
Subject: Job 54398567: <bash -c "basf2 etapip_gg_fit_v6_toymc_100.py 429 > /home/belle2/jaeyoung/storage_ghi/Ntuples_ghi_2/MC15ri_generic/MC15ri_etaetapip_tight_v2_240419_Kp_BCS_etapi0const/bsub_log//MC15ri_etapip_gg_fitv6_toyMC_100_429.log"> in cluster <centralcluster> Done

Job <bash -c "basf2 etapip_gg_fit_v6_toymc_100.py 429 > /home/belle2/jaeyoung/storage_ghi/Ntuples_ghi_2/MC15ri_generic/MC15ri_etaetapip_tight_v2_240419_Kp_BCS_etapi0const/bsub_log//MC15ri_etapip_gg_fitv6_toyMC_100_429.log"> was submitted from host <ccw04> by user <jaeyoung> in cluster <centralcluster> at Tue Jul 23 18:00:06 2024
Job was executed on host(s) <ccb093>, in queue <s>, as user <jaeyoung> in cluster <centralcluster> at Tue Jul 23 18:47:14 2024
</home/belle2/jaeyoung> was used as the home directory.
</home/belle2/jaeyoung/workspace/DRAW_and_FITTING/main/FITTING/etapip/MC15ri_generic/tight_v2_fit_v6/ToyMC> was used as the working directory.
Started at Tue Jul 23 18:47:14 2024
Terminated at Tue Jul 23 19:33:24 2024
Results reported at Tue Jul 23 19:33:24 2024

Your job looked like:

------------------------------------------------------------
# LSBATCH: User input
bash -c "basf2 etapip_gg_fit_v6_toymc_100.py 429 > /home/belle2/jaeyoung/storage_ghi/Ntuples_ghi_2/MC15ri_generic/MC15ri_etaetapip_tight_v2_240419_Kp_BCS_etapi0const/bsub_log//MC15ri_etapip_gg_fitv6_toyMC_100_429.log"
------------------------------------------------------------

Successfully completed.

Resource usage summary:

    CPU time :                                   2760.55 sec.
    Max Memory :                                 1312 MB
    Average Memory :                             942.62 MB
    Total Requested Memory :                     4000.00 MB
    Delta Memory :                               2688.00 MB
    Max Swap :                                   -
    Max Processes :                              19
    Max Threads :                                20
    Run time :                                   2770 sec.
    Turnaround time :                            5598 sec.

The output (if any) follows:



PS:

Read file <./bsub_log/429.err> for stderr output of this job.

Sender: LSF System <lsfadmin@ccb280>
Subject: Job 54471263: <bash -c "basf2 etapip_gg_fit_v6_toymc_100.py 429 > /home/belle2/jaeyoung/storage_ghi/Ntuples_ghi_2/MC15ri_generic/MC15ri_etaetapip_tight_v2_240419_Kp_BCS_etapi0const/bsub_log//MC15ri_etapip_gg_fitv6_toyMC_100_429.log"> in cluster <centralcluster> Done

Job <bash -c "basf2 etapip_gg_fit_v6_toymc_100.py 429 > /home/belle2/jaeyoung/storage_ghi/Ntuples_ghi_2/MC15ri_generic/MC15ri_etaetapip_tight_v2_240419_Kp_BCS_etapi0const/bsub_log//MC15ri_etapip_gg_fitv6_toyMC_100_429.log"> was submitted from host <ccw03> by user <jaeyoung> in cluster <centralcluster> at Tue Jul 23 19:39:00 2024
Job was executed on host(s) <ccb280>, in queue <s>, as user <jaeyoung> in cluster <centralcluster> at Tue Jul 23 19:39:09 2024
</home/belle2/jaeyoung> was used as the home directory.
</home/belle2/jaeyoung/workspace/DRAW_and_FITTING/main/FITTING/etapip/MC15ri_generic/tight_v2_fit_v6/ToyMC> was used as the working directory.
Started at Tue Jul 23 19:39:09 2024
Terminated at Tue Jul 23 20:26:28 2024
Results reported at Tue Jul 23 20:26:28 2024

Your job looked like:

------------------------------------------------------------
# LSBATCH: User input
bash -c "basf2 etapip_gg_fit_v6_toymc_100.py 429 > /home/belle2/jaeyoung/storage_ghi/Ntuples_ghi_2/MC15ri_generic/MC15ri_etaetapip_tight_v2_240419_Kp_BCS_etapi0const/bsub_log//MC15ri_etapip_gg_fitv6_toyMC_100_429.log"
------------------------------------------------------------

Successfully completed.

Resource usage summary:

    CPU time :                                   2825.71 sec.
    Max Memory :                                 1311 MB
    Average Memory :                             962.34 MB
    Total Requested Memory :                     4000.00 MB
    Delta Memory :                               2689.00 MB
    Max Swap :                                   -
    Max Processes :                              19
    Max Threads :                                20
    Run time :                                   2839 sec.
    Turnaround time :                            2848 sec.

The output (if any) follows:



PS:

Read file <./bsub_log/429.err> for stderr output of this job.

Sender: LSF System <lsfadmin@ccb198>
Subject: Job 55516235: <bash -c "basf2 etapip_gg_fit_v6_toymc_100.py 429 > /home/belle2/jaeyoung/storage_ghi/Ntuples_ghi_2/MC15ri_generic/MC15ri_etaetapip_tight_v2_240419_Kp_BCS_etapi0const/bsub_log//MC15ri_etapip_gg_fitv6_toyMC_100_429.log"> in cluster <centralcluster> Done

Job <bash -c "basf2 etapip_gg_fit_v6_toymc_100.py 429 > /home/belle2/jaeyoung/storage_ghi/Ntuples_ghi_2/MC15ri_generic/MC15ri_etaetapip_tight_v2_240419_Kp_BCS_etapi0const/bsub_log//MC15ri_etapip_gg_fitv6_toyMC_100_429.log"> was submitted from host <ccw01> by user <jaeyoung> in cluster <centralcluster> at Thu Jul 25 20:51:54 2024
Job was executed on host(s) <ccb198>, in queue <s>, as user <jaeyoung> in cluster <centralcluster> at Thu Jul 25 20:51:58 2024
</home/belle2/jaeyoung> was used as the home directory.
</gpfs/home/belle2/jaeyoung/workspace/DRAW_and_FITTING/main/FITTING/etapip/MC15ri_generic/tight_v2_fit_v6/ToyMC> was used as the working directory.
Started at Thu Jul 25 20:51:58 2024
Terminated at Thu Jul 25 21:40:14 2024
Results reported at Thu Jul 25 21:40:14 2024

Your job looked like:

------------------------------------------------------------
# LSBATCH: User input
bash -c "basf2 etapip_gg_fit_v6_toymc_100.py 429 > /home/belle2/jaeyoung/storage_ghi/Ntuples_ghi_2/MC15ri_generic/MC15ri_etaetapip_tight_v2_240419_Kp_BCS_etapi0const/bsub_log//MC15ri_etapip_gg_fitv6_toyMC_100_429.log"
------------------------------------------------------------

Successfully completed.

Resource usage summary:

    CPU time :                                   2812.11 sec.
    Max Memory :                                 1313 MB
    Average Memory :                             961.84 MB
    Total Requested Memory :                     4000.00 MB
    Delta Memory :                               2687.00 MB
    Max Swap :                                   -
    Max Processes :                              19
    Max Threads :                                20
    Run time :                                   2897 sec.
    Turnaround time :                            2900 sec.

The output (if any) follows:



PS:

Read file <./bsub_log/429.err> for stderr output of this job.

Sender: LSF System <lsfadmin@ccb207>
Subject: Job 56103883: <bash -c "basf2 etapip_gg_fit_v6_toymc_100.py 429 > /home/belle2/jaeyoung/storage_ghi/Ntuples_ghi_2/MC15ri_generic/MC15ri_etaetapip_tight_v2_240419_Kp_BCS_etapi0const/bsub_log//MC15ri_etapip_gg_fitv6_toyMC_100_429.log"> in cluster <centralcluster> Done

Job <bash -c "basf2 etapip_gg_fit_v6_toymc_100.py 429 > /home/belle2/jaeyoung/storage_ghi/Ntuples_ghi_2/MC15ri_generic/MC15ri_etaetapip_tight_v2_240419_Kp_BCS_etapi0const/bsub_log//MC15ri_etapip_gg_fitv6_toyMC_100_429.log"> was submitted from host <ccw06> by user <jaeyoung> in cluster <centralcluster> at Fri Jul 26 23:44:37 2024
Job was executed on host(s) <ccb207>, in queue <s>, as user <jaeyoung> in cluster <centralcluster> at Sat Jul 27 00:24:46 2024
</home/belle2/jaeyoung> was used as the home directory.
</home/belle2/jaeyoung/workspace/DRAW_and_FITTING/main/FITTING/etapip/MC15ri_generic/tight_v2_fit_v6/ToyMC> was used as the working directory.
Started at Sat Jul 27 00:24:46 2024
Terminated at Sat Jul 27 00:57:50 2024
Results reported at Sat Jul 27 00:57:50 2024

Your job looked like:

------------------------------------------------------------
# LSBATCH: User input
bash -c "basf2 etapip_gg_fit_v6_toymc_100.py 429 > /home/belle2/jaeyoung/storage_ghi/Ntuples_ghi_2/MC15ri_generic/MC15ri_etaetapip_tight_v2_240419_Kp_BCS_etapi0const/bsub_log//MC15ri_etapip_gg_fitv6_toyMC_100_429.log"
------------------------------------------------------------

Successfully completed.

Resource usage summary:

    CPU time :                                   1938.22 sec.
    Max Memory :                                 891 MB
    Average Memory :                             645.21 MB
    Total Requested Memory :                     4000.00 MB
    Delta Memory :                               3109.00 MB
    Max Swap :                                   -
    Max Processes :                              19
    Max Threads :                                20
    Run time :                                   1982 sec.
    Turnaround time :                            4393 sec.

The output (if any) follows:



PS:

Read file <./bsub_log/429.err> for stderr output of this job.

Sender: LSF System <lsfadmin@ccb028>
Subject: Job 56133807: <bash -c "basf2 etapip_gg_fit_v6_toymc_100.py 429 > /home/belle2/jaeyoung/storage_ghi/Ntuples_ghi_2/MC15ri_generic/MC15ri_etaetapip_tight_v2_240419_Kp_BCS_etapi0const/bsub_log//MC15ri_etapip_gg_fitv6_toyMC_100_429.log"> in cluster <centralcluster> Done

Job <bash -c "basf2 etapip_gg_fit_v6_toymc_100.py 429 > /home/belle2/jaeyoung/storage_ghi/Ntuples_ghi_2/MC15ri_generic/MC15ri_etaetapip_tight_v2_240419_Kp_BCS_etapi0const/bsub_log//MC15ri_etapip_gg_fitv6_toyMC_100_429.log"> was submitted from host <ccw03> by user <jaeyoung> in cluster <centralcluster> at Sat Jul 27 01:14:05 2024
Job was executed on host(s) <ccb028>, in queue <s>, as user <jaeyoung> in cluster <centralcluster> at Sat Jul 27 03:05:42 2024
</home/belle2/jaeyoung> was used as the home directory.
</gpfs/home/belle2/jaeyoung/workspace/DRAW_and_FITTING/main/FITTING/etapip/MC15ri_generic/tight_v2_fit_v6/ToyMC> was used as the working directory.
Started at Sat Jul 27 03:05:42 2024
Terminated at Sat Jul 27 03:44:32 2024
Results reported at Sat Jul 27 03:44:32 2024

Your job looked like:

------------------------------------------------------------
# LSBATCH: User input
bash -c "basf2 etapip_gg_fit_v6_toymc_100.py 429 > /home/belle2/jaeyoung/storage_ghi/Ntuples_ghi_2/MC15ri_generic/MC15ri_etaetapip_tight_v2_240419_Kp_BCS_etapi0const/bsub_log//MC15ri_etapip_gg_fitv6_toyMC_100_429.log"
------------------------------------------------------------

Successfully completed.

Resource usage summary:

    CPU time :                                   2302.26 sec.
    Max Memory :                                 890 MB
    Average Memory :                             646.69 MB
    Total Requested Memory :                     4000.00 MB
    Delta Memory :                               3110.00 MB
    Max Swap :                                   -
    Max Processes :                              19
    Max Threads :                                20
    Run time :                                   2331 sec.
    Turnaround time :                            9027 sec.

The output (if any) follows:



PS:

Read file <./bsub_log/429.err> for stderr output of this job.

