Sender: LSF System <lsfadmin@ccb001>
Subject: Job 52359693: <bash -c "basf2 etapip_gg_fit_v6_toymc_100.py 432 > /home/belle2/jaeyoung/storage_ghi/Ntuples_ghi_2/MC15ri_generic/MC15ri_etaetapip_tight_v2_240419_Kp_BCS_etapi0const/bsub_log//MC15ri_etapip_gg_fitv6_toyMC_100_432.log"> in cluster <centralcluster> Done

Job <bash -c "basf2 etapip_gg_fit_v6_toymc_100.py 432 > /home/belle2/jaeyoung/storage_ghi/Ntuples_ghi_2/MC15ri_generic/MC15ri_etaetapip_tight_v2_240419_Kp_BCS_etapi0const/bsub_log//MC15ri_etapip_gg_fitv6_toyMC_100_432.log"> was submitted from host <ccw02> by user <jaeyoung> in cluster <centralcluster> at Sat Jul 20 14:40:33 2024
Job was executed on host(s) <ccb001>, in queue <s>, as user <jaeyoung> in cluster <centralcluster> at Sat Jul 20 14:45:14 2024
</home/belle2/jaeyoung> was used as the home directory.
</home/belle2/jaeyoung/workspace/DRAW_and_FITTING/main/FITTING/etapip/MC15ri_generic/tight_v2_fit_v6/ToyMC> was used as the working directory.
Started at Sat Jul 20 14:45:14 2024
Terminated at Sat Jul 20 15:33:55 2024
Results reported at Sat Jul 20 15:33:55 2024

Your job looked like:

------------------------------------------------------------
# LSBATCH: User input
bash -c "basf2 etapip_gg_fit_v6_toymc_100.py 432 > /home/belle2/jaeyoung/storage_ghi/Ntuples_ghi_2/MC15ri_generic/MC15ri_etaetapip_tight_v2_240419_Kp_BCS_etapi0const/bsub_log//MC15ri_etapip_gg_fitv6_toyMC_100_432.log"
------------------------------------------------------------

Successfully completed.

Resource usage summary:

    CPU time :                                   2903.25 sec.
    Max Memory :                                 1311 MB
    Average Memory :                             947.54 MB
    Total Requested Memory :                     4000.00 MB
    Delta Memory :                               2689.00 MB
    Max Swap :                                   -
    Max Processes :                              19
    Max Threads :                                20
    Run time :                                   2922 sec.
    Turnaround time :                            3202 sec.

The output (if any) follows:



PS:

Read file <./bsub_log/432.err> for stderr output of this job.

Sender: LSF System <lsfadmin@ccb209>
Subject: Job 53030684: <bash -c "basf2 etapip_gg_fit_v6_toymc_100.py 432 > /home/belle2/jaeyoung/storage_ghi/Ntuples_ghi_2/MC15ri_generic/MC15ri_etaetapip_tight_v2_240419_Kp_BCS_etapi0const/bsub_log//MC15ri_etapip_gg_fitv6_toyMC_100_432.log"> in cluster <centralcluster> Done

Job <bash -c "basf2 etapip_gg_fit_v6_toymc_100.py 432 > /home/belle2/jaeyoung/storage_ghi/Ntuples_ghi_2/MC15ri_generic/MC15ri_etaetapip_tight_v2_240419_Kp_BCS_etapi0const/bsub_log//MC15ri_etapip_gg_fitv6_toyMC_100_432.log"> was submitted from host <ccw03> by user <jaeyoung> in cluster <centralcluster> at Sun Jul 21 17:31:54 2024
Job was executed on host(s) <ccb209>, in queue <s>, as user <jaeyoung> in cluster <centralcluster> at Sun Jul 21 17:32:37 2024
</home/belle2/jaeyoung> was used as the home directory.
</home/belle2/jaeyoung/workspace/DRAW_and_FITTING/main/FITTING/etapip/MC15ri_generic/tight_v2_fit_v6/ToyMC> was used as the working directory.
Started at Sun Jul 21 17:32:37 2024
Terminated at Sun Jul 21 18:20:05 2024
Results reported at Sun Jul 21 18:20:05 2024

Your job looked like:

------------------------------------------------------------
# LSBATCH: User input
bash -c "basf2 etapip_gg_fit_v6_toymc_100.py 432 > /home/belle2/jaeyoung/storage_ghi/Ntuples_ghi_2/MC15ri_generic/MC15ri_etaetapip_tight_v2_240419_Kp_BCS_etapi0const/bsub_log//MC15ri_etapip_gg_fitv6_toyMC_100_432.log"
------------------------------------------------------------

Successfully completed.

Resource usage summary:

    CPU time :                                   2804.17 sec.
    Max Memory :                                 1311 MB
    Average Memory :                             949.46 MB
    Total Requested Memory :                     4000.00 MB
    Delta Memory :                               2689.00 MB
    Max Swap :                                   -
    Max Processes :                              19
    Max Threads :                                20
    Run time :                                   2848 sec.
    Turnaround time :                            2891 sec.

The output (if any) follows:



PS:

Read file <./bsub_log/432.err> for stderr output of this job.

Sender: LSF System <lsfadmin@ccb002>
Subject: Job 53203160: <bash -c "basf2 etapip_gg_fit_v6_toymc_100.py 432 > /home/belle2/jaeyoung/storage_ghi/Ntuples_ghi_2/MC15ri_generic/MC15ri_etaetapip_tight_v2_240419_Kp_BCS_etapi0const/bsub_log//MC15ri_etapip_gg_fitv6_toyMC_100_432.log"> in cluster <centralcluster> Exited

Job <bash -c "basf2 etapip_gg_fit_v6_toymc_100.py 432 > /home/belle2/jaeyoung/storage_ghi/Ntuples_ghi_2/MC15ri_generic/MC15ri_etaetapip_tight_v2_240419_Kp_BCS_etapi0const/bsub_log//MC15ri_etapip_gg_fitv6_toyMC_100_432.log"> was submitted from host <ccw03> by user <jaeyoung> in cluster <centralcluster> at Mon Jul 22 00:51:01 2024
Job was executed on host(s) <ccb002>, in queue <s>, as user <jaeyoung> in cluster <centralcluster> at Mon Jul 22 00:52:44 2024
</home/belle2/jaeyoung> was used as the home directory.
</home/belle2/jaeyoung/workspace/DRAW_and_FITTING/main/FITTING/etapip/MC15ri_generic/tight_v2_fit_v6/ToyMC> was used as the working directory.
Started at Mon Jul 22 00:52:44 2024
Terminated at Mon Jul 22 01:09:10 2024
Results reported at Mon Jul 22 01:09:10 2024

Your job looked like:

------------------------------------------------------------
# LSBATCH: User input
bash -c "basf2 etapip_gg_fit_v6_toymc_100.py 432 > /home/belle2/jaeyoung/storage_ghi/Ntuples_ghi_2/MC15ri_generic/MC15ri_etaetapip_tight_v2_240419_Kp_BCS_etapi0const/bsub_log//MC15ri_etapip_gg_fitv6_toyMC_100_432.log"
------------------------------------------------------------

Exited with exit code 1.

Resource usage summary:

    CPU time :                                   982.04 sec.
    Max Memory :                                 1255 MB
    Average Memory :                             1170.18 MB
    Total Requested Memory :                     4000.00 MB
    Delta Memory :                               2745.00 MB
    Max Swap :                                   -
    Max Processes :                              19
    Max Threads :                                20
    Run time :                                   985 sec.
    Turnaround time :                            1089 sec.

The output (if any) follows:



PS:

Read file <./bsub_log/432.err> for stderr output of this job.

Sender: LSF System <lsfadmin@ccb077>
Subject: Job 53407337: <bash -c "basf2 etapip_gg_fit_v6_toymc_100.py 432 > /home/belle2/jaeyoung/storage_ghi/Ntuples_ghi_2/MC15ri_generic/MC15ri_etaetapip_tight_v2_240419_Kp_BCS_etapi0const/bsub_log//MC15ri_etapip_gg_fitv6_toyMC_100_432.log"> in cluster <centralcluster> Done

Job <bash -c "basf2 etapip_gg_fit_v6_toymc_100.py 432 > /home/belle2/jaeyoung/storage_ghi/Ntuples_ghi_2/MC15ri_generic/MC15ri_etaetapip_tight_v2_240419_Kp_BCS_etapi0const/bsub_log//MC15ri_etapip_gg_fitv6_toyMC_100_432.log"> was submitted from host <ccw06> by user <jaeyoung> in cluster <centralcluster> at Mon Jul 22 10:49:39 2024
Job was executed on host(s) <ccb077>, in queue <s>, as user <jaeyoung> in cluster <centralcluster> at Mon Jul 22 10:50:19 2024
</home/belle2/jaeyoung> was used as the home directory.
</home/belle2/jaeyoung/workspace/DRAW_and_FITTING/main/FITTING/etapip/MC15ri_generic/tight_v2_fit_v6/ToyMC> was used as the working directory.
Started at Mon Jul 22 10:50:19 2024
Terminated at Mon Jul 22 11:36:50 2024
Results reported at Mon Jul 22 11:36:50 2024

Your job looked like:

------------------------------------------------------------
# LSBATCH: User input
bash -c "basf2 etapip_gg_fit_v6_toymc_100.py 432 > /home/belle2/jaeyoung/storage_ghi/Ntuples_ghi_2/MC15ri_generic/MC15ri_etaetapip_tight_v2_240419_Kp_BCS_etapi0const/bsub_log//MC15ri_etapip_gg_fitv6_toyMC_100_432.log"
------------------------------------------------------------

Successfully completed.

Resource usage summary:

    CPU time :                                   2770.58 sec.
    Max Memory :                                 1312 MB
    Average Memory :                             968.97 MB
    Total Requested Memory :                     4000.00 MB
    Delta Memory :                               2688.00 MB
    Max Swap :                                   -
    Max Processes :                              19
    Max Threads :                                20
    Run time :                                   2792 sec.
    Turnaround time :                            2831 sec.

The output (if any) follows:



PS:

Read file <./bsub_log/432.err> for stderr output of this job.

Sender: LSF System <lsfadmin@ccb154>
Subject: Job 53599697: <bash -c "basf2 etapip_gg_fit_v6_toymc_100.py 432 > /home/belle2/jaeyoung/storage_ghi/Ntuples_ghi_2/MC15ri_generic/MC15ri_etaetapip_tight_v2_240419_Kp_BCS_etapi0const/bsub_log//MC15ri_etapip_gg_fitv6_toyMC_100_432.log"> in cluster <centralcluster> Done

Job <bash -c "basf2 etapip_gg_fit_v6_toymc_100.py 432 > /home/belle2/jaeyoung/storage_ghi/Ntuples_ghi_2/MC15ri_generic/MC15ri_etaetapip_tight_v2_240419_Kp_BCS_etapi0const/bsub_log//MC15ri_etapip_gg_fitv6_toyMC_100_432.log"> was submitted from host <ccw03> by user <jaeyoung> in cluster <centralcluster> at Mon Jul 22 18:35:53 2024
Job was executed on host(s) <ccb154>, in queue <s>, as user <jaeyoung> in cluster <centralcluster> at Mon Jul 22 18:37:59 2024
</home/belle2/jaeyoung> was used as the home directory.
</home/belle2/jaeyoung/workspace/DRAW_and_FITTING/main/FITTING/etapip/MC15ri_generic/tight_v2_fit_v6/ToyMC> was used as the working directory.
Started at Mon Jul 22 18:37:59 2024
Terminated at Mon Jul 22 19:27:40 2024
Results reported at Mon Jul 22 19:27:40 2024

Your job looked like:

------------------------------------------------------------
# LSBATCH: User input
bash -c "basf2 etapip_gg_fit_v6_toymc_100.py 432 > /home/belle2/jaeyoung/storage_ghi/Ntuples_ghi_2/MC15ri_generic/MC15ri_etaetapip_tight_v2_240419_Kp_BCS_etapi0const/bsub_log//MC15ri_etapip_gg_fitv6_toyMC_100_432.log"
------------------------------------------------------------

Successfully completed.

Resource usage summary:

    CPU time :                                   2949.88 sec.
    Max Memory :                                 1311 MB
    Average Memory :                             943.53 MB
    Total Requested Memory :                     4000.00 MB
    Delta Memory :                               2689.00 MB
    Max Swap :                                   -
    Max Processes :                              19
    Max Threads :                                20
    Run time :                                   2982 sec.
    Turnaround time :                            3107 sec.

The output (if any) follows:



PS:

Read file <./bsub_log/432.err> for stderr output of this job.

Sender: LSF System <lsfadmin@ccb511>
Subject: Job 53832984: <bash -c "basf2 etapip_gg_fit_v6_toymc_100.py 432 > /home/belle2/jaeyoung/storage_ghi/Ntuples_ghi_2/MC15ri_generic/MC15ri_etaetapip_tight_v2_240419_Kp_BCS_etapi0const/bsub_log//MC15ri_etapip_gg_fitv6_toyMC_100_432.log"> in cluster <centralcluster> Done

Job <bash -c "basf2 etapip_gg_fit_v6_toymc_100.py 432 > /home/belle2/jaeyoung/storage_ghi/Ntuples_ghi_2/MC15ri_generic/MC15ri_etaetapip_tight_v2_240419_Kp_BCS_etapi0const/bsub_log//MC15ri_etapip_gg_fitv6_toyMC_100_432.log"> was submitted from host <ccw05> by user <jaeyoung> in cluster <centralcluster> at Tue Jul 23 00:50:52 2024
Job was executed on host(s) <ccb511>, in queue <s>, as user <jaeyoung> in cluster <centralcluster> at Tue Jul 23 00:51:07 2024
</home/belle2/jaeyoung> was used as the home directory.
</home/belle2/jaeyoung/workspace/DRAW_and_FITTING/main/FITTING/etapip/MC15ri_generic/tight_v2_fit_v6/ToyMC> was used as the working directory.
Started at Tue Jul 23 00:51:07 2024
Terminated at Tue Jul 23 01:38:20 2024
Results reported at Tue Jul 23 01:38:20 2024

Your job looked like:

------------------------------------------------------------
# LSBATCH: User input
bash -c "basf2 etapip_gg_fit_v6_toymc_100.py 432 > /home/belle2/jaeyoung/storage_ghi/Ntuples_ghi_2/MC15ri_generic/MC15ri_etaetapip_tight_v2_240419_Kp_BCS_etapi0const/bsub_log//MC15ri_etapip_gg_fitv6_toyMC_100_432.log"
------------------------------------------------------------

Successfully completed.

Resource usage summary:

    CPU time :                                   2798.26 sec.
    Max Memory :                                 1311 MB
    Average Memory :                             941.28 MB
    Total Requested Memory :                     4000.00 MB
    Delta Memory :                               2689.00 MB
    Max Swap :                                   -
    Max Processes :                              19
    Max Threads :                                20
    Run time :                                   2834 sec.
    Turnaround time :                            2848 sec.

The output (if any) follows:



PS:

Read file <./bsub_log/432.err> for stderr output of this job.

Sender: LSF System <lsfadmin@ccb526>
Subject: Job 54398582: <bash -c "basf2 etapip_gg_fit_v6_toymc_100.py 432 > /home/belle2/jaeyoung/storage_ghi/Ntuples_ghi_2/MC15ri_generic/MC15ri_etaetapip_tight_v2_240419_Kp_BCS_etapi0const/bsub_log//MC15ri_etapip_gg_fitv6_toyMC_100_432.log"> in cluster <centralcluster> Done

Job <bash -c "basf2 etapip_gg_fit_v6_toymc_100.py 432 > /home/belle2/jaeyoung/storage_ghi/Ntuples_ghi_2/MC15ri_generic/MC15ri_etaetapip_tight_v2_240419_Kp_BCS_etapi0const/bsub_log//MC15ri_etapip_gg_fitv6_toyMC_100_432.log"> was submitted from host <ccw04> by user <jaeyoung> in cluster <centralcluster> at Tue Jul 23 18:00:07 2024
Job was executed on host(s) <ccb526>, in queue <s>, as user <jaeyoung> in cluster <centralcluster> at Tue Jul 23 18:47:14 2024
</home/belle2/jaeyoung> was used as the home directory.
</home/belle2/jaeyoung/workspace/DRAW_and_FITTING/main/FITTING/etapip/MC15ri_generic/tight_v2_fit_v6/ToyMC> was used as the working directory.
Started at Tue Jul 23 18:47:14 2024
Terminated at Tue Jul 23 19:34:03 2024
Results reported at Tue Jul 23 19:34:03 2024

Your job looked like:

------------------------------------------------------------
# LSBATCH: User input
bash -c "basf2 etapip_gg_fit_v6_toymc_100.py 432 > /home/belle2/jaeyoung/storage_ghi/Ntuples_ghi_2/MC15ri_generic/MC15ri_etaetapip_tight_v2_240419_Kp_BCS_etapi0const/bsub_log//MC15ri_etapip_gg_fitv6_toyMC_100_432.log"
------------------------------------------------------------

Successfully completed.

Resource usage summary:

    CPU time :                                   2792.17 sec.
    Max Memory :                                 1313 MB
    Average Memory :                             941.45 MB
    Total Requested Memory :                     4000.00 MB
    Delta Memory :                               2687.00 MB
    Max Swap :                                   -
    Max Processes :                              19
    Max Threads :                                20
    Run time :                                   2810 sec.
    Turnaround time :                            5636 sec.

The output (if any) follows:



PS:

Read file <./bsub_log/432.err> for stderr output of this job.

Sender: LSF System <lsfadmin@ccb223>
Subject: Job 54471276: <bash -c "basf2 etapip_gg_fit_v6_toymc_100.py 432 > /home/belle2/jaeyoung/storage_ghi/Ntuples_ghi_2/MC15ri_generic/MC15ri_etaetapip_tight_v2_240419_Kp_BCS_etapi0const/bsub_log//MC15ri_etapip_gg_fitv6_toyMC_100_432.log"> in cluster <centralcluster> Done

Job <bash -c "basf2 etapip_gg_fit_v6_toymc_100.py 432 > /home/belle2/jaeyoung/storage_ghi/Ntuples_ghi_2/MC15ri_generic/MC15ri_etaetapip_tight_v2_240419_Kp_BCS_etapi0const/bsub_log//MC15ri_etapip_gg_fitv6_toyMC_100_432.log"> was submitted from host <ccw03> by user <jaeyoung> in cluster <centralcluster> at Tue Jul 23 19:39:01 2024
Job was executed on host(s) <ccb223>, in queue <s>, as user <jaeyoung> in cluster <centralcluster> at Tue Jul 23 19:39:10 2024
</home/belle2/jaeyoung> was used as the home directory.
</home/belle2/jaeyoung/workspace/DRAW_and_FITTING/main/FITTING/etapip/MC15ri_generic/tight_v2_fit_v6/ToyMC> was used as the working directory.
Started at Tue Jul 23 19:39:10 2024
Terminated at Tue Jul 23 20:25:14 2024
Results reported at Tue Jul 23 20:25:14 2024

Your job looked like:

------------------------------------------------------------
# LSBATCH: User input
bash -c "basf2 etapip_gg_fit_v6_toymc_100.py 432 > /home/belle2/jaeyoung/storage_ghi/Ntuples_ghi_2/MC15ri_generic/MC15ri_etaetapip_tight_v2_240419_Kp_BCS_etapi0const/bsub_log//MC15ri_etapip_gg_fitv6_toyMC_100_432.log"
------------------------------------------------------------

Successfully completed.

Resource usage summary:

    CPU time :                                   2736.54 sec.
    Max Memory :                                 1311 MB
    Average Memory :                             943.91 MB
    Total Requested Memory :                     4000.00 MB
    Delta Memory :                               2689.00 MB
    Max Swap :                                   -
    Max Processes :                              19
    Max Threads :                                20
    Run time :                                   2764 sec.
    Turnaround time :                            2773 sec.

The output (if any) follows:



PS:

Read file <./bsub_log/432.err> for stderr output of this job.

Sender: LSF System <lsfadmin@ccb050>
Subject: Job 55516241: <bash -c "basf2 etapip_gg_fit_v6_toymc_100.py 432 > /home/belle2/jaeyoung/storage_ghi/Ntuples_ghi_2/MC15ri_generic/MC15ri_etaetapip_tight_v2_240419_Kp_BCS_etapi0const/bsub_log//MC15ri_etapip_gg_fitv6_toyMC_100_432.log"> in cluster <centralcluster> Done

Job <bash -c "basf2 etapip_gg_fit_v6_toymc_100.py 432 > /home/belle2/jaeyoung/storage_ghi/Ntuples_ghi_2/MC15ri_generic/MC15ri_etaetapip_tight_v2_240419_Kp_BCS_etapi0const/bsub_log//MC15ri_etapip_gg_fitv6_toyMC_100_432.log"> was submitted from host <ccw01> by user <jaeyoung> in cluster <centralcluster> at Thu Jul 25 20:51:56 2024
Job was executed on host(s) <ccb050>, in queue <s>, as user <jaeyoung> in cluster <centralcluster> at Thu Jul 25 20:51:59 2024
</home/belle2/jaeyoung> was used as the home directory.
</gpfs/home/belle2/jaeyoung/workspace/DRAW_and_FITTING/main/FITTING/etapip/MC15ri_generic/tight_v2_fit_v6/ToyMC> was used as the working directory.
Started at Thu Jul 25 20:51:59 2024
Terminated at Thu Jul 25 21:39:58 2024
Results reported at Thu Jul 25 21:39:58 2024

Your job looked like:

------------------------------------------------------------
# LSBATCH: User input
bash -c "basf2 etapip_gg_fit_v6_toymc_100.py 432 > /home/belle2/jaeyoung/storage_ghi/Ntuples_ghi_2/MC15ri_generic/MC15ri_etaetapip_tight_v2_240419_Kp_BCS_etapi0const/bsub_log//MC15ri_etapip_gg_fitv6_toyMC_100_432.log"
------------------------------------------------------------

Successfully completed.

Resource usage summary:

    CPU time :                                   2795.74 sec.
    Max Memory :                                 1313 MB
    Average Memory :                             971.50 MB
    Total Requested Memory :                     4000.00 MB
    Delta Memory :                               2687.00 MB
    Max Swap :                                   -
    Max Processes :                              19
    Max Threads :                                20
    Run time :                                   2878 sec.
    Turnaround time :                            2882 sec.

The output (if any) follows:



PS:

Read file <./bsub_log/432.err> for stderr output of this job.

Sender: LSF System <lsfadmin@ccb154>
Subject: Job 56103895: <bash -c "basf2 etapip_gg_fit_v6_toymc_100.py 432 > /home/belle2/jaeyoung/storage_ghi/Ntuples_ghi_2/MC15ri_generic/MC15ri_etaetapip_tight_v2_240419_Kp_BCS_etapi0const/bsub_log//MC15ri_etapip_gg_fitv6_toyMC_100_432.log"> in cluster <centralcluster> Done

Job <bash -c "basf2 etapip_gg_fit_v6_toymc_100.py 432 > /home/belle2/jaeyoung/storage_ghi/Ntuples_ghi_2/MC15ri_generic/MC15ri_etaetapip_tight_v2_240419_Kp_BCS_etapi0const/bsub_log//MC15ri_etapip_gg_fitv6_toyMC_100_432.log"> was submitted from host <ccw06> by user <jaeyoung> in cluster <centralcluster> at Fri Jul 26 23:44:37 2024
Job was executed on host(s) <ccb154>, in queue <s>, as user <jaeyoung> in cluster <centralcluster> at Sat Jul 27 00:25:38 2024
</home/belle2/jaeyoung> was used as the home directory.
</home/belle2/jaeyoung/workspace/DRAW_and_FITTING/main/FITTING/etapip/MC15ri_generic/tight_v2_fit_v6/ToyMC> was used as the working directory.
Started at Sat Jul 27 00:25:38 2024
Terminated at Sat Jul 27 01:00:02 2024
Results reported at Sat Jul 27 01:00:02 2024

Your job looked like:

------------------------------------------------------------
# LSBATCH: User input
bash -c "basf2 etapip_gg_fit_v6_toymc_100.py 432 > /home/belle2/jaeyoung/storage_ghi/Ntuples_ghi_2/MC15ri_generic/MC15ri_etaetapip_tight_v2_240419_Kp_BCS_etapi0const/bsub_log//MC15ri_etapip_gg_fitv6_toyMC_100_432.log"
------------------------------------------------------------

Successfully completed.

Resource usage summary:

    CPU time :                                   1930.22 sec.
    Max Memory :                                 916 MB
    Average Memory :                             659.11 MB
    Total Requested Memory :                     4000.00 MB
    Delta Memory :                               3084.00 MB
    Max Swap :                                   -
    Max Processes :                              19
    Max Threads :                                20
    Run time :                                   2064 sec.
    Turnaround time :                            4525 sec.

The output (if any) follows:



PS:

Read file <./bsub_log/432.err> for stderr output of this job.

Sender: LSF System <lsfadmin@ccb087>
Subject: Job 56133810: <bash -c "basf2 etapip_gg_fit_v6_toymc_100.py 432 > /home/belle2/jaeyoung/storage_ghi/Ntuples_ghi_2/MC15ri_generic/MC15ri_etaetapip_tight_v2_240419_Kp_BCS_etapi0const/bsub_log//MC15ri_etapip_gg_fitv6_toyMC_100_432.log"> in cluster <centralcluster> Done

Job <bash -c "basf2 etapip_gg_fit_v6_toymc_100.py 432 > /home/belle2/jaeyoung/storage_ghi/Ntuples_ghi_2/MC15ri_generic/MC15ri_etaetapip_tight_v2_240419_Kp_BCS_etapi0const/bsub_log//MC15ri_etapip_gg_fitv6_toyMC_100_432.log"> was submitted from host <ccw03> by user <jaeyoung> in cluster <centralcluster> at Sat Jul 27 01:14:06 2024
Job was executed on host(s) <ccb087>, in queue <s>, as user <jaeyoung> in cluster <centralcluster> at Sat Jul 27 03:05:42 2024
</home/belle2/jaeyoung> was used as the home directory.
</gpfs/home/belle2/jaeyoung/workspace/DRAW_and_FITTING/main/FITTING/etapip/MC15ri_generic/tight_v2_fit_v6/ToyMC> was used as the working directory.
Started at Sat Jul 27 03:05:42 2024
Terminated at Sat Jul 27 03:43:34 2024
Results reported at Sat Jul 27 03:43:34 2024

Your job looked like:

------------------------------------------------------------
# LSBATCH: User input
bash -c "basf2 etapip_gg_fit_v6_toymc_100.py 432 > /home/belle2/jaeyoung/storage_ghi/Ntuples_ghi_2/MC15ri_generic/MC15ri_etaetapip_tight_v2_240419_Kp_BCS_etapi0const/bsub_log//MC15ri_etapip_gg_fitv6_toyMC_100_432.log"
------------------------------------------------------------

Successfully completed.

Resource usage summary:

    CPU time :                                   2215.33 sec.
    Max Memory :                                 923 MB
    Average Memory :                             688.63 MB
    Total Requested Memory :                     4000.00 MB
    Delta Memory :                               3077.00 MB
    Max Swap :                                   -
    Max Processes :                              19
    Max Threads :                                20
    Run time :                                   2271 sec.
    Turnaround time :                            8968 sec.

The output (if any) follows:



PS:

Read file <./bsub_log/432.err> for stderr output of this job.

Sender: LSF System <lsfadmin@ccb536>
Subject: Job 57220864: <bash -c "basf2 etapip_gg_fit_v6_toymc_100.py 432 > /home/belle2/jaeyoung/storage_ghi/Ntuples_ghi_2/MC15ri_generic/MC15ri_etaetapip_tight_v2_240419_Kp_BCS_etapi0const/bsub_log//MC15ri_etapip_gg_fitv6_toyMC_100_432.log"> in cluster <centralcluster> Exited

Job <bash -c "basf2 etapip_gg_fit_v6_toymc_100.py 432 > /home/belle2/jaeyoung/storage_ghi/Ntuples_ghi_2/MC15ri_generic/MC15ri_etaetapip_tight_v2_240419_Kp_BCS_etapi0const/bsub_log//MC15ri_etapip_gg_fitv6_toyMC_100_432.log"> was submitted from host <ccx03> by user <jaeyoung> in cluster <centralcluster> at Mon Jul 29 18:46:21 2024
Job was executed on host(s) <ccb536>, in queue <s>, as user <jaeyoung> in cluster <centralcluster> at Mon Jul 29 18:46:22 2024
</home/belle2/jaeyoung> was used as the home directory.
</gpfs/home/belle2/jaeyoung/workspace/DRAW_and_FITTING/main/FITTING/etapip/MC15ri_generic/tight_v2_fit_v6/ToyMC> was used as the working directory.
Started at Mon Jul 29 18:46:22 2024
Terminated at Mon Jul 29 19:49:17 2024
Results reported at Mon Jul 29 19:49:17 2024

Your job looked like:

------------------------------------------------------------
# LSBATCH: User input
bash -c "basf2 etapip_gg_fit_v6_toymc_100.py 432 > /home/belle2/jaeyoung/storage_ghi/Ntuples_ghi_2/MC15ri_generic/MC15ri_etaetapip_tight_v2_240419_Kp_BCS_etapi0const/bsub_log//MC15ri_etapip_gg_fitv6_toyMC_100_432.log"
------------------------------------------------------------

Exited with exit code 1.

Resource usage summary:

    CPU time :                                   3712.77 sec.
    Max Memory :                                 1401 MB
    Average Memory :                             1040.94 MB
    Total Requested Memory :                     4000.00 MB
    Delta Memory :                               2599.00 MB
    Max Swap :                                   -
    Max Processes :                              19
    Max Threads :                                20
    Run time :                                   3774 sec.
    Turnaround time :                            3776 sec.

The output (if any) follows:



PS:

Read file <./bsub_log/432.err> for stderr output of this job.

Sender: LSF System <lsfadmin@ccb264>
Subject: Job 57308853: <bash -c "basf2 etapip_gg_fit_v6_toymc_100.py 432 > /home/belle2/jaeyoung/storage_ghi/Ntuples_ghi_2/MC15ri_generic/MC15ri_etaetapip_tight_v2_240419_Kp_BCS_etapi0const/bsub_log//MC15ri_etapip_gg_fitv6_toyMC_100_432.log"> in cluster <centralcluster> Done

Job <bash -c "basf2 etapip_gg_fit_v6_toymc_100.py 432 > /home/belle2/jaeyoung/storage_ghi/Ntuples_ghi_2/MC15ri_generic/MC15ri_etaetapip_tight_v2_240419_Kp_BCS_etapi0const/bsub_log//MC15ri_etapip_gg_fitv6_toyMC_100_432.log"> was submitted from host <ccw03> by user <jaeyoung> in cluster <centralcluster> at Mon Jul 29 23:03:35 2024
Job was executed on host(s) <ccb264>, in queue <s>, as user <jaeyoung> in cluster <centralcluster> at Mon Jul 29 23:04:52 2024
</home/belle2/jaeyoung> was used as the home directory.
</home/belle2/jaeyoung/workspace/DRAW_and_FITTING/main/FITTING/etapip/MC15ri_generic/tight_v2_fit_v6/ToyMC> was used as the working directory.
Started at Mon Jul 29 23:04:52 2024
Terminated at Tue Jul 30 00:06:39 2024
Results reported at Tue Jul 30 00:06:39 2024

Your job looked like:

------------------------------------------------------------
# LSBATCH: User input
bash -c "basf2 etapip_gg_fit_v6_toymc_100.py 432 > /home/belle2/jaeyoung/storage_ghi/Ntuples_ghi_2/MC15ri_generic/MC15ri_etaetapip_tight_v2_240419_Kp_BCS_etapi0const/bsub_log//MC15ri_etapip_gg_fitv6_toyMC_100_432.log"
------------------------------------------------------------

Successfully completed.

Resource usage summary:

    CPU time :                                   3688.89 sec.
    Max Memory :                                 1426 MB
    Average Memory :                             1046.20 MB
    Total Requested Memory :                     4000.00 MB
    Delta Memory :                               2574.00 MB
    Max Swap :                                   -
    Max Processes :                              19
    Max Threads :                                20
    Run time :                                   3707 sec.
    Turnaround time :                            3784 sec.

The output (if any) follows:



PS:

Read file <./bsub_log/432.err> for stderr output of this job.

Sender: LSF System <lsfadmin@ccb516>
Subject: Job 57390402: <bash -c "basf2 etapip_gg_fit_v6_toymc_100.py 432 > /home/belle2/jaeyoung/storage_ghi/Ntuples_ghi_2/MC15ri_generic/MC15ri_etaetapip_tight_v2_240419_Kp_BCS_etapi0const/bsub_log//MC15ri_etapip_gg_fitv6_toyMC_100_432.log"> in cluster <centralcluster> Done

Job <bash -c "basf2 etapip_gg_fit_v6_toymc_100.py 432 > /home/belle2/jaeyoung/storage_ghi/Ntuples_ghi_2/MC15ri_generic/MC15ri_etaetapip_tight_v2_240419_Kp_BCS_etapi0const/bsub_log//MC15ri_etapip_gg_fitv6_toyMC_100_432.log"> was submitted from host <ccw03> by user <jaeyoung> in cluster <centralcluster> at Tue Jul 30 01:17:55 2024
Job was executed on host(s) <ccb516>, in queue <s>, as user <jaeyoung> in cluster <centralcluster> at Tue Jul 30 01:19:22 2024
</home/belle2/jaeyoung> was used as the home directory.
</home/belle2/jaeyoung/workspace/DRAW_and_FITTING/main/FITTING/etapip/MC15ri_generic/tight_v2_fit_v6/ToyMC> was used as the working directory.
Started at Tue Jul 30 01:19:22 2024
Terminated at Tue Jul 30 02:22:41 2024
Results reported at Tue Jul 30 02:22:41 2024

Your job looked like:

------------------------------------------------------------
# LSBATCH: User input
bash -c "basf2 etapip_gg_fit_v6_toymc_100.py 432 > /home/belle2/jaeyoung/storage_ghi/Ntuples_ghi_2/MC15ri_generic/MC15ri_etaetapip_tight_v2_240419_Kp_BCS_etapi0const/bsub_log//MC15ri_etapip_gg_fitv6_toyMC_100_432.log"
------------------------------------------------------------

Successfully completed.

Resource usage summary:

    CPU time :                                   3762.02 sec.
    Max Memory :                                 1433 MB
    Average Memory :                             1055.02 MB
    Total Requested Memory :                     4000.00 MB
    Delta Memory :                               2567.00 MB
    Max Swap :                                   -
    Max Processes :                              19
    Max Threads :                                20
    Run time :                                   3800 sec.
    Turnaround time :                            3886 sec.

The output (if any) follows:



PS:

Read file <./bsub_log/432.err> for stderr output of this job.

