Sender: LSF System <lsfadmin@ccb132>
Subject: Job 52359719: <bash -c "basf2 etapip_gg_fit_v6_toymc_100.py 444 > /home/belle2/jaeyoung/storage_ghi/Ntuples_ghi_2/MC15ri_generic/MC15ri_etaetapip_tight_v2_240419_Kp_BCS_etapi0const/bsub_log//MC15ri_etapip_gg_fitv6_toyMC_100_444.log"> in cluster <centralcluster> Done

Job <bash -c "basf2 etapip_gg_fit_v6_toymc_100.py 444 > /home/belle2/jaeyoung/storage_ghi/Ntuples_ghi_2/MC15ri_generic/MC15ri_etaetapip_tight_v2_240419_Kp_BCS_etapi0const/bsub_log//MC15ri_etapip_gg_fitv6_toyMC_100_444.log"> was submitted from host <ccw02> by user <jaeyoung> in cluster <centralcluster> at Sat Jul 20 14:40:37 2024
Job was executed on host(s) <ccb132>, in queue <s>, as user <jaeyoung> in cluster <centralcluster> at Sat Jul 20 14:45:30 2024
</home/belle2/jaeyoung> was used as the home directory.
</home/belle2/jaeyoung/workspace/DRAW_and_FITTING/main/FITTING/etapip/MC15ri_generic/tight_v2_fit_v6/ToyMC> was used as the working directory.
Started at Sat Jul 20 14:45:30 2024
Terminated at Sat Jul 20 15:33:17 2024
Results reported at Sat Jul 20 15:33:17 2024

Your job looked like:

------------------------------------------------------------
# LSBATCH: User input
bash -c "basf2 etapip_gg_fit_v6_toymc_100.py 444 > /home/belle2/jaeyoung/storage_ghi/Ntuples_ghi_2/MC15ri_generic/MC15ri_etaetapip_tight_v2_240419_Kp_BCS_etapi0const/bsub_log//MC15ri_etapip_gg_fitv6_toyMC_100_444.log"
------------------------------------------------------------

Successfully completed.

Resource usage summary:

    CPU time :                                   2855.26 sec.
    Max Memory :                                 1311 MB
    Average Memory :                             967.73 MB
    Total Requested Memory :                     4000.00 MB
    Delta Memory :                               2689.00 MB
    Max Swap :                                   -
    Max Processes :                              19
    Max Threads :                                20
    Run time :                                   2867 sec.
    Turnaround time :                            3160 sec.

The output (if any) follows:



PS:

Read file <./bsub_log/444.err> for stderr output of this job.

Sender: LSF System <lsfadmin@ccb198>
Subject: Job 53030729: <bash -c "basf2 etapip_gg_fit_v6_toymc_100.py 444 > /home/belle2/jaeyoung/storage_ghi/Ntuples_ghi_2/MC15ri_generic/MC15ri_etaetapip_tight_v2_240419_Kp_BCS_etapi0const/bsub_log//MC15ri_etapip_gg_fitv6_toyMC_100_444.log"> in cluster <centralcluster> Done

Job <bash -c "basf2 etapip_gg_fit_v6_toymc_100.py 444 > /home/belle2/jaeyoung/storage_ghi/Ntuples_ghi_2/MC15ri_generic/MC15ri_etaetapip_tight_v2_240419_Kp_BCS_etapi0const/bsub_log//MC15ri_etapip_gg_fitv6_toyMC_100_444.log"> was submitted from host <ccw03> by user <jaeyoung> in cluster <centralcluster> at Sun Jul 21 17:31:58 2024
Job was executed on host(s) <ccb198>, in queue <s>, as user <jaeyoung> in cluster <centralcluster> at Sun Jul 21 17:32:43 2024
</home/belle2/jaeyoung> was used as the home directory.
</home/belle2/jaeyoung/workspace/DRAW_and_FITTING/main/FITTING/etapip/MC15ri_generic/tight_v2_fit_v6/ToyMC> was used as the working directory.
Started at Sun Jul 21 17:32:43 2024
Terminated at Sun Jul 21 18:20:48 2024
Results reported at Sun Jul 21 18:20:48 2024

Your job looked like:

------------------------------------------------------------
# LSBATCH: User input
bash -c "basf2 etapip_gg_fit_v6_toymc_100.py 444 > /home/belle2/jaeyoung/storage_ghi/Ntuples_ghi_2/MC15ri_generic/MC15ri_etaetapip_tight_v2_240419_Kp_BCS_etapi0const/bsub_log//MC15ri_etapip_gg_fitv6_toyMC_100_444.log"
------------------------------------------------------------

Successfully completed.

Resource usage summary:

    CPU time :                                   2836.98 sec.
    Max Memory :                                 1311 MB
    Average Memory :                             924.18 MB
    Total Requested Memory :                     4000.00 MB
    Delta Memory :                               2689.00 MB
    Max Swap :                                   -
    Max Processes :                              19
    Max Threads :                                20
    Run time :                                   2885 sec.
    Turnaround time :                            2930 sec.

The output (if any) follows:



PS:

Read file <./bsub_log/444.err> for stderr output of this job.

Sender: LSF System <lsfadmin@ccb220>
Subject: Job 53203191: <bash -c "basf2 etapip_gg_fit_v6_toymc_100.py 444 > /home/belle2/jaeyoung/storage_ghi/Ntuples_ghi_2/MC15ri_generic/MC15ri_etaetapip_tight_v2_240419_Kp_BCS_etapi0const/bsub_log//MC15ri_etapip_gg_fitv6_toyMC_100_444.log"> in cluster <centralcluster> Exited

Job <bash -c "basf2 etapip_gg_fit_v6_toymc_100.py 444 > /home/belle2/jaeyoung/storage_ghi/Ntuples_ghi_2/MC15ri_generic/MC15ri_etaetapip_tight_v2_240419_Kp_BCS_etapi0const/bsub_log//MC15ri_etapip_gg_fitv6_toyMC_100_444.log"> was submitted from host <ccw03> by user <jaeyoung> in cluster <centralcluster> at Mon Jul 22 00:51:06 2024
Job was executed on host(s) <ccb220>, in queue <s>, as user <jaeyoung> in cluster <centralcluster> at Mon Jul 22 00:52:52 2024
</home/belle2/jaeyoung> was used as the home directory.
</home/belle2/jaeyoung/workspace/DRAW_and_FITTING/main/FITTING/etapip/MC15ri_generic/tight_v2_fit_v6/ToyMC> was used as the working directory.
Started at Mon Jul 22 00:52:52 2024
Terminated at Mon Jul 22 01:09:17 2024
Results reported at Mon Jul 22 01:09:17 2024

Your job looked like:

------------------------------------------------------------
# LSBATCH: User input
bash -c "basf2 etapip_gg_fit_v6_toymc_100.py 444 > /home/belle2/jaeyoung/storage_ghi/Ntuples_ghi_2/MC15ri_generic/MC15ri_etaetapip_tight_v2_240419_Kp_BCS_etapi0const/bsub_log//MC15ri_etapip_gg_fitv6_toyMC_100_444.log"
------------------------------------------------------------

Exited with exit code 1.

Resource usage summary:

    CPU time :                                   974.81 sec.
    Max Memory :                                 1310 MB
    Average Memory :                             1213.21 MB
    Total Requested Memory :                     4000.00 MB
    Delta Memory :                               2690.00 MB
    Max Swap :                                   -
    Max Processes :                              19
    Max Threads :                                20
    Run time :                                   985 sec.
    Turnaround time :                            1091 sec.

The output (if any) follows:



PS:

Read file <./bsub_log/444.err> for stderr output of this job.

Sender: LSF System <lsfadmin@ccb523>
Subject: Job 53407362: <bash -c "basf2 etapip_gg_fit_v6_toymc_100.py 444 > /home/belle2/jaeyoung/storage_ghi/Ntuples_ghi_2/MC15ri_generic/MC15ri_etaetapip_tight_v2_240419_Kp_BCS_etapi0const/bsub_log//MC15ri_etapip_gg_fitv6_toyMC_100_444.log"> in cluster <centralcluster> Done

Job <bash -c "basf2 etapip_gg_fit_v6_toymc_100.py 444 > /home/belle2/jaeyoung/storage_ghi/Ntuples_ghi_2/MC15ri_generic/MC15ri_etaetapip_tight_v2_240419_Kp_BCS_etapi0const/bsub_log//MC15ri_etapip_gg_fitv6_toyMC_100_444.log"> was submitted from host <ccw06> by user <jaeyoung> in cluster <centralcluster> at Mon Jul 22 10:49:43 2024
Job was executed on host(s) <ccb523>, in queue <s>, as user <jaeyoung> in cluster <centralcluster> at Mon Jul 22 10:50:26 2024
</home/belle2/jaeyoung> was used as the home directory.
</home/belle2/jaeyoung/workspace/DRAW_and_FITTING/main/FITTING/etapip/MC15ri_generic/tight_v2_fit_v6/ToyMC> was used as the working directory.
Started at Mon Jul 22 10:50:26 2024
Terminated at Mon Jul 22 11:40:15 2024
Results reported at Mon Jul 22 11:40:15 2024

Your job looked like:

------------------------------------------------------------
# LSBATCH: User input
bash -c "basf2 etapip_gg_fit_v6_toymc_100.py 444 > /home/belle2/jaeyoung/storage_ghi/Ntuples_ghi_2/MC15ri_generic/MC15ri_etaetapip_tight_v2_240419_Kp_BCS_etapi0const/bsub_log//MC15ri_etapip_gg_fitv6_toyMC_100_444.log"
------------------------------------------------------------

Successfully completed.

Resource usage summary:

    CPU time :                                   2880.97 sec.
    Max Memory :                                 1312 MB
    Average Memory :                             952.08 MB
    Total Requested Memory :                     4000.00 MB
    Delta Memory :                               2688.00 MB
    Max Swap :                                   -
    Max Processes :                              19
    Max Threads :                                20
    Run time :                                   2989 sec.
    Turnaround time :                            3032 sec.

The output (if any) follows:



PS:

Read file <./bsub_log/444.err> for stderr output of this job.

Sender: LSF System <lsfadmin@ccb570>
Subject: Job 53599749: <bash -c "basf2 etapip_gg_fit_v6_toymc_100.py 444 > /home/belle2/jaeyoung/storage_ghi/Ntuples_ghi_2/MC15ri_generic/MC15ri_etaetapip_tight_v2_240419_Kp_BCS_etapi0const/bsub_log//MC15ri_etapip_gg_fitv6_toyMC_100_444.log"> in cluster <centralcluster> Done

Job <bash -c "basf2 etapip_gg_fit_v6_toymc_100.py 444 > /home/belle2/jaeyoung/storage_ghi/Ntuples_ghi_2/MC15ri_generic/MC15ri_etaetapip_tight_v2_240419_Kp_BCS_etapi0const/bsub_log//MC15ri_etapip_gg_fitv6_toyMC_100_444.log"> was submitted from host <ccw03> by user <jaeyoung> in cluster <centralcluster> at Mon Jul 22 18:35:57 2024
Job was executed on host(s) <ccb570>, in queue <s>, as user <jaeyoung> in cluster <centralcluster> at Mon Jul 22 18:38:05 2024
</home/belle2/jaeyoung> was used as the home directory.
</home/belle2/jaeyoung/workspace/DRAW_and_FITTING/main/FITTING/etapip/MC15ri_generic/tight_v2_fit_v6/ToyMC> was used as the working directory.
Started at Mon Jul 22 18:38:05 2024
Terminated at Mon Jul 22 19:25:01 2024
Results reported at Mon Jul 22 19:25:01 2024

Your job looked like:

------------------------------------------------------------
# LSBATCH: User input
bash -c "basf2 etapip_gg_fit_v6_toymc_100.py 444 > /home/belle2/jaeyoung/storage_ghi/Ntuples_ghi_2/MC15ri_generic/MC15ri_etaetapip_tight_v2_240419_Kp_BCS_etapi0const/bsub_log//MC15ri_etapip_gg_fitv6_toyMC_100_444.log"
------------------------------------------------------------

Successfully completed.

Resource usage summary:

    CPU time :                                   2807.33 sec.
    Max Memory :                                 1399 MB
    Average Memory :                             1030.82 MB
    Total Requested Memory :                     4000.00 MB
    Delta Memory :                               2601.00 MB
    Max Swap :                                   -
    Max Processes :                              19
    Max Threads :                                20
    Run time :                                   2816 sec.
    Turnaround time :                            2944 sec.

The output (if any) follows:



PS:

Read file <./bsub_log/444.err> for stderr output of this job.

Sender: LSF System <lsfadmin@ccb077>
Subject: Job 53833045: <bash -c "basf2 etapip_gg_fit_v6_toymc_100.py 444 > /home/belle2/jaeyoung/storage_ghi/Ntuples_ghi_2/MC15ri_generic/MC15ri_etaetapip_tight_v2_240419_Kp_BCS_etapi0const/bsub_log//MC15ri_etapip_gg_fitv6_toyMC_100_444.log"> in cluster <centralcluster> Done

Job <bash -c "basf2 etapip_gg_fit_v6_toymc_100.py 444 > /home/belle2/jaeyoung/storage_ghi/Ntuples_ghi_2/MC15ri_generic/MC15ri_etaetapip_tight_v2_240419_Kp_BCS_etapi0const/bsub_log//MC15ri_etapip_gg_fitv6_toyMC_100_444.log"> was submitted from host <ccw05> by user <jaeyoung> in cluster <centralcluster> at Tue Jul 23 00:50:56 2024
Job was executed on host(s) <ccb077>, in queue <s>, as user <jaeyoung> in cluster <centralcluster> at Tue Jul 23 00:51:13 2024
</home/belle2/jaeyoung> was used as the home directory.
</home/belle2/jaeyoung/workspace/DRAW_and_FITTING/main/FITTING/etapip/MC15ri_generic/tight_v2_fit_v6/ToyMC> was used as the working directory.
Started at Tue Jul 23 00:51:13 2024
Terminated at Tue Jul 23 01:39:45 2024
Results reported at Tue Jul 23 01:39:45 2024

Your job looked like:

------------------------------------------------------------
# LSBATCH: User input
bash -c "basf2 etapip_gg_fit_v6_toymc_100.py 444 > /home/belle2/jaeyoung/storage_ghi/Ntuples_ghi_2/MC15ri_generic/MC15ri_etaetapip_tight_v2_240419_Kp_BCS_etapi0const/bsub_log//MC15ri_etapip_gg_fitv6_toyMC_100_444.log"
------------------------------------------------------------

Successfully completed.

Resource usage summary:

    CPU time :                                   2862.64 sec.
    Max Memory :                                 1348 MB
    Average Memory :                             975.55 MB
    Total Requested Memory :                     4000.00 MB
    Delta Memory :                               2652.00 MB
    Max Swap :                                   -
    Max Processes :                              19
    Max Threads :                                20
    Run time :                                   2911 sec.
    Turnaround time :                            2929 sec.

The output (if any) follows:



PS:

Read file <./bsub_log/444.err> for stderr output of this job.

Sender: LSF System <lsfadmin@ccb257>
Subject: Job 54398633: <bash -c "basf2 etapip_gg_fit_v6_toymc_100.py 444 > /home/belle2/jaeyoung/storage_ghi/Ntuples_ghi_2/MC15ri_generic/MC15ri_etaetapip_tight_v2_240419_Kp_BCS_etapi0const/bsub_log//MC15ri_etapip_gg_fitv6_toyMC_100_444.log"> in cluster <centralcluster> Done

Job <bash -c "basf2 etapip_gg_fit_v6_toymc_100.py 444 > /home/belle2/jaeyoung/storage_ghi/Ntuples_ghi_2/MC15ri_generic/MC15ri_etaetapip_tight_v2_240419_Kp_BCS_etapi0const/bsub_log//MC15ri_etapip_gg_fitv6_toyMC_100_444.log"> was submitted from host <ccw04> by user <jaeyoung> in cluster <centralcluster> at Tue Jul 23 18:00:12 2024
Job was executed on host(s) <ccb257>, in queue <s>, as user <jaeyoung> in cluster <centralcluster> at Tue Jul 23 18:47:16 2024
</home/belle2/jaeyoung> was used as the home directory.
</home/belle2/jaeyoung/workspace/DRAW_and_FITTING/main/FITTING/etapip/MC15ri_generic/tight_v2_fit_v6/ToyMC> was used as the working directory.
Started at Tue Jul 23 18:47:16 2024
Terminated at Tue Jul 23 19:33:31 2024
Results reported at Tue Jul 23 19:33:31 2024

Your job looked like:

------------------------------------------------------------
# LSBATCH: User input
bash -c "basf2 etapip_gg_fit_v6_toymc_100.py 444 > /home/belle2/jaeyoung/storage_ghi/Ntuples_ghi_2/MC15ri_generic/MC15ri_etaetapip_tight_v2_240419_Kp_BCS_etapi0const/bsub_log//MC15ri_etapip_gg_fitv6_toyMC_100_444.log"
------------------------------------------------------------

Successfully completed.

Resource usage summary:

    CPU time :                                   2745.82 sec.
    Max Memory :                                 1313 MB
    Average Memory :                             949.77 MB
    Total Requested Memory :                     4000.00 MB
    Delta Memory :                               2687.00 MB
    Max Swap :                                   -
    Max Processes :                              19
    Max Threads :                                20
    Run time :                                   2775 sec.
    Turnaround time :                            5599 sec.

The output (if any) follows:



PS:

Read file <./bsub_log/444.err> for stderr output of this job.

