Sender: LSF System <lsfadmin@ccb072>
Subject: Job 52359721: <bash -c "basf2 etapip_gg_fit_v6_toymc_100.py 445 > /home/belle2/jaeyoung/storage_ghi/Ntuples_ghi_2/MC15ri_generic/MC15ri_etaetapip_tight_v2_240419_Kp_BCS_etapi0const/bsub_log//MC15ri_etapip_gg_fitv6_toyMC_100_445.log"> in cluster <centralcluster> Done

Job <bash -c "basf2 etapip_gg_fit_v6_toymc_100.py 445 > /home/belle2/jaeyoung/storage_ghi/Ntuples_ghi_2/MC15ri_generic/MC15ri_etaetapip_tight_v2_240419_Kp_BCS_etapi0const/bsub_log//MC15ri_etapip_gg_fitv6_toyMC_100_445.log"> was submitted from host <ccw02> by user <jaeyoung> in cluster <centralcluster> at Sat Jul 20 14:40:37 2024
Job was executed on host(s) <ccb072>, in queue <s>, as user <jaeyoung> in cluster <centralcluster> at Sat Jul 20 14:45:31 2024
</home/belle2/jaeyoung> was used as the home directory.
</home/belle2/jaeyoung/workspace/DRAW_and_FITTING/main/FITTING/etapip/MC15ri_generic/tight_v2_fit_v6/ToyMC> was used as the working directory.
Started at Sat Jul 20 14:45:31 2024
Terminated at Sat Jul 20 15:32:26 2024
Results reported at Sat Jul 20 15:32:26 2024

Your job looked like:

------------------------------------------------------------
# LSBATCH: User input
bash -c "basf2 etapip_gg_fit_v6_toymc_100.py 445 > /home/belle2/jaeyoung/storage_ghi/Ntuples_ghi_2/MC15ri_generic/MC15ri_etaetapip_tight_v2_240419_Kp_BCS_etapi0const/bsub_log//MC15ri_etapip_gg_fitv6_toyMC_100_445.log"
------------------------------------------------------------

Successfully completed.

Resource usage summary:

    CPU time :                                   2783.79 sec.
    Max Memory :                                 1311 MB
    Average Memory :                             956.48 MB
    Total Requested Memory :                     4000.00 MB
    Delta Memory :                               2689.00 MB
    Max Swap :                                   -
    Max Processes :                              19
    Max Threads :                                20
    Run time :                                   2815 sec.
    Turnaround time :                            3109 sec.

The output (if any) follows:



PS:

Read file <./bsub_log/445.err> for stderr output of this job.

Sender: LSF System <lsfadmin@ccb149>
Subject: Job 53030733: <bash -c "basf2 etapip_gg_fit_v6_toymc_100.py 445 > /home/belle2/jaeyoung/storage_ghi/Ntuples_ghi_2/MC15ri_generic/MC15ri_etaetapip_tight_v2_240419_Kp_BCS_etapi0const/bsub_log//MC15ri_etapip_gg_fitv6_toyMC_100_445.log"> in cluster <centralcluster> Done

Job <bash -c "basf2 etapip_gg_fit_v6_toymc_100.py 445 > /home/belle2/jaeyoung/storage_ghi/Ntuples_ghi_2/MC15ri_generic/MC15ri_etaetapip_tight_v2_240419_Kp_BCS_etapi0const/bsub_log//MC15ri_etapip_gg_fitv6_toyMC_100_445.log"> was submitted from host <ccw03> by user <jaeyoung> in cluster <centralcluster> at Sun Jul 21 17:31:59 2024
Job was executed on host(s) <ccb149>, in queue <s>, as user <jaeyoung> in cluster <centralcluster> at Sun Jul 21 17:32:43 2024
</home/belle2/jaeyoung> was used as the home directory.
</home/belle2/jaeyoung/workspace/DRAW_and_FITTING/main/FITTING/etapip/MC15ri_generic/tight_v2_fit_v6/ToyMC> was used as the working directory.
Started at Sun Jul 21 17:32:43 2024
Terminated at Sun Jul 21 18:20:15 2024
Results reported at Sun Jul 21 18:20:15 2024

Your job looked like:

------------------------------------------------------------
# LSBATCH: User input
bash -c "basf2 etapip_gg_fit_v6_toymc_100.py 445 > /home/belle2/jaeyoung/storage_ghi/Ntuples_ghi_2/MC15ri_generic/MC15ri_etaetapip_tight_v2_240419_Kp_BCS_etapi0const/bsub_log//MC15ri_etapip_gg_fitv6_toyMC_100_445.log"
------------------------------------------------------------

Successfully completed.

Resource usage summary:

    CPU time :                                   2838.87 sec.
    Max Memory :                                 1311 MB
    Average Memory :                             926.13 MB
    Total Requested Memory :                     4000.00 MB
    Delta Memory :                               2689.00 MB
    Max Swap :                                   -
    Max Processes :                              19
    Max Threads :                                20
    Run time :                                   2852 sec.
    Turnaround time :                            2896 sec.

The output (if any) follows:



PS:

Read file <./bsub_log/445.err> for stderr output of this job.

Sender: LSF System <lsfadmin@ccb571>
Subject: Job 53203193: <bash -c "basf2 etapip_gg_fit_v6_toymc_100.py 445 > /home/belle2/jaeyoung/storage_ghi/Ntuples_ghi_2/MC15ri_generic/MC15ri_etaetapip_tight_v2_240419_Kp_BCS_etapi0const/bsub_log//MC15ri_etapip_gg_fitv6_toyMC_100_445.log"> in cluster <centralcluster> Exited

Job <bash -c "basf2 etapip_gg_fit_v6_toymc_100.py 445 > /home/belle2/jaeyoung/storage_ghi/Ntuples_ghi_2/MC15ri_generic/MC15ri_etaetapip_tight_v2_240419_Kp_BCS_etapi0const/bsub_log//MC15ri_etapip_gg_fitv6_toyMC_100_445.log"> was submitted from host <ccw03> by user <jaeyoung> in cluster <centralcluster> at Mon Jul 22 00:51:06 2024
Job was executed on host(s) <ccb571>, in queue <s>, as user <jaeyoung> in cluster <centralcluster> at Mon Jul 22 00:52:53 2024
</home/belle2/jaeyoung> was used as the home directory.
</home/belle2/jaeyoung/workspace/DRAW_and_FITTING/main/FITTING/etapip/MC15ri_generic/tight_v2_fit_v6/ToyMC> was used as the working directory.
Started at Mon Jul 22 00:52:53 2024
Terminated at Mon Jul 22 01:10:39 2024
Results reported at Mon Jul 22 01:10:39 2024

Your job looked like:

------------------------------------------------------------
# LSBATCH: User input
bash -c "basf2 etapip_gg_fit_v6_toymc_100.py 445 > /home/belle2/jaeyoung/storage_ghi/Ntuples_ghi_2/MC15ri_generic/MC15ri_etaetapip_tight_v2_240419_Kp_BCS_etapi0const/bsub_log//MC15ri_etapip_gg_fitv6_toyMC_100_445.log"
------------------------------------------------------------

Exited with exit code 1.

Resource usage summary:

    CPU time :                                   1058.72 sec.
    Max Memory :                                 1255 MB
    Average Memory :                             1168.98 MB
    Total Requested Memory :                     4000.00 MB
    Delta Memory :                               2745.00 MB
    Max Swap :                                   -
    Max Processes :                              19
    Max Threads :                                20
    Run time :                                   1067 sec.
    Turnaround time :                            1173 sec.

The output (if any) follows:



PS:

Read file <./bsub_log/445.err> for stderr output of this job.

Sender: LSF System <lsfadmin@ccb160>
Subject: Job 53407364: <bash -c "basf2 etapip_gg_fit_v6_toymc_100.py 445 > /home/belle2/jaeyoung/storage_ghi/Ntuples_ghi_2/MC15ri_generic/MC15ri_etaetapip_tight_v2_240419_Kp_BCS_etapi0const/bsub_log//MC15ri_etapip_gg_fitv6_toyMC_100_445.log"> in cluster <centralcluster> Done

Job <bash -c "basf2 etapip_gg_fit_v6_toymc_100.py 445 > /home/belle2/jaeyoung/storage_ghi/Ntuples_ghi_2/MC15ri_generic/MC15ri_etaetapip_tight_v2_240419_Kp_BCS_etapi0const/bsub_log//MC15ri_etapip_gg_fitv6_toyMC_100_445.log"> was submitted from host <ccw06> by user <jaeyoung> in cluster <centralcluster> at Mon Jul 22 10:49:43 2024
Job was executed on host(s) <ccb160>, in queue <s>, as user <jaeyoung> in cluster <centralcluster> at Mon Jul 22 10:50:26 2024
</home/belle2/jaeyoung> was used as the home directory.
</home/belle2/jaeyoung/workspace/DRAW_and_FITTING/main/FITTING/etapip/MC15ri_generic/tight_v2_fit_v6/ToyMC> was used as the working directory.
Started at Mon Jul 22 10:50:26 2024
Terminated at Mon Jul 22 11:38:06 2024
Results reported at Mon Jul 22 11:38:06 2024

Your job looked like:

------------------------------------------------------------
# LSBATCH: User input
bash -c "basf2 etapip_gg_fit_v6_toymc_100.py 445 > /home/belle2/jaeyoung/storage_ghi/Ntuples_ghi_2/MC15ri_generic/MC15ri_etaetapip_tight_v2_240419_Kp_BCS_etapi0const/bsub_log//MC15ri_etapip_gg_fitv6_toyMC_100_445.log"
------------------------------------------------------------

Successfully completed.

Resource usage summary:

    CPU time :                                   2849.99 sec.
    Max Memory :                                 1314 MB
    Average Memory :                             958.04 MB
    Total Requested Memory :                     4000.00 MB
    Delta Memory :                               2686.00 MB
    Max Swap :                                   -
    Max Processes :                              19
    Max Threads :                                20
    Run time :                                   2860 sec.
    Turnaround time :                            2903 sec.

The output (if any) follows:



PS:

Read file <./bsub_log/445.err> for stderr output of this job.

Sender: LSF System <lsfadmin@ccb555>
Subject: Job 53599752: <bash -c "basf2 etapip_gg_fit_v6_toymc_100.py 445 > /home/belle2/jaeyoung/storage_ghi/Ntuples_ghi_2/MC15ri_generic/MC15ri_etaetapip_tight_v2_240419_Kp_BCS_etapi0const/bsub_log//MC15ri_etapip_gg_fitv6_toyMC_100_445.log"> in cluster <centralcluster> Done

Job <bash -c "basf2 etapip_gg_fit_v6_toymc_100.py 445 > /home/belle2/jaeyoung/storage_ghi/Ntuples_ghi_2/MC15ri_generic/MC15ri_etaetapip_tight_v2_240419_Kp_BCS_etapi0const/bsub_log//MC15ri_etapip_gg_fitv6_toyMC_100_445.log"> was submitted from host <ccw03> by user <jaeyoung> in cluster <centralcluster> at Mon Jul 22 18:35:57 2024
Job was executed on host(s) <ccb555>, in queue <s>, as user <jaeyoung> in cluster <centralcluster> at Mon Jul 22 18:38:06 2024
</home/belle2/jaeyoung> was used as the home directory.
</home/belle2/jaeyoung/workspace/DRAW_and_FITTING/main/FITTING/etapip/MC15ri_generic/tight_v2_fit_v6/ToyMC> was used as the working directory.
Started at Mon Jul 22 18:38:06 2024
Terminated at Mon Jul 22 19:24:38 2024
Results reported at Mon Jul 22 19:24:38 2024

Your job looked like:

------------------------------------------------------------
# LSBATCH: User input
bash -c "basf2 etapip_gg_fit_v6_toymc_100.py 445 > /home/belle2/jaeyoung/storage_ghi/Ntuples_ghi_2/MC15ri_generic/MC15ri_etaetapip_tight_v2_240419_Kp_BCS_etapi0const/bsub_log//MC15ri_etapip_gg_fitv6_toyMC_100_445.log"
------------------------------------------------------------

Successfully completed.

Resource usage summary:

    CPU time :                                   2738.59 sec.
    Max Memory :                                 1311 MB
    Average Memory :                             948.47 MB
    Total Requested Memory :                     4000.00 MB
    Delta Memory :                               2689.00 MB
    Max Swap :                                   -
    Max Processes :                              19
    Max Threads :                                20
    Run time :                                   2793 sec.
    Turnaround time :                            2921 sec.

The output (if any) follows:



PS:

Read file <./bsub_log/445.err> for stderr output of this job.

Sender: LSF System <lsfadmin@ccb223>
Subject: Job 53833048: <bash -c "basf2 etapip_gg_fit_v6_toymc_100.py 445 > /home/belle2/jaeyoung/storage_ghi/Ntuples_ghi_2/MC15ri_generic/MC15ri_etaetapip_tight_v2_240419_Kp_BCS_etapi0const/bsub_log//MC15ri_etapip_gg_fitv6_toyMC_100_445.log"> in cluster <centralcluster> Done

Job <bash -c "basf2 etapip_gg_fit_v6_toymc_100.py 445 > /home/belle2/jaeyoung/storage_ghi/Ntuples_ghi_2/MC15ri_generic/MC15ri_etaetapip_tight_v2_240419_Kp_BCS_etapi0const/bsub_log//MC15ri_etapip_gg_fitv6_toyMC_100_445.log"> was submitted from host <ccw05> by user <jaeyoung> in cluster <centralcluster> at Tue Jul 23 00:50:57 2024
Job was executed on host(s) <ccb223>, in queue <s>, as user <jaeyoung> in cluster <centralcluster> at Tue Jul 23 00:51:13 2024
</home/belle2/jaeyoung> was used as the home directory.
</home/belle2/jaeyoung/workspace/DRAW_and_FITTING/main/FITTING/etapip/MC15ri_generic/tight_v2_fit_v6/ToyMC> was used as the working directory.
Started at Tue Jul 23 00:51:13 2024
Terminated at Tue Jul 23 01:37:25 2024
Results reported at Tue Jul 23 01:37:25 2024

Your job looked like:

------------------------------------------------------------
# LSBATCH: User input
bash -c "basf2 etapip_gg_fit_v6_toymc_100.py 445 > /home/belle2/jaeyoung/storage_ghi/Ntuples_ghi_2/MC15ri_generic/MC15ri_etaetapip_tight_v2_240419_Kp_BCS_etapi0const/bsub_log//MC15ri_etapip_gg_fitv6_toyMC_100_445.log"
------------------------------------------------------------

Successfully completed.

Resource usage summary:

    CPU time :                                   2763.54 sec.
    Max Memory :                                 1313 MB
    Average Memory :                             941.65 MB
    Total Requested Memory :                     4000.00 MB
    Delta Memory :                               2687.00 MB
    Max Swap :                                   -
    Max Processes :                              19
    Max Threads :                                20
    Run time :                                   2772 sec.
    Turnaround time :                            2788 sec.

The output (if any) follows:



PS:

Read file <./bsub_log/445.err> for stderr output of this job.

Sender: LSF System <lsfadmin@ccb503>
Subject: Job 54398637: <bash -c "basf2 etapip_gg_fit_v6_toymc_100.py 445 > /home/belle2/jaeyoung/storage_ghi/Ntuples_ghi_2/MC15ri_generic/MC15ri_etaetapip_tight_v2_240419_Kp_BCS_etapi0const/bsub_log//MC15ri_etapip_gg_fitv6_toyMC_100_445.log"> in cluster <centralcluster> Done

Job <bash -c "basf2 etapip_gg_fit_v6_toymc_100.py 445 > /home/belle2/jaeyoung/storage_ghi/Ntuples_ghi_2/MC15ri_generic/MC15ri_etaetapip_tight_v2_240419_Kp_BCS_etapi0const/bsub_log//MC15ri_etapip_gg_fitv6_toyMC_100_445.log"> was submitted from host <ccw04> by user <jaeyoung> in cluster <centralcluster> at Tue Jul 23 18:00:12 2024
Job was executed on host(s) <ccb503>, in queue <s>, as user <jaeyoung> in cluster <centralcluster> at Tue Jul 23 18:47:16 2024
</home/belle2/jaeyoung> was used as the home directory.
</home/belle2/jaeyoung/workspace/DRAW_and_FITTING/main/FITTING/etapip/MC15ri_generic/tight_v2_fit_v6/ToyMC> was used as the working directory.
Started at Tue Jul 23 18:47:16 2024
Terminated at Tue Jul 23 19:35:03 2024
Results reported at Tue Jul 23 19:35:03 2024

Your job looked like:

------------------------------------------------------------
# LSBATCH: User input
bash -c "basf2 etapip_gg_fit_v6_toymc_100.py 445 > /home/belle2/jaeyoung/storage_ghi/Ntuples_ghi_2/MC15ri_generic/MC15ri_etaetapip_tight_v2_240419_Kp_BCS_etapi0const/bsub_log//MC15ri_etapip_gg_fitv6_toyMC_100_445.log"
------------------------------------------------------------

Successfully completed.

Resource usage summary:

    CPU time :                                   2803.75 sec.
    Max Memory :                                 1313 MB
    Average Memory :                             937.15 MB
    Total Requested Memory :                     4000.00 MB
    Delta Memory :                               2687.00 MB
    Max Swap :                                   -
    Max Processes :                              19
    Max Threads :                                20
    Run time :                                   2868 sec.
    Turnaround time :                            5691 sec.

The output (if any) follows:



PS:

Read file <./bsub_log/445.err> for stderr output of this job.

Sender: LSF System <lsfadmin@ccb552>
Subject: Job 54471348: <bash -c "basf2 etapip_gg_fit_v6_toymc_100.py 445 > /home/belle2/jaeyoung/storage_ghi/Ntuples_ghi_2/MC15ri_generic/MC15ri_etaetapip_tight_v2_240419_Kp_BCS_etapi0const/bsub_log//MC15ri_etapip_gg_fitv6_toyMC_100_445.log"> in cluster <centralcluster> Done

Job <bash -c "basf2 etapip_gg_fit_v6_toymc_100.py 445 > /home/belle2/jaeyoung/storage_ghi/Ntuples_ghi_2/MC15ri_generic/MC15ri_etaetapip_tight_v2_240419_Kp_BCS_etapi0const/bsub_log//MC15ri_etapip_gg_fitv6_toyMC_100_445.log"> was submitted from host <ccw03> by user <jaeyoung> in cluster <centralcluster> at Tue Jul 23 19:39:06 2024
Job was executed on host(s) <ccb552>, in queue <s>, as user <jaeyoung> in cluster <centralcluster> at Tue Jul 23 19:39:13 2024
</home/belle2/jaeyoung> was used as the home directory.
</home/belle2/jaeyoung/workspace/DRAW_and_FITTING/main/FITTING/etapip/MC15ri_generic/tight_v2_fit_v6/ToyMC> was used as the working directory.
Started at Tue Jul 23 19:39:13 2024
Terminated at Tue Jul 23 20:25:53 2024
Results reported at Tue Jul 23 20:25:53 2024

Your job looked like:

------------------------------------------------------------
# LSBATCH: User input
bash -c "basf2 etapip_gg_fit_v6_toymc_100.py 445 > /home/belle2/jaeyoung/storage_ghi/Ntuples_ghi_2/MC15ri_generic/MC15ri_etaetapip_tight_v2_240419_Kp_BCS_etapi0const/bsub_log//MC15ri_etapip_gg_fitv6_toyMC_100_445.log"
------------------------------------------------------------

Successfully completed.

Resource usage summary:

    CPU time :                                   2756.52 sec.
    Max Memory :                                 1311 MB
    Average Memory :                             940.64 MB
    Total Requested Memory :                     4000.00 MB
    Delta Memory :                               2689.00 MB
    Max Swap :                                   -
    Max Processes :                              19
    Max Threads :                                20
    Run time :                                   2801 sec.
    Turnaround time :                            2807 sec.

The output (if any) follows:



PS:

Read file <./bsub_log/445.err> for stderr output of this job.

Sender: LSF System <lsfadmin@ccb056>
Subject: Job 55516276: <bash -c "basf2 etapip_gg_fit_v6_toymc_100.py 445 > /home/belle2/jaeyoung/storage_ghi/Ntuples_ghi_2/MC15ri_generic/MC15ri_etaetapip_tight_v2_240419_Kp_BCS_etapi0const/bsub_log//MC15ri_etapip_gg_fitv6_toyMC_100_445.log"> in cluster <centralcluster> Done

Job <bash -c "basf2 etapip_gg_fit_v6_toymc_100.py 445 > /home/belle2/jaeyoung/storage_ghi/Ntuples_ghi_2/MC15ri_generic/MC15ri_etaetapip_tight_v2_240419_Kp_BCS_etapi0const/bsub_log//MC15ri_etapip_gg_fitv6_toyMC_100_445.log"> was submitted from host <ccw01> by user <jaeyoung> in cluster <centralcluster> at Thu Jul 25 20:52:00 2024
Job was executed on host(s) <ccb056>, in queue <s>, as user <jaeyoung> in cluster <centralcluster> at Thu Jul 25 20:52:01 2024
</home/belle2/jaeyoung> was used as the home directory.
</gpfs/home/belle2/jaeyoung/workspace/DRAW_and_FITTING/main/FITTING/etapip/MC15ri_generic/tight_v2_fit_v6/ToyMC> was used as the working directory.
Started at Thu Jul 25 20:52:01 2024
Terminated at Thu Jul 25 21:40:04 2024
Results reported at Thu Jul 25 21:40:04 2024

Your job looked like:

------------------------------------------------------------
# LSBATCH: User input
bash -c "basf2 etapip_gg_fit_v6_toymc_100.py 445 > /home/belle2/jaeyoung/storage_ghi/Ntuples_ghi_2/MC15ri_generic/MC15ri_etaetapip_tight_v2_240419_Kp_BCS_etapi0const/bsub_log//MC15ri_etapip_gg_fitv6_toyMC_100_445.log"
------------------------------------------------------------

Successfully completed.

Resource usage summary:

    CPU time :                                   2849.45 sec.
    Max Memory :                                 1313 MB
    Average Memory :                             961.15 MB
    Total Requested Memory :                     4000.00 MB
    Delta Memory :                               2687.00 MB
    Max Swap :                                   -
    Max Processes :                              19
    Max Threads :                                20
    Run time :                                   2884 sec.
    Turnaround time :                            2884 sec.

The output (if any) follows:



PS:

Read file <./bsub_log/445.err> for stderr output of this job.

Sender: LSF System <lsfadmin@ccb245>
Subject: Job 56103944: <bash -c "basf2 etapip_gg_fit_v6_toymc_100.py 445 > /home/belle2/jaeyoung/storage_ghi/Ntuples_ghi_2/MC15ri_generic/MC15ri_etaetapip_tight_v2_240419_Kp_BCS_etapi0const/bsub_log//MC15ri_etapip_gg_fitv6_toyMC_100_445.log"> in cluster <centralcluster> Done

Job <bash -c "basf2 etapip_gg_fit_v6_toymc_100.py 445 > /home/belle2/jaeyoung/storage_ghi/Ntuples_ghi_2/MC15ri_generic/MC15ri_etaetapip_tight_v2_240419_Kp_BCS_etapi0const/bsub_log//MC15ri_etapip_gg_fitv6_toyMC_100_445.log"> was submitted from host <ccw06> by user <jaeyoung> in cluster <centralcluster> at Fri Jul 26 23:44:41 2024
Job was executed on host(s) <ccb245>, in queue <s>, as user <jaeyoung> in cluster <centralcluster> at Sat Jul 27 00:26:19 2024
</home/belle2/jaeyoung> was used as the home directory.
</home/belle2/jaeyoung/workspace/DRAW_and_FITTING/main/FITTING/etapip/MC15ri_generic/tight_v2_fit_v6/ToyMC> was used as the working directory.
Started at Sat Jul 27 00:26:19 2024
Terminated at Sat Jul 27 00:59:32 2024
Results reported at Sat Jul 27 00:59:32 2024

Your job looked like:

------------------------------------------------------------
# LSBATCH: User input
bash -c "basf2 etapip_gg_fit_v6_toymc_100.py 445 > /home/belle2/jaeyoung/storage_ghi/Ntuples_ghi_2/MC15ri_generic/MC15ri_etaetapip_tight_v2_240419_Kp_BCS_etapi0const/bsub_log//MC15ri_etapip_gg_fitv6_toyMC_100_445.log"
------------------------------------------------------------

Successfully completed.

Resource usage summary:

    CPU time :                                   1922.04 sec.
    Max Memory :                                 887 MB
    Average Memory :                             641.81 MB
    Total Requested Memory :                     4000.00 MB
    Delta Memory :                               3113.00 MB
    Max Swap :                                   -
    Max Processes :                              19
    Max Threads :                                20
    Run time :                                   1993 sec.
    Turnaround time :                            4491 sec.

The output (if any) follows:



PS:

Read file <./bsub_log/445.err> for stderr output of this job.

Sender: LSF System <lsfadmin@ccb120>
Subject: Job 56133825: <bash -c "basf2 etapip_gg_fit_v6_toymc_100.py 445 > /home/belle2/jaeyoung/storage_ghi/Ntuples_ghi_2/MC15ri_generic/MC15ri_etaetapip_tight_v2_240419_Kp_BCS_etapi0const/bsub_log//MC15ri_etapip_gg_fitv6_toyMC_100_445.log"> in cluster <centralcluster> Done

Job <bash -c "basf2 etapip_gg_fit_v6_toymc_100.py 445 > /home/belle2/jaeyoung/storage_ghi/Ntuples_ghi_2/MC15ri_generic/MC15ri_etaetapip_tight_v2_240419_Kp_BCS_etapi0const/bsub_log//MC15ri_etapip_gg_fitv6_toyMC_100_445.log"> was submitted from host <ccw03> by user <jaeyoung> in cluster <centralcluster> at Sat Jul 27 01:14:09 2024
Job was executed on host(s) <ccb120>, in queue <s>, as user <jaeyoung> in cluster <centralcluster> at Sat Jul 27 03:05:45 2024
</home/belle2/jaeyoung> was used as the home directory.
</gpfs/home/belle2/jaeyoung/workspace/DRAW_and_FITTING/main/FITTING/etapip/MC15ri_generic/tight_v2_fit_v6/ToyMC> was used as the working directory.
Started at Sat Jul 27 03:05:45 2024
Terminated at Sat Jul 27 03:45:05 2024
Results reported at Sat Jul 27 03:45:05 2024

Your job looked like:

------------------------------------------------------------
# LSBATCH: User input
bash -c "basf2 etapip_gg_fit_v6_toymc_100.py 445 > /home/belle2/jaeyoung/storage_ghi/Ntuples_ghi_2/MC15ri_generic/MC15ri_etaetapip_tight_v2_240419_Kp_BCS_etapi0const/bsub_log//MC15ri_etapip_gg_fitv6_toyMC_100_445.log"
------------------------------------------------------------

Successfully completed.

Resource usage summary:

    CPU time :                                   2314.26 sec.
    Max Memory :                                 896 MB
    Average Memory :                             659.83 MB
    Total Requested Memory :                     4000.00 MB
    Delta Memory :                               3104.00 MB
    Max Swap :                                   -
    Max Processes :                              19
    Max Threads :                                20
    Run time :                                   2361 sec.
    Turnaround time :                            9056 sec.

The output (if any) follows:



PS:

Read file <./bsub_log/445.err> for stderr output of this job.

Sender: LSF System <lsfadmin@ccb166>
Subject: Job 57220898: <bash -c "basf2 etapip_gg_fit_v6_toymc_100.py 445 > /home/belle2/jaeyoung/storage_ghi/Ntuples_ghi_2/MC15ri_generic/MC15ri_etaetapip_tight_v2_240419_Kp_BCS_etapi0const/bsub_log//MC15ri_etapip_gg_fitv6_toyMC_100_445.log"> in cluster <centralcluster> Exited

Job <bash -c "basf2 etapip_gg_fit_v6_toymc_100.py 445 > /home/belle2/jaeyoung/storage_ghi/Ntuples_ghi_2/MC15ri_generic/MC15ri_etaetapip_tight_v2_240419_Kp_BCS_etapi0const/bsub_log//MC15ri_etapip_gg_fitv6_toyMC_100_445.log"> was submitted from host <ccx03> by user <jaeyoung> in cluster <centralcluster> at Mon Jul 29 18:46:25 2024
Job was executed on host(s) <ccb166>, in queue <s>, as user <jaeyoung> in cluster <centralcluster> at Mon Jul 29 18:46:26 2024
</home/belle2/jaeyoung> was used as the home directory.
</gpfs/home/belle2/jaeyoung/workspace/DRAW_and_FITTING/main/FITTING/etapip/MC15ri_generic/tight_v2_fit_v6/ToyMC> was used as the working directory.
Started at Mon Jul 29 18:46:26 2024
Terminated at Mon Jul 29 19:50:23 2024
Results reported at Mon Jul 29 19:50:23 2024

Your job looked like:

------------------------------------------------------------
# LSBATCH: User input
bash -c "basf2 etapip_gg_fit_v6_toymc_100.py 445 > /home/belle2/jaeyoung/storage_ghi/Ntuples_ghi_2/MC15ri_generic/MC15ri_etaetapip_tight_v2_240419_Kp_BCS_etapi0const/bsub_log//MC15ri_etapip_gg_fitv6_toyMC_100_445.log"
------------------------------------------------------------

Exited with exit code 1.

Resource usage summary:

    CPU time :                                   3782.43 sec.
    Max Memory :                                 1397 MB
    Average Memory :                             1026.50 MB
    Total Requested Memory :                     4000.00 MB
    Delta Memory :                               2603.00 MB
    Max Swap :                                   -
    Max Processes :                              19
    Max Threads :                                20
    Run time :                                   3836 sec.
    Turnaround time :                            3838 sec.

The output (if any) follows:



PS:

Read file <./bsub_log/445.err> for stderr output of this job.

Sender: LSF System <lsfadmin@ccb081>
Subject: Job 57308886: <bash -c "basf2 etapip_gg_fit_v6_toymc_100.py 445 > /home/belle2/jaeyoung/storage_ghi/Ntuples_ghi_2/MC15ri_generic/MC15ri_etaetapip_tight_v2_240419_Kp_BCS_etapi0const/bsub_log//MC15ri_etapip_gg_fitv6_toyMC_100_445.log"> in cluster <centralcluster> Done

Job <bash -c "basf2 etapip_gg_fit_v6_toymc_100.py 445 > /home/belle2/jaeyoung/storage_ghi/Ntuples_ghi_2/MC15ri_generic/MC15ri_etaetapip_tight_v2_240419_Kp_BCS_etapi0const/bsub_log//MC15ri_etapip_gg_fitv6_toyMC_100_445.log"> was submitted from host <ccw03> by user <jaeyoung> in cluster <centralcluster> at Mon Jul 29 23:03:39 2024
Job was executed on host(s) <ccb081>, in queue <s>, as user <jaeyoung> in cluster <centralcluster> at Mon Jul 29 23:04:59 2024
</home/belle2/jaeyoung> was used as the home directory.
</home/belle2/jaeyoung/workspace/DRAW_and_FITTING/main/FITTING/etapip/MC15ri_generic/tight_v2_fit_v6/ToyMC> was used as the working directory.
Started at Mon Jul 29 23:04:59 2024
Terminated at Tue Jul 30 00:09:19 2024
Results reported at Tue Jul 30 00:09:19 2024

Your job looked like:

------------------------------------------------------------
# LSBATCH: User input
bash -c "basf2 etapip_gg_fit_v6_toymc_100.py 445 > /home/belle2/jaeyoung/storage_ghi/Ntuples_ghi_2/MC15ri_generic/MC15ri_etaetapip_tight_v2_240419_Kp_BCS_etapi0const/bsub_log//MC15ri_etapip_gg_fitv6_toyMC_100_445.log"
------------------------------------------------------------

Successfully completed.

Resource usage summary:

    CPU time :                                   3814.22 sec.
    Max Memory :                                 1400 MB
    Average Memory :                             1016.30 MB
    Total Requested Memory :                     4000.00 MB
    Delta Memory :                               2600.00 MB
    Max Swap :                                   -
    Max Processes :                              19
    Max Threads :                                20
    Run time :                                   3861 sec.
    Turnaround time :                            3940 sec.

The output (if any) follows:



PS:

Read file <./bsub_log/445.err> for stderr output of this job.

Sender: LSF System <lsfadmin@ccb180>
Subject: Job 57390426: <bash -c "basf2 etapip_gg_fit_v6_toymc_100.py 445 > /home/belle2/jaeyoung/storage_ghi/Ntuples_ghi_2/MC15ri_generic/MC15ri_etaetapip_tight_v2_240419_Kp_BCS_etapi0const/bsub_log//MC15ri_etapip_gg_fitv6_toyMC_100_445.log"> in cluster <centralcluster> Done

Job <bash -c "basf2 etapip_gg_fit_v6_toymc_100.py 445 > /home/belle2/jaeyoung/storage_ghi/Ntuples_ghi_2/MC15ri_generic/MC15ri_etaetapip_tight_v2_240419_Kp_BCS_etapi0const/bsub_log//MC15ri_etapip_gg_fitv6_toyMC_100_445.log"> was submitted from host <ccw03> by user <jaeyoung> in cluster <centralcluster> at Tue Jul 30 01:17:57 2024
Job was executed on host(s) <ccb180>, in queue <s>, as user <jaeyoung> in cluster <centralcluster> at Tue Jul 30 01:19:29 2024
</home/belle2/jaeyoung> was used as the home directory.
</home/belle2/jaeyoung/workspace/DRAW_and_FITTING/main/FITTING/etapip/MC15ri_generic/tight_v2_fit_v6/ToyMC> was used as the working directory.
Started at Tue Jul 30 01:19:29 2024
Terminated at Tue Jul 30 02:21:48 2024
Results reported at Tue Jul 30 02:21:48 2024

Your job looked like:

------------------------------------------------------------
# LSBATCH: User input
bash -c "basf2 etapip_gg_fit_v6_toymc_100.py 445 > /home/belle2/jaeyoung/storage_ghi/Ntuples_ghi_2/MC15ri_generic/MC15ri_etaetapip_tight_v2_240419_Kp_BCS_etapi0const/bsub_log//MC15ri_etapip_gg_fitv6_toyMC_100_445.log"
------------------------------------------------------------

Successfully completed.

Resource usage summary:

    CPU time :                                   3715.64 sec.
    Max Memory :                                 1430 MB
    Average Memory :                             1042.39 MB
    Total Requested Memory :                     4000.00 MB
    Delta Memory :                               2570.00 MB
    Max Swap :                                   -
    Max Processes :                              19
    Max Threads :                                20
    Run time :                                   3740 sec.
    Turnaround time :                            3831 sec.

The output (if any) follows:



PS:

Read file <./bsub_log/445.err> for stderr output of this job.

