Sender: LSF System <lsfadmin@ccb063>
Subject: Job 52359723: <bash -c "basf2 etapip_gg_fit_v6_toymc_100.py 446 > /home/belle2/jaeyoung/storage_ghi/Ntuples_ghi_2/MC15ri_generic/MC15ri_etaetapip_tight_v2_240419_Kp_BCS_etapi0const/bsub_log//MC15ri_etapip_gg_fitv6_toyMC_100_446.log"> in cluster <centralcluster> Done

Job <bash -c "basf2 etapip_gg_fit_v6_toymc_100.py 446 > /home/belle2/jaeyoung/storage_ghi/Ntuples_ghi_2/MC15ri_generic/MC15ri_etaetapip_tight_v2_240419_Kp_BCS_etapi0const/bsub_log//MC15ri_etapip_gg_fitv6_toyMC_100_446.log"> was submitted from host <ccw02> by user <jaeyoung> in cluster <centralcluster> at Sat Jul 20 14:40:37 2024
Job was executed on host(s) <ccb063>, in queue <s>, as user <jaeyoung> in cluster <centralcluster> at Sat Jul 20 14:45:31 2024
</home/belle2/jaeyoung> was used as the home directory.
</home/belle2/jaeyoung/workspace/DRAW_and_FITTING/main/FITTING/etapip/MC15ri_generic/tight_v2_fit_v6/ToyMC> was used as the working directory.
Started at Sat Jul 20 14:45:31 2024
Terminated at Sat Jul 20 15:32:48 2024
Results reported at Sat Jul 20 15:32:48 2024

Your job looked like:

------------------------------------------------------------
# LSBATCH: User input
bash -c "basf2 etapip_gg_fit_v6_toymc_100.py 446 > /home/belle2/jaeyoung/storage_ghi/Ntuples_ghi_2/MC15ri_generic/MC15ri_etaetapip_tight_v2_240419_Kp_BCS_etapi0const/bsub_log//MC15ri_etapip_gg_fitv6_toyMC_100_446.log"
------------------------------------------------------------

Successfully completed.

Resource usage summary:

    CPU time :                                   2826.61 sec.
    Max Memory :                                 1311 MB
    Average Memory :                             934.17 MB
    Total Requested Memory :                     4000.00 MB
    Delta Memory :                               2689.00 MB
    Max Swap :                                   -
    Max Processes :                              19
    Max Threads :                                20
    Run time :                                   2838 sec.
    Turnaround time :                            3131 sec.

The output (if any) follows:



PS:

Read file <./bsub_log/446.err> for stderr output of this job.

Sender: LSF System <lsfadmin@ccb187>
Subject: Job 53030736: <bash -c "basf2 etapip_gg_fit_v6_toymc_100.py 446 > /home/belle2/jaeyoung/storage_ghi/Ntuples_ghi_2/MC15ri_generic/MC15ri_etaetapip_tight_v2_240419_Kp_BCS_etapi0const/bsub_log//MC15ri_etapip_gg_fitv6_toyMC_100_446.log"> in cluster <centralcluster> Done

Job <bash -c "basf2 etapip_gg_fit_v6_toymc_100.py 446 > /home/belle2/jaeyoung/storage_ghi/Ntuples_ghi_2/MC15ri_generic/MC15ri_etaetapip_tight_v2_240419_Kp_BCS_etapi0const/bsub_log//MC15ri_etapip_gg_fitv6_toyMC_100_446.log"> was submitted from host <ccw03> by user <jaeyoung> in cluster <centralcluster> at Sun Jul 21 17:31:59 2024
Job was executed on host(s) <ccb187>, in queue <s>, as user <jaeyoung> in cluster <centralcluster> at Sun Jul 21 17:32:43 2024
</home/belle2/jaeyoung> was used as the home directory.
</home/belle2/jaeyoung/workspace/DRAW_and_FITTING/main/FITTING/etapip/MC15ri_generic/tight_v2_fit_v6/ToyMC> was used as the working directory.
Started at Sun Jul 21 17:32:43 2024
Terminated at Sun Jul 21 18:21:18 2024
Results reported at Sun Jul 21 18:21:18 2024

Your job looked like:

------------------------------------------------------------
# LSBATCH: User input
bash -c "basf2 etapip_gg_fit_v6_toymc_100.py 446 > /home/belle2/jaeyoung/storage_ghi/Ntuples_ghi_2/MC15ri_generic/MC15ri_etaetapip_tight_v2_240419_Kp_BCS_etapi0const/bsub_log//MC15ri_etapip_gg_fitv6_toyMC_100_446.log"
------------------------------------------------------------

Successfully completed.

Resource usage summary:

    CPU time :                                   2902.40 sec.
    Max Memory :                                 1311 MB
    Average Memory :                             942.27 MB
    Total Requested Memory :                     4000.00 MB
    Delta Memory :                               2689.00 MB
    Max Swap :                                   -
    Max Processes :                              19
    Max Threads :                                20
    Run time :                                   2915 sec.
    Turnaround time :                            2959 sec.

The output (if any) follows:



PS:

Read file <./bsub_log/446.err> for stderr output of this job.

Sender: LSF System <lsfadmin@ccb068>
Subject: Job 53203195: <bash -c "basf2 etapip_gg_fit_v6_toymc_100.py 446 > /home/belle2/jaeyoung/storage_ghi/Ntuples_ghi_2/MC15ri_generic/MC15ri_etaetapip_tight_v2_240419_Kp_BCS_etapi0const/bsub_log//MC15ri_etapip_gg_fitv6_toyMC_100_446.log"> in cluster <centralcluster> Exited

Job <bash -c "basf2 etapip_gg_fit_v6_toymc_100.py 446 > /home/belle2/jaeyoung/storage_ghi/Ntuples_ghi_2/MC15ri_generic/MC15ri_etaetapip_tight_v2_240419_Kp_BCS_etapi0const/bsub_log//MC15ri_etapip_gg_fitv6_toyMC_100_446.log"> was submitted from host <ccw03> by user <jaeyoung> in cluster <centralcluster> at Mon Jul 22 00:51:06 2024
Job was executed on host(s) <ccb068>, in queue <s>, as user <jaeyoung> in cluster <centralcluster> at Mon Jul 22 00:52:56 2024
</home/belle2/jaeyoung> was used as the home directory.
</home/belle2/jaeyoung/workspace/DRAW_and_FITTING/main/FITTING/etapip/MC15ri_generic/tight_v2_fit_v6/ToyMC> was used as the working directory.
Started at Mon Jul 22 00:52:56 2024
Terminated at Mon Jul 22 01:09:15 2024
Results reported at Mon Jul 22 01:09:15 2024

Your job looked like:

------------------------------------------------------------
# LSBATCH: User input
bash -c "basf2 etapip_gg_fit_v6_toymc_100.py 446 > /home/belle2/jaeyoung/storage_ghi/Ntuples_ghi_2/MC15ri_generic/MC15ri_etaetapip_tight_v2_240419_Kp_BCS_etapi0const/bsub_log//MC15ri_etapip_gg_fitv6_toyMC_100_446.log"
------------------------------------------------------------

Exited with exit code 1.

Resource usage summary:

    CPU time :                                   974.43 sec.
    Max Memory :                                 1253 MB
    Average Memory :                             1166.89 MB
    Total Requested Memory :                     4000.00 MB
    Delta Memory :                               2747.00 MB
    Max Swap :                                   -
    Max Processes :                              19
    Max Threads :                                20
    Run time :                                   980 sec.
    Turnaround time :                            1089 sec.

The output (if any) follows:



PS:

Read file <./bsub_log/446.err> for stderr output of this job.

Sender: LSF System <lsfadmin@ccb272>
Subject: Job 53407366: <bash -c "basf2 etapip_gg_fit_v6_toymc_100.py 446 > /home/belle2/jaeyoung/storage_ghi/Ntuples_ghi_2/MC15ri_generic/MC15ri_etaetapip_tight_v2_240419_Kp_BCS_etapi0const/bsub_log//MC15ri_etapip_gg_fitv6_toyMC_100_446.log"> in cluster <centralcluster> Done

Job <bash -c "basf2 etapip_gg_fit_v6_toymc_100.py 446 > /home/belle2/jaeyoung/storage_ghi/Ntuples_ghi_2/MC15ri_generic/MC15ri_etaetapip_tight_v2_240419_Kp_BCS_etapi0const/bsub_log//MC15ri_etapip_gg_fitv6_toyMC_100_446.log"> was submitted from host <ccw06> by user <jaeyoung> in cluster <centralcluster> at Mon Jul 22 10:49:43 2024
Job was executed on host(s) <ccb272>, in queue <s>, as user <jaeyoung> in cluster <centralcluster> at Mon Jul 22 10:50:26 2024
</home/belle2/jaeyoung> was used as the home directory.
</home/belle2/jaeyoung/workspace/DRAW_and_FITTING/main/FITTING/etapip/MC15ri_generic/tight_v2_fit_v6/ToyMC> was used as the working directory.
Started at Mon Jul 22 10:50:26 2024
Terminated at Mon Jul 22 11:36:32 2024
Results reported at Mon Jul 22 11:36:32 2024

Your job looked like:

------------------------------------------------------------
# LSBATCH: User input
bash -c "basf2 etapip_gg_fit_v6_toymc_100.py 446 > /home/belle2/jaeyoung/storage_ghi/Ntuples_ghi_2/MC15ri_generic/MC15ri_etaetapip_tight_v2_240419_Kp_BCS_etapi0const/bsub_log//MC15ri_etapip_gg_fitv6_toyMC_100_446.log"
------------------------------------------------------------

Successfully completed.

Resource usage summary:

    CPU time :                                   2756.29 sec.
    Max Memory :                                 1311 MB
    Average Memory :                             943.32 MB
    Total Requested Memory :                     4000.00 MB
    Delta Memory :                               2689.00 MB
    Max Swap :                                   -
    Max Processes :                              19
    Max Threads :                                20
    Run time :                                   2767 sec.
    Turnaround time :                            2809 sec.

The output (if any) follows:



PS:

Read file <./bsub_log/446.err> for stderr output of this job.

Sender: LSF System <lsfadmin@ccb048>
Subject: Job 53599756: <bash -c "basf2 etapip_gg_fit_v6_toymc_100.py 446 > /home/belle2/jaeyoung/storage_ghi/Ntuples_ghi_2/MC15ri_generic/MC15ri_etaetapip_tight_v2_240419_Kp_BCS_etapi0const/bsub_log//MC15ri_etapip_gg_fitv6_toyMC_100_446.log"> in cluster <centralcluster> Done

Job <bash -c "basf2 etapip_gg_fit_v6_toymc_100.py 446 > /home/belle2/jaeyoung/storage_ghi/Ntuples_ghi_2/MC15ri_generic/MC15ri_etaetapip_tight_v2_240419_Kp_BCS_etapi0const/bsub_log//MC15ri_etapip_gg_fitv6_toyMC_100_446.log"> was submitted from host <ccw03> by user <jaeyoung> in cluster <centralcluster> at Mon Jul 22 18:35:57 2024
Job was executed on host(s) <ccb048>, in queue <s>, as user <jaeyoung> in cluster <centralcluster> at Mon Jul 22 18:38:06 2024
</home/belle2/jaeyoung> was used as the home directory.
</home/belle2/jaeyoung/workspace/DRAW_and_FITTING/main/FITTING/etapip/MC15ri_generic/tight_v2_fit_v6/ToyMC> was used as the working directory.
Started at Mon Jul 22 18:38:06 2024
Terminated at Mon Jul 22 19:25:59 2024
Results reported at Mon Jul 22 19:25:59 2024

Your job looked like:

------------------------------------------------------------
# LSBATCH: User input
bash -c "basf2 etapip_gg_fit_v6_toymc_100.py 446 > /home/belle2/jaeyoung/storage_ghi/Ntuples_ghi_2/MC15ri_generic/MC15ri_etaetapip_tight_v2_240419_Kp_BCS_etapi0const/bsub_log//MC15ri_etapip_gg_fitv6_toyMC_100_446.log"
------------------------------------------------------------

Successfully completed.

Resource usage summary:

    CPU time :                                   2827.43 sec.
    Max Memory :                                 1313 MB
    Average Memory :                             956.58 MB
    Total Requested Memory :                     4000.00 MB
    Delta Memory :                               2687.00 MB
    Max Swap :                                   -
    Max Processes :                              19
    Max Threads :                                20
    Run time :                                   2873 sec.
    Turnaround time :                            3002 sec.

The output (if any) follows:



PS:

Read file <./bsub_log/446.err> for stderr output of this job.

Sender: LSF System <lsfadmin@ccb178>
Subject: Job 53833052: <bash -c "basf2 etapip_gg_fit_v6_toymc_100.py 446 > /home/belle2/jaeyoung/storage_ghi/Ntuples_ghi_2/MC15ri_generic/MC15ri_etaetapip_tight_v2_240419_Kp_BCS_etapi0const/bsub_log//MC15ri_etapip_gg_fitv6_toyMC_100_446.log"> in cluster <centralcluster> Done

Job <bash -c "basf2 etapip_gg_fit_v6_toymc_100.py 446 > /home/belle2/jaeyoung/storage_ghi/Ntuples_ghi_2/MC15ri_generic/MC15ri_etaetapip_tight_v2_240419_Kp_BCS_etapi0const/bsub_log//MC15ri_etapip_gg_fitv6_toyMC_100_446.log"> was submitted from host <ccw05> by user <jaeyoung> in cluster <centralcluster> at Tue Jul 23 00:50:57 2024
Job was executed on host(s) <ccb178>, in queue <s>, as user <jaeyoung> in cluster <centralcluster> at Tue Jul 23 00:51:14 2024
</home/belle2/jaeyoung> was used as the home directory.
</home/belle2/jaeyoung/workspace/DRAW_and_FITTING/main/FITTING/etapip/MC15ri_generic/tight_v2_fit_v6/ToyMC> was used as the working directory.
Started at Tue Jul 23 00:51:14 2024
Terminated at Tue Jul 23 01:37:30 2024
Results reported at Tue Jul 23 01:37:30 2024

Your job looked like:

------------------------------------------------------------
# LSBATCH: User input
bash -c "basf2 etapip_gg_fit_v6_toymc_100.py 446 > /home/belle2/jaeyoung/storage_ghi/Ntuples_ghi_2/MC15ri_generic/MC15ri_etaetapip_tight_v2_240419_Kp_BCS_etapi0const/bsub_log//MC15ri_etapip_gg_fitv6_toyMC_100_446.log"
------------------------------------------------------------

Successfully completed.

Resource usage summary:

    CPU time :                                   2766.00 sec.
    Max Memory :                                 1314 MB
    Average Memory :                             949.99 MB
    Total Requested Memory :                     4000.00 MB
    Delta Memory :                               2686.00 MB
    Max Swap :                                   -
    Max Processes :                              19
    Max Threads :                                20
    Run time :                                   2776 sec.
    Turnaround time :                            2793 sec.

The output (if any) follows:



PS:

Read file <./bsub_log/446.err> for stderr output of this job.

Sender: LSF System <lsfadmin@ccb038>
Subject: Job 54398641: <bash -c "basf2 etapip_gg_fit_v6_toymc_100.py 446 > /home/belle2/jaeyoung/storage_ghi/Ntuples_ghi_2/MC15ri_generic/MC15ri_etaetapip_tight_v2_240419_Kp_BCS_etapi0const/bsub_log//MC15ri_etapip_gg_fitv6_toyMC_100_446.log"> in cluster <centralcluster> Done

Job <bash -c "basf2 etapip_gg_fit_v6_toymc_100.py 446 > /home/belle2/jaeyoung/storage_ghi/Ntuples_ghi_2/MC15ri_generic/MC15ri_etaetapip_tight_v2_240419_Kp_BCS_etapi0const/bsub_log//MC15ri_etapip_gg_fitv6_toyMC_100_446.log"> was submitted from host <ccw04> by user <jaeyoung> in cluster <centralcluster> at Tue Jul 23 18:00:12 2024
Job was executed on host(s) <ccb038>, in queue <s>, as user <jaeyoung> in cluster <centralcluster> at Tue Jul 23 18:47:16 2024
</home/belle2/jaeyoung> was used as the home directory.
</home/belle2/jaeyoung/workspace/DRAW_and_FITTING/main/FITTING/etapip/MC15ri_generic/tight_v2_fit_v6/ToyMC> was used as the working directory.
Started at Tue Jul 23 18:47:16 2024
Terminated at Tue Jul 23 19:35:30 2024
Results reported at Tue Jul 23 19:35:30 2024

Your job looked like:

------------------------------------------------------------
# LSBATCH: User input
bash -c "basf2 etapip_gg_fit_v6_toymc_100.py 446 > /home/belle2/jaeyoung/storage_ghi/Ntuples_ghi_2/MC15ri_generic/MC15ri_etaetapip_tight_v2_240419_Kp_BCS_etapi0const/bsub_log//MC15ri_etapip_gg_fitv6_toyMC_100_446.log"
------------------------------------------------------------

Successfully completed.

Resource usage summary:

    CPU time :                                   2848.61 sec.
    Max Memory :                                 1318 MB
    Average Memory :                             962.19 MB
    Total Requested Memory :                     4000.00 MB
    Delta Memory :                               2682.00 MB
    Max Swap :                                   -
    Max Processes :                              19
    Max Threads :                                20
    Run time :                                   2895 sec.
    Turnaround time :                            5718 sec.

The output (if any) follows:



PS:

Read file <./bsub_log/446.err> for stderr output of this job.

