Sender: LSF System <lsfadmin@ccb168>
Subject: Job 52359730: <bash -c "basf2 etapip_gg_fit_v6_toymc_100.py 449 > /home/belle2/jaeyoung/storage_ghi/Ntuples_ghi_2/MC15ri_generic/MC15ri_etaetapip_tight_v2_240419_Kp_BCS_etapi0const/bsub_log//MC15ri_etapip_gg_fitv6_toyMC_100_449.log"> in cluster <centralcluster> Done

Job <bash -c "basf2 etapip_gg_fit_v6_toymc_100.py 449 > /home/belle2/jaeyoung/storage_ghi/Ntuples_ghi_2/MC15ri_generic/MC15ri_etaetapip_tight_v2_240419_Kp_BCS_etapi0const/bsub_log//MC15ri_etapip_gg_fitv6_toyMC_100_449.log"> was submitted from host <ccw02> by user <jaeyoung> in cluster <centralcluster> at Sat Jul 20 14:40:39 2024
Job was executed on host(s) <ccb168>, in queue <s>, as user <jaeyoung> in cluster <centralcluster> at Sat Jul 20 14:45:31 2024
</home/belle2/jaeyoung> was used as the home directory.
</home/belle2/jaeyoung/workspace/DRAW_and_FITTING/main/FITTING/etapip/MC15ri_generic/tight_v2_fit_v6/ToyMC> was used as the working directory.
Started at Sat Jul 20 14:45:31 2024
Terminated at Sat Jul 20 15:35:40 2024
Results reported at Sat Jul 20 15:35:40 2024

Your job looked like:

------------------------------------------------------------
# LSBATCH: User input
bash -c "basf2 etapip_gg_fit_v6_toymc_100.py 449 > /home/belle2/jaeyoung/storage_ghi/Ntuples_ghi_2/MC15ri_generic/MC15ri_etaetapip_tight_v2_240419_Kp_BCS_etapi0const/bsub_log//MC15ri_etapip_gg_fitv6_toyMC_100_449.log"
------------------------------------------------------------

Successfully completed.

Resource usage summary:

    CPU time :                                   2980.05 sec.
    Max Memory :                                 1311 MB
    Average Memory :                             916.39 MB
    Total Requested Memory :                     4000.00 MB
    Delta Memory :                               2689.00 MB
    Max Swap :                                   -
    Max Processes :                              19
    Max Threads :                                20
    Run time :                                   3009 sec.
    Turnaround time :                            3301 sec.

The output (if any) follows:



PS:

Read file <./bsub_log/449.err> for stderr output of this job.

Sender: LSF System <lsfadmin@ccb264>
Subject: Job 53030748: <bash -c "basf2 etapip_gg_fit_v6_toymc_100.py 449 > /home/belle2/jaeyoung/storage_ghi/Ntuples_ghi_2/MC15ri_generic/MC15ri_etaetapip_tight_v2_240419_Kp_BCS_etapi0const/bsub_log//MC15ri_etapip_gg_fitv6_toyMC_100_449.log"> in cluster <centralcluster> Done

Job <bash -c "basf2 etapip_gg_fit_v6_toymc_100.py 449 > /home/belle2/jaeyoung/storage_ghi/Ntuples_ghi_2/MC15ri_generic/MC15ri_etaetapip_tight_v2_240419_Kp_BCS_etapi0const/bsub_log//MC15ri_etapip_gg_fitv6_toyMC_100_449.log"> was submitted from host <ccw03> by user <jaeyoung> in cluster <centralcluster> at Sun Jul 21 17:32:00 2024
Job was executed on host(s) <ccb264>, in queue <s>, as user <jaeyoung> in cluster <centralcluster> at Sun Jul 21 17:32:45 2024
</home/belle2/jaeyoung> was used as the home directory.
</home/belle2/jaeyoung/workspace/DRAW_and_FITTING/main/FITTING/etapip/MC15ri_generic/tight_v2_fit_v6/ToyMC> was used as the working directory.
Started at Sun Jul 21 17:32:45 2024
Terminated at Sun Jul 21 18:21:40 2024
Results reported at Sun Jul 21 18:21:40 2024

Your job looked like:

------------------------------------------------------------
# LSBATCH: User input
bash -c "basf2 etapip_gg_fit_v6_toymc_100.py 449 > /home/belle2/jaeyoung/storage_ghi/Ntuples_ghi_2/MC15ri_generic/MC15ri_etaetapip_tight_v2_240419_Kp_BCS_etapi0const/bsub_log//MC15ri_etapip_gg_fitv6_toyMC_100_449.log"
------------------------------------------------------------

Successfully completed.

Resource usage summary:

    CPU time :                                   2921.55 sec.
    Max Memory :                                 1311 MB
    Average Memory :                             963.95 MB
    Total Requested Memory :                     4000.00 MB
    Delta Memory :                               2689.00 MB
    Max Swap :                                   -
    Max Processes :                              19
    Max Threads :                                20
    Run time :                                   2936 sec.
    Turnaround time :                            2980 sec.

The output (if any) follows:



PS:

Read file <./bsub_log/449.err> for stderr output of this job.

Sender: LSF System <lsfadmin@ccb142>
Subject: Job 53203203: <bash -c "basf2 etapip_gg_fit_v6_toymc_100.py 449 > /home/belle2/jaeyoung/storage_ghi/Ntuples_ghi_2/MC15ri_generic/MC15ri_etaetapip_tight_v2_240419_Kp_BCS_etapi0const/bsub_log//MC15ri_etapip_gg_fitv6_toyMC_100_449.log"> in cluster <centralcluster> Exited

Job <bash -c "basf2 etapip_gg_fit_v6_toymc_100.py 449 > /home/belle2/jaeyoung/storage_ghi/Ntuples_ghi_2/MC15ri_generic/MC15ri_etaetapip_tight_v2_240419_Kp_BCS_etapi0const/bsub_log//MC15ri_etapip_gg_fitv6_toyMC_100_449.log"> was submitted from host <ccw03> by user <jaeyoung> in cluster <centralcluster> at Mon Jul 22 00:51:08 2024
Job was executed on host(s) <ccb142>, in queue <s>, as user <jaeyoung> in cluster <centralcluster> at Mon Jul 22 00:52:56 2024
</home/belle2/jaeyoung> was used as the home directory.
</home/belle2/jaeyoung/workspace/DRAW_and_FITTING/main/FITTING/etapip/MC15ri_generic/tight_v2_fit_v6/ToyMC> was used as the working directory.
Started at Mon Jul 22 00:52:56 2024
Terminated at Mon Jul 22 01:09:46 2024
Results reported at Mon Jul 22 01:09:46 2024

Your job looked like:

------------------------------------------------------------
# LSBATCH: User input
bash -c "basf2 etapip_gg_fit_v6_toymc_100.py 449 > /home/belle2/jaeyoung/storage_ghi/Ntuples_ghi_2/MC15ri_generic/MC15ri_etaetapip_tight_v2_240419_Kp_BCS_etapi0const/bsub_log//MC15ri_etapip_gg_fitv6_toyMC_100_449.log"
------------------------------------------------------------

Exited with exit code 1.

Resource usage summary:

    CPU time :                                   1005.81 sec.
    Max Memory :                                 1256 MB
    Average Memory :                             1177.63 MB
    Total Requested Memory :                     4000.00 MB
    Delta Memory :                               2744.00 MB
    Max Swap :                                   -
    Max Processes :                              19
    Max Threads :                                20
    Run time :                                   1010 sec.
    Turnaround time :                            1118 sec.

The output (if any) follows:



PS:

Read file <./bsub_log/449.err> for stderr output of this job.

Sender: LSF System <lsfadmin@ccb264>
Subject: Job 53407374: <bash -c "basf2 etapip_gg_fit_v6_toymc_100.py 449 > /home/belle2/jaeyoung/storage_ghi/Ntuples_ghi_2/MC15ri_generic/MC15ri_etaetapip_tight_v2_240419_Kp_BCS_etapi0const/bsub_log//MC15ri_etapip_gg_fitv6_toyMC_100_449.log"> in cluster <centralcluster> Done

Job <bash -c "basf2 etapip_gg_fit_v6_toymc_100.py 449 > /home/belle2/jaeyoung/storage_ghi/Ntuples_ghi_2/MC15ri_generic/MC15ri_etaetapip_tight_v2_240419_Kp_BCS_etapi0const/bsub_log//MC15ri_etapip_gg_fitv6_toyMC_100_449.log"> was submitted from host <ccw06> by user <jaeyoung> in cluster <centralcluster> at Mon Jul 22 10:49:44 2024
Job was executed on host(s) <ccb264>, in queue <s>, as user <jaeyoung> in cluster <centralcluster> at Mon Jul 22 10:50:27 2024
</home/belle2/jaeyoung> was used as the home directory.
</home/belle2/jaeyoung/workspace/DRAW_and_FITTING/main/FITTING/etapip/MC15ri_generic/tight_v2_fit_v6/ToyMC> was used as the working directory.
Started at Mon Jul 22 10:50:27 2024
Terminated at Mon Jul 22 11:38:07 2024
Results reported at Mon Jul 22 11:38:07 2024

Your job looked like:

------------------------------------------------------------
# LSBATCH: User input
bash -c "basf2 etapip_gg_fit_v6_toymc_100.py 449 > /home/belle2/jaeyoung/storage_ghi/Ntuples_ghi_2/MC15ri_generic/MC15ri_etaetapip_tight_v2_240419_Kp_BCS_etapi0const/bsub_log//MC15ri_etapip_gg_fitv6_toyMC_100_449.log"
------------------------------------------------------------

Successfully completed.

Resource usage summary:

    CPU time :                                   2745.07 sec.
    Max Memory :                                 1311 MB
    Average Memory :                             940.77 MB
    Total Requested Memory :                     4000.00 MB
    Delta Memory :                               2689.00 MB
    Max Swap :                                   -
    Max Processes :                              19
    Max Threads :                                20
    Run time :                                   2859 sec.
    Turnaround time :                            2903 sec.

The output (if any) follows:



PS:

Read file <./bsub_log/449.err> for stderr output of this job.

Sender: LSF System <lsfadmin@ccb529>
Subject: Job 53599765: <bash -c "basf2 etapip_gg_fit_v6_toymc_100.py 449 > /home/belle2/jaeyoung/storage_ghi/Ntuples_ghi_2/MC15ri_generic/MC15ri_etaetapip_tight_v2_240419_Kp_BCS_etapi0const/bsub_log//MC15ri_etapip_gg_fitv6_toyMC_100_449.log"> in cluster <centralcluster> Done

Job <bash -c "basf2 etapip_gg_fit_v6_toymc_100.py 449 > /home/belle2/jaeyoung/storage_ghi/Ntuples_ghi_2/MC15ri_generic/MC15ri_etaetapip_tight_v2_240419_Kp_BCS_etapi0const/bsub_log//MC15ri_etapip_gg_fitv6_toyMC_100_449.log"> was submitted from host <ccw03> by user <jaeyoung> in cluster <centralcluster> at Mon Jul 22 18:35:58 2024
Job was executed on host(s) <ccb529>, in queue <s>, as user <jaeyoung> in cluster <centralcluster> at Mon Jul 22 18:38:07 2024
</home/belle2/jaeyoung> was used as the home directory.
</home/belle2/jaeyoung/workspace/DRAW_and_FITTING/main/FITTING/etapip/MC15ri_generic/tight_v2_fit_v6/ToyMC> was used as the working directory.
Started at Mon Jul 22 18:38:07 2024
Terminated at Mon Jul 22 19:24:09 2024
Results reported at Mon Jul 22 19:24:09 2024

Your job looked like:

------------------------------------------------------------
# LSBATCH: User input
bash -c "basf2 etapip_gg_fit_v6_toymc_100.py 449 > /home/belle2/jaeyoung/storage_ghi/Ntuples_ghi_2/MC15ri_generic/MC15ri_etaetapip_tight_v2_240419_Kp_BCS_etapi0const/bsub_log//MC15ri_etapip_gg_fitv6_toyMC_100_449.log"
------------------------------------------------------------

Successfully completed.

Resource usage summary:

    CPU time :                                   2734.43 sec.
    Max Memory :                                 1311 MB
    Average Memory :                             959.20 MB
    Total Requested Memory :                     4000.00 MB
    Delta Memory :                               2689.00 MB
    Max Swap :                                   -
    Max Processes :                              19
    Max Threads :                                20
    Run time :                                   2763 sec.
    Turnaround time :                            2891 sec.

The output (if any) follows:



PS:

Read file <./bsub_log/449.err> for stderr output of this job.

Sender: LSF System <lsfadmin@ccb192>
Subject: Job 53833064: <bash -c "basf2 etapip_gg_fit_v6_toymc_100.py 449 > /home/belle2/jaeyoung/storage_ghi/Ntuples_ghi_2/MC15ri_generic/MC15ri_etaetapip_tight_v2_240419_Kp_BCS_etapi0const/bsub_log//MC15ri_etapip_gg_fitv6_toyMC_100_449.log"> in cluster <centralcluster> Done

Job <bash -c "basf2 etapip_gg_fit_v6_toymc_100.py 449 > /home/belle2/jaeyoung/storage_ghi/Ntuples_ghi_2/MC15ri_generic/MC15ri_etaetapip_tight_v2_240419_Kp_BCS_etapi0const/bsub_log//MC15ri_etapip_gg_fitv6_toyMC_100_449.log"> was submitted from host <ccw05> by user <jaeyoung> in cluster <centralcluster> at Tue Jul 23 00:50:58 2024
Job was executed on host(s) <ccb192>, in queue <s>, as user <jaeyoung> in cluster <centralcluster> at Tue Jul 23 00:51:14 2024
</home/belle2/jaeyoung> was used as the home directory.
</home/belle2/jaeyoung/workspace/DRAW_and_FITTING/main/FITTING/etapip/MC15ri_generic/tight_v2_fit_v6/ToyMC> was used as the working directory.
Started at Tue Jul 23 00:51:14 2024
Terminated at Tue Jul 23 01:37:37 2024
Results reported at Tue Jul 23 01:37:37 2024

Your job looked like:

------------------------------------------------------------
# LSBATCH: User input
bash -c "basf2 etapip_gg_fit_v6_toymc_100.py 449 > /home/belle2/jaeyoung/storage_ghi/Ntuples_ghi_2/MC15ri_generic/MC15ri_etaetapip_tight_v2_240419_Kp_BCS_etapi0const/bsub_log//MC15ri_etapip_gg_fitv6_toyMC_100_449.log"
------------------------------------------------------------

Successfully completed.

Resource usage summary:

    CPU time :                                   2771.48 sec.
    Max Memory :                                 1311 MB
    Average Memory :                             950.47 MB
    Total Requested Memory :                     4000.00 MB
    Delta Memory :                               2689.00 MB
    Max Swap :                                   -
    Max Processes :                              19
    Max Threads :                                20
    Run time :                                   2783 sec.
    Turnaround time :                            2799 sec.

The output (if any) follows:



PS:

Read file <./bsub_log/449.err> for stderr output of this job.

Sender: LSF System <lsfadmin@ccb045>
Subject: Job 54398655: <bash -c "basf2 etapip_gg_fit_v6_toymc_100.py 449 > /home/belle2/jaeyoung/storage_ghi/Ntuples_ghi_2/MC15ri_generic/MC15ri_etaetapip_tight_v2_240419_Kp_BCS_etapi0const/bsub_log//MC15ri_etapip_gg_fitv6_toyMC_100_449.log"> in cluster <centralcluster> Done

Job <bash -c "basf2 etapip_gg_fit_v6_toymc_100.py 449 > /home/belle2/jaeyoung/storage_ghi/Ntuples_ghi_2/MC15ri_generic/MC15ri_etaetapip_tight_v2_240419_Kp_BCS_etapi0const/bsub_log//MC15ri_etapip_gg_fitv6_toyMC_100_449.log"> was submitted from host <ccw04> by user <jaeyoung> in cluster <centralcluster> at Tue Jul 23 18:00:13 2024
Job was executed on host(s) <ccb045>, in queue <s>, as user <jaeyoung> in cluster <centralcluster> at Tue Jul 23 18:47:17 2024
</home/belle2/jaeyoung> was used as the home directory.
</home/belle2/jaeyoung/workspace/DRAW_and_FITTING/main/FITTING/etapip/MC15ri_generic/tight_v2_fit_v6/ToyMC> was used as the working directory.
Started at Tue Jul 23 18:47:17 2024
Terminated at Tue Jul 23 19:35:18 2024
Results reported at Tue Jul 23 19:35:18 2024

Your job looked like:

------------------------------------------------------------
# LSBATCH: User input
bash -c "basf2 etapip_gg_fit_v6_toymc_100.py 449 > /home/belle2/jaeyoung/storage_ghi/Ntuples_ghi_2/MC15ri_generic/MC15ri_etaetapip_tight_v2_240419_Kp_BCS_etapi0const/bsub_log//MC15ri_etapip_gg_fitv6_toyMC_100_449.log"
------------------------------------------------------------

Successfully completed.

Resource usage summary:

    CPU time :                                   2846.15 sec.
    Max Memory :                                 1315 MB
    Average Memory :                             961.94 MB
    Total Requested Memory :                     4000.00 MB
    Delta Memory :                               2685.00 MB
    Max Swap :                                   -
    Max Processes :                              19
    Max Threads :                                20
    Run time :                                   2880 sec.
    Turnaround time :                            5705 sec.

The output (if any) follows:



PS:

Read file <./bsub_log/449.err> for stderr output of this job.

