Sender: LSF System <lsfadmin@ccb512>
Subject: Job 52359745: <bash -c "basf2 etapip_gg_fit_v6_toymc_100.py 456 > /home/belle2/jaeyoung/storage_ghi/Ntuples_ghi_2/MC15ri_generic/MC15ri_etaetapip_tight_v2_240419_Kp_BCS_etapi0const/bsub_log//MC15ri_etapip_gg_fitv6_toyMC_100_456.log"> in cluster <centralcluster> Done

Job <bash -c "basf2 etapip_gg_fit_v6_toymc_100.py 456 > /home/belle2/jaeyoung/storage_ghi/Ntuples_ghi_2/MC15ri_generic/MC15ri_etaetapip_tight_v2_240419_Kp_BCS_etapi0const/bsub_log//MC15ri_etapip_gg_fitv6_toyMC_100_456.log"> was submitted from host <ccw02> by user <jaeyoung> in cluster <centralcluster> at Sat Jul 20 14:40:41 2024
Job was executed on host(s) <ccb512>, in queue <s>, as user <jaeyoung> in cluster <centralcluster> at Sat Jul 20 14:45:40 2024
</home/belle2/jaeyoung> was used as the home directory.
</home/belle2/jaeyoung/workspace/DRAW_and_FITTING/main/FITTING/etapip/MC15ri_generic/tight_v2_fit_v6/ToyMC> was used as the working directory.
Started at Sat Jul 20 14:45:40 2024
Terminated at Sat Jul 20 15:35:23 2024
Results reported at Sat Jul 20 15:35:23 2024

Your job looked like:

------------------------------------------------------------
# LSBATCH: User input
bash -c "basf2 etapip_gg_fit_v6_toymc_100.py 456 > /home/belle2/jaeyoung/storage_ghi/Ntuples_ghi_2/MC15ri_generic/MC15ri_etaetapip_tight_v2_240419_Kp_BCS_etapi0const/bsub_log//MC15ri_etapip_gg_fitv6_toyMC_100_456.log"
------------------------------------------------------------

Successfully completed.

Resource usage summary:

    CPU time :                                   2892.04 sec.
    Max Memory :                                 1311 MB
    Average Memory :                             942.71 MB
    Total Requested Memory :                     4000.00 MB
    Delta Memory :                               2689.00 MB
    Max Swap :                                   -
    Max Processes :                              19
    Max Threads :                                20
    Run time :                                   2983 sec.
    Turnaround time :                            3282 sec.

The output (if any) follows:



PS:

Read file <./bsub_log/456.err> for stderr output of this job.

Sender: LSF System <lsfadmin@ccb123>
Subject: Job 53030775: <bash -c "basf2 etapip_gg_fit_v6_toymc_100.py 456 > /home/belle2/jaeyoung/storage_ghi/Ntuples_ghi_2/MC15ri_generic/MC15ri_etaetapip_tight_v2_240419_Kp_BCS_etapi0const/bsub_log//MC15ri_etapip_gg_fitv6_toyMC_100_456.log"> in cluster <centralcluster> Done

Job <bash -c "basf2 etapip_gg_fit_v6_toymc_100.py 456 > /home/belle2/jaeyoung/storage_ghi/Ntuples_ghi_2/MC15ri_generic/MC15ri_etaetapip_tight_v2_240419_Kp_BCS_etapi0const/bsub_log//MC15ri_etapip_gg_fitv6_toyMC_100_456.log"> was submitted from host <ccw03> by user <jaeyoung> in cluster <centralcluster> at Sun Jul 21 17:32:02 2024
Job was executed on host(s) <ccb123>, in queue <s>, as user <jaeyoung> in cluster <centralcluster> at Sun Jul 21 17:32:48 2024
</home/belle2/jaeyoung> was used as the home directory.
</home/belle2/jaeyoung/workspace/DRAW_and_FITTING/main/FITTING/etapip/MC15ri_generic/tight_v2_fit_v6/ToyMC> was used as the working directory.
Started at Sun Jul 21 17:32:48 2024
Terminated at Sun Jul 21 18:23:25 2024
Results reported at Sun Jul 21 18:23:25 2024

Your job looked like:

------------------------------------------------------------
# LSBATCH: User input
bash -c "basf2 etapip_gg_fit_v6_toymc_100.py 456 > /home/belle2/jaeyoung/storage_ghi/Ntuples_ghi_2/MC15ri_generic/MC15ri_etaetapip_tight_v2_240419_Kp_BCS_etapi0const/bsub_log//MC15ri_etapip_gg_fitv6_toyMC_100_456.log"
------------------------------------------------------------

Successfully completed.

Resource usage summary:

    CPU time :                                   3022.26 sec.
    Max Memory :                                 1311 MB
    Average Memory :                             941.92 MB
    Total Requested Memory :                     4000.00 MB
    Delta Memory :                               2689.00 MB
    Max Swap :                                   -
    Max Processes :                              19
    Max Threads :                                20
    Run time :                                   3037 sec.
    Turnaround time :                            3083 sec.

The output (if any) follows:



PS:

Read file <./bsub_log/456.err> for stderr output of this job.

Sender: LSF System <lsfadmin@ccb207>
Subject: Job 53203220: <bash -c "basf2 etapip_gg_fit_v6_toymc_100.py 456 > /home/belle2/jaeyoung/storage_ghi/Ntuples_ghi_2/MC15ri_generic/MC15ri_etaetapip_tight_v2_240419_Kp_BCS_etapi0const/bsub_log//MC15ri_etapip_gg_fitv6_toyMC_100_456.log"> in cluster <centralcluster> Exited

Job <bash -c "basf2 etapip_gg_fit_v6_toymc_100.py 456 > /home/belle2/jaeyoung/storage_ghi/Ntuples_ghi_2/MC15ri_generic/MC15ri_etaetapip_tight_v2_240419_Kp_BCS_etapi0const/bsub_log//MC15ri_etapip_gg_fitv6_toyMC_100_456.log"> was submitted from host <ccw03> by user <jaeyoung> in cluster <centralcluster> at Mon Jul 22 00:51:10 2024
Job was executed on host(s) <ccb207>, in queue <s>, as user <jaeyoung> in cluster <centralcluster> at Mon Jul 22 00:53:01 2024
</home/belle2/jaeyoung> was used as the home directory.
</home/belle2/jaeyoung/workspace/DRAW_and_FITTING/main/FITTING/etapip/MC15ri_generic/tight_v2_fit_v6/ToyMC> was used as the working directory.
Started at Mon Jul 22 00:53:01 2024
Terminated at Mon Jul 22 01:09:13 2024
Results reported at Mon Jul 22 01:09:13 2024

Your job looked like:

------------------------------------------------------------
# LSBATCH: User input
bash -c "basf2 etapip_gg_fit_v6_toymc_100.py 456 > /home/belle2/jaeyoung/storage_ghi/Ntuples_ghi_2/MC15ri_generic/MC15ri_etaetapip_tight_v2_240419_Kp_BCS_etapi0const/bsub_log//MC15ri_etapip_gg_fitv6_toyMC_100_456.log"
------------------------------------------------------------

Exited with exit code 1.

Resource usage summary:

    CPU time :                                   967.30 sec.
    Max Memory :                                 1253 MB
    Average Memory :                             1171.63 MB
    Total Requested Memory :                     4000.00 MB
    Delta Memory :                               2747.00 MB
    Max Swap :                                   -
    Max Processes :                              19
    Max Threads :                                20
    Run time :                                   972 sec.
    Turnaround time :                            1083 sec.

The output (if any) follows:



PS:

Read file <./bsub_log/456.err> for stderr output of this job.

Sender: LSF System <lsfadmin@ccb245>
Subject: Job 53407395: <bash -c "basf2 etapip_gg_fit_v6_toymc_100.py 456 > /home/belle2/jaeyoung/storage_ghi/Ntuples_ghi_2/MC15ri_generic/MC15ri_etaetapip_tight_v2_240419_Kp_BCS_etapi0const/bsub_log//MC15ri_etapip_gg_fitv6_toyMC_100_456.log"> in cluster <centralcluster> Done

Job <bash -c "basf2 etapip_gg_fit_v6_toymc_100.py 456 > /home/belle2/jaeyoung/storage_ghi/Ntuples_ghi_2/MC15ri_generic/MC15ri_etaetapip_tight_v2_240419_Kp_BCS_etapi0const/bsub_log//MC15ri_etapip_gg_fitv6_toyMC_100_456.log"> was submitted from host <ccw06> by user <jaeyoung> in cluster <centralcluster> at Mon Jul 22 10:49:46 2024
Job was executed on host(s) <ccb245>, in queue <s>, as user <jaeyoung> in cluster <centralcluster> at Mon Jul 22 10:50:30 2024
</home/belle2/jaeyoung> was used as the home directory.
</home/belle2/jaeyoung/workspace/DRAW_and_FITTING/main/FITTING/etapip/MC15ri_generic/tight_v2_fit_v6/ToyMC> was used as the working directory.
Started at Mon Jul 22 10:50:30 2024
Terminated at Mon Jul 22 11:37:15 2024
Results reported at Mon Jul 22 11:37:15 2024

Your job looked like:

------------------------------------------------------------
# LSBATCH: User input
bash -c "basf2 etapip_gg_fit_v6_toymc_100.py 456 > /home/belle2/jaeyoung/storage_ghi/Ntuples_ghi_2/MC15ri_generic/MC15ri_etaetapip_tight_v2_240419_Kp_BCS_etapi0const/bsub_log//MC15ri_etapip_gg_fitv6_toyMC_100_456.log"
------------------------------------------------------------

Successfully completed.

Resource usage summary:

    CPU time :                                   2777.82 sec.
    Max Memory :                                 1311 MB
    Average Memory :                             928.38 MB
    Total Requested Memory :                     4000.00 MB
    Delta Memory :                               2689.00 MB
    Max Swap :                                   -
    Max Processes :                              19
    Max Threads :                                20
    Run time :                                   2805 sec.
    Turnaround time :                            2849 sec.

The output (if any) follows:



PS:

Read file <./bsub_log/456.err> for stderr output of this job.

Sender: LSF System <lsfadmin@ccb035>
Subject: Job 53599790: <bash -c "basf2 etapip_gg_fit_v6_toymc_100.py 456 > /home/belle2/jaeyoung/storage_ghi/Ntuples_ghi_2/MC15ri_generic/MC15ri_etaetapip_tight_v2_240419_Kp_BCS_etapi0const/bsub_log//MC15ri_etapip_gg_fitv6_toyMC_100_456.log"> in cluster <centralcluster> Done

Job <bash -c "basf2 etapip_gg_fit_v6_toymc_100.py 456 > /home/belle2/jaeyoung/storage_ghi/Ntuples_ghi_2/MC15ri_generic/MC15ri_etaetapip_tight_v2_240419_Kp_BCS_etapi0const/bsub_log//MC15ri_etapip_gg_fitv6_toyMC_100_456.log"> was submitted from host <ccw03> by user <jaeyoung> in cluster <centralcluster> at Mon Jul 22 18:36:00 2024
Job was executed on host(s) <ccb035>, in queue <s>, as user <jaeyoung> in cluster <centralcluster> at Mon Jul 22 18:38:09 2024
</home/belle2/jaeyoung> was used as the home directory.
</home/belle2/jaeyoung/workspace/DRAW_and_FITTING/main/FITTING/etapip/MC15ri_generic/tight_v2_fit_v6/ToyMC> was used as the working directory.
Started at Mon Jul 22 18:38:09 2024
Terminated at Mon Jul 22 19:26:05 2024
Results reported at Mon Jul 22 19:26:05 2024

Your job looked like:

------------------------------------------------------------
# LSBATCH: User input
bash -c "basf2 etapip_gg_fit_v6_toymc_100.py 456 > /home/belle2/jaeyoung/storage_ghi/Ntuples_ghi_2/MC15ri_generic/MC15ri_etaetapip_tight_v2_240419_Kp_BCS_etapi0const/bsub_log//MC15ri_etapip_gg_fitv6_toyMC_100_456.log"
------------------------------------------------------------

Successfully completed.

Resource usage summary:

    CPU time :                                   2860.93 sec.
    Max Memory :                                 1347 MB
    Average Memory :                             967.63 MB
    Total Requested Memory :                     4000.00 MB
    Delta Memory :                               2653.00 MB
    Max Swap :                                   -
    Max Processes :                              19
    Max Threads :                                20
    Run time :                                   2877 sec.
    Turnaround time :                            3005 sec.

The output (if any) follows:



PS:

Read file <./bsub_log/456.err> for stderr output of this job.

Sender: LSF System <lsfadmin@ccb125>
Subject: Job 53833092: <bash -c "basf2 etapip_gg_fit_v6_toymc_100.py 456 > /home/belle2/jaeyoung/storage_ghi/Ntuples_ghi_2/MC15ri_generic/MC15ri_etaetapip_tight_v2_240419_Kp_BCS_etapi0const/bsub_log//MC15ri_etapip_gg_fitv6_toyMC_100_456.log"> in cluster <centralcluster> Done

Job <bash -c "basf2 etapip_gg_fit_v6_toymc_100.py 456 > /home/belle2/jaeyoung/storage_ghi/Ntuples_ghi_2/MC15ri_generic/MC15ri_etaetapip_tight_v2_240419_Kp_BCS_etapi0const/bsub_log//MC15ri_etapip_gg_fitv6_toyMC_100_456.log"> was submitted from host <ccw05> by user <jaeyoung> in cluster <centralcluster> at Tue Jul 23 00:51:01 2024
Job was executed on host(s) <ccb125>, in queue <s>, as user <jaeyoung> in cluster <centralcluster> at Tue Jul 23 00:51:22 2024
</home/belle2/jaeyoung> was used as the home directory.
</home/belle2/jaeyoung/workspace/DRAW_and_FITTING/main/FITTING/etapip/MC15ri_generic/tight_v2_fit_v6/ToyMC> was used as the working directory.
Started at Tue Jul 23 00:51:22 2024
Terminated at Tue Jul 23 01:39:25 2024
Results reported at Tue Jul 23 01:39:25 2024

Your job looked like:

------------------------------------------------------------
# LSBATCH: User input
bash -c "basf2 etapip_gg_fit_v6_toymc_100.py 456 > /home/belle2/jaeyoung/storage_ghi/Ntuples_ghi_2/MC15ri_generic/MC15ri_etaetapip_tight_v2_240419_Kp_BCS_etapi0const/bsub_log//MC15ri_etapip_gg_fitv6_toyMC_100_456.log"
------------------------------------------------------------

Successfully completed.

Resource usage summary:

    CPU time :                                   2852.97 sec.
    Max Memory :                                 1311 MB
    Average Memory :                             948.69 MB
    Total Requested Memory :                     4000.00 MB
    Delta Memory :                               2689.00 MB
    Max Swap :                                   -
    Max Processes :                              19
    Max Threads :                                20
    Run time :                                   2882 sec.
    Turnaround time :                            2904 sec.

The output (if any) follows:



PS:

Read file <./bsub_log/456.err> for stderr output of this job.

Sender: LSF System <lsfadmin@ccb079>
Subject: Job 54398685: <bash -c "basf2 etapip_gg_fit_v6_toymc_100.py 456 > /home/belle2/jaeyoung/storage_ghi/Ntuples_ghi_2/MC15ri_generic/MC15ri_etaetapip_tight_v2_240419_Kp_BCS_etapi0const/bsub_log//MC15ri_etapip_gg_fitv6_toyMC_100_456.log"> in cluster <centralcluster> Done

Job <bash -c "basf2 etapip_gg_fit_v6_toymc_100.py 456 > /home/belle2/jaeyoung/storage_ghi/Ntuples_ghi_2/MC15ri_generic/MC15ri_etaetapip_tight_v2_240419_Kp_BCS_etapi0const/bsub_log//MC15ri_etapip_gg_fitv6_toyMC_100_456.log"> was submitted from host <ccw04> by user <jaeyoung> in cluster <centralcluster> at Tue Jul 23 18:00:16 2024
Job was executed on host(s) <ccb079>, in queue <s>, as user <jaeyoung> in cluster <centralcluster> at Tue Jul 23 18:47:18 2024
</home/belle2/jaeyoung> was used as the home directory.
</home/belle2/jaeyoung/workspace/DRAW_and_FITTING/main/FITTING/etapip/MC15ri_generic/tight_v2_fit_v6/ToyMC> was used as the working directory.
Started at Tue Jul 23 18:47:18 2024
Terminated at Tue Jul 23 19:34:32 2024
Results reported at Tue Jul 23 19:34:32 2024

Your job looked like:

------------------------------------------------------------
# LSBATCH: User input
bash -c "basf2 etapip_gg_fit_v6_toymc_100.py 456 > /home/belle2/jaeyoung/storage_ghi/Ntuples_ghi_2/MC15ri_generic/MC15ri_etaetapip_tight_v2_240419_Kp_BCS_etapi0const/bsub_log//MC15ri_etapip_gg_fitv6_toyMC_100_456.log"
------------------------------------------------------------

Successfully completed.

Resource usage summary:

    CPU time :                                   2812.09 sec.
    Max Memory :                                 1313 MB
    Average Memory :                             948.55 MB
    Total Requested Memory :                     4000.00 MB
    Delta Memory :                               2687.00 MB
    Max Swap :                                   -
    Max Processes :                              19
    Max Threads :                                20
    Run time :                                   2834 sec.
    Turnaround time :                            5656 sec.

The output (if any) follows:



PS:

Read file <./bsub_log/456.err> for stderr output of this job.

Sender: LSF System <lsfadmin@ccb024>
Subject: Job 54471405: <bash -c "basf2 etapip_gg_fit_v6_toymc_100.py 456 > /home/belle2/jaeyoung/storage_ghi/Ntuples_ghi_2/MC15ri_generic/MC15ri_etaetapip_tight_v2_240419_Kp_BCS_etapi0const/bsub_log//MC15ri_etapip_gg_fitv6_toyMC_100_456.log"> in cluster <centralcluster> Done

Job <bash -c "basf2 etapip_gg_fit_v6_toymc_100.py 456 > /home/belle2/jaeyoung/storage_ghi/Ntuples_ghi_2/MC15ri_generic/MC15ri_etaetapip_tight_v2_240419_Kp_BCS_etapi0const/bsub_log//MC15ri_etapip_gg_fitv6_toyMC_100_456.log"> was submitted from host <ccw03> by user <jaeyoung> in cluster <centralcluster> at Tue Jul 23 19:39:10 2024
Job was executed on host(s) <ccb024>, in queue <s>, as user <jaeyoung> in cluster <centralcluster> at Tue Jul 23 19:39:23 2024
</home/belle2/jaeyoung> was used as the home directory.
</home/belle2/jaeyoung/workspace/DRAW_and_FITTING/main/FITTING/etapip/MC15ri_generic/tight_v2_fit_v6/ToyMC> was used as the working directory.
Started at Tue Jul 23 19:39:23 2024
Terminated at Tue Jul 23 20:25:14 2024
Results reported at Tue Jul 23 20:25:14 2024

Your job looked like:

------------------------------------------------------------
# LSBATCH: User input
bash -c "basf2 etapip_gg_fit_v6_toymc_100.py 456 > /home/belle2/jaeyoung/storage_ghi/Ntuples_ghi_2/MC15ri_generic/MC15ri_etaetapip_tight_v2_240419_Kp_BCS_etapi0const/bsub_log//MC15ri_etapip_gg_fitv6_toyMC_100_456.log"
------------------------------------------------------------

Successfully completed.

Resource usage summary:

    CPU time :                                   2742.09 sec.
    Max Memory :                                 1311 MB
    Average Memory :                             962.08 MB
    Total Requested Memory :                     4000.00 MB
    Delta Memory :                               2689.00 MB
    Max Swap :                                   -
    Max Processes :                              19
    Max Threads :                                20
    Run time :                                   2752 sec.
    Turnaround time :                            2764 sec.

The output (if any) follows:



PS:

Read file <./bsub_log/456.err> for stderr output of this job.

Sender: LSF System <lsfadmin@ccb091>
Subject: Job 55516298: <bash -c "basf2 etapip_gg_fit_v6_toymc_100.py 456 > /home/belle2/jaeyoung/storage_ghi/Ntuples_ghi_2/MC15ri_generic/MC15ri_etaetapip_tight_v2_240419_Kp_BCS_etapi0const/bsub_log//MC15ri_etapip_gg_fitv6_toyMC_100_456.log"> in cluster <centralcluster> Done

Job <bash -c "basf2 etapip_gg_fit_v6_toymc_100.py 456 > /home/belle2/jaeyoung/storage_ghi/Ntuples_ghi_2/MC15ri_generic/MC15ri_etaetapip_tight_v2_240419_Kp_BCS_etapi0const/bsub_log//MC15ri_etapip_gg_fitv6_toyMC_100_456.log"> was submitted from host <ccw01> by user <jaeyoung> in cluster <centralcluster> at Thu Jul 25 20:52:04 2024
Job was executed on host(s) <ccb091>, in queue <s>, as user <jaeyoung> in cluster <centralcluster> at Thu Jul 25 20:52:06 2024
</home/belle2/jaeyoung> was used as the home directory.
</gpfs/home/belle2/jaeyoung/workspace/DRAW_and_FITTING/main/FITTING/etapip/MC15ri_generic/tight_v2_fit_v6/ToyMC> was used as the working directory.
Started at Thu Jul 25 20:52:06 2024
Terminated at Thu Jul 25 21:40:48 2024
Results reported at Thu Jul 25 21:40:48 2024

Your job looked like:

------------------------------------------------------------
# LSBATCH: User input
bash -c "basf2 etapip_gg_fit_v6_toymc_100.py 456 > /home/belle2/jaeyoung/storage_ghi/Ntuples_ghi_2/MC15ri_generic/MC15ri_etaetapip_tight_v2_240419_Kp_BCS_etapi0const/bsub_log//MC15ri_etapip_gg_fitv6_toyMC_100_456.log"
------------------------------------------------------------

Successfully completed.

Resource usage summary:

    CPU time :                                   2860.94 sec.
    Max Memory :                                 1313 MB
    Average Memory :                             972.60 MB
    Total Requested Memory :                     4000.00 MB
    Delta Memory :                               2687.00 MB
    Max Swap :                                   -
    Max Processes :                              19
    Max Threads :                                20
    Run time :                                   2922 sec.
    Turnaround time :                            2924 sec.

The output (if any) follows:



PS:

Read file <./bsub_log/456.err> for stderr output of this job.

Sender: LSF System <lsfadmin@ccb040>
Subject: Job 56103987: <bash -c "basf2 etapip_gg_fit_v6_toymc_100.py 456 > /home/belle2/jaeyoung/storage_ghi/Ntuples_ghi_2/MC15ri_generic/MC15ri_etaetapip_tight_v2_240419_Kp_BCS_etapi0const/bsub_log//MC15ri_etapip_gg_fitv6_toyMC_100_456.log"> in cluster <centralcluster> Done

Job <bash -c "basf2 etapip_gg_fit_v6_toymc_100.py 456 > /home/belle2/jaeyoung/storage_ghi/Ntuples_ghi_2/MC15ri_generic/MC15ri_etaetapip_tight_v2_240419_Kp_BCS_etapi0const/bsub_log//MC15ri_etapip_gg_fitv6_toyMC_100_456.log"> was submitted from host <ccw06> by user <jaeyoung> in cluster <centralcluster> at Fri Jul 26 23:44:44 2024
Job was executed on host(s) <ccb040>, in queue <s>, as user <jaeyoung> in cluster <centralcluster> at Sat Jul 27 00:31:37 2024
</home/belle2/jaeyoung> was used as the home directory.
</home/belle2/jaeyoung/workspace/DRAW_and_FITTING/main/FITTING/etapip/MC15ri_generic/tight_v2_fit_v6/ToyMC> was used as the working directory.
Started at Sat Jul 27 00:31:37 2024
Terminated at Sat Jul 27 01:05:11 2024
Results reported at Sat Jul 27 01:05:11 2024

Your job looked like:

------------------------------------------------------------
# LSBATCH: User input
bash -c "basf2 etapip_gg_fit_v6_toymc_100.py 456 > /home/belle2/jaeyoung/storage_ghi/Ntuples_ghi_2/MC15ri_generic/MC15ri_etaetapip_tight_v2_240419_Kp_BCS_etapi0const/bsub_log//MC15ri_etapip_gg_fitv6_toyMC_100_456.log"
------------------------------------------------------------

Successfully completed.

Resource usage summary:

    CPU time :                                   1996.68 sec.
    Max Memory :                                 893 MB
    Average Memory :                             631.90 MB
    Total Requested Memory :                     4000.00 MB
    Delta Memory :                               3107.00 MB
    Max Swap :                                   -
    Max Processes :                              19
    Max Threads :                                20
    Run time :                                   2014 sec.
    Turnaround time :                            4827 sec.

The output (if any) follows:



PS:

Read file <./bsub_log/456.err> for stderr output of this job.

Sender: LSF System <lsfadmin@ccb228>
Subject: Job 56133838: <bash -c "basf2 etapip_gg_fit_v6_toymc_100.py 456 > /home/belle2/jaeyoung/storage_ghi/Ntuples_ghi_2/MC15ri_generic/MC15ri_etaetapip_tight_v2_240419_Kp_BCS_etapi0const/bsub_log//MC15ri_etapip_gg_fitv6_toyMC_100_456.log"> in cluster <centralcluster> Done

Job <bash -c "basf2 etapip_gg_fit_v6_toymc_100.py 456 > /home/belle2/jaeyoung/storage_ghi/Ntuples_ghi_2/MC15ri_generic/MC15ri_etaetapip_tight_v2_240419_Kp_BCS_etapi0const/bsub_log//MC15ri_etapip_gg_fitv6_toyMC_100_456.log"> was submitted from host <ccw03> by user <jaeyoung> in cluster <centralcluster> at Sat Jul 27 01:14:12 2024
Job was executed on host(s) <ccb228>, in queue <s>, as user <jaeyoung> in cluster <centralcluster> at Sat Jul 27 03:05:47 2024
</home/belle2/jaeyoung> was used as the home directory.
</gpfs/home/belle2/jaeyoung/workspace/DRAW_and_FITTING/main/FITTING/etapip/MC15ri_generic/tight_v2_fit_v6/ToyMC> was used as the working directory.
Started at Sat Jul 27 03:05:47 2024
Terminated at Sat Jul 27 03:46:21 2024
Results reported at Sat Jul 27 03:46:21 2024

Your job looked like:

------------------------------------------------------------
# LSBATCH: User input
bash -c "basf2 etapip_gg_fit_v6_toymc_100.py 456 > /home/belle2/jaeyoung/storage_ghi/Ntuples_ghi_2/MC15ri_generic/MC15ri_etaetapip_tight_v2_240419_Kp_BCS_etapi0const/bsub_log//MC15ri_etapip_gg_fitv6_toyMC_100_456.log"
------------------------------------------------------------

Successfully completed.

Resource usage summary:

    CPU time :                                   2385.17 sec.
    Max Memory :                                 896 MB
    Average Memory :                             671.34 MB
    Total Requested Memory :                     4000.00 MB
    Delta Memory :                               3104.00 MB
    Max Swap :                                   -
    Max Processes :                              19
    Max Threads :                                20
    Run time :                                   2434 sec.
    Turnaround time :                            9129 sec.

The output (if any) follows:



PS:

Read file <./bsub_log/456.err> for stderr output of this job.

