Sender: LSF System <lsfadmin@ccb519>
Subject: Job 52359760: <bash -c "basf2 etapip_gg_fit_v6_toymc_100.py 463 > /home/belle2/jaeyoung/storage_ghi/Ntuples_ghi_2/MC15ri_generic/MC15ri_etaetapip_tight_v2_240419_Kp_BCS_etapi0const/bsub_log//MC15ri_etapip_gg_fitv6_toyMC_100_463.log"> in cluster <centralcluster> Done

Job <bash -c "basf2 etapip_gg_fit_v6_toymc_100.py 463 > /home/belle2/jaeyoung/storage_ghi/Ntuples_ghi_2/MC15ri_generic/MC15ri_etaetapip_tight_v2_240419_Kp_BCS_etapi0const/bsub_log//MC15ri_etapip_gg_fitv6_toyMC_100_463.log"> was submitted from host <ccw02> by user <jaeyoung> in cluster <centralcluster> at Sat Jul 20 14:40:43 2024
Job was executed on host(s) <ccb519>, in queue <s>, as user <jaeyoung> in cluster <centralcluster> at Sat Jul 20 14:45:46 2024
</home/belle2/jaeyoung> was used as the home directory.
</home/belle2/jaeyoung/workspace/DRAW_and_FITTING/main/FITTING/etapip/MC15ri_generic/tight_v2_fit_v6/ToyMC> was used as the working directory.
Started at Sat Jul 20 14:45:46 2024
Terminated at Sat Jul 20 15:35:18 2024
Results reported at Sat Jul 20 15:35:18 2024

Your job looked like:

------------------------------------------------------------
# LSBATCH: User input
bash -c "basf2 etapip_gg_fit_v6_toymc_100.py 463 > /home/belle2/jaeyoung/storage_ghi/Ntuples_ghi_2/MC15ri_generic/MC15ri_etaetapip_tight_v2_240419_Kp_BCS_etapi0const/bsub_log//MC15ri_etapip_gg_fitv6_toyMC_100_463.log"
------------------------------------------------------------

Successfully completed.

Resource usage summary:

    CPU time :                                   2926.45 sec.
    Max Memory :                                 1312 MB
    Average Memory :                             969.36 MB
    Total Requested Memory :                     4000.00 MB
    Delta Memory :                               2688.00 MB
    Max Swap :                                   -
    Max Processes :                              19
    Max Threads :                                20
    Run time :                                   2973 sec.
    Turnaround time :                            3275 sec.

The output (if any) follows:



PS:

Read file <./bsub_log/463.err> for stderr output of this job.

Sender: LSF System <lsfadmin@ccb162>
Subject: Job 53030813: <bash -c "basf2 etapip_gg_fit_v6_toymc_100.py 463 > /home/belle2/jaeyoung/storage_ghi/Ntuples_ghi_2/MC15ri_generic/MC15ri_etaetapip_tight_v2_240419_Kp_BCS_etapi0const/bsub_log//MC15ri_etapip_gg_fitv6_toyMC_100_463.log"> in cluster <centralcluster> Done

Job <bash -c "basf2 etapip_gg_fit_v6_toymc_100.py 463 > /home/belle2/jaeyoung/storage_ghi/Ntuples_ghi_2/MC15ri_generic/MC15ri_etaetapip_tight_v2_240419_Kp_BCS_etapi0const/bsub_log//MC15ri_etapip_gg_fitv6_toyMC_100_463.log"> was submitted from host <ccw03> by user <jaeyoung> in cluster <centralcluster> at Sun Jul 21 17:32:05 2024
Job was executed on host(s) <ccb162>, in queue <s>, as user <jaeyoung> in cluster <centralcluster> at Sun Jul 21 17:32:50 2024
</home/belle2/jaeyoung> was used as the home directory.
</home/belle2/jaeyoung/workspace/DRAW_and_FITTING/main/FITTING/etapip/MC15ri_generic/tight_v2_fit_v6/ToyMC> was used as the working directory.
Started at Sun Jul 21 17:32:50 2024
Terminated at Sun Jul 21 18:20:17 2024
Results reported at Sun Jul 21 18:20:17 2024

Your job looked like:

------------------------------------------------------------
# LSBATCH: User input
bash -c "basf2 etapip_gg_fit_v6_toymc_100.py 463 > /home/belle2/jaeyoung/storage_ghi/Ntuples_ghi_2/MC15ri_generic/MC15ri_etaetapip_tight_v2_240419_Kp_BCS_etapi0const/bsub_log//MC15ri_etapip_gg_fitv6_toyMC_100_463.log"
------------------------------------------------------------

Successfully completed.

Resource usage summary:

    CPU time :                                   2822.79 sec.
    Max Memory :                                 1311 MB
    Average Memory :                             929.23 MB
    Total Requested Memory :                     4000.00 MB
    Delta Memory :                               2689.00 MB
    Max Swap :                                   -
    Max Processes :                              19
    Max Threads :                                20
    Run time :                                   2847 sec.
    Turnaround time :                            2892 sec.

The output (if any) follows:



PS:

Read file <./bsub_log/463.err> for stderr output of this job.

Sender: LSF System <lsfadmin@ccb253>
Subject: Job 53203236: <bash -c "basf2 etapip_gg_fit_v6_toymc_100.py 463 > /home/belle2/jaeyoung/storage_ghi/Ntuples_ghi_2/MC15ri_generic/MC15ri_etaetapip_tight_v2_240419_Kp_BCS_etapi0const/bsub_log//MC15ri_etapip_gg_fitv6_toyMC_100_463.log"> in cluster <centralcluster> Exited

Job <bash -c "basf2 etapip_gg_fit_v6_toymc_100.py 463 > /home/belle2/jaeyoung/storage_ghi/Ntuples_ghi_2/MC15ri_generic/MC15ri_etaetapip_tight_v2_240419_Kp_BCS_etapi0const/bsub_log//MC15ri_etapip_gg_fitv6_toyMC_100_463.log"> was submitted from host <ccw03> by user <jaeyoung> in cluster <centralcluster> at Mon Jul 22 00:51:13 2024
Job was executed on host(s) <ccb253>, in queue <s>, as user <jaeyoung> in cluster <centralcluster> at Mon Jul 22 00:53:05 2024
</home/belle2/jaeyoung> was used as the home directory.
</home/belle2/jaeyoung/workspace/DRAW_and_FITTING/main/FITTING/etapip/MC15ri_generic/tight_v2_fit_v6/ToyMC> was used as the working directory.
Started at Mon Jul 22 00:53:05 2024
Terminated at Mon Jul 22 01:12:49 2024
Results reported at Mon Jul 22 01:12:49 2024

Your job looked like:

------------------------------------------------------------
# LSBATCH: User input
bash -c "basf2 etapip_gg_fit_v6_toymc_100.py 463 > /home/belle2/jaeyoung/storage_ghi/Ntuples_ghi_2/MC15ri_generic/MC15ri_etaetapip_tight_v2_240419_Kp_BCS_etapi0const/bsub_log//MC15ri_etapip_gg_fitv6_toyMC_100_463.log"
------------------------------------------------------------

Exited with exit code 1.

Resource usage summary:

    CPU time :                                   1168.89 sec.
    Max Memory :                                 1254 MB
    Average Memory :                             1170.43 MB
    Total Requested Memory :                     4000.00 MB
    Delta Memory :                               2746.00 MB
    Max Swap :                                   -
    Max Processes :                              19
    Max Threads :                                20
    Run time :                                   1186 sec.
    Turnaround time :                            1296 sec.

The output (if any) follows:



PS:

Read file <./bsub_log/463.err> for stderr output of this job.

Sender: LSF System <lsfadmin@ccb241>
Subject: Job 53407425: <bash -c "basf2 etapip_gg_fit_v6_toymc_100.py 463 > /home/belle2/jaeyoung/storage_ghi/Ntuples_ghi_2/MC15ri_generic/MC15ri_etaetapip_tight_v2_240419_Kp_BCS_etapi0const/bsub_log//MC15ri_etapip_gg_fitv6_toyMC_100_463.log"> in cluster <centralcluster> Done

Job <bash -c "basf2 etapip_gg_fit_v6_toymc_100.py 463 > /home/belle2/jaeyoung/storage_ghi/Ntuples_ghi_2/MC15ri_generic/MC15ri_etaetapip_tight_v2_240419_Kp_BCS_etapi0const/bsub_log//MC15ri_etapip_gg_fitv6_toyMC_100_463.log"> was submitted from host <ccw06> by user <jaeyoung> in cluster <centralcluster> at Mon Jul 22 10:49:48 2024
Job was executed on host(s) <ccb241>, in queue <s>, as user <jaeyoung> in cluster <centralcluster> at Mon Jul 22 10:50:31 2024
</home/belle2/jaeyoung> was used as the home directory.
</home/belle2/jaeyoung/workspace/DRAW_and_FITTING/main/FITTING/etapip/MC15ri_generic/tight_v2_fit_v6/ToyMC> was used as the working directory.
Started at Mon Jul 22 10:50:31 2024
Terminated at Mon Jul 22 11:36:47 2024
Results reported at Mon Jul 22 11:36:47 2024

Your job looked like:

------------------------------------------------------------
# LSBATCH: User input
bash -c "basf2 etapip_gg_fit_v6_toymc_100.py 463 > /home/belle2/jaeyoung/storage_ghi/Ntuples_ghi_2/MC15ri_generic/MC15ri_etaetapip_tight_v2_240419_Kp_BCS_etapi0const/bsub_log//MC15ri_etapip_gg_fitv6_toyMC_100_463.log"
------------------------------------------------------------

Successfully completed.

Resource usage summary:

    CPU time :                                   2757.76 sec.
    Max Memory :                                 1313 MB
    Average Memory :                             937.54 MB
    Total Requested Memory :                     4000.00 MB
    Delta Memory :                               2687.00 MB
    Max Swap :                                   -
    Max Processes :                              19
    Max Threads :                                20
    Run time :                                   2776 sec.
    Turnaround time :                            2819 sec.

The output (if any) follows:



PS:

Read file <./bsub_log/463.err> for stderr output of this job.

Sender: LSF System <lsfadmin@ccb151>
Subject: Job 53599813: <bash -c "basf2 etapip_gg_fit_v6_toymc_100.py 463 > /home/belle2/jaeyoung/storage_ghi/Ntuples_ghi_2/MC15ri_generic/MC15ri_etaetapip_tight_v2_240419_Kp_BCS_etapi0const/bsub_log//MC15ri_etapip_gg_fitv6_toyMC_100_463.log"> in cluster <centralcluster> Done

Job <bash -c "basf2 etapip_gg_fit_v6_toymc_100.py 463 > /home/belle2/jaeyoung/storage_ghi/Ntuples_ghi_2/MC15ri_generic/MC15ri_etaetapip_tight_v2_240419_Kp_BCS_etapi0const/bsub_log//MC15ri_etapip_gg_fitv6_toyMC_100_463.log"> was submitted from host <ccw03> by user <jaeyoung> in cluster <centralcluster> at Mon Jul 22 18:36:02 2024
Job was executed on host(s) <ccb151>, in queue <s>, as user <jaeyoung> in cluster <centralcluster> at Mon Jul 22 18:38:21 2024
</home/belle2/jaeyoung> was used as the home directory.
</home/belle2/jaeyoung/workspace/DRAW_and_FITTING/main/FITTING/etapip/MC15ri_generic/tight_v2_fit_v6/ToyMC> was used as the working directory.
Started at Mon Jul 22 18:38:21 2024
Terminated at Mon Jul 22 19:25:57 2024
Results reported at Mon Jul 22 19:25:57 2024

Your job looked like:

------------------------------------------------------------
# LSBATCH: User input
bash -c "basf2 etapip_gg_fit_v6_toymc_100.py 463 > /home/belle2/jaeyoung/storage_ghi/Ntuples_ghi_2/MC15ri_generic/MC15ri_etaetapip_tight_v2_240419_Kp_BCS_etapi0const/bsub_log//MC15ri_etapip_gg_fitv6_toyMC_100_463.log"
------------------------------------------------------------

Successfully completed.

Resource usage summary:

    CPU time :                                   2822.75 sec.
    Max Memory :                                 1311 MB
    Average Memory :                             937.28 MB
    Total Requested Memory :                     4000.00 MB
    Delta Memory :                               2689.00 MB
    Max Swap :                                   -
    Max Processes :                              19
    Max Threads :                                20
    Run time :                                   2857 sec.
    Turnaround time :                            2995 sec.

The output (if any) follows:



PS:

Read file <./bsub_log/463.err> for stderr output of this job.

Sender: LSF System <lsfadmin@ccb046>
Subject: Job 53833120: <bash -c "basf2 etapip_gg_fit_v6_toymc_100.py 463 > /home/belle2/jaeyoung/storage_ghi/Ntuples_ghi_2/MC15ri_generic/MC15ri_etaetapip_tight_v2_240419_Kp_BCS_etapi0const/bsub_log//MC15ri_etapip_gg_fitv6_toyMC_100_463.log"> in cluster <centralcluster> Done

Job <bash -c "basf2 etapip_gg_fit_v6_toymc_100.py 463 > /home/belle2/jaeyoung/storage_ghi/Ntuples_ghi_2/MC15ri_generic/MC15ri_etaetapip_tight_v2_240419_Kp_BCS_etapi0const/bsub_log//MC15ri_etapip_gg_fitv6_toyMC_100_463.log"> was submitted from host <ccw05> by user <jaeyoung> in cluster <centralcluster> at Tue Jul 23 00:51:03 2024
Job was executed on host(s) <ccb046>, in queue <s>, as user <jaeyoung> in cluster <centralcluster> at Tue Jul 23 00:51:25 2024
</home/belle2/jaeyoung> was used as the home directory.
</home/belle2/jaeyoung/workspace/DRAW_and_FITTING/main/FITTING/etapip/MC15ri_generic/tight_v2_fit_v6/ToyMC> was used as the working directory.
Started at Tue Jul 23 00:51:25 2024
Terminated at Tue Jul 23 01:38:28 2024
Results reported at Tue Jul 23 01:38:28 2024

Your job looked like:

------------------------------------------------------------
# LSBATCH: User input
bash -c "basf2 etapip_gg_fit_v6_toymc_100.py 463 > /home/belle2/jaeyoung/storage_ghi/Ntuples_ghi_2/MC15ri_generic/MC15ri_etaetapip_tight_v2_240419_Kp_BCS_etapi0const/bsub_log//MC15ri_etapip_gg_fitv6_toyMC_100_463.log"
------------------------------------------------------------

Successfully completed.

Resource usage summary:

    CPU time :                                   2759.95 sec.
    Max Memory :                                 1326 MB
    Average Memory :                             976.46 MB
    Total Requested Memory :                     4000.00 MB
    Delta Memory :                               2674.00 MB
    Max Swap :                                   -
    Max Processes :                              19
    Max Threads :                                20
    Run time :                                   2824 sec.
    Turnaround time :                            2845 sec.

The output (if any) follows:



PS:

Read file <./bsub_log/463.err> for stderr output of this job.

Sender: LSF System <lsfadmin@ccb526>
Subject: Job 54398716: <bash -c "basf2 etapip_gg_fit_v6_toymc_100.py 463 > /home/belle2/jaeyoung/storage_ghi/Ntuples_ghi_2/MC15ri_generic/MC15ri_etaetapip_tight_v2_240419_Kp_BCS_etapi0const/bsub_log//MC15ri_etapip_gg_fitv6_toyMC_100_463.log"> in cluster <centralcluster> Done

Job <bash -c "basf2 etapip_gg_fit_v6_toymc_100.py 463 > /home/belle2/jaeyoung/storage_ghi/Ntuples_ghi_2/MC15ri_generic/MC15ri_etaetapip_tight_v2_240419_Kp_BCS_etapi0const/bsub_log//MC15ri_etapip_gg_fitv6_toyMC_100_463.log"> was submitted from host <ccw04> by user <jaeyoung> in cluster <centralcluster> at Tue Jul 23 18:00:19 2024
Job was executed on host(s) <ccb526>, in queue <s>, as user <jaeyoung> in cluster <centralcluster> at Tue Jul 23 18:47:30 2024
</home/belle2/jaeyoung> was used as the home directory.
</home/belle2/jaeyoung/workspace/DRAW_and_FITTING/main/FITTING/etapip/MC15ri_generic/tight_v2_fit_v6/ToyMC> was used as the working directory.
Started at Tue Jul 23 18:47:30 2024
Terminated at Tue Jul 23 19:34:58 2024
Results reported at Tue Jul 23 19:34:58 2024

Your job looked like:

------------------------------------------------------------
# LSBATCH: User input
bash -c "basf2 etapip_gg_fit_v6_toymc_100.py 463 > /home/belle2/jaeyoung/storage_ghi/Ntuples_ghi_2/MC15ri_generic/MC15ri_etaetapip_tight_v2_240419_Kp_BCS_etapi0const/bsub_log//MC15ri_etapip_gg_fitv6_toyMC_100_463.log"
------------------------------------------------------------

Successfully completed.

Resource usage summary:

    CPU time :                                   2829.60 sec.
    Max Memory :                                 1313 MB
    Average Memory :                             943.12 MB
    Total Requested Memory :                     4000.00 MB
    Delta Memory :                               2687.00 MB
    Max Swap :                                   -
    Max Processes :                              19
    Max Threads :                                20
    Run time :                                   2848 sec.
    Turnaround time :                            5679 sec.

The output (if any) follows:



PS:

Read file <./bsub_log/463.err> for stderr output of this job.

Sender: LSF System <lsfadmin@ccb522>
Subject: Job 54471450: <bash -c "basf2 etapip_gg_fit_v6_toymc_100.py 463 > /home/belle2/jaeyoung/storage_ghi/Ntuples_ghi_2/MC15ri_generic/MC15ri_etaetapip_tight_v2_240419_Kp_BCS_etapi0const/bsub_log//MC15ri_etapip_gg_fitv6_toyMC_100_463.log"> in cluster <centralcluster> Done

Job <bash -c "basf2 etapip_gg_fit_v6_toymc_100.py 463 > /home/belle2/jaeyoung/storage_ghi/Ntuples_ghi_2/MC15ri_generic/MC15ri_etaetapip_tight_v2_240419_Kp_BCS_etapi0const/bsub_log//MC15ri_etapip_gg_fitv6_toyMC_100_463.log"> was submitted from host <ccw03> by user <jaeyoung> in cluster <centralcluster> at Tue Jul 23 19:39:12 2024
Job was executed on host(s) <ccb522>, in queue <s>, as user <jaeyoung> in cluster <centralcluster> at Tue Jul 23 19:39:27 2024
</home/belle2/jaeyoung> was used as the home directory.
</home/belle2/jaeyoung/workspace/DRAW_and_FITTING/main/FITTING/etapip/MC15ri_generic/tight_v2_fit_v6/ToyMC> was used as the working directory.
Started at Tue Jul 23 19:39:27 2024
Terminated at Tue Jul 23 20:25:47 2024
Results reported at Tue Jul 23 20:25:47 2024

Your job looked like:

------------------------------------------------------------
# LSBATCH: User input
bash -c "basf2 etapip_gg_fit_v6_toymc_100.py 463 > /home/belle2/jaeyoung/storage_ghi/Ntuples_ghi_2/MC15ri_generic/MC15ri_etaetapip_tight_v2_240419_Kp_BCS_etapi0const/bsub_log//MC15ri_etapip_gg_fitv6_toyMC_100_463.log"
------------------------------------------------------------

Successfully completed.

Resource usage summary:

    CPU time :                                   2768.84 sec.
    Max Memory :                                 1313 MB
    Average Memory :                             946.60 MB
    Total Requested Memory :                     4000.00 MB
    Delta Memory :                               2687.00 MB
    Max Swap :                                   -
    Max Processes :                              19
    Max Threads :                                20
    Run time :                                   2780 sec.
    Turnaround time :                            2795 sec.

The output (if any) follows:



PS:

Read file <./bsub_log/463.err> for stderr output of this job.

Sender: LSF System <lsfadmin@ccb063>
Subject: Job 55516312: <bash -c "basf2 etapip_gg_fit_v6_toymc_100.py 463 > /home/belle2/jaeyoung/storage_ghi/Ntuples_ghi_2/MC15ri_generic/MC15ri_etaetapip_tight_v2_240419_Kp_BCS_etapi0const/bsub_log//MC15ri_etapip_gg_fitv6_toyMC_100_463.log"> in cluster <centralcluster> Done

Job <bash -c "basf2 etapip_gg_fit_v6_toymc_100.py 463 > /home/belle2/jaeyoung/storage_ghi/Ntuples_ghi_2/MC15ri_generic/MC15ri_etaetapip_tight_v2_240419_Kp_BCS_etapi0const/bsub_log//MC15ri_etapip_gg_fitv6_toyMC_100_463.log"> was submitted from host <ccw01> by user <jaeyoung> in cluster <centralcluster> at Thu Jul 25 20:52:07 2024
Job was executed on host(s) <ccb063>, in queue <s>, as user <jaeyoung> in cluster <centralcluster> at Thu Jul 25 20:52:09 2024
</home/belle2/jaeyoung> was used as the home directory.
</gpfs/home/belle2/jaeyoung/workspace/DRAW_and_FITTING/main/FITTING/etapip/MC15ri_generic/tight_v2_fit_v6/ToyMC> was used as the working directory.
Started at Thu Jul 25 20:52:09 2024
Terminated at Thu Jul 25 21:41:11 2024
Results reported at Thu Jul 25 21:41:11 2024

Your job looked like:

------------------------------------------------------------
# LSBATCH: User input
bash -c "basf2 etapip_gg_fit_v6_toymc_100.py 463 > /home/belle2/jaeyoung/storage_ghi/Ntuples_ghi_2/MC15ri_generic/MC15ri_etaetapip_tight_v2_240419_Kp_BCS_etapi0const/bsub_log//MC15ri_etapip_gg_fitv6_toyMC_100_463.log"
------------------------------------------------------------

Successfully completed.

Resource usage summary:

    CPU time :                                   2860.37 sec.
    Max Memory :                                 1314 MB
    Average Memory :                             952.28 MB
    Total Requested Memory :                     4000.00 MB
    Delta Memory :                               2686.00 MB
    Max Swap :                                   -
    Max Processes :                              19
    Max Threads :                                20
    Run time :                                   2943 sec.
    Turnaround time :                            2944 sec.

The output (if any) follows:



PS:

Read file <./bsub_log/463.err> for stderr output of this job.

Sender: LSF System <lsfadmin@ccb054>
Subject: Job 56104014: <bash -c "basf2 etapip_gg_fit_v6_toymc_100.py 463 > /home/belle2/jaeyoung/storage_ghi/Ntuples_ghi_2/MC15ri_generic/MC15ri_etaetapip_tight_v2_240419_Kp_BCS_etapi0const/bsub_log//MC15ri_etapip_gg_fitv6_toyMC_100_463.log"> in cluster <centralcluster> Done

Job <bash -c "basf2 etapip_gg_fit_v6_toymc_100.py 463 > /home/belle2/jaeyoung/storage_ghi/Ntuples_ghi_2/MC15ri_generic/MC15ri_etaetapip_tight_v2_240419_Kp_BCS_etapi0const/bsub_log//MC15ri_etapip_gg_fitv6_toyMC_100_463.log"> was submitted from host <ccw06> by user <jaeyoung> in cluster <centralcluster> at Fri Jul 26 23:44:45 2024
Job was executed on host(s) <ccb054>, in queue <s>, as user <jaeyoung> in cluster <centralcluster> at Sat Jul 27 00:32:00 2024
</home/belle2/jaeyoung> was used as the home directory.
</home/belle2/jaeyoung/workspace/DRAW_and_FITTING/main/FITTING/etapip/MC15ri_generic/tight_v2_fit_v6/ToyMC> was used as the working directory.
Started at Sat Jul 27 00:32:00 2024
Terminated at Sat Jul 27 01:04:54 2024
Results reported at Sat Jul 27 01:04:54 2024

Your job looked like:

------------------------------------------------------------
# LSBATCH: User input
bash -c "basf2 etapip_gg_fit_v6_toymc_100.py 463 > /home/belle2/jaeyoung/storage_ghi/Ntuples_ghi_2/MC15ri_generic/MC15ri_etaetapip_tight_v2_240419_Kp_BCS_etapi0const/bsub_log//MC15ri_etapip_gg_fitv6_toyMC_100_463.log"
------------------------------------------------------------

Successfully completed.

Resource usage summary:

    CPU time :                                   1956.01 sec.
    Max Memory :                                 919 MB
    Average Memory :                             652.13 MB
    Total Requested Memory :                     4000.00 MB
    Delta Memory :                               3081.00 MB
    Max Swap :                                   -
    Max Processes :                              19
    Max Threads :                                20
    Run time :                                   1974 sec.
    Turnaround time :                            4809 sec.

The output (if any) follows:



PS:

Read file <./bsub_log/463.err> for stderr output of this job.

Sender: LSF System <lsfadmin@ccb242>
Subject: Job 56133846: <bash -c "basf2 etapip_gg_fit_v6_toymc_100.py 463 > /home/belle2/jaeyoung/storage_ghi/Ntuples_ghi_2/MC15ri_generic/MC15ri_etaetapip_tight_v2_240419_Kp_BCS_etapi0const/bsub_log//MC15ri_etapip_gg_fitv6_toyMC_100_463.log"> in cluster <centralcluster> Done

Job <bash -c "basf2 etapip_gg_fit_v6_toymc_100.py 463 > /home/belle2/jaeyoung/storage_ghi/Ntuples_ghi_2/MC15ri_generic/MC15ri_etaetapip_tight_v2_240419_Kp_BCS_etapi0const/bsub_log//MC15ri_etapip_gg_fitv6_toyMC_100_463.log"> was submitted from host <ccw03> by user <jaeyoung> in cluster <centralcluster> at Sat Jul 27 01:14:16 2024
Job was executed on host(s) <ccb242>, in queue <s>, as user <jaeyoung> in cluster <centralcluster> at Sat Jul 27 03:05:48 2024
</home/belle2/jaeyoung> was used as the home directory.
</gpfs/home/belle2/jaeyoung/workspace/DRAW_and_FITTING/main/FITTING/etapip/MC15ri_generic/tight_v2_fit_v6/ToyMC> was used as the working directory.
Started at Sat Jul 27 03:05:48 2024
Terminated at Sat Jul 27 03:44:28 2024
Results reported at Sat Jul 27 03:44:28 2024

Your job looked like:

------------------------------------------------------------
# LSBATCH: User input
bash -c "basf2 etapip_gg_fit_v6_toymc_100.py 463 > /home/belle2/jaeyoung/storage_ghi/Ntuples_ghi_2/MC15ri_generic/MC15ri_etaetapip_tight_v2_240419_Kp_BCS_etapi0const/bsub_log//MC15ri_etapip_gg_fitv6_toyMC_100_463.log"
------------------------------------------------------------

Successfully completed.

Resource usage summary:

    CPU time :                                   2278.55 sec.
    Max Memory :                                 894 MB
    Average Memory :                             650.14 MB
    Total Requested Memory :                     4000.00 MB
    Delta Memory :                               3106.00 MB
    Max Swap :                                   -
    Max Processes :                              19
    Max Threads :                                20
    Run time :                                   2320 sec.
    Turnaround time :                            9012 sec.

The output (if any) follows:



PS:

Read file <./bsub_log/463.err> for stderr output of this job.

