Sender: LSF System <lsfadmin@ccb174>
Subject: Job 52359766: <bash -c "basf2 etapip_gg_fit_v6_toymc_100.py 466 > /home/belle2/jaeyoung/storage_ghi/Ntuples_ghi_2/MC15ri_generic/MC15ri_etaetapip_tight_v2_240419_Kp_BCS_etapi0const/bsub_log//MC15ri_etapip_gg_fitv6_toyMC_100_466.log"> in cluster <centralcluster> Done

Job <bash -c "basf2 etapip_gg_fit_v6_toymc_100.py 466 > /home/belle2/jaeyoung/storage_ghi/Ntuples_ghi_2/MC15ri_generic/MC15ri_etaetapip_tight_v2_240419_Kp_BCS_etapi0const/bsub_log//MC15ri_etapip_gg_fitv6_toyMC_100_466.log"> was submitted from host <ccw02> by user <jaeyoung> in cluster <centralcluster> at Sat Jul 20 14:40:44 2024
Job was executed on host(s) <ccb174>, in queue <s>, as user <jaeyoung> in cluster <centralcluster> at Sat Jul 20 14:45:47 2024
</home/belle2/jaeyoung> was used as the home directory.
</home/belle2/jaeyoung/workspace/DRAW_and_FITTING/main/FITTING/etapip/MC15ri_generic/tight_v2_fit_v6/ToyMC> was used as the working directory.
Started at Sat Jul 20 14:45:47 2024
Terminated at Sat Jul 20 15:34:30 2024
Results reported at Sat Jul 20 15:34:30 2024

Your job looked like:

------------------------------------------------------------
# LSBATCH: User input
bash -c "basf2 etapip_gg_fit_v6_toymc_100.py 466 > /home/belle2/jaeyoung/storage_ghi/Ntuples_ghi_2/MC15ri_generic/MC15ri_etaetapip_tight_v2_240419_Kp_BCS_etapi0const/bsub_log//MC15ri_etapip_gg_fitv6_toyMC_100_466.log"
------------------------------------------------------------

Successfully completed.

Resource usage summary:

    CPU time :                                   2837.09 sec.
    Max Memory :                                 1318 MB
    Average Memory :                             979.28 MB
    Total Requested Memory :                     4000.00 MB
    Delta Memory :                               2682.00 MB
    Max Swap :                                   -
    Max Processes :                              19
    Max Threads :                                20
    Run time :                                   2923 sec.
    Turnaround time :                            3226 sec.

The output (if any) follows:



PS:

Read file <./bsub_log/466.err> for stderr output of this job.

Sender: LSF System <lsfadmin@ccb163>
Subject: Job 53030825: <bash -c "basf2 etapip_gg_fit_v6_toymc_100.py 466 > /home/belle2/jaeyoung/storage_ghi/Ntuples_ghi_2/MC15ri_generic/MC15ri_etaetapip_tight_v2_240419_Kp_BCS_etapi0const/bsub_log//MC15ri_etapip_gg_fitv6_toyMC_100_466.log"> in cluster <centralcluster> Done

Job <bash -c "basf2 etapip_gg_fit_v6_toymc_100.py 466 > /home/belle2/jaeyoung/storage_ghi/Ntuples_ghi_2/MC15ri_generic/MC15ri_etaetapip_tight_v2_240419_Kp_BCS_etapi0const/bsub_log//MC15ri_etapip_gg_fitv6_toyMC_100_466.log"> was submitted from host <ccw03> by user <jaeyoung> in cluster <centralcluster> at Sun Jul 21 17:32:06 2024
Job was executed on host(s) <ccb163>, in queue <s>, as user <jaeyoung> in cluster <centralcluster> at Sun Jul 21 17:32:51 2024
</home/belle2/jaeyoung> was used as the home directory.
</home/belle2/jaeyoung/workspace/DRAW_and_FITTING/main/FITTING/etapip/MC15ri_generic/tight_v2_fit_v6/ToyMC> was used as the working directory.
Started at Sun Jul 21 17:32:51 2024
Terminated at Sun Jul 21 18:21:17 2024
Results reported at Sun Jul 21 18:21:17 2024

Your job looked like:

------------------------------------------------------------
# LSBATCH: User input
bash -c "basf2 etapip_gg_fit_v6_toymc_100.py 466 > /home/belle2/jaeyoung/storage_ghi/Ntuples_ghi_2/MC15ri_generic/MC15ri_etaetapip_tight_v2_240419_Kp_BCS_etapi0const/bsub_log//MC15ri_etapip_gg_fitv6_toyMC_100_466.log"
------------------------------------------------------------

Successfully completed.

Resource usage summary:

    CPU time :                                   2897.35 sec.
    Max Memory :                                 1311 MB
    Average Memory :                             925.89 MB
    Total Requested Memory :                     4000.00 MB
    Delta Memory :                               2689.00 MB
    Max Swap :                                   -
    Max Processes :                              19
    Max Threads :                                20
    Run time :                                   2906 sec.
    Turnaround time :                            2951 sec.

The output (if any) follows:



PS:

Read file <./bsub_log/466.err> for stderr output of this job.

Sender: LSF System <lsfadmin@ccb024>
Subject: Job 53203243: <bash -c "basf2 etapip_gg_fit_v6_toymc_100.py 466 > /home/belle2/jaeyoung/storage_ghi/Ntuples_ghi_2/MC15ri_generic/MC15ri_etaetapip_tight_v2_240419_Kp_BCS_etapi0const/bsub_log//MC15ri_etapip_gg_fitv6_toyMC_100_466.log"> in cluster <centralcluster> Exited

Job <bash -c "basf2 etapip_gg_fit_v6_toymc_100.py 466 > /home/belle2/jaeyoung/storage_ghi/Ntuples_ghi_2/MC15ri_generic/MC15ri_etaetapip_tight_v2_240419_Kp_BCS_etapi0const/bsub_log//MC15ri_etapip_gg_fitv6_toyMC_100_466.log"> was submitted from host <ccw03> by user <jaeyoung> in cluster <centralcluster> at Mon Jul 22 00:51:14 2024
Job was executed on host(s) <ccb024>, in queue <s>, as user <jaeyoung> in cluster <centralcluster> at Mon Jul 22 00:53:05 2024
</home/belle2/jaeyoung> was used as the home directory.
</home/belle2/jaeyoung/workspace/DRAW_and_FITTING/main/FITTING/etapip/MC15ri_generic/tight_v2_fit_v6/ToyMC> was used as the working directory.
Started at Mon Jul 22 00:53:05 2024
Terminated at Mon Jul 22 01:11:05 2024
Results reported at Mon Jul 22 01:11:05 2024

Your job looked like:

------------------------------------------------------------
# LSBATCH: User input
bash -c "basf2 etapip_gg_fit_v6_toymc_100.py 466 > /home/belle2/jaeyoung/storage_ghi/Ntuples_ghi_2/MC15ri_generic/MC15ri_etaetapip_tight_v2_240419_Kp_BCS_etapi0const/bsub_log//MC15ri_etapip_gg_fitv6_toyMC_100_466.log"
------------------------------------------------------------

Exited with exit code 1.

Resource usage summary:

    CPU time :                                   1071.73 sec.
    Max Memory :                                 1259 MB
    Average Memory :                             1171.28 MB
    Total Requested Memory :                     4000.00 MB
    Delta Memory :                               2741.00 MB
    Max Swap :                                   -
    Max Processes :                              19
    Max Threads :                                20
    Run time :                                   1080 sec.
    Turnaround time :                            1191 sec.

The output (if any) follows:



PS:

Read file <./bsub_log/466.err> for stderr output of this job.

Sender: LSF System <lsfadmin@ccb248>
Subject: Job 53407433: <bash -c "basf2 etapip_gg_fit_v6_toymc_100.py 466 > /home/belle2/jaeyoung/storage_ghi/Ntuples_ghi_2/MC15ri_generic/MC15ri_etaetapip_tight_v2_240419_Kp_BCS_etapi0const/bsub_log//MC15ri_etapip_gg_fitv6_toyMC_100_466.log"> in cluster <centralcluster> Done

Job <bash -c "basf2 etapip_gg_fit_v6_toymc_100.py 466 > /home/belle2/jaeyoung/storage_ghi/Ntuples_ghi_2/MC15ri_generic/MC15ri_etaetapip_tight_v2_240419_Kp_BCS_etapi0const/bsub_log//MC15ri_etapip_gg_fitv6_toyMC_100_466.log"> was submitted from host <ccw06> by user <jaeyoung> in cluster <centralcluster> at Mon Jul 22 10:49:49 2024
Job was executed on host(s) <ccb248>, in queue <s>, as user <jaeyoung> in cluster <centralcluster> at Mon Jul 22 10:50:33 2024
</home/belle2/jaeyoung> was used as the home directory.
</home/belle2/jaeyoung/workspace/DRAW_and_FITTING/main/FITTING/etapip/MC15ri_generic/tight_v2_fit_v6/ToyMC> was used as the working directory.
Started at Mon Jul 22 10:50:33 2024
Terminated at Mon Jul 22 11:36:39 2024
Results reported at Mon Jul 22 11:36:39 2024

Your job looked like:

------------------------------------------------------------
# LSBATCH: User input
bash -c "basf2 etapip_gg_fit_v6_toymc_100.py 466 > /home/belle2/jaeyoung/storage_ghi/Ntuples_ghi_2/MC15ri_generic/MC15ri_etaetapip_tight_v2_240419_Kp_BCS_etapi0const/bsub_log//MC15ri_etapip_gg_fitv6_toyMC_100_466.log"
------------------------------------------------------------

Successfully completed.

Resource usage summary:

    CPU time :                                   2731.33 sec.
    Max Memory :                                 1350 MB
    Average Memory :                             979.56 MB
    Total Requested Memory :                     4000.00 MB
    Delta Memory :                               2650.00 MB
    Max Swap :                                   -
    Max Processes :                              19
    Max Threads :                                20
    Run time :                                   2765 sec.
    Turnaround time :                            2810 sec.

The output (if any) follows:



PS:

Read file <./bsub_log/466.err> for stderr output of this job.

Sender: LSF System <lsfadmin@ccb081>
Subject: Job 53599823: <bash -c "basf2 etapip_gg_fit_v6_toymc_100.py 466 > /home/belle2/jaeyoung/storage_ghi/Ntuples_ghi_2/MC15ri_generic/MC15ri_etaetapip_tight_v2_240419_Kp_BCS_etapi0const/bsub_log//MC15ri_etapip_gg_fitv6_toyMC_100_466.log"> in cluster <centralcluster> Done

Job <bash -c "basf2 etapip_gg_fit_v6_toymc_100.py 466 > /home/belle2/jaeyoung/storage_ghi/Ntuples_ghi_2/MC15ri_generic/MC15ri_etaetapip_tight_v2_240419_Kp_BCS_etapi0const/bsub_log//MC15ri_etapip_gg_fitv6_toyMC_100_466.log"> was submitted from host <ccw03> by user <jaeyoung> in cluster <centralcluster> at Mon Jul 22 18:36:03 2024
Job was executed on host(s) <ccb081>, in queue <s>, as user <jaeyoung> in cluster <centralcluster> at Mon Jul 22 18:38:23 2024
</home/belle2/jaeyoung> was used as the home directory.
</home/belle2/jaeyoung/workspace/DRAW_and_FITTING/main/FITTING/etapip/MC15ri_generic/tight_v2_fit_v6/ToyMC> was used as the working directory.
Started at Mon Jul 22 18:38:23 2024
Terminated at Mon Jul 22 19:26:17 2024
Results reported at Mon Jul 22 19:26:17 2024

Your job looked like:

------------------------------------------------------------
# LSBATCH: User input
bash -c "basf2 etapip_gg_fit_v6_toymc_100.py 466 > /home/belle2/jaeyoung/storage_ghi/Ntuples_ghi_2/MC15ri_generic/MC15ri_etaetapip_tight_v2_240419_Kp_BCS_etapi0const/bsub_log//MC15ri_etapip_gg_fitv6_toyMC_100_466.log"
------------------------------------------------------------

Successfully completed.

Resource usage summary:

    CPU time :                                   2818.43 sec.
    Max Memory :                                 1311 MB
    Average Memory :                             947.05 MB
    Total Requested Memory :                     4000.00 MB
    Delta Memory :                               2689.00 MB
    Max Swap :                                   -
    Max Processes :                              19
    Max Threads :                                20
    Run time :                                   2873 sec.
    Turnaround time :                            3014 sec.

The output (if any) follows:



PS:

Read file <./bsub_log/466.err> for stderr output of this job.

Sender: LSF System <lsfadmin@ccb013>
Subject: Job 53833132: <bash -c "basf2 etapip_gg_fit_v6_toymc_100.py 466 > /home/belle2/jaeyoung/storage_ghi/Ntuples_ghi_2/MC15ri_generic/MC15ri_etaetapip_tight_v2_240419_Kp_BCS_etapi0const/bsub_log//MC15ri_etapip_gg_fitv6_toyMC_100_466.log"> in cluster <centralcluster> Done

Job <bash -c "basf2 etapip_gg_fit_v6_toymc_100.py 466 > /home/belle2/jaeyoung/storage_ghi/Ntuples_ghi_2/MC15ri_generic/MC15ri_etaetapip_tight_v2_240419_Kp_BCS_etapi0const/bsub_log//MC15ri_etapip_gg_fitv6_toyMC_100_466.log"> was submitted from host <ccw05> by user <jaeyoung> in cluster <centralcluster> at Tue Jul 23 00:51:04 2024
Job was executed on host(s) <ccb013>, in queue <s>, as user <jaeyoung> in cluster <centralcluster> at Tue Jul 23 00:51:27 2024
</home/belle2/jaeyoung> was used as the home directory.
</home/belle2/jaeyoung/workspace/DRAW_and_FITTING/main/FITTING/etapip/MC15ri_generic/tight_v2_fit_v6/ToyMC> was used as the working directory.
Started at Tue Jul 23 00:51:27 2024
Terminated at Tue Jul 23 01:49:10 2024
Results reported at Tue Jul 23 01:49:10 2024

Your job looked like:

------------------------------------------------------------
# LSBATCH: User input
bash -c "basf2 etapip_gg_fit_v6_toymc_100.py 466 > /home/belle2/jaeyoung/storage_ghi/Ntuples_ghi_2/MC15ri_generic/MC15ri_etaetapip_tight_v2_240419_Kp_BCS_etapi0const/bsub_log//MC15ri_etapip_gg_fitv6_toyMC_100_466.log"
------------------------------------------------------------

Successfully completed.

Resource usage summary:

    CPU time :                                   3443.80 sec.
    Max Memory :                                 1312 MB
    Average Memory :                             975.45 MB
    Total Requested Memory :                     4000.00 MB
    Delta Memory :                               2688.00 MB
    Max Swap :                                   -
    Max Processes :                              19
    Max Threads :                                20
    Run time :                                   3463 sec.
    Turnaround time :                            3486 sec.

The output (if any) follows:



PS:

Read file <./bsub_log/466.err> for stderr output of this job.

Sender: LSF System <lsfadmin@ccb165>
Subject: Job 54398728: <bash -c "basf2 etapip_gg_fit_v6_toymc_100.py 466 > /home/belle2/jaeyoung/storage_ghi/Ntuples_ghi_2/MC15ri_generic/MC15ri_etaetapip_tight_v2_240419_Kp_BCS_etapi0const/bsub_log//MC15ri_etapip_gg_fitv6_toyMC_100_466.log"> in cluster <centralcluster> Exited

Job <bash -c "basf2 etapip_gg_fit_v6_toymc_100.py 466 > /home/belle2/jaeyoung/storage_ghi/Ntuples_ghi_2/MC15ri_generic/MC15ri_etaetapip_tight_v2_240419_Kp_BCS_etapi0const/bsub_log//MC15ri_etapip_gg_fitv6_toyMC_100_466.log"> was submitted from host <ccw04> by user <jaeyoung> in cluster <centralcluster> at Tue Jul 23 18:00:20 2024
Job was executed on host(s) <ccb165>, in queue <s>, as user <jaeyoung> in cluster <centralcluster> at Tue Jul 23 18:47:30 2024
</home/belle2/jaeyoung> was used as the home directory.
</home/belle2/jaeyoung/workspace/DRAW_and_FITTING/main/FITTING/etapip/MC15ri_generic/tight_v2_fit_v6/ToyMC> was used as the working directory.
Started at Tue Jul 23 18:47:30 2024
Terminated at Tue Jul 23 19:35:34 2024
Results reported at Tue Jul 23 19:35:34 2024

Your job looked like:

------------------------------------------------------------
# LSBATCH: User input
bash -c "basf2 etapip_gg_fit_v6_toymc_100.py 466 > /home/belle2/jaeyoung/storage_ghi/Ntuples_ghi_2/MC15ri_generic/MC15ri_etaetapip_tight_v2_240419_Kp_BCS_etapi0const/bsub_log//MC15ri_etapip_gg_fitv6_toyMC_100_466.log"
------------------------------------------------------------

TERM_OWNER: job killed by owner.
Exited with exit code 1.

Resource usage summary:

    CPU time :                                   2843.28 sec.
    Max Memory :                                 1313 MB
    Average Memory :                             949.99 MB
    Total Requested Memory :                     4000.00 MB
    Delta Memory :                               2687.00 MB
    Max Swap :                                   -
    Max Processes :                              19
    Max Threads :                                20
    Run time :                                   2884 sec.
    Turnaround time :                            5714 sec.

The output (if any) follows:



PS:

Read file <./bsub_log/466.err> for stderr output of this job.

