Sender: LSF System <lsfadmin@ccb513>
Subject: Job 52359789: <bash -c "basf2 etapip_gg_fit_v6_toymc_100.py 476 > /home/belle2/jaeyoung/storage_ghi/Ntuples_ghi_2/MC15ri_generic/MC15ri_etaetapip_tight_v2_240419_Kp_BCS_etapi0const/bsub_log//MC15ri_etapip_gg_fitv6_toyMC_100_476.log"> in cluster <centralcluster> Done

Job <bash -c "basf2 etapip_gg_fit_v6_toymc_100.py 476 > /home/belle2/jaeyoung/storage_ghi/Ntuples_ghi_2/MC15ri_generic/MC15ri_etaetapip_tight_v2_240419_Kp_BCS_etapi0const/bsub_log//MC15ri_etapip_gg_fitv6_toyMC_100_476.log"> was submitted from host <ccw02> by user <jaeyoung> in cluster <centralcluster> at Sat Jul 20 14:40:48 2024
Job was executed on host(s) <ccb513>, in queue <s>, as user <jaeyoung> in cluster <centralcluster> at Sat Jul 20 14:46:09 2024
</home/belle2/jaeyoung> was used as the home directory.
</home/belle2/jaeyoung/workspace/DRAW_and_FITTING/main/FITTING/etapip/MC15ri_generic/tight_v2_fit_v6/ToyMC> was used as the working directory.
Started at Sat Jul 20 14:46:09 2024
Terminated at Sat Jul 20 15:36:02 2024
Results reported at Sat Jul 20 15:36:02 2024

Your job looked like:

------------------------------------------------------------
# LSBATCH: User input
bash -c "basf2 etapip_gg_fit_v6_toymc_100.py 476 > /home/belle2/jaeyoung/storage_ghi/Ntuples_ghi_2/MC15ri_generic/MC15ri_etaetapip_tight_v2_240419_Kp_BCS_etapi0const/bsub_log//MC15ri_etapip_gg_fitv6_toyMC_100_476.log"
------------------------------------------------------------

Successfully completed.

Resource usage summary:

    CPU time :                                   2963.23 sec.
    Max Memory :                                 1311 MB
    Average Memory :                             946.36 MB
    Total Requested Memory :                     4000.00 MB
    Delta Memory :                               2689.00 MB
    Max Swap :                                   13 MB
    Max Processes :                              19
    Max Threads :                                20
    Run time :                                   2993 sec.
    Turnaround time :                            3314 sec.

The output (if any) follows:



PS:

Read file <./bsub_log/476.err> for stderr output of this job.

Sender: LSF System <lsfadmin@ccb546>
Subject: Job 53030874: <bash -c "basf2 etapip_gg_fit_v6_toymc_100.py 476 > /home/belle2/jaeyoung/storage_ghi/Ntuples_ghi_2/MC15ri_generic/MC15ri_etaetapip_tight_v2_240419_Kp_BCS_etapi0const/bsub_log//MC15ri_etapip_gg_fitv6_toyMC_100_476.log"> in cluster <centralcluster> Done

Job <bash -c "basf2 etapip_gg_fit_v6_toymc_100.py 476 > /home/belle2/jaeyoung/storage_ghi/Ntuples_ghi_2/MC15ri_generic/MC15ri_etaetapip_tight_v2_240419_Kp_BCS_etapi0const/bsub_log//MC15ri_etapip_gg_fitv6_toyMC_100_476.log"> was submitted from host <ccw03> by user <jaeyoung> in cluster <centralcluster> at Sun Jul 21 17:32:09 2024
Job was executed on host(s) <ccb546>, in queue <s>, as user <jaeyoung> in cluster <centralcluster> at Sun Jul 21 17:32:52 2024
</home/belle2/jaeyoung> was used as the home directory.
</home/belle2/jaeyoung/workspace/DRAW_and_FITTING/main/FITTING/etapip/MC15ri_generic/tight_v2_fit_v6/ToyMC> was used as the working directory.
Started at Sun Jul 21 17:32:52 2024
Terminated at Sun Jul 21 18:21:09 2024
Results reported at Sun Jul 21 18:21:09 2024

Your job looked like:

------------------------------------------------------------
# LSBATCH: User input
bash -c "basf2 etapip_gg_fit_v6_toymc_100.py 476 > /home/belle2/jaeyoung/storage_ghi/Ntuples_ghi_2/MC15ri_generic/MC15ri_etaetapip_tight_v2_240419_Kp_BCS_etapi0const/bsub_log//MC15ri_etapip_gg_fitv6_toyMC_100_476.log"
------------------------------------------------------------

Successfully completed.

Resource usage summary:

    CPU time :                                   2859.36 sec.
    Max Memory :                                 1311 MB
    Average Memory :                             946.79 MB
    Total Requested Memory :                     4000.00 MB
    Delta Memory :                               2689.00 MB
    Max Swap :                                   -
    Max Processes :                              19
    Max Threads :                                20
    Run time :                                   2897 sec.
    Turnaround time :                            2940 sec.

The output (if any) follows:



PS:

Read file <./bsub_log/476.err> for stderr output of this job.

Sender: LSF System <lsfadmin@ccb202>
Subject: Job 53203265: <bash -c "basf2 etapip_gg_fit_v6_toymc_100.py 476 > /home/belle2/jaeyoung/storage_ghi/Ntuples_ghi_2/MC15ri_generic/MC15ri_etaetapip_tight_v2_240419_Kp_BCS_etapi0const/bsub_log//MC15ri_etapip_gg_fitv6_toyMC_100_476.log"> in cluster <centralcluster> Exited

Job <bash -c "basf2 etapip_gg_fit_v6_toymc_100.py 476 > /home/belle2/jaeyoung/storage_ghi/Ntuples_ghi_2/MC15ri_generic/MC15ri_etaetapip_tight_v2_240419_Kp_BCS_etapi0const/bsub_log//MC15ri_etapip_gg_fitv6_toyMC_100_476.log"> was submitted from host <ccw03> by user <jaeyoung> in cluster <centralcluster> at Mon Jul 22 00:51:17 2024
Job was executed on host(s) <ccb202>, in queue <s>, as user <jaeyoung> in cluster <centralcluster> at Mon Jul 22 00:53:15 2024
</home/belle2/jaeyoung> was used as the home directory.
</home/belle2/jaeyoung/workspace/DRAW_and_FITTING/main/FITTING/etapip/MC15ri_generic/tight_v2_fit_v6/ToyMC> was used as the working directory.
Started at Mon Jul 22 00:53:15 2024
Terminated at Mon Jul 22 01:10:29 2024
Results reported at Mon Jul 22 01:10:29 2024

Your job looked like:

------------------------------------------------------------
# LSBATCH: User input
bash -c "basf2 etapip_gg_fit_v6_toymc_100.py 476 > /home/belle2/jaeyoung/storage_ghi/Ntuples_ghi_2/MC15ri_generic/MC15ri_etaetapip_tight_v2_240419_Kp_BCS_etapi0const/bsub_log//MC15ri_etapip_gg_fitv6_toyMC_100_476.log"
------------------------------------------------------------

Exited with exit code 1.

Resource usage summary:

    CPU time :                                   1028.94 sec.
    Max Memory :                                 1253 MB
    Average Memory :                             1166.81 MB
    Total Requested Memory :                     4000.00 MB
    Delta Memory :                               2747.00 MB
    Max Swap :                                   -
    Max Processes :                              19
    Max Threads :                                20
    Run time :                                   1034 sec.
    Turnaround time :                            1152 sec.

The output (if any) follows:



PS:

Read file <./bsub_log/476.err> for stderr output of this job.

Sender: LSF System <lsfadmin@ccb200>
Subject: Job 53407454: <bash -c "basf2 etapip_gg_fit_v6_toymc_100.py 476 > /home/belle2/jaeyoung/storage_ghi/Ntuples_ghi_2/MC15ri_generic/MC15ri_etaetapip_tight_v2_240419_Kp_BCS_etapi0const/bsub_log//MC15ri_etapip_gg_fitv6_toyMC_100_476.log"> in cluster <centralcluster> Done

Job <bash -c "basf2 etapip_gg_fit_v6_toymc_100.py 476 > /home/belle2/jaeyoung/storage_ghi/Ntuples_ghi_2/MC15ri_generic/MC15ri_etaetapip_tight_v2_240419_Kp_BCS_etapi0const/bsub_log//MC15ri_etapip_gg_fitv6_toyMC_100_476.log"> was submitted from host <ccw06> by user <jaeyoung> in cluster <centralcluster> at Mon Jul 22 10:49:52 2024
Job was executed on host(s) <ccb200>, in queue <s>, as user <jaeyoung> in cluster <centralcluster> at Mon Jul 22 10:50:37 2024
</home/belle2/jaeyoung> was used as the home directory.
</home/belle2/jaeyoung/workspace/DRAW_and_FITTING/main/FITTING/etapip/MC15ri_generic/tight_v2_fit_v6/ToyMC> was used as the working directory.
Started at Mon Jul 22 10:50:37 2024
Terminated at Mon Jul 22 11:37:25 2024
Results reported at Mon Jul 22 11:37:25 2024

Your job looked like:

------------------------------------------------------------
# LSBATCH: User input
bash -c "basf2 etapip_gg_fit_v6_toymc_100.py 476 > /home/belle2/jaeyoung/storage_ghi/Ntuples_ghi_2/MC15ri_generic/MC15ri_etaetapip_tight_v2_240419_Kp_BCS_etapi0const/bsub_log//MC15ri_etapip_gg_fitv6_toyMC_100_476.log"
------------------------------------------------------------

Successfully completed.

Resource usage summary:

    CPU time :                                   2798.19 sec.
    Max Memory :                                 1310 MB
    Average Memory :                             951.92 MB
    Total Requested Memory :                     4000.00 MB
    Delta Memory :                               2690.00 MB
    Max Swap :                                   -
    Max Processes :                              19
    Max Threads :                                20
    Run time :                                   2808 sec.
    Turnaround time :                            2853 sec.

The output (if any) follows:



PS:

Read file <./bsub_log/476.err> for stderr output of this job.

Sender: LSF System <lsfadmin@ccb243>
Subject: Job 53599856: <bash -c "basf2 etapip_gg_fit_v6_toymc_100.py 476 > /home/belle2/jaeyoung/storage_ghi/Ntuples_ghi_2/MC15ri_generic/MC15ri_etaetapip_tight_v2_240419_Kp_BCS_etapi0const/bsub_log//MC15ri_etapip_gg_fitv6_toyMC_100_476.log"> in cluster <centralcluster> Done

Job <bash -c "basf2 etapip_gg_fit_v6_toymc_100.py 476 > /home/belle2/jaeyoung/storage_ghi/Ntuples_ghi_2/MC15ri_generic/MC15ri_etaetapip_tight_v2_240419_Kp_BCS_etapi0const/bsub_log//MC15ri_etapip_gg_fitv6_toyMC_100_476.log"> was submitted from host <ccw03> by user <jaeyoung> in cluster <centralcluster> at Mon Jul 22 18:36:06 2024
Job was executed on host(s) <ccb243>, in queue <s>, as user <jaeyoung> in cluster <centralcluster> at Mon Jul 22 18:38:30 2024
</home/belle2/jaeyoung> was used as the home directory.
</home/belle2/jaeyoung/workspace/DRAW_and_FITTING/main/FITTING/etapip/MC15ri_generic/tight_v2_fit_v6/ToyMC> was used as the working directory.
Started at Mon Jul 22 18:38:30 2024
Terminated at Mon Jul 22 19:24:25 2024
Results reported at Mon Jul 22 19:24:25 2024

Your job looked like:

------------------------------------------------------------
# LSBATCH: User input
bash -c "basf2 etapip_gg_fit_v6_toymc_100.py 476 > /home/belle2/jaeyoung/storage_ghi/Ntuples_ghi_2/MC15ri_generic/MC15ri_etaetapip_tight_v2_240419_Kp_BCS_etapi0const/bsub_log//MC15ri_etapip_gg_fitv6_toyMC_100_476.log"
------------------------------------------------------------

Successfully completed.

Resource usage summary:

    CPU time :                                   2746.68 sec.
    Max Memory :                                 1312 MB
    Average Memory :                             955.00 MB
    Total Requested Memory :                     4000.00 MB
    Delta Memory :                               2688.00 MB
    Max Swap :                                   -
    Max Processes :                              19
    Max Threads :                                20
    Run time :                                   2754 sec.
    Turnaround time :                            2899 sec.

The output (if any) follows:



PS:

Read file <./bsub_log/476.err> for stderr output of this job.

Sender: LSF System <lsfadmin@ccb048>
Subject: Job 53833170: <bash -c "basf2 etapip_gg_fit_v6_toymc_100.py 476 > /home/belle2/jaeyoung/storage_ghi/Ntuples_ghi_2/MC15ri_generic/MC15ri_etaetapip_tight_v2_240419_Kp_BCS_etapi0const/bsub_log//MC15ri_etapip_gg_fitv6_toyMC_100_476.log"> in cluster <centralcluster> Done

Job <bash -c "basf2 etapip_gg_fit_v6_toymc_100.py 476 > /home/belle2/jaeyoung/storage_ghi/Ntuples_ghi_2/MC15ri_generic/MC15ri_etaetapip_tight_v2_240419_Kp_BCS_etapi0const/bsub_log//MC15ri_etapip_gg_fitv6_toyMC_100_476.log"> was submitted from host <ccw05> by user <jaeyoung> in cluster <centralcluster> at Tue Jul 23 00:51:08 2024
Job was executed on host(s) <ccb048>, in queue <s>, as user <jaeyoung> in cluster <centralcluster> at Tue Jul 23 00:51:33 2024
</home/belle2/jaeyoung> was used as the home directory.
</home/belle2/jaeyoung/workspace/DRAW_and_FITTING/main/FITTING/etapip/MC15ri_generic/tight_v2_fit_v6/ToyMC> was used as the working directory.
Started at Tue Jul 23 00:51:33 2024
Terminated at Tue Jul 23 01:36:24 2024
Results reported at Tue Jul 23 01:36:24 2024

Your job looked like:

------------------------------------------------------------
# LSBATCH: User input
bash -c "basf2 etapip_gg_fit_v6_toymc_100.py 476 > /home/belle2/jaeyoung/storage_ghi/Ntuples_ghi_2/MC15ri_generic/MC15ri_etaetapip_tight_v2_240419_Kp_BCS_etapi0const/bsub_log//MC15ri_etapip_gg_fitv6_toyMC_100_476.log"
------------------------------------------------------------

Successfully completed.

Resource usage summary:

    CPU time :                                   2683.79 sec.
    Max Memory :                                 1312 MB
    Average Memory :                             955.30 MB
    Total Requested Memory :                     4000.00 MB
    Delta Memory :                               2688.00 MB
    Max Swap :                                   -
    Max Processes :                              19
    Max Threads :                                20
    Run time :                                   2692 sec.
    Turnaround time :                            2716 sec.

The output (if any) follows:



PS:

Read file <./bsub_log/476.err> for stderr output of this job.

Sender: LSF System <lsfadmin@ccb274>
Subject: Job 54398772: <bash -c "basf2 etapip_gg_fit_v6_toymc_100.py 476 > /home/belle2/jaeyoung/storage_ghi/Ntuples_ghi_2/MC15ri_generic/MC15ri_etaetapip_tight_v2_240419_Kp_BCS_etapi0const/bsub_log//MC15ri_etapip_gg_fitv6_toyMC_100_476.log"> in cluster <centralcluster> Done

Job <bash -c "basf2 etapip_gg_fit_v6_toymc_100.py 476 > /home/belle2/jaeyoung/storage_ghi/Ntuples_ghi_2/MC15ri_generic/MC15ri_etaetapip_tight_v2_240419_Kp_BCS_etapi0const/bsub_log//MC15ri_etapip_gg_fitv6_toyMC_100_476.log"> was submitted from host <ccw04> by user <jaeyoung> in cluster <centralcluster> at Tue Jul 23 18:00:23 2024
Job was executed on host(s) <ccb274>, in queue <s>, as user <jaeyoung> in cluster <centralcluster> at Tue Jul 23 18:47:33 2024
</home/belle2/jaeyoung> was used as the home directory.
</home/belle2/jaeyoung/workspace/DRAW_and_FITTING/main/FITTING/etapip/MC15ri_generic/tight_v2_fit_v6/ToyMC> was used as the working directory.
Started at Tue Jul 23 18:47:33 2024
Terminated at Tue Jul 23 19:34:15 2024
Results reported at Tue Jul 23 19:34:15 2024

Your job looked like:

------------------------------------------------------------
# LSBATCH: User input
bash -c "basf2 etapip_gg_fit_v6_toymc_100.py 476 > /home/belle2/jaeyoung/storage_ghi/Ntuples_ghi_2/MC15ri_generic/MC15ri_etaetapip_tight_v2_240419_Kp_BCS_etapi0const/bsub_log//MC15ri_etapip_gg_fitv6_toyMC_100_476.log"
------------------------------------------------------------

Successfully completed.

Resource usage summary:

    CPU time :                                   2747.87 sec.
    Max Memory :                                 1313 MB
    Average Memory :                             967.60 MB
    Total Requested Memory :                     4000.00 MB
    Delta Memory :                               2687.00 MB
    Max Swap :                                   -
    Max Processes :                              19
    Max Threads :                                20
    Run time :                                   2801 sec.
    Turnaround time :                            5632 sec.

The output (if any) follows:



PS:

Read file <./bsub_log/476.err> for stderr output of this job.

Sender: LSF System <lsfadmin@ccb206>
Subject: Job 54471517: <bash -c "basf2 etapip_gg_fit_v6_toymc_100.py 476 > /home/belle2/jaeyoung/storage_ghi/Ntuples_ghi_2/MC15ri_generic/MC15ri_etaetapip_tight_v2_240419_Kp_BCS_etapi0const/bsub_log//MC15ri_etapip_gg_fitv6_toyMC_100_476.log"> in cluster <centralcluster> Done

Job <bash -c "basf2 etapip_gg_fit_v6_toymc_100.py 476 > /home/belle2/jaeyoung/storage_ghi/Ntuples_ghi_2/MC15ri_generic/MC15ri_etaetapip_tight_v2_240419_Kp_BCS_etapi0const/bsub_log//MC15ri_etapip_gg_fitv6_toyMC_100_476.log"> was submitted from host <ccw03> by user <jaeyoung> in cluster <centralcluster> at Tue Jul 23 19:39:17 2024
Job was executed on host(s) <ccb206>, in queue <s>, as user <jaeyoung> in cluster <centralcluster> at Tue Jul 23 19:39:31 2024
</home/belle2/jaeyoung> was used as the home directory.
</home/belle2/jaeyoung/workspace/DRAW_and_FITTING/main/FITTING/etapip/MC15ri_generic/tight_v2_fit_v6/ToyMC> was used as the working directory.
Started at Tue Jul 23 19:39:31 2024
Terminated at Tue Jul 23 20:26:06 2024
Results reported at Tue Jul 23 20:26:06 2024

Your job looked like:

------------------------------------------------------------
# LSBATCH: User input
bash -c "basf2 etapip_gg_fit_v6_toymc_100.py 476 > /home/belle2/jaeyoung/storage_ghi/Ntuples_ghi_2/MC15ri_generic/MC15ri_etaetapip_tight_v2_240419_Kp_BCS_etapi0const/bsub_log//MC15ri_etapip_gg_fitv6_toyMC_100_476.log"
------------------------------------------------------------

Successfully completed.

Resource usage summary:

    CPU time :                                   2786.20 sec.
    Max Memory :                                 1310 MB
    Average Memory :                             949.60 MB
    Total Requested Memory :                     4000.00 MB
    Delta Memory :                               2690.00 MB
    Max Swap :                                   -
    Max Processes :                              19
    Max Threads :                                20
    Run time :                                   2796 sec.
    Turnaround time :                            2809 sec.

The output (if any) follows:



PS:

Read file <./bsub_log/476.err> for stderr output of this job.

Sender: LSF System <lsfadmin@ccb568>
Subject: Job 55516338: <bash -c "basf2 etapip_gg_fit_v6_toymc_100.py 476 > /home/belle2/jaeyoung/storage_ghi/Ntuples_ghi_2/MC15ri_generic/MC15ri_etaetapip_tight_v2_240419_Kp_BCS_etapi0const/bsub_log//MC15ri_etapip_gg_fitv6_toyMC_100_476.log"> in cluster <centralcluster> Done

Job <bash -c "basf2 etapip_gg_fit_v6_toymc_100.py 476 > /home/belle2/jaeyoung/storage_ghi/Ntuples_ghi_2/MC15ri_generic/MC15ri_etaetapip_tight_v2_240419_Kp_BCS_etapi0const/bsub_log//MC15ri_etapip_gg_fitv6_toyMC_100_476.log"> was submitted from host <ccw01> by user <jaeyoung> in cluster <centralcluster> at Thu Jul 25 20:52:12 2024
Job was executed on host(s) <ccb568>, in queue <s>, as user <jaeyoung> in cluster <centralcluster> at Thu Jul 25 20:52:14 2024
</home/belle2/jaeyoung> was used as the home directory.
</gpfs/home/belle2/jaeyoung/workspace/DRAW_and_FITTING/main/FITTING/etapip/MC15ri_generic/tight_v2_fit_v6/ToyMC> was used as the working directory.
Started at Thu Jul 25 20:52:14 2024
Terminated at Thu Jul 25 21:40:15 2024
Results reported at Thu Jul 25 21:40:15 2024

Your job looked like:

------------------------------------------------------------
# LSBATCH: User input
bash -c "basf2 etapip_gg_fit_v6_toymc_100.py 476 > /home/belle2/jaeyoung/storage_ghi/Ntuples_ghi_2/MC15ri_generic/MC15ri_etaetapip_tight_v2_240419_Kp_BCS_etapi0const/bsub_log//MC15ri_etapip_gg_fitv6_toyMC_100_476.log"
------------------------------------------------------------

Successfully completed.

Resource usage summary:

    CPU time :                                   2828.74 sec.
    Max Memory :                                 1343 MB
    Average Memory :                             987.37 MB
    Total Requested Memory :                     4000.00 MB
    Delta Memory :                               2657.00 MB
    Max Swap :                                   -
    Max Processes :                              19
    Max Threads :                                20
    Run time :                                   2882 sec.
    Turnaround time :                            2883 sec.

The output (if any) follows:



PS:

Read file <./bsub_log/476.err> for stderr output of this job.

Sender: LSF System <lsfadmin@ccb003>
Subject: Job 56104065: <bash -c "basf2 etapip_gg_fit_v6_toymc_100.py 476 > /home/belle2/jaeyoung/storage_ghi/Ntuples_ghi_2/MC15ri_generic/MC15ri_etaetapip_tight_v2_240419_Kp_BCS_etapi0const/bsub_log//MC15ri_etapip_gg_fitv6_toyMC_100_476.log"> in cluster <centralcluster> Done

Job <bash -c "basf2 etapip_gg_fit_v6_toymc_100.py 476 > /home/belle2/jaeyoung/storage_ghi/Ntuples_ghi_2/MC15ri_generic/MC15ri_etaetapip_tight_v2_240419_Kp_BCS_etapi0const/bsub_log//MC15ri_etapip_gg_fitv6_toyMC_100_476.log"> was submitted from host <ccw06> by user <jaeyoung> in cluster <centralcluster> at Fri Jul 26 23:44:49 2024
Job was executed on host(s) <ccb003>, in queue <s>, as user <jaeyoung> in cluster <centralcluster> at Sat Jul 27 00:32:20 2024
</home/belle2/jaeyoung> was used as the home directory.
</home/belle2/jaeyoung/workspace/DRAW_and_FITTING/main/FITTING/etapip/MC15ri_generic/tight_v2_fit_v6/ToyMC> was used as the working directory.
Started at Sat Jul 27 00:32:20 2024
Terminated at Sat Jul 27 01:05:07 2024
Results reported at Sat Jul 27 01:05:07 2024

Your job looked like:

------------------------------------------------------------
# LSBATCH: User input
bash -c "basf2 etapip_gg_fit_v6_toymc_100.py 476 > /home/belle2/jaeyoung/storage_ghi/Ntuples_ghi_2/MC15ri_generic/MC15ri_etaetapip_tight_v2_240419_Kp_BCS_etapi0const/bsub_log//MC15ri_etapip_gg_fitv6_toyMC_100_476.log"
------------------------------------------------------------

Successfully completed.

Resource usage summary:

    CPU time :                                   1951.98 sec.
    Max Memory :                                 933 MB
    Average Memory :                             660.20 MB
    Total Requested Memory :                     4000.00 MB
    Delta Memory :                               3067.00 MB
    Max Swap :                                   -
    Max Processes :                              19
    Max Threads :                                20
    Run time :                                   1968 sec.
    Turnaround time :                            4818 sec.

The output (if any) follows:



PS:

Read file <./bsub_log/476.err> for stderr output of this job.

Sender: LSF System <lsfadmin@ccb160>
Subject: Job 56133862: <bash -c "basf2 etapip_gg_fit_v6_toymc_100.py 476 > /home/belle2/jaeyoung/storage_ghi/Ntuples_ghi_2/MC15ri_generic/MC15ri_etaetapip_tight_v2_240419_Kp_BCS_etapi0const/bsub_log//MC15ri_etapip_gg_fitv6_toyMC_100_476.log"> in cluster <centralcluster> Done

Job <bash -c "basf2 etapip_gg_fit_v6_toymc_100.py 476 > /home/belle2/jaeyoung/storage_ghi/Ntuples_ghi_2/MC15ri_generic/MC15ri_etaetapip_tight_v2_240419_Kp_BCS_etapi0const/bsub_log//MC15ri_etapip_gg_fitv6_toyMC_100_476.log"> was submitted from host <ccw03> by user <jaeyoung> in cluster <centralcluster> at Sat Jul 27 01:14:21 2024
Job was executed on host(s) <ccb160>, in queue <s>, as user <jaeyoung> in cluster <centralcluster> at Sat Jul 27 03:05:50 2024
</home/belle2/jaeyoung> was used as the home directory.
</gpfs/home/belle2/jaeyoung/workspace/DRAW_and_FITTING/main/FITTING/etapip/MC15ri_generic/tight_v2_fit_v6/ToyMC> was used as the working directory.
Started at Sat Jul 27 03:05:50 2024
Terminated at Sat Jul 27 03:45:20 2024
Results reported at Sat Jul 27 03:45:20 2024

Your job looked like:

------------------------------------------------------------
# LSBATCH: User input
bash -c "basf2 etapip_gg_fit_v6_toymc_100.py 476 > /home/belle2/jaeyoung/storage_ghi/Ntuples_ghi_2/MC15ri_generic/MC15ri_etaetapip_tight_v2_240419_Kp_BCS_etapi0const/bsub_log//MC15ri_etapip_gg_fitv6_toyMC_100_476.log"
------------------------------------------------------------

Successfully completed.

Resource usage summary:

    CPU time :                                   2330.09 sec.
    Max Memory :                                 923 MB
    Average Memory :                             669.47 MB
    Total Requested Memory :                     4000.00 MB
    Delta Memory :                               3077.00 MB
    Max Swap :                                   -
    Max Processes :                              19
    Max Threads :                                20
    Run time :                                   2370 sec.
    Turnaround time :                            9059 sec.

The output (if any) follows:



PS:

Read file <./bsub_log/476.err> for stderr output of this job.

Sender: LSF System <lsfadmin@ccb569>
Subject: Job 57220979: <bash -c "basf2 etapip_gg_fit_v6_toymc_100.py 476 > /home/belle2/jaeyoung/storage_ghi/Ntuples_ghi_2/MC15ri_generic/MC15ri_etaetapip_tight_v2_240419_Kp_BCS_etapi0const/bsub_log//MC15ri_etapip_gg_fitv6_toyMC_100_476.log"> in cluster <centralcluster> Exited

Job <bash -c "basf2 etapip_gg_fit_v6_toymc_100.py 476 > /home/belle2/jaeyoung/storage_ghi/Ntuples_ghi_2/MC15ri_generic/MC15ri_etaetapip_tight_v2_240419_Kp_BCS_etapi0const/bsub_log//MC15ri_etapip_gg_fitv6_toyMC_100_476.log"> was submitted from host <ccx03> by user <jaeyoung> in cluster <centralcluster> at Mon Jul 29 18:46:36 2024
Job was executed on host(s) <ccb569>, in queue <s>, as user <jaeyoung> in cluster <centralcluster> at Mon Jul 29 18:46:37 2024
</home/belle2/jaeyoung> was used as the home directory.
</gpfs/home/belle2/jaeyoung/workspace/DRAW_and_FITTING/main/FITTING/etapip/MC15ri_generic/tight_v2_fit_v6/ToyMC> was used as the working directory.
Started at Mon Jul 29 18:46:37 2024
Terminated at Mon Jul 29 19:53:06 2024
Results reported at Mon Jul 29 19:53:06 2024

Your job looked like:

------------------------------------------------------------
# LSBATCH: User input
bash -c "basf2 etapip_gg_fit_v6_toymc_100.py 476 > /home/belle2/jaeyoung/storage_ghi/Ntuples_ghi_2/MC15ri_generic/MC15ri_etaetapip_tight_v2_240419_Kp_BCS_etapi0const/bsub_log//MC15ri_etapip_gg_fitv6_toyMC_100_476.log"
------------------------------------------------------------

Exited with exit code 1.

Resource usage summary:

    CPU time :                                   3926.28 sec.
    Max Memory :                                 1400 MB
    Average Memory :                             1042.03 MB
    Total Requested Memory :                     4000.00 MB
    Delta Memory :                               2600.00 MB
    Max Swap :                                   -
    Max Processes :                              19
    Max Threads :                                20
    Run time :                                   3990 sec.
    Turnaround time :                            3990 sec.

The output (if any) follows:



PS:

Read file <./bsub_log/476.err> for stderr output of this job.

Sender: LSF System <lsfadmin@ccb245>
Subject: Job 57308972: <bash -c "basf2 etapip_gg_fit_v6_toymc_100.py 476 > /home/belle2/jaeyoung/storage_ghi/Ntuples_ghi_2/MC15ri_generic/MC15ri_etaetapip_tight_v2_240419_Kp_BCS_etapi0const/bsub_log//MC15ri_etapip_gg_fitv6_toyMC_100_476.log"> in cluster <centralcluster> Done

Job <bash -c "basf2 etapip_gg_fit_v6_toymc_100.py 476 > /home/belle2/jaeyoung/storage_ghi/Ntuples_ghi_2/MC15ri_generic/MC15ri_etaetapip_tight_v2_240419_Kp_BCS_etapi0const/bsub_log//MC15ri_etapip_gg_fitv6_toyMC_100_476.log"> was submitted from host <ccw03> by user <jaeyoung> in cluster <centralcluster> at Mon Jul 29 23:03:48 2024
Job was executed on host(s) <ccb245>, in queue <s>, as user <jaeyoung> in cluster <centralcluster> at Mon Jul 29 23:05:24 2024
</home/belle2/jaeyoung> was used as the home directory.
</home/belle2/jaeyoung/workspace/DRAW_and_FITTING/main/FITTING/etapip/MC15ri_generic/tight_v2_fit_v6/ToyMC> was used as the working directory.
Started at Mon Jul 29 23:05:24 2024
Terminated at Tue Jul 30 00:10:08 2024
Results reported at Tue Jul 30 00:10:08 2024

Your job looked like:

------------------------------------------------------------
# LSBATCH: User input
bash -c "basf2 etapip_gg_fit_v6_toymc_100.py 476 > /home/belle2/jaeyoung/storage_ghi/Ntuples_ghi_2/MC15ri_generic/MC15ri_etaetapip_tight_v2_240419_Kp_BCS_etapi0const/bsub_log//MC15ri_etapip_gg_fitv6_toyMC_100_476.log"
------------------------------------------------------------

Successfully completed.

Resource usage summary:

    CPU time :                                   3872.48 sec.
    Max Memory :                                 1426 MB
    Average Memory :                             1048.87 MB
    Total Requested Memory :                     4000.00 MB
    Delta Memory :                               2574.00 MB
    Max Swap :                                   -
    Max Processes :                              19
    Max Threads :                                20
    Run time :                                   3885 sec.
    Turnaround time :                            3980 sec.

The output (if any) follows:



PS:

Read file <./bsub_log/476.err> for stderr output of this job.

Sender: LSF System <lsfadmin@ccb197>
Subject: Job 57390483: <bash -c "basf2 etapip_gg_fit_v6_toymc_100.py 476 > /home/belle2/jaeyoung/storage_ghi/Ntuples_ghi_2/MC15ri_generic/MC15ri_etaetapip_tight_v2_240419_Kp_BCS_etapi0const/bsub_log//MC15ri_etapip_gg_fitv6_toyMC_100_476.log"> in cluster <centralcluster> Done

Job <bash -c "basf2 etapip_gg_fit_v6_toymc_100.py 476 > /home/belle2/jaeyoung/storage_ghi/Ntuples_ghi_2/MC15ri_generic/MC15ri_etaetapip_tight_v2_240419_Kp_BCS_etapi0const/bsub_log//MC15ri_etapip_gg_fitv6_toyMC_100_476.log"> was submitted from host <ccw03> by user <jaeyoung> in cluster <centralcluster> at Tue Jul 30 01:18:04 2024
Job was executed on host(s) <ccb197>, in queue <s>, as user <jaeyoung> in cluster <centralcluster> at Tue Jul 30 01:19:45 2024
</home/belle2/jaeyoung> was used as the home directory.
</home/belle2/jaeyoung/workspace/DRAW_and_FITTING/main/FITTING/etapip/MC15ri_generic/tight_v2_fit_v6/ToyMC> was used as the working directory.
Started at Tue Jul 30 01:19:45 2024
Terminated at Tue Jul 30 02:24:41 2024
Results reported at Tue Jul 30 02:24:41 2024

Your job looked like:

------------------------------------------------------------
# LSBATCH: User input
bash -c "basf2 etapip_gg_fit_v6_toymc_100.py 476 > /home/belle2/jaeyoung/storage_ghi/Ntuples_ghi_2/MC15ri_generic/MC15ri_etaetapip_tight_v2_240419_Kp_BCS_etapi0const/bsub_log//MC15ri_etapip_gg_fitv6_toyMC_100_476.log"
------------------------------------------------------------

Successfully completed.

Resource usage summary:

    CPU time :                                   3861.70 sec.
    Max Memory :                                 1412 MB
    Average Memory :                             1044.22 MB
    Total Requested Memory :                     4000.00 MB
    Delta Memory :                               2588.00 MB
    Max Swap :                                   -
    Max Processes :                              19
    Max Threads :                                20
    Run time :                                   3897 sec.
    Turnaround time :                            3997 sec.

The output (if any) follows:



PS:

Read file <./bsub_log/476.err> for stderr output of this job.

