Sender: LSF System <lsfadmin@ccb161>
Subject: Job 52359815: <bash -c "basf2 etapip_gg_fit_v6_toymc_100.py 481 > /home/belle2/jaeyoung/storage_ghi/Ntuples_ghi_2/MC15ri_generic/MC15ri_etaetapip_tight_v2_240419_Kp_BCS_etapi0const/bsub_log//MC15ri_etapip_gg_fitv6_toyMC_100_481.log"> in cluster <centralcluster> Done

Job <bash -c "basf2 etapip_gg_fit_v6_toymc_100.py 481 > /home/belle2/jaeyoung/storage_ghi/Ntuples_ghi_2/MC15ri_generic/MC15ri_etaetapip_tight_v2_240419_Kp_BCS_etapi0const/bsub_log//MC15ri_etapip_gg_fitv6_toyMC_100_481.log"> was submitted from host <ccw02> by user <jaeyoung> in cluster <centralcluster> at Sat Jul 20 14:40:50 2024
Job was executed on host(s) <ccb161>, in queue <s>, as user <jaeyoung> in cluster <centralcluster> at Sat Jul 20 14:46:15 2024
</home/belle2/jaeyoung> was used as the home directory.
</home/belle2/jaeyoung/workspace/DRAW_and_FITTING/main/FITTING/etapip/MC15ri_generic/tight_v2_fit_v6/ToyMC> was used as the working directory.
Started at Sat Jul 20 14:46:15 2024
Terminated at Sat Jul 20 15:35:05 2024
Results reported at Sat Jul 20 15:35:05 2024

Your job looked like:

------------------------------------------------------------
# LSBATCH: User input
bash -c "basf2 etapip_gg_fit_v6_toymc_100.py 481 > /home/belle2/jaeyoung/storage_ghi/Ntuples_ghi_2/MC15ri_generic/MC15ri_etaetapip_tight_v2_240419_Kp_BCS_etapi0const/bsub_log//MC15ri_etapip_gg_fitv6_toyMC_100_481.log"
------------------------------------------------------------

Successfully completed.

Resource usage summary:

    CPU time :                                   2917.03 sec.
    Max Memory :                                 1311 MB
    Average Memory :                             942.70 MB
    Total Requested Memory :                     4000.00 MB
    Delta Memory :                               2689.00 MB
    Max Swap :                                   -
    Max Processes :                              19
    Max Threads :                                20
    Run time :                                   2930 sec.
    Turnaround time :                            3255 sec.

The output (if any) follows:



PS:

Read file <./bsub_log/481.err> for stderr output of this job.

Sender: LSF System <lsfadmin@ccb114>
Subject: Job 53030894: <bash -c "basf2 etapip_gg_fit_v6_toymc_100.py 481 > /home/belle2/jaeyoung/storage_ghi/Ntuples_ghi_2/MC15ri_generic/MC15ri_etaetapip_tight_v2_240419_Kp_BCS_etapi0const/bsub_log//MC15ri_etapip_gg_fitv6_toyMC_100_481.log"> in cluster <centralcluster> Done

Job <bash -c "basf2 etapip_gg_fit_v6_toymc_100.py 481 > /home/belle2/jaeyoung/storage_ghi/Ntuples_ghi_2/MC15ri_generic/MC15ri_etaetapip_tight_v2_240419_Kp_BCS_etapi0const/bsub_log//MC15ri_etapip_gg_fitv6_toyMC_100_481.log"> was submitted from host <ccw03> by user <jaeyoung> in cluster <centralcluster> at Sun Jul 21 17:32:11 2024
Job was executed on host(s) <ccb114>, in queue <s>, as user <jaeyoung> in cluster <centralcluster> at Sun Jul 21 17:32:54 2024
</home/belle2/jaeyoung> was used as the home directory.
</home/belle2/jaeyoung/workspace/DRAW_and_FITTING/main/FITTING/etapip/MC15ri_generic/tight_v2_fit_v6/ToyMC> was used as the working directory.
Started at Sun Jul 21 17:32:54 2024
Terminated at Sun Jul 21 18:20:12 2024
Results reported at Sun Jul 21 18:20:12 2024

Your job looked like:

------------------------------------------------------------
# LSBATCH: User input
bash -c "basf2 etapip_gg_fit_v6_toymc_100.py 481 > /home/belle2/jaeyoung/storage_ghi/Ntuples_ghi_2/MC15ri_generic/MC15ri_etaetapip_tight_v2_240419_Kp_BCS_etapi0const/bsub_log//MC15ri_etapip_gg_fitv6_toyMC_100_481.log"
------------------------------------------------------------

Successfully completed.

Resource usage summary:

    CPU time :                                   2812.73 sec.
    Max Memory :                                 1311 MB
    Average Memory :                             941.70 MB
    Total Requested Memory :                     4000.00 MB
    Delta Memory :                               2689.00 MB
    Max Swap :                                   -
    Max Processes :                              19
    Max Threads :                                20
    Run time :                                   2839 sec.
    Turnaround time :                            2881 sec.

The output (if any) follows:



PS:

Read file <./bsub_log/481.err> for stderr output of this job.

Sender: LSF System <lsfadmin@ccb235>
Subject: Job 53203277: <bash -c "basf2 etapip_gg_fit_v6_toymc_100.py 481 > /home/belle2/jaeyoung/storage_ghi/Ntuples_ghi_2/MC15ri_generic/MC15ri_etaetapip_tight_v2_240419_Kp_BCS_etapi0const/bsub_log//MC15ri_etapip_gg_fitv6_toyMC_100_481.log"> in cluster <centralcluster> Exited

Job <bash -c "basf2 etapip_gg_fit_v6_toymc_100.py 481 > /home/belle2/jaeyoung/storage_ghi/Ntuples_ghi_2/MC15ri_generic/MC15ri_etaetapip_tight_v2_240419_Kp_BCS_etapi0const/bsub_log//MC15ri_etapip_gg_fitv6_toyMC_100_481.log"> was submitted from host <ccw03> by user <jaeyoung> in cluster <centralcluster> at Mon Jul 22 00:51:19 2024
Job was executed on host(s) <ccb235>, in queue <s>, as user <jaeyoung> in cluster <centralcluster> at Mon Jul 22 00:53:17 2024
</home/belle2/jaeyoung> was used as the home directory.
</home/belle2/jaeyoung/workspace/DRAW_and_FITTING/main/FITTING/etapip/MC15ri_generic/tight_v2_fit_v6/ToyMC> was used as the working directory.
Started at Mon Jul 22 00:53:17 2024
Terminated at Mon Jul 22 01:10:09 2024
Results reported at Mon Jul 22 01:10:09 2024

Your job looked like:

------------------------------------------------------------
# LSBATCH: User input
bash -c "basf2 etapip_gg_fit_v6_toymc_100.py 481 > /home/belle2/jaeyoung/storage_ghi/Ntuples_ghi_2/MC15ri_generic/MC15ri_etaetapip_tight_v2_240419_Kp_BCS_etapi0const/bsub_log//MC15ri_etapip_gg_fitv6_toyMC_100_481.log"
------------------------------------------------------------

Exited with exit code 1.

Resource usage summary:

    CPU time :                                   1002.53 sec.
    Max Memory :                                 1255 MB
    Average Memory :                             1171.73 MB
    Total Requested Memory :                     4000.00 MB
    Delta Memory :                               2745.00 MB
    Max Swap :                                   -
    Max Processes :                              19
    Max Threads :                                20
    Run time :                                   1011 sec.
    Turnaround time :                            1130 sec.

The output (if any) follows:



PS:

Read file <./bsub_log/481.err> for stderr output of this job.

Sender: LSF System <lsfadmin@ccb142>
Subject: Job 53407465: <bash -c "basf2 etapip_gg_fit_v6_toymc_100.py 481 > /home/belle2/jaeyoung/storage_ghi/Ntuples_ghi_2/MC15ri_generic/MC15ri_etaetapip_tight_v2_240419_Kp_BCS_etapi0const/bsub_log//MC15ri_etapip_gg_fitv6_toyMC_100_481.log"> in cluster <centralcluster> Done

Job <bash -c "basf2 etapip_gg_fit_v6_toymc_100.py 481 > /home/belle2/jaeyoung/storage_ghi/Ntuples_ghi_2/MC15ri_generic/MC15ri_etaetapip_tight_v2_240419_Kp_BCS_etapi0const/bsub_log//MC15ri_etapip_gg_fitv6_toyMC_100_481.log"> was submitted from host <ccw06> by user <jaeyoung> in cluster <centralcluster> at Mon Jul 22 10:49:53 2024
Job was executed on host(s) <ccb142>, in queue <s>, as user <jaeyoung> in cluster <centralcluster> at Mon Jul 22 10:50:39 2024
</home/belle2/jaeyoung> was used as the home directory.
</home/belle2/jaeyoung/workspace/DRAW_and_FITTING/main/FITTING/etapip/MC15ri_generic/tight_v2_fit_v6/ToyMC> was used as the working directory.
Started at Mon Jul 22 10:50:39 2024
Terminated at Mon Jul 22 11:38:12 2024
Results reported at Mon Jul 22 11:38:12 2024

Your job looked like:

------------------------------------------------------------
# LSBATCH: User input
bash -c "basf2 etapip_gg_fit_v6_toymc_100.py 481 > /home/belle2/jaeyoung/storage_ghi/Ntuples_ghi_2/MC15ri_generic/MC15ri_etaetapip_tight_v2_240419_Kp_BCS_etapi0const/bsub_log//MC15ri_etapip_gg_fitv6_toyMC_100_481.log"
------------------------------------------------------------

Successfully completed.

Resource usage summary:

    CPU time :                                   2825.78 sec.
    Max Memory :                                 1311 MB
    Average Memory :                             942.43 MB
    Total Requested Memory :                     4000.00 MB
    Delta Memory :                               2689.00 MB
    Max Swap :                                   -
    Max Processes :                              19
    Max Threads :                                20
    Run time :                                   2854 sec.
    Turnaround time :                            2899 sec.

The output (if any) follows:



PS:

Read file <./bsub_log/481.err> for stderr output of this job.

Sender: LSF System <lsfadmin@ccb064>
Subject: Job 53599874: <bash -c "basf2 etapip_gg_fit_v6_toymc_100.py 481 > /home/belle2/jaeyoung/storage_ghi/Ntuples_ghi_2/MC15ri_generic/MC15ri_etaetapip_tight_v2_240419_Kp_BCS_etapi0const/bsub_log//MC15ri_etapip_gg_fitv6_toyMC_100_481.log"> in cluster <centralcluster> Done

Job <bash -c "basf2 etapip_gg_fit_v6_toymc_100.py 481 > /home/belle2/jaeyoung/storage_ghi/Ntuples_ghi_2/MC15ri_generic/MC15ri_etaetapip_tight_v2_240419_Kp_BCS_etapi0const/bsub_log//MC15ri_etapip_gg_fitv6_toyMC_100_481.log"> was submitted from host <ccw03> by user <jaeyoung> in cluster <centralcluster> at Mon Jul 22 18:36:08 2024
Job was executed on host(s) <ccb064>, in queue <s>, as user <jaeyoung> in cluster <centralcluster> at Mon Jul 22 18:39:01 2024
</home/belle2/jaeyoung> was used as the home directory.
</home/belle2/jaeyoung/workspace/DRAW_and_FITTING/main/FITTING/etapip/MC15ri_generic/tight_v2_fit_v6/ToyMC> was used as the working directory.
Started at Mon Jul 22 18:39:01 2024
Terminated at Mon Jul 22 19:26:57 2024
Results reported at Mon Jul 22 19:26:57 2024

Your job looked like:

------------------------------------------------------------
# LSBATCH: User input
bash -c "basf2 etapip_gg_fit_v6_toymc_100.py 481 > /home/belle2/jaeyoung/storage_ghi/Ntuples_ghi_2/MC15ri_generic/MC15ri_etaetapip_tight_v2_240419_Kp_BCS_etapi0const/bsub_log//MC15ri_etapip_gg_fitv6_toyMC_100_481.log"
------------------------------------------------------------

Successfully completed.

Resource usage summary:

    CPU time :                                   2863.61 sec.
    Max Memory :                                 1311 MB
    Average Memory :                             956.72 MB
    Total Requested Memory :                     4000.00 MB
    Delta Memory :                               2689.00 MB
    Max Swap :                                   -
    Max Processes :                              19
    Max Threads :                                20
    Run time :                                   2875 sec.
    Turnaround time :                            3049 sec.

The output (if any) follows:



PS:

Read file <./bsub_log/481.err> for stderr output of this job.

Sender: LSF System <lsfadmin@ccb113>
Subject: Job 53833190: <bash -c "basf2 etapip_gg_fit_v6_toymc_100.py 481 > /home/belle2/jaeyoung/storage_ghi/Ntuples_ghi_2/MC15ri_generic/MC15ri_etaetapip_tight_v2_240419_Kp_BCS_etapi0const/bsub_log//MC15ri_etapip_gg_fitv6_toyMC_100_481.log"> in cluster <centralcluster> Done

Job <bash -c "basf2 etapip_gg_fit_v6_toymc_100.py 481 > /home/belle2/jaeyoung/storage_ghi/Ntuples_ghi_2/MC15ri_generic/MC15ri_etaetapip_tight_v2_240419_Kp_BCS_etapi0const/bsub_log//MC15ri_etapip_gg_fitv6_toyMC_100_481.log"> was submitted from host <ccw05> by user <jaeyoung> in cluster <centralcluster> at Tue Jul 23 00:51:10 2024
Job was executed on host(s) <ccb113>, in queue <s>, as user <jaeyoung> in cluster <centralcluster> at Tue Jul 23 00:51:35 2024
</home/belle2/jaeyoung> was used as the home directory.
</home/belle2/jaeyoung/workspace/DRAW_and_FITTING/main/FITTING/etapip/MC15ri_generic/tight_v2_fit_v6/ToyMC> was used as the working directory.
Started at Tue Jul 23 00:51:35 2024
Terminated at Tue Jul 23 01:39:59 2024
Results reported at Tue Jul 23 01:39:59 2024

Your job looked like:

------------------------------------------------------------
# LSBATCH: User input
bash -c "basf2 etapip_gg_fit_v6_toymc_100.py 481 > /home/belle2/jaeyoung/storage_ghi/Ntuples_ghi_2/MC15ri_generic/MC15ri_etaetapip_tight_v2_240419_Kp_BCS_etapi0const/bsub_log//MC15ri_etapip_gg_fitv6_toyMC_100_481.log"
------------------------------------------------------------

Successfully completed.

Resource usage summary:

    CPU time :                                   2859.01 sec.
    Max Memory :                                 1311 MB
    Average Memory :                             947.33 MB
    Total Requested Memory :                     4000.00 MB
    Delta Memory :                               2689.00 MB
    Max Swap :                                   -
    Max Processes :                              19
    Max Threads :                                20
    Run time :                                   2904 sec.
    Turnaround time :                            2929 sec.

The output (if any) follows:



PS:

Read file <./bsub_log/481.err> for stderr output of this job.

Sender: LSF System <lsfadmin@ccb112>
Subject: Job 54398798: <bash -c "basf2 etapip_gg_fit_v6_toymc_100.py 481 > /home/belle2/jaeyoung/storage_ghi/Ntuples_ghi_2/MC15ri_generic/MC15ri_etaetapip_tight_v2_240419_Kp_BCS_etapi0const/bsub_log//MC15ri_etapip_gg_fitv6_toyMC_100_481.log"> in cluster <centralcluster> Done

Job <bash -c "basf2 etapip_gg_fit_v6_toymc_100.py 481 > /home/belle2/jaeyoung/storage_ghi/Ntuples_ghi_2/MC15ri_generic/MC15ri_etaetapip_tight_v2_240419_Kp_BCS_etapi0const/bsub_log//MC15ri_etapip_gg_fitv6_toyMC_100_481.log"> was submitted from host <ccw04> by user <jaeyoung> in cluster <centralcluster> at Tue Jul 23 18:00:25 2024
Job was executed on host(s) <ccb112>, in queue <s>, as user <jaeyoung> in cluster <centralcluster> at Tue Jul 23 18:48:11 2024
</home/belle2/jaeyoung> was used as the home directory.
</home/belle2/jaeyoung/workspace/DRAW_and_FITTING/main/FITTING/etapip/MC15ri_generic/tight_v2_fit_v6/ToyMC> was used as the working directory.
Started at Tue Jul 23 18:48:11 2024
Terminated at Tue Jul 23 19:35:07 2024
Results reported at Tue Jul 23 19:35:07 2024

Your job looked like:

------------------------------------------------------------
# LSBATCH: User input
bash -c "basf2 etapip_gg_fit_v6_toymc_100.py 481 > /home/belle2/jaeyoung/storage_ghi/Ntuples_ghi_2/MC15ri_generic/MC15ri_etaetapip_tight_v2_240419_Kp_BCS_etapi0const/bsub_log//MC15ri_etapip_gg_fitv6_toyMC_100_481.log"
------------------------------------------------------------

Successfully completed.

Resource usage summary:

    CPU time :                                   2792.19 sec.
    Max Memory :                                 1312 MB
    Average Memory :                             944.27 MB
    Total Requested Memory :                     4000.00 MB
    Delta Memory :                               2688.00 MB
    Max Swap :                                   -
    Max Processes :                              19
    Max Threads :                                20
    Run time :                                   2816 sec.
    Turnaround time :                            5682 sec.

The output (if any) follows:



PS:

Read file <./bsub_log/481.err> for stderr output of this job.

Sender: LSF System <lsfadmin@ccb530>
Subject: Job 54471541: <bash -c "basf2 etapip_gg_fit_v6_toymc_100.py 481 > /home/belle2/jaeyoung/storage_ghi/Ntuples_ghi_2/MC15ri_generic/MC15ri_etaetapip_tight_v2_240419_Kp_BCS_etapi0const/bsub_log//MC15ri_etapip_gg_fitv6_toyMC_100_481.log"> in cluster <centralcluster> Done

Job <bash -c "basf2 etapip_gg_fit_v6_toymc_100.py 481 > /home/belle2/jaeyoung/storage_ghi/Ntuples_ghi_2/MC15ri_generic/MC15ri_etaetapip_tight_v2_240419_Kp_BCS_etapi0const/bsub_log//MC15ri_etapip_gg_fitv6_toyMC_100_481.log"> was submitted from host <ccw03> by user <jaeyoung> in cluster <centralcluster> at Tue Jul 23 19:39:19 2024
Job was executed on host(s) <ccb530>, in queue <s>, as user <jaeyoung> in cluster <centralcluster> at Tue Jul 23 19:39:31 2024
</home/belle2/jaeyoung> was used as the home directory.
</home/belle2/jaeyoung/workspace/DRAW_and_FITTING/main/FITTING/etapip/MC15ri_generic/tight_v2_fit_v6/ToyMC> was used as the working directory.
Started at Tue Jul 23 19:39:31 2024
Terminated at Tue Jul 23 20:26:33 2024
Results reported at Tue Jul 23 20:26:33 2024

Your job looked like:

------------------------------------------------------------
# LSBATCH: User input
bash -c "basf2 etapip_gg_fit_v6_toymc_100.py 481 > /home/belle2/jaeyoung/storage_ghi/Ntuples_ghi_2/MC15ri_generic/MC15ri_etaetapip_tight_v2_240419_Kp_BCS_etapi0const/bsub_log//MC15ri_etapip_gg_fitv6_toyMC_100_481.log"
------------------------------------------------------------

Successfully completed.

Resource usage summary:

    CPU time :                                   2799.76 sec.
    Max Memory :                                 1311 MB
    Average Memory :                             935.61 MB
    Total Requested Memory :                     4000.00 MB
    Delta Memory :                               2689.00 MB
    Max Swap :                                   -
    Max Processes :                              19
    Max Threads :                                20
    Run time :                                   2823 sec.
    Turnaround time :                            2834 sec.

The output (if any) follows:



PS:

Read file <./bsub_log/481.err> for stderr output of this job.

Sender: LSF System <lsfadmin@ccb258>
Subject: Job 55516349: <bash -c "basf2 etapip_gg_fit_v6_toymc_100.py 481 > /home/belle2/jaeyoung/storage_ghi/Ntuples_ghi_2/MC15ri_generic/MC15ri_etaetapip_tight_v2_240419_Kp_BCS_etapi0const/bsub_log//MC15ri_etapip_gg_fitv6_toyMC_100_481.log"> in cluster <centralcluster> Done

Job <bash -c "basf2 etapip_gg_fit_v6_toymc_100.py 481 > /home/belle2/jaeyoung/storage_ghi/Ntuples_ghi_2/MC15ri_generic/MC15ri_etaetapip_tight_v2_240419_Kp_BCS_etapi0const/bsub_log//MC15ri_etapip_gg_fitv6_toyMC_100_481.log"> was submitted from host <ccw01> by user <jaeyoung> in cluster <centralcluster> at Thu Jul 25 20:52:13 2024
Job was executed on host(s) <ccb258>, in queue <s>, as user <jaeyoung> in cluster <centralcluster> at Thu Jul 25 20:52:16 2024
</home/belle2/jaeyoung> was used as the home directory.
</gpfs/home/belle2/jaeyoung/workspace/DRAW_and_FITTING/main/FITTING/etapip/MC15ri_generic/tight_v2_fit_v6/ToyMC> was used as the working directory.
Started at Thu Jul 25 20:52:16 2024
Terminated at Thu Jul 25 21:41:28 2024
Results reported at Thu Jul 25 21:41:28 2024

Your job looked like:

------------------------------------------------------------
# LSBATCH: User input
bash -c "basf2 etapip_gg_fit_v6_toymc_100.py 481 > /home/belle2/jaeyoung/storage_ghi/Ntuples_ghi_2/MC15ri_generic/MC15ri_etaetapip_tight_v2_240419_Kp_BCS_etapi0const/bsub_log//MC15ri_etapip_gg_fitv6_toyMC_100_481.log"
------------------------------------------------------------

Successfully completed.

Resource usage summary:

    CPU time :                                   2853.97 sec.
    Max Memory :                                 1350 MB
    Average Memory :                             992.85 MB
    Total Requested Memory :                     4000.00 MB
    Delta Memory :                               2650.00 MB
    Max Swap :                                   -
    Max Processes :                              19
    Max Threads :                                20
    Run time :                                   2952 sec.
    Turnaround time :                            2955 sec.

The output (if any) follows:



PS:

Read file <./bsub_log/481.err> for stderr output of this job.

Sender: LSF System <lsfadmin@ccb137>
Subject: Job 56104084: <bash -c "basf2 etapip_gg_fit_v6_toymc_100.py 481 > /home/belle2/jaeyoung/storage_ghi/Ntuples_ghi_2/MC15ri_generic/MC15ri_etaetapip_tight_v2_240419_Kp_BCS_etapi0const/bsub_log//MC15ri_etapip_gg_fitv6_toyMC_100_481.log"> in cluster <centralcluster> Done

Job <bash -c "basf2 etapip_gg_fit_v6_toymc_100.py 481 > /home/belle2/jaeyoung/storage_ghi/Ntuples_ghi_2/MC15ri_generic/MC15ri_etaetapip_tight_v2_240419_Kp_BCS_etapi0const/bsub_log//MC15ri_etapip_gg_fitv6_toyMC_100_481.log"> was submitted from host <ccw06> by user <jaeyoung> in cluster <centralcluster> at Fri Jul 26 23:44:50 2024
Job was executed on host(s) <ccb137>, in queue <s>, as user <jaeyoung> in cluster <centralcluster> at Sat Jul 27 00:32:25 2024
</home/belle2/jaeyoung> was used as the home directory.
</home/belle2/jaeyoung/workspace/DRAW_and_FITTING/main/FITTING/etapip/MC15ri_generic/tight_v2_fit_v6/ToyMC> was used as the working directory.
Started at Sat Jul 27 00:32:25 2024
Terminated at Sat Jul 27 01:06:48 2024
Results reported at Sat Jul 27 01:06:48 2024

Your job looked like:

------------------------------------------------------------
# LSBATCH: User input
bash -c "basf2 etapip_gg_fit_v6_toymc_100.py 481 > /home/belle2/jaeyoung/storage_ghi/Ntuples_ghi_2/MC15ri_generic/MC15ri_etaetapip_tight_v2_240419_Kp_BCS_etapi0const/bsub_log//MC15ri_etapip_gg_fitv6_toyMC_100_481.log"
------------------------------------------------------------

Successfully completed.

Resource usage summary:

    CPU time :                                   1925.86 sec.
    Max Memory :                                 920 MB
    Average Memory :                             641.55 MB
    Total Requested Memory :                     4000.00 MB
    Delta Memory :                               3080.00 MB
    Max Swap :                                   -
    Max Processes :                              19
    Max Threads :                                20
    Run time :                                   2064 sec.
    Turnaround time :                            4918 sec.

The output (if any) follows:



PS:

Read file <./bsub_log/481.err> for stderr output of this job.

Sender: LSF System <lsfadmin@ccb519>
Subject: Job 56133867: <bash -c "basf2 etapip_gg_fit_v6_toymc_100.py 481 > /home/belle2/jaeyoung/storage_ghi/Ntuples_ghi_2/MC15ri_generic/MC15ri_etaetapip_tight_v2_240419_Kp_BCS_etapi0const/bsub_log//MC15ri_etapip_gg_fitv6_toyMC_100_481.log"> in cluster <centralcluster> Done

Job <bash -c "basf2 etapip_gg_fit_v6_toymc_100.py 481 > /home/belle2/jaeyoung/storage_ghi/Ntuples_ghi_2/MC15ri_generic/MC15ri_etaetapip_tight_v2_240419_Kp_BCS_etapi0const/bsub_log//MC15ri_etapip_gg_fitv6_toyMC_100_481.log"> was submitted from host <ccw03> by user <jaeyoung> in cluster <centralcluster> at Sat Jul 27 01:14:22 2024
Job was executed on host(s) <ccb519>, in queue <s>, as user <jaeyoung> in cluster <centralcluster> at Sat Jul 27 03:05:51 2024
</home/belle2/jaeyoung> was used as the home directory.
</gpfs/home/belle2/jaeyoung/workspace/DRAW_and_FITTING/main/FITTING/etapip/MC15ri_generic/tight_v2_fit_v6/ToyMC> was used as the working directory.
Started at Sat Jul 27 03:05:51 2024
Terminated at Sat Jul 27 03:45:25 2024
Results reported at Sat Jul 27 03:45:25 2024

Your job looked like:

------------------------------------------------------------
# LSBATCH: User input
bash -c "basf2 etapip_gg_fit_v6_toymc_100.py 481 > /home/belle2/jaeyoung/storage_ghi/Ntuples_ghi_2/MC15ri_generic/MC15ri_etaetapip_tight_v2_240419_Kp_BCS_etapi0const/bsub_log//MC15ri_etapip_gg_fitv6_toyMC_100_481.log"
------------------------------------------------------------

Successfully completed.

Resource usage summary:

    CPU time :                                   2337.39 sec.
    Max Memory :                                 956 MB
    Average Memory :                             681.26 MB
    Total Requested Memory :                     4000.00 MB
    Delta Memory :                               3044.00 MB
    Max Swap :                                   -
    Max Processes :                              19
    Max Threads :                                20
    Run time :                                   2375 sec.
    Turnaround time :                            9063 sec.

The output (if any) follows:



PS:

Read file <./bsub_log/481.err> for stderr output of this job.

Sender: LSF System <lsfadmin@ccb156>
Subject: Job 57220994: <bash -c "basf2 etapip_gg_fit_v6_toymc_100.py 481 > /home/belle2/jaeyoung/storage_ghi/Ntuples_ghi_2/MC15ri_generic/MC15ri_etaetapip_tight_v2_240419_Kp_BCS_etapi0const/bsub_log//MC15ri_etapip_gg_fitv6_toyMC_100_481.log"> in cluster <centralcluster> Exited

Job <bash -c "basf2 etapip_gg_fit_v6_toymc_100.py 481 > /home/belle2/jaeyoung/storage_ghi/Ntuples_ghi_2/MC15ri_generic/MC15ri_etaetapip_tight_v2_240419_Kp_BCS_etapi0const/bsub_log//MC15ri_etapip_gg_fitv6_toyMC_100_481.log"> was submitted from host <ccx03> by user <jaeyoung> in cluster <centralcluster> at Mon Jul 29 18:46:38 2024
Job was executed on host(s) <ccb156>, in queue <s>, as user <jaeyoung> in cluster <centralcluster> at Mon Jul 29 18:46:40 2024
</home/belle2/jaeyoung> was used as the home directory.
</gpfs/home/belle2/jaeyoung/workspace/DRAW_and_FITTING/main/FITTING/etapip/MC15ri_generic/tight_v2_fit_v6/ToyMC> was used as the working directory.
Started at Mon Jul 29 18:46:40 2024
Terminated at Mon Jul 29 19:49:15 2024
Results reported at Mon Jul 29 19:49:15 2024

Your job looked like:

------------------------------------------------------------
# LSBATCH: User input
bash -c "basf2 etapip_gg_fit_v6_toymc_100.py 481 > /home/belle2/jaeyoung/storage_ghi/Ntuples_ghi_2/MC15ri_generic/MC15ri_etaetapip_tight_v2_240419_Kp_BCS_etapi0const/bsub_log//MC15ri_etapip_gg_fitv6_toyMC_100_481.log"
------------------------------------------------------------

Exited with exit code 1.

Resource usage summary:

    CPU time :                                   3741.21 sec.
    Max Memory :                                 1426 MB
    Average Memory :                             1028.20 MB
    Total Requested Memory :                     4000.00 MB
    Delta Memory :                               2574.00 MB
    Max Swap :                                   -
    Max Processes :                              19
    Max Threads :                                20
    Run time :                                   3754 sec.
    Turnaround time :                            3757 sec.

The output (if any) follows:



PS:

Read file <./bsub_log/481.err> for stderr output of this job.

Sender: LSF System <lsfadmin@ccb235>
Subject: Job 57308985: <bash -c "basf2 etapip_gg_fit_v6_toymc_100.py 481 > /home/belle2/jaeyoung/storage_ghi/Ntuples_ghi_2/MC15ri_generic/MC15ri_etaetapip_tight_v2_240419_Kp_BCS_etapi0const/bsub_log//MC15ri_etapip_gg_fitv6_toyMC_100_481.log"> in cluster <centralcluster> Done

Job <bash -c "basf2 etapip_gg_fit_v6_toymc_100.py 481 > /home/belle2/jaeyoung/storage_ghi/Ntuples_ghi_2/MC15ri_generic/MC15ri_etaetapip_tight_v2_240419_Kp_BCS_etapi0const/bsub_log//MC15ri_etapip_gg_fitv6_toyMC_100_481.log"> was submitted from host <ccw03> by user <jaeyoung> in cluster <centralcluster> at Mon Jul 29 23:03:50 2024
Job was executed on host(s) <ccb235>, in queue <s>, as user <jaeyoung> in cluster <centralcluster> at Mon Jul 29 23:05:28 2024
</home/belle2/jaeyoung> was used as the home directory.
</home/belle2/jaeyoung/workspace/DRAW_and_FITTING/main/FITTING/etapip/MC15ri_generic/tight_v2_fit_v6/ToyMC> was used as the working directory.
Started at Mon Jul 29 23:05:28 2024
Terminated at Tue Jul 30 00:10:59 2024
Results reported at Tue Jul 30 00:10:59 2024

Your job looked like:

------------------------------------------------------------
# LSBATCH: User input
bash -c "basf2 etapip_gg_fit_v6_toymc_100.py 481 > /home/belle2/jaeyoung/storage_ghi/Ntuples_ghi_2/MC15ri_generic/MC15ri_etaetapip_tight_v2_240419_Kp_BCS_etapi0const/bsub_log//MC15ri_etapip_gg_fitv6_toyMC_100_481.log"
------------------------------------------------------------

Successfully completed.

Resource usage summary:

    CPU time :                                   3875.81 sec.
    Max Memory :                                 1421 MB
    Average Memory :                             1038.95 MB
    Total Requested Memory :                     4000.00 MB
    Delta Memory :                               2579.00 MB
    Max Swap :                                   -
    Max Processes :                              19
    Max Threads :                                20
    Run time :                                   3932 sec.
    Turnaround time :                            4029 sec.

The output (if any) follows:



PS:

Read file <./bsub_log/481.err> for stderr output of this job.

Sender: LSF System <lsfadmin@ccb037>
Subject: Job 57390492: <bash -c "basf2 etapip_gg_fit_v6_toymc_100.py 481 > /home/belle2/jaeyoung/storage_ghi/Ntuples_ghi_2/MC15ri_generic/MC15ri_etaetapip_tight_v2_240419_Kp_BCS_etapi0const/bsub_log//MC15ri_etapip_gg_fitv6_toyMC_100_481.log"> in cluster <centralcluster> Done

Job <bash -c "basf2 etapip_gg_fit_v6_toymc_100.py 481 > /home/belle2/jaeyoung/storage_ghi/Ntuples_ghi_2/MC15ri_generic/MC15ri_etaetapip_tight_v2_240419_Kp_BCS_etapi0const/bsub_log//MC15ri_etapip_gg_fitv6_toyMC_100_481.log"> was submitted from host <ccw03> by user <jaeyoung> in cluster <centralcluster> at Tue Jul 30 01:18:05 2024
Job was executed on host(s) <ccb037>, in queue <s>, as user <jaeyoung> in cluster <centralcluster> at Tue Jul 30 01:19:46 2024
</home/belle2/jaeyoung> was used as the home directory.
</home/belle2/jaeyoung/workspace/DRAW_and_FITTING/main/FITTING/etapip/MC15ri_generic/tight_v2_fit_v6/ToyMC> was used as the working directory.
Started at Tue Jul 30 01:19:46 2024
Terminated at Tue Jul 30 02:22:43 2024
Results reported at Tue Jul 30 02:22:43 2024

Your job looked like:

------------------------------------------------------------
# LSBATCH: User input
bash -c "basf2 etapip_gg_fit_v6_toymc_100.py 481 > /home/belle2/jaeyoung/storage_ghi/Ntuples_ghi_2/MC15ri_generic/MC15ri_etaetapip_tight_v2_240419_Kp_BCS_etapi0const/bsub_log//MC15ri_etapip_gg_fitv6_toyMC_100_481.log"
------------------------------------------------------------

Successfully completed.

Resource usage summary:

    CPU time :                                   3753.75 sec.
    Max Memory :                                 1445 MB
    Average Memory :                             1056.05 MB
    Total Requested Memory :                     4000.00 MB
    Delta Memory :                               2555.00 MB
    Max Swap :                                   -
    Max Processes :                              19
    Max Threads :                                20
    Run time :                                   3776 sec.
    Turnaround time :                            3878 sec.

The output (if any) follows:



PS:

Read file <./bsub_log/481.err> for stderr output of this job.

