Sender: LSF System <lsfadmin@ccb541>
Subject: Job 52359818: <bash -c "basf2 etapip_gg_fit_v6_toymc_100.py 482 > /home/belle2/jaeyoung/storage_ghi/Ntuples_ghi_2/MC15ri_generic/MC15ri_etaetapip_tight_v2_240419_Kp_BCS_etapi0const/bsub_log//MC15ri_etapip_gg_fitv6_toyMC_100_482.log"> in cluster <centralcluster> Done

Job <bash -c "basf2 etapip_gg_fit_v6_toymc_100.py 482 > /home/belle2/jaeyoung/storage_ghi/Ntuples_ghi_2/MC15ri_generic/MC15ri_etaetapip_tight_v2_240419_Kp_BCS_etapi0const/bsub_log//MC15ri_etapip_gg_fitv6_toyMC_100_482.log"> was submitted from host <ccw02> by user <jaeyoung> in cluster <centralcluster> at Sat Jul 20 14:40:50 2024
Job was executed on host(s) <ccb541>, in queue <s>, as user <jaeyoung> in cluster <centralcluster> at Sat Jul 20 14:46:18 2024
</home/belle2/jaeyoung> was used as the home directory.
</home/belle2/jaeyoung/workspace/DRAW_and_FITTING/main/FITTING/etapip/MC15ri_generic/tight_v2_fit_v6/ToyMC> was used as the working directory.
Started at Sat Jul 20 14:46:18 2024
Terminated at Sat Jul 20 15:34:00 2024
Results reported at Sat Jul 20 15:34:00 2024

Your job looked like:

------------------------------------------------------------
# LSBATCH: User input
bash -c "basf2 etapip_gg_fit_v6_toymc_100.py 482 > /home/belle2/jaeyoung/storage_ghi/Ntuples_ghi_2/MC15ri_generic/MC15ri_etaetapip_tight_v2_240419_Kp_BCS_etapi0const/bsub_log//MC15ri_etapip_gg_fitv6_toyMC_100_482.log"
------------------------------------------------------------

Successfully completed.

Resource usage summary:

    CPU time :                                   2850.42 sec.
    Max Memory :                                 1311 MB
    Average Memory :                             945.74 MB
    Total Requested Memory :                     4000.00 MB
    Delta Memory :                               2689.00 MB
    Max Swap :                                   -
    Max Processes :                              19
    Max Threads :                                20
    Run time :                                   2862 sec.
    Turnaround time :                            3190 sec.

The output (if any) follows:



PS:

Read file <./bsub_log/482.err> for stderr output of this job.

Sender: LSF System <lsfadmin@ccb201>
Subject: Job 53030898: <bash -c "basf2 etapip_gg_fit_v6_toymc_100.py 482 > /home/belle2/jaeyoung/storage_ghi/Ntuples_ghi_2/MC15ri_generic/MC15ri_etaetapip_tight_v2_240419_Kp_BCS_etapi0const/bsub_log//MC15ri_etapip_gg_fitv6_toyMC_100_482.log"> in cluster <centralcluster> Done

Job <bash -c "basf2 etapip_gg_fit_v6_toymc_100.py 482 > /home/belle2/jaeyoung/storage_ghi/Ntuples_ghi_2/MC15ri_generic/MC15ri_etaetapip_tight_v2_240419_Kp_BCS_etapi0const/bsub_log//MC15ri_etapip_gg_fitv6_toyMC_100_482.log"> was submitted from host <ccw03> by user <jaeyoung> in cluster <centralcluster> at Sun Jul 21 17:32:11 2024
Job was executed on host(s) <ccb201>, in queue <s>, as user <jaeyoung> in cluster <centralcluster> at Sun Jul 21 17:32:56 2024
</home/belle2/jaeyoung> was used as the home directory.
</home/belle2/jaeyoung/workspace/DRAW_and_FITTING/main/FITTING/etapip/MC15ri_generic/tight_v2_fit_v6/ToyMC> was used as the working directory.
Started at Sun Jul 21 17:32:56 2024
Terminated at Sun Jul 21 18:21:48 2024
Results reported at Sun Jul 21 18:21:48 2024

Your job looked like:

------------------------------------------------------------
# LSBATCH: User input
bash -c "basf2 etapip_gg_fit_v6_toymc_100.py 482 > /home/belle2/jaeyoung/storage_ghi/Ntuples_ghi_2/MC15ri_generic/MC15ri_etaetapip_tight_v2_240419_Kp_BCS_etapi0const/bsub_log//MC15ri_etapip_gg_fitv6_toyMC_100_482.log"
------------------------------------------------------------

Successfully completed.

Resource usage summary:

    CPU time :                                   2918.35 sec.
    Max Memory :                                 1311 MB
    Average Memory :                             948.67 MB
    Total Requested Memory :                     4000.00 MB
    Delta Memory :                               2689.00 MB
    Max Swap :                                   -
    Max Processes :                              19
    Max Threads :                                20
    Run time :                                   2933 sec.
    Turnaround time :                            2977 sec.

The output (if any) follows:



PS:

Read file <./bsub_log/482.err> for stderr output of this job.

Sender: LSF System <lsfadmin@ccb032>
Subject: Job 53203279: <bash -c "basf2 etapip_gg_fit_v6_toymc_100.py 482 > /home/belle2/jaeyoung/storage_ghi/Ntuples_ghi_2/MC15ri_generic/MC15ri_etaetapip_tight_v2_240419_Kp_BCS_etapi0const/bsub_log//MC15ri_etapip_gg_fitv6_toyMC_100_482.log"> in cluster <centralcluster> Exited

Job <bash -c "basf2 etapip_gg_fit_v6_toymc_100.py 482 > /home/belle2/jaeyoung/storage_ghi/Ntuples_ghi_2/MC15ri_generic/MC15ri_etaetapip_tight_v2_240419_Kp_BCS_etapi0const/bsub_log//MC15ri_etapip_gg_fitv6_toyMC_100_482.log"> was submitted from host <ccw03> by user <jaeyoung> in cluster <centralcluster> at Mon Jul 22 00:51:20 2024
Job was executed on host(s) <ccb032>, in queue <s>, as user <jaeyoung> in cluster <centralcluster> at Mon Jul 22 00:53:17 2024
</home/belle2/jaeyoung> was used as the home directory.
</home/belle2/jaeyoung/workspace/DRAW_and_FITTING/main/FITTING/etapip/MC15ri_generic/tight_v2_fit_v6/ToyMC> was used as the working directory.
Started at Mon Jul 22 00:53:17 2024
Terminated at Mon Jul 22 01:09:43 2024
Results reported at Mon Jul 22 01:09:43 2024

Your job looked like:

------------------------------------------------------------
# LSBATCH: User input
bash -c "basf2 etapip_gg_fit_v6_toymc_100.py 482 > /home/belle2/jaeyoung/storage_ghi/Ntuples_ghi_2/MC15ri_generic/MC15ri_etaetapip_tight_v2_240419_Kp_BCS_etapi0const/bsub_log//MC15ri_etapip_gg_fitv6_toyMC_100_482.log"
------------------------------------------------------------

Exited with exit code 1.

Resource usage summary:

    CPU time :                                   981.67 sec.
    Max Memory :                                 1258 MB
    Average Memory :                             1171.43 MB
    Total Requested Memory :                     4000.00 MB
    Delta Memory :                               2742.00 MB
    Max Swap :                                   -
    Max Processes :                              19
    Max Threads :                                20
    Run time :                                   986 sec.
    Turnaround time :                            1103 sec.

The output (if any) follows:



PS:

Read file <./bsub_log/482.err> for stderr output of this job.

Sender: LSF System <lsfadmin@ccb068>
Subject: Job 53407467: <bash -c "basf2 etapip_gg_fit_v6_toymc_100.py 482 > /home/belle2/jaeyoung/storage_ghi/Ntuples_ghi_2/MC15ri_generic/MC15ri_etaetapip_tight_v2_240419_Kp_BCS_etapi0const/bsub_log//MC15ri_etapip_gg_fitv6_toyMC_100_482.log"> in cluster <centralcluster> Done

Job <bash -c "basf2 etapip_gg_fit_v6_toymc_100.py 482 > /home/belle2/jaeyoung/storage_ghi/Ntuples_ghi_2/MC15ri_generic/MC15ri_etaetapip_tight_v2_240419_Kp_BCS_etapi0const/bsub_log//MC15ri_etapip_gg_fitv6_toyMC_100_482.log"> was submitted from host <ccw06> by user <jaeyoung> in cluster <centralcluster> at Mon Jul 22 10:49:54 2024
Job was executed on host(s) <ccb068>, in queue <s>, as user <jaeyoung> in cluster <centralcluster> at Mon Jul 22 10:50:39 2024
</home/belle2/jaeyoung> was used as the home directory.
</home/belle2/jaeyoung/workspace/DRAW_and_FITTING/main/FITTING/etapip/MC15ri_generic/tight_v2_fit_v6/ToyMC> was used as the working directory.
Started at Mon Jul 22 10:50:39 2024
Terminated at Mon Jul 22 11:35:45 2024
Results reported at Mon Jul 22 11:35:45 2024

Your job looked like:

------------------------------------------------------------
# LSBATCH: User input
bash -c "basf2 etapip_gg_fit_v6_toymc_100.py 482 > /home/belle2/jaeyoung/storage_ghi/Ntuples_ghi_2/MC15ri_generic/MC15ri_etaetapip_tight_v2_240419_Kp_BCS_etapi0const/bsub_log//MC15ri_etapip_gg_fitv6_toyMC_100_482.log"
------------------------------------------------------------

Successfully completed.

Resource usage summary:

    CPU time :                                   2664.55 sec.
    Max Memory :                                 1311 MB
    Average Memory :                             950.01 MB
    Total Requested Memory :                     4000.00 MB
    Delta Memory :                               2689.00 MB
    Max Swap :                                   -
    Max Processes :                              19
    Max Threads :                                20
    Run time :                                   2706 sec.
    Turnaround time :                            2751 sec.

The output (if any) follows:



PS:

Read file <./bsub_log/482.err> for stderr output of this job.

Sender: LSF System <lsfadmin@ccb156>
Subject: Job 53599877: <bash -c "basf2 etapip_gg_fit_v6_toymc_100.py 482 > /home/belle2/jaeyoung/storage_ghi/Ntuples_ghi_2/MC15ri_generic/MC15ri_etaetapip_tight_v2_240419_Kp_BCS_etapi0const/bsub_log//MC15ri_etapip_gg_fitv6_toyMC_100_482.log"> in cluster <centralcluster> Done

Job <bash -c "basf2 etapip_gg_fit_v6_toymc_100.py 482 > /home/belle2/jaeyoung/storage_ghi/Ntuples_ghi_2/MC15ri_generic/MC15ri_etaetapip_tight_v2_240419_Kp_BCS_etapi0const/bsub_log//MC15ri_etapip_gg_fitv6_toyMC_100_482.log"> was submitted from host <ccw03> by user <jaeyoung> in cluster <centralcluster> at Mon Jul 22 18:36:08 2024
Job was executed on host(s) <ccb156>, in queue <s>, as user <jaeyoung> in cluster <centralcluster> at Mon Jul 22 18:39:03 2024
</home/belle2/jaeyoung> was used as the home directory.
</home/belle2/jaeyoung/workspace/DRAW_and_FITTING/main/FITTING/etapip/MC15ri_generic/tight_v2_fit_v6/ToyMC> was used as the working directory.
Started at Mon Jul 22 18:39:03 2024
Terminated at Mon Jul 22 19:25:15 2024
Results reported at Mon Jul 22 19:25:15 2024

Your job looked like:

------------------------------------------------------------
# LSBATCH: User input
bash -c "basf2 etapip_gg_fit_v6_toymc_100.py 482 > /home/belle2/jaeyoung/storage_ghi/Ntuples_ghi_2/MC15ri_generic/MC15ri_etaetapip_tight_v2_240419_Kp_BCS_etapi0const/bsub_log//MC15ri_etapip_gg_fitv6_toyMC_100_482.log"
------------------------------------------------------------

Successfully completed.

Resource usage summary:

    CPU time :                                   2756.44 sec.
    Max Memory :                                 1311 MB
    Average Memory :                             947.37 MB
    Total Requested Memory :                     4000.00 MB
    Delta Memory :                               2689.00 MB
    Max Swap :                                   -
    Max Processes :                              19
    Max Threads :                                20
    Run time :                                   2773 sec.
    Turnaround time :                            2947 sec.

The output (if any) follows:



PS:

Read file <./bsub_log/482.err> for stderr output of this job.

Sender: LSF System <lsfadmin@ccb277>
Subject: Job 53833193: <bash -c "basf2 etapip_gg_fit_v6_toymc_100.py 482 > /home/belle2/jaeyoung/storage_ghi/Ntuples_ghi_2/MC15ri_generic/MC15ri_etaetapip_tight_v2_240419_Kp_BCS_etapi0const/bsub_log//MC15ri_etapip_gg_fitv6_toyMC_100_482.log"> in cluster <centralcluster> Done

Job <bash -c "basf2 etapip_gg_fit_v6_toymc_100.py 482 > /home/belle2/jaeyoung/storage_ghi/Ntuples_ghi_2/MC15ri_generic/MC15ri_etaetapip_tight_v2_240419_Kp_BCS_etapi0const/bsub_log//MC15ri_etapip_gg_fitv6_toyMC_100_482.log"> was submitted from host <ccw05> by user <jaeyoung> in cluster <centralcluster> at Tue Jul 23 00:51:10 2024
Job was executed on host(s) <ccb277>, in queue <s>, as user <jaeyoung> in cluster <centralcluster> at Tue Jul 23 00:51:35 2024
</home/belle2/jaeyoung> was used as the home directory.
</home/belle2/jaeyoung/workspace/DRAW_and_FITTING/main/FITTING/etapip/MC15ri_generic/tight_v2_fit_v6/ToyMC> was used as the working directory.
Started at Tue Jul 23 00:51:35 2024
Terminated at Tue Jul 23 01:38:33 2024
Results reported at Tue Jul 23 01:38:33 2024

Your job looked like:

------------------------------------------------------------
# LSBATCH: User input
bash -c "basf2 etapip_gg_fit_v6_toymc_100.py 482 > /home/belle2/jaeyoung/storage_ghi/Ntuples_ghi_2/MC15ri_generic/MC15ri_etaetapip_tight_v2_240419_Kp_BCS_etapi0const/bsub_log//MC15ri_etapip_gg_fitv6_toyMC_100_482.log"
------------------------------------------------------------

Successfully completed.

Resource usage summary:

    CPU time :                                   2803.96 sec.
    Max Memory :                                 1311 MB
    Average Memory :                             950.53 MB
    Total Requested Memory :                     4000.00 MB
    Delta Memory :                               2689.00 MB
    Max Swap :                                   -
    Max Processes :                              19
    Max Threads :                                20
    Run time :                                   2819 sec.
    Turnaround time :                            2843 sec.

The output (if any) follows:



PS:

Read file <./bsub_log/482.err> for stderr output of this job.

Sender: LSF System <lsfadmin@ccb268>
Subject: Job 54398802: <bash -c "basf2 etapip_gg_fit_v6_toymc_100.py 482 > /home/belle2/jaeyoung/storage_ghi/Ntuples_ghi_2/MC15ri_generic/MC15ri_etaetapip_tight_v2_240419_Kp_BCS_etapi0const/bsub_log//MC15ri_etapip_gg_fitv6_toyMC_100_482.log"> in cluster <centralcluster> Exited

Job <bash -c "basf2 etapip_gg_fit_v6_toymc_100.py 482 > /home/belle2/jaeyoung/storage_ghi/Ntuples_ghi_2/MC15ri_generic/MC15ri_etaetapip_tight_v2_240419_Kp_BCS_etapi0const/bsub_log//MC15ri_etapip_gg_fitv6_toyMC_100_482.log"> was submitted from host <ccw04> by user <jaeyoung> in cluster <centralcluster> at Tue Jul 23 18:00:25 2024
Job was executed on host(s) <ccb268>, in queue <s>, as user <jaeyoung> in cluster <centralcluster> at Tue Jul 23 18:48:12 2024
</home/belle2/jaeyoung> was used as the home directory.
</home/belle2/jaeyoung/workspace/DRAW_and_FITTING/main/FITTING/etapip/MC15ri_generic/tight_v2_fit_v6/ToyMC> was used as the working directory.
Started at Tue Jul 23 18:48:12 2024
Terminated at Tue Jul 23 19:35:35 2024
Results reported at Tue Jul 23 19:35:35 2024

Your job looked like:

------------------------------------------------------------
# LSBATCH: User input
bash -c "basf2 etapip_gg_fit_v6_toymc_100.py 482 > /home/belle2/jaeyoung/storage_ghi/Ntuples_ghi_2/MC15ri_generic/MC15ri_etaetapip_tight_v2_240419_Kp_BCS_etapi0const/bsub_log//MC15ri_etapip_gg_fitv6_toyMC_100_482.log"
------------------------------------------------------------

TERM_OWNER: job killed by owner.
Exited with exit code 1.

Resource usage summary:

    CPU time :                                   2807.57 sec.
    Max Memory :                                 1313 MB
    Average Memory :                             970.83 MB
    Total Requested Memory :                     4000.00 MB
    Delta Memory :                               2687.00 MB
    Max Swap :                                   -
    Max Processes :                              19
    Max Threads :                                20
    Run time :                                   2844 sec.
    Turnaround time :                            5710 sec.

The output (if any) follows:



PS:

Read file <./bsub_log/482.err> for stderr output of this job.

