Sender: LSF System <lsfadmin@ccb083>
Subject: Job 52359858: <bash -c "basf2 etapip_gg_fit_v6_toymc_100.py 492 > /home/belle2/jaeyoung/storage_ghi/Ntuples_ghi_2/MC15ri_generic/MC15ri_etaetapip_tight_v2_240419_Kp_BCS_etapi0const/bsub_log//MC15ri_etapip_gg_fitv6_toyMC_100_492.log"> in cluster <centralcluster> Done

Job <bash -c "basf2 etapip_gg_fit_v6_toymc_100.py 492 > /home/belle2/jaeyoung/storage_ghi/Ntuples_ghi_2/MC15ri_generic/MC15ri_etaetapip_tight_v2_240419_Kp_BCS_etapi0const/bsub_log//MC15ri_etapip_gg_fitv6_toyMC_100_492.log"> was submitted from host <ccw02> by user <jaeyoung> in cluster <centralcluster> at Sat Jul 20 14:40:54 2024
Job was executed on host(s) <ccb083>, in queue <s>, as user <jaeyoung> in cluster <centralcluster> at Sat Jul 20 14:46:33 2024
</home/belle2/jaeyoung> was used as the home directory.
</home/belle2/jaeyoung/workspace/DRAW_and_FITTING/main/FITTING/etapip/MC15ri_generic/tight_v2_fit_v6/ToyMC> was used as the working directory.
Started at Sat Jul 20 14:46:33 2024
Terminated at Sat Jul 20 15:34:36 2024
Results reported at Sat Jul 20 15:34:36 2024

Your job looked like:

------------------------------------------------------------
# LSBATCH: User input
bash -c "basf2 etapip_gg_fit_v6_toymc_100.py 492 > /home/belle2/jaeyoung/storage_ghi/Ntuples_ghi_2/MC15ri_generic/MC15ri_etaetapip_tight_v2_240419_Kp_BCS_etapi0const/bsub_log//MC15ri_etapip_gg_fitv6_toyMC_100_492.log"
------------------------------------------------------------

Successfully completed.

Resource usage summary:

    CPU time :                                   2847.64 sec.
    Max Memory :                                 1311 MB
    Average Memory :                             936.16 MB
    Total Requested Memory :                     4000.00 MB
    Delta Memory :                               2689.00 MB
    Max Swap :                                   -
    Max Processes :                              19
    Max Threads :                                20
    Run time :                                   2883 sec.
    Turnaround time :                            3222 sec.

The output (if any) follows:



PS:

Read file <./bsub_log/492.err> for stderr output of this job.

Sender: LSF System <lsfadmin@ccb107>
Subject: Job 53030936: <bash -c "basf2 etapip_gg_fit_v6_toymc_100.py 492 > /home/belle2/jaeyoung/storage_ghi/Ntuples_ghi_2/MC15ri_generic/MC15ri_etaetapip_tight_v2_240419_Kp_BCS_etapi0const/bsub_log//MC15ri_etapip_gg_fitv6_toyMC_100_492.log"> in cluster <centralcluster> Done

Job <bash -c "basf2 etapip_gg_fit_v6_toymc_100.py 492 > /home/belle2/jaeyoung/storage_ghi/Ntuples_ghi_2/MC15ri_generic/MC15ri_etaetapip_tight_v2_240419_Kp_BCS_etapi0const/bsub_log//MC15ri_etapip_gg_fitv6_toyMC_100_492.log"> was submitted from host <ccw03> by user <jaeyoung> in cluster <centralcluster> at Sun Jul 21 17:32:15 2024
Job was executed on host(s) <ccb107>, in queue <s>, as user <jaeyoung> in cluster <centralcluster> at Sun Jul 21 17:33:02 2024
</home/belle2/jaeyoung> was used as the home directory.
</home/belle2/jaeyoung/workspace/DRAW_and_FITTING/main/FITTING/etapip/MC15ri_generic/tight_v2_fit_v6/ToyMC> was used as the working directory.
Started at Sun Jul 21 17:33:02 2024
Terminated at Sun Jul 21 18:24:31 2024
Results reported at Sun Jul 21 18:24:31 2024

Your job looked like:

------------------------------------------------------------
# LSBATCH: User input
bash -c "basf2 etapip_gg_fit_v6_toymc_100.py 492 > /home/belle2/jaeyoung/storage_ghi/Ntuples_ghi_2/MC15ri_generic/MC15ri_etaetapip_tight_v2_240419_Kp_BCS_etapi0const/bsub_log//MC15ri_etapip_gg_fitv6_toyMC_100_492.log"
------------------------------------------------------------

Successfully completed.

Resource usage summary:

    CPU time :                                   3072.21 sec.
    Max Memory :                                 1311 MB
    Average Memory :                             937.03 MB
    Total Requested Memory :                     4000.00 MB
    Delta Memory :                               2689.00 MB
    Max Swap :                                   -
    Max Processes :                              19
    Max Threads :                                20
    Run time :                                   3088 sec.
    Turnaround time :                            3136 sec.

The output (if any) follows:



PS:

Read file <./bsub_log/492.err> for stderr output of this job.

Sender: LSF System <lsfadmin@ccb066>
Subject: Job 53203304: <bash -c "basf2 etapip_gg_fit_v6_toymc_100.py 492 > /home/belle2/jaeyoung/storage_ghi/Ntuples_ghi_2/MC15ri_generic/MC15ri_etaetapip_tight_v2_240419_Kp_BCS_etapi0const/bsub_log//MC15ri_etapip_gg_fitv6_toyMC_100_492.log"> in cluster <centralcluster> Exited

Job <bash -c "basf2 etapip_gg_fit_v6_toymc_100.py 492 > /home/belle2/jaeyoung/storage_ghi/Ntuples_ghi_2/MC15ri_generic/MC15ri_etaetapip_tight_v2_240419_Kp_BCS_etapi0const/bsub_log//MC15ri_etapip_gg_fitv6_toyMC_100_492.log"> was submitted from host <ccw03> by user <jaeyoung> in cluster <centralcluster> at Mon Jul 22 00:51:24 2024
Job was executed on host(s) <ccb066>, in queue <s>, as user <jaeyoung> in cluster <centralcluster> at Mon Jul 22 00:53:24 2024
</home/belle2/jaeyoung> was used as the home directory.
</home/belle2/jaeyoung/workspace/DRAW_and_FITTING/main/FITTING/etapip/MC15ri_generic/tight_v2_fit_v6/ToyMC> was used as the working directory.
Started at Mon Jul 22 00:53:24 2024
Terminated at Mon Jul 22 01:10:17 2024
Results reported at Mon Jul 22 01:10:17 2024

Your job looked like:

------------------------------------------------------------
# LSBATCH: User input
bash -c "basf2 etapip_gg_fit_v6_toymc_100.py 492 > /home/belle2/jaeyoung/storage_ghi/Ntuples_ghi_2/MC15ri_generic/MC15ri_etaetapip_tight_v2_240419_Kp_BCS_etapi0const/bsub_log//MC15ri_etapip_gg_fitv6_toyMC_100_492.log"
------------------------------------------------------------

Exited with exit code 1.

Resource usage summary:

    CPU time :                                   1007.33 sec.
    Max Memory :                                 1255 MB
    Average Memory :                             1169.95 MB
    Total Requested Memory :                     4000.00 MB
    Delta Memory :                               2745.00 MB
    Max Swap :                                   -
    Max Processes :                              19
    Max Threads :                                20
    Run time :                                   1013 sec.
    Turnaround time :                            1133 sec.

The output (if any) follows:



PS:

Read file <./bsub_log/492.err> for stderr output of this job.

Sender: LSF System <lsfadmin@ccb556>
Subject: Job 53407492: <bash -c "basf2 etapip_gg_fit_v6_toymc_100.py 492 > /home/belle2/jaeyoung/storage_ghi/Ntuples_ghi_2/MC15ri_generic/MC15ri_etaetapip_tight_v2_240419_Kp_BCS_etapi0const/bsub_log//MC15ri_etapip_gg_fitv6_toyMC_100_492.log"> in cluster <centralcluster> Done

Job <bash -c "basf2 etapip_gg_fit_v6_toymc_100.py 492 > /home/belle2/jaeyoung/storage_ghi/Ntuples_ghi_2/MC15ri_generic/MC15ri_etaetapip_tight_v2_240419_Kp_BCS_etapi0const/bsub_log//MC15ri_etapip_gg_fitv6_toyMC_100_492.log"> was submitted from host <ccw06> by user <jaeyoung> in cluster <centralcluster> at Mon Jul 22 10:49:57 2024
Job was executed on host(s) <ccb556>, in queue <s>, as user <jaeyoung> in cluster <centralcluster> at Mon Jul 22 10:50:42 2024
</home/belle2/jaeyoung> was used as the home directory.
</home/belle2/jaeyoung/workspace/DRAW_and_FITTING/main/FITTING/etapip/MC15ri_generic/tight_v2_fit_v6/ToyMC> was used as the working directory.
Started at Mon Jul 22 10:50:42 2024
Terminated at Mon Jul 22 11:37:47 2024
Results reported at Mon Jul 22 11:37:47 2024

Your job looked like:

------------------------------------------------------------
# LSBATCH: User input
bash -c "basf2 etapip_gg_fit_v6_toymc_100.py 492 > /home/belle2/jaeyoung/storage_ghi/Ntuples_ghi_2/MC15ri_generic/MC15ri_etaetapip_tight_v2_240419_Kp_BCS_etapi0const/bsub_log//MC15ri_etapip_gg_fitv6_toyMC_100_492.log"
------------------------------------------------------------

Successfully completed.

Resource usage summary:

    CPU time :                                   2810.97 sec.
    Max Memory :                                 1311 MB
    Average Memory :                             955.54 MB
    Total Requested Memory :                     4000.00 MB
    Delta Memory :                               2689.00 MB
    Max Swap :                                   -
    Max Processes :                              19
    Max Threads :                                20
    Run time :                                   2825 sec.
    Turnaround time :                            2870 sec.

The output (if any) follows:



PS:

Read file <./bsub_log/492.err> for stderr output of this job.

Sender: LSF System <lsfadmin@ccb557>
Subject: Job 53599911: <bash -c "basf2 etapip_gg_fit_v6_toymc_100.py 492 > /home/belle2/jaeyoung/storage_ghi/Ntuples_ghi_2/MC15ri_generic/MC15ri_etaetapip_tight_v2_240419_Kp_BCS_etapi0const/bsub_log//MC15ri_etapip_gg_fitv6_toyMC_100_492.log"> in cluster <centralcluster> Done

Job <bash -c "basf2 etapip_gg_fit_v6_toymc_100.py 492 > /home/belle2/jaeyoung/storage_ghi/Ntuples_ghi_2/MC15ri_generic/MC15ri_etaetapip_tight_v2_240419_Kp_BCS_etapi0const/bsub_log//MC15ri_etapip_gg_fitv6_toyMC_100_492.log"> was submitted from host <ccw03> by user <jaeyoung> in cluster <centralcluster> at Mon Jul 22 18:36:12 2024
Job was executed on host(s) <ccb557>, in queue <s>, as user <jaeyoung> in cluster <centralcluster> at Mon Jul 22 18:39:31 2024
</home/belle2/jaeyoung> was used as the home directory.
</home/belle2/jaeyoung/workspace/DRAW_and_FITTING/main/FITTING/etapip/MC15ri_generic/tight_v2_fit_v6/ToyMC> was used as the working directory.
Started at Mon Jul 22 18:39:31 2024
Terminated at Mon Jul 22 19:25:12 2024
Results reported at Mon Jul 22 19:25:12 2024

Your job looked like:

------------------------------------------------------------
# LSBATCH: User input
bash -c "basf2 etapip_gg_fit_v6_toymc_100.py 492 > /home/belle2/jaeyoung/storage_ghi/Ntuples_ghi_2/MC15ri_generic/MC15ri_etaetapip_tight_v2_240419_Kp_BCS_etapi0const/bsub_log//MC15ri_etapip_gg_fitv6_toyMC_100_492.log"
------------------------------------------------------------

Successfully completed.

Resource usage summary:

    CPU time :                                   2732.40 sec.
    Max Memory :                                 1312 MB
    Average Memory :                             971.27 MB
    Total Requested Memory :                     4000.00 MB
    Delta Memory :                               2688.00 MB
    Max Swap :                                   -
    Max Processes :                              19
    Max Threads :                                20
    Run time :                                   2742 sec.
    Turnaround time :                            2940 sec.

The output (if any) follows:



PS:

Read file <./bsub_log/492.err> for stderr output of this job.

Sender: LSF System <lsfadmin@ccb060>
Subject: Job 53833352: <bash -c "basf2 etapip_gg_fit_v6_toymc_100.py 492 > /home/belle2/jaeyoung/storage_ghi/Ntuples_ghi_2/MC15ri_generic/MC15ri_etaetapip_tight_v2_240419_Kp_BCS_etapi0const/bsub_log//MC15ri_etapip_gg_fitv6_toyMC_100_492.log"> in cluster <centralcluster> Done

Job <bash -c "basf2 etapip_gg_fit_v6_toymc_100.py 492 > /home/belle2/jaeyoung/storage_ghi/Ntuples_ghi_2/MC15ri_generic/MC15ri_etaetapip_tight_v2_240419_Kp_BCS_etapi0const/bsub_log//MC15ri_etapip_gg_fitv6_toyMC_100_492.log"> was submitted from host <ccw05> by user <jaeyoung> in cluster <centralcluster> at Tue Jul 23 00:51:16 2024
Job was executed on host(s) <ccb060>, in queue <s>, as user <jaeyoung> in cluster <centralcluster> at Tue Jul 23 00:51:39 2024
</home/belle2/jaeyoung> was used as the home directory.
</home/belle2/jaeyoung/workspace/DRAW_and_FITTING/main/FITTING/etapip/MC15ri_generic/tight_v2_fit_v6/ToyMC> was used as the working directory.
Started at Tue Jul 23 00:51:39 2024
Terminated at Tue Jul 23 01:38:15 2024
Results reported at Tue Jul 23 01:38:15 2024

Your job looked like:

------------------------------------------------------------
# LSBATCH: User input
bash -c "basf2 etapip_gg_fit_v6_toymc_100.py 492 > /home/belle2/jaeyoung/storage_ghi/Ntuples_ghi_2/MC15ri_generic/MC15ri_etaetapip_tight_v2_240419_Kp_BCS_etapi0const/bsub_log//MC15ri_etapip_gg_fitv6_toyMC_100_492.log"
------------------------------------------------------------

Successfully completed.

Resource usage summary:

    CPU time :                                   2757.68 sec.
    Max Memory :                                 1311 MB
    Average Memory :                             939.81 MB
    Total Requested Memory :                     4000.00 MB
    Delta Memory :                               2689.00 MB
    Max Swap :                                   -
    Max Processes :                              19
    Max Threads :                                20
    Run time :                                   2796 sec.
    Turnaround time :                            2819 sec.

The output (if any) follows:



PS:

Read file <./bsub_log/492.err> for stderr output of this job.

Sender: LSF System <lsfadmin@ccb257>
Subject: Job 54398843: <bash -c "basf2 etapip_gg_fit_v6_toymc_100.py 492 > /home/belle2/jaeyoung/storage_ghi/Ntuples_ghi_2/MC15ri_generic/MC15ri_etaetapip_tight_v2_240419_Kp_BCS_etapi0const/bsub_log//MC15ri_etapip_gg_fitv6_toyMC_100_492.log"> in cluster <centralcluster> Exited

Job <bash -c "basf2 etapip_gg_fit_v6_toymc_100.py 492 > /home/belle2/jaeyoung/storage_ghi/Ntuples_ghi_2/MC15ri_generic/MC15ri_etaetapip_tight_v2_240419_Kp_BCS_etapi0const/bsub_log//MC15ri_etapip_gg_fitv6_toyMC_100_492.log"> was submitted from host <ccw04> by user <jaeyoung> in cluster <centralcluster> at Tue Jul 23 18:00:29 2024
Job was executed on host(s) <ccb257>, in queue <s>, as user <jaeyoung> in cluster <centralcluster> at Tue Jul 23 18:48:35 2024
</home/belle2/jaeyoung> was used as the home directory.
</home/belle2/jaeyoung/workspace/DRAW_and_FITTING/main/FITTING/etapip/MC15ri_generic/tight_v2_fit_v6/ToyMC> was used as the working directory.
Started at Tue Jul 23 18:48:35 2024
Terminated at Tue Jul 23 19:35:32 2024
Results reported at Tue Jul 23 19:35:32 2024

Your job looked like:

------------------------------------------------------------
# LSBATCH: User input
bash -c "basf2 etapip_gg_fit_v6_toymc_100.py 492 > /home/belle2/jaeyoung/storage_ghi/Ntuples_ghi_2/MC15ri_generic/MC15ri_etaetapip_tight_v2_240419_Kp_BCS_etapi0const/bsub_log//MC15ri_etapip_gg_fitv6_toyMC_100_492.log"
------------------------------------------------------------

TERM_OWNER: job killed by owner.
Exited with exit code 1.

Resource usage summary:

    CPU time :                                   2805.02 sec.
    Max Memory :                                 1313 MB
    Average Memory :                             976.80 MB
    Total Requested Memory :                     4000.00 MB
    Delta Memory :                               2687.00 MB
    Max Swap :                                   -
    Max Processes :                              19
    Max Threads :                                20
    Run time :                                   2818 sec.
    Turnaround time :                            5703 sec.

The output (if any) follows:



PS:

Read file <./bsub_log/492.err> for stderr output of this job.

Sender: LSF System <lsfadmin@ccb509>
Subject: Job 54471604: <bash -c "basf2 etapip_gg_fit_v6_toymc_100.py 492 > /home/belle2/jaeyoung/storage_ghi/Ntuples_ghi_2/MC15ri_generic/MC15ri_etaetapip_tight_v2_240419_Kp_BCS_etapi0const/bsub_log//MC15ri_etapip_gg_fitv6_toyMC_100_492.log"> in cluster <centralcluster> Done

Job <bash -c "basf2 etapip_gg_fit_v6_toymc_100.py 492 > /home/belle2/jaeyoung/storage_ghi/Ntuples_ghi_2/MC15ri_generic/MC15ri_etaetapip_tight_v2_240419_Kp_BCS_etapi0const/bsub_log//MC15ri_etapip_gg_fitv6_toyMC_100_492.log"> was submitted from host <ccw03> by user <jaeyoung> in cluster <centralcluster> at Tue Jul 23 19:39:23 2024
Job was executed on host(s) <ccb509>, in queue <s>, as user <jaeyoung> in cluster <centralcluster> at Tue Jul 23 19:39:32 2024
</home/belle2/jaeyoung> was used as the home directory.
</home/belle2/jaeyoung/workspace/DRAW_and_FITTING/main/FITTING/etapip/MC15ri_generic/tight_v2_fit_v6/ToyMC> was used as the working directory.
Started at Tue Jul 23 19:39:32 2024
Terminated at Tue Jul 23 20:23:41 2024
Results reported at Tue Jul 23 20:23:41 2024

Your job looked like:

------------------------------------------------------------
# LSBATCH: User input
bash -c "basf2 etapip_gg_fit_v6_toymc_100.py 492 > /home/belle2/jaeyoung/storage_ghi/Ntuples_ghi_2/MC15ri_generic/MC15ri_etaetapip_tight_v2_240419_Kp_BCS_etapi0const/bsub_log//MC15ri_etapip_gg_fitv6_toyMC_100_492.log"
------------------------------------------------------------

Successfully completed.

Resource usage summary:

    CPU time :                                   4934.20 sec.
    Max Memory :                                 1310 MB
    Average Memory :                             952.65 MB
    Total Requested Memory :                     4000.00 MB
    Delta Memory :                               2690.00 MB
    Max Swap :                                   -
    Max Processes :                              19
    Max Threads :                                20
    Run time :                                   2649 sec.
    Turnaround time :                            2658 sec.

The output (if any) follows:



PS:

Read file <./bsub_log/492.err> for stderr output of this job.

Sender: LSF System <lsfadmin@ccb179>
Subject: Job 55516371: <bash -c "basf2 etapip_gg_fit_v6_toymc_100.py 492 > /home/belle2/jaeyoung/storage_ghi/Ntuples_ghi_2/MC15ri_generic/MC15ri_etaetapip_tight_v2_240419_Kp_BCS_etapi0const/bsub_log//MC15ri_etapip_gg_fitv6_toyMC_100_492.log"> in cluster <centralcluster> Done

Job <bash -c "basf2 etapip_gg_fit_v6_toymc_100.py 492 > /home/belle2/jaeyoung/storage_ghi/Ntuples_ghi_2/MC15ri_generic/MC15ri_etaetapip_tight_v2_240419_Kp_BCS_etapi0const/bsub_log//MC15ri_etapip_gg_fitv6_toyMC_100_492.log"> was submitted from host <ccw01> by user <jaeyoung> in cluster <centralcluster> at Thu Jul 25 20:52:17 2024
Job was executed on host(s) <ccb179>, in queue <s>, as user <jaeyoung> in cluster <centralcluster> at Thu Jul 25 20:52:19 2024
</home/belle2/jaeyoung> was used as the home directory.
</gpfs/home/belle2/jaeyoung/workspace/DRAW_and_FITTING/main/FITTING/etapip/MC15ri_generic/tight_v2_fit_v6/ToyMC> was used as the working directory.
Started at Thu Jul 25 20:52:19 2024
Terminated at Thu Jul 25 21:41:24 2024
Results reported at Thu Jul 25 21:41:24 2024

Your job looked like:

------------------------------------------------------------
# LSBATCH: User input
bash -c "basf2 etapip_gg_fit_v6_toymc_100.py 492 > /home/belle2/jaeyoung/storage_ghi/Ntuples_ghi_2/MC15ri_generic/MC15ri_etaetapip_tight_v2_240419_Kp_BCS_etapi0const/bsub_log//MC15ri_etapip_gg_fitv6_toyMC_100_492.log"
------------------------------------------------------------

Successfully completed.

Resource usage summary:

    CPU time :                                   2880.45 sec.
    Max Memory :                                 1334 MB
    Average Memory :                             982.93 MB
    Total Requested Memory :                     4000.00 MB
    Delta Memory :                               2666.00 MB
    Max Swap :                                   -
    Max Processes :                              19
    Max Threads :                                20
    Run time :                                   2945 sec.
    Turnaround time :                            2947 sec.

The output (if any) follows:



PS:

Read file <./bsub_log/492.err> for stderr output of this job.

Sender: LSF System <lsfadmin@ccb538>
Subject: Job 56104125: <bash -c "basf2 etapip_gg_fit_v6_toymc_100.py 492 > /home/belle2/jaeyoung/storage_ghi/Ntuples_ghi_2/MC15ri_generic/MC15ri_etaetapip_tight_v2_240419_Kp_BCS_etapi0const/bsub_log//MC15ri_etapip_gg_fitv6_toyMC_100_492.log"> in cluster <centralcluster> Done

Job <bash -c "basf2 etapip_gg_fit_v6_toymc_100.py 492 > /home/belle2/jaeyoung/storage_ghi/Ntuples_ghi_2/MC15ri_generic/MC15ri_etaetapip_tight_v2_240419_Kp_BCS_etapi0const/bsub_log//MC15ri_etapip_gg_fitv6_toyMC_100_492.log"> was submitted from host <ccw06> by user <jaeyoung> in cluster <centralcluster> at Fri Jul 26 23:44:53 2024
Job was executed on host(s) <ccb538>, in queue <s>, as user <jaeyoung> in cluster <centralcluster> at Sat Jul 27 00:32:36 2024
</home/belle2/jaeyoung> was used as the home directory.
</home/belle2/jaeyoung/workspace/DRAW_and_FITTING/main/FITTING/etapip/MC15ri_generic/tight_v2_fit_v6/ToyMC> was used as the working directory.
Started at Sat Jul 27 00:32:36 2024
Terminated at Sat Jul 27 01:04:25 2024
Results reported at Sat Jul 27 01:04:25 2024

Your job looked like:

------------------------------------------------------------
# LSBATCH: User input
bash -c "basf2 etapip_gg_fit_v6_toymc_100.py 492 > /home/belle2/jaeyoung/storage_ghi/Ntuples_ghi_2/MC15ri_generic/MC15ri_etaetapip_tight_v2_240419_Kp_BCS_etapi0const/bsub_log//MC15ri_etapip_gg_fitv6_toyMC_100_492.log"
------------------------------------------------------------

Successfully completed.

Resource usage summary:

    CPU time :                                   1857.70 sec.
    Max Memory :                                 916 MB
    Average Memory :                             657.61 MB
    Total Requested Memory :                     4000.00 MB
    Delta Memory :                               3084.00 MB
    Max Swap :                                   -
    Max Processes :                              19
    Max Threads :                                20
    Run time :                                   1910 sec.
    Turnaround time :                            4772 sec.

The output (if any) follows:



PS:

Read file <./bsub_log/492.err> for stderr output of this job.

Sender: LSF System <lsfadmin@ccb501>
Subject: Job 56133881: <bash -c "basf2 etapip_gg_fit_v6_toymc_100.py 492 > /home/belle2/jaeyoung/storage_ghi/Ntuples_ghi_2/MC15ri_generic/MC15ri_etaetapip_tight_v2_240419_Kp_BCS_etapi0const/bsub_log//MC15ri_etapip_gg_fitv6_toyMC_100_492.log"> in cluster <centralcluster> Done

Job <bash -c "basf2 etapip_gg_fit_v6_toymc_100.py 492 > /home/belle2/jaeyoung/storage_ghi/Ntuples_ghi_2/MC15ri_generic/MC15ri_etaetapip_tight_v2_240419_Kp_BCS_etapi0const/bsub_log//MC15ri_etapip_gg_fitv6_toyMC_100_492.log"> was submitted from host <ccw03> by user <jaeyoung> in cluster <centralcluster> at Sat Jul 27 01:14:26 2024
Job was executed on host(s) <ccb501>, in queue <s>, as user <jaeyoung> in cluster <centralcluster> at Sat Jul 27 03:05:52 2024
</home/belle2/jaeyoung> was used as the home directory.
</gpfs/home/belle2/jaeyoung/workspace/DRAW_and_FITTING/main/FITTING/etapip/MC15ri_generic/tight_v2_fit_v6/ToyMC> was used as the working directory.
Started at Sat Jul 27 03:05:52 2024
Terminated at Sat Jul 27 03:45:22 2024
Results reported at Sat Jul 27 03:45:22 2024

Your job looked like:

------------------------------------------------------------
# LSBATCH: User input
bash -c "basf2 etapip_gg_fit_v6_toymc_100.py 492 > /home/belle2/jaeyoung/storage_ghi/Ntuples_ghi_2/MC15ri_generic/MC15ri_etaetapip_tight_v2_240419_Kp_BCS_etapi0const/bsub_log//MC15ri_etapip_gg_fitv6_toyMC_100_492.log"
------------------------------------------------------------

Successfully completed.

Resource usage summary:

    CPU time :                                   2319.09 sec.
    Max Memory :                                 945 MB
    Average Memory :                             672.20 MB
    Total Requested Memory :                     4000.00 MB
    Delta Memory :                               3055.00 MB
    Max Swap :                                   -
    Max Processes :                              19
    Max Threads :                                20
    Run time :                                   2371 sec.
    Turnaround time :                            9056 sec.

The output (if any) follows:



PS:

Read file <./bsub_log/492.err> for stderr output of this job.

Sender: LSF System <lsfadmin@ccb568>
Subject: Job 57221024: <bash -c "basf2 etapip_gg_fit_v6_toymc_100.py 492 > /home/belle2/jaeyoung/storage_ghi/Ntuples_ghi_2/MC15ri_generic/MC15ri_etaetapip_tight_v2_240419_Kp_BCS_etapi0const/bsub_log//MC15ri_etapip_gg_fitv6_toyMC_100_492.log"> in cluster <centralcluster> Exited

Job <bash -c "basf2 etapip_gg_fit_v6_toymc_100.py 492 > /home/belle2/jaeyoung/storage_ghi/Ntuples_ghi_2/MC15ri_generic/MC15ri_etaetapip_tight_v2_240419_Kp_BCS_etapi0const/bsub_log//MC15ri_etapip_gg_fitv6_toyMC_100_492.log"> was submitted from host <ccx03> by user <jaeyoung> in cluster <centralcluster> at Mon Jul 29 18:46:41 2024
Job was executed on host(s) <ccb568>, in queue <s>, as user <jaeyoung> in cluster <centralcluster> at Mon Jul 29 18:46:42 2024
</home/belle2/jaeyoung> was used as the home directory.
</gpfs/home/belle2/jaeyoung/workspace/DRAW_and_FITTING/main/FITTING/etapip/MC15ri_generic/tight_v2_fit_v6/ToyMC> was used as the working directory.
Started at Mon Jul 29 18:46:42 2024
Terminated at Mon Jul 29 19:49:22 2024
Results reported at Mon Jul 29 19:49:22 2024

Your job looked like:

------------------------------------------------------------
# LSBATCH: User input
bash -c "basf2 etapip_gg_fit_v6_toymc_100.py 492 > /home/belle2/jaeyoung/storage_ghi/Ntuples_ghi_2/MC15ri_generic/MC15ri_etaetapip_tight_v2_240419_Kp_BCS_etapi0const/bsub_log//MC15ri_etapip_gg_fitv6_toyMC_100_492.log"
------------------------------------------------------------

Exited with exit code 1.

Resource usage summary:

    CPU time :                                   3709.36 sec.
    Max Memory :                                 1413 MB
    Average Memory :                             1042.59 MB
    Total Requested Memory :                     4000.00 MB
    Delta Memory :                               2587.00 MB
    Max Swap :                                   -
    Max Processes :                              19
    Max Threads :                                20
    Run time :                                   3760 sec.
    Turnaround time :                            3761 sec.

The output (if any) follows:



PS:

Read file <./bsub_log/492.err> for stderr output of this job.

Sender: LSF System <lsfadmin@ccb101>
Subject: Job 57309012: <bash -c "basf2 etapip_gg_fit_v6_toymc_100.py 492 > /home/belle2/jaeyoung/storage_ghi/Ntuples_ghi_2/MC15ri_generic/MC15ri_etaetapip_tight_v2_240419_Kp_BCS_etapi0const/bsub_log//MC15ri_etapip_gg_fitv6_toyMC_100_492.log"> in cluster <centralcluster> Done

Job <bash -c "basf2 etapip_gg_fit_v6_toymc_100.py 492 > /home/belle2/jaeyoung/storage_ghi/Ntuples_ghi_2/MC15ri_generic/MC15ri_etaetapip_tight_v2_240419_Kp_BCS_etapi0const/bsub_log//MC15ri_etapip_gg_fitv6_toyMC_100_492.log"> was submitted from host <ccw03> by user <jaeyoung> in cluster <centralcluster> at Mon Jul 29 23:03:53 2024
Job was executed on host(s) <ccb101>, in queue <s>, as user <jaeyoung> in cluster <centralcluster> at Mon Jul 29 23:05:39 2024
</home/belle2/jaeyoung> was used as the home directory.
</home/belle2/jaeyoung/workspace/DRAW_and_FITTING/main/FITTING/etapip/MC15ri_generic/tight_v2_fit_v6/ToyMC> was used as the working directory.
Started at Mon Jul 29 23:05:39 2024
Terminated at Tue Jul 30 00:10:51 2024
Results reported at Tue Jul 30 00:10:51 2024

Your job looked like:

------------------------------------------------------------
# LSBATCH: User input
bash -c "basf2 etapip_gg_fit_v6_toymc_100.py 492 > /home/belle2/jaeyoung/storage_ghi/Ntuples_ghi_2/MC15ri_generic/MC15ri_etaetapip_tight_v2_240419_Kp_BCS_etapi0const/bsub_log//MC15ri_etapip_gg_fitv6_toyMC_100_492.log"
------------------------------------------------------------

Successfully completed.

Resource usage summary:

    CPU time :                                   3861.02 sec.
    Max Memory :                                 1401 MB
    Average Memory :                             1032.19 MB
    Total Requested Memory :                     4000.00 MB
    Delta Memory :                               2599.00 MB
    Max Swap :                                   -
    Max Processes :                              19
    Max Threads :                                20
    Run time :                                   3912 sec.
    Turnaround time :                            4018 sec.

The output (if any) follows:



PS:

Read file <./bsub_log/492.err> for stderr output of this job.

Sender: LSF System <lsfadmin@ccb265>
Subject: Job 57390512: <bash -c "basf2 etapip_gg_fit_v6_toymc_100.py 492 > /home/belle2/jaeyoung/storage_ghi/Ntuples_ghi_2/MC15ri_generic/MC15ri_etaetapip_tight_v2_240419_Kp_BCS_etapi0const/bsub_log//MC15ri_etapip_gg_fitv6_toyMC_100_492.log"> in cluster <centralcluster> Done

Job <bash -c "basf2 etapip_gg_fit_v6_toymc_100.py 492 > /home/belle2/jaeyoung/storage_ghi/Ntuples_ghi_2/MC15ri_generic/MC15ri_etaetapip_tight_v2_240419_Kp_BCS_etapi0const/bsub_log//MC15ri_etapip_gg_fitv6_toyMC_100_492.log"> was submitted from host <ccw03> by user <jaeyoung> in cluster <centralcluster> at Tue Jul 30 01:18:07 2024
Job was executed on host(s) <ccb265>, in queue <s>, as user <jaeyoung> in cluster <centralcluster> at Tue Jul 30 01:19:49 2024
</home/belle2/jaeyoung> was used as the home directory.
</home/belle2/jaeyoung/workspace/DRAW_and_FITTING/main/FITTING/etapip/MC15ri_generic/tight_v2_fit_v6/ToyMC> was used as the working directory.
Started at Tue Jul 30 01:19:49 2024
Terminated at Tue Jul 30 02:22:45 2024
Results reported at Tue Jul 30 02:22:45 2024

Your job looked like:

------------------------------------------------------------
# LSBATCH: User input
bash -c "basf2 etapip_gg_fit_v6_toymc_100.py 492 > /home/belle2/jaeyoung/storage_ghi/Ntuples_ghi_2/MC15ri_generic/MC15ri_etaetapip_tight_v2_240419_Kp_BCS_etapi0const/bsub_log//MC15ri_etapip_gg_fitv6_toyMC_100_492.log"
------------------------------------------------------------

Successfully completed.

Resource usage summary:

    CPU time :                                   3760.23 sec.
    Max Memory :                                 1451 MB
    Average Memory :                             1051.14 MB
    Total Requested Memory :                     4000.00 MB
    Delta Memory :                               2549.00 MB
    Max Swap :                                   -
    Max Processes :                              19
    Max Threads :                                20
    Run time :                                   3776 sec.
    Turnaround time :                            3878 sec.

The output (if any) follows:



PS:

Read file <./bsub_log/492.err> for stderr output of this job.

