Sender: LSF System <lsfadmin@ccb147>
Subject: Job 52359861: <bash -c "basf2 etapip_gg_fit_v6_toymc_100.py 493 > /home/belle2/jaeyoung/storage_ghi/Ntuples_ghi_2/MC15ri_generic/MC15ri_etaetapip_tight_v2_240419_Kp_BCS_etapi0const/bsub_log//MC15ri_etapip_gg_fitv6_toyMC_100_493.log"> in cluster <centralcluster> Done

Job <bash -c "basf2 etapip_gg_fit_v6_toymc_100.py 493 > /home/belle2/jaeyoung/storage_ghi/Ntuples_ghi_2/MC15ri_generic/MC15ri_etaetapip_tight_v2_240419_Kp_BCS_etapi0const/bsub_log//MC15ri_etapip_gg_fitv6_toyMC_100_493.log"> was submitted from host <ccw02> by user <jaeyoung> in cluster <centralcluster> at Sat Jul 20 14:40:54 2024
Job was executed on host(s) <ccb147>, in queue <s>, as user <jaeyoung> in cluster <centralcluster> at Sat Jul 20 14:46:39 2024
</home/belle2/jaeyoung> was used as the home directory.
</home/belle2/jaeyoung/workspace/DRAW_and_FITTING/main/FITTING/etapip/MC15ri_generic/tight_v2_fit_v6/ToyMC> was used as the working directory.
Started at Sat Jul 20 14:46:39 2024
Terminated at Sat Jul 20 15:33:19 2024
Results reported at Sat Jul 20 15:33:19 2024

Your job looked like:

------------------------------------------------------------
# LSBATCH: User input
bash -c "basf2 etapip_gg_fit_v6_toymc_100.py 493 > /home/belle2/jaeyoung/storage_ghi/Ntuples_ghi_2/MC15ri_generic/MC15ri_etaetapip_tight_v2_240419_Kp_BCS_etapi0const/bsub_log//MC15ri_etapip_gg_fitv6_toyMC_100_493.log"
------------------------------------------------------------

Successfully completed.

Resource usage summary:

    CPU time :                                   2788.00 sec.
    Max Memory :                                 1311 MB
    Average Memory :                             934.08 MB
    Total Requested Memory :                     4000.00 MB
    Delta Memory :                               2689.00 MB
    Max Swap :                                   -
    Max Processes :                              19
    Max Threads :                                20
    Run time :                                   2800 sec.
    Turnaround time :                            3145 sec.

The output (if any) follows:



PS:

Read file <./bsub_log/493.err> for stderr output of this job.

Sender: LSF System <lsfadmin@ccb506>
Subject: Job 53030940: <bash -c "basf2 etapip_gg_fit_v6_toymc_100.py 493 > /home/belle2/jaeyoung/storage_ghi/Ntuples_ghi_2/MC15ri_generic/MC15ri_etaetapip_tight_v2_240419_Kp_BCS_etapi0const/bsub_log//MC15ri_etapip_gg_fitv6_toyMC_100_493.log"> in cluster <centralcluster> Done

Job <bash -c "basf2 etapip_gg_fit_v6_toymc_100.py 493 > /home/belle2/jaeyoung/storage_ghi/Ntuples_ghi_2/MC15ri_generic/MC15ri_etaetapip_tight_v2_240419_Kp_BCS_etapi0const/bsub_log//MC15ri_etapip_gg_fitv6_toyMC_100_493.log"> was submitted from host <ccw03> by user <jaeyoung> in cluster <centralcluster> at Sun Jul 21 17:32:15 2024
Job was executed on host(s) <ccb506>, in queue <s>, as user <jaeyoung> in cluster <centralcluster> at Sun Jul 21 17:33:02 2024
</home/belle2/jaeyoung> was used as the home directory.
</home/belle2/jaeyoung/workspace/DRAW_and_FITTING/main/FITTING/etapip/MC15ri_generic/tight_v2_fit_v6/ToyMC> was used as the working directory.
Started at Sun Jul 21 17:33:02 2024
Terminated at Sun Jul 21 18:19:40 2024
Results reported at Sun Jul 21 18:19:40 2024

Your job looked like:

------------------------------------------------------------
# LSBATCH: User input
bash -c "basf2 etapip_gg_fit_v6_toymc_100.py 493 > /home/belle2/jaeyoung/storage_ghi/Ntuples_ghi_2/MC15ri_generic/MC15ri_etaetapip_tight_v2_240419_Kp_BCS_etapi0const/bsub_log//MC15ri_etapip_gg_fitv6_toyMC_100_493.log"
------------------------------------------------------------

Successfully completed.

Resource usage summary:

    CPU time :                                   2773.04 sec.
    Max Memory :                                 1311 MB
    Average Memory :                             941.79 MB
    Total Requested Memory :                     4000.00 MB
    Delta Memory :                               2689.00 MB
    Max Swap :                                   -
    Max Processes :                              19
    Max Threads :                                20
    Run time :                                   2799 sec.
    Turnaround time :                            2845 sec.

The output (if any) follows:



PS:

Read file <./bsub_log/493.err> for stderr output of this job.

Sender: LSF System <lsfadmin@ccb504>
Subject: Job 53203306: <bash -c "basf2 etapip_gg_fit_v6_toymc_100.py 493 > /home/belle2/jaeyoung/storage_ghi/Ntuples_ghi_2/MC15ri_generic/MC15ri_etaetapip_tight_v2_240419_Kp_BCS_etapi0const/bsub_log//MC15ri_etapip_gg_fitv6_toyMC_100_493.log"> in cluster <centralcluster> Exited

Job <bash -c "basf2 etapip_gg_fit_v6_toymc_100.py 493 > /home/belle2/jaeyoung/storage_ghi/Ntuples_ghi_2/MC15ri_generic/MC15ri_etaetapip_tight_v2_240419_Kp_BCS_etapi0const/bsub_log//MC15ri_etapip_gg_fitv6_toyMC_100_493.log"> was submitted from host <ccw03> by user <jaeyoung> in cluster <centralcluster> at Mon Jul 22 00:51:24 2024
Job was executed on host(s) <ccb504>, in queue <s>, as user <jaeyoung> in cluster <centralcluster> at Mon Jul 22 00:53:24 2024
</home/belle2/jaeyoung> was used as the home directory.
</home/belle2/jaeyoung/workspace/DRAW_and_FITTING/main/FITTING/etapip/MC15ri_generic/tight_v2_fit_v6/ToyMC> was used as the working directory.
Started at Mon Jul 22 00:53:24 2024
Terminated at Mon Jul 22 01:11:09 2024
Results reported at Mon Jul 22 01:11:09 2024

Your job looked like:

------------------------------------------------------------
# LSBATCH: User input
bash -c "basf2 etapip_gg_fit_v6_toymc_100.py 493 > /home/belle2/jaeyoung/storage_ghi/Ntuples_ghi_2/MC15ri_generic/MC15ri_etaetapip_tight_v2_240419_Kp_BCS_etapi0const/bsub_log//MC15ri_etapip_gg_fitv6_toyMC_100_493.log"
------------------------------------------------------------

Exited with exit code 1.

Resource usage summary:

    CPU time :                                   1058.45 sec.
    Max Memory :                                 1254 MB
    Average Memory :                             1167.51 MB
    Total Requested Memory :                     4000.00 MB
    Delta Memory :                               2746.00 MB
    Max Swap :                                   -
    Max Processes :                              19
    Max Threads :                                20
    Run time :                                   1065 sec.
    Turnaround time :                            1185 sec.

The output (if any) follows:



PS:

Read file <./bsub_log/493.err> for stderr output of this job.

Sender: LSF System <lsfadmin@ccb060>
Subject: Job 53407495: <bash -c "basf2 etapip_gg_fit_v6_toymc_100.py 493 > /home/belle2/jaeyoung/storage_ghi/Ntuples_ghi_2/MC15ri_generic/MC15ri_etaetapip_tight_v2_240419_Kp_BCS_etapi0const/bsub_log//MC15ri_etapip_gg_fitv6_toyMC_100_493.log"> in cluster <centralcluster> Done

Job <bash -c "basf2 etapip_gg_fit_v6_toymc_100.py 493 > /home/belle2/jaeyoung/storage_ghi/Ntuples_ghi_2/MC15ri_generic/MC15ri_etaetapip_tight_v2_240419_Kp_BCS_etapi0const/bsub_log//MC15ri_etapip_gg_fitv6_toyMC_100_493.log"> was submitted from host <ccw06> by user <jaeyoung> in cluster <centralcluster> at Mon Jul 22 10:49:57 2024
Job was executed on host(s) <ccb060>, in queue <s>, as user <jaeyoung> in cluster <centralcluster> at Mon Jul 22 10:50:42 2024
</home/belle2/jaeyoung> was used as the home directory.
</home/belle2/jaeyoung/workspace/DRAW_and_FITTING/main/FITTING/etapip/MC15ri_generic/tight_v2_fit_v6/ToyMC> was used as the working directory.
Started at Mon Jul 22 10:50:42 2024
Terminated at Mon Jul 22 11:36:35 2024
Results reported at Mon Jul 22 11:36:35 2024

Your job looked like:

------------------------------------------------------------
# LSBATCH: User input
bash -c "basf2 etapip_gg_fit_v6_toymc_100.py 493 > /home/belle2/jaeyoung/storage_ghi/Ntuples_ghi_2/MC15ri_generic/MC15ri_etaetapip_tight_v2_240419_Kp_BCS_etapi0const/bsub_log//MC15ri_etapip_gg_fitv6_toyMC_100_493.log"
------------------------------------------------------------

Successfully completed.

Resource usage summary:

    CPU time :                                   2744.89 sec.
    Max Memory :                                 1310 MB
    Average Memory :                             948.25 MB
    Total Requested Memory :                     4000.00 MB
    Delta Memory :                               2690.00 MB
    Max Swap :                                   -
    Max Processes :                              19
    Max Threads :                                20
    Run time :                                   2753 sec.
    Turnaround time :                            2798 sec.

The output (if any) follows:



PS:

Read file <./bsub_log/493.err> for stderr output of this job.

Sender: LSF System <lsfadmin@ccb036>
Subject: Job 53599915: <bash -c "basf2 etapip_gg_fit_v6_toymc_100.py 493 > /home/belle2/jaeyoung/storage_ghi/Ntuples_ghi_2/MC15ri_generic/MC15ri_etaetapip_tight_v2_240419_Kp_BCS_etapi0const/bsub_log//MC15ri_etapip_gg_fitv6_toyMC_100_493.log"> in cluster <centralcluster> Done

Job <bash -c "basf2 etapip_gg_fit_v6_toymc_100.py 493 > /home/belle2/jaeyoung/storage_ghi/Ntuples_ghi_2/MC15ri_generic/MC15ri_etaetapip_tight_v2_240419_Kp_BCS_etapi0const/bsub_log//MC15ri_etapip_gg_fitv6_toyMC_100_493.log"> was submitted from host <ccw03> by user <jaeyoung> in cluster <centralcluster> at Mon Jul 22 18:36:12 2024
Job was executed on host(s) <ccb036>, in queue <s>, as user <jaeyoung> in cluster <centralcluster> at Mon Jul 22 18:39:32 2024
</home/belle2/jaeyoung> was used as the home directory.
</home/belle2/jaeyoung/workspace/DRAW_and_FITTING/main/FITTING/etapip/MC15ri_generic/tight_v2_fit_v6/ToyMC> was used as the working directory.
Started at Mon Jul 22 18:39:32 2024
Terminated at Mon Jul 22 19:25:33 2024
Results reported at Mon Jul 22 19:25:33 2024

Your job looked like:

------------------------------------------------------------
# LSBATCH: User input
bash -c "basf2 etapip_gg_fit_v6_toymc_100.py 493 > /home/belle2/jaeyoung/storage_ghi/Ntuples_ghi_2/MC15ri_generic/MC15ri_etaetapip_tight_v2_240419_Kp_BCS_etapi0const/bsub_log//MC15ri_etapip_gg_fitv6_toyMC_100_493.log"
------------------------------------------------------------

Successfully completed.

Resource usage summary:

    CPU time :                                   2748.14 sec.
    Max Memory :                                 1310 MB
    Average Memory :                             944.77 MB
    Total Requested Memory :                     4000.00 MB
    Delta Memory :                               2690.00 MB
    Max Swap :                                   -
    Max Processes :                              19
    Max Threads :                                20
    Run time :                                   2761 sec.
    Turnaround time :                            2961 sec.

The output (if any) follows:



PS:

Read file <./bsub_log/493.err> for stderr output of this job.

Sender: LSF System <lsfadmin@ccb183>
Subject: Job 53833356: <bash -c "basf2 etapip_gg_fit_v6_toymc_100.py 493 > /home/belle2/jaeyoung/storage_ghi/Ntuples_ghi_2/MC15ri_generic/MC15ri_etaetapip_tight_v2_240419_Kp_BCS_etapi0const/bsub_log//MC15ri_etapip_gg_fitv6_toyMC_100_493.log"> in cluster <centralcluster> Done

Job <bash -c "basf2 etapip_gg_fit_v6_toymc_100.py 493 > /home/belle2/jaeyoung/storage_ghi/Ntuples_ghi_2/MC15ri_generic/MC15ri_etaetapip_tight_v2_240419_Kp_BCS_etapi0const/bsub_log//MC15ri_etapip_gg_fitv6_toyMC_100_493.log"> was submitted from host <ccw05> by user <jaeyoung> in cluster <centralcluster> at Tue Jul 23 00:51:16 2024
Job was executed on host(s) <ccb183>, in queue <s>, as user <jaeyoung> in cluster <centralcluster> at Tue Jul 23 00:51:39 2024
</home/belle2/jaeyoung> was used as the home directory.
</home/belle2/jaeyoung/workspace/DRAW_and_FITTING/main/FITTING/etapip/MC15ri_generic/tight_v2_fit_v6/ToyMC> was used as the working directory.
Started at Tue Jul 23 00:51:39 2024
Terminated at Tue Jul 23 01:38:56 2024
Results reported at Tue Jul 23 01:38:56 2024

Your job looked like:

------------------------------------------------------------
# LSBATCH: User input
bash -c "basf2 etapip_gg_fit_v6_toymc_100.py 493 > /home/belle2/jaeyoung/storage_ghi/Ntuples_ghi_2/MC15ri_generic/MC15ri_etaetapip_tight_v2_240419_Kp_BCS_etapi0const/bsub_log//MC15ri_etapip_gg_fitv6_toyMC_100_493.log"
------------------------------------------------------------

Successfully completed.

Resource usage summary:

    CPU time :                                   2794.52 sec.
    Max Memory :                                 1311 MB
    Average Memory :                             937.74 MB
    Total Requested Memory :                     4000.00 MB
    Delta Memory :                               2689.00 MB
    Max Swap :                                   -
    Max Processes :                              19
    Max Threads :                                20
    Run time :                                   2838 sec.
    Turnaround time :                            2860 sec.

The output (if any) follows:



PS:

Read file <./bsub_log/493.err> for stderr output of this job.

Sender: LSF System <lsfadmin@ccb048>
Subject: Job 54398849: <bash -c "basf2 etapip_gg_fit_v6_toymc_100.py 493 > /home/belle2/jaeyoung/storage_ghi/Ntuples_ghi_2/MC15ri_generic/MC15ri_etaetapip_tight_v2_240419_Kp_BCS_etapi0const/bsub_log//MC15ri_etapip_gg_fitv6_toyMC_100_493.log"> in cluster <centralcluster> Done

Job <bash -c "basf2 etapip_gg_fit_v6_toymc_100.py 493 > /home/belle2/jaeyoung/storage_ghi/Ntuples_ghi_2/MC15ri_generic/MC15ri_etaetapip_tight_v2_240419_Kp_BCS_etapi0const/bsub_log//MC15ri_etapip_gg_fitv6_toyMC_100_493.log"> was submitted from host <ccw04> by user <jaeyoung> in cluster <centralcluster> at Tue Jul 23 18:00:29 2024
Job was executed on host(s) <ccb048>, in queue <s>, as user <jaeyoung> in cluster <centralcluster> at Tue Jul 23 18:48:35 2024
</home/belle2/jaeyoung> was used as the home directory.
</home/belle2/jaeyoung/workspace/DRAW_and_FITTING/main/FITTING/etapip/MC15ri_generic/tight_v2_fit_v6/ToyMC> was used as the working directory.
Started at Tue Jul 23 18:48:35 2024
Terminated at Tue Jul 23 19:34:26 2024
Results reported at Tue Jul 23 19:34:26 2024

Your job looked like:

------------------------------------------------------------
# LSBATCH: User input
bash -c "basf2 etapip_gg_fit_v6_toymc_100.py 493 > /home/belle2/jaeyoung/storage_ghi/Ntuples_ghi_2/MC15ri_generic/MC15ri_etaetapip_tight_v2_240419_Kp_BCS_etapi0const/bsub_log//MC15ri_etapip_gg_fitv6_toyMC_100_493.log"
------------------------------------------------------------

Successfully completed.

Resource usage summary:

    CPU time :                                   2730.77 sec.
    Max Memory :                                 1312 MB
    Average Memory :                             949.68 MB
    Total Requested Memory :                     4000.00 MB
    Delta Memory :                               2688.00 MB
    Max Swap :                                   -
    Max Processes :                              19
    Max Threads :                                20
    Run time :                                   2750 sec.
    Turnaround time :                            5637 sec.

The output (if any) follows:



PS:

Read file <./bsub_log/493.err> for stderr output of this job.

Sender: LSF System <lsfadmin@ccb226>
Subject: Job 54471609: <bash -c "basf2 etapip_gg_fit_v6_toymc_100.py 493 > /home/belle2/jaeyoung/storage_ghi/Ntuples_ghi_2/MC15ri_generic/MC15ri_etaetapip_tight_v2_240419_Kp_BCS_etapi0const/bsub_log//MC15ri_etapip_gg_fitv6_toyMC_100_493.log"> in cluster <centralcluster> Done

Job <bash -c "basf2 etapip_gg_fit_v6_toymc_100.py 493 > /home/belle2/jaeyoung/storage_ghi/Ntuples_ghi_2/MC15ri_generic/MC15ri_etaetapip_tight_v2_240419_Kp_BCS_etapi0const/bsub_log//MC15ri_etapip_gg_fitv6_toyMC_100_493.log"> was submitted from host <ccw03> by user <jaeyoung> in cluster <centralcluster> at Tue Jul 23 19:39:24 2024
Job was executed on host(s) <ccb226>, in queue <s>, as user <jaeyoung> in cluster <centralcluster> at Tue Jul 23 19:39:32 2024
</home/belle2/jaeyoung> was used as the home directory.
</home/belle2/jaeyoung/workspace/DRAW_and_FITTING/main/FITTING/etapip/MC15ri_generic/tight_v2_fit_v6/ToyMC> was used as the working directory.
Started at Tue Jul 23 19:39:32 2024
Terminated at Tue Jul 23 20:27:45 2024
Results reported at Tue Jul 23 20:27:45 2024

Your job looked like:

------------------------------------------------------------
# LSBATCH: User input
bash -c "basf2 etapip_gg_fit_v6_toymc_100.py 493 > /home/belle2/jaeyoung/storage_ghi/Ntuples_ghi_2/MC15ri_generic/MC15ri_etaetapip_tight_v2_240419_Kp_BCS_etapi0const/bsub_log//MC15ri_etapip_gg_fitv6_toyMC_100_493.log"
------------------------------------------------------------

Successfully completed.

Resource usage summary:

    CPU time :                                   2875.99 sec.
    Max Memory :                                 1312 MB
    Average Memory :                             961.18 MB
    Total Requested Memory :                     4000.00 MB
    Delta Memory :                               2688.00 MB
    Max Swap :                                   -
    Max Processes :                              19
    Max Threads :                                20
    Run time :                                   2894 sec.
    Turnaround time :                            2901 sec.

The output (if any) follows:



PS:

Read file <./bsub_log/493.err> for stderr output of this job.

Sender: LSF System <lsfadmin@ccb189>
Subject: Job 55516374: <bash -c "basf2 etapip_gg_fit_v6_toymc_100.py 493 > /home/belle2/jaeyoung/storage_ghi/Ntuples_ghi_2/MC15ri_generic/MC15ri_etaetapip_tight_v2_240419_Kp_BCS_etapi0const/bsub_log//MC15ri_etapip_gg_fitv6_toyMC_100_493.log"> in cluster <centralcluster> Done

Job <bash -c "basf2 etapip_gg_fit_v6_toymc_100.py 493 > /home/belle2/jaeyoung/storage_ghi/Ntuples_ghi_2/MC15ri_generic/MC15ri_etaetapip_tight_v2_240419_Kp_BCS_etapi0const/bsub_log//MC15ri_etapip_gg_fitv6_toyMC_100_493.log"> was submitted from host <ccw01> by user <jaeyoung> in cluster <centralcluster> at Thu Jul 25 20:52:18 2024
Job was executed on host(s) <ccb189>, in queue <s>, as user <jaeyoung> in cluster <centralcluster> at Thu Jul 25 20:52:21 2024
</home/belle2/jaeyoung> was used as the home directory.
</gpfs/home/belle2/jaeyoung/workspace/DRAW_and_FITTING/main/FITTING/etapip/MC15ri_generic/tight_v2_fit_v6/ToyMC> was used as the working directory.
Started at Thu Jul 25 20:52:21 2024
Terminated at Thu Jul 25 21:41:57 2024
Results reported at Thu Jul 25 21:41:57 2024

Your job looked like:

------------------------------------------------------------
# LSBATCH: User input
bash -c "basf2 etapip_gg_fit_v6_toymc_100.py 493 > /home/belle2/jaeyoung/storage_ghi/Ntuples_ghi_2/MC15ri_generic/MC15ri_etaetapip_tight_v2_240419_Kp_BCS_etapi0const/bsub_log//MC15ri_etapip_gg_fitv6_toyMC_100_493.log"
------------------------------------------------------------

Successfully completed.

Resource usage summary:

    CPU time :                                   2955.57 sec.
    Max Memory :                                 1321 MB
    Average Memory :                             975.80 MB
    Total Requested Memory :                     4000.00 MB
    Delta Memory :                               2679.00 MB
    Max Swap :                                   -
    Max Processes :                              19
    Max Threads :                                20
    Run time :                                   2977 sec.
    Turnaround time :                            2979 sec.

The output (if any) follows:



PS:

Read file <./bsub_log/493.err> for stderr output of this job.

Sender: LSF System <lsfadmin@ccb086>
Subject: Job 56104129: <bash -c "basf2 etapip_gg_fit_v6_toymc_100.py 493 > /home/belle2/jaeyoung/storage_ghi/Ntuples_ghi_2/MC15ri_generic/MC15ri_etaetapip_tight_v2_240419_Kp_BCS_etapi0const/bsub_log//MC15ri_etapip_gg_fitv6_toyMC_100_493.log"> in cluster <centralcluster> Done

Job <bash -c "basf2 etapip_gg_fit_v6_toymc_100.py 493 > /home/belle2/jaeyoung/storage_ghi/Ntuples_ghi_2/MC15ri_generic/MC15ri_etaetapip_tight_v2_240419_Kp_BCS_etapi0const/bsub_log//MC15ri_etapip_gg_fitv6_toyMC_100_493.log"> was submitted from host <ccw06> by user <jaeyoung> in cluster <centralcluster> at Fri Jul 26 23:44:53 2024
Job was executed on host(s) <ccb086>, in queue <s>, as user <jaeyoung> in cluster <centralcluster> at Sat Jul 27 00:32:37 2024
</home/belle2/jaeyoung> was used as the home directory.
</home/belle2/jaeyoung/workspace/DRAW_and_FITTING/main/FITTING/etapip/MC15ri_generic/tight_v2_fit_v6/ToyMC> was used as the working directory.
Started at Sat Jul 27 00:32:37 2024
Terminated at Sat Jul 27 01:04:22 2024
Results reported at Sat Jul 27 01:04:22 2024

Your job looked like:

------------------------------------------------------------
# LSBATCH: User input
bash -c "basf2 etapip_gg_fit_v6_toymc_100.py 493 > /home/belle2/jaeyoung/storage_ghi/Ntuples_ghi_2/MC15ri_generic/MC15ri_etaetapip_tight_v2_240419_Kp_BCS_etapi0const/bsub_log//MC15ri_etapip_gg_fitv6_toyMC_100_493.log"
------------------------------------------------------------

Successfully completed.

Resource usage summary:

    CPU time :                                   1887.04 sec.
    Max Memory :                                 894 MB
    Average Memory :                             658.35 MB
    Total Requested Memory :                     4000.00 MB
    Delta Memory :                               3106.00 MB
    Max Swap :                                   -
    Max Processes :                              19
    Max Threads :                                20
    Run time :                                   1906 sec.
    Turnaround time :                            4769 sec.

The output (if any) follows:



PS:

Read file <./bsub_log/493.err> for stderr output of this job.

Sender: LSF System <lsfadmin@ccb272>
Subject: Job 56133882: <bash -c "basf2 etapip_gg_fit_v6_toymc_100.py 493 > /home/belle2/jaeyoung/storage_ghi/Ntuples_ghi_2/MC15ri_generic/MC15ri_etaetapip_tight_v2_240419_Kp_BCS_etapi0const/bsub_log//MC15ri_etapip_gg_fitv6_toyMC_100_493.log"> in cluster <centralcluster> Done

Job <bash -c "basf2 etapip_gg_fit_v6_toymc_100.py 493 > /home/belle2/jaeyoung/storage_ghi/Ntuples_ghi_2/MC15ri_generic/MC15ri_etaetapip_tight_v2_240419_Kp_BCS_etapi0const/bsub_log//MC15ri_etapip_gg_fitv6_toyMC_100_493.log"> was submitted from host <ccw03> by user <jaeyoung> in cluster <centralcluster> at Sat Jul 27 01:14:27 2024
Job was executed on host(s) <ccb272>, in queue <s>, as user <jaeyoung> in cluster <centralcluster> at Sat Jul 27 03:05:52 2024
</home/belle2/jaeyoung> was used as the home directory.
</gpfs/home/belle2/jaeyoung/workspace/DRAW_and_FITTING/main/FITTING/etapip/MC15ri_generic/tight_v2_fit_v6/ToyMC> was used as the working directory.
Started at Sat Jul 27 03:05:52 2024
Terminated at Sat Jul 27 03:45:37 2024
Results reported at Sat Jul 27 03:45:37 2024

Your job looked like:

------------------------------------------------------------
# LSBATCH: User input
bash -c "basf2 etapip_gg_fit_v6_toymc_100.py 493 > /home/belle2/jaeyoung/storage_ghi/Ntuples_ghi_2/MC15ri_generic/MC15ri_etaetapip_tight_v2_240419_Kp_BCS_etapi0const/bsub_log//MC15ri_etapip_gg_fitv6_toyMC_100_493.log"
------------------------------------------------------------

Successfully completed.

Resource usage summary:

    CPU time :                                   2358.63 sec.
    Max Memory :                                 918 MB
    Average Memory :                             659.36 MB
    Total Requested Memory :                     4000.00 MB
    Delta Memory :                               3082.00 MB
    Max Swap :                                   -
    Max Processes :                              19
    Max Threads :                                20
    Run time :                                   2385 sec.
    Turnaround time :                            9070 sec.

The output (if any) follows:



PS:

Read file <./bsub_log/493.err> for stderr output of this job.

