Sender: LSF System <lsfadmin@ccb191>
Subject: Job 52359864: <bash -c "basf2 etapip_gg_fit_v6_toymc_100.py 494 > /home/belle2/jaeyoung/storage_ghi/Ntuples_ghi_2/MC15ri_generic/MC15ri_etaetapip_tight_v2_240419_Kp_BCS_etapi0const/bsub_log//MC15ri_etapip_gg_fitv6_toyMC_100_494.log"> in cluster <centralcluster> Done

Job <bash -c "basf2 etapip_gg_fit_v6_toymc_100.py 494 > /home/belle2/jaeyoung/storage_ghi/Ntuples_ghi_2/MC15ri_generic/MC15ri_etaetapip_tight_v2_240419_Kp_BCS_etapi0const/bsub_log//MC15ri_etapip_gg_fitv6_toyMC_100_494.log"> was submitted from host <ccw02> by user <jaeyoung> in cluster <centralcluster> at Sat Jul 20 14:40:55 2024
Job was executed on host(s) <ccb191>, in queue <s>, as user <jaeyoung> in cluster <centralcluster> at Sat Jul 20 14:46:40 2024
</home/belle2/jaeyoung> was used as the home directory.
</home/belle2/jaeyoung/workspace/DRAW_and_FITTING/main/FITTING/etapip/MC15ri_generic/tight_v2_fit_v6/ToyMC> was used as the working directory.
Started at Sat Jul 20 14:46:40 2024
Terminated at Sat Jul 20 15:36:32 2024
Results reported at Sat Jul 20 15:36:32 2024

Your job looked like:

------------------------------------------------------------
# LSBATCH: User input
bash -c "basf2 etapip_gg_fit_v6_toymc_100.py 494 > /home/belle2/jaeyoung/storage_ghi/Ntuples_ghi_2/MC15ri_generic/MC15ri_etaetapip_tight_v2_240419_Kp_BCS_etapi0const/bsub_log//MC15ri_etapip_gg_fitv6_toyMC_100_494.log"
------------------------------------------------------------

Successfully completed.

Resource usage summary:

    CPU time :                                   2958.96 sec.
    Max Memory :                                 1327 MB
    Average Memory :                             998.84 MB
    Total Requested Memory :                     4000.00 MB
    Delta Memory :                               2673.00 MB
    Max Swap :                                   -
    Max Processes :                              19
    Max Threads :                                20
    Run time :                                   2992 sec.
    Turnaround time :                            3337 sec.

The output (if any) follows:



PS:

Read file <./bsub_log/494.err> for stderr output of this job.

Sender: LSF System <lsfadmin@ccb123>
Subject: Job 53030943: <bash -c "basf2 etapip_gg_fit_v6_toymc_100.py 494 > /home/belle2/jaeyoung/storage_ghi/Ntuples_ghi_2/MC15ri_generic/MC15ri_etaetapip_tight_v2_240419_Kp_BCS_etapi0const/bsub_log//MC15ri_etapip_gg_fitv6_toyMC_100_494.log"> in cluster <centralcluster> Done

Job <bash -c "basf2 etapip_gg_fit_v6_toymc_100.py 494 > /home/belle2/jaeyoung/storage_ghi/Ntuples_ghi_2/MC15ri_generic/MC15ri_etaetapip_tight_v2_240419_Kp_BCS_etapi0const/bsub_log//MC15ri_etapip_gg_fitv6_toyMC_100_494.log"> was submitted from host <ccw03> by user <jaeyoung> in cluster <centralcluster> at Sun Jul 21 17:32:16 2024
Job was executed on host(s) <ccb123>, in queue <s>, as user <jaeyoung> in cluster <centralcluster> at Sun Jul 21 17:33:02 2024
</home/belle2/jaeyoung> was used as the home directory.
</home/belle2/jaeyoung/workspace/DRAW_and_FITTING/main/FITTING/etapip/MC15ri_generic/tight_v2_fit_v6/ToyMC> was used as the working directory.
Started at Sun Jul 21 17:33:02 2024
Terminated at Sun Jul 21 18:23:07 2024
Results reported at Sun Jul 21 18:23:07 2024

Your job looked like:

------------------------------------------------------------
# LSBATCH: User input
bash -c "basf2 etapip_gg_fit_v6_toymc_100.py 494 > /home/belle2/jaeyoung/storage_ghi/Ntuples_ghi_2/MC15ri_generic/MC15ri_etaetapip_tight_v2_240419_Kp_BCS_etapi0const/bsub_log//MC15ri_etapip_gg_fitv6_toyMC_100_494.log"
------------------------------------------------------------

Successfully completed.

Resource usage summary:

    CPU time :                                   2992.61 sec.
    Max Memory :                                 1311 MB
    Average Memory :                             948.91 MB
    Total Requested Memory :                     4000.00 MB
    Delta Memory :                               2689.00 MB
    Max Swap :                                   -
    Max Processes :                              19
    Max Threads :                                20
    Run time :                                   3006 sec.
    Turnaround time :                            3051 sec.

The output (if any) follows:



PS:

Read file <./bsub_log/494.err> for stderr output of this job.

Sender: LSF System <lsfadmin@ccb010>
Subject: Job 53203309: <bash -c "basf2 etapip_gg_fit_v6_toymc_100.py 494 > /home/belle2/jaeyoung/storage_ghi/Ntuples_ghi_2/MC15ri_generic/MC15ri_etaetapip_tight_v2_240419_Kp_BCS_etapi0const/bsub_log//MC15ri_etapip_gg_fitv6_toyMC_100_494.log"> in cluster <centralcluster> Exited

Job <bash -c "basf2 etapip_gg_fit_v6_toymc_100.py 494 > /home/belle2/jaeyoung/storage_ghi/Ntuples_ghi_2/MC15ri_generic/MC15ri_etaetapip_tight_v2_240419_Kp_BCS_etapi0const/bsub_log//MC15ri_etapip_gg_fitv6_toyMC_100_494.log"> was submitted from host <ccw03> by user <jaeyoung> in cluster <centralcluster> at Mon Jul 22 00:51:24 2024
Job was executed on host(s) <ccb010>, in queue <s>, as user <jaeyoung> in cluster <centralcluster> at Mon Jul 22 00:53:24 2024
</home/belle2/jaeyoung> was used as the home directory.
</home/belle2/jaeyoung/workspace/DRAW_and_FITTING/main/FITTING/etapip/MC15ri_generic/tight_v2_fit_v6/ToyMC> was used as the working directory.
Started at Mon Jul 22 00:53:24 2024
Terminated at Mon Jul 22 01:10:33 2024
Results reported at Mon Jul 22 01:10:33 2024

Your job looked like:

------------------------------------------------------------
# LSBATCH: User input
bash -c "basf2 etapip_gg_fit_v6_toymc_100.py 494 > /home/belle2/jaeyoung/storage_ghi/Ntuples_ghi_2/MC15ri_generic/MC15ri_etaetapip_tight_v2_240419_Kp_BCS_etapi0const/bsub_log//MC15ri_etapip_gg_fitv6_toyMC_100_494.log"
------------------------------------------------------------

Exited with exit code 1.

Resource usage summary:

    CPU time :                                   1023.18 sec.
    Max Memory :                                 1255 MB
    Average Memory :                             1180.28 MB
    Total Requested Memory :                     4000.00 MB
    Delta Memory :                               2745.00 MB
    Max Swap :                                   -
    Max Processes :                              19
    Max Threads :                                20
    Run time :                                   1029 sec.
    Turnaround time :                            1149 sec.

The output (if any) follows:



PS:

Read file <./bsub_log/494.err> for stderr output of this job.

Sender: LSF System <lsfadmin@ccb002>
Subject: Job 53407498: <bash -c "basf2 etapip_gg_fit_v6_toymc_100.py 494 > /home/belle2/jaeyoung/storage_ghi/Ntuples_ghi_2/MC15ri_generic/MC15ri_etaetapip_tight_v2_240419_Kp_BCS_etapi0const/bsub_log//MC15ri_etapip_gg_fitv6_toyMC_100_494.log"> in cluster <centralcluster> Done

Job <bash -c "basf2 etapip_gg_fit_v6_toymc_100.py 494 > /home/belle2/jaeyoung/storage_ghi/Ntuples_ghi_2/MC15ri_generic/MC15ri_etaetapip_tight_v2_240419_Kp_BCS_etapi0const/bsub_log//MC15ri_etapip_gg_fitv6_toyMC_100_494.log"> was submitted from host <ccw06> by user <jaeyoung> in cluster <centralcluster> at Mon Jul 22 10:49:57 2024
Job was executed on host(s) <ccb002>, in queue <s>, as user <jaeyoung> in cluster <centralcluster> at Mon Jul 22 10:50:42 2024
</home/belle2/jaeyoung> was used as the home directory.
</home/belle2/jaeyoung/workspace/DRAW_and_FITTING/main/FITTING/etapip/MC15ri_generic/tight_v2_fit_v6/ToyMC> was used as the working directory.
Started at Mon Jul 22 10:50:42 2024
Terminated at Mon Jul 22 11:36:32 2024
Results reported at Mon Jul 22 11:36:32 2024

Your job looked like:

------------------------------------------------------------
# LSBATCH: User input
bash -c "basf2 etapip_gg_fit_v6_toymc_100.py 494 > /home/belle2/jaeyoung/storage_ghi/Ntuples_ghi_2/MC15ri_generic/MC15ri_etaetapip_tight_v2_240419_Kp_BCS_etapi0const/bsub_log//MC15ri_etapip_gg_fitv6_toyMC_100_494.log"
------------------------------------------------------------

Successfully completed.

Resource usage summary:

    CPU time :                                   2740.94 sec.
    Max Memory :                                 1311 MB
    Average Memory :                             944.41 MB
    Total Requested Memory :                     4000.00 MB
    Delta Memory :                               2689.00 MB
    Max Swap :                                   -
    Max Processes :                              19
    Max Threads :                                20
    Run time :                                   2750 sec.
    Turnaround time :                            2795 sec.

The output (if any) follows:



PS:

Read file <./bsub_log/494.err> for stderr output of this job.

Sender: LSF System <lsfadmin@ccb184>
Subject: Job 53599919: <bash -c "basf2 etapip_gg_fit_v6_toymc_100.py 494 > /home/belle2/jaeyoung/storage_ghi/Ntuples_ghi_2/MC15ri_generic/MC15ri_etaetapip_tight_v2_240419_Kp_BCS_etapi0const/bsub_log//MC15ri_etapip_gg_fitv6_toyMC_100_494.log"> in cluster <centralcluster> Done

Job <bash -c "basf2 etapip_gg_fit_v6_toymc_100.py 494 > /home/belle2/jaeyoung/storage_ghi/Ntuples_ghi_2/MC15ri_generic/MC15ri_etaetapip_tight_v2_240419_Kp_BCS_etapi0const/bsub_log//MC15ri_etapip_gg_fitv6_toyMC_100_494.log"> was submitted from host <ccw03> by user <jaeyoung> in cluster <centralcluster> at Mon Jul 22 18:36:12 2024
Job was executed on host(s) <ccb184>, in queue <s>, as user <jaeyoung> in cluster <centralcluster> at Mon Jul 22 18:39:33 2024
</home/belle2/jaeyoung> was used as the home directory.
</home/belle2/jaeyoung/workspace/DRAW_and_FITTING/main/FITTING/etapip/MC15ri_generic/tight_v2_fit_v6/ToyMC> was used as the working directory.
Started at Mon Jul 22 18:39:33 2024
Terminated at Mon Jul 22 19:25:45 2024
Results reported at Mon Jul 22 19:25:45 2024

Your job looked like:

------------------------------------------------------------
# LSBATCH: User input
bash -c "basf2 etapip_gg_fit_v6_toymc_100.py 494 > /home/belle2/jaeyoung/storage_ghi/Ntuples_ghi_2/MC15ri_generic/MC15ri_etaetapip_tight_v2_240419_Kp_BCS_etapi0const/bsub_log//MC15ri_etapip_gg_fitv6_toyMC_100_494.log"
------------------------------------------------------------

Successfully completed.

Resource usage summary:

    CPU time :                                   2759.77 sec.
    Max Memory :                                 1310 MB
    Average Memory :                             943.51 MB
    Total Requested Memory :                     4000.00 MB
    Delta Memory :                               2690.00 MB
    Max Swap :                                   -
    Max Processes :                              19
    Max Threads :                                20
    Run time :                                   2773 sec.
    Turnaround time :                            2973 sec.

The output (if any) follows:



PS:

Read file <./bsub_log/494.err> for stderr output of this job.

Sender: LSF System <lsfadmin@ccb272>
Subject: Job 53833360: <bash -c "basf2 etapip_gg_fit_v6_toymc_100.py 494 > /home/belle2/jaeyoung/storage_ghi/Ntuples_ghi_2/MC15ri_generic/MC15ri_etaetapip_tight_v2_240419_Kp_BCS_etapi0const/bsub_log//MC15ri_etapip_gg_fitv6_toyMC_100_494.log"> in cluster <centralcluster> Done

Job <bash -c "basf2 etapip_gg_fit_v6_toymc_100.py 494 > /home/belle2/jaeyoung/storage_ghi/Ntuples_ghi_2/MC15ri_generic/MC15ri_etaetapip_tight_v2_240419_Kp_BCS_etapi0const/bsub_log//MC15ri_etapip_gg_fitv6_toyMC_100_494.log"> was submitted from host <ccw05> by user <jaeyoung> in cluster <centralcluster> at Tue Jul 23 00:51:17 2024
Job was executed on host(s) <ccb272>, in queue <s>, as user <jaeyoung> in cluster <centralcluster> at Tue Jul 23 00:51:39 2024
</home/belle2/jaeyoung> was used as the home directory.
</home/belle2/jaeyoung/workspace/DRAW_and_FITTING/main/FITTING/etapip/MC15ri_generic/tight_v2_fit_v6/ToyMC> was used as the working directory.
Started at Tue Jul 23 00:51:39 2024
Terminated at Tue Jul 23 01:37:14 2024
Results reported at Tue Jul 23 01:37:14 2024

Your job looked like:

------------------------------------------------------------
# LSBATCH: User input
bash -c "basf2 etapip_gg_fit_v6_toymc_100.py 494 > /home/belle2/jaeyoung/storage_ghi/Ntuples_ghi_2/MC15ri_generic/MC15ri_etaetapip_tight_v2_240419_Kp_BCS_etapi0const/bsub_log//MC15ri_etapip_gg_fitv6_toyMC_100_494.log"
------------------------------------------------------------

Successfully completed.

Resource usage summary:

    CPU time :                                   2723.58 sec.
    Max Memory :                                 1311 MB
    Average Memory :                             947.92 MB
    Total Requested Memory :                     4000.00 MB
    Delta Memory :                               2689.00 MB
    Max Swap :                                   -
    Max Processes :                              19
    Max Threads :                                20
    Run time :                                   2736 sec.
    Turnaround time :                            2757 sec.

The output (if any) follows:



PS:

Read file <./bsub_log/494.err> for stderr output of this job.

Sender: LSF System <lsfadmin@ccb205>
Subject: Job 54398853: <bash -c "basf2 etapip_gg_fit_v6_toymc_100.py 494 > /home/belle2/jaeyoung/storage_ghi/Ntuples_ghi_2/MC15ri_generic/MC15ri_etaetapip_tight_v2_240419_Kp_BCS_etapi0const/bsub_log//MC15ri_etapip_gg_fitv6_toyMC_100_494.log"> in cluster <centralcluster> Done

Job <bash -c "basf2 etapip_gg_fit_v6_toymc_100.py 494 > /home/belle2/jaeyoung/storage_ghi/Ntuples_ghi_2/MC15ri_generic/MC15ri_etaetapip_tight_v2_240419_Kp_BCS_etapi0const/bsub_log//MC15ri_etapip_gg_fitv6_toyMC_100_494.log"> was submitted from host <ccw04> by user <jaeyoung> in cluster <centralcluster> at Tue Jul 23 18:00:30 2024
Job was executed on host(s) <ccb205>, in queue <s>, as user <jaeyoung> in cluster <centralcluster> at Tue Jul 23 18:48:35 2024
</home/belle2/jaeyoung> was used as the home directory.
</home/belle2/jaeyoung/workspace/DRAW_and_FITTING/main/FITTING/etapip/MC15ri_generic/tight_v2_fit_v6/ToyMC> was used as the working directory.
Started at Tue Jul 23 18:48:35 2024
Terminated at Tue Jul 23 19:35:12 2024
Results reported at Tue Jul 23 19:35:12 2024

Your job looked like:

------------------------------------------------------------
# LSBATCH: User input
bash -c "basf2 etapip_gg_fit_v6_toymc_100.py 494 > /home/belle2/jaeyoung/storage_ghi/Ntuples_ghi_2/MC15ri_generic/MC15ri_etaetapip_tight_v2_240419_Kp_BCS_etapi0const/bsub_log//MC15ri_etapip_gg_fitv6_toyMC_100_494.log"
------------------------------------------------------------

Successfully completed.

Resource usage summary:

    CPU time :                                   2782.20 sec.
    Max Memory :                                 1313 MB
    Average Memory :                             954.94 MB
    Total Requested Memory :                     4000.00 MB
    Delta Memory :                               2687.00 MB
    Max Swap :                                   -
    Max Processes :                              19
    Max Threads :                                20
    Run time :                                   2797 sec.
    Turnaround time :                            5682 sec.

The output (if any) follows:



PS:

Read file <./bsub_log/494.err> for stderr output of this job.

Sender: LSF System <lsfadmin@ccb212>
Subject: Job 54471614: <bash -c "basf2 etapip_gg_fit_v6_toymc_100.py 494 > /home/belle2/jaeyoung/storage_ghi/Ntuples_ghi_2/MC15ri_generic/MC15ri_etaetapip_tight_v2_240419_Kp_BCS_etapi0const/bsub_log//MC15ri_etapip_gg_fitv6_toyMC_100_494.log"> in cluster <centralcluster> Done

Job <bash -c "basf2 etapip_gg_fit_v6_toymc_100.py 494 > /home/belle2/jaeyoung/storage_ghi/Ntuples_ghi_2/MC15ri_generic/MC15ri_etaetapip_tight_v2_240419_Kp_BCS_etapi0const/bsub_log//MC15ri_etapip_gg_fitv6_toyMC_100_494.log"> was submitted from host <ccw03> by user <jaeyoung> in cluster <centralcluster> at Tue Jul 23 19:39:24 2024
Job was executed on host(s) <ccb212>, in queue <s>, as user <jaeyoung> in cluster <centralcluster> at Tue Jul 23 19:39:33 2024
</home/belle2/jaeyoung> was used as the home directory.
</home/belle2/jaeyoung/workspace/DRAW_and_FITTING/main/FITTING/etapip/MC15ri_generic/tight_v2_fit_v6/ToyMC> was used as the working directory.
Started at Tue Jul 23 19:39:33 2024
Terminated at Tue Jul 23 20:26:43 2024
Results reported at Tue Jul 23 20:26:43 2024

Your job looked like:

------------------------------------------------------------
# LSBATCH: User input
bash -c "basf2 etapip_gg_fit_v6_toymc_100.py 494 > /home/belle2/jaeyoung/storage_ghi/Ntuples_ghi_2/MC15ri_generic/MC15ri_etaetapip_tight_v2_240419_Kp_BCS_etapi0const/bsub_log//MC15ri_etapip_gg_fitv6_toyMC_100_494.log"
------------------------------------------------------------

Successfully completed.

Resource usage summary:

    CPU time :                                   2803.30 sec.
    Max Memory :                                 1312 MB
    Average Memory :                             961.85 MB
    Total Requested Memory :                     4000.00 MB
    Delta Memory :                               2688.00 MB
    Max Swap :                                   -
    Max Processes :                              19
    Max Threads :                                20
    Run time :                                   2831 sec.
    Turnaround time :                            2839 sec.

The output (if any) follows:



PS:

Read file <./bsub_log/494.err> for stderr output of this job.

Sender: LSF System <lsfadmin@ccb276>
Subject: Job 55516375: <bash -c "basf2 etapip_gg_fit_v6_toymc_100.py 494 > /home/belle2/jaeyoung/storage_ghi/Ntuples_ghi_2/MC15ri_generic/MC15ri_etaetapip_tight_v2_240419_Kp_BCS_etapi0const/bsub_log//MC15ri_etapip_gg_fitv6_toyMC_100_494.log"> in cluster <centralcluster> Done

Job <bash -c "basf2 etapip_gg_fit_v6_toymc_100.py 494 > /home/belle2/jaeyoung/storage_ghi/Ntuples_ghi_2/MC15ri_generic/MC15ri_etaetapip_tight_v2_240419_Kp_BCS_etapi0const/bsub_log//MC15ri_etapip_gg_fitv6_toyMC_100_494.log"> was submitted from host <ccw01> by user <jaeyoung> in cluster <centralcluster> at Thu Jul 25 20:52:18 2024
Job was executed on host(s) <ccb276>, in queue <s>, as user <jaeyoung> in cluster <centralcluster> at Thu Jul 25 20:52:21 2024
</home/belle2/jaeyoung> was used as the home directory.
</gpfs/home/belle2/jaeyoung/workspace/DRAW_and_FITTING/main/FITTING/etapip/MC15ri_generic/tight_v2_fit_v6/ToyMC> was used as the working directory.
Started at Thu Jul 25 20:52:21 2024
Terminated at Thu Jul 25 21:41:17 2024
Results reported at Thu Jul 25 21:41:17 2024

Your job looked like:

------------------------------------------------------------
# LSBATCH: User input
bash -c "basf2 etapip_gg_fit_v6_toymc_100.py 494 > /home/belle2/jaeyoung/storage_ghi/Ntuples_ghi_2/MC15ri_generic/MC15ri_etaetapip_tight_v2_240419_Kp_BCS_etapi0const/bsub_log//MC15ri_etapip_gg_fitv6_toyMC_100_494.log"
------------------------------------------------------------

Successfully completed.

Resource usage summary:

    CPU time :                                   2903.89 sec.
    Max Memory :                                 1313 MB
    Average Memory :                             940.28 MB
    Total Requested Memory :                     4000.00 MB
    Delta Memory :                               2687.00 MB
    Max Swap :                                   -
    Max Processes :                              19
    Max Threads :                                20
    Run time :                                   2936 sec.
    Turnaround time :                            2939 sec.

The output (if any) follows:



PS:

Read file <./bsub_log/494.err> for stderr output of this job.

Sender: LSF System <lsfadmin@ccb111>
Subject: Job 56104133: <bash -c "basf2 etapip_gg_fit_v6_toymc_100.py 494 > /home/belle2/jaeyoung/storage_ghi/Ntuples_ghi_2/MC15ri_generic/MC15ri_etaetapip_tight_v2_240419_Kp_BCS_etapi0const/bsub_log//MC15ri_etapip_gg_fitv6_toyMC_100_494.log"> in cluster <centralcluster> Done

Job <bash -c "basf2 etapip_gg_fit_v6_toymc_100.py 494 > /home/belle2/jaeyoung/storage_ghi/Ntuples_ghi_2/MC15ri_generic/MC15ri_etaetapip_tight_v2_240419_Kp_BCS_etapi0const/bsub_log//MC15ri_etapip_gg_fitv6_toyMC_100_494.log"> was submitted from host <ccw06> by user <jaeyoung> in cluster <centralcluster> at Fri Jul 26 23:44:54 2024
Job was executed on host(s) <ccb111>, in queue <s>, as user <jaeyoung> in cluster <centralcluster> at Sat Jul 27 00:32:40 2024
</home/belle2/jaeyoung> was used as the home directory.
</home/belle2/jaeyoung/workspace/DRAW_and_FITTING/main/FITTING/etapip/MC15ri_generic/tight_v2_fit_v6/ToyMC> was used as the working directory.
Started at Sat Jul 27 00:32:40 2024
Terminated at Sat Jul 27 01:05:02 2024
Results reported at Sat Jul 27 01:05:02 2024

Your job looked like:

------------------------------------------------------------
# LSBATCH: User input
bash -c "basf2 etapip_gg_fit_v6_toymc_100.py 494 > /home/belle2/jaeyoung/storage_ghi/Ntuples_ghi_2/MC15ri_generic/MC15ri_etaetapip_tight_v2_240419_Kp_BCS_etapi0const/bsub_log//MC15ri_etapip_gg_fitv6_toyMC_100_494.log"
------------------------------------------------------------

Successfully completed.

Resource usage summary:

    CPU time :                                   1933.08 sec.
    Max Memory :                                 944 MB
    Average Memory :                             669.50 MB
    Total Requested Memory :                     4000.00 MB
    Delta Memory :                               3056.00 MB
    Max Swap :                                   -
    Max Processes :                              19
    Max Threads :                                20
    Run time :                                   1943 sec.
    Turnaround time :                            4808 sec.

The output (if any) follows:



PS:

Read file <./bsub_log/494.err> for stderr output of this job.

Sender: LSF System <lsfadmin@ccb215>
Subject: Job 56133883: <bash -c "basf2 etapip_gg_fit_v6_toymc_100.py 494 > /home/belle2/jaeyoung/storage_ghi/Ntuples_ghi_2/MC15ri_generic/MC15ri_etaetapip_tight_v2_240419_Kp_BCS_etapi0const/bsub_log//MC15ri_etapip_gg_fitv6_toyMC_100_494.log"> in cluster <centralcluster> Done

Job <bash -c "basf2 etapip_gg_fit_v6_toymc_100.py 494 > /home/belle2/jaeyoung/storage_ghi/Ntuples_ghi_2/MC15ri_generic/MC15ri_etaetapip_tight_v2_240419_Kp_BCS_etapi0const/bsub_log//MC15ri_etapip_gg_fitv6_toyMC_100_494.log"> was submitted from host <ccw03> by user <jaeyoung> in cluster <centralcluster> at Sat Jul 27 01:14:27 2024
Job was executed on host(s) <ccb215>, in queue <s>, as user <jaeyoung> in cluster <centralcluster> at Sat Jul 27 03:05:52 2024
</home/belle2/jaeyoung> was used as the home directory.
</gpfs/home/belle2/jaeyoung/workspace/DRAW_and_FITTING/main/FITTING/etapip/MC15ri_generic/tight_v2_fit_v6/ToyMC> was used as the working directory.
Started at Sat Jul 27 03:05:52 2024
Terminated at Sat Jul 27 03:52:27 2024
Results reported at Sat Jul 27 03:52:27 2024

Your job looked like:

------------------------------------------------------------
# LSBATCH: User input
bash -c "basf2 etapip_gg_fit_v6_toymc_100.py 494 > /home/belle2/jaeyoung/storage_ghi/Ntuples_ghi_2/MC15ri_generic/MC15ri_etaetapip_tight_v2_240419_Kp_BCS_etapi0const/bsub_log//MC15ri_etapip_gg_fitv6_toyMC_100_494.log"
------------------------------------------------------------

Successfully completed.

Resource usage summary:

    CPU time :                                   2742.68 sec.
    Max Memory :                                 953 MB
    Average Memory :                             707.25 MB
    Total Requested Memory :                     4000.00 MB
    Delta Memory :                               3047.00 MB
    Max Swap :                                   -
    Max Processes :                              19
    Max Threads :                                20
    Run time :                                   2796 sec.
    Turnaround time :                            9480 sec.

The output (if any) follows:



PS:

Read file <./bsub_log/494.err> for stderr output of this job.

