Sender: LSF System <lsfadmin@ccb082>
Subject: Job 52359872: <bash -c "basf2 etapip_gg_fit_v6_toymc_100.py 498 > /home/belle2/jaeyoung/storage_ghi/Ntuples_ghi_2/MC15ri_generic/MC15ri_etaetapip_tight_v2_240419_Kp_BCS_etapi0const/bsub_log//MC15ri_etapip_gg_fitv6_toyMC_100_498.log"> in cluster <centralcluster> Done

Job <bash -c "basf2 etapip_gg_fit_v6_toymc_100.py 498 > /home/belle2/jaeyoung/storage_ghi/Ntuples_ghi_2/MC15ri_generic/MC15ri_etaetapip_tight_v2_240419_Kp_BCS_etapi0const/bsub_log//MC15ri_etapip_gg_fitv6_toyMC_100_498.log"> was submitted from host <ccw02> by user <jaeyoung> in cluster <centralcluster> at Sat Jul 20 14:40:56 2024
Job was executed on host(s) <ccb082>, in queue <s>, as user <jaeyoung> in cluster <centralcluster> at Sat Jul 20 14:46:47 2024
</home/belle2/jaeyoung> was used as the home directory.
</home/belle2/jaeyoung/workspace/DRAW_and_FITTING/main/FITTING/etapip/MC15ri_generic/tight_v2_fit_v6/ToyMC> was used as the working directory.
Started at Sat Jul 20 14:46:47 2024
Terminated at Sat Jul 20 15:33:48 2024
Results reported at Sat Jul 20 15:33:48 2024

Your job looked like:

------------------------------------------------------------
# LSBATCH: User input
bash -c "basf2 etapip_gg_fit_v6_toymc_100.py 498 > /home/belle2/jaeyoung/storage_ghi/Ntuples_ghi_2/MC15ri_generic/MC15ri_etaetapip_tight_v2_240419_Kp_BCS_etapi0const/bsub_log//MC15ri_etapip_gg_fitv6_toyMC_100_498.log"
------------------------------------------------------------

Successfully completed.

Resource usage summary:

    CPU time :                                   2769.48 sec.
    Max Memory :                                 1320 MB
    Average Memory :                             981.53 MB
    Total Requested Memory :                     4000.00 MB
    Delta Memory :                               2680.00 MB
    Max Swap :                                   -
    Max Processes :                              19
    Max Threads :                                20
    Run time :                                   2821 sec.
    Turnaround time :                            3172 sec.

The output (if any) follows:



PS:

Read file <./bsub_log/498.err> for stderr output of this job.

Sender: LSF System <lsfadmin@ccb291>
Subject: Job 53030957: <bash -c "basf2 etapip_gg_fit_v6_toymc_100.py 498 > /home/belle2/jaeyoung/storage_ghi/Ntuples_ghi_2/MC15ri_generic/MC15ri_etaetapip_tight_v2_240419_Kp_BCS_etapi0const/bsub_log//MC15ri_etapip_gg_fitv6_toyMC_100_498.log"> in cluster <centralcluster> Done

Job <bash -c "basf2 etapip_gg_fit_v6_toymc_100.py 498 > /home/belle2/jaeyoung/storage_ghi/Ntuples_ghi_2/MC15ri_generic/MC15ri_etaetapip_tight_v2_240419_Kp_BCS_etapi0const/bsub_log//MC15ri_etapip_gg_fitv6_toyMC_100_498.log"> was submitted from host <ccw03> by user <jaeyoung> in cluster <centralcluster> at Sun Jul 21 17:32:17 2024
Job was executed on host(s) <ccb291>, in queue <s>, as user <jaeyoung> in cluster <centralcluster> at Sun Jul 21 17:33:04 2024
</home/belle2/jaeyoung> was used as the home directory.
</home/belle2/jaeyoung/workspace/DRAW_and_FITTING/main/FITTING/etapip/MC15ri_generic/tight_v2_fit_v6/ToyMC> was used as the working directory.
Started at Sun Jul 21 17:33:04 2024
Terminated at Sun Jul 21 18:21:28 2024
Results reported at Sun Jul 21 18:21:28 2024

Your job looked like:

------------------------------------------------------------
# LSBATCH: User input
bash -c "basf2 etapip_gg_fit_v6_toymc_100.py 498 > /home/belle2/jaeyoung/storage_ghi/Ntuples_ghi_2/MC15ri_generic/MC15ri_etaetapip_tight_v2_240419_Kp_BCS_etapi0const/bsub_log//MC15ri_etapip_gg_fitv6_toyMC_100_498.log"
------------------------------------------------------------

Successfully completed.

Resource usage summary:

    CPU time :                                   2882.09 sec.
    Max Memory :                                 1311 MB
    Average Memory :                             940.45 MB
    Total Requested Memory :                     4000.00 MB
    Delta Memory :                               2689.00 MB
    Max Swap :                                   -
    Max Processes :                              19
    Max Threads :                                20
    Run time :                                   2904 sec.
    Turnaround time :                            2951 sec.

The output (if any) follows:



PS:

Read file <./bsub_log/498.err> for stderr output of this job.

Sender: LSF System <lsfadmin@ccb271>
Subject: Job 53203318: <bash -c "basf2 etapip_gg_fit_v6_toymc_100.py 498 > /home/belle2/jaeyoung/storage_ghi/Ntuples_ghi_2/MC15ri_generic/MC15ri_etaetapip_tight_v2_240419_Kp_BCS_etapi0const/bsub_log//MC15ri_etapip_gg_fitv6_toyMC_100_498.log"> in cluster <centralcluster> Exited

Job <bash -c "basf2 etapip_gg_fit_v6_toymc_100.py 498 > /home/belle2/jaeyoung/storage_ghi/Ntuples_ghi_2/MC15ri_generic/MC15ri_etaetapip_tight_v2_240419_Kp_BCS_etapi0const/bsub_log//MC15ri_etapip_gg_fitv6_toyMC_100_498.log"> was submitted from host <ccw03> by user <jaeyoung> in cluster <centralcluster> at Mon Jul 22 00:51:26 2024
Job was executed on host(s) <ccb271>, in queue <s>, as user <jaeyoung> in cluster <centralcluster> at Mon Jul 22 00:53:27 2024
</home/belle2/jaeyoung> was used as the home directory.
</home/belle2/jaeyoung/workspace/DRAW_and_FITTING/main/FITTING/etapip/MC15ri_generic/tight_v2_fit_v6/ToyMC> was used as the working directory.
Started at Mon Jul 22 00:53:27 2024
Terminated at Mon Jul 22 01:10:24 2024
Results reported at Mon Jul 22 01:10:24 2024

Your job looked like:

------------------------------------------------------------
# LSBATCH: User input
bash -c "basf2 etapip_gg_fit_v6_toymc_100.py 498 > /home/belle2/jaeyoung/storage_ghi/Ntuples_ghi_2/MC15ri_generic/MC15ri_etaetapip_tight_v2_240419_Kp_BCS_etapi0const/bsub_log//MC15ri_etapip_gg_fitv6_toyMC_100_498.log"
------------------------------------------------------------

Exited with exit code 1.

Resource usage summary:

    CPU time :                                   1007.13 sec.
    Max Memory :                                 1255 MB
    Average Memory :                             1164.35 MB
    Total Requested Memory :                     4000.00 MB
    Delta Memory :                               2745.00 MB
    Max Swap :                                   -
    Max Processes :                              19
    Max Threads :                                20
    Run time :                                   1018 sec.
    Turnaround time :                            1138 sec.

The output (if any) follows:



PS:

Read file <./bsub_log/498.err> for stderr output of this job.

Sender: LSF System <lsfadmin@ccb568>
Subject: Job 53407510: <bash -c "basf2 etapip_gg_fit_v6_toymc_100.py 498 > /home/belle2/jaeyoung/storage_ghi/Ntuples_ghi_2/MC15ri_generic/MC15ri_etaetapip_tight_v2_240419_Kp_BCS_etapi0const/bsub_log//MC15ri_etapip_gg_fitv6_toyMC_100_498.log"> in cluster <centralcluster> Done

Job <bash -c "basf2 etapip_gg_fit_v6_toymc_100.py 498 > /home/belle2/jaeyoung/storage_ghi/Ntuples_ghi_2/MC15ri_generic/MC15ri_etaetapip_tight_v2_240419_Kp_BCS_etapi0const/bsub_log//MC15ri_etapip_gg_fitv6_toyMC_100_498.log"> was submitted from host <ccw06> by user <jaeyoung> in cluster <centralcluster> at Mon Jul 22 10:49:59 2024
Job was executed on host(s) <ccb568>, in queue <s>, as user <jaeyoung> in cluster <centralcluster> at Mon Jul 22 10:50:44 2024
</home/belle2/jaeyoung> was used as the home directory.
</home/belle2/jaeyoung/workspace/DRAW_and_FITTING/main/FITTING/etapip/MC15ri_generic/tight_v2_fit_v6/ToyMC> was used as the working directory.
Started at Mon Jul 22 10:50:44 2024
Terminated at Mon Jul 22 11:37:23 2024
Results reported at Mon Jul 22 11:37:23 2024

Your job looked like:

------------------------------------------------------------
# LSBATCH: User input
bash -c "basf2 etapip_gg_fit_v6_toymc_100.py 498 > /home/belle2/jaeyoung/storage_ghi/Ntuples_ghi_2/MC15ri_generic/MC15ri_etaetapip_tight_v2_240419_Kp_BCS_etapi0const/bsub_log//MC15ri_etapip_gg_fitv6_toyMC_100_498.log"
------------------------------------------------------------

Successfully completed.

Resource usage summary:

    CPU time :                                   2745.33 sec.
    Max Memory :                                 1310 MB
    Average Memory :                             946.20 MB
    Total Requested Memory :                     4000.00 MB
    Delta Memory :                               2690.00 MB
    Max Swap :                                   -
    Max Processes :                              19
    Max Threads :                                20
    Run time :                                   2800 sec.
    Turnaround time :                            2844 sec.

The output (if any) follows:



PS:

Read file <./bsub_log/498.err> for stderr output of this job.

Sender: LSF System <lsfadmin@ccb534>
Subject: Job 53599948: <bash -c "basf2 etapip_gg_fit_v6_toymc_100.py 498 > /home/belle2/jaeyoung/storage_ghi/Ntuples_ghi_2/MC15ri_generic/MC15ri_etaetapip_tight_v2_240419_Kp_BCS_etapi0const/bsub_log//MC15ri_etapip_gg_fitv6_toyMC_100_498.log"> in cluster <centralcluster> Done

Job <bash -c "basf2 etapip_gg_fit_v6_toymc_100.py 498 > /home/belle2/jaeyoung/storage_ghi/Ntuples_ghi_2/MC15ri_generic/MC15ri_etaetapip_tight_v2_240419_Kp_BCS_etapi0const/bsub_log//MC15ri_etapip_gg_fitv6_toyMC_100_498.log"> was submitted from host <ccw03> by user <jaeyoung> in cluster <centralcluster> at Mon Jul 22 18:36:14 2024
Job was executed on host(s) <ccb534>, in queue <s>, as user <jaeyoung> in cluster <centralcluster> at Mon Jul 22 18:39:35 2024
</home/belle2/jaeyoung> was used as the home directory.
</home/belle2/jaeyoung/workspace/DRAW_and_FITTING/main/FITTING/etapip/MC15ri_generic/tight_v2_fit_v6/ToyMC> was used as the working directory.
Started at Mon Jul 22 18:39:35 2024
Terminated at Mon Jul 22 19:26:47 2024
Results reported at Mon Jul 22 19:26:47 2024

Your job looked like:

------------------------------------------------------------
# LSBATCH: User input
bash -c "basf2 etapip_gg_fit_v6_toymc_100.py 498 > /home/belle2/jaeyoung/storage_ghi/Ntuples_ghi_2/MC15ri_generic/MC15ri_etaetapip_tight_v2_240419_Kp_BCS_etapi0const/bsub_log//MC15ri_etapip_gg_fitv6_toyMC_100_498.log"
------------------------------------------------------------

Successfully completed.

Resource usage summary:

    CPU time :                                   2802.85 sec.
    Max Memory :                                 1311 MB
    Average Memory :                             953.27 MB
    Total Requested Memory :                     4000.00 MB
    Delta Memory :                               2689.00 MB
    Max Swap :                                   -
    Max Processes :                              19
    Max Threads :                                20
    Run time :                                   2833 sec.
    Turnaround time :                            3033 sec.

The output (if any) follows:



PS:

Read file <./bsub_log/498.err> for stderr output of this job.

Sender: LSF System <lsfadmin@ccb215>
Subject: Job 53833377: <bash -c "basf2 etapip_gg_fit_v6_toymc_100.py 498 > /home/belle2/jaeyoung/storage_ghi/Ntuples_ghi_2/MC15ri_generic/MC15ri_etaetapip_tight_v2_240419_Kp_BCS_etapi0const/bsub_log//MC15ri_etapip_gg_fitv6_toyMC_100_498.log"> in cluster <centralcluster> Done

Job <bash -c "basf2 etapip_gg_fit_v6_toymc_100.py 498 > /home/belle2/jaeyoung/storage_ghi/Ntuples_ghi_2/MC15ri_generic/MC15ri_etaetapip_tight_v2_240419_Kp_BCS_etapi0const/bsub_log//MC15ri_etapip_gg_fitv6_toyMC_100_498.log"> was submitted from host <ccw05> by user <jaeyoung> in cluster <centralcluster> at Tue Jul 23 00:51:18 2024
Job was executed on host(s) <ccb215>, in queue <s>, as user <jaeyoung> in cluster <centralcluster> at Tue Jul 23 00:51:44 2024
</home/belle2/jaeyoung> was used as the home directory.
</home/belle2/jaeyoung/workspace/DRAW_and_FITTING/main/FITTING/etapip/MC15ri_generic/tight_v2_fit_v6/ToyMC> was used as the working directory.
Started at Tue Jul 23 00:51:44 2024
Terminated at Tue Jul 23 01:50:40 2024
Results reported at Tue Jul 23 01:50:40 2024

Your job looked like:

------------------------------------------------------------
# LSBATCH: User input
bash -c "basf2 etapip_gg_fit_v6_toymc_100.py 498 > /home/belle2/jaeyoung/storage_ghi/Ntuples_ghi_2/MC15ri_generic/MC15ri_etaetapip_tight_v2_240419_Kp_BCS_etapi0const/bsub_log//MC15ri_etapip_gg_fitv6_toyMC_100_498.log"
------------------------------------------------------------

Successfully completed.

Resource usage summary:

    CPU time :                                   3418.00 sec.
    Max Memory :                                 1311 MB
    Average Memory :                             973.17 MB
    Total Requested Memory :                     4000.00 MB
    Delta Memory :                               2689.00 MB
    Max Swap :                                   -
    Max Processes :                              19
    Max Threads :                                20
    Run time :                                   3537 sec.
    Turnaround time :                            3562 sec.

The output (if any) follows:



PS:

Read file <./bsub_log/498.err> for stderr output of this job.

Sender: LSF System <lsfadmin@ccb019>
Subject: Job 54398871: <bash -c "basf2 etapip_gg_fit_v6_toymc_100.py 498 > /home/belle2/jaeyoung/storage_ghi/Ntuples_ghi_2/MC15ri_generic/MC15ri_etaetapip_tight_v2_240419_Kp_BCS_etapi0const/bsub_log//MC15ri_etapip_gg_fitv6_toyMC_100_498.log"> in cluster <centralcluster> Exited

Job <bash -c "basf2 etapip_gg_fit_v6_toymc_100.py 498 > /home/belle2/jaeyoung/storage_ghi/Ntuples_ghi_2/MC15ri_generic/MC15ri_etaetapip_tight_v2_240419_Kp_BCS_etapi0const/bsub_log//MC15ri_etapip_gg_fitv6_toyMC_100_498.log"> was submitted from host <ccw04> by user <jaeyoung> in cluster <centralcluster> at Tue Jul 23 18:00:31 2024
Job was executed on host(s) <ccb019>, in queue <s>, as user <jaeyoung> in cluster <centralcluster> at Tue Jul 23 18:48:35 2024
</home/belle2/jaeyoung> was used as the home directory.
</home/belle2/jaeyoung/workspace/DRAW_and_FITTING/main/FITTING/etapip/MC15ri_generic/tight_v2_fit_v6/ToyMC> was used as the working directory.
Started at Tue Jul 23 18:48:35 2024
Terminated at Tue Jul 23 19:35:32 2024
Results reported at Tue Jul 23 19:35:32 2024

Your job looked like:

------------------------------------------------------------
# LSBATCH: User input
bash -c "basf2 etapip_gg_fit_v6_toymc_100.py 498 > /home/belle2/jaeyoung/storage_ghi/Ntuples_ghi_2/MC15ri_generic/MC15ri_etaetapip_tight_v2_240419_Kp_BCS_etapi0const/bsub_log//MC15ri_etapip_gg_fitv6_toyMC_100_498.log"
------------------------------------------------------------

TERM_OWNER: job killed by owner.
Exited with exit code 1.

Resource usage summary:

    CPU time :                                   2807.75 sec.
    Max Memory :                                 1313 MB
    Average Memory :                             966.39 MB
    Total Requested Memory :                     4000.00 MB
    Delta Memory :                               2687.00 MB
    Max Swap :                                   -
    Max Processes :                              19
    Max Threads :                                20
    Run time :                                   2817 sec.
    Turnaround time :                            5701 sec.

The output (if any) follows:



PS:

Read file <./bsub_log/498.err> for stderr output of this job.

