Sender: LSF System <lsfadmin@ccb092>
Subject: Job 51906871: <bash -c "basf2 etapip_gg_fit_v6_toymc_100.py 52 > /home/belle2/jaeyoung/storage_ghi/Ntuples_ghi_2/MC15ri_generic/MC15ri_etaetapip_tight_v2_240419_Kp_BCS_etapi0const/bsub_log//MC15ri_etapip_gg_fitv6_toyMC_100_52.log"> in cluster <centralcluster> Done

Job <bash -c "basf2 etapip_gg_fit_v6_toymc_100.py 52 > /home/belle2/jaeyoung/storage_ghi/Ntuples_ghi_2/MC15ri_generic/MC15ri_etaetapip_tight_v2_240419_Kp_BCS_etapi0const/bsub_log//MC15ri_etapip_gg_fitv6_toyMC_100_52.log"> was submitted from host <ccw03> by user <jaeyoung> in cluster <centralcluster> at Fri Jul 19 17:59:57 2024
Job was executed on host(s) <ccb092>, in queue <s>, as user <jaeyoung> in cluster <centralcluster> at Fri Jul 19 17:59:58 2024
</home/belle2/jaeyoung> was used as the home directory.
</home/belle2/jaeyoung/workspace/DRAW_and_FITTING/main/FITTING/etapip/MC15ri_generic/tight_v2_fit_v6/ToyMC> was used as the working directory.
Started at Fri Jul 19 17:59:58 2024
Terminated at Fri Jul 19 18:48:14 2024
Results reported at Fri Jul 19 18:48:14 2024

Your job looked like:

------------------------------------------------------------
# LSBATCH: User input
bash -c "basf2 etapip_gg_fit_v6_toymc_100.py 52 > /home/belle2/jaeyoung/storage_ghi/Ntuples_ghi_2/MC15ri_generic/MC15ri_etaetapip_tight_v2_240419_Kp_BCS_etapi0const/bsub_log//MC15ri_etapip_gg_fitv6_toyMC_100_52.log"
------------------------------------------------------------

Successfully completed.

Resource usage summary:

    CPU time :                                   2859.96 sec.
    Max Memory :                                 1313 MB
    Average Memory :                             941.88 MB
    Total Requested Memory :                     4000.00 MB
    Delta Memory :                               2687.00 MB
    Max Swap :                                   -
    Max Processes :                              19
    Max Threads :                                20
    Run time :                                   2897 sec.
    Turnaround time :                            2897 sec.

The output (if any) follows:



PS:

Read file <./bsub_log/52.err> for stderr output of this job.

Sender: LSF System <lsfadmin@ccb156>
Subject: Job 52358958: <bash -c "basf2 etapip_gg_fit_v6_toymc_100.py 52 > /home/belle2/jaeyoung/storage_ghi/Ntuples_ghi_2/MC15ri_generic/MC15ri_etaetapip_tight_v2_240419_Kp_BCS_etapi0const/bsub_log//MC15ri_etapip_gg_fitv6_toyMC_100_52.log"> in cluster <centralcluster> Done

Job <bash -c "basf2 etapip_gg_fit_v6_toymc_100.py 52 > /home/belle2/jaeyoung/storage_ghi/Ntuples_ghi_2/MC15ri_generic/MC15ri_etaetapip_tight_v2_240419_Kp_BCS_etapi0const/bsub_log//MC15ri_etapip_gg_fitv6_toyMC_100_52.log"> was submitted from host <ccw02> by user <jaeyoung> in cluster <centralcluster> at Sat Jul 20 14:38:21 2024
Job was executed on host(s) <ccb156>, in queue <s>, as user <jaeyoung> in cluster <centralcluster> at Sat Jul 20 14:38:30 2024
</home/belle2/jaeyoung> was used as the home directory.
</home/belle2/jaeyoung/workspace/DRAW_and_FITTING/main/FITTING/etapip/MC15ri_generic/tight_v2_fit_v6/ToyMC> was used as the working directory.
Started at Sat Jul 20 14:38:30 2024
Terminated at Sat Jul 20 15:26:19 2024
Results reported at Sat Jul 20 15:26:19 2024

Your job looked like:

------------------------------------------------------------
# LSBATCH: User input
bash -c "basf2 etapip_gg_fit_v6_toymc_100.py 52 > /home/belle2/jaeyoung/storage_ghi/Ntuples_ghi_2/MC15ri_generic/MC15ri_etaetapip_tight_v2_240419_Kp_BCS_etapi0const/bsub_log//MC15ri_etapip_gg_fitv6_toyMC_100_52.log"
------------------------------------------------------------

Successfully completed.

Resource usage summary:

    CPU time :                                   2840.55 sec.
    Max Memory :                                 1311 MB
    Average Memory :                             933.65 MB
    Total Requested Memory :                     4000.00 MB
    Delta Memory :                               2689.00 MB
    Max Swap :                                   -
    Max Processes :                              19
    Max Threads :                                20
    Run time :                                   2870 sec.
    Turnaround time :                            2878 sec.

The output (if any) follows:



PS:

Read file <./bsub_log/52.err> for stderr output of this job.

Sender: LSF System <lsfadmin@ccb091>
Subject: Job 53029176: <bash -c "basf2 etapip_gg_fit_v6_toymc_100.py 52 > /home/belle2/jaeyoung/storage_ghi/Ntuples_ghi_2/MC15ri_generic/MC15ri_etaetapip_tight_v2_240419_Kp_BCS_etapi0const/bsub_log//MC15ri_etapip_gg_fitv6_toyMC_100_52.log"> in cluster <centralcluster> Done

Job <bash -c "basf2 etapip_gg_fit_v6_toymc_100.py 52 > /home/belle2/jaeyoung/storage_ghi/Ntuples_ghi_2/MC15ri_generic/MC15ri_etaetapip_tight_v2_240419_Kp_BCS_etapi0const/bsub_log//MC15ri_etapip_gg_fitv6_toyMC_100_52.log"> was submitted from host <ccw03> by user <jaeyoung> in cluster <centralcluster> at Sun Jul 21 17:29:46 2024
Job was executed on host(s) <ccb091>, in queue <s>, as user <jaeyoung> in cluster <centralcluster> at Sun Jul 21 17:29:59 2024
</home/belle2/jaeyoung> was used as the home directory.
</home/belle2/jaeyoung/workspace/DRAW_and_FITTING/main/FITTING/etapip/MC15ri_generic/tight_v2_fit_v6/ToyMC> was used as the working directory.
Started at Sun Jul 21 17:29:59 2024
Terminated at Sun Jul 21 18:17:38 2024
Results reported at Sun Jul 21 18:17:38 2024

Your job looked like:

------------------------------------------------------------
# LSBATCH: User input
bash -c "basf2 etapip_gg_fit_v6_toymc_100.py 52 > /home/belle2/jaeyoung/storage_ghi/Ntuples_ghi_2/MC15ri_generic/MC15ri_etaetapip_tight_v2_240419_Kp_BCS_etapi0const/bsub_log//MC15ri_etapip_gg_fitv6_toyMC_100_52.log"
------------------------------------------------------------

Successfully completed.

Resource usage summary:

    CPU time :                                   2826.23 sec.
    Max Memory :                                 1311 MB
    Average Memory :                             939.94 MB
    Total Requested Memory :                     4000.00 MB
    Delta Memory :                               2689.00 MB
    Max Swap :                                   -
    Max Processes :                              19
    Max Threads :                                20
    Run time :                                   2859 sec.
    Turnaround time :                            2872 sec.

The output (if any) follows:



PS:

Read file <./bsub_log/52.err> for stderr output of this job.

Sender: LSF System <lsfadmin@ccb064>
Subject: Job 53201991: <bash -c "basf2 etapip_gg_fit_v6_toymc_100.py 52 > /home/belle2/jaeyoung/storage_ghi/Ntuples_ghi_2/MC15ri_generic/MC15ri_etaetapip_tight_v2_240419_Kp_BCS_etapi0const/bsub_log//MC15ri_etapip_gg_fitv6_toyMC_100_52.log"> in cluster <centralcluster> Exited

Job <bash -c "basf2 etapip_gg_fit_v6_toymc_100.py 52 > /home/belle2/jaeyoung/storage_ghi/Ntuples_ghi_2/MC15ri_generic/MC15ri_etaetapip_tight_v2_240419_Kp_BCS_etapi0const/bsub_log//MC15ri_etapip_gg_fitv6_toyMC_100_52.log"> was submitted from host <ccw03> by user <jaeyoung> in cluster <centralcluster> at Mon Jul 22 00:48:45 2024
Job was executed on host(s) <ccb064>, in queue <s>, as user <jaeyoung> in cluster <centralcluster> at Mon Jul 22 00:48:51 2024
</home/belle2/jaeyoung> was used as the home directory.
</home/belle2/jaeyoung/workspace/DRAW_and_FITTING/main/FITTING/etapip/MC15ri_generic/tight_v2_fit_v6/ToyMC> was used as the working directory.
Started at Mon Jul 22 00:48:51 2024
Terminated at Mon Jul 22 01:06:09 2024
Results reported at Mon Jul 22 01:06:09 2024

Your job looked like:

------------------------------------------------------------
# LSBATCH: User input
bash -c "basf2 etapip_gg_fit_v6_toymc_100.py 52 > /home/belle2/jaeyoung/storage_ghi/Ntuples_ghi_2/MC15ri_generic/MC15ri_etaetapip_tight_v2_240419_Kp_BCS_etapi0const/bsub_log//MC15ri_etapip_gg_fitv6_toyMC_100_52.log"
------------------------------------------------------------

Exited with exit code 1.

Resource usage summary:

    CPU time :                                   1031.65 sec.
    Max Memory :                                 1312 MB
    Average Memory :                             1224.79 MB
    Total Requested Memory :                     4000.00 MB
    Delta Memory :                               2688.00 MB
    Max Swap :                                   -
    Max Processes :                              19
    Max Threads :                                20
    Run time :                                   1038 sec.
    Turnaround time :                            1044 sec.

The output (if any) follows:



PS:

Read file <./bsub_log/52.err> for stderr output of this job.

Sender: LSF System <lsfadmin@ccb055>
Subject: Job 53406489: <bash -c "basf2 etapip_gg_fit_v6_toymc_100.py 52 > /home/belle2/jaeyoung/storage_ghi/Ntuples_ghi_2/MC15ri_generic/MC15ri_etaetapip_tight_v2_240419_Kp_BCS_etapi0const/bsub_log//MC15ri_etapip_gg_fitv6_toyMC_100_52.log"> in cluster <centralcluster> Done

Job <bash -c "basf2 etapip_gg_fit_v6_toymc_100.py 52 > /home/belle2/jaeyoung/storage_ghi/Ntuples_ghi_2/MC15ri_generic/MC15ri_etaetapip_tight_v2_240419_Kp_BCS_etapi0const/bsub_log//MC15ri_etapip_gg_fitv6_toyMC_100_52.log"> was submitted from host <ccw06> by user <jaeyoung> in cluster <centralcluster> at Mon Jul 22 10:47:49 2024
Job was executed on host(s) <ccb055>, in queue <s>, as user <jaeyoung> in cluster <centralcluster> at Mon Jul 22 10:47:51 2024
</home/belle2/jaeyoung> was used as the home directory.
</home/belle2/jaeyoung/workspace/DRAW_and_FITTING/main/FITTING/etapip/MC15ri_generic/tight_v2_fit_v6/ToyMC> was used as the working directory.
Started at Mon Jul 22 10:47:51 2024
Terminated at Mon Jul 22 11:33:57 2024
Results reported at Mon Jul 22 11:33:57 2024

Your job looked like:

------------------------------------------------------------
# LSBATCH: User input
bash -c "basf2 etapip_gg_fit_v6_toymc_100.py 52 > /home/belle2/jaeyoung/storage_ghi/Ntuples_ghi_2/MC15ri_generic/MC15ri_etaetapip_tight_v2_240419_Kp_BCS_etapi0const/bsub_log//MC15ri_etapip_gg_fitv6_toyMC_100_52.log"
------------------------------------------------------------

Successfully completed.

Resource usage summary:

    CPU time :                                   2741.05 sec.
    Max Memory :                                 1311 MB
    Average Memory :                             935.10 MB
    Total Requested Memory :                     4000.00 MB
    Delta Memory :                               2689.00 MB
    Max Swap :                                   -
    Max Processes :                              19
    Max Threads :                                20
    Run time :                                   2767 sec.
    Turnaround time :                            2768 sec.

The output (if any) follows:



PS:

Read file <./bsub_log/52.err> for stderr output of this job.

Sender: LSF System <lsfadmin@ccb062>
Subject: Job 53598357: <bash -c "basf2 etapip_gg_fit_v6_toymc_100.py 52 > /home/belle2/jaeyoung/storage_ghi/Ntuples_ghi_2/MC15ri_generic/MC15ri_etaetapip_tight_v2_240419_Kp_BCS_etapi0const/bsub_log//MC15ri_etapip_gg_fitv6_toyMC_100_52.log"> in cluster <centralcluster> Done

Job <bash -c "basf2 etapip_gg_fit_v6_toymc_100.py 52 > /home/belle2/jaeyoung/storage_ghi/Ntuples_ghi_2/MC15ri_generic/MC15ri_etaetapip_tight_v2_240419_Kp_BCS_etapi0const/bsub_log//MC15ri_etapip_gg_fitv6_toyMC_100_52.log"> was submitted from host <ccw03> by user <jaeyoung> in cluster <centralcluster> at Mon Jul 22 18:33:48 2024
Job was executed on host(s) <ccb062>, in queue <s>, as user <jaeyoung> in cluster <centralcluster> at Mon Jul 22 18:33:55 2024
</home/belle2/jaeyoung> was used as the home directory.
</home/belle2/jaeyoung/workspace/DRAW_and_FITTING/main/FITTING/etapip/MC15ri_generic/tight_v2_fit_v6/ToyMC> was used as the working directory.
Started at Mon Jul 22 18:33:55 2024
Terminated at Mon Jul 22 19:19:48 2024
Results reported at Mon Jul 22 19:19:48 2024

Your job looked like:

------------------------------------------------------------
# LSBATCH: User input
bash -c "basf2 etapip_gg_fit_v6_toymc_100.py 52 > /home/belle2/jaeyoung/storage_ghi/Ntuples_ghi_2/MC15ri_generic/MC15ri_etaetapip_tight_v2_240419_Kp_BCS_etapi0const/bsub_log//MC15ri_etapip_gg_fitv6_toyMC_100_52.log"
------------------------------------------------------------

Successfully completed.

Resource usage summary:

    CPU time :                                   2743.10 sec.
    Max Memory :                                 1374 MB
    Average Memory :                             1038.15 MB
    Total Requested Memory :                     4000.00 MB
    Delta Memory :                               2626.00 MB
    Max Swap :                                   -
    Max Processes :                              19
    Max Threads :                                20
    Run time :                                   2754 sec.
    Turnaround time :                            2760 sec.

The output (if any) follows:



PS:

Read file <./bsub_log/52.err> for stderr output of this job.

Sender: LSF System <lsfadmin@ccb019>
Subject: Job 53831241: <bash -c "basf2 etapip_gg_fit_v6_toymc_100.py 52 > /home/belle2/jaeyoung/storage_ghi/Ntuples_ghi_2/MC15ri_generic/MC15ri_etaetapip_tight_v2_240419_Kp_BCS_etapi0const/bsub_log//MC15ri_etapip_gg_fitv6_toyMC_100_52.log"> in cluster <centralcluster> Done

Job <bash -c "basf2 etapip_gg_fit_v6_toymc_100.py 52 > /home/belle2/jaeyoung/storage_ghi/Ntuples_ghi_2/MC15ri_generic/MC15ri_etaetapip_tight_v2_240419_Kp_BCS_etapi0const/bsub_log//MC15ri_etapip_gg_fitv6_toyMC_100_52.log"> was submitted from host <ccw05> by user <jaeyoung> in cluster <centralcluster> at Tue Jul 23 00:48:22 2024
Job was executed on host(s) <ccb019>, in queue <s>, as user <jaeyoung> in cluster <centralcluster> at Tue Jul 23 00:48:34 2024
</home/belle2/jaeyoung> was used as the home directory.
</home/belle2/jaeyoung/workspace/DRAW_and_FITTING/main/FITTING/etapip/MC15ri_generic/tight_v2_fit_v6/ToyMC> was used as the working directory.
Started at Tue Jul 23 00:48:34 2024
Terminated at Tue Jul 23 01:35:22 2024
Results reported at Tue Jul 23 01:35:22 2024

Your job looked like:

------------------------------------------------------------
# LSBATCH: User input
bash -c "basf2 etapip_gg_fit_v6_toymc_100.py 52 > /home/belle2/jaeyoung/storage_ghi/Ntuples_ghi_2/MC15ri_generic/MC15ri_etaetapip_tight_v2_240419_Kp_BCS_etapi0const/bsub_log//MC15ri_etapip_gg_fitv6_toyMC_100_52.log"
------------------------------------------------------------

Successfully completed.

Resource usage summary:

    CPU time :                                   2766.64 sec.
    Max Memory :                                 1311 MB
    Average Memory :                             944.11 MB
    Total Requested Memory :                     4000.00 MB
    Delta Memory :                               2689.00 MB
    Max Swap :                                   -
    Max Processes :                              19
    Max Threads :                                20
    Run time :                                   2808 sec.
    Turnaround time :                            2820 sec.

The output (if any) follows:



PS:

Read file <./bsub_log/52.err> for stderr output of this job.

Sender: LSF System <lsfadmin@ccb048>
Subject: Job 54396473: <bash -c "basf2 etapip_gg_fit_v6_toymc_100.py 52 > /home/belle2/jaeyoung/storage_ghi/Ntuples_ghi_2/MC15ri_generic/MC15ri_etaetapip_tight_v2_240419_Kp_BCS_etapi0const/bsub_log//MC15ri_etapip_gg_fitv6_toyMC_100_52.log"> in cluster <centralcluster> Done

Job <bash -c "basf2 etapip_gg_fit_v6_toymc_100.py 52 > /home/belle2/jaeyoung/storage_ghi/Ntuples_ghi_2/MC15ri_generic/MC15ri_etaetapip_tight_v2_240419_Kp_BCS_etapi0const/bsub_log//MC15ri_etapip_gg_fitv6_toyMC_100_52.log"> was submitted from host <ccw04> by user <jaeyoung> in cluster <centralcluster> at Tue Jul 23 17:57:51 2024
Job was executed on host(s) <ccb048>, in queue <s>, as user <jaeyoung> in cluster <centralcluster> at Tue Jul 23 17:59:13 2024
</home/belle2/jaeyoung> was used as the home directory.
</home/belle2/jaeyoung/workspace/DRAW_and_FITTING/main/FITTING/etapip/MC15ri_generic/tight_v2_fit_v6/ToyMC> was used as the working directory.
Started at Tue Jul 23 17:59:13 2024
Terminated at Tue Jul 23 18:45:41 2024
Results reported at Tue Jul 23 18:45:41 2024

Your job looked like:

------------------------------------------------------------
# LSBATCH: User input
bash -c "basf2 etapip_gg_fit_v6_toymc_100.py 52 > /home/belle2/jaeyoung/storage_ghi/Ntuples_ghi_2/MC15ri_generic/MC15ri_etaetapip_tight_v2_240419_Kp_BCS_etapi0const/bsub_log//MC15ri_etapip_gg_fitv6_toyMC_100_52.log"
------------------------------------------------------------

Successfully completed.

Resource usage summary:

    CPU time :                                   2751.69 sec.
    Max Memory :                                 1313 MB
    Average Memory :                             968.15 MB
    Total Requested Memory :                     4000.00 MB
    Delta Memory :                               2687.00 MB
    Max Swap :                                   -
    Max Processes :                              19
    Max Threads :                                20
    Run time :                                   2789 sec.
    Turnaround time :                            2870 sec.

The output (if any) follows:



PS:

Read file <./bsub_log/52.err> for stderr output of this job.

