Sender: LSF System <lsfadmin@ccb065>
Subject: Job 51906891: <bash -c "basf2 etapip_gg_fit_v6_toymc_100.py 56 > /home/belle2/jaeyoung/storage_ghi/Ntuples_ghi_2/MC15ri_generic/MC15ri_etaetapip_tight_v2_240419_Kp_BCS_etapi0const/bsub_log//MC15ri_etapip_gg_fitv6_toyMC_100_56.log"> in cluster <centralcluster> Done

Job <bash -c "basf2 etapip_gg_fit_v6_toymc_100.py 56 > /home/belle2/jaeyoung/storage_ghi/Ntuples_ghi_2/MC15ri_generic/MC15ri_etaetapip_tight_v2_240419_Kp_BCS_etapi0const/bsub_log//MC15ri_etapip_gg_fitv6_toyMC_100_56.log"> was submitted from host <ccw03> by user <jaeyoung> in cluster <centralcluster> at Fri Jul 19 17:59:59 2024
Job was executed on host(s) <ccb065>, in queue <s>, as user <jaeyoung> in cluster <centralcluster> at Fri Jul 19 18:00:00 2024
</home/belle2/jaeyoung> was used as the home directory.
</home/belle2/jaeyoung/workspace/DRAW_and_FITTING/main/FITTING/etapip/MC15ri_generic/tight_v2_fit_v6/ToyMC> was used as the working directory.
Started at Fri Jul 19 18:00:00 2024
Terminated at Fri Jul 19 18:50:47 2024
Results reported at Fri Jul 19 18:50:47 2024

Your job looked like:

------------------------------------------------------------
# LSBATCH: User input
bash -c "basf2 etapip_gg_fit_v6_toymc_100.py 56 > /home/belle2/jaeyoung/storage_ghi/Ntuples_ghi_2/MC15ri_generic/MC15ri_etaetapip_tight_v2_240419_Kp_BCS_etapi0const/bsub_log//MC15ri_etapip_gg_fitv6_toyMC_100_56.log"
------------------------------------------------------------

Successfully completed.

Resource usage summary:

    CPU time :                                   2999.33 sec.
    Max Memory :                                 1314 MB
    Average Memory :                             942.80 MB
    Total Requested Memory :                     4000.00 MB
    Delta Memory :                               2686.00 MB
    Max Swap :                                   -
    Max Processes :                              19
    Max Threads :                                20
    Run time :                                   3047 sec.
    Turnaround time :                            3048 sec.

The output (if any) follows:



PS:

Read file <./bsub_log/56.err> for stderr output of this job.

Sender: LSF System <lsfadmin@ccb002>
Subject: Job 52358977: <bash -c "basf2 etapip_gg_fit_v6_toymc_100.py 56 > /home/belle2/jaeyoung/storage_ghi/Ntuples_ghi_2/MC15ri_generic/MC15ri_etaetapip_tight_v2_240419_Kp_BCS_etapi0const/bsub_log//MC15ri_etapip_gg_fitv6_toyMC_100_56.log"> in cluster <centralcluster> Done

Job <bash -c "basf2 etapip_gg_fit_v6_toymc_100.py 56 > /home/belle2/jaeyoung/storage_ghi/Ntuples_ghi_2/MC15ri_generic/MC15ri_etaetapip_tight_v2_240419_Kp_BCS_etapi0const/bsub_log//MC15ri_etapip_gg_fitv6_toyMC_100_56.log"> was submitted from host <ccw02> by user <jaeyoung> in cluster <centralcluster> at Sat Jul 20 14:38:22 2024
Job was executed on host(s) <ccb002>, in queue <s>, as user <jaeyoung> in cluster <centralcluster> at Sat Jul 20 14:38:34 2024
</home/belle2/jaeyoung> was used as the home directory.
</home/belle2/jaeyoung/workspace/DRAW_and_FITTING/main/FITTING/etapip/MC15ri_generic/tight_v2_fit_v6/ToyMC> was used as the working directory.
Started at Sat Jul 20 14:38:34 2024
Terminated at Sat Jul 20 15:27:51 2024
Results reported at Sat Jul 20 15:27:51 2024

Your job looked like:

------------------------------------------------------------
# LSBATCH: User input
bash -c "basf2 etapip_gg_fit_v6_toymc_100.py 56 > /home/belle2/jaeyoung/storage_ghi/Ntuples_ghi_2/MC15ri_generic/MC15ri_etaetapip_tight_v2_240419_Kp_BCS_etapi0const/bsub_log//MC15ri_etapip_gg_fitv6_toyMC_100_56.log"
------------------------------------------------------------

Successfully completed.

Resource usage summary:

    CPU time :                                   2936.39 sec.
    Max Memory :                                 1337 MB
    Average Memory :                             972.03 MB
    Total Requested Memory :                     4000.00 MB
    Delta Memory :                               2663.00 MB
    Max Swap :                                   -
    Max Processes :                              19
    Max Threads :                                20
    Run time :                                   2957 sec.
    Turnaround time :                            2969 sec.

The output (if any) follows:



PS:

Read file <./bsub_log/56.err> for stderr output of this job.

Sender: LSF System <lsfadmin@ccb147>
Subject: Job 53029191: <bash -c "basf2 etapip_gg_fit_v6_toymc_100.py 56 > /home/belle2/jaeyoung/storage_ghi/Ntuples_ghi_2/MC15ri_generic/MC15ri_etaetapip_tight_v2_240419_Kp_BCS_etapi0const/bsub_log//MC15ri_etapip_gg_fitv6_toyMC_100_56.log"> in cluster <centralcluster> Done

Job <bash -c "basf2 etapip_gg_fit_v6_toymc_100.py 56 > /home/belle2/jaeyoung/storage_ghi/Ntuples_ghi_2/MC15ri_generic/MC15ri_etaetapip_tight_v2_240419_Kp_BCS_etapi0const/bsub_log//MC15ri_etapip_gg_fitv6_toyMC_100_56.log"> was submitted from host <ccw03> by user <jaeyoung> in cluster <centralcluster> at Sun Jul 21 17:29:47 2024
Job was executed on host(s) <ccb147>, in queue <s>, as user <jaeyoung> in cluster <centralcluster> at Sun Jul 21 17:30:03 2024
</home/belle2/jaeyoung> was used as the home directory.
</home/belle2/jaeyoung/workspace/DRAW_and_FITTING/main/FITTING/etapip/MC15ri_generic/tight_v2_fit_v6/ToyMC> was used as the working directory.
Started at Sun Jul 21 17:30:03 2024
Terminated at Sun Jul 21 18:16:54 2024
Results reported at Sun Jul 21 18:16:54 2024

Your job looked like:

------------------------------------------------------------
# LSBATCH: User input
bash -c "basf2 etapip_gg_fit_v6_toymc_100.py 56 > /home/belle2/jaeyoung/storage_ghi/Ntuples_ghi_2/MC15ri_generic/MC15ri_etaetapip_tight_v2_240419_Kp_BCS_etapi0const/bsub_log//MC15ri_etapip_gg_fitv6_toyMC_100_56.log"
------------------------------------------------------------

Successfully completed.

Resource usage summary:

    CPU time :                                   2774.27 sec.
    Max Memory :                                 1311 MB
    Average Memory :                             941.72 MB
    Total Requested Memory :                     4000.00 MB
    Delta Memory :                               2689.00 MB
    Max Swap :                                   -
    Max Processes :                              19
    Max Threads :                                20
    Run time :                                   2811 sec.
    Turnaround time :                            2827 sec.

The output (if any) follows:



PS:

Read file <./bsub_log/56.err> for stderr output of this job.

Sender: LSF System <lsfadmin@ccb017>
Subject: Job 53202000: <bash -c "basf2 etapip_gg_fit_v6_toymc_100.py 56 > /home/belle2/jaeyoung/storage_ghi/Ntuples_ghi_2/MC15ri_generic/MC15ri_etaetapip_tight_v2_240419_Kp_BCS_etapi0const/bsub_log//MC15ri_etapip_gg_fitv6_toyMC_100_56.log"> in cluster <centralcluster> Exited

Job <bash -c "basf2 etapip_gg_fit_v6_toymc_100.py 56 > /home/belle2/jaeyoung/storage_ghi/Ntuples_ghi_2/MC15ri_generic/MC15ri_etaetapip_tight_v2_240419_Kp_BCS_etapi0const/bsub_log//MC15ri_etapip_gg_fitv6_toyMC_100_56.log"> was submitted from host <ccw03> by user <jaeyoung> in cluster <centralcluster> at Mon Jul 22 00:48:47 2024
Job was executed on host(s) <ccb017>, in queue <s>, as user <jaeyoung> in cluster <centralcluster> at Mon Jul 22 00:48:54 2024
</home/belle2/jaeyoung> was used as the home directory.
</home/belle2/jaeyoung/workspace/DRAW_and_FITTING/main/FITTING/etapip/MC15ri_generic/tight_v2_fit_v6/ToyMC> was used as the working directory.
Started at Mon Jul 22 00:48:54 2024
Terminated at Mon Jul 22 01:06:06 2024
Results reported at Mon Jul 22 01:06:06 2024

Your job looked like:

------------------------------------------------------------
# LSBATCH: User input
bash -c "basf2 etapip_gg_fit_v6_toymc_100.py 56 > /home/belle2/jaeyoung/storage_ghi/Ntuples_ghi_2/MC15ri_generic/MC15ri_etaetapip_tight_v2_240419_Kp_BCS_etapi0const/bsub_log//MC15ri_etapip_gg_fitv6_toyMC_100_56.log"
------------------------------------------------------------

Exited with exit code 1.

Resource usage summary:

    CPU time :                                   1020.85 sec.
    Max Memory :                                 1252 MB
    Average Memory :                             1173.22 MB
    Total Requested Memory :                     4000.00 MB
    Delta Memory :                               2748.00 MB
    Max Swap :                                   -
    Max Processes :                              19
    Max Threads :                                20
    Run time :                                   1031 sec.
    Turnaround time :                            1039 sec.

The output (if any) follows:



PS:

Read file <./bsub_log/56.err> for stderr output of this job.

Sender: LSF System <lsfadmin@ccb509>
Subject: Job 53406497: <bash -c "basf2 etapip_gg_fit_v6_toymc_100.py 56 > /home/belle2/jaeyoung/storage_ghi/Ntuples_ghi_2/MC15ri_generic/MC15ri_etaetapip_tight_v2_240419_Kp_BCS_etapi0const/bsub_log//MC15ri_etapip_gg_fitv6_toyMC_100_56.log"> in cluster <centralcluster> Done

Job <bash -c "basf2 etapip_gg_fit_v6_toymc_100.py 56 > /home/belle2/jaeyoung/storage_ghi/Ntuples_ghi_2/MC15ri_generic/MC15ri_etaetapip_tight_v2_240419_Kp_BCS_etapi0const/bsub_log//MC15ri_etapip_gg_fitv6_toyMC_100_56.log"> was submitted from host <ccw06> by user <jaeyoung> in cluster <centralcluster> at Mon Jul 22 10:47:50 2024
Job was executed on host(s) <ccb509>, in queue <s>, as user <jaeyoung> in cluster <centralcluster> at Mon Jul 22 10:47:52 2024
</home/belle2/jaeyoung> was used as the home directory.
</home/belle2/jaeyoung/workspace/DRAW_and_FITTING/main/FITTING/etapip/MC15ri_generic/tight_v2_fit_v6/ToyMC> was used as the working directory.
Started at Mon Jul 22 10:47:52 2024
Terminated at Mon Jul 22 11:31:00 2024
Results reported at Mon Jul 22 11:31:00 2024

Your job looked like:

------------------------------------------------------------
# LSBATCH: User input
bash -c "basf2 etapip_gg_fit_v6_toymc_100.py 56 > /home/belle2/jaeyoung/storage_ghi/Ntuples_ghi_2/MC15ri_generic/MC15ri_etaetapip_tight_v2_240419_Kp_BCS_etapi0const/bsub_log//MC15ri_etapip_gg_fitv6_toyMC_100_56.log"
------------------------------------------------------------

Successfully completed.

Resource usage summary:

    CPU time :                                   4922.73 sec.
    Max Memory :                                 1343 MB
    Average Memory :                             1003.39 MB
    Total Requested Memory :                     4000.00 MB
    Delta Memory :                               2657.00 MB
    Max Swap :                                   -
    Max Processes :                              19
    Max Threads :                                20
    Run time :                                   2589 sec.
    Turnaround time :                            2590 sec.

The output (if any) follows:



PS:

Read file <./bsub_log/56.err> for stderr output of this job.

Sender: LSF System <lsfadmin@ccb079>
Subject: Job 53598373: <bash -c "basf2 etapip_gg_fit_v6_toymc_100.py 56 > /home/belle2/jaeyoung/storage_ghi/Ntuples_ghi_2/MC15ri_generic/MC15ri_etaetapip_tight_v2_240419_Kp_BCS_etapi0const/bsub_log//MC15ri_etapip_gg_fitv6_toyMC_100_56.log"> in cluster <centralcluster> Done

Job <bash -c "basf2 etapip_gg_fit_v6_toymc_100.py 56 > /home/belle2/jaeyoung/storage_ghi/Ntuples_ghi_2/MC15ri_generic/MC15ri_etaetapip_tight_v2_240419_Kp_BCS_etapi0const/bsub_log//MC15ri_etapip_gg_fitv6_toyMC_100_56.log"> was submitted from host <ccw03> by user <jaeyoung> in cluster <centralcluster> at Mon Jul 22 18:33:50 2024
Job was executed on host(s) <ccb079>, in queue <s>, as user <jaeyoung> in cluster <centralcluster> at Mon Jul 22 18:33:58 2024
</home/belle2/jaeyoung> was used as the home directory.
</home/belle2/jaeyoung/workspace/DRAW_and_FITTING/main/FITTING/etapip/MC15ri_generic/tight_v2_fit_v6/ToyMC> was used as the working directory.
Started at Mon Jul 22 18:33:58 2024
Terminated at Mon Jul 22 19:19:29 2024
Results reported at Mon Jul 22 19:19:29 2024

Your job looked like:

------------------------------------------------------------
# LSBATCH: User input
bash -c "basf2 etapip_gg_fit_v6_toymc_100.py 56 > /home/belle2/jaeyoung/storage_ghi/Ntuples_ghi_2/MC15ri_generic/MC15ri_etaetapip_tight_v2_240419_Kp_BCS_etapi0const/bsub_log//MC15ri_etapip_gg_fitv6_toyMC_100_56.log"
------------------------------------------------------------

Successfully completed.

Resource usage summary:

    CPU time :                                   2722.19 sec.
    Max Memory :                                 1311 MB
    Average Memory :                             976.43 MB
    Total Requested Memory :                     4000.00 MB
    Delta Memory :                               2689.00 MB
    Max Swap :                                   -
    Max Processes :                              19
    Max Threads :                                20
    Run time :                                   2732 sec.
    Turnaround time :                            2739 sec.

The output (if any) follows:



PS:

Read file <./bsub_log/56.err> for stderr output of this job.

Sender: LSF System <lsfadmin@ccb145>
Subject: Job 53831263: <bash -c "basf2 etapip_gg_fit_v6_toymc_100.py 56 > /home/belle2/jaeyoung/storage_ghi/Ntuples_ghi_2/MC15ri_generic/MC15ri_etaetapip_tight_v2_240419_Kp_BCS_etapi0const/bsub_log//MC15ri_etapip_gg_fitv6_toyMC_100_56.log"> in cluster <centralcluster> Done

Job <bash -c "basf2 etapip_gg_fit_v6_toymc_100.py 56 > /home/belle2/jaeyoung/storage_ghi/Ntuples_ghi_2/MC15ri_generic/MC15ri_etaetapip_tight_v2_240419_Kp_BCS_etapi0const/bsub_log//MC15ri_etapip_gg_fitv6_toyMC_100_56.log"> was submitted from host <ccw05> by user <jaeyoung> in cluster <centralcluster> at Tue Jul 23 00:48:23 2024
Job was executed on host(s) <ccb145>, in queue <s>, as user <jaeyoung> in cluster <centralcluster> at Tue Jul 23 00:48:34 2024
</home/belle2/jaeyoung> was used as the home directory.
</home/belle2/jaeyoung/workspace/DRAW_and_FITTING/main/FITTING/etapip/MC15ri_generic/tight_v2_fit_v6/ToyMC> was used as the working directory.
Started at Tue Jul 23 00:48:34 2024
Terminated at Tue Jul 23 01:37:48 2024
Results reported at Tue Jul 23 01:37:48 2024

Your job looked like:

------------------------------------------------------------
# LSBATCH: User input
bash -c "basf2 etapip_gg_fit_v6_toymc_100.py 56 > /home/belle2/jaeyoung/storage_ghi/Ntuples_ghi_2/MC15ri_generic/MC15ri_etaetapip_tight_v2_240419_Kp_BCS_etapi0const/bsub_log//MC15ri_etapip_gg_fitv6_toyMC_100_56.log"
------------------------------------------------------------

Successfully completed.

Resource usage summary:

    CPU time :                                   2844.25 sec.
    Max Memory :                                 1312 MB
    Average Memory :                             959.54 MB
    Total Requested Memory :                     4000.00 MB
    Delta Memory :                               2688.00 MB
    Max Swap :                                   -
    Max Processes :                              19
    Max Threads :                                20
    Run time :                                   2954 sec.
    Turnaround time :                            2965 sec.

The output (if any) follows:



PS:

Read file <./bsub_log/56.err> for stderr output of this job.

Sender: LSF System <lsfadmin@ccb063>
Subject: Job 54396494: <bash -c "basf2 etapip_gg_fit_v6_toymc_100.py 56 > /home/belle2/jaeyoung/storage_ghi/Ntuples_ghi_2/MC15ri_generic/MC15ri_etaetapip_tight_v2_240419_Kp_BCS_etapi0const/bsub_log//MC15ri_etapip_gg_fitv6_toyMC_100_56.log"> in cluster <centralcluster> Done

Job <bash -c "basf2 etapip_gg_fit_v6_toymc_100.py 56 > /home/belle2/jaeyoung/storage_ghi/Ntuples_ghi_2/MC15ri_generic/MC15ri_etaetapip_tight_v2_240419_Kp_BCS_etapi0const/bsub_log//MC15ri_etapip_gg_fitv6_toyMC_100_56.log"> was submitted from host <ccw04> by user <jaeyoung> in cluster <centralcluster> at Tue Jul 23 17:57:52 2024
Job was executed on host(s) <ccb063>, in queue <s>, as user <jaeyoung> in cluster <centralcluster> at Tue Jul 23 17:59:14 2024
</home/belle2/jaeyoung> was used as the home directory.
</home/belle2/jaeyoung/workspace/DRAW_and_FITTING/main/FITTING/etapip/MC15ri_generic/tight_v2_fit_v6/ToyMC> was used as the working directory.
Started at Tue Jul 23 17:59:14 2024
Terminated at Tue Jul 23 18:47:15 2024
Results reported at Tue Jul 23 18:47:15 2024

Your job looked like:

------------------------------------------------------------
# LSBATCH: User input
bash -c "basf2 etapip_gg_fit_v6_toymc_100.py 56 > /home/belle2/jaeyoung/storage_ghi/Ntuples_ghi_2/MC15ri_generic/MC15ri_etaetapip_tight_v2_240419_Kp_BCS_etapi0const/bsub_log//MC15ri_etapip_gg_fitv6_toyMC_100_56.log"
------------------------------------------------------------

Successfully completed.

Resource usage summary:

    CPU time :                                   2840.87 sec.
    Max Memory :                                 1315 MB
    Average Memory :                             999.89 MB
    Total Requested Memory :                     4000.00 MB
    Delta Memory :                               2685.00 MB
    Max Swap :                                   -
    Max Processes :                              19
    Max Threads :                                20
    Run time :                                   2882 sec.
    Turnaround time :                            2963 sec.

The output (if any) follows:



PS:

Read file <./bsub_log/56.err> for stderr output of this job.

