Sender: LSF System <lsfadmin@ccb026>
Subject: Job 51906916: <bash -c "basf2 etapip_gg_fit_v6_toymc_100.py 61 > /home/belle2/jaeyoung/storage_ghi/Ntuples_ghi_2/MC15ri_generic/MC15ri_etaetapip_tight_v2_240419_Kp_BCS_etapi0const/bsub_log//MC15ri_etapip_gg_fitv6_toyMC_100_61.log"> in cluster <centralcluster> Done

Job <bash -c "basf2 etapip_gg_fit_v6_toymc_100.py 61 > /home/belle2/jaeyoung/storage_ghi/Ntuples_ghi_2/MC15ri_generic/MC15ri_etaetapip_tight_v2_240419_Kp_BCS_etapi0const/bsub_log//MC15ri_etapip_gg_fitv6_toyMC_100_61.log"> was submitted from host <ccw03> by user <jaeyoung> in cluster <centralcluster> at Fri Jul 19 18:00:01 2024
Job was executed on host(s) <ccb026>, in queue <s>, as user <jaeyoung> in cluster <centralcluster> at Fri Jul 19 18:00:02 2024
</home/belle2/jaeyoung> was used as the home directory.
</home/belle2/jaeyoung/workspace/DRAW_and_FITTING/main/FITTING/etapip/MC15ri_generic/tight_v2_fit_v6/ToyMC> was used as the working directory.
Started at Fri Jul 19 18:00:02 2024
Terminated at Fri Jul 19 18:48:01 2024
Results reported at Fri Jul 19 18:48:01 2024

Your job looked like:

------------------------------------------------------------
# LSBATCH: User input
bash -c "basf2 etapip_gg_fit_v6_toymc_100.py 61 > /home/belle2/jaeyoung/storage_ghi/Ntuples_ghi_2/MC15ri_generic/MC15ri_etaetapip_tight_v2_240419_Kp_BCS_etapi0const/bsub_log//MC15ri_etapip_gg_fitv6_toyMC_100_61.log"
------------------------------------------------------------

Successfully completed.

Resource usage summary:

    CPU time :                                   2853.32 sec.
    Max Memory :                                 1380 MB
    Average Memory :                             985.42 MB
    Total Requested Memory :                     4000.00 MB
    Delta Memory :                               2620.00 MB
    Max Swap :                                   -
    Max Processes :                              19
    Max Threads :                                20
    Run time :                                   2879 sec.
    Turnaround time :                            2880 sec.

The output (if any) follows:



PS:

Read file <./bsub_log/61.err> for stderr output of this job.

Sender: LSF System <lsfadmin@ccb180>
Subject: Job 52358988: <bash -c "basf2 etapip_gg_fit_v6_toymc_100.py 61 > /home/belle2/jaeyoung/storage_ghi/Ntuples_ghi_2/MC15ri_generic/MC15ri_etaetapip_tight_v2_240419_Kp_BCS_etapi0const/bsub_log//MC15ri_etapip_gg_fitv6_toyMC_100_61.log"> in cluster <centralcluster> Done

Job <bash -c "basf2 etapip_gg_fit_v6_toymc_100.py 61 > /home/belle2/jaeyoung/storage_ghi/Ntuples_ghi_2/MC15ri_generic/MC15ri_etaetapip_tight_v2_240419_Kp_BCS_etapi0const/bsub_log//MC15ri_etapip_gg_fitv6_toyMC_100_61.log"> was submitted from host <ccw02> by user <jaeyoung> in cluster <centralcluster> at Sat Jul 20 14:38:24 2024
Job was executed on host(s) <ccb180>, in queue <s>, as user <jaeyoung> in cluster <centralcluster> at Sat Jul 20 14:38:38 2024
</home/belle2/jaeyoung> was used as the home directory.
</home/belle2/jaeyoung/workspace/DRAW_and_FITTING/main/FITTING/etapip/MC15ri_generic/tight_v2_fit_v6/ToyMC> was used as the working directory.
Started at Sat Jul 20 14:38:38 2024
Terminated at Sat Jul 20 15:26:21 2024
Results reported at Sat Jul 20 15:26:21 2024

Your job looked like:

------------------------------------------------------------
# LSBATCH: User input
bash -c "basf2 etapip_gg_fit_v6_toymc_100.py 61 > /home/belle2/jaeyoung/storage_ghi/Ntuples_ghi_2/MC15ri_generic/MC15ri_etaetapip_tight_v2_240419_Kp_BCS_etapi0const/bsub_log//MC15ri_etapip_gg_fitv6_toyMC_100_61.log"
------------------------------------------------------------

Successfully completed.

Resource usage summary:

    CPU time :                                   2840.98 sec.
    Max Memory :                                 1311 MB
    Average Memory :                             943.79 MB
    Total Requested Memory :                     4000.00 MB
    Delta Memory :                               2689.00 MB
    Max Swap :                                   -
    Max Processes :                              19
    Max Threads :                                20
    Run time :                                   2864 sec.
    Turnaround time :                            2877 sec.

The output (if any) follows:



PS:

Read file <./bsub_log/61.err> for stderr output of this job.

Sender: LSF System <lsfadmin@ccb219>
Subject: Job 53029210: <bash -c "basf2 etapip_gg_fit_v6_toymc_100.py 61 > /home/belle2/jaeyoung/storage_ghi/Ntuples_ghi_2/MC15ri_generic/MC15ri_etaetapip_tight_v2_240419_Kp_BCS_etapi0const/bsub_log//MC15ri_etapip_gg_fitv6_toyMC_100_61.log"> in cluster <centralcluster> Done

Job <bash -c "basf2 etapip_gg_fit_v6_toymc_100.py 61 > /home/belle2/jaeyoung/storage_ghi/Ntuples_ghi_2/MC15ri_generic/MC15ri_etaetapip_tight_v2_240419_Kp_BCS_etapi0const/bsub_log//MC15ri_etapip_gg_fitv6_toyMC_100_61.log"> was submitted from host <ccw03> by user <jaeyoung> in cluster <centralcluster> at Sun Jul 21 17:29:49 2024
Job was executed on host(s) <ccb219>, in queue <s>, as user <jaeyoung> in cluster <centralcluster> at Sun Jul 21 17:30:06 2024
</home/belle2/jaeyoung> was used as the home directory.
</home/belle2/jaeyoung/workspace/DRAW_and_FITTING/main/FITTING/etapip/MC15ri_generic/tight_v2_fit_v6/ToyMC> was used as the working directory.
Started at Sun Jul 21 17:30:06 2024
Terminated at Sun Jul 21 18:17:44 2024
Results reported at Sun Jul 21 18:17:44 2024

Your job looked like:

------------------------------------------------------------
# LSBATCH: User input
bash -c "basf2 etapip_gg_fit_v6_toymc_100.py 61 > /home/belle2/jaeyoung/storage_ghi/Ntuples_ghi_2/MC15ri_generic/MC15ri_etaetapip_tight_v2_240419_Kp_BCS_etapi0const/bsub_log//MC15ri_etapip_gg_fitv6_toyMC_100_61.log"
------------------------------------------------------------

Successfully completed.

Resource usage summary:

    CPU time :                                   2825.07 sec.
    Max Memory :                                 1343 MB
    Average Memory :                             955.35 MB
    Total Requested Memory :                     4000.00 MB
    Delta Memory :                               2657.00 MB
    Max Swap :                                   -
    Max Processes :                              19
    Max Threads :                                20
    Run time :                                   2859 sec.
    Turnaround time :                            2875 sec.

The output (if any) follows:



PS:

Read file <./bsub_log/61.err> for stderr output of this job.

Sender: LSF System <lsfadmin@ccb151>
Subject: Job 53202013: <bash -c "basf2 etapip_gg_fit_v6_toymc_100.py 61 > /home/belle2/jaeyoung/storage_ghi/Ntuples_ghi_2/MC15ri_generic/MC15ri_etaetapip_tight_v2_240419_Kp_BCS_etapi0const/bsub_log//MC15ri_etapip_gg_fitv6_toyMC_100_61.log"> in cluster <centralcluster> Exited

Job <bash -c "basf2 etapip_gg_fit_v6_toymc_100.py 61 > /home/belle2/jaeyoung/storage_ghi/Ntuples_ghi_2/MC15ri_generic/MC15ri_etaetapip_tight_v2_240419_Kp_BCS_etapi0const/bsub_log//MC15ri_etapip_gg_fitv6_toyMC_100_61.log"> was submitted from host <ccw03> by user <jaeyoung> in cluster <centralcluster> at Mon Jul 22 00:48:49 2024
Job was executed on host(s) <ccb151>, in queue <s>, as user <jaeyoung> in cluster <centralcluster> at Mon Jul 22 00:49:00 2024
</home/belle2/jaeyoung> was used as the home directory.
</home/belle2/jaeyoung/workspace/DRAW_and_FITTING/main/FITTING/etapip/MC15ri_generic/tight_v2_fit_v6/ToyMC> was used as the working directory.
Started at Mon Jul 22 00:49:00 2024
Terminated at Mon Jul 22 01:05:36 2024
Results reported at Mon Jul 22 01:05:36 2024

Your job looked like:

------------------------------------------------------------
# LSBATCH: User input
bash -c "basf2 etapip_gg_fit_v6_toymc_100.py 61 > /home/belle2/jaeyoung/storage_ghi/Ntuples_ghi_2/MC15ri_generic/MC15ri_etaetapip_tight_v2_240419_Kp_BCS_etapi0const/bsub_log//MC15ri_etapip_gg_fitv6_toyMC_100_61.log"
------------------------------------------------------------

Exited with exit code 1.

Resource usage summary:

    CPU time :                                   991.62 sec.
    Max Memory :                                 1253 MB
    Average Memory :                             1166.59 MB
    Total Requested Memory :                     4000.00 MB
    Delta Memory :                               2747.00 MB
    Max Swap :                                   -
    Max Processes :                              19
    Max Threads :                                20
    Run time :                                   997 sec.
    Turnaround time :                            1007 sec.

The output (if any) follows:



PS:

Read file <./bsub_log/61.err> for stderr output of this job.

Sender: LSF System <lsfadmin@ccb252>
Subject: Job 53406507: <bash -c "basf2 etapip_gg_fit_v6_toymc_100.py 61 > /home/belle2/jaeyoung/storage_ghi/Ntuples_ghi_2/MC15ri_generic/MC15ri_etaetapip_tight_v2_240419_Kp_BCS_etapi0const/bsub_log//MC15ri_etapip_gg_fitv6_toyMC_100_61.log"> in cluster <centralcluster> Done

Job <bash -c "basf2 etapip_gg_fit_v6_toymc_100.py 61 > /home/belle2/jaeyoung/storage_ghi/Ntuples_ghi_2/MC15ri_generic/MC15ri_etaetapip_tight_v2_240419_Kp_BCS_etapi0const/bsub_log//MC15ri_etapip_gg_fitv6_toyMC_100_61.log"> was submitted from host <ccw06> by user <jaeyoung> in cluster <centralcluster> at Mon Jul 22 10:47:51 2024
Job was executed on host(s) <ccb252>, in queue <s>, as user <jaeyoung> in cluster <centralcluster> at Mon Jul 22 10:47:54 2024
</home/belle2/jaeyoung> was used as the home directory.
</home/belle2/jaeyoung/workspace/DRAW_and_FITTING/main/FITTING/etapip/MC15ri_generic/tight_v2_fit_v6/ToyMC> was used as the working directory.
Started at Mon Jul 22 10:47:54 2024
Terminated at Mon Jul 22 11:33:41 2024
Results reported at Mon Jul 22 11:33:41 2024

Your job looked like:

------------------------------------------------------------
# LSBATCH: User input
bash -c "basf2 etapip_gg_fit_v6_toymc_100.py 61 > /home/belle2/jaeyoung/storage_ghi/Ntuples_ghi_2/MC15ri_generic/MC15ri_etaetapip_tight_v2_240419_Kp_BCS_etapi0const/bsub_log//MC15ri_etapip_gg_fitv6_toyMC_100_61.log"
------------------------------------------------------------

Successfully completed.

Resource usage summary:

    CPU time :                                   2730.60 sec.
    Max Memory :                                 1311 MB
    Average Memory :                             949.55 MB
    Total Requested Memory :                     4000.00 MB
    Delta Memory :                               2689.00 MB
    Max Swap :                                   -
    Max Processes :                              19
    Max Threads :                                20
    Run time :                                   2747 sec.
    Turnaround time :                            2750 sec.

The output (if any) follows:



PS:

Read file <./bsub_log/61.err> for stderr output of this job.

Sender: LSF System <lsfadmin@ccb042>
Subject: Job 53598390: <bash -c "basf2 etapip_gg_fit_v6_toymc_100.py 61 > /home/belle2/jaeyoung/storage_ghi/Ntuples_ghi_2/MC15ri_generic/MC15ri_etaetapip_tight_v2_240419_Kp_BCS_etapi0const/bsub_log//MC15ri_etapip_gg_fitv6_toyMC_100_61.log"> in cluster <centralcluster> Done

Job <bash -c "basf2 etapip_gg_fit_v6_toymc_100.py 61 > /home/belle2/jaeyoung/storage_ghi/Ntuples_ghi_2/MC15ri_generic/MC15ri_etaetapip_tight_v2_240419_Kp_BCS_etapi0const/bsub_log//MC15ri_etapip_gg_fitv6_toyMC_100_61.log"> was submitted from host <ccw03> by user <jaeyoung> in cluster <centralcluster> at Mon Jul 22 18:33:51 2024
Job was executed on host(s) <ccb042>, in queue <s>, as user <jaeyoung> in cluster <centralcluster> at Mon Jul 22 18:34:01 2024
</home/belle2/jaeyoung> was used as the home directory.
</home/belle2/jaeyoung/workspace/DRAW_and_FITTING/main/FITTING/etapip/MC15ri_generic/tight_v2_fit_v6/ToyMC> was used as the working directory.
Started at Mon Jul 22 18:34:01 2024
Terminated at Mon Jul 22 19:20:33 2024
Results reported at Mon Jul 22 19:20:33 2024

Your job looked like:

------------------------------------------------------------
# LSBATCH: User input
bash -c "basf2 etapip_gg_fit_v6_toymc_100.py 61 > /home/belle2/jaeyoung/storage_ghi/Ntuples_ghi_2/MC15ri_generic/MC15ri_etaetapip_tight_v2_240419_Kp_BCS_etapi0const/bsub_log//MC15ri_etapip_gg_fitv6_toyMC_100_61.log"
------------------------------------------------------------

Successfully completed.

Resource usage summary:

    CPU time :                                   2777.94 sec.
    Max Memory :                                 1321 MB
    Average Memory :                             961.56 MB
    Total Requested Memory :                     4000.00 MB
    Delta Memory :                               2679.00 MB
    Max Swap :                                   -
    Max Processes :                              19
    Max Threads :                                20
    Run time :                                   2791 sec.
    Turnaround time :                            2802 sec.

The output (if any) follows:



PS:

Read file <./bsub_log/61.err> for stderr output of this job.

Sender: LSF System <lsfadmin@ccb164>
Subject: Job 53831305: <bash -c "basf2 etapip_gg_fit_v6_toymc_100.py 61 > /home/belle2/jaeyoung/storage_ghi/Ntuples_ghi_2/MC15ri_generic/MC15ri_etaetapip_tight_v2_240419_Kp_BCS_etapi0const/bsub_log//MC15ri_etapip_gg_fitv6_toyMC_100_61.log"> in cluster <centralcluster> Done

Job <bash -c "basf2 etapip_gg_fit_v6_toymc_100.py 61 > /home/belle2/jaeyoung/storage_ghi/Ntuples_ghi_2/MC15ri_generic/MC15ri_etaetapip_tight_v2_240419_Kp_BCS_etapi0const/bsub_log//MC15ri_etapip_gg_fitv6_toyMC_100_61.log"> was submitted from host <ccw05> by user <jaeyoung> in cluster <centralcluster> at Tue Jul 23 00:48:34 2024
Job was executed on host(s) <ccb164>, in queue <s>, as user <jaeyoung> in cluster <centralcluster> at Tue Jul 23 00:48:35 2024
</home/belle2/jaeyoung> was used as the home directory.
</home/belle2/jaeyoung/workspace/DRAW_and_FITTING/main/FITTING/etapip/MC15ri_generic/tight_v2_fit_v6/ToyMC> was used as the working directory.
Started at Tue Jul 23 00:48:35 2024
Terminated at Tue Jul 23 01:35:44 2024
Results reported at Tue Jul 23 01:35:44 2024

Your job looked like:

------------------------------------------------------------
# LSBATCH: User input
bash -c "basf2 etapip_gg_fit_v6_toymc_100.py 61 > /home/belle2/jaeyoung/storage_ghi/Ntuples_ghi_2/MC15ri_generic/MC15ri_etaetapip_tight_v2_240419_Kp_BCS_etapi0const/bsub_log//MC15ri_etapip_gg_fitv6_toyMC_100_61.log"
------------------------------------------------------------

Successfully completed.

Resource usage summary:

    CPU time :                                   2782.67 sec.
    Max Memory :                                 1311 MB
    Average Memory :                             945.09 MB
    Total Requested Memory :                     4000.00 MB
    Delta Memory :                               2689.00 MB
    Max Swap :                                   -
    Max Processes :                              19
    Max Threads :                                20
    Run time :                                   2830 sec.
    Turnaround time :                            2830 sec.

The output (if any) follows:



PS:

Read file <./bsub_log/61.err> for stderr output of this job.

Sender: LSF System <lsfadmin@ccb198>
Subject: Job 54396523: <bash -c "basf2 etapip_gg_fit_v6_toymc_100.py 61 > /home/belle2/jaeyoung/storage_ghi/Ntuples_ghi_2/MC15ri_generic/MC15ri_etaetapip_tight_v2_240419_Kp_BCS_etapi0const/bsub_log//MC15ri_etapip_gg_fitv6_toyMC_100_61.log"> in cluster <centralcluster> Done

Job <bash -c "basf2 etapip_gg_fit_v6_toymc_100.py 61 > /home/belle2/jaeyoung/storage_ghi/Ntuples_ghi_2/MC15ri_generic/MC15ri_etaetapip_tight_v2_240419_Kp_BCS_etapi0const/bsub_log//MC15ri_etapip_gg_fitv6_toyMC_100_61.log"> was submitted from host <ccw04> by user <jaeyoung> in cluster <centralcluster> at Tue Jul 23 17:57:54 2024
Job was executed on host(s) <ccb198>, in queue <s>, as user <jaeyoung> in cluster <centralcluster> at Tue Jul 23 17:59:15 2024
</home/belle2/jaeyoung> was used as the home directory.
</home/belle2/jaeyoung/workspace/DRAW_and_FITTING/main/FITTING/etapip/MC15ri_generic/tight_v2_fit_v6/ToyMC> was used as the working directory.
Started at Tue Jul 23 17:59:15 2024
Terminated at Tue Jul 23 18:46:39 2024
Results reported at Tue Jul 23 18:46:39 2024

Your job looked like:

------------------------------------------------------------
# LSBATCH: User input
bash -c "basf2 etapip_gg_fit_v6_toymc_100.py 61 > /home/belle2/jaeyoung/storage_ghi/Ntuples_ghi_2/MC15ri_generic/MC15ri_etaetapip_tight_v2_240419_Kp_BCS_etapi0const/bsub_log//MC15ri_etapip_gg_fitv6_toyMC_100_61.log"
------------------------------------------------------------

Successfully completed.

Resource usage summary:

    CPU time :                                   2792.42 sec.
    Max Memory :                                 1314 MB
    Average Memory :                             984.32 MB
    Total Requested Memory :                     4000.00 MB
    Delta Memory :                               2686.00 MB
    Max Swap :                                   -
    Max Processes :                              19
    Max Threads :                                20
    Run time :                                   2844 sec.
    Turnaround time :                            2925 sec.

The output (if any) follows:



PS:

Read file <./bsub_log/61.err> for stderr output of this job.

Sender: LSF System <lsfadmin@ccb256>
Subject: Job 54469210: <bash -c "basf2 etapip_gg_fit_v6_toymc_100.py 61 > /home/belle2/jaeyoung/storage_ghi/Ntuples_ghi_2/MC15ri_generic/MC15ri_etaetapip_tight_v2_240419_Kp_BCS_etapi0const/bsub_log//MC15ri_etapip_gg_fitv6_toyMC_100_61.log"> in cluster <centralcluster> Done

Job <bash -c "basf2 etapip_gg_fit_v6_toymc_100.py 61 > /home/belle2/jaeyoung/storage_ghi/Ntuples_ghi_2/MC15ri_generic/MC15ri_etaetapip_tight_v2_240419_Kp_BCS_etapi0const/bsub_log//MC15ri_etapip_gg_fitv6_toyMC_100_61.log"> was submitted from host <ccw03> by user <jaeyoung> in cluster <centralcluster> at Tue Jul 23 19:36:45 2024
Job was executed on host(s) <ccb256>, in queue <s>, as user <jaeyoung> in cluster <centralcluster> at Tue Jul 23 19:36:48 2024
</home/belle2/jaeyoung> was used as the home directory.
</home/belle2/jaeyoung/workspace/DRAW_and_FITTING/main/FITTING/etapip/MC15ri_generic/tight_v2_fit_v6/ToyMC> was used as the working directory.
Started at Tue Jul 23 19:36:48 2024
Terminated at Tue Jul 23 20:34:24 2024
Results reported at Tue Jul 23 20:34:24 2024

Your job looked like:

------------------------------------------------------------
# LSBATCH: User input
bash -c "basf2 etapip_gg_fit_v6_toymc_100.py 61 > /home/belle2/jaeyoung/storage_ghi/Ntuples_ghi_2/MC15ri_generic/MC15ri_etaetapip_tight_v2_240419_Kp_BCS_etapi0const/bsub_log//MC15ri_etapip_gg_fitv6_toyMC_100_61.log"
------------------------------------------------------------

Successfully completed.

Resource usage summary:

    CPU time :                                   3439.78 sec.
    Max Memory :                                 1312 MB
    Average Memory :                             985.23 MB
    Total Requested Memory :                     4000.00 MB
    Delta Memory :                               2688.00 MB
    Max Swap :                                   -
    Max Processes :                              19
    Max Threads :                                20
    Run time :                                   3455 sec.
    Turnaround time :                            3459 sec.

The output (if any) follows:



PS:

Read file <./bsub_log/61.err> for stderr output of this job.

Sender: LSF System <lsfadmin@ccb530>
Subject: Job 55515433: <bash -c "basf2 etapip_gg_fit_v6_toymc_100.py 61 > /home/belle2/jaeyoung/storage_ghi/Ntuples_ghi_2/MC15ri_generic/MC15ri_etaetapip_tight_v2_240419_Kp_BCS_etapi0const/bsub_log//MC15ri_etapip_gg_fitv6_toyMC_100_61.log"> in cluster <centralcluster> Done

Job <bash -c "basf2 etapip_gg_fit_v6_toymc_100.py 61 > /home/belle2/jaeyoung/storage_ghi/Ntuples_ghi_2/MC15ri_generic/MC15ri_etaetapip_tight_v2_240419_Kp_BCS_etapi0const/bsub_log//MC15ri_etapip_gg_fitv6_toyMC_100_61.log"> was submitted from host <ccw01> by user <jaeyoung> in cluster <centralcluster> at Thu Jul 25 20:49:42 2024
Job was executed on host(s) <ccb530>, in queue <s>, as user <jaeyoung> in cluster <centralcluster> at Thu Jul 25 20:49:43 2024
</home/belle2/jaeyoung> was used as the home directory.
</gpfs/home/belle2/jaeyoung/workspace/DRAW_and_FITTING/main/FITTING/etapip/MC15ri_generic/tight_v2_fit_v6/ToyMC> was used as the working directory.
Started at Thu Jul 25 20:49:43 2024
Terminated at Thu Jul 25 21:35:48 2024
Results reported at Thu Jul 25 21:35:48 2024

Your job looked like:

------------------------------------------------------------
# LSBATCH: User input
bash -c "basf2 etapip_gg_fit_v6_toymc_100.py 61 > /home/belle2/jaeyoung/storage_ghi/Ntuples_ghi_2/MC15ri_generic/MC15ri_etaetapip_tight_v2_240419_Kp_BCS_etapi0const/bsub_log//MC15ri_etapip_gg_fitv6_toyMC_100_61.log"
------------------------------------------------------------

Successfully completed.

Resource usage summary:

    CPU time :                                   2748.64 sec.
    Max Memory :                                 1315 MB
    Average Memory :                             968.31 MB
    Total Requested Memory :                     4000.00 MB
    Delta Memory :                               2685.00 MB
    Max Swap :                                   -
    Max Processes :                              19
    Max Threads :                                20
    Run time :                                   2765 sec.
    Turnaround time :                            2766 sec.

The output (if any) follows:



PS:

Read file <./bsub_log/61.err> for stderr output of this job.

Sender: LSF System <lsfadmin@ccb137>
Subject: Job 56102516: <bash -c "basf2 etapip_gg_fit_v6_toymc_100.py 61 > /home/belle2/jaeyoung/storage_ghi/Ntuples_ghi_2/MC15ri_generic/MC15ri_etaetapip_tight_v2_240419_Kp_BCS_etapi0const/bsub_log//MC15ri_etapip_gg_fitv6_toyMC_100_61.log"> in cluster <centralcluster> Done

Job <bash -c "basf2 etapip_gg_fit_v6_toymc_100.py 61 > /home/belle2/jaeyoung/storage_ghi/Ntuples_ghi_2/MC15ri_generic/MC15ri_etaetapip_tight_v2_240419_Kp_BCS_etapi0const/bsub_log//MC15ri_etapip_gg_fitv6_toyMC_100_61.log"> was submitted from host <ccw06> by user <jaeyoung> in cluster <centralcluster> at Fri Jul 26 23:42:59 2024
Job was executed on host(s) <ccb137>, in queue <s>, as user <jaeyoung> in cluster <centralcluster> at Sat Jul 27 00:13:59 2024
</home/belle2/jaeyoung> was used as the home directory.
</home/belle2/jaeyoung/workspace/DRAW_and_FITTING/main/FITTING/etapip/MC15ri_generic/tight_v2_fit_v6/ToyMC> was used as the working directory.
Started at Sat Jul 27 00:13:59 2024
Terminated at Sat Jul 27 00:49:12 2024
Results reported at Sat Jul 27 00:49:12 2024

Your job looked like:

------------------------------------------------------------
# LSBATCH: User input
bash -c "basf2 etapip_gg_fit_v6_toymc_100.py 61 > /home/belle2/jaeyoung/storage_ghi/Ntuples_ghi_2/MC15ri_generic/MC15ri_etaetapip_tight_v2_240419_Kp_BCS_etapi0const/bsub_log//MC15ri_etapip_gg_fitv6_toyMC_100_61.log"
------------------------------------------------------------

Successfully completed.

Resource usage summary:

    CPU time :                                   1978.71 sec.
    Max Memory :                                 899 MB
    Average Memory :                             649.05 MB
    Total Requested Memory :                     4000.00 MB
    Delta Memory :                               3101.00 MB
    Max Swap :                                   -
    Max Processes :                              19
    Max Threads :                                20
    Run time :                                   2114 sec.
    Turnaround time :                            3973 sec.

The output (if any) follows:



PS:

Read file <./bsub_log/61.err> for stderr output of this job.

Sender: LSF System <lsfadmin@ccb036>
Subject: Job 56133379: <bash -c "basf2 etapip_gg_fit_v6_toymc_100.py 61 > /home/belle2/jaeyoung/storage_ghi/Ntuples_ghi_2/MC15ri_generic/MC15ri_etaetapip_tight_v2_240419_Kp_BCS_etapi0const/bsub_log//MC15ri_etapip_gg_fitv6_toyMC_100_61.log"> in cluster <centralcluster> Done

Job <bash -c "basf2 etapip_gg_fit_v6_toymc_100.py 61 > /home/belle2/jaeyoung/storage_ghi/Ntuples_ghi_2/MC15ri_generic/MC15ri_etaetapip_tight_v2_240419_Kp_BCS_etapi0const/bsub_log//MC15ri_etapip_gg_fitv6_toyMC_100_61.log"> was submitted from host <ccw03> by user <jaeyoung> in cluster <centralcluster> at Sat Jul 27 01:12:25 2024
Job was executed on host(s) <ccb036>, in queue <s>, as user <jaeyoung> in cluster <centralcluster> at Sat Jul 27 03:03:09 2024
</home/belle2/jaeyoung> was used as the home directory.
</gpfs/home/belle2/jaeyoung/workspace/DRAW_and_FITTING/main/FITTING/etapip/MC15ri_generic/tight_v2_fit_v6/ToyMC> was used as the working directory.
Started at Sat Jul 27 03:03:09 2024
Terminated at Sat Jul 27 03:40:49 2024
Results reported at Sat Jul 27 03:40:49 2024

Your job looked like:

------------------------------------------------------------
# LSBATCH: User input
bash -c "basf2 etapip_gg_fit_v6_toymc_100.py 61 > /home/belle2/jaeyoung/storage_ghi/Ntuples_ghi_2/MC15ri_generic/MC15ri_etaetapip_tight_v2_240419_Kp_BCS_etapi0const/bsub_log//MC15ri_etapip_gg_fitv6_toyMC_100_61.log"
------------------------------------------------------------

Successfully completed.

Resource usage summary:

    CPU time :                                   2230.16 sec.
    Max Memory :                                 890 MB
    Average Memory :                             650.19 MB
    Total Requested Memory :                     4000.00 MB
    Delta Memory :                               3110.00 MB
    Max Swap :                                   -
    Max Processes :                              19
    Max Threads :                                20
    Run time :                                   2261 sec.
    Turnaround time :                            8904 sec.

The output (if any) follows:



PS:

Read file <./bsub_log/61.err> for stderr output of this job.

Sender: LSF System <lsfadmin@ccb560>
Subject: Job 57218972: <bash -c "basf2 etapip_gg_fit_v6_toymc_100.py 61 > /home/belle2/jaeyoung/storage_ghi/Ntuples_ghi_2/MC15ri_generic/MC15ri_etaetapip_tight_v2_240419_Kp_BCS_etapi0const/bsub_log//MC15ri_etapip_gg_fitv6_toyMC_100_61.log"> in cluster <centralcluster> Exited

Job <bash -c "basf2 etapip_gg_fit_v6_toymc_100.py 61 > /home/belle2/jaeyoung/storage_ghi/Ntuples_ghi_2/MC15ri_generic/MC15ri_etaetapip_tight_v2_240419_Kp_BCS_etapi0const/bsub_log//MC15ri_etapip_gg_fitv6_toyMC_100_61.log"> was submitted from host <ccx03> by user <jaeyoung> in cluster <centralcluster> at Mon Jul 29 18:44:03 2024
Job was executed on host(s) <ccb560>, in queue <s>, as user <jaeyoung> in cluster <centralcluster> at Mon Jul 29 18:44:04 2024
</home/belle2/jaeyoung> was used as the home directory.
</gpfs/home/belle2/jaeyoung/workspace/DRAW_and_FITTING/main/FITTING/etapip/MC15ri_generic/tight_v2_fit_v6/ToyMC> was used as the working directory.
Started at Mon Jul 29 18:44:04 2024
Terminated at Mon Jul 29 19:48:53 2024
Results reported at Mon Jul 29 19:48:53 2024

Your job looked like:

------------------------------------------------------------
# LSBATCH: User input
bash -c "basf2 etapip_gg_fit_v6_toymc_100.py 61 > /home/belle2/jaeyoung/storage_ghi/Ntuples_ghi_2/MC15ri_generic/MC15ri_etaetapip_tight_v2_240419_Kp_BCS_etapi0const/bsub_log//MC15ri_etapip_gg_fitv6_toyMC_100_61.log"
------------------------------------------------------------

Exited with exit code 1.

Resource usage summary:

    CPU time :                                   3833.75 sec.
    Max Memory :                                 1398 MB
    Average Memory :                             1036.32 MB
    Total Requested Memory :                     4000.00 MB
    Delta Memory :                               2602.00 MB
    Max Swap :                                   -
    Max Processes :                              19
    Max Threads :                                20
    Run time :                                   3888 sec.
    Turnaround time :                            3890 sec.

The output (if any) follows:



PS:

Read file <./bsub_log/61.err> for stderr output of this job.

Sender: LSF System <lsfadmin@ccb507>
Subject: Job 57307859: <bash -c "basf2 etapip_gg_fit_v6_toymc_100.py 61 > /home/belle2/jaeyoung/storage_ghi/Ntuples_ghi_2/MC15ri_generic/MC15ri_etaetapip_tight_v2_240419_Kp_BCS_etapi0const/bsub_log//MC15ri_etapip_gg_fitv6_toyMC_100_61.log"> in cluster <centralcluster> Done

Job <bash -c "basf2 etapip_gg_fit_v6_toymc_100.py 61 > /home/belle2/jaeyoung/storage_ghi/Ntuples_ghi_2/MC15ri_generic/MC15ri_etaetapip_tight_v2_240419_Kp_BCS_etapi0const/bsub_log//MC15ri_etapip_gg_fitv6_toyMC_100_61.log"> was submitted from host <ccw03> by user <jaeyoung> in cluster <centralcluster> at Mon Jul 29 23:01:39 2024
Job was executed on host(s) <ccb507>, in queue <s>, as user <jaeyoung> in cluster <centralcluster> at Mon Jul 29 23:01:49 2024
</home/belle2/jaeyoung> was used as the home directory.
</home/belle2/jaeyoung/workspace/DRAW_and_FITTING/main/FITTING/etapip/MC15ri_generic/tight_v2_fit_v6/ToyMC> was used as the working directory.
Started at Mon Jul 29 23:01:49 2024
Terminated at Tue Jul 30 00:05:50 2024
Results reported at Tue Jul 30 00:05:50 2024

Your job looked like:

------------------------------------------------------------
# LSBATCH: User input
bash -c "basf2 etapip_gg_fit_v6_toymc_100.py 61 > /home/belle2/jaeyoung/storage_ghi/Ntuples_ghi_2/MC15ri_generic/MC15ri_etaetapip_tight_v2_240419_Kp_BCS_etapi0const/bsub_log//MC15ri_etapip_gg_fitv6_toyMC_100_61.log"
------------------------------------------------------------

Successfully completed.

Resource usage summary:

    CPU time :                                   3826.04 sec.
    Max Memory :                                 1398 MB
    Average Memory :                             1053.38 MB
    Total Requested Memory :                     4000.00 MB
    Delta Memory :                               2602.00 MB
    Max Swap :                                   -
    Max Processes :                              19
    Max Threads :                                20
    Run time :                                   3841 sec.
    Turnaround time :                            3851 sec.

The output (if any) follows:



PS:

Read file <./bsub_log/61.err> for stderr output of this job.

Sender: LSF System <lsfadmin@ccb515>
Subject: Job 57389721: <bash -c "basf2 etapip_gg_fit_v6_toymc_100.py 61 > /home/belle2/jaeyoung/storage_ghi/Ntuples_ghi_2/MC15ri_generic/MC15ri_etaetapip_tight_v2_240419_Kp_BCS_etapi0const/bsub_log//MC15ri_etapip_gg_fitv6_toyMC_100_61.log"> in cluster <centralcluster> Done

Job <bash -c "basf2 etapip_gg_fit_v6_toymc_100.py 61 > /home/belle2/jaeyoung/storage_ghi/Ntuples_ghi_2/MC15ri_generic/MC15ri_etaetapip_tight_v2_240419_Kp_BCS_etapi0const/bsub_log//MC15ri_etapip_gg_fitv6_toyMC_100_61.log"> was submitted from host <ccw03> by user <jaeyoung> in cluster <centralcluster> at Tue Jul 30 01:16:41 2024
Job was executed on host(s) <ccb515>, in queue <s>, as user <jaeyoung> in cluster <centralcluster> at Tue Jul 30 01:16:50 2024
</home/belle2/jaeyoung> was used as the home directory.
</home/belle2/jaeyoung/workspace/DRAW_and_FITTING/main/FITTING/etapip/MC15ri_generic/tight_v2_fit_v6/ToyMC> was used as the working directory.
Started at Tue Jul 30 01:16:50 2024
Terminated at Tue Jul 30 02:23:57 2024
Results reported at Tue Jul 30 02:23:57 2024

Your job looked like:

------------------------------------------------------------
# LSBATCH: User input
bash -c "basf2 etapip_gg_fit_v6_toymc_100.py 61 > /home/belle2/jaeyoung/storage_ghi/Ntuples_ghi_2/MC15ri_generic/MC15ri_etaetapip_tight_v2_240419_Kp_BCS_etapi0const/bsub_log//MC15ri_etapip_gg_fitv6_toyMC_100_61.log"
------------------------------------------------------------

Successfully completed.

Resource usage summary:

    CPU time :                                   3946.31 sec.
    Max Memory :                                 1425 MB
    Average Memory :                             1049.81 MB
    Total Requested Memory :                     4000.00 MB
    Delta Memory :                               2575.00 MB
    Max Swap :                                   -
    Max Processes :                              19
    Max Threads :                                20
    Run time :                                   4028 sec.
    Turnaround time :                            4036 sec.

The output (if any) follows:



PS:

Read file <./bsub_log/61.err> for stderr output of this job.

