Sender: LSF System <lsfadmin@ccb513>
Subject: Job 51906974: <bash -c "basf2 etapip_gg_fit_v6_toymc_100.py 66 > /home/belle2/jaeyoung/storage_ghi/Ntuples_ghi_2/MC15ri_generic/MC15ri_etaetapip_tight_v2_240419_Kp_BCS_etapi0const/bsub_log//MC15ri_etapip_gg_fitv6_toyMC_100_66.log"> in cluster <centralcluster> Done

Job <bash -c "basf2 etapip_gg_fit_v6_toymc_100.py 66 > /home/belle2/jaeyoung/storage_ghi/Ntuples_ghi_2/MC15ri_generic/MC15ri_etaetapip_tight_v2_240419_Kp_BCS_etapi0const/bsub_log//MC15ri_etapip_gg_fitv6_toyMC_100_66.log"> was submitted from host <ccw03> by user <jaeyoung> in cluster <centralcluster> at Fri Jul 19 18:00:02 2024
Job was executed on host(s) <ccb513>, in queue <s>, as user <jaeyoung> in cluster <centralcluster> at Fri Jul 19 18:00:03 2024
</home/belle2/jaeyoung> was used as the home directory.
</home/belle2/jaeyoung/workspace/DRAW_and_FITTING/main/FITTING/etapip/MC15ri_generic/tight_v2_fit_v6/ToyMC> was used as the working directory.
Started at Fri Jul 19 18:00:03 2024
Terminated at Fri Jul 19 18:47:37 2024
Results reported at Fri Jul 19 18:47:37 2024

Your job looked like:

------------------------------------------------------------
# LSBATCH: User input
bash -c "basf2 etapip_gg_fit_v6_toymc_100.py 66 > /home/belle2/jaeyoung/storage_ghi/Ntuples_ghi_2/MC15ri_generic/MC15ri_etaetapip_tight_v2_240419_Kp_BCS_etapi0const/bsub_log//MC15ri_etapip_gg_fitv6_toyMC_100_66.log"
------------------------------------------------------------

Successfully completed.

Resource usage summary:

    CPU time :                                   2842.74 sec.
    Max Memory :                                 1321 MB
    Average Memory :                             955.38 MB
    Total Requested Memory :                     4000.00 MB
    Delta Memory :                               2679.00 MB
    Max Swap :                                   -
    Max Processes :                              19
    Max Threads :                                20
    Run time :                                   2855 sec.
    Turnaround time :                            2855 sec.

The output (if any) follows:



PS:

Read file <./bsub_log/66.err> for stderr output of this job.

Sender: LSF System <lsfadmin@ccb090>
Subject: Job 52359003: <bash -c "basf2 etapip_gg_fit_v6_toymc_100.py 66 > /home/belle2/jaeyoung/storage_ghi/Ntuples_ghi_2/MC15ri_generic/MC15ri_etaetapip_tight_v2_240419_Kp_BCS_etapi0const/bsub_log//MC15ri_etapip_gg_fitv6_toyMC_100_66.log"> in cluster <centralcluster> Done

Job <bash -c "basf2 etapip_gg_fit_v6_toymc_100.py 66 > /home/belle2/jaeyoung/storage_ghi/Ntuples_ghi_2/MC15ri_generic/MC15ri_etaetapip_tight_v2_240419_Kp_BCS_etapi0const/bsub_log//MC15ri_etapip_gg_fitv6_toyMC_100_66.log"> was submitted from host <ccw02> by user <jaeyoung> in cluster <centralcluster> at Sat Jul 20 14:38:26 2024
Job was executed on host(s) <ccb090>, in queue <s>, as user <jaeyoung> in cluster <centralcluster> at Sat Jul 20 14:38:41 2024
</home/belle2/jaeyoung> was used as the home directory.
</home/belle2/jaeyoung/workspace/DRAW_and_FITTING/main/FITTING/etapip/MC15ri_generic/tight_v2_fit_v6/ToyMC> was used as the working directory.
Started at Sat Jul 20 14:38:41 2024
Terminated at Sat Jul 20 15:25:38 2024
Results reported at Sat Jul 20 15:25:38 2024

Your job looked like:

------------------------------------------------------------
# LSBATCH: User input
bash -c "basf2 etapip_gg_fit_v6_toymc_100.py 66 > /home/belle2/jaeyoung/storage_ghi/Ntuples_ghi_2/MC15ri_generic/MC15ri_etaetapip_tight_v2_240419_Kp_BCS_etapi0const/bsub_log//MC15ri_etapip_gg_fitv6_toyMC_100_66.log"
------------------------------------------------------------

Successfully completed.

Resource usage summary:

    CPU time :                                   2792.01 sec.
    Max Memory :                                 1311 MB
    Average Memory :                             943.09 MB
    Total Requested Memory :                     4000.00 MB
    Delta Memory :                               2689.00 MB
    Max Swap :                                   -
    Max Processes :                              19
    Max Threads :                                20
    Run time :                                   2817 sec.
    Turnaround time :                            2832 sec.

The output (if any) follows:



PS:

Read file <./bsub_log/66.err> for stderr output of this job.

Sender: LSF System <lsfadmin@ccb117>
Subject: Job 53029231: <bash -c "basf2 etapip_gg_fit_v6_toymc_100.py 66 > /home/belle2/jaeyoung/storage_ghi/Ntuples_ghi_2/MC15ri_generic/MC15ri_etaetapip_tight_v2_240419_Kp_BCS_etapi0const/bsub_log//MC15ri_etapip_gg_fitv6_toyMC_100_66.log"> in cluster <centralcluster> Done

Job <bash -c "basf2 etapip_gg_fit_v6_toymc_100.py 66 > /home/belle2/jaeyoung/storage_ghi/Ntuples_ghi_2/MC15ri_generic/MC15ri_etaetapip_tight_v2_240419_Kp_BCS_etapi0const/bsub_log//MC15ri_etapip_gg_fitv6_toyMC_100_66.log"> was submitted from host <ccw03> by user <jaeyoung> in cluster <centralcluster> at Sun Jul 21 17:29:50 2024
Job was executed on host(s) <ccb117>, in queue <s>, as user <jaeyoung> in cluster <centralcluster> at Sun Jul 21 17:30:08 2024
</home/belle2/jaeyoung> was used as the home directory.
</home/belle2/jaeyoung/workspace/DRAW_and_FITTING/main/FITTING/etapip/MC15ri_generic/tight_v2_fit_v6/ToyMC> was used as the working directory.
Started at Sun Jul 21 17:30:08 2024
Terminated at Sun Jul 21 18:18:03 2024
Results reported at Sun Jul 21 18:18:03 2024

Your job looked like:

------------------------------------------------------------
# LSBATCH: User input
bash -c "basf2 etapip_gg_fit_v6_toymc_100.py 66 > /home/belle2/jaeyoung/storage_ghi/Ntuples_ghi_2/MC15ri_generic/MC15ri_etaetapip_tight_v2_240419_Kp_BCS_etapi0const/bsub_log//MC15ri_etapip_gg_fitv6_toyMC_100_66.log"
------------------------------------------------------------

Successfully completed.

Resource usage summary:

    CPU time :                                   2858.76 sec.
    Max Memory :                                 1310 MB
    Average Memory :                             933.28 MB
    Total Requested Memory :                     4000.00 MB
    Delta Memory :                               2690.00 MB
    Max Swap :                                   -
    Max Processes :                              19
    Max Threads :                                20
    Run time :                                   2876 sec.
    Turnaround time :                            2893 sec.

The output (if any) follows:



PS:

Read file <./bsub_log/66.err> for stderr output of this job.

Sender: LSF System <lsfadmin@ccb194>
Subject: Job 53202023: <bash -c "basf2 etapip_gg_fit_v6_toymc_100.py 66 > /home/belle2/jaeyoung/storage_ghi/Ntuples_ghi_2/MC15ri_generic/MC15ri_etaetapip_tight_v2_240419_Kp_BCS_etapi0const/bsub_log//MC15ri_etapip_gg_fitv6_toyMC_100_66.log"> in cluster <centralcluster> Exited

Job <bash -c "basf2 etapip_gg_fit_v6_toymc_100.py 66 > /home/belle2/jaeyoung/storage_ghi/Ntuples_ghi_2/MC15ri_generic/MC15ri_etaetapip_tight_v2_240419_Kp_BCS_etapi0const/bsub_log//MC15ri_etapip_gg_fitv6_toyMC_100_66.log"> was submitted from host <ccw03> by user <jaeyoung> in cluster <centralcluster> at Mon Jul 22 00:48:50 2024
Job was executed on host(s) <ccb194>, in queue <s>, as user <jaeyoung> in cluster <centralcluster> at Mon Jul 22 00:49:02 2024
</home/belle2/jaeyoung> was used as the home directory.
</home/belle2/jaeyoung/workspace/DRAW_and_FITTING/main/FITTING/etapip/MC15ri_generic/tight_v2_fit_v6/ToyMC> was used as the working directory.
Started at Mon Jul 22 00:49:02 2024
Terminated at Mon Jul 22 01:04:51 2024
Results reported at Mon Jul 22 01:04:51 2024

Your job looked like:

------------------------------------------------------------
# LSBATCH: User input
bash -c "basf2 etapip_gg_fit_v6_toymc_100.py 66 > /home/belle2/jaeyoung/storage_ghi/Ntuples_ghi_2/MC15ri_generic/MC15ri_etaetapip_tight_v2_240419_Kp_BCS_etapi0const/bsub_log//MC15ri_etapip_gg_fitv6_toyMC_100_66.log"
------------------------------------------------------------

Exited with exit code 1.

Resource usage summary:

    CPU time :                                   945.46 sec.
    Max Memory :                                 1323 MB
    Average Memory :                             1242.83 MB
    Total Requested Memory :                     4000.00 MB
    Delta Memory :                               2677.00 MB
    Max Swap :                                   -
    Max Processes :                              19
    Max Threads :                                20
    Run time :                                   950 sec.
    Turnaround time :                            961 sec.

The output (if any) follows:



PS:

Read file <./bsub_log/66.err> for stderr output of this job.

Sender: LSF System <lsfadmin@ccb215>
Subject: Job 53406518: <bash -c "basf2 etapip_gg_fit_v6_toymc_100.py 66 > /home/belle2/jaeyoung/storage_ghi/Ntuples_ghi_2/MC15ri_generic/MC15ri_etaetapip_tight_v2_240419_Kp_BCS_etapi0const/bsub_log//MC15ri_etapip_gg_fitv6_toyMC_100_66.log"> in cluster <centralcluster> Done

Job <bash -c "basf2 etapip_gg_fit_v6_toymc_100.py 66 > /home/belle2/jaeyoung/storage_ghi/Ntuples_ghi_2/MC15ri_generic/MC15ri_etaetapip_tight_v2_240419_Kp_BCS_etapi0const/bsub_log//MC15ri_etapip_gg_fitv6_toyMC_100_66.log"> was submitted from host <ccw06> by user <jaeyoung> in cluster <centralcluster> at Mon Jul 22 10:47:53 2024
Job was executed on host(s) <ccb215>, in queue <s>, as user <jaeyoung> in cluster <centralcluster> at Mon Jul 22 10:47:55 2024
</home/belle2/jaeyoung> was used as the home directory.
</home/belle2/jaeyoung/workspace/DRAW_and_FITTING/main/FITTING/etapip/MC15ri_generic/tight_v2_fit_v6/ToyMC> was used as the working directory.
Started at Mon Jul 22 10:47:55 2024
Terminated at Mon Jul 22 11:45:26 2024
Results reported at Mon Jul 22 11:45:26 2024

Your job looked like:

------------------------------------------------------------
# LSBATCH: User input
bash -c "basf2 etapip_gg_fit_v6_toymc_100.py 66 > /home/belle2/jaeyoung/storage_ghi/Ntuples_ghi_2/MC15ri_generic/MC15ri_etaetapip_tight_v2_240419_Kp_BCS_etapi0const/bsub_log//MC15ri_etapip_gg_fitv6_toyMC_100_66.log"
------------------------------------------------------------

Successfully completed.

Resource usage summary:

    CPU time :                                   3345.39 sec.
    Max Memory :                                 1311 MB
    Average Memory :                             987.69 MB
    Total Requested Memory :                     4000.00 MB
    Delta Memory :                               2689.00 MB
    Max Swap :                                   -
    Max Processes :                              19
    Max Threads :                                20
    Run time :                                   3450 sec.
    Turnaround time :                            3453 sec.

The output (if any) follows:



PS:

Read file <./bsub_log/66.err> for stderr output of this job.

Sender: LSF System <lsfadmin@ccb265>
Subject: Job 53598404: <bash -c "basf2 etapip_gg_fit_v6_toymc_100.py 66 > /home/belle2/jaeyoung/storage_ghi/Ntuples_ghi_2/MC15ri_generic/MC15ri_etaetapip_tight_v2_240419_Kp_BCS_etapi0const/bsub_log//MC15ri_etapip_gg_fitv6_toyMC_100_66.log"> in cluster <centralcluster> Done

Job <bash -c "basf2 etapip_gg_fit_v6_toymc_100.py 66 > /home/belle2/jaeyoung/storage_ghi/Ntuples_ghi_2/MC15ri_generic/MC15ri_etaetapip_tight_v2_240419_Kp_BCS_etapi0const/bsub_log//MC15ri_etapip_gg_fitv6_toyMC_100_66.log"> was submitted from host <ccw03> by user <jaeyoung> in cluster <centralcluster> at Mon Jul 22 18:33:53 2024
Job was executed on host(s) <ccb265>, in queue <s>, as user <jaeyoung> in cluster <centralcluster> at Mon Jul 22 18:34:01 2024
</home/belle2/jaeyoung> was used as the home directory.
</home/belle2/jaeyoung/workspace/DRAW_and_FITTING/main/FITTING/etapip/MC15ri_generic/tight_v2_fit_v6/ToyMC> was used as the working directory.
Started at Mon Jul 22 18:34:01 2024
Terminated at Mon Jul 22 19:20:22 2024
Results reported at Mon Jul 22 19:20:22 2024

Your job looked like:

------------------------------------------------------------
# LSBATCH: User input
bash -c "basf2 etapip_gg_fit_v6_toymc_100.py 66 > /home/belle2/jaeyoung/storage_ghi/Ntuples_ghi_2/MC15ri_generic/MC15ri_etaetapip_tight_v2_240419_Kp_BCS_etapi0const/bsub_log//MC15ri_etapip_gg_fitv6_toyMC_100_66.log"
------------------------------------------------------------

Successfully completed.

Resource usage summary:

    CPU time :                                   2764.74 sec.
    Max Memory :                                 1313 MB
    Average Memory :                             962.01 MB
    Total Requested Memory :                     4000.00 MB
    Delta Memory :                               2687.00 MB
    Max Swap :                                   -
    Max Processes :                              19
    Max Threads :                                20
    Run time :                                   2781 sec.
    Turnaround time :                            2789 sec.

The output (if any) follows:



PS:

Read file <./bsub_log/66.err> for stderr output of this job.

Sender: LSF System <lsfadmin@ccb004>
Subject: Job 53831321: <bash -c "basf2 etapip_gg_fit_v6_toymc_100.py 66 > /home/belle2/jaeyoung/storage_ghi/Ntuples_ghi_2/MC15ri_generic/MC15ri_etaetapip_tight_v2_240419_Kp_BCS_etapi0const/bsub_log//MC15ri_etapip_gg_fitv6_toyMC_100_66.log"> in cluster <centralcluster> Done

Job <bash -c "basf2 etapip_gg_fit_v6_toymc_100.py 66 > /home/belle2/jaeyoung/storage_ghi/Ntuples_ghi_2/MC15ri_generic/MC15ri_etaetapip_tight_v2_240419_Kp_BCS_etapi0const/bsub_log//MC15ri_etapip_gg_fitv6_toyMC_100_66.log"> was submitted from host <ccw05> by user <jaeyoung> in cluster <centralcluster> at Tue Jul 23 00:48:36 2024
Job was executed on host(s) <ccb004>, in queue <s>, as user <jaeyoung> in cluster <centralcluster> at Tue Jul 23 00:48:38 2024
</home/belle2/jaeyoung> was used as the home directory.
</home/belle2/jaeyoung/workspace/DRAW_and_FITTING/main/FITTING/etapip/MC15ri_generic/tight_v2_fit_v6/ToyMC> was used as the working directory.
Started at Tue Jul 23 00:48:38 2024
Terminated at Tue Jul 23 01:46:55 2024
Results reported at Tue Jul 23 01:46:55 2024

Your job looked like:

------------------------------------------------------------
# LSBATCH: User input
bash -c "basf2 etapip_gg_fit_v6_toymc_100.py 66 > /home/belle2/jaeyoung/storage_ghi/Ntuples_ghi_2/MC15ri_generic/MC15ri_etaetapip_tight_v2_240419_Kp_BCS_etapi0const/bsub_log//MC15ri_etapip_gg_fitv6_toyMC_100_66.log"
------------------------------------------------------------

Successfully completed.

Resource usage summary:

    CPU time :                                   3397.28 sec.
    Max Memory :                                 1311 MB
    Average Memory :                             978.55 MB
    Total Requested Memory :                     4000.00 MB
    Delta Memory :                               2689.00 MB
    Max Swap :                                   -
    Max Processes :                              19
    Max Threads :                                20
    Run time :                                   3498 sec.
    Turnaround time :                            3499 sec.

The output (if any) follows:



PS:

Read file <./bsub_log/66.err> for stderr output of this job.

Sender: LSF System <lsfadmin@ccb241>
Subject: Job 54396559: <bash -c "basf2 etapip_gg_fit_v6_toymc_100.py 66 > /home/belle2/jaeyoung/storage_ghi/Ntuples_ghi_2/MC15ri_generic/MC15ri_etaetapip_tight_v2_240419_Kp_BCS_etapi0const/bsub_log//MC15ri_etapip_gg_fitv6_toyMC_100_66.log"> in cluster <centralcluster> Done

Job <bash -c "basf2 etapip_gg_fit_v6_toymc_100.py 66 > /home/belle2/jaeyoung/storage_ghi/Ntuples_ghi_2/MC15ri_generic/MC15ri_etaetapip_tight_v2_240419_Kp_BCS_etapi0const/bsub_log//MC15ri_etapip_gg_fitv6_toyMC_100_66.log"> was submitted from host <ccw04> by user <jaeyoung> in cluster <centralcluster> at Tue Jul 23 17:57:56 2024
Job was executed on host(s) <ccb241>, in queue <s>, as user <jaeyoung> in cluster <centralcluster> at Tue Jul 23 18:03:26 2024
</home/belle2/jaeyoung> was used as the home directory.
</home/belle2/jaeyoung/workspace/DRAW_and_FITTING/main/FITTING/etapip/MC15ri_generic/tight_v2_fit_v6/ToyMC> was used as the working directory.
Started at Tue Jul 23 18:03:26 2024
Terminated at Tue Jul 23 18:50:48 2024
Results reported at Tue Jul 23 18:50:48 2024

Your job looked like:

------------------------------------------------------------
# LSBATCH: User input
bash -c "basf2 etapip_gg_fit_v6_toymc_100.py 66 > /home/belle2/jaeyoung/storage_ghi/Ntuples_ghi_2/MC15ri_generic/MC15ri_etaetapip_tight_v2_240419_Kp_BCS_etapi0const/bsub_log//MC15ri_etapip_gg_fitv6_toyMC_100_66.log"
------------------------------------------------------------

Successfully completed.

Resource usage summary:

    CPU time :                                   2826.43 sec.
    Max Memory :                                 1318 MB
    Average Memory :                             985.71 MB
    Total Requested Memory :                     4000.00 MB
    Delta Memory :                               2682.00 MB
    Max Swap :                                   -
    Max Processes :                              19
    Max Threads :                                20
    Run time :                                   2843 sec.
    Turnaround time :                            3172 sec.

The output (if any) follows:



PS:

Read file <./bsub_log/66.err> for stderr output of this job.

Sender: LSF System <lsfadmin@ccb285>
Subject: Job 54469238: <bash -c "basf2 etapip_gg_fit_v6_toymc_100.py 66 > /home/belle2/jaeyoung/storage_ghi/Ntuples_ghi_2/MC15ri_generic/MC15ri_etaetapip_tight_v2_240419_Kp_BCS_etapi0const/bsub_log//MC15ri_etapip_gg_fitv6_toyMC_100_66.log"> in cluster <centralcluster> Done

Job <bash -c "basf2 etapip_gg_fit_v6_toymc_100.py 66 > /home/belle2/jaeyoung/storage_ghi/Ntuples_ghi_2/MC15ri_generic/MC15ri_etaetapip_tight_v2_240419_Kp_BCS_etapi0const/bsub_log//MC15ri_etapip_gg_fitv6_toyMC_100_66.log"> was submitted from host <ccw03> by user <jaeyoung> in cluster <centralcluster> at Tue Jul 23 19:36:47 2024
Job was executed on host(s) <ccb285>, in queue <s>, as user <jaeyoung> in cluster <centralcluster> at Tue Jul 23 19:36:49 2024
</home/belle2/jaeyoung> was used as the home directory.
</home/belle2/jaeyoung/workspace/DRAW_and_FITTING/main/FITTING/etapip/MC15ri_generic/tight_v2_fit_v6/ToyMC> was used as the working directory.
Started at Tue Jul 23 19:36:49 2024
Terminated at Tue Jul 23 20:24:56 2024
Results reported at Tue Jul 23 20:24:56 2024

Your job looked like:

------------------------------------------------------------
# LSBATCH: User input
bash -c "basf2 etapip_gg_fit_v6_toymc_100.py 66 > /home/belle2/jaeyoung/storage_ghi/Ntuples_ghi_2/MC15ri_generic/MC15ri_etaetapip_tight_v2_240419_Kp_BCS_etapi0const/bsub_log//MC15ri_etapip_gg_fitv6_toyMC_100_66.log"
------------------------------------------------------------

Successfully completed.

Resource usage summary:

    CPU time :                                   2874.17 sec.
    Max Memory :                                 1315 MB
    Average Memory :                             943.78 MB
    Total Requested Memory :                     4000.00 MB
    Delta Memory :                               2685.00 MB
    Max Swap :                                   -
    Max Processes :                              19
    Max Threads :                                20
    Run time :                                   2887 sec.
    Turnaround time :                            2889 sec.

The output (if any) follows:



PS:

Read file <./bsub_log/66.err> for stderr output of this job.

Sender: LSF System <lsfadmin@ccb155>
Subject: Job 55515439: <bash -c "basf2 etapip_gg_fit_v6_toymc_100.py 66 > /home/belle2/jaeyoung/storage_ghi/Ntuples_ghi_2/MC15ri_generic/MC15ri_etaetapip_tight_v2_240419_Kp_BCS_etapi0const/bsub_log//MC15ri_etapip_gg_fitv6_toyMC_100_66.log"> in cluster <centralcluster> Done

Job <bash -c "basf2 etapip_gg_fit_v6_toymc_100.py 66 > /home/belle2/jaeyoung/storage_ghi/Ntuples_ghi_2/MC15ri_generic/MC15ri_etaetapip_tight_v2_240419_Kp_BCS_etapi0const/bsub_log//MC15ri_etapip_gg_fitv6_toyMC_100_66.log"> was submitted from host <ccw01> by user <jaeyoung> in cluster <centralcluster> at Thu Jul 25 20:49:44 2024
Job was executed on host(s) <ccb155>, in queue <s>, as user <jaeyoung> in cluster <centralcluster> at Thu Jul 25 20:49:44 2024
</home/belle2/jaeyoung> was used as the home directory.
</gpfs/home/belle2/jaeyoung/workspace/DRAW_and_FITTING/main/FITTING/etapip/MC15ri_generic/tight_v2_fit_v6/ToyMC> was used as the working directory.
Started at Thu Jul 25 20:49:44 2024
Terminated at Thu Jul 25 21:37:13 2024
Results reported at Thu Jul 25 21:37:13 2024

Your job looked like:

------------------------------------------------------------
# LSBATCH: User input
bash -c "basf2 etapip_gg_fit_v6_toymc_100.py 66 > /home/belle2/jaeyoung/storage_ghi/Ntuples_ghi_2/MC15ri_generic/MC15ri_etaetapip_tight_v2_240419_Kp_BCS_etapi0const/bsub_log//MC15ri_etapip_gg_fitv6_toyMC_100_66.log"
------------------------------------------------------------

Successfully completed.

Resource usage summary:

    CPU time :                                   2834.83 sec.
    Max Memory :                                 1313 MB
    Average Memory :                             956.79 MB
    Total Requested Memory :                     4000.00 MB
    Delta Memory :                               2687.00 MB
    Max Swap :                                   -
    Max Processes :                              19
    Max Threads :                                20
    Run time :                                   2849 sec.
    Turnaround time :                            2849 sec.

The output (if any) follows:



PS:

Read file <./bsub_log/66.err> for stderr output of this job.

Sender: LSF System <lsfadmin@ccb530>
Subject: Job 56102536: <bash -c "basf2 etapip_gg_fit_v6_toymc_100.py 66 > /home/belle2/jaeyoung/storage_ghi/Ntuples_ghi_2/MC15ri_generic/MC15ri_etaetapip_tight_v2_240419_Kp_BCS_etapi0const/bsub_log//MC15ri_etapip_gg_fitv6_toyMC_100_66.log"> in cluster <centralcluster> Done

Job <bash -c "basf2 etapip_gg_fit_v6_toymc_100.py 66 > /home/belle2/jaeyoung/storage_ghi/Ntuples_ghi_2/MC15ri_generic/MC15ri_etaetapip_tight_v2_240419_Kp_BCS_etapi0const/bsub_log//MC15ri_etapip_gg_fitv6_toyMC_100_66.log"> was submitted from host <ccw06> by user <jaeyoung> in cluster <centralcluster> at Fri Jul 26 23:43:01 2024
Job was executed on host(s) <ccb530>, in queue <s>, as user <jaeyoung> in cluster <centralcluster> at Sat Jul 27 00:14:04 2024
</home/belle2/jaeyoung> was used as the home directory.
</home/belle2/jaeyoung/workspace/DRAW_and_FITTING/main/FITTING/etapip/MC15ri_generic/tight_v2_fit_v6/ToyMC> was used as the working directory.
Started at Sat Jul 27 00:14:04 2024
Terminated at Sat Jul 27 00:46:00 2024
Results reported at Sat Jul 27 00:46:00 2024

Your job looked like:

------------------------------------------------------------
# LSBATCH: User input
bash -c "basf2 etapip_gg_fit_v6_toymc_100.py 66 > /home/belle2/jaeyoung/storage_ghi/Ntuples_ghi_2/MC15ri_generic/MC15ri_etaetapip_tight_v2_240419_Kp_BCS_etapi0const/bsub_log//MC15ri_etapip_gg_fitv6_toyMC_100_66.log"
------------------------------------------------------------

Successfully completed.

Resource usage summary:

    CPU time :                                   1893.46 sec.
    Max Memory :                                 886 MB
    Average Memory :                             635.00 MB
    Total Requested Memory :                     4000.00 MB
    Delta Memory :                               3114.00 MB
    Max Swap :                                   -
    Max Processes :                              19
    Max Threads :                                20
    Run time :                                   1916 sec.
    Turnaround time :                            3779 sec.

The output (if any) follows:



PS:

Read file <./bsub_log/66.err> for stderr output of this job.

Sender: LSF System <lsfadmin@ccb186>
Subject: Job 56133385: <bash -c "basf2 etapip_gg_fit_v6_toymc_100.py 66 > /home/belle2/jaeyoung/storage_ghi/Ntuples_ghi_2/MC15ri_generic/MC15ri_etaetapip_tight_v2_240419_Kp_BCS_etapi0const/bsub_log//MC15ri_etapip_gg_fitv6_toyMC_100_66.log"> in cluster <centralcluster> Done

Job <bash -c "basf2 etapip_gg_fit_v6_toymc_100.py 66 > /home/belle2/jaeyoung/storage_ghi/Ntuples_ghi_2/MC15ri_generic/MC15ri_etaetapip_tight_v2_240419_Kp_BCS_etapi0const/bsub_log//MC15ri_etapip_gg_fitv6_toyMC_100_66.log"> was submitted from host <ccw03> by user <jaeyoung> in cluster <centralcluster> at Sat Jul 27 01:12:27 2024
Job was executed on host(s) <ccb186>, in queue <s>, as user <jaeyoung> in cluster <centralcluster> at Sat Jul 27 03:03:10 2024
</home/belle2/jaeyoung> was used as the home directory.
</gpfs/home/belle2/jaeyoung/workspace/DRAW_and_FITTING/main/FITTING/etapip/MC15ri_generic/tight_v2_fit_v6/ToyMC> was used as the working directory.
Started at Sat Jul 27 03:03:10 2024
Terminated at Sat Jul 27 03:42:13 2024
Results reported at Sat Jul 27 03:42:13 2024

Your job looked like:

------------------------------------------------------------
# LSBATCH: User input
bash -c "basf2 etapip_gg_fit_v6_toymc_100.py 66 > /home/belle2/jaeyoung/storage_ghi/Ntuples_ghi_2/MC15ri_generic/MC15ri_etaetapip_tight_v2_240419_Kp_BCS_etapi0const/bsub_log//MC15ri_etapip_gg_fitv6_toyMC_100_66.log"
------------------------------------------------------------

Successfully completed.

Resource usage summary:

    CPU time :                                   2286.24 sec.
    Max Memory :                                 920 MB
    Average Memory :                             663.73 MB
    Total Requested Memory :                     4000.00 MB
    Delta Memory :                               3080.00 MB
    Max Swap :                                   -
    Max Processes :                              19
    Max Threads :                                20
    Run time :                                   2342 sec.
    Turnaround time :                            8986 sec.

The output (if any) follows:



PS:

Read file <./bsub_log/66.err> for stderr output of this job.

Sender: LSF System <lsfadmin@ccb151>
Subject: Job 57218986: <bash -c "basf2 etapip_gg_fit_v6_toymc_100.py 66 > /home/belle2/jaeyoung/storage_ghi/Ntuples_ghi_2/MC15ri_generic/MC15ri_etaetapip_tight_v2_240419_Kp_BCS_etapi0const/bsub_log//MC15ri_etapip_gg_fitv6_toyMC_100_66.log"> in cluster <centralcluster> Exited

Job <bash -c "basf2 etapip_gg_fit_v6_toymc_100.py 66 > /home/belle2/jaeyoung/storage_ghi/Ntuples_ghi_2/MC15ri_generic/MC15ri_etaetapip_tight_v2_240419_Kp_BCS_etapi0const/bsub_log//MC15ri_etapip_gg_fitv6_toyMC_100_66.log"> was submitted from host <ccx03> by user <jaeyoung> in cluster <centralcluster> at Mon Jul 29 18:44:05 2024
Job was executed on host(s) <ccb151>, in queue <s>, as user <jaeyoung> in cluster <centralcluster> at Mon Jul 29 18:44:06 2024
</home/belle2/jaeyoung> was used as the home directory.
</gpfs/home/belle2/jaeyoung/workspace/DRAW_and_FITTING/main/FITTING/etapip/MC15ri_generic/tight_v2_fit_v6/ToyMC> was used as the working directory.
Started at Mon Jul 29 18:44:06 2024
Terminated at Mon Jul 29 19:47:19 2024
Results reported at Mon Jul 29 19:47:19 2024

Your job looked like:

------------------------------------------------------------
# LSBATCH: User input
bash -c "basf2 etapip_gg_fit_v6_toymc_100.py 66 > /home/belle2/jaeyoung/storage_ghi/Ntuples_ghi_2/MC15ri_generic/MC15ri_etaetapip_tight_v2_240419_Kp_BCS_etapi0const/bsub_log//MC15ri_etapip_gg_fitv6_toyMC_100_66.log"
------------------------------------------------------------

Exited with exit code 1.

Resource usage summary:

    CPU time :                                   3722.22 sec.
    Max Memory :                                 1428 MB
    Average Memory :                             1046.85 MB
    Total Requested Memory :                     4000.00 MB
    Delta Memory :                               2572.00 MB
    Max Swap :                                   -
    Max Processes :                              19
    Max Threads :                                20
    Run time :                                   3794 sec.
    Turnaround time :                            3794 sec.

The output (if any) follows:



PS:

Read file <./bsub_log/66.err> for stderr output of this job.

Sender: LSF System <lsfadmin@ccb129>
Subject: Job 57307873: <bash -c "basf2 etapip_gg_fit_v6_toymc_100.py 66 > /home/belle2/jaeyoung/storage_ghi/Ntuples_ghi_2/MC15ri_generic/MC15ri_etaetapip_tight_v2_240419_Kp_BCS_etapi0const/bsub_log//MC15ri_etapip_gg_fitv6_toyMC_100_66.log"> in cluster <centralcluster> Done

Job <bash -c "basf2 etapip_gg_fit_v6_toymc_100.py 66 > /home/belle2/jaeyoung/storage_ghi/Ntuples_ghi_2/MC15ri_generic/MC15ri_etaetapip_tight_v2_240419_Kp_BCS_etapi0const/bsub_log//MC15ri_etapip_gg_fitv6_toyMC_100_66.log"> was submitted from host <ccw03> by user <jaeyoung> in cluster <centralcluster> at Mon Jul 29 23:01:40 2024
Job was executed on host(s) <ccb129>, in queue <s>, as user <jaeyoung> in cluster <centralcluster> at Mon Jul 29 23:01:51 2024
</home/belle2/jaeyoung> was used as the home directory.
</home/belle2/jaeyoung/workspace/DRAW_and_FITTING/main/FITTING/etapip/MC15ri_generic/tight_v2_fit_v6/ToyMC> was used as the working directory.
Started at Mon Jul 29 23:01:51 2024
Terminated at Tue Jul 30 00:04:25 2024
Results reported at Tue Jul 30 00:04:25 2024

Your job looked like:

------------------------------------------------------------
# LSBATCH: User input
bash -c "basf2 etapip_gg_fit_v6_toymc_100.py 66 > /home/belle2/jaeyoung/storage_ghi/Ntuples_ghi_2/MC15ri_generic/MC15ri_etaetapip_tight_v2_240419_Kp_BCS_etapi0const/bsub_log//MC15ri_etapip_gg_fitv6_toyMC_100_66.log"
------------------------------------------------------------

Successfully completed.

Resource usage summary:

    CPU time :                                   3740.63 sec.
    Max Memory :                                 1433 MB
    Average Memory :                             1047.41 MB
    Total Requested Memory :                     4000.00 MB
    Delta Memory :                               2567.00 MB
    Max Swap :                                   -
    Max Processes :                              19
    Max Threads :                                20
    Run time :                                   3755 sec.
    Turnaround time :                            3765 sec.

The output (if any) follows:



PS:

Read file <./bsub_log/66.err> for stderr output of this job.

Sender: LSF System <lsfadmin@ccb057>
Subject: Job 57389732: <bash -c "basf2 etapip_gg_fit_v6_toymc_100.py 66 > /home/belle2/jaeyoung/storage_ghi/Ntuples_ghi_2/MC15ri_generic/MC15ri_etaetapip_tight_v2_240419_Kp_BCS_etapi0const/bsub_log//MC15ri_etapip_gg_fitv6_toyMC_100_66.log"> in cluster <centralcluster> Done

Job <bash -c "basf2 etapip_gg_fit_v6_toymc_100.py 66 > /home/belle2/jaeyoung/storage_ghi/Ntuples_ghi_2/MC15ri_generic/MC15ri_etaetapip_tight_v2_240419_Kp_BCS_etapi0const/bsub_log//MC15ri_etapip_gg_fitv6_toyMC_100_66.log"> was submitted from host <ccw03> by user <jaeyoung> in cluster <centralcluster> at Tue Jul 30 01:16:43 2024
Job was executed on host(s) <ccb057>, in queue <s>, as user <jaeyoung> in cluster <centralcluster> at Tue Jul 30 01:16:51 2024
</home/belle2/jaeyoung> was used as the home directory.
</home/belle2/jaeyoung/workspace/DRAW_and_FITTING/main/FITTING/etapip/MC15ri_generic/tight_v2_fit_v6/ToyMC> was used as the working directory.
Started at Tue Jul 30 01:16:51 2024
Terminated at Tue Jul 30 02:18:59 2024
Results reported at Tue Jul 30 02:18:59 2024

Your job looked like:

------------------------------------------------------------
# LSBATCH: User input
bash -c "basf2 etapip_gg_fit_v6_toymc_100.py 66 > /home/belle2/jaeyoung/storage_ghi/Ntuples_ghi_2/MC15ri_generic/MC15ri_etaetapip_tight_v2_240419_Kp_BCS_etapi0const/bsub_log//MC15ri_etapip_gg_fitv6_toyMC_100_66.log"
------------------------------------------------------------

Successfully completed.

Resource usage summary:

    CPU time :                                   3702.52 sec.
    Max Memory :                                 1398 MB
    Average Memory :                             1030.26 MB
    Total Requested Memory :                     4000.00 MB
    Delta Memory :                               2602.00 MB
    Max Swap :                                   -
    Max Processes :                              19
    Max Threads :                                20
    Run time :                                   3728 sec.
    Turnaround time :                            3736 sec.

The output (if any) follows:



PS:

Read file <./bsub_log/66.err> for stderr output of this job.

