Sender: LSF System <lsfadmin@ccb193>
Subject: Job 51907053: <bash -c "basf2 etapip_gg_fit_v6_toymc_100.py 81 > /home/belle2/jaeyoung/storage_ghi/Ntuples_ghi_2/MC15ri_generic/MC15ri_etaetapip_tight_v2_240419_Kp_BCS_etapi0const/bsub_log//MC15ri_etapip_gg_fitv6_toyMC_100_81.log"> in cluster <centralcluster> Done

Job <bash -c "basf2 etapip_gg_fit_v6_toymc_100.py 81 > /home/belle2/jaeyoung/storage_ghi/Ntuples_ghi_2/MC15ri_generic/MC15ri_etaetapip_tight_v2_240419_Kp_BCS_etapi0const/bsub_log//MC15ri_etapip_gg_fitv6_toyMC_100_81.log"> was submitted from host <ccw03> by user <jaeyoung> in cluster <centralcluster> at Fri Jul 19 18:00:08 2024
Job was executed on host(s) <ccb193>, in queue <s>, as user <jaeyoung> in cluster <centralcluster> at Fri Jul 19 18:00:10 2024
</home/belle2/jaeyoung> was used as the home directory.
</home/belle2/jaeyoung/workspace/DRAW_and_FITTING/main/FITTING/etapip/MC15ri_generic/tight_v2_fit_v6/ToyMC> was used as the working directory.
Started at Fri Jul 19 18:00:10 2024
Terminated at Fri Jul 19 18:51:35 2024
Results reported at Fri Jul 19 18:51:35 2024

Your job looked like:

------------------------------------------------------------
# LSBATCH: User input
bash -c "basf2 etapip_gg_fit_v6_toymc_100.py 81 > /home/belle2/jaeyoung/storage_ghi/Ntuples_ghi_2/MC15ri_generic/MC15ri_etaetapip_tight_v2_240419_Kp_BCS_etapi0const/bsub_log//MC15ri_etapip_gg_fitv6_toyMC_100_81.log"
------------------------------------------------------------

Successfully completed.

Resource usage summary:

    CPU time :                                   3043.81 sec.
    Max Memory :                                 1313 MB
    Average Memory :                             949.46 MB
    Total Requested Memory :                     4000.00 MB
    Delta Memory :                               2687.00 MB
    Max Swap :                                   -
    Max Processes :                              19
    Max Threads :                                20
    Run time :                                   3086 sec.
    Turnaround time :                            3087 sec.

The output (if any) follows:



PS:

Read file <./bsub_log/81.err> for stderr output of this job.

Sender: LSF System <lsfadmin@ccb266>
Subject: Job 52359038: <bash -c "basf2 etapip_gg_fit_v6_toymc_100.py 81 > /home/belle2/jaeyoung/storage_ghi/Ntuples_ghi_2/MC15ri_generic/MC15ri_etaetapip_tight_v2_240419_Kp_BCS_etapi0const/bsub_log//MC15ri_etapip_gg_fitv6_toyMC_100_81.log"> in cluster <centralcluster> Done

Job <bash -c "basf2 etapip_gg_fit_v6_toymc_100.py 81 > /home/belle2/jaeyoung/storage_ghi/Ntuples_ghi_2/MC15ri_generic/MC15ri_etaetapip_tight_v2_240419_Kp_BCS_etapi0const/bsub_log//MC15ri_etapip_gg_fitv6_toyMC_100_81.log"> was submitted from host <ccw02> by user <jaeyoung> in cluster <centralcluster> at Sat Jul 20 14:38:31 2024
Job was executed on host(s) <ccb266>, in queue <s>, as user <jaeyoung> in cluster <centralcluster> at Sat Jul 20 14:38:57 2024
</home/belle2/jaeyoung> was used as the home directory.
</home/belle2/jaeyoung/workspace/DRAW_and_FITTING/main/FITTING/etapip/MC15ri_generic/tight_v2_fit_v6/ToyMC> was used as the working directory.
Started at Sat Jul 20 14:38:57 2024
Terminated at Sat Jul 20 15:28:00 2024
Results reported at Sat Jul 20 15:28:00 2024

Your job looked like:

------------------------------------------------------------
# LSBATCH: User input
bash -c "basf2 etapip_gg_fit_v6_toymc_100.py 81 > /home/belle2/jaeyoung/storage_ghi/Ntuples_ghi_2/MC15ri_generic/MC15ri_etaetapip_tight_v2_240419_Kp_BCS_etapi0const/bsub_log//MC15ri_etapip_gg_fitv6_toyMC_100_81.log"
------------------------------------------------------------

Successfully completed.

Resource usage summary:

    CPU time :                                   2878.59 sec.
    Max Memory :                                 1311 MB
    Average Memory :                             938.08 MB
    Total Requested Memory :                     4000.00 MB
    Delta Memory :                               2689.00 MB
    Max Swap :                                   -
    Max Processes :                              19
    Max Threads :                                20
    Run time :                                   2944 sec.
    Turnaround time :                            2969 sec.

The output (if any) follows:



PS:

Read file <./bsub_log/81.err> for stderr output of this job.

Sender: LSF System <lsfadmin@ccb197>
Subject: Job 53029288: <bash -c "basf2 etapip_gg_fit_v6_toymc_100.py 81 > /home/belle2/jaeyoung/storage_ghi/Ntuples_ghi_2/MC15ri_generic/MC15ri_etaetapip_tight_v2_240419_Kp_BCS_etapi0const/bsub_log//MC15ri_etapip_gg_fitv6_toyMC_100_81.log"> in cluster <centralcluster> Done

Job <bash -c "basf2 etapip_gg_fit_v6_toymc_100.py 81 > /home/belle2/jaeyoung/storage_ghi/Ntuples_ghi_2/MC15ri_generic/MC15ri_etaetapip_tight_v2_240419_Kp_BCS_etapi0const/bsub_log//MC15ri_etapip_gg_fitv6_toyMC_100_81.log"> was submitted from host <ccw03> by user <jaeyoung> in cluster <centralcluster> at Sun Jul 21 17:29:56 2024
Job was executed on host(s) <ccb197>, in queue <s>, as user <jaeyoung> in cluster <centralcluster> at Sun Jul 21 17:30:17 2024
</home/belle2/jaeyoung> was used as the home directory.
</home/belle2/jaeyoung/workspace/DRAW_and_FITTING/main/FITTING/etapip/MC15ri_generic/tight_v2_fit_v6/ToyMC> was used as the working directory.
Started at Sun Jul 21 17:30:17 2024
Terminated at Sun Jul 21 18:19:47 2024
Results reported at Sun Jul 21 18:19:47 2024

Your job looked like:

------------------------------------------------------------
# LSBATCH: User input
bash -c "basf2 etapip_gg_fit_v6_toymc_100.py 81 > /home/belle2/jaeyoung/storage_ghi/Ntuples_ghi_2/MC15ri_generic/MC15ri_etaetapip_tight_v2_240419_Kp_BCS_etapi0const/bsub_log//MC15ri_etapip_gg_fitv6_toyMC_100_81.log"
------------------------------------------------------------

Successfully completed.

Resource usage summary:

    CPU time :                                   2927.72 sec.
    Max Memory :                                 1310 MB
    Average Memory :                             936.30 MB
    Total Requested Memory :                     4000.00 MB
    Delta Memory :                               2690.00 MB
    Max Swap :                                   -
    Max Processes :                              19
    Max Threads :                                20
    Run time :                                   2970 sec.
    Turnaround time :                            2991 sec.

The output (if any) follows:



PS:

Read file <./bsub_log/81.err> for stderr output of this job.

Sender: LSF System <lsfadmin@ccb213>
Subject: Job 53202089: <bash -c "basf2 etapip_gg_fit_v6_toymc_100.py 81 > /home/belle2/jaeyoung/storage_ghi/Ntuples_ghi_2/MC15ri_generic/MC15ri_etaetapip_tight_v2_240419_Kp_BCS_etapi0const/bsub_log//MC15ri_etapip_gg_fitv6_toyMC_100_81.log"> in cluster <centralcluster> Exited

Job <bash -c "basf2 etapip_gg_fit_v6_toymc_100.py 81 > /home/belle2/jaeyoung/storage_ghi/Ntuples_ghi_2/MC15ri_generic/MC15ri_etaetapip_tight_v2_240419_Kp_BCS_etapi0const/bsub_log//MC15ri_etapip_gg_fitv6_toyMC_100_81.log"> was submitted from host <ccw03> by user <jaeyoung> in cluster <centralcluster> at Mon Jul 22 00:48:56 2024
Job was executed on host(s) <ccb213>, in queue <s>, as user <jaeyoung> in cluster <centralcluster> at Mon Jul 22 00:49:12 2024
</home/belle2/jaeyoung> was used as the home directory.
</home/belle2/jaeyoung/workspace/DRAW_and_FITTING/main/FITTING/etapip/MC15ri_generic/tight_v2_fit_v6/ToyMC> was used as the working directory.
Started at Mon Jul 22 00:49:12 2024
Terminated at Mon Jul 22 01:05:23 2024
Results reported at Mon Jul 22 01:05:23 2024

Your job looked like:

------------------------------------------------------------
# LSBATCH: User input
bash -c "basf2 etapip_gg_fit_v6_toymc_100.py 81 > /home/belle2/jaeyoung/storage_ghi/Ntuples_ghi_2/MC15ri_generic/MC15ri_etaetapip_tight_v2_240419_Kp_BCS_etapi0const/bsub_log//MC15ri_etapip_gg_fitv6_toyMC_100_81.log"
------------------------------------------------------------

Exited with exit code 1.

Resource usage summary:

    CPU time :                                   960.17 sec.
    Max Memory :                                 1257 MB
    Average Memory :                             1165.63 MB
    Total Requested Memory :                     4000.00 MB
    Delta Memory :                               2743.00 MB
    Max Swap :                                   -
    Max Processes :                              19
    Max Threads :                                20
    Run time :                                   971 sec.
    Turnaround time :                            987 sec.

The output (if any) follows:



PS:

Read file <./bsub_log/81.err> for stderr output of this job.

Sender: LSF System <lsfadmin@ccb246>
Subject: Job 53406549: <bash -c "basf2 etapip_gg_fit_v6_toymc_100.py 81 > /home/belle2/jaeyoung/storage_ghi/Ntuples_ghi_2/MC15ri_generic/MC15ri_etaetapip_tight_v2_240419_Kp_BCS_etapi0const/bsub_log//MC15ri_etapip_gg_fitv6_toyMC_100_81.log"> in cluster <centralcluster> Done

Job <bash -c "basf2 etapip_gg_fit_v6_toymc_100.py 81 > /home/belle2/jaeyoung/storage_ghi/Ntuples_ghi_2/MC15ri_generic/MC15ri_etaetapip_tight_v2_240419_Kp_BCS_etapi0const/bsub_log//MC15ri_etapip_gg_fitv6_toyMC_100_81.log"> was submitted from host <ccw06> by user <jaeyoung> in cluster <centralcluster> at Mon Jul 22 10:47:58 2024
Job was executed on host(s) <ccb246>, in queue <s>, as user <jaeyoung> in cluster <centralcluster> at Mon Jul 22 10:48:01 2024
</home/belle2/jaeyoung> was used as the home directory.
</home/belle2/jaeyoung/workspace/DRAW_and_FITTING/main/FITTING/etapip/MC15ri_generic/tight_v2_fit_v6/ToyMC> was used as the working directory.
Started at Mon Jul 22 10:48:01 2024
Terminated at Mon Jul 22 11:33:59 2024
Results reported at Mon Jul 22 11:33:59 2024

Your job looked like:

------------------------------------------------------------
# LSBATCH: User input
bash -c "basf2 etapip_gg_fit_v6_toymc_100.py 81 > /home/belle2/jaeyoung/storage_ghi/Ntuples_ghi_2/MC15ri_generic/MC15ri_etaetapip_tight_v2_240419_Kp_BCS_etapi0const/bsub_log//MC15ri_etapip_gg_fitv6_toyMC_100_81.log"
------------------------------------------------------------

Successfully completed.

Resource usage summary:

    CPU time :                                   2749.30 sec.
    Max Memory :                                 1311 MB
    Average Memory :                             953.60 MB
    Total Requested Memory :                     4000.00 MB
    Delta Memory :                               2689.00 MB
    Max Swap :                                   -
    Max Processes :                              19
    Max Threads :                                20
    Run time :                                   2758 sec.
    Turnaround time :                            2761 sec.

The output (if any) follows:



PS:

Read file <./bsub_log/81.err> for stderr output of this job.

Sender: LSF System <lsfadmin@ccb270>
Subject: Job 53598459: <bash -c "basf2 etapip_gg_fit_v6_toymc_100.py 81 > /home/belle2/jaeyoung/storage_ghi/Ntuples_ghi_2/MC15ri_generic/MC15ri_etaetapip_tight_v2_240419_Kp_BCS_etapi0const/bsub_log//MC15ri_etapip_gg_fitv6_toyMC_100_81.log"> in cluster <centralcluster> Done

Job <bash -c "basf2 etapip_gg_fit_v6_toymc_100.py 81 > /home/belle2/jaeyoung/storage_ghi/Ntuples_ghi_2/MC15ri_generic/MC15ri_etaetapip_tight_v2_240419_Kp_BCS_etapi0const/bsub_log//MC15ri_etapip_gg_fitv6_toyMC_100_81.log"> was submitted from host <ccw03> by user <jaeyoung> in cluster <centralcluster> at Mon Jul 22 18:33:58 2024
Job was executed on host(s) <ccb270>, in queue <s>, as user <jaeyoung> in cluster <centralcluster> at Mon Jul 22 18:34:04 2024
</home/belle2/jaeyoung> was used as the home directory.
</home/belle2/jaeyoung/workspace/DRAW_and_FITTING/main/FITTING/etapip/MC15ri_generic/tight_v2_fit_v6/ToyMC> was used as the working directory.
Started at Mon Jul 22 18:34:04 2024
Terminated at Mon Jul 22 19:20:59 2024
Results reported at Mon Jul 22 19:20:59 2024

Your job looked like:

------------------------------------------------------------
# LSBATCH: User input
bash -c "basf2 etapip_gg_fit_v6_toymc_100.py 81 > /home/belle2/jaeyoung/storage_ghi/Ntuples_ghi_2/MC15ri_generic/MC15ri_etaetapip_tight_v2_240419_Kp_BCS_etapi0const/bsub_log//MC15ri_etapip_gg_fitv6_toyMC_100_81.log"
------------------------------------------------------------

Successfully completed.

Resource usage summary:

    CPU time :                                   2805.97 sec.
    Max Memory :                                 1311 MB
    Average Memory :                             960.91 MB
    Total Requested Memory :                     4000.00 MB
    Delta Memory :                               2689.00 MB
    Max Swap :                                   -
    Max Processes :                              19
    Max Threads :                                20
    Run time :                                   2815 sec.
    Turnaround time :                            2821 sec.

The output (if any) follows:



PS:

Read file <./bsub_log/81.err> for stderr output of this job.

Sender: LSF System <lsfadmin@ccb251>
Subject: Job 53831392: <bash -c "basf2 etapip_gg_fit_v6_toymc_100.py 81 > /home/belle2/jaeyoung/storage_ghi/Ntuples_ghi_2/MC15ri_generic/MC15ri_etaetapip_tight_v2_240419_Kp_BCS_etapi0const/bsub_log//MC15ri_etapip_gg_fitv6_toyMC_100_81.log"> in cluster <centralcluster> Done

Job <bash -c "basf2 etapip_gg_fit_v6_toymc_100.py 81 > /home/belle2/jaeyoung/storage_ghi/Ntuples_ghi_2/MC15ri_generic/MC15ri_etaetapip_tight_v2_240419_Kp_BCS_etapi0const/bsub_log//MC15ri_etapip_gg_fitv6_toyMC_100_81.log"> was submitted from host <ccw05> by user <jaeyoung> in cluster <centralcluster> at Tue Jul 23 00:48:42 2024
Job was executed on host(s) <ccb251>, in queue <s>, as user <jaeyoung> in cluster <centralcluster> at Tue Jul 23 00:48:49 2024
</home/belle2/jaeyoung> was used as the home directory.
</home/belle2/jaeyoung/workspace/DRAW_and_FITTING/main/FITTING/etapip/MC15ri_generic/tight_v2_fit_v6/ToyMC> was used as the working directory.
Started at Tue Jul 23 00:48:49 2024
Terminated at Tue Jul 23 01:37:26 2024
Results reported at Tue Jul 23 01:37:26 2024

Your job looked like:

------------------------------------------------------------
# LSBATCH: User input
bash -c "basf2 etapip_gg_fit_v6_toymc_100.py 81 > /home/belle2/jaeyoung/storage_ghi/Ntuples_ghi_2/MC15ri_generic/MC15ri_etaetapip_tight_v2_240419_Kp_BCS_etapi0const/bsub_log//MC15ri_etapip_gg_fitv6_toyMC_100_81.log"
------------------------------------------------------------

Successfully completed.

Resource usage summary:

    CPU time :                                   2823.50 sec.
    Max Memory :                                 1311 MB
    Average Memory :                             942.01 MB
    Total Requested Memory :                     4000.00 MB
    Delta Memory :                               2689.00 MB
    Max Swap :                                   -
    Max Processes :                              19
    Max Threads :                                20
    Run time :                                   2918 sec.
    Turnaround time :                            2924 sec.

The output (if any) follows:



PS:

Read file <./bsub_log/81.err> for stderr output of this job.

Sender: LSF System <lsfadmin@ccb032>
Subject: Job 54396646: <bash -c "basf2 etapip_gg_fit_v6_toymc_100.py 81 > /home/belle2/jaeyoung/storage_ghi/Ntuples_ghi_2/MC15ri_generic/MC15ri_etaetapip_tight_v2_240419_Kp_BCS_etapi0const/bsub_log//MC15ri_etapip_gg_fitv6_toyMC_100_81.log"> in cluster <centralcluster> Done

Job <bash -c "basf2 etapip_gg_fit_v6_toymc_100.py 81 > /home/belle2/jaeyoung/storage_ghi/Ntuples_ghi_2/MC15ri_generic/MC15ri_etaetapip_tight_v2_240419_Kp_BCS_etapi0const/bsub_log//MC15ri_etapip_gg_fitv6_toyMC_100_81.log"> was submitted from host <ccw04> by user <jaeyoung> in cluster <centralcluster> at Tue Jul 23 17:58:02 2024
Job was executed on host(s) <ccb032>, in queue <s>, as user <jaeyoung> in cluster <centralcluster> at Tue Jul 23 18:03:26 2024
</home/belle2/jaeyoung> was used as the home directory.
</home/belle2/jaeyoung/workspace/DRAW_and_FITTING/main/FITTING/etapip/MC15ri_generic/tight_v2_fit_v6/ToyMC> was used as the working directory.
Started at Tue Jul 23 18:03:26 2024
Terminated at Tue Jul 23 18:50:42 2024
Results reported at Tue Jul 23 18:50:42 2024

Your job looked like:

------------------------------------------------------------
# LSBATCH: User input
bash -c "basf2 etapip_gg_fit_v6_toymc_100.py 81 > /home/belle2/jaeyoung/storage_ghi/Ntuples_ghi_2/MC15ri_generic/MC15ri_etaetapip_tight_v2_240419_Kp_BCS_etapi0const/bsub_log//MC15ri_etapip_gg_fitv6_toyMC_100_81.log"
------------------------------------------------------------

Successfully completed.

Resource usage summary:

    CPU time :                                   2791.77 sec.
    Max Memory :                                 1313 MB
    Average Memory :                             954.75 MB
    Total Requested Memory :                     4000.00 MB
    Delta Memory :                               2687.00 MB
    Max Swap :                                   -
    Max Processes :                              19
    Max Threads :                                20
    Run time :                                   2837 sec.
    Turnaround time :                            3160 sec.

The output (if any) follows:



PS:

Read file <./bsub_log/81.err> for stderr output of this job.

Sender: LSF System <lsfadmin@ccb238>
Subject: Job 54469338: <bash -c "basf2 etapip_gg_fit_v6_toymc_100.py 81 > /home/belle2/jaeyoung/storage_ghi/Ntuples_ghi_2/MC15ri_generic/MC15ri_etaetapip_tight_v2_240419_Kp_BCS_etapi0const/bsub_log//MC15ri_etapip_gg_fitv6_toyMC_100_81.log"> in cluster <centralcluster> Done

Job <bash -c "basf2 etapip_gg_fit_v6_toymc_100.py 81 > /home/belle2/jaeyoung/storage_ghi/Ntuples_ghi_2/MC15ri_generic/MC15ri_etaetapip_tight_v2_240419_Kp_BCS_etapi0const/bsub_log//MC15ri_etapip_gg_fitv6_toyMC_100_81.log"> was submitted from host <ccw03> by user <jaeyoung> in cluster <centralcluster> at Tue Jul 23 19:36:52 2024
Job was executed on host(s) <ccb238>, in queue <s>, as user <jaeyoung> in cluster <centralcluster> at Tue Jul 23 19:36:53 2024
</home/belle2/jaeyoung> was used as the home directory.
</home/belle2/jaeyoung/workspace/DRAW_and_FITTING/main/FITTING/etapip/MC15ri_generic/tight_v2_fit_v6/ToyMC> was used as the working directory.
Started at Tue Jul 23 19:36:53 2024
Terminated at Tue Jul 23 20:26:16 2024
Results reported at Tue Jul 23 20:26:16 2024

Your job looked like:

------------------------------------------------------------
# LSBATCH: User input
bash -c "basf2 etapip_gg_fit_v6_toymc_100.py 81 > /home/belle2/jaeyoung/storage_ghi/Ntuples_ghi_2/MC15ri_generic/MC15ri_etaetapip_tight_v2_240419_Kp_BCS_etapi0const/bsub_log//MC15ri_etapip_gg_fitv6_toyMC_100_81.log"
------------------------------------------------------------

Successfully completed.

Resource usage summary:

    CPU time :                                   2913.33 sec.
    Max Memory :                                 1313 MB
    Average Memory :                             968.82 MB
    Total Requested Memory :                     4000.00 MB
    Delta Memory :                               2687.00 MB
    Max Swap :                                   -
    Max Processes :                              19
    Max Threads :                                20
    Run time :                                   2964 sec.
    Turnaround time :                            2964 sec.

The output (if any) follows:



PS:

Read file <./bsub_log/81.err> for stderr output of this job.

Sender: LSF System <lsfadmin@ccb181>
Subject: Job 55515456: <bash -c "basf2 etapip_gg_fit_v6_toymc_100.py 81 > /home/belle2/jaeyoung/storage_ghi/Ntuples_ghi_2/MC15ri_generic/MC15ri_etaetapip_tight_v2_240419_Kp_BCS_etapi0const/bsub_log//MC15ri_etapip_gg_fitv6_toyMC_100_81.log"> in cluster <centralcluster> Done

Job <bash -c "basf2 etapip_gg_fit_v6_toymc_100.py 81 > /home/belle2/jaeyoung/storage_ghi/Ntuples_ghi_2/MC15ri_generic/MC15ri_etaetapip_tight_v2_240419_Kp_BCS_etapi0const/bsub_log//MC15ri_etapip_gg_fitv6_toyMC_100_81.log"> was submitted from host <ccw01> by user <jaeyoung> in cluster <centralcluster> at Thu Jul 25 20:49:49 2024
Job was executed on host(s) <ccb181>, in queue <s>, as user <jaeyoung> in cluster <centralcluster> at Thu Jul 25 20:49:50 2024
</home/belle2/jaeyoung> was used as the home directory.
</gpfs/home/belle2/jaeyoung/workspace/DRAW_and_FITTING/main/FITTING/etapip/MC15ri_generic/tight_v2_fit_v6/ToyMC> was used as the working directory.
Started at Thu Jul 25 20:49:50 2024
Terminated at Thu Jul 25 21:37:35 2024
Results reported at Thu Jul 25 21:37:35 2024

Your job looked like:

------------------------------------------------------------
# LSBATCH: User input
bash -c "basf2 etapip_gg_fit_v6_toymc_100.py 81 > /home/belle2/jaeyoung/storage_ghi/Ntuples_ghi_2/MC15ri_generic/MC15ri_etaetapip_tight_v2_240419_Kp_BCS_etapi0const/bsub_log//MC15ri_etapip_gg_fitv6_toyMC_100_81.log"
------------------------------------------------------------

Successfully completed.

Resource usage summary:

    CPU time :                                   2835.19 sec.
    Max Memory :                                 1322 MB
    Average Memory :                             970.29 MB
    Total Requested Memory :                     4000.00 MB
    Delta Memory :                               2678.00 MB
    Max Swap :                                   -
    Max Processes :                              19
    Max Threads :                                20
    Run time :                                   2865 sec.
    Turnaround time :                            2866 sec.

The output (if any) follows:



PS:

Read file <./bsub_log/81.err> for stderr output of this job.

Sender: LSF System <lsfadmin@ccb171>
Subject: Job 56102595: <bash -c "basf2 etapip_gg_fit_v6_toymc_100.py 81 > /home/belle2/jaeyoung/storage_ghi/Ntuples_ghi_2/MC15ri_generic/MC15ri_etaetapip_tight_v2_240419_Kp_BCS_etapi0const/bsub_log//MC15ri_etapip_gg_fitv6_toyMC_100_81.log"> in cluster <centralcluster> Done

Job <bash -c "basf2 etapip_gg_fit_v6_toymc_100.py 81 > /home/belle2/jaeyoung/storage_ghi/Ntuples_ghi_2/MC15ri_generic/MC15ri_etaetapip_tight_v2_240419_Kp_BCS_etapi0const/bsub_log//MC15ri_etapip_gg_fitv6_toyMC_100_81.log"> was submitted from host <ccw06> by user <jaeyoung> in cluster <centralcluster> at Fri Jul 26 23:43:05 2024
Job was executed on host(s) <ccb171>, in queue <s>, as user <jaeyoung> in cluster <centralcluster> at Sat Jul 27 00:14:20 2024
</home/belle2/jaeyoung> was used as the home directory.
</home/belle2/jaeyoung/workspace/DRAW_and_FITTING/main/FITTING/etapip/MC15ri_generic/tight_v2_fit_v6/ToyMC> was used as the working directory.
Started at Sat Jul 27 00:14:20 2024
Terminated at Sat Jul 27 00:49:08 2024
Results reported at Sat Jul 27 00:49:08 2024

Your job looked like:

------------------------------------------------------------
# LSBATCH: User input
bash -c "basf2 etapip_gg_fit_v6_toymc_100.py 81 > /home/belle2/jaeyoung/storage_ghi/Ntuples_ghi_2/MC15ri_generic/MC15ri_etaetapip_tight_v2_240419_Kp_BCS_etapi0const/bsub_log//MC15ri_etapip_gg_fitv6_toyMC_100_81.log"
------------------------------------------------------------

Successfully completed.

Resource usage summary:

    CPU time :                                   2002.26 sec.
    Max Memory :                                 892 MB
    Average Memory :                             640.71 MB
    Total Requested Memory :                     4000.00 MB
    Delta Memory :                               3108.00 MB
    Max Swap :                                   -
    Max Processes :                              19
    Max Threads :                                20
    Run time :                                   2088 sec.
    Turnaround time :                            3963 sec.

The output (if any) follows:



PS:

Read file <./bsub_log/81.err> for stderr output of this job.

Sender: LSF System <lsfadmin@ccb072>
Subject: Job 56133402: <bash -c "basf2 etapip_gg_fit_v6_toymc_100.py 81 > /home/belle2/jaeyoung/storage_ghi/Ntuples_ghi_2/MC15ri_generic/MC15ri_etaetapip_tight_v2_240419_Kp_BCS_etapi0const/bsub_log//MC15ri_etapip_gg_fitv6_toyMC_100_81.log"> in cluster <centralcluster> Done

Job <bash -c "basf2 etapip_gg_fit_v6_toymc_100.py 81 > /home/belle2/jaeyoung/storage_ghi/Ntuples_ghi_2/MC15ri_generic/MC15ri_etaetapip_tight_v2_240419_Kp_BCS_etapi0const/bsub_log//MC15ri_etapip_gg_fitv6_toyMC_100_81.log"> was submitted from host <ccw03> by user <jaeyoung> in cluster <centralcluster> at Sat Jul 27 01:12:30 2024
Job was executed on host(s) <ccb072>, in queue <s>, as user <jaeyoung> in cluster <centralcluster> at Sat Jul 27 03:03:15 2024
</home/belle2/jaeyoung> was used as the home directory.
</gpfs/home/belle2/jaeyoung/workspace/DRAW_and_FITTING/main/FITTING/etapip/MC15ri_generic/tight_v2_fit_v6/ToyMC> was used as the working directory.
Started at Sat Jul 27 03:03:15 2024
Terminated at Sat Jul 27 03:41:43 2024
Results reported at Sat Jul 27 03:41:43 2024

Your job looked like:

------------------------------------------------------------
# LSBATCH: User input
bash -c "basf2 etapip_gg_fit_v6_toymc_100.py 81 > /home/belle2/jaeyoung/storage_ghi/Ntuples_ghi_2/MC15ri_generic/MC15ri_etaetapip_tight_v2_240419_Kp_BCS_etapi0const/bsub_log//MC15ri_etapip_gg_fitv6_toyMC_100_81.log"
------------------------------------------------------------

Successfully completed.

Resource usage summary:

    CPU time :                                   2278.71 sec.
    Max Memory :                                 922 MB
    Average Memory :                             660.95 MB
    Total Requested Memory :                     4000.00 MB
    Delta Memory :                               3078.00 MB
    Max Swap :                                   -
    Max Processes :                              19
    Max Threads :                                20
    Run time :                                   2307 sec.
    Turnaround time :                            8953 sec.

The output (if any) follows:



PS:

Read file <./bsub_log/81.err> for stderr output of this job.

Sender: LSF System <lsfadmin@ccb049>
Subject: Job 57219025: <bash -c "basf2 etapip_gg_fit_v6_toymc_100.py 81 > /home/belle2/jaeyoung/storage_ghi/Ntuples_ghi_2/MC15ri_generic/MC15ri_etaetapip_tight_v2_240419_Kp_BCS_etapi0const/bsub_log//MC15ri_etapip_gg_fitv6_toyMC_100_81.log"> in cluster <centralcluster> Exited

Job <bash -c "basf2 etapip_gg_fit_v6_toymc_100.py 81 > /home/belle2/jaeyoung/storage_ghi/Ntuples_ghi_2/MC15ri_generic/MC15ri_etaetapip_tight_v2_240419_Kp_BCS_etapi0const/bsub_log//MC15ri_etapip_gg_fitv6_toyMC_100_81.log"> was submitted from host <ccx03> by user <jaeyoung> in cluster <centralcluster> at Mon Jul 29 18:44:10 2024
Job was executed on host(s) <ccb049>, in queue <s>, as user <jaeyoung> in cluster <centralcluster> at Mon Jul 29 18:44:11 2024
</home/belle2/jaeyoung> was used as the home directory.
</gpfs/home/belle2/jaeyoung/workspace/DRAW_and_FITTING/main/FITTING/etapip/MC15ri_generic/tight_v2_fit_v6/ToyMC> was used as the working directory.
Started at Mon Jul 29 18:44:11 2024
Terminated at Mon Jul 29 19:47:00 2024
Results reported at Mon Jul 29 19:47:00 2024

Your job looked like:

------------------------------------------------------------
# LSBATCH: User input
bash -c "basf2 etapip_gg_fit_v6_toymc_100.py 81 > /home/belle2/jaeyoung/storage_ghi/Ntuples_ghi_2/MC15ri_generic/MC15ri_etaetapip_tight_v2_240419_Kp_BCS_etapi0const/bsub_log//MC15ri_etapip_gg_fitv6_toyMC_100_81.log"
------------------------------------------------------------

Exited with exit code 1.

Resource usage summary:

    CPU time :                                   3728.18 sec.
    Max Memory :                                 1429 MB
    Average Memory :                             1047.74 MB
    Total Requested Memory :                     4000.00 MB
    Delta Memory :                               2571.00 MB
    Max Swap :                                   -
    Max Processes :                              19
    Max Threads :                                20
    Run time :                                   3770 sec.
    Turnaround time :                            3770 sec.

The output (if any) follows:



PS:

Read file <./bsub_log/81.err> for stderr output of this job.

Sender: LSF System <lsfadmin@ccb081>
Subject: Job 57307921: <bash -c "basf2 etapip_gg_fit_v6_toymc_100.py 81 > /home/belle2/jaeyoung/storage_ghi/Ntuples_ghi_2/MC15ri_generic/MC15ri_etaetapip_tight_v2_240419_Kp_BCS_etapi0const/bsub_log//MC15ri_etapip_gg_fitv6_toyMC_100_81.log"> in cluster <centralcluster> Done

Job <bash -c "basf2 etapip_gg_fit_v6_toymc_100.py 81 > /home/belle2/jaeyoung/storage_ghi/Ntuples_ghi_2/MC15ri_generic/MC15ri_etaetapip_tight_v2_240419_Kp_BCS_etapi0const/bsub_log//MC15ri_etapip_gg_fitv6_toyMC_100_81.log"> was submitted from host <ccw03> by user <jaeyoung> in cluster <centralcluster> at Mon Jul 29 23:01:45 2024
Job was executed on host(s) <ccb081>, in queue <s>, as user <jaeyoung> in cluster <centralcluster> at Mon Jul 29 23:01:56 2024
</home/belle2/jaeyoung> was used as the home directory.
</home/belle2/jaeyoung/workspace/DRAW_and_FITTING/main/FITTING/etapip/MC15ri_generic/tight_v2_fit_v6/ToyMC> was used as the working directory.
Started at Mon Jul 29 23:01:56 2024
Terminated at Tue Jul 30 00:05:52 2024
Results reported at Tue Jul 30 00:05:52 2024

Your job looked like:

------------------------------------------------------------
# LSBATCH: User input
bash -c "basf2 etapip_gg_fit_v6_toymc_100.py 81 > /home/belle2/jaeyoung/storage_ghi/Ntuples_ghi_2/MC15ri_generic/MC15ri_etaetapip_tight_v2_240419_Kp_BCS_etapi0const/bsub_log//MC15ri_etapip_gg_fitv6_toyMC_100_81.log"
------------------------------------------------------------

Successfully completed.

Resource usage summary:

    CPU time :                                   3792.50 sec.
    Max Memory :                                 1432 MB
    Average Memory :                             1043.18 MB
    Total Requested Memory :                     4000.00 MB
    Delta Memory :                               2568.00 MB
    Max Swap :                                   -
    Max Processes :                              19
    Max Threads :                                20
    Run time :                                   3836 sec.
    Turnaround time :                            3847 sec.

The output (if any) follows:



PS:

Read file <./bsub_log/81.err> for stderr output of this job.

Sender: LSF System <lsfadmin@ccb255>
Subject: Job 57389759: <bash -c "basf2 etapip_gg_fit_v6_toymc_100.py 81 > /home/belle2/jaeyoung/storage_ghi/Ntuples_ghi_2/MC15ri_generic/MC15ri_etaetapip_tight_v2_240419_Kp_BCS_etapi0const/bsub_log//MC15ri_etapip_gg_fitv6_toyMC_100_81.log"> in cluster <centralcluster> Done

Job <bash -c "basf2 etapip_gg_fit_v6_toymc_100.py 81 > /home/belle2/jaeyoung/storage_ghi/Ntuples_ghi_2/MC15ri_generic/MC15ri_etaetapip_tight_v2_240419_Kp_BCS_etapi0const/bsub_log//MC15ri_etapip_gg_fitv6_toyMC_100_81.log"> was submitted from host <ccw03> by user <jaeyoung> in cluster <centralcluster> at Tue Jul 30 01:16:46 2024
Job was executed on host(s) <ccb255>, in queue <s>, as user <jaeyoung> in cluster <centralcluster> at Tue Jul 30 01:16:55 2024
</home/belle2/jaeyoung> was used as the home directory.
</home/belle2/jaeyoung/workspace/DRAW_and_FITTING/main/FITTING/etapip/MC15ri_generic/tight_v2_fit_v6/ToyMC> was used as the working directory.
Started at Tue Jul 30 01:16:55 2024
Terminated at Tue Jul 30 02:20:07 2024
Results reported at Tue Jul 30 02:20:07 2024

Your job looked like:

------------------------------------------------------------
# LSBATCH: User input
bash -c "basf2 etapip_gg_fit_v6_toymc_100.py 81 > /home/belle2/jaeyoung/storage_ghi/Ntuples_ghi_2/MC15ri_generic/MC15ri_etaetapip_tight_v2_240419_Kp_BCS_etapi0const/bsub_log//MC15ri_etapip_gg_fitv6_toyMC_100_81.log"
------------------------------------------------------------

Successfully completed.

Resource usage summary:

    CPU time :                                   3740.23 sec.
    Max Memory :                                 1402 MB
    Average Memory :                             1039.34 MB
    Total Requested Memory :                     4000.00 MB
    Delta Memory :                               2598.00 MB
    Max Swap :                                   -
    Max Processes :                              19
    Max Threads :                                20
    Run time :                                   3792 sec.
    Turnaround time :                            3801 sec.

The output (if any) follows:



PS:

Read file <./bsub_log/81.err> for stderr output of this job.

