Sender: LSF System <lsfadmin@ccb009>
Subject: Job 51907058: <bash -c "basf2 etapip_gg_fit_v6_toymc_100.py 82 > /home/belle2/jaeyoung/storage_ghi/Ntuples_ghi_2/MC15ri_generic/MC15ri_etaetapip_tight_v2_240419_Kp_BCS_etapi0const/bsub_log//MC15ri_etapip_gg_fitv6_toyMC_100_82.log"> in cluster <centralcluster> Done

Job <bash -c "basf2 etapip_gg_fit_v6_toymc_100.py 82 > /home/belle2/jaeyoung/storage_ghi/Ntuples_ghi_2/MC15ri_generic/MC15ri_etaetapip_tight_v2_240419_Kp_BCS_etapi0const/bsub_log//MC15ri_etapip_gg_fitv6_toyMC_100_82.log"> was submitted from host <ccw03> by user <jaeyoung> in cluster <centralcluster> at Fri Jul 19 18:00:08 2024
Job was executed on host(s) <ccb009>, in queue <s>, as user <jaeyoung> in cluster <centralcluster> at Fri Jul 19 18:00:10 2024
</home/belle2/jaeyoung> was used as the home directory.
</home/belle2/jaeyoung/workspace/DRAW_and_FITTING/main/FITTING/etapip/MC15ri_generic/tight_v2_fit_v6/ToyMC> was used as the working directory.
Started at Fri Jul 19 18:00:10 2024
Terminated at Fri Jul 19 18:48:25 2024
Results reported at Fri Jul 19 18:48:25 2024

Your job looked like:

------------------------------------------------------------
# LSBATCH: User input
bash -c "basf2 etapip_gg_fit_v6_toymc_100.py 82 > /home/belle2/jaeyoung/storage_ghi/Ntuples_ghi_2/MC15ri_generic/MC15ri_etaetapip_tight_v2_240419_Kp_BCS_etapi0const/bsub_log//MC15ri_etapip_gg_fitv6_toyMC_100_82.log"
------------------------------------------------------------

Successfully completed.

Resource usage summary:

    CPU time :                                   2853.99 sec.
    Max Memory :                                 1313 MB
    Average Memory :                             947.11 MB
    Total Requested Memory :                     4000.00 MB
    Delta Memory :                               2687.00 MB
    Max Swap :                                   -
    Max Processes :                              19
    Max Threads :                                20
    Run time :                                   2895 sec.
    Turnaround time :                            2897 sec.

The output (if any) follows:



PS:

Read file <./bsub_log/82.err> for stderr output of this job.

Sender: LSF System <lsfadmin@ccb167>
Subject: Job 52359040: <bash -c "basf2 etapip_gg_fit_v6_toymc_100.py 82 > /home/belle2/jaeyoung/storage_ghi/Ntuples_ghi_2/MC15ri_generic/MC15ri_etaetapip_tight_v2_240419_Kp_BCS_etapi0const/bsub_log//MC15ri_etapip_gg_fitv6_toyMC_100_82.log"> in cluster <centralcluster> Done

Job <bash -c "basf2 etapip_gg_fit_v6_toymc_100.py 82 > /home/belle2/jaeyoung/storage_ghi/Ntuples_ghi_2/MC15ri_generic/MC15ri_etaetapip_tight_v2_240419_Kp_BCS_etapi0const/bsub_log//MC15ri_etapip_gg_fitv6_toyMC_100_82.log"> was submitted from host <ccw02> by user <jaeyoung> in cluster <centralcluster> at Sat Jul 20 14:38:31 2024
Job was executed on host(s) <ccb167>, in queue <s>, as user <jaeyoung> in cluster <centralcluster> at Sat Jul 20 14:39:05 2024
</home/belle2/jaeyoung> was used as the home directory.
</home/belle2/jaeyoung/workspace/DRAW_and_FITTING/main/FITTING/etapip/MC15ri_generic/tight_v2_fit_v6/ToyMC> was used as the working directory.
Started at Sat Jul 20 14:39:05 2024
Terminated at Sat Jul 20 15:25:28 2024
Results reported at Sat Jul 20 15:25:28 2024

Your job looked like:

------------------------------------------------------------
# LSBATCH: User input
bash -c "basf2 etapip_gg_fit_v6_toymc_100.py 82 > /home/belle2/jaeyoung/storage_ghi/Ntuples_ghi_2/MC15ri_generic/MC15ri_etaetapip_tight_v2_240419_Kp_BCS_etapi0const/bsub_log//MC15ri_etapip_gg_fitv6_toyMC_100_82.log"
------------------------------------------------------------

Successfully completed.

Resource usage summary:

    CPU time :                                   2758.53 sec.
    Max Memory :                                 1311 MB
    Average Memory :                             944.81 MB
    Total Requested Memory :                     4000.00 MB
    Delta Memory :                               2689.00 MB
    Max Swap :                                   -
    Max Processes :                              19
    Max Threads :                                20
    Run time :                                   2783 sec.
    Turnaround time :                            2817 sec.

The output (if any) follows:



PS:

Read file <./bsub_log/82.err> for stderr output of this job.

Sender: LSF System <lsfadmin@ccb256>
Subject: Job 53029292: <bash -c "basf2 etapip_gg_fit_v6_toymc_100.py 82 > /home/belle2/jaeyoung/storage_ghi/Ntuples_ghi_2/MC15ri_generic/MC15ri_etaetapip_tight_v2_240419_Kp_BCS_etapi0const/bsub_log//MC15ri_etapip_gg_fitv6_toyMC_100_82.log"> in cluster <centralcluster> Done

Job <bash -c "basf2 etapip_gg_fit_v6_toymc_100.py 82 > /home/belle2/jaeyoung/storage_ghi/Ntuples_ghi_2/MC15ri_generic/MC15ri_etaetapip_tight_v2_240419_Kp_BCS_etapi0const/bsub_log//MC15ri_etapip_gg_fitv6_toyMC_100_82.log"> was submitted from host <ccw03> by user <jaeyoung> in cluster <centralcluster> at Sun Jul 21 17:29:56 2024
Job was executed on host(s) <ccb256>, in queue <s>, as user <jaeyoung> in cluster <centralcluster> at Sun Jul 21 17:30:18 2024
</home/belle2/jaeyoung> was used as the home directory.
</home/belle2/jaeyoung/workspace/DRAW_and_FITTING/main/FITTING/etapip/MC15ri_generic/tight_v2_fit_v6/ToyMC> was used as the working directory.
Started at Sun Jul 21 17:30:18 2024
Terminated at Sun Jul 21 18:26:07 2024
Results reported at Sun Jul 21 18:26:07 2024

Your job looked like:

------------------------------------------------------------
# LSBATCH: User input
bash -c "basf2 etapip_gg_fit_v6_toymc_100.py 82 > /home/belle2/jaeyoung/storage_ghi/Ntuples_ghi_2/MC15ri_generic/MC15ri_etaetapip_tight_v2_240419_Kp_BCS_etapi0const/bsub_log//MC15ri_etapip_gg_fitv6_toyMC_100_82.log"
------------------------------------------------------------

Successfully completed.

Resource usage summary:

    CPU time :                                   3305.22 sec.
    Max Memory :                                 1311 MB
    Average Memory :                             958.16 MB
    Total Requested Memory :                     4000.00 MB
    Delta Memory :                               2689.00 MB
    Max Swap :                                   -
    Max Processes :                              19
    Max Threads :                                20
    Run time :                                   3349 sec.
    Turnaround time :                            3371 sec.

The output (if any) follows:



PS:

Read file <./bsub_log/82.err> for stderr output of this job.

Sender: LSF System <lsfadmin@ccb062>
Subject: Job 53202091: <bash -c "basf2 etapip_gg_fit_v6_toymc_100.py 82 > /home/belle2/jaeyoung/storage_ghi/Ntuples_ghi_2/MC15ri_generic/MC15ri_etaetapip_tight_v2_240419_Kp_BCS_etapi0const/bsub_log//MC15ri_etapip_gg_fitv6_toyMC_100_82.log"> in cluster <centralcluster> Exited

Job <bash -c "basf2 etapip_gg_fit_v6_toymc_100.py 82 > /home/belle2/jaeyoung/storage_ghi/Ntuples_ghi_2/MC15ri_generic/MC15ri_etaetapip_tight_v2_240419_Kp_BCS_etapi0const/bsub_log//MC15ri_etapip_gg_fitv6_toyMC_100_82.log"> was submitted from host <ccw03> by user <jaeyoung> in cluster <centralcluster> at Mon Jul 22 00:48:56 2024
Job was executed on host(s) <ccb062>, in queue <s>, as user <jaeyoung> in cluster <centralcluster> at Mon Jul 22 00:49:13 2024
</home/belle2/jaeyoung> was used as the home directory.
</home/belle2/jaeyoung/workspace/DRAW_and_FITTING/main/FITTING/etapip/MC15ri_generic/tight_v2_fit_v6/ToyMC> was used as the working directory.
Started at Mon Jul 22 00:49:13 2024
Terminated at Mon Jul 22 01:06:44 2024
Results reported at Mon Jul 22 01:06:44 2024

Your job looked like:

------------------------------------------------------------
# LSBATCH: User input
bash -c "basf2 etapip_gg_fit_v6_toymc_100.py 82 > /home/belle2/jaeyoung/storage_ghi/Ntuples_ghi_2/MC15ri_generic/MC15ri_etaetapip_tight_v2_240419_Kp_BCS_etapi0const/bsub_log//MC15ri_etapip_gg_fitv6_toyMC_100_82.log"
------------------------------------------------------------

Exited with exit code 1.

Resource usage summary:

    CPU time :                                   1043.48 sec.
    Max Memory :                                 1293 MB
    Average Memory :                             1193.35 MB
    Total Requested Memory :                     4000.00 MB
    Delta Memory :                               2707.00 MB
    Max Swap :                                   -
    Max Processes :                              19
    Max Threads :                                20
    Run time :                                   1051 sec.
    Turnaround time :                            1068 sec.

The output (if any) follows:



PS:

Read file <./bsub_log/82.err> for stderr output of this job.

Sender: LSF System <lsfadmin@ccb122>
Subject: Job 53406551: <bash -c "basf2 etapip_gg_fit_v6_toymc_100.py 82 > /home/belle2/jaeyoung/storage_ghi/Ntuples_ghi_2/MC15ri_generic/MC15ri_etaetapip_tight_v2_240419_Kp_BCS_etapi0const/bsub_log//MC15ri_etapip_gg_fitv6_toyMC_100_82.log"> in cluster <centralcluster> Done

Job <bash -c "basf2 etapip_gg_fit_v6_toymc_100.py 82 > /home/belle2/jaeyoung/storage_ghi/Ntuples_ghi_2/MC15ri_generic/MC15ri_etaetapip_tight_v2_240419_Kp_BCS_etapi0const/bsub_log//MC15ri_etapip_gg_fitv6_toyMC_100_82.log"> was submitted from host <ccw06> by user <jaeyoung> in cluster <centralcluster> at Mon Jul 22 10:47:58 2024
Job was executed on host(s) <ccb122>, in queue <s>, as user <jaeyoung> in cluster <centralcluster> at Mon Jul 22 10:48:02 2024
</home/belle2/jaeyoung> was used as the home directory.
</home/belle2/jaeyoung/workspace/DRAW_and_FITTING/main/FITTING/etapip/MC15ri_generic/tight_v2_fit_v6/ToyMC> was used as the working directory.
Started at Mon Jul 22 10:48:02 2024
Terminated at Mon Jul 22 11:33:18 2024
Results reported at Mon Jul 22 11:33:18 2024

Your job looked like:

------------------------------------------------------------
# LSBATCH: User input
bash -c "basf2 etapip_gg_fit_v6_toymc_100.py 82 > /home/belle2/jaeyoung/storage_ghi/Ntuples_ghi_2/MC15ri_generic/MC15ri_etaetapip_tight_v2_240419_Kp_BCS_etapi0const/bsub_log//MC15ri_etapip_gg_fitv6_toyMC_100_82.log"
------------------------------------------------------------

Successfully completed.

Resource usage summary:

    CPU time :                                   2690.68 sec.
    Max Memory :                                 1311 MB
    Average Memory :                             951.91 MB
    Total Requested Memory :                     4000.00 MB
    Delta Memory :                               2689.00 MB
    Max Swap :                                   -
    Max Processes :                              19
    Max Threads :                                20
    Run time :                                   2717 sec.
    Turnaround time :                            2720 sec.

The output (if any) follows:



PS:

Read file <./bsub_log/82.err> for stderr output of this job.

Sender: LSF System <lsfadmin@ccb255>
Subject: Job 53598462: <bash -c "basf2 etapip_gg_fit_v6_toymc_100.py 82 > /home/belle2/jaeyoung/storage_ghi/Ntuples_ghi_2/MC15ri_generic/MC15ri_etaetapip_tight_v2_240419_Kp_BCS_etapi0const/bsub_log//MC15ri_etapip_gg_fitv6_toyMC_100_82.log"> in cluster <centralcluster> Done

Job <bash -c "basf2 etapip_gg_fit_v6_toymc_100.py 82 > /home/belle2/jaeyoung/storage_ghi/Ntuples_ghi_2/MC15ri_generic/MC15ri_etaetapip_tight_v2_240419_Kp_BCS_etapi0const/bsub_log//MC15ri_etapip_gg_fitv6_toyMC_100_82.log"> was submitted from host <ccw03> by user <jaeyoung> in cluster <centralcluster> at Mon Jul 22 18:33:59 2024
Job was executed on host(s) <ccb255>, in queue <s>, as user <jaeyoung> in cluster <centralcluster> at Mon Jul 22 18:34:04 2024
</home/belle2/jaeyoung> was used as the home directory.
</home/belle2/jaeyoung/workspace/DRAW_and_FITTING/main/FITTING/etapip/MC15ri_generic/tight_v2_fit_v6/ToyMC> was used as the working directory.
Started at Mon Jul 22 18:34:04 2024
Terminated at Mon Jul 22 19:21:15 2024
Results reported at Mon Jul 22 19:21:15 2024

Your job looked like:

------------------------------------------------------------
# LSBATCH: User input
bash -c "basf2 etapip_gg_fit_v6_toymc_100.py 82 > /home/belle2/jaeyoung/storage_ghi/Ntuples_ghi_2/MC15ri_generic/MC15ri_etaetapip_tight_v2_240419_Kp_BCS_etapi0const/bsub_log//MC15ri_etapip_gg_fitv6_toyMC_100_82.log"
------------------------------------------------------------

Successfully completed.

Resource usage summary:

    CPU time :                                   2816.94 sec.
    Max Memory :                                 1311 MB
    Average Memory :                             944.30 MB
    Total Requested Memory :                     4000.00 MB
    Delta Memory :                               2689.00 MB
    Max Swap :                                   -
    Max Processes :                              19
    Max Threads :                                20
    Run time :                                   2832 sec.
    Turnaround time :                            2836 sec.

The output (if any) follows:



PS:

Read file <./bsub_log/82.err> for stderr output of this job.

Sender: LSF System <lsfadmin@ccb519>
Subject: Job 53831396: <bash -c "basf2 etapip_gg_fit_v6_toymc_100.py 82 > /home/belle2/jaeyoung/storage_ghi/Ntuples_ghi_2/MC15ri_generic/MC15ri_etaetapip_tight_v2_240419_Kp_BCS_etapi0const/bsub_log//MC15ri_etapip_gg_fitv6_toyMC_100_82.log"> in cluster <centralcluster> Done

Job <bash -c "basf2 etapip_gg_fit_v6_toymc_100.py 82 > /home/belle2/jaeyoung/storage_ghi/Ntuples_ghi_2/MC15ri_generic/MC15ri_etaetapip_tight_v2_240419_Kp_BCS_etapi0const/bsub_log//MC15ri_etapip_gg_fitv6_toyMC_100_82.log"> was submitted from host <ccw05> by user <jaeyoung> in cluster <centralcluster> at Tue Jul 23 00:48:42 2024
Job was executed on host(s) <ccb519>, in queue <s>, as user <jaeyoung> in cluster <centralcluster> at Tue Jul 23 00:48:51 2024
</home/belle2/jaeyoung> was used as the home directory.
</home/belle2/jaeyoung/workspace/DRAW_and_FITTING/main/FITTING/etapip/MC15ri_generic/tight_v2_fit_v6/ToyMC> was used as the working directory.
Started at Tue Jul 23 00:48:51 2024
Terminated at Tue Jul 23 01:33:55 2024
Results reported at Tue Jul 23 01:33:55 2024

Your job looked like:

------------------------------------------------------------
# LSBATCH: User input
bash -c "basf2 etapip_gg_fit_v6_toymc_100.py 82 > /home/belle2/jaeyoung/storage_ghi/Ntuples_ghi_2/MC15ri_generic/MC15ri_etaetapip_tight_v2_240419_Kp_BCS_etapi0const/bsub_log//MC15ri_etapip_gg_fitv6_toyMC_100_82.log"
------------------------------------------------------------

Successfully completed.

Resource usage summary:

    CPU time :                                   2680.03 sec.
    Max Memory :                                 1311 MB
    Average Memory :                             951.85 MB
    Total Requested Memory :                     4000.00 MB
    Delta Memory :                               2689.00 MB
    Max Swap :                                   -
    Max Processes :                              19
    Max Threads :                                20
    Run time :                                   2704 sec.
    Turnaround time :                            2713 sec.

The output (if any) follows:



PS:

Read file <./bsub_log/82.err> for stderr output of this job.

Sender: LSF System <lsfadmin@ccb112>
Subject: Job 54396652: <bash -c "basf2 etapip_gg_fit_v6_toymc_100.py 82 > /home/belle2/jaeyoung/storage_ghi/Ntuples_ghi_2/MC15ri_generic/MC15ri_etaetapip_tight_v2_240419_Kp_BCS_etapi0const/bsub_log//MC15ri_etapip_gg_fitv6_toyMC_100_82.log"> in cluster <centralcluster> Done

Job <bash -c "basf2 etapip_gg_fit_v6_toymc_100.py 82 > /home/belle2/jaeyoung/storage_ghi/Ntuples_ghi_2/MC15ri_generic/MC15ri_etaetapip_tight_v2_240419_Kp_BCS_etapi0const/bsub_log//MC15ri_etapip_gg_fitv6_toyMC_100_82.log"> was submitted from host <ccw04> by user <jaeyoung> in cluster <centralcluster> at Tue Jul 23 17:58:02 2024
Job was executed on host(s) <ccb112>, in queue <s>, as user <jaeyoung> in cluster <centralcluster> at Tue Jul 23 18:03:26 2024
</home/belle2/jaeyoung> was used as the home directory.
</home/belle2/jaeyoung/workspace/DRAW_and_FITTING/main/FITTING/etapip/MC15ri_generic/tight_v2_fit_v6/ToyMC> was used as the working directory.
Started at Tue Jul 23 18:03:26 2024
Terminated at Tue Jul 23 18:50:19 2024
Results reported at Tue Jul 23 18:50:19 2024

Your job looked like:

------------------------------------------------------------
# LSBATCH: User input
bash -c "basf2 etapip_gg_fit_v6_toymc_100.py 82 > /home/belle2/jaeyoung/storage_ghi/Ntuples_ghi_2/MC15ri_generic/MC15ri_etaetapip_tight_v2_240419_Kp_BCS_etapi0const/bsub_log//MC15ri_etapip_gg_fitv6_toyMC_100_82.log"
------------------------------------------------------------

Successfully completed.

Resource usage summary:

    CPU time :                                   2773.71 sec.
    Max Memory :                                 1313 MB
    Average Memory :                             969.68 MB
    Total Requested Memory :                     4000.00 MB
    Delta Memory :                               2687.00 MB
    Max Swap :                                   -
    Max Processes :                              19
    Max Threads :                                20
    Run time :                                   2813 sec.
    Turnaround time :                            3137 sec.

The output (if any) follows:



PS:

Read file <./bsub_log/82.err> for stderr output of this job.

Sender: LSF System <lsfadmin@ccb178>
Subject: Job 54469343: <bash -c "basf2 etapip_gg_fit_v6_toymc_100.py 82 > /home/belle2/jaeyoung/storage_ghi/Ntuples_ghi_2/MC15ri_generic/MC15ri_etaetapip_tight_v2_240419_Kp_BCS_etapi0const/bsub_log//MC15ri_etapip_gg_fitv6_toyMC_100_82.log"> in cluster <centralcluster> Done

Job <bash -c "basf2 etapip_gg_fit_v6_toymc_100.py 82 > /home/belle2/jaeyoung/storage_ghi/Ntuples_ghi_2/MC15ri_generic/MC15ri_etaetapip_tight_v2_240419_Kp_BCS_etapi0const/bsub_log//MC15ri_etapip_gg_fitv6_toyMC_100_82.log"> was submitted from host <ccw03> by user <jaeyoung> in cluster <centralcluster> at Tue Jul 23 19:36:53 2024
Job was executed on host(s) <ccb178>, in queue <s>, as user <jaeyoung> in cluster <centralcluster> at Tue Jul 23 19:36:54 2024
</home/belle2/jaeyoung> was used as the home directory.
</home/belle2/jaeyoung/workspace/DRAW_and_FITTING/main/FITTING/etapip/MC15ri_generic/tight_v2_fit_v6/ToyMC> was used as the working directory.
Started at Tue Jul 23 19:36:54 2024
Terminated at Tue Jul 23 20:22:26 2024
Results reported at Tue Jul 23 20:22:26 2024

Your job looked like:

------------------------------------------------------------
# LSBATCH: User input
bash -c "basf2 etapip_gg_fit_v6_toymc_100.py 82 > /home/belle2/jaeyoung/storage_ghi/Ntuples_ghi_2/MC15ri_generic/MC15ri_etaetapip_tight_v2_240419_Kp_BCS_etapi0const/bsub_log//MC15ri_etapip_gg_fitv6_toyMC_100_82.log"
------------------------------------------------------------

Successfully completed.

Resource usage summary:

    CPU time :                                   2724.88 sec.
    Max Memory :                                 1311 MB
    Average Memory :                             948.11 MB
    Total Requested Memory :                     4000.00 MB
    Delta Memory :                               2689.00 MB
    Max Swap :                                   -
    Max Processes :                              19
    Max Threads :                                20
    Run time :                                   2732 sec.
    Turnaround time :                            2733 sec.

The output (if any) follows:



PS:

Read file <./bsub_log/82.err> for stderr output of this job.

Sender: LSF System <lsfadmin@ccb274>
Subject: Job 55515457: <bash -c "basf2 etapip_gg_fit_v6_toymc_100.py 82 > /home/belle2/jaeyoung/storage_ghi/Ntuples_ghi_2/MC15ri_generic/MC15ri_etaetapip_tight_v2_240419_Kp_BCS_etapi0const/bsub_log//MC15ri_etapip_gg_fitv6_toyMC_100_82.log"> in cluster <centralcluster> Done

Job <bash -c "basf2 etapip_gg_fit_v6_toymc_100.py 82 > /home/belle2/jaeyoung/storage_ghi/Ntuples_ghi_2/MC15ri_generic/MC15ri_etaetapip_tight_v2_240419_Kp_BCS_etapi0const/bsub_log//MC15ri_etapip_gg_fitv6_toyMC_100_82.log"> was submitted from host <ccw01> by user <jaeyoung> in cluster <centralcluster> at Thu Jul 25 20:49:49 2024
Job was executed on host(s) <ccb274>, in queue <s>, as user <jaeyoung> in cluster <centralcluster> at Thu Jul 25 20:49:50 2024
</home/belle2/jaeyoung> was used as the home directory.
</gpfs/home/belle2/jaeyoung/workspace/DRAW_and_FITTING/main/FITTING/etapip/MC15ri_generic/tight_v2_fit_v6/ToyMC> was used as the working directory.
Started at Thu Jul 25 20:49:50 2024
Terminated at Thu Jul 25 21:36:36 2024
Results reported at Thu Jul 25 21:36:36 2024

Your job looked like:

------------------------------------------------------------
# LSBATCH: User input
bash -c "basf2 etapip_gg_fit_v6_toymc_100.py 82 > /home/belle2/jaeyoung/storage_ghi/Ntuples_ghi_2/MC15ri_generic/MC15ri_etaetapip_tight_v2_240419_Kp_BCS_etapi0const/bsub_log//MC15ri_etapip_gg_fitv6_toyMC_100_82.log"
------------------------------------------------------------

Successfully completed.

Resource usage summary:

    CPU time :                                   2748.16 sec.
    Max Memory :                                 1313 MB
    Average Memory :                             944.21 MB
    Total Requested Memory :                     4000.00 MB
    Delta Memory :                               2687.00 MB
    Max Swap :                                   -
    Max Processes :                              19
    Max Threads :                                20
    Run time :                                   2806 sec.
    Turnaround time :                            2807 sec.

The output (if any) follows:



PS:

Read file <./bsub_log/82.err> for stderr output of this job.

Sender: LSF System <lsfadmin@ccb544>
Subject: Job 56102598: <bash -c "basf2 etapip_gg_fit_v6_toymc_100.py 82 > /home/belle2/jaeyoung/storage_ghi/Ntuples_ghi_2/MC15ri_generic/MC15ri_etaetapip_tight_v2_240419_Kp_BCS_etapi0const/bsub_log//MC15ri_etapip_gg_fitv6_toyMC_100_82.log"> in cluster <centralcluster> Done

Job <bash -c "basf2 etapip_gg_fit_v6_toymc_100.py 82 > /home/belle2/jaeyoung/storage_ghi/Ntuples_ghi_2/MC15ri_generic/MC15ri_etaetapip_tight_v2_240419_Kp_BCS_etapi0const/bsub_log//MC15ri_etapip_gg_fitv6_toyMC_100_82.log"> was submitted from host <ccw06> by user <jaeyoung> in cluster <centralcluster> at Fri Jul 26 23:43:05 2024
Job was executed on host(s) <ccb544>, in queue <s>, as user <jaeyoung> in cluster <centralcluster> at Sat Jul 27 00:14:21 2024
</home/belle2/jaeyoung> was used as the home directory.
</home/belle2/jaeyoung/workspace/DRAW_and_FITTING/main/FITTING/etapip/MC15ri_generic/tight_v2_fit_v6/ToyMC> was used as the working directory.
Started at Sat Jul 27 00:14:21 2024
Terminated at Sat Jul 27 00:46:23 2024
Results reported at Sat Jul 27 00:46:23 2024

Your job looked like:

------------------------------------------------------------
# LSBATCH: User input
bash -c "basf2 etapip_gg_fit_v6_toymc_100.py 82 > /home/belle2/jaeyoung/storage_ghi/Ntuples_ghi_2/MC15ri_generic/MC15ri_etaetapip_tight_v2_240419_Kp_BCS_etapi0const/bsub_log//MC15ri_etapip_gg_fitv6_toyMC_100_82.log"
------------------------------------------------------------

Successfully completed.

Resource usage summary:

    CPU time :                                   1845.74 sec.
    Max Memory :                                 915 MB
    Average Memory :                             639.79 MB
    Total Requested Memory :                     4000.00 MB
    Delta Memory :                               3085.00 MB
    Max Swap :                                   -
    Max Processes :                              19
    Max Threads :                                20
    Run time :                                   1921 sec.
    Turnaround time :                            3798 sec.

The output (if any) follows:



PS:

Read file <./bsub_log/82.err> for stderr output of this job.

Sender: LSF System <lsfadmin@ccb548>
Subject: Job 56133403: <bash -c "basf2 etapip_gg_fit_v6_toymc_100.py 82 > /home/belle2/jaeyoung/storage_ghi/Ntuples_ghi_2/MC15ri_generic/MC15ri_etaetapip_tight_v2_240419_Kp_BCS_etapi0const/bsub_log//MC15ri_etapip_gg_fitv6_toyMC_100_82.log"> in cluster <centralcluster> Done

Job <bash -c "basf2 etapip_gg_fit_v6_toymc_100.py 82 > /home/belle2/jaeyoung/storage_ghi/Ntuples_ghi_2/MC15ri_generic/MC15ri_etaetapip_tight_v2_240419_Kp_BCS_etapi0const/bsub_log//MC15ri_etapip_gg_fitv6_toyMC_100_82.log"> was submitted from host <ccw03> by user <jaeyoung> in cluster <centralcluster> at Sat Jul 27 01:12:30 2024
Job was executed on host(s) <ccb548>, in queue <s>, as user <jaeyoung> in cluster <centralcluster> at Sat Jul 27 03:03:16 2024
</home/belle2/jaeyoung> was used as the home directory.
</gpfs/home/belle2/jaeyoung/workspace/DRAW_and_FITTING/main/FITTING/etapip/MC15ri_generic/tight_v2_fit_v6/ToyMC> was used as the working directory.
Started at Sat Jul 27 03:03:16 2024
Terminated at Sat Jul 27 03:42:28 2024
Results reported at Sat Jul 27 03:42:28 2024

Your job looked like:

------------------------------------------------------------
# LSBATCH: User input
bash -c "basf2 etapip_gg_fit_v6_toymc_100.py 82 > /home/belle2/jaeyoung/storage_ghi/Ntuples_ghi_2/MC15ri_generic/MC15ri_etaetapip_tight_v2_240419_Kp_BCS_etapi0const/bsub_log//MC15ri_etapip_gg_fitv6_toyMC_100_82.log"
------------------------------------------------------------

Successfully completed.

Resource usage summary:

    CPU time :                                   2303.47 sec.
    Max Memory :                                 896 MB
    Average Memory :                             659.19 MB
    Total Requested Memory :                     4000.00 MB
    Delta Memory :                               3104.00 MB
    Max Swap :                                   -
    Max Processes :                              19
    Max Threads :                                20
    Run time :                                   2352 sec.
    Turnaround time :                            8998 sec.

The output (if any) follows:



PS:

Read file <./bsub_log/82.err> for stderr output of this job.

