Sender: LSF System <lsfadmin@ccb109>
Subject: Job 51907074: <bash -c "basf2 etapip_gg_fit_v6_toymc_100.py 85 > /home/belle2/jaeyoung/storage_ghi/Ntuples_ghi_2/MC15ri_generic/MC15ri_etaetapip_tight_v2_240419_Kp_BCS_etapi0const/bsub_log//MC15ri_etapip_gg_fitv6_toyMC_100_85.log"> in cluster <centralcluster> Done

Job <bash -c "basf2 etapip_gg_fit_v6_toymc_100.py 85 > /home/belle2/jaeyoung/storage_ghi/Ntuples_ghi_2/MC15ri_generic/MC15ri_etaetapip_tight_v2_240419_Kp_BCS_etapi0const/bsub_log//MC15ri_etapip_gg_fitv6_toyMC_100_85.log"> was submitted from host <ccw03> by user <jaeyoung> in cluster <centralcluster> at Fri Jul 19 18:00:09 2024
Job was executed on host(s) <ccb109>, in queue <s>, as user <jaeyoung> in cluster <centralcluster> at Fri Jul 19 18:00:11 2024
</home/belle2/jaeyoung> was used as the home directory.
</home/belle2/jaeyoung/workspace/DRAW_and_FITTING/main/FITTING/etapip/MC15ri_generic/tight_v2_fit_v6/ToyMC> was used as the working directory.
Started at Fri Jul 19 18:00:11 2024
Terminated at Fri Jul 19 18:49:01 2024
Results reported at Fri Jul 19 18:49:01 2024

Your job looked like:

------------------------------------------------------------
# LSBATCH: User input
bash -c "basf2 etapip_gg_fit_v6_toymc_100.py 85 > /home/belle2/jaeyoung/storage_ghi/Ntuples_ghi_2/MC15ri_generic/MC15ri_etaetapip_tight_v2_240419_Kp_BCS_etapi0const/bsub_log//MC15ri_etapip_gg_fitv6_toyMC_100_85.log"
------------------------------------------------------------

Successfully completed.

Resource usage summary:

    CPU time :                                   2915.20 sec.
    Max Memory :                                 1314 MB
    Average Memory :                             943.41 MB
    Total Requested Memory :                     4000.00 MB
    Delta Memory :                               2686.00 MB
    Max Swap :                                   -
    Max Processes :                              19
    Max Threads :                                20
    Run time :                                   2931 sec.
    Turnaround time :                            2932 sec.

The output (if any) follows:



PS:

Read file <./bsub_log/85.err> for stderr output of this job.

Sender: LSF System <lsfadmin@ccb054>
Subject: Job 52359047: <bash -c "basf2 etapip_gg_fit_v6_toymc_100.py 85 > /home/belle2/jaeyoung/storage_ghi/Ntuples_ghi_2/MC15ri_generic/MC15ri_etaetapip_tight_v2_240419_Kp_BCS_etapi0const/bsub_log//MC15ri_etapip_gg_fitv6_toyMC_100_85.log"> in cluster <centralcluster> Done

Job <bash -c "basf2 etapip_gg_fit_v6_toymc_100.py 85 > /home/belle2/jaeyoung/storage_ghi/Ntuples_ghi_2/MC15ri_generic/MC15ri_etaetapip_tight_v2_240419_Kp_BCS_etapi0const/bsub_log//MC15ri_etapip_gg_fitv6_toyMC_100_85.log"> was submitted from host <ccw02> by user <jaeyoung> in cluster <centralcluster> at Sat Jul 20 14:38:32 2024
Job was executed on host(s) <ccb054>, in queue <s>, as user <jaeyoung> in cluster <centralcluster> at Sat Jul 20 14:39:07 2024
</home/belle2/jaeyoung> was used as the home directory.
</home/belle2/jaeyoung/workspace/DRAW_and_FITTING/main/FITTING/etapip/MC15ri_generic/tight_v2_fit_v6/ToyMC> was used as the working directory.
Started at Sat Jul 20 14:39:07 2024
Terminated at Sat Jul 20 15:25:27 2024
Results reported at Sat Jul 20 15:25:27 2024

Your job looked like:

------------------------------------------------------------
# LSBATCH: User input
bash -c "basf2 etapip_gg_fit_v6_toymc_100.py 85 > /home/belle2/jaeyoung/storage_ghi/Ntuples_ghi_2/MC15ri_generic/MC15ri_etaetapip_tight_v2_240419_Kp_BCS_etapi0const/bsub_log//MC15ri_etapip_gg_fitv6_toyMC_100_85.log"
------------------------------------------------------------

Successfully completed.

Resource usage summary:

    CPU time :                                   2751.58 sec.
    Max Memory :                                 1314 MB
    Average Memory :                             955.60 MB
    Total Requested Memory :                     4000.00 MB
    Delta Memory :                               2686.00 MB
    Max Swap :                                   -
    Max Processes :                              19
    Max Threads :                                20
    Run time :                                   2780 sec.
    Turnaround time :                            2815 sec.

The output (if any) follows:



PS:

Read file <./bsub_log/85.err> for stderr output of this job.

Sender: LSF System <lsfadmin@ccb082>
Subject: Job 53029303: <bash -c "basf2 etapip_gg_fit_v6_toymc_100.py 85 > /home/belle2/jaeyoung/storage_ghi/Ntuples_ghi_2/MC15ri_generic/MC15ri_etaetapip_tight_v2_240419_Kp_BCS_etapi0const/bsub_log//MC15ri_etapip_gg_fitv6_toyMC_100_85.log"> in cluster <centralcluster> Done

Job <bash -c "basf2 etapip_gg_fit_v6_toymc_100.py 85 > /home/belle2/jaeyoung/storage_ghi/Ntuples_ghi_2/MC15ri_generic/MC15ri_etaetapip_tight_v2_240419_Kp_BCS_etapi0const/bsub_log//MC15ri_etapip_gg_fitv6_toyMC_100_85.log"> was submitted from host <ccw03> by user <jaeyoung> in cluster <centralcluster> at Sun Jul 21 17:29:57 2024
Job was executed on host(s) <ccb082>, in queue <s>, as user <jaeyoung> in cluster <centralcluster> at Sun Jul 21 17:30:19 2024
</home/belle2/jaeyoung> was used as the home directory.
</home/belle2/jaeyoung/workspace/DRAW_and_FITTING/main/FITTING/etapip/MC15ri_generic/tight_v2_fit_v6/ToyMC> was used as the working directory.
Started at Sun Jul 21 17:30:19 2024
Terminated at Sun Jul 21 18:19:04 2024
Results reported at Sun Jul 21 18:19:04 2024

Your job looked like:

------------------------------------------------------------
# LSBATCH: User input
bash -c "basf2 etapip_gg_fit_v6_toymc_100.py 85 > /home/belle2/jaeyoung/storage_ghi/Ntuples_ghi_2/MC15ri_generic/MC15ri_etaetapip_tight_v2_240419_Kp_BCS_etapi0const/bsub_log//MC15ri_etapip_gg_fitv6_toyMC_100_85.log"
------------------------------------------------------------

Successfully completed.

Resource usage summary:

    CPU time :                                   2864.29 sec.
    Max Memory :                                 1311 MB
    Average Memory :                             944.15 MB
    Total Requested Memory :                     4000.00 MB
    Delta Memory :                               2689.00 MB
    Max Swap :                                   -
    Max Processes :                              19
    Max Threads :                                20
    Run time :                                   2926 sec.
    Turnaround time :                            2947 sec.

The output (if any) follows:



PS:

Read file <./bsub_log/85.err> for stderr output of this job.

Sender: LSF System <lsfadmin@ccb237>
Subject: Job 53202097: <bash -c "basf2 etapip_gg_fit_v6_toymc_100.py 85 > /home/belle2/jaeyoung/storage_ghi/Ntuples_ghi_2/MC15ri_generic/MC15ri_etaetapip_tight_v2_240419_Kp_BCS_etapi0const/bsub_log//MC15ri_etapip_gg_fitv6_toyMC_100_85.log"> in cluster <centralcluster> Exited

Job <bash -c "basf2 etapip_gg_fit_v6_toymc_100.py 85 > /home/belle2/jaeyoung/storage_ghi/Ntuples_ghi_2/MC15ri_generic/MC15ri_etaetapip_tight_v2_240419_Kp_BCS_etapi0const/bsub_log//MC15ri_etapip_gg_fitv6_toyMC_100_85.log"> was submitted from host <ccw03> by user <jaeyoung> in cluster <centralcluster> at Mon Jul 22 00:48:57 2024
Job was executed on host(s) <ccb237>, in queue <s>, as user <jaeyoung> in cluster <centralcluster> at Mon Jul 22 00:49:16 2024
</home/belle2/jaeyoung> was used as the home directory.
</home/belle2/jaeyoung/workspace/DRAW_and_FITTING/main/FITTING/etapip/MC15ri_generic/tight_v2_fit_v6/ToyMC> was used as the working directory.
Started at Mon Jul 22 00:49:16 2024
Terminated at Mon Jul 22 01:06:53 2024
Results reported at Mon Jul 22 01:06:53 2024

Your job looked like:

------------------------------------------------------------
# LSBATCH: User input
bash -c "basf2 etapip_gg_fit_v6_toymc_100.py 85 > /home/belle2/jaeyoung/storage_ghi/Ntuples_ghi_2/MC15ri_generic/MC15ri_etaetapip_tight_v2_240419_Kp_BCS_etapi0const/bsub_log//MC15ri_etapip_gg_fitv6_toyMC_100_85.log"
------------------------------------------------------------

Exited with exit code 1.

Resource usage summary:

    CPU time :                                   1052.43 sec.
    Max Memory :                                 1259 MB
    Average Memory :                             1173.73 MB
    Total Requested Memory :                     4000.00 MB
    Delta Memory :                               2741.00 MB
    Max Swap :                                   -
    Max Processes :                              19
    Max Threads :                                20
    Run time :                                   1057 sec.
    Turnaround time :                            1076 sec.

The output (if any) follows:



PS:

Read file <./bsub_log/85.err> for stderr output of this job.

Sender: LSF System <lsfadmin@ccb092>
Subject: Job 53406558: <bash -c "basf2 etapip_gg_fit_v6_toymc_100.py 85 > /home/belle2/jaeyoung/storage_ghi/Ntuples_ghi_2/MC15ri_generic/MC15ri_etaetapip_tight_v2_240419_Kp_BCS_etapi0const/bsub_log//MC15ri_etapip_gg_fitv6_toyMC_100_85.log"> in cluster <centralcluster> Done

Job <bash -c "basf2 etapip_gg_fit_v6_toymc_100.py 85 > /home/belle2/jaeyoung/storage_ghi/Ntuples_ghi_2/MC15ri_generic/MC15ri_etaetapip_tight_v2_240419_Kp_BCS_etapi0const/bsub_log//MC15ri_etapip_gg_fitv6_toyMC_100_85.log"> was submitted from host <ccw06> by user <jaeyoung> in cluster <centralcluster> at Mon Jul 22 10:47:59 2024
Job was executed on host(s) <ccb092>, in queue <s>, as user <jaeyoung> in cluster <centralcluster> at Mon Jul 22 10:48:03 2024
</home/belle2/jaeyoung> was used as the home directory.
</home/belle2/jaeyoung/workspace/DRAW_and_FITTING/main/FITTING/etapip/MC15ri_generic/tight_v2_fit_v6/ToyMC> was used as the working directory.
Started at Mon Jul 22 10:48:03 2024
Terminated at Mon Jul 22 11:35:39 2024
Results reported at Mon Jul 22 11:35:39 2024

Your job looked like:

------------------------------------------------------------
# LSBATCH: User input
bash -c "basf2 etapip_gg_fit_v6_toymc_100.py 85 > /home/belle2/jaeyoung/storage_ghi/Ntuples_ghi_2/MC15ri_generic/MC15ri_etaetapip_tight_v2_240419_Kp_BCS_etapi0const/bsub_log//MC15ri_etapip_gg_fitv6_toyMC_100_85.log"
------------------------------------------------------------

Successfully completed.

Resource usage summary:

    CPU time :                                   2832.25 sec.
    Max Memory :                                 1311 MB
    Average Memory :                             943.61 MB
    Total Requested Memory :                     4000.00 MB
    Delta Memory :                               2689.00 MB
    Max Swap :                                   -
    Max Processes :                              19
    Max Threads :                                20
    Run time :                                   2855 sec.
    Turnaround time :                            2860 sec.

The output (if any) follows:



PS:

Read file <./bsub_log/85.err> for stderr output of this job.

Sender: LSF System <lsfadmin@ccb044>
Subject: Job 53598470: <bash -c "basf2 etapip_gg_fit_v6_toymc_100.py 85 > /home/belle2/jaeyoung/storage_ghi/Ntuples_ghi_2/MC15ri_generic/MC15ri_etaetapip_tight_v2_240419_Kp_BCS_etapi0const/bsub_log//MC15ri_etapip_gg_fitv6_toyMC_100_85.log"> in cluster <centralcluster> Done

Job <bash -c "basf2 etapip_gg_fit_v6_toymc_100.py 85 > /home/belle2/jaeyoung/storage_ghi/Ntuples_ghi_2/MC15ri_generic/MC15ri_etaetapip_tight_v2_240419_Kp_BCS_etapi0const/bsub_log//MC15ri_etapip_gg_fitv6_toyMC_100_85.log"> was submitted from host <ccw03> by user <jaeyoung> in cluster <centralcluster> at Mon Jul 22 18:34:00 2024
Job was executed on host(s) <ccb044>, in queue <s>, as user <jaeyoung> in cluster <centralcluster> at Mon Jul 22 18:34:04 2024
</home/belle2/jaeyoung> was used as the home directory.
</home/belle2/jaeyoung/workspace/DRAW_and_FITTING/main/FITTING/etapip/MC15ri_generic/tight_v2_fit_v6/ToyMC> was used as the working directory.
Started at Mon Jul 22 18:34:04 2024
Terminated at Mon Jul 22 19:20:38 2024
Results reported at Mon Jul 22 19:20:38 2024

Your job looked like:

------------------------------------------------------------
# LSBATCH: User input
bash -c "basf2 etapip_gg_fit_v6_toymc_100.py 85 > /home/belle2/jaeyoung/storage_ghi/Ntuples_ghi_2/MC15ri_generic/MC15ri_etaetapip_tight_v2_240419_Kp_BCS_etapi0const/bsub_log//MC15ri_etapip_gg_fitv6_toyMC_100_85.log"
------------------------------------------------------------

Successfully completed.

Resource usage summary:

    CPU time :                                   2778.01 sec.
    Max Memory :                                 1311 MB
    Average Memory :                             943.48 MB
    Total Requested Memory :                     4000.00 MB
    Delta Memory :                               2689.00 MB
    Max Swap :                                   -
    Max Processes :                              19
    Max Threads :                                20
    Run time :                                   2795 sec.
    Turnaround time :                            2798 sec.

The output (if any) follows:



PS:

Read file <./bsub_log/85.err> for stderr output of this job.

Sender: LSF System <lsfadmin@ccb087>
Subject: Job 53831411: <bash -c "basf2 etapip_gg_fit_v6_toymc_100.py 85 > /home/belle2/jaeyoung/storage_ghi/Ntuples_ghi_2/MC15ri_generic/MC15ri_etaetapip_tight_v2_240419_Kp_BCS_etapi0const/bsub_log//MC15ri_etapip_gg_fitv6_toyMC_100_85.log"> in cluster <centralcluster> Done

Job <bash -c "basf2 etapip_gg_fit_v6_toymc_100.py 85 > /home/belle2/jaeyoung/storage_ghi/Ntuples_ghi_2/MC15ri_generic/MC15ri_etaetapip_tight_v2_240419_Kp_BCS_etapi0const/bsub_log//MC15ri_etapip_gg_fitv6_toyMC_100_85.log"> was submitted from host <ccw05> by user <jaeyoung> in cluster <centralcluster> at Tue Jul 23 00:48:43 2024
Job was executed on host(s) <ccb087>, in queue <s>, as user <jaeyoung> in cluster <centralcluster> at Tue Jul 23 00:48:51 2024
</home/belle2/jaeyoung> was used as the home directory.
</home/belle2/jaeyoung/workspace/DRAW_and_FITTING/main/FITTING/etapip/MC15ri_generic/tight_v2_fit_v6/ToyMC> was used as the working directory.
Started at Tue Jul 23 00:48:51 2024
Terminated at Tue Jul 23 01:38:46 2024
Results reported at Tue Jul 23 01:38:46 2024

Your job looked like:

------------------------------------------------------------
# LSBATCH: User input
bash -c "basf2 etapip_gg_fit_v6_toymc_100.py 85 > /home/belle2/jaeyoung/storage_ghi/Ntuples_ghi_2/MC15ri_generic/MC15ri_etaetapip_tight_v2_240419_Kp_BCS_etapi0const/bsub_log//MC15ri_etapip_gg_fitv6_toyMC_100_85.log"
------------------------------------------------------------

Successfully completed.

Resource usage summary:

    CPU time :                                   2904.45 sec.
    Max Memory :                                 1314 MB
    Average Memory :                             974.18 MB
    Total Requested Memory :                     4000.00 MB
    Delta Memory :                               2686.00 MB
    Max Swap :                                   -
    Max Processes :                              19
    Max Threads :                                20
    Run time :                                   2995 sec.
    Turnaround time :                            3003 sec.

The output (if any) follows:



PS:

Read file <./bsub_log/85.err> for stderr output of this job.

Sender: LSF System <lsfadmin@ccb101>
Subject: Job 54396668: <bash -c "basf2 etapip_gg_fit_v6_toymc_100.py 85 > /home/belle2/jaeyoung/storage_ghi/Ntuples_ghi_2/MC15ri_generic/MC15ri_etaetapip_tight_v2_240419_Kp_BCS_etapi0const/bsub_log//MC15ri_etapip_gg_fitv6_toyMC_100_85.log"> in cluster <centralcluster> Done

Job <bash -c "basf2 etapip_gg_fit_v6_toymc_100.py 85 > /home/belle2/jaeyoung/storage_ghi/Ntuples_ghi_2/MC15ri_generic/MC15ri_etaetapip_tight_v2_240419_Kp_BCS_etapi0const/bsub_log//MC15ri_etapip_gg_fitv6_toyMC_100_85.log"> was submitted from host <ccw04> by user <jaeyoung> in cluster <centralcluster> at Tue Jul 23 17:58:03 2024
Job was executed on host(s) <ccb101>, in queue <s>, as user <jaeyoung> in cluster <centralcluster> at Tue Jul 23 18:03:26 2024
</home/belle2/jaeyoung> was used as the home directory.
</home/belle2/jaeyoung/workspace/DRAW_and_FITTING/main/FITTING/etapip/MC15ri_generic/tight_v2_fit_v6/ToyMC> was used as the working directory.
Started at Tue Jul 23 18:03:26 2024
Terminated at Tue Jul 23 18:49:45 2024
Results reported at Tue Jul 23 18:49:45 2024

Your job looked like:

------------------------------------------------------------
# LSBATCH: User input
bash -c "basf2 etapip_gg_fit_v6_toymc_100.py 85 > /home/belle2/jaeyoung/storage_ghi/Ntuples_ghi_2/MC15ri_generic/MC15ri_etaetapip_tight_v2_240419_Kp_BCS_etapi0const/bsub_log//MC15ri_etapip_gg_fitv6_toyMC_100_85.log"
------------------------------------------------------------

Successfully completed.

Resource usage summary:

    CPU time :                                   2730.94 sec.
    Max Memory :                                 1313 MB
    Average Memory :                             957.97 MB
    Total Requested Memory :                     4000.00 MB
    Delta Memory :                               2687.00 MB
    Max Swap :                                   -
    Max Processes :                              19
    Max Threads :                                20
    Run time :                                   2781 sec.
    Turnaround time :                            3102 sec.

The output (if any) follows:



PS:

Read file <./bsub_log/85.err> for stderr output of this job.

