Sender: LSF System <lsfadmin@ccb020>
Subject: Job 51907090: <bash -c "basf2 etapip_gg_fit_v6_toymc_100.py 88 > /home/belle2/jaeyoung/storage_ghi/Ntuples_ghi_2/MC15ri_generic/MC15ri_etaetapip_tight_v2_240419_Kp_BCS_etapi0const/bsub_log//MC15ri_etapip_gg_fitv6_toyMC_100_88.log"> in cluster <centralcluster> Done

Job <bash -c "basf2 etapip_gg_fit_v6_toymc_100.py 88 > /home/belle2/jaeyoung/storage_ghi/Ntuples_ghi_2/MC15ri_generic/MC15ri_etaetapip_tight_v2_240419_Kp_BCS_etapi0const/bsub_log//MC15ri_etapip_gg_fitv6_toyMC_100_88.log"> was submitted from host <ccw03> by user <jaeyoung> in cluster <centralcluster> at Fri Jul 19 18:00:10 2024
Job was executed on host(s) <ccb020>, in queue <s>, as user <jaeyoung> in cluster <centralcluster> at Fri Jul 19 18:00:12 2024
</home/belle2/jaeyoung> was used as the home directory.
</home/belle2/jaeyoung/workspace/DRAW_and_FITTING/main/FITTING/etapip/MC15ri_generic/tight_v2_fit_v6/ToyMC> was used as the working directory.
Started at Fri Jul 19 18:00:12 2024
Terminated at Fri Jul 19 18:48:16 2024
Results reported at Fri Jul 19 18:48:16 2024

Your job looked like:

------------------------------------------------------------
# LSBATCH: User input
bash -c "basf2 etapip_gg_fit_v6_toymc_100.py 88 > /home/belle2/jaeyoung/storage_ghi/Ntuples_ghi_2/MC15ri_generic/MC15ri_etaetapip_tight_v2_240419_Kp_BCS_etapi0const/bsub_log//MC15ri_etapip_gg_fitv6_toyMC_100_88.log"
------------------------------------------------------------

Successfully completed.

Resource usage summary:

    CPU time :                                   2873.65 sec.
    Max Memory :                                 1313 MB
    Average Memory :                             946.35 MB
    Total Requested Memory :                     4000.00 MB
    Delta Memory :                               2687.00 MB
    Max Swap :                                   -
    Max Processes :                              19
    Max Threads :                                20
    Run time :                                   2884 sec.
    Turnaround time :                            2886 sec.

The output (if any) follows:



PS:

Read file <./bsub_log/88.err> for stderr output of this job.

Sender: LSF System <lsfadmin@ccb060>
Subject: Job 52359053: <bash -c "basf2 etapip_gg_fit_v6_toymc_100.py 88 > /home/belle2/jaeyoung/storage_ghi/Ntuples_ghi_2/MC15ri_generic/MC15ri_etaetapip_tight_v2_240419_Kp_BCS_etapi0const/bsub_log//MC15ri_etapip_gg_fitv6_toyMC_100_88.log"> in cluster <centralcluster> Done

Job <bash -c "basf2 etapip_gg_fit_v6_toymc_100.py 88 > /home/belle2/jaeyoung/storage_ghi/Ntuples_ghi_2/MC15ri_generic/MC15ri_etaetapip_tight_v2_240419_Kp_BCS_etapi0const/bsub_log//MC15ri_etapip_gg_fitv6_toyMC_100_88.log"> was submitted from host <ccw02> by user <jaeyoung> in cluster <centralcluster> at Sat Jul 20 14:38:33 2024
Job was executed on host(s) <ccb060>, in queue <s>, as user <jaeyoung> in cluster <centralcluster> at Sat Jul 20 14:39:10 2024
</home/belle2/jaeyoung> was used as the home directory.
</home/belle2/jaeyoung/workspace/DRAW_and_FITTING/main/FITTING/etapip/MC15ri_generic/tight_v2_fit_v6/ToyMC> was used as the working directory.
Started at Sat Jul 20 14:39:10 2024
Terminated at Sat Jul 20 15:26:36 2024
Results reported at Sat Jul 20 15:26:36 2024

Your job looked like:

------------------------------------------------------------
# LSBATCH: User input
bash -c "basf2 etapip_gg_fit_v6_toymc_100.py 88 > /home/belle2/jaeyoung/storage_ghi/Ntuples_ghi_2/MC15ri_generic/MC15ri_etaetapip_tight_v2_240419_Kp_BCS_etapi0const/bsub_log//MC15ri_etapip_gg_fitv6_toyMC_100_88.log"
------------------------------------------------------------

Successfully completed.

Resource usage summary:

    CPU time :                                   2814.29 sec.
    Max Memory :                                 1311 MB
    Average Memory :                             943.04 MB
    Total Requested Memory :                     4000.00 MB
    Delta Memory :                               2689.00 MB
    Max Swap :                                   -
    Max Processes :                              19
    Max Threads :                                20
    Run time :                                   2846 sec.
    Turnaround time :                            2883 sec.

The output (if any) follows:



PS:

Read file <./bsub_log/88.err> for stderr output of this job.

Sender: LSF System <lsfadmin@ccb189>
Subject: Job 53029315: <bash -c "basf2 etapip_gg_fit_v6_toymc_100.py 88 > /home/belle2/jaeyoung/storage_ghi/Ntuples_ghi_2/MC15ri_generic/MC15ri_etaetapip_tight_v2_240419_Kp_BCS_etapi0const/bsub_log//MC15ri_etapip_gg_fitv6_toyMC_100_88.log"> in cluster <centralcluster> Done

Job <bash -c "basf2 etapip_gg_fit_v6_toymc_100.py 88 > /home/belle2/jaeyoung/storage_ghi/Ntuples_ghi_2/MC15ri_generic/MC15ri_etaetapip_tight_v2_240419_Kp_BCS_etapi0const/bsub_log//MC15ri_etapip_gg_fitv6_toyMC_100_88.log"> was submitted from host <ccw03> by user <jaeyoung> in cluster <centralcluster> at Sun Jul 21 17:29:58 2024
Job was executed on host(s) <ccb189>, in queue <s>, as user <jaeyoung> in cluster <centralcluster> at Sun Jul 21 17:30:21 2024
</home/belle2/jaeyoung> was used as the home directory.
</home/belle2/jaeyoung/workspace/DRAW_and_FITTING/main/FITTING/etapip/MC15ri_generic/tight_v2_fit_v6/ToyMC> was used as the working directory.
Started at Sun Jul 21 17:30:21 2024
Terminated at Sun Jul 21 18:18:15 2024
Results reported at Sun Jul 21 18:18:15 2024

Your job looked like:

------------------------------------------------------------
# LSBATCH: User input
bash -c "basf2 etapip_gg_fit_v6_toymc_100.py 88 > /home/belle2/jaeyoung/storage_ghi/Ntuples_ghi_2/MC15ri_generic/MC15ri_etaetapip_tight_v2_240419_Kp_BCS_etapi0const/bsub_log//MC15ri_etapip_gg_fitv6_toyMC_100_88.log"
------------------------------------------------------------

Successfully completed.

Resource usage summary:

    CPU time :                                   2859.77 sec.
    Max Memory :                                 1311 MB
    Average Memory :                             930.95 MB
    Total Requested Memory :                     4000.00 MB
    Delta Memory :                               2689.00 MB
    Max Swap :                                   -
    Max Processes :                              19
    Max Threads :                                20
    Run time :                                   2874 sec.
    Turnaround time :                            2897 sec.

The output (if any) follows:



PS:

Read file <./bsub_log/88.err> for stderr output of this job.

Sender: LSF System <lsfadmin@ccb043>
Subject: Job 53202104: <bash -c "basf2 etapip_gg_fit_v6_toymc_100.py 88 > /home/belle2/jaeyoung/storage_ghi/Ntuples_ghi_2/MC15ri_generic/MC15ri_etaetapip_tight_v2_240419_Kp_BCS_etapi0const/bsub_log//MC15ri_etapip_gg_fitv6_toyMC_100_88.log"> in cluster <centralcluster> Exited

Job <bash -c "basf2 etapip_gg_fit_v6_toymc_100.py 88 > /home/belle2/jaeyoung/storage_ghi/Ntuples_ghi_2/MC15ri_generic/MC15ri_etaetapip_tight_v2_240419_Kp_BCS_etapi0const/bsub_log//MC15ri_etapip_gg_fitv6_toyMC_100_88.log"> was submitted from host <ccw03> by user <jaeyoung> in cluster <centralcluster> at Mon Jul 22 00:48:58 2024
Job was executed on host(s) <ccb043>, in queue <s>, as user <jaeyoung> in cluster <centralcluster> at Mon Jul 22 00:49:17 2024
</home/belle2/jaeyoung> was used as the home directory.
</home/belle2/jaeyoung/workspace/DRAW_and_FITTING/main/FITTING/etapip/MC15ri_generic/tight_v2_fit_v6/ToyMC> was used as the working directory.
Started at Mon Jul 22 00:49:17 2024
Terminated at Mon Jul 22 01:06:44 2024
Results reported at Mon Jul 22 01:06:44 2024

Your job looked like:

------------------------------------------------------------
# LSBATCH: User input
bash -c "basf2 etapip_gg_fit_v6_toymc_100.py 88 > /home/belle2/jaeyoung/storage_ghi/Ntuples_ghi_2/MC15ri_generic/MC15ri_etaetapip_tight_v2_240419_Kp_BCS_etapi0const/bsub_log//MC15ri_etapip_gg_fitv6_toyMC_100_88.log"
------------------------------------------------------------

Exited with exit code 1.

Resource usage summary:

    CPU time :                                   1042.11 sec.
    Max Memory :                                 1254 MB
    Average Memory :                             1174.05 MB
    Total Requested Memory :                     4000.00 MB
    Delta Memory :                               2746.00 MB
    Max Swap :                                   -
    Max Processes :                              19
    Max Threads :                                20
    Run time :                                   1047 sec.
    Turnaround time :                            1066 sec.

The output (if any) follows:



PS:

Read file <./bsub_log/88.err> for stderr output of this job.

Sender: LSF System <lsfadmin@ccb547>
Subject: Job 53406564: <bash -c "basf2 etapip_gg_fit_v6_toymc_100.py 88 > /home/belle2/jaeyoung/storage_ghi/Ntuples_ghi_2/MC15ri_generic/MC15ri_etaetapip_tight_v2_240419_Kp_BCS_etapi0const/bsub_log//MC15ri_etapip_gg_fitv6_toyMC_100_88.log"> in cluster <centralcluster> Done

Job <bash -c "basf2 etapip_gg_fit_v6_toymc_100.py 88 > /home/belle2/jaeyoung/storage_ghi/Ntuples_ghi_2/MC15ri_generic/MC15ri_etaetapip_tight_v2_240419_Kp_BCS_etapi0const/bsub_log//MC15ri_etapip_gg_fitv6_toyMC_100_88.log"> was submitted from host <ccw06> by user <jaeyoung> in cluster <centralcluster> at Mon Jul 22 10:48:00 2024
Job was executed on host(s) <ccb547>, in queue <s>, as user <jaeyoung> in cluster <centralcluster> at Mon Jul 22 10:48:04 2024
</home/belle2/jaeyoung> was used as the home directory.
</home/belle2/jaeyoung/workspace/DRAW_and_FITTING/main/FITTING/etapip/MC15ri_generic/tight_v2_fit_v6/ToyMC> was used as the working directory.
Started at Mon Jul 22 10:48:04 2024
Terminated at Mon Jul 22 11:35:15 2024
Results reported at Mon Jul 22 11:35:15 2024

Your job looked like:

------------------------------------------------------------
# LSBATCH: User input
bash -c "basf2 etapip_gg_fit_v6_toymc_100.py 88 > /home/belle2/jaeyoung/storage_ghi/Ntuples_ghi_2/MC15ri_generic/MC15ri_etaetapip_tight_v2_240419_Kp_BCS_etapi0const/bsub_log//MC15ri_etapip_gg_fitv6_toyMC_100_88.log"
------------------------------------------------------------

Successfully completed.

Resource usage summary:

    CPU time :                                   2769.65 sec.
    Max Memory :                                 1311 MB
    Average Memory :                             943.70 MB
    Total Requested Memory :                     4000.00 MB
    Delta Memory :                               2689.00 MB
    Max Swap :                                   -
    Max Processes :                              19
    Max Threads :                                20
    Run time :                                   2832 sec.
    Turnaround time :                            2835 sec.

The output (if any) follows:



PS:

Read file <./bsub_log/88.err> for stderr output of this job.

Sender: LSF System <lsfadmin@ccb544>
Subject: Job 53598479: <bash -c "basf2 etapip_gg_fit_v6_toymc_100.py 88 > /home/belle2/jaeyoung/storage_ghi/Ntuples_ghi_2/MC15ri_generic/MC15ri_etaetapip_tight_v2_240419_Kp_BCS_etapi0const/bsub_log//MC15ri_etapip_gg_fitv6_toyMC_100_88.log"> in cluster <centralcluster> Done

Job <bash -c "basf2 etapip_gg_fit_v6_toymc_100.py 88 > /home/belle2/jaeyoung/storage_ghi/Ntuples_ghi_2/MC15ri_generic/MC15ri_etaetapip_tight_v2_240419_Kp_BCS_etapi0const/bsub_log//MC15ri_etapip_gg_fitv6_toyMC_100_88.log"> was submitted from host <ccw03> by user <jaeyoung> in cluster <centralcluster> at Mon Jul 22 18:34:01 2024
Job was executed on host(s) <ccb544>, in queue <s>, as user <jaeyoung> in cluster <centralcluster> at Mon Jul 22 18:34:04 2024
</home/belle2/jaeyoung> was used as the home directory.
</home/belle2/jaeyoung/workspace/DRAW_and_FITTING/main/FITTING/etapip/MC15ri_generic/tight_v2_fit_v6/ToyMC> was used as the working directory.
Started at Mon Jul 22 18:34:04 2024
Terminated at Mon Jul 22 19:21:07 2024
Results reported at Mon Jul 22 19:21:07 2024

Your job looked like:

------------------------------------------------------------
# LSBATCH: User input
bash -c "basf2 etapip_gg_fit_v6_toymc_100.py 88 > /home/belle2/jaeyoung/storage_ghi/Ntuples_ghi_2/MC15ri_generic/MC15ri_etaetapip_tight_v2_240419_Kp_BCS_etapi0const/bsub_log//MC15ri_etapip_gg_fitv6_toyMC_100_88.log"
------------------------------------------------------------

Successfully completed.

Resource usage summary:

    CPU time :                                   2784.98 sec.
    Max Memory :                                 1311 MB
    Average Memory :                             933.99 MB
    Total Requested Memory :                     4000.00 MB
    Delta Memory :                               2689.00 MB
    Max Swap :                                   -
    Max Processes :                              19
    Max Threads :                                20
    Run time :                                   2824 sec.
    Turnaround time :                            2826 sec.

The output (if any) follows:



PS:

Read file <./bsub_log/88.err> for stderr output of this job.

Sender: LSF System <lsfadmin@ccb143>
Subject: Job 53831425: <bash -c "basf2 etapip_gg_fit_v6_toymc_100.py 88 > /home/belle2/jaeyoung/storage_ghi/Ntuples_ghi_2/MC15ri_generic/MC15ri_etaetapip_tight_v2_240419_Kp_BCS_etapi0const/bsub_log//MC15ri_etapip_gg_fitv6_toyMC_100_88.log"> in cluster <centralcluster> Done

Job <bash -c "basf2 etapip_gg_fit_v6_toymc_100.py 88 > /home/belle2/jaeyoung/storage_ghi/Ntuples_ghi_2/MC15ri_generic/MC15ri_etaetapip_tight_v2_240419_Kp_BCS_etapi0const/bsub_log//MC15ri_etapip_gg_fitv6_toyMC_100_88.log"> was submitted from host <ccw05> by user <jaeyoung> in cluster <centralcluster> at Tue Jul 23 00:48:44 2024
Job was executed on host(s) <ccb143>, in queue <s>, as user <jaeyoung> in cluster <centralcluster> at Tue Jul 23 00:48:54 2024
</home/belle2/jaeyoung> was used as the home directory.
</home/belle2/jaeyoung/workspace/DRAW_and_FITTING/main/FITTING/etapip/MC15ri_generic/tight_v2_fit_v6/ToyMC> was used as the working directory.
Started at Tue Jul 23 00:48:54 2024
Terminated at Tue Jul 23 01:37:32 2024
Results reported at Tue Jul 23 01:37:32 2024

Your job looked like:

------------------------------------------------------------
# LSBATCH: User input
bash -c "basf2 etapip_gg_fit_v6_toymc_100.py 88 > /home/belle2/jaeyoung/storage_ghi/Ntuples_ghi_2/MC15ri_generic/MC15ri_etaetapip_tight_v2_240419_Kp_BCS_etapi0const/bsub_log//MC15ri_etapip_gg_fitv6_toyMC_100_88.log"
------------------------------------------------------------

Successfully completed.

Resource usage summary:

    CPU time :                                   2891.31 sec.
    Max Memory :                                 1313 MB
    Average Memory :                             959.90 MB
    Total Requested Memory :                     4000.00 MB
    Delta Memory :                               2687.00 MB
    Max Swap :                                   -
    Max Processes :                              19
    Max Threads :                                20
    Run time :                                   2917 sec.
    Turnaround time :                            2928 sec.

The output (if any) follows:



PS:

Read file <./bsub_log/88.err> for stderr output of this job.

Sender: LSF System <lsfadmin@ccb256>
Subject: Job 54396686: <bash -c "basf2 etapip_gg_fit_v6_toymc_100.py 88 > /home/belle2/jaeyoung/storage_ghi/Ntuples_ghi_2/MC15ri_generic/MC15ri_etaetapip_tight_v2_240419_Kp_BCS_etapi0const/bsub_log//MC15ri_etapip_gg_fitv6_toyMC_100_88.log"> in cluster <centralcluster> Done

Job <bash -c "basf2 etapip_gg_fit_v6_toymc_100.py 88 > /home/belle2/jaeyoung/storage_ghi/Ntuples_ghi_2/MC15ri_generic/MC15ri_etaetapip_tight_v2_240419_Kp_BCS_etapi0const/bsub_log//MC15ri_etapip_gg_fitv6_toyMC_100_88.log"> was submitted from host <ccw04> by user <jaeyoung> in cluster <centralcluster> at Tue Jul 23 17:58:04 2024
Job was executed on host(s) <ccb256>, in queue <s>, as user <jaeyoung> in cluster <centralcluster> at Tue Jul 23 18:03:26 2024
</home/belle2/jaeyoung> was used as the home directory.
</home/belle2/jaeyoung/workspace/DRAW_and_FITTING/main/FITTING/etapip/MC15ri_generic/tight_v2_fit_v6/ToyMC> was used as the working directory.
Started at Tue Jul 23 18:03:26 2024
Terminated at Tue Jul 23 19:02:03 2024
Results reported at Tue Jul 23 19:02:03 2024

Your job looked like:

------------------------------------------------------------
# LSBATCH: User input
bash -c "basf2 etapip_gg_fit_v6_toymc_100.py 88 > /home/belle2/jaeyoung/storage_ghi/Ntuples_ghi_2/MC15ri_generic/MC15ri_etaetapip_tight_v2_240419_Kp_BCS_etapi0const/bsub_log//MC15ri_etapip_gg_fitv6_toyMC_100_88.log"
------------------------------------------------------------

Successfully completed.

Resource usage summary:

    CPU time :                                   3492.24 sec.
    Max Memory :                                 1313 MB
    Average Memory :                             973.46 MB
    Total Requested Memory :                     4000.00 MB
    Delta Memory :                               2687.00 MB
    Max Swap :                                   -
    Max Processes :                              19
    Max Threads :                                20
    Run time :                                   3518 sec.
    Turnaround time :                            3839 sec.

The output (if any) follows:



PS:

Read file <./bsub_log/88.err> for stderr output of this job.

