000 (212.000.000) 2024-04-09 02:11:55 Job submitted from host: <210.117.208.231:9618?addrs=210.117.208.231-9618&alias=login-0-0&noUDP&sock=schedd_135321_8769>
...
009 (212.000.000) 2024-04-09 02:13:29 Job was aborted.
	via condor_rm (by user jykim)
...
000 (213.000.000) 2024-04-09 02:13:38 Job submitted from host: <210.117.208.231:9618?addrs=210.117.208.231-9618&alias=login-0-0&noUDP&sock=schedd_135321_8769>
...
001 (213.000.000) 2024-04-09 02:16:37 Job executing on host: <210.117.208.239:9618?addrs=210.117.208.239-9618&alias=compute-1-0.yhep&noUDP&sock=startd_1892914_22fb>
	SlotName: slot2_1@compute-1-0.yhep
	CondorScratchDir = "/var/lib/condor/execute/dir_2449520"
	Cpus = 2
	Disk = 1287622
	GPUs = 0
	Memory = 4000
...
006 (213.000.000) 2024-04-09 02:16:50 Image size of job updated: 374500
	366  -  MemoryUsage of job (MB)
	374500  -  ResidentSetSize of job (KB)
...
006 (213.000.000) 2024-04-09 02:21:51 Image size of job updated: 4096000
	4000  -  MemoryUsage of job (MB)
	4095996  -  ResidentSetSize of job (KB)
...
005 (213.000.000) 2024-04-09 02:26:01 Job terminated.
	(1) Normal termination (return value 0)
		Usr 0 00:05:46, Sys 0 00:00:10  -  Run Remote Usage
		Usr 0 00:00:00, Sys 0 00:00:00  -  Run Local Usage
		Usr 0 00:05:46, Sys 0 00:00:10  -  Total Remote Usage
		Usr 0 00:00:00, Sys 0 00:00:00  -  Total Local Usage
	0  -  Run Bytes Sent By Job
	0  -  Run Bytes Received By Job
	0  -  Total Bytes Sent By Job
	0  -  Total Bytes Received By Job
	Partitionable Resources :    Usage  Request Allocated 
	   Cpus                 :     0.64        2         2 
	   Disk (KB)            :    22          22   1287622 
	   GPUs                 :                           0 
	   Memory (MB)          :  4000        4000      4000 
	   TimeExecute (s)      :   544                       
	   TimeSlotBusy (s)     :   624                       

	Job terminated of its own accord at 2024-04-08T17:25:41Z with exit-code 0.
...
000 (214.000.000) 2024-04-09 02:29:46 Job submitted from host: <210.117.208.231:9618?addrs=210.117.208.231-9618&alias=login-0-0&noUDP&sock=schedd_135321_8769>
...
001 (214.000.000) 2024-04-09 02:32:36 Job executing on host: <210.117.208.239:9618?addrs=210.117.208.239-9618&alias=compute-1-0.yhep&noUDP&sock=startd_1892914_22fb>
	SlotName: slot2_1@compute-1-0.yhep
	CondorScratchDir = "/var/lib/condor/execute/dir_2467007"
	Cpus = 2
	Disk = 1287622
	GPUs = 0
	Memory = 4000
...
006 (214.000.000) 2024-04-09 02:32:36 Image size of job updated: 256
	1  -  MemoryUsage of job (MB)
	16  -  ResidentSetSize of job (KB)
...
005 (214.000.000) 2024-04-09 02:32:36 Job terminated.
	(1) Normal termination (return value 127)
		Usr 0 00:00:00, Sys 0 00:00:00  -  Run Remote Usage
		Usr 0 00:00:00, Sys 0 00:00:00  -  Run Local Usage
		Usr 0 00:00:00, Sys 0 00:00:00  -  Total Remote Usage
		Usr 0 00:00:00, Sys 0 00:00:00  -  Total Local Usage
	0  -  Run Bytes Sent By Job
	0  -  Run Bytes Received By Job
	0  -  Total Bytes Sent By Job
	0  -  Total Bytes Received By Job
	Partitionable Resources :    Usage  Request Allocated 
	   Cpus                 :        0        2         2 
	   Disk (KB)            :       22       22   1287622 
	   GPUs                 :                           0 
	   Memory (MB)          :        1     4000      4000 
	   TimeExecute (s)      :        0                    
	   TimeSlotBusy (s)     :       79                    

	Job terminated of its own accord at 2024-04-08T17:32:36Z with exit-code 127.
...
000 (215.000.000) 2024-04-09 02:34:22 Job submitted from host: <210.117.208.231:9618?addrs=210.117.208.231-9618&alias=login-0-0&noUDP&sock=schedd_135321_8769>
...
001 (215.000.000) 2024-04-09 02:35:48 Job executing on host: <210.117.208.239:9618?addrs=210.117.208.239-9618&alias=compute-1-0.yhep&noUDP&sock=startd_1892914_22fb>
	SlotName: slot3_1@compute-1-0.yhep
	CondorScratchDir = "/var/lib/condor/execute/dir_2470958"
	Cpus = 2
	Disk = 1287622
	GPUs = 0
	Memory = 4000
...
006 (215.000.000) 2024-04-09 02:35:56 Image size of job updated: 234948
	230  -  MemoryUsage of job (MB)
	234948  -  ResidentSetSize of job (KB)
...
006 (215.000.000) 2024-04-09 02:39:05 Image size of job updated: 2929404
	2711  -  MemoryUsage of job (MB)
	2775256  -  ResidentSetSize of job (KB)
...
005 (215.000.000) 2024-04-09 02:39:25 Job terminated.
	(1) Normal termination (return value 0)
		Usr 0 00:01:51, Sys 0 00:00:02  -  Run Remote Usage
		Usr 0 00:00:00, Sys 0 00:00:00  -  Run Local Usage
		Usr 0 00:01:51, Sys 0 00:00:02  -  Total Remote Usage
		Usr 0 00:00:00, Sys 0 00:00:00  -  Total Local Usage
	0  -  Run Bytes Sent By Job
	0  -  Run Bytes Received By Job
	0  -  Total Bytes Sent By Job
	0  -  Total Bytes Received By Job
	Partitionable Resources :    Usage  Request Allocated 
	   Cpus                 :        0        2         2 
	   Disk (KB)            :       22       22   1287622 
	   GPUs                 :                           0 
	   Memory (MB)          :     2711     4000      4000 
	   TimeExecute (s)      :      197                    
	   TimeSlotBusy (s)     :      252                    

	Job terminated of its own accord at 2024-04-08T17:39:05Z with exit-code 0.
...
