Sender: LSF System <lsfadmin@ccb092>
Subject: Job 47532511: <bash -c "basf2 etapip_gg_fit_v6_toymc_100.py 0 > /home/belle2/jaeyoung/storage_ghi/Ntuples_ghi_2/MC15ri_generic/MC15ri_etaetapip_tight_v2_240419_Kp_BCS_etapi0const/bsub_log//MC15ri_etapip_gg_fitv6_toyMC_100_0.log"> in cluster <centralcluster> Exited

Job <bash -c "basf2 etapip_gg_fit_v6_toymc_100.py 0 > /home/belle2/jaeyoung/storage_ghi/Ntuples_ghi_2/MC15ri_generic/MC15ri_etaetapip_tight_v2_240419_Kp_BCS_etapi0const/bsub_log//MC15ri_etapip_gg_fitv6_toyMC_100_0.log"> was submitted from host <ccw02> by user <jaeyoung> in cluster <centralcluster> at Wed Jul 10 21:10:28 2024
Job was executed on host(s) <ccb092>, in queue <h>, as user <jaeyoung> in cluster <centralcluster> at Wed Jul 10 21:10:29 2024
</home/belle2/jaeyoung> was used as the home directory.
</home/belle2/jaeyoung/workspace/DRAW_and_FITTING/main/FITTING/etapip/MC15ri_generic/tight_v2_fit_v6/ToyMC> was used as the working directory.
Started at Wed Jul 10 21:10:29 2024
Terminated at Wed Jul 10 21:11:11 2024
Results reported at Wed Jul 10 21:11:11 2024

Your job looked like:

------------------------------------------------------------
# LSBATCH: User input
bash -c "basf2 etapip_gg_fit_v6_toymc_100.py 0 > /home/belle2/jaeyoung/storage_ghi/Ntuples_ghi_2/MC15ri_generic/MC15ri_etaetapip_tight_v2_240419_Kp_BCS_etapi0const/bsub_log//MC15ri_etapip_gg_fitv6_toyMC_100_0.log"
------------------------------------------------------------

Exited with exit code 129.

Resource usage summary:

    CPU time :                                   26.92 sec.
    Max Memory :                                 443 MB
    Average Memory :                             281.12 MB
    Total Requested Memory :                     4000.00 MB
    Delta Memory :                               3557.00 MB
    Max Swap :                                   -
    Max Processes :                              9
    Max Threads :                                50
    Run time :                                   42 sec.
    Turnaround time :                            43 sec.

The output (if any) follows:



PS:

Read file <0.err> for stderr output of this job.

Sender: LSF System <lsfadmin@ccb091>
Subject: Job 47535804: <bash -c "basf2 etapip_gg_fit_v6_toymc_100.py 0 > /home/belle2/jaeyoung/storage_ghi/Ntuples_ghi_2/MC15ri_generic/MC15ri_etaetapip_tight_v2_240419_Kp_BCS_etapi0const/bsub_log//MC15ri_etapip_gg_fitv6_toyMC_100_0.log"> in cluster <centralcluster> Exited

Job <bash -c "basf2 etapip_gg_fit_v6_toymc_100.py 0 > /home/belle2/jaeyoung/storage_ghi/Ntuples_ghi_2/MC15ri_generic/MC15ri_etaetapip_tight_v2_240419_Kp_BCS_etapi0const/bsub_log//MC15ri_etapip_gg_fitv6_toyMC_100_0.log"> was submitted from host <ccw02> by user <jaeyoung> in cluster <centralcluster> at Wed Jul 10 21:14:10 2024
Job was executed on host(s) <ccb091>, in queue <h>, as user <jaeyoung> in cluster <centralcluster> at Wed Jul 10 21:14:11 2024
</home/belle2/jaeyoung> was used as the home directory.
</home/belle2/jaeyoung/workspace/DRAW_and_FITTING/main/FITTING/etapip/MC15ri_generic/tight_v2_fit_v6/ToyMC> was used as the working directory.
Started at Wed Jul 10 21:14:11 2024
Terminated at Wed Jul 10 21:14:46 2024
Results reported at Wed Jul 10 21:14:46 2024

Your job looked like:

------------------------------------------------------------
# LSBATCH: User input
bash -c "basf2 etapip_gg_fit_v6_toymc_100.py 0 > /home/belle2/jaeyoung/storage_ghi/Ntuples_ghi_2/MC15ri_generic/MC15ri_etaetapip_tight_v2_240419_Kp_BCS_etapi0const/bsub_log//MC15ri_etapip_gg_fitv6_toyMC_100_0.log"
------------------------------------------------------------

Exited with exit code 129.

Resource usage summary:

    CPU time :                                   26.86 sec.
    Max Memory :                                 535 MB
    Average Memory :                             304.14 MB
    Total Requested Memory :                     4000.00 MB
    Delta Memory :                               3465.00 MB
    Max Swap :                                   -
    Max Processes :                              9
    Max Threads :                                50
    Run time :                                   35 sec.
    Turnaround time :                            36 sec.

The output (if any) follows:



PS:

Read file <0.err> for stderr output of this job.

Sender: LSF System <lsfadmin@ccb004>
Subject: Job 47537751: <bash -c "basf2 etapip_gg_fit_v6_toymc_100.py 0 > /home/belle2/jaeyoung/storage_ghi/Ntuples_ghi_2/MC15ri_generic/MC15ri_etaetapip_tight_v2_240419_Kp_BCS_etapi0const/bsub_log//MC15ri_etapip_gg_fitv6_toyMC_100_0.log"> in cluster <centralcluster> Done

Job <bash -c "basf2 etapip_gg_fit_v6_toymc_100.py 0 > /home/belle2/jaeyoung/storage_ghi/Ntuples_ghi_2/MC15ri_generic/MC15ri_etaetapip_tight_v2_240419_Kp_BCS_etapi0const/bsub_log//MC15ri_etapip_gg_fitv6_toyMC_100_0.log"> was submitted from host <ccw02> by user <jaeyoung> in cluster <centralcluster> at Wed Jul 10 21:16:17 2024
Job was executed on host(s) <ccb004>, in queue <h>, as user <jaeyoung> in cluster <centralcluster> at Wed Jul 10 21:16:18 2024
</home/belle2/jaeyoung> was used as the home directory.
</home/belle2/jaeyoung/workspace/DRAW_and_FITTING/main/FITTING/etapip/MC15ri_generic/tight_v2_fit_v6/ToyMC> was used as the working directory.
Started at Wed Jul 10 21:16:18 2024
Terminated at Wed Jul 10 22:21:34 2024
Results reported at Wed Jul 10 22:21:34 2024

Your job looked like:

------------------------------------------------------------
# LSBATCH: User input
bash -c "basf2 etapip_gg_fit_v6_toymc_100.py 0 > /home/belle2/jaeyoung/storage_ghi/Ntuples_ghi_2/MC15ri_generic/MC15ri_etaetapip_tight_v2_240419_Kp_BCS_etapi0const/bsub_log//MC15ri_etapip_gg_fitv6_toyMC_100_0.log"
------------------------------------------------------------

Successfully completed.

Resource usage summary:

    CPU time :                                   3879.53 sec.
    Max Memory :                                 1283 MB
    Average Memory :                             1195.63 MB
    Total Requested Memory :                     4000.00 MB
    Delta Memory :                               2717.00 MB
    Max Swap :                                   -
    Max Processes :                              19
    Max Threads :                                20
    Run time :                                   3917 sec.
    Turnaround time :                            3917 sec.

The output (if any) follows:



PS:

Read file <0.err> for stderr output of this job.

Sender: LSF System <lsfadmin@ccb008>
Subject: Job 47967096: <bash -c "basf2 etapip_gg_fit_v6_toymc_100.py 0 > /home/belle2/jaeyoung/storage_ghi/Ntuples_ghi_2/MC15ri_generic/MC15ri_etaetapip_tight_v2_240419_Kp_BCS_etapi0const/bsub_log//MC15ri_etapip_gg_fitv6_toyMC_100_0.log"> in cluster <centralcluster> Exited

Job <bash -c "basf2 etapip_gg_fit_v6_toymc_100.py 0 > /home/belle2/jaeyoung/storage_ghi/Ntuples_ghi_2/MC15ri_generic/MC15ri_etaetapip_tight_v2_240419_Kp_BCS_etapi0const/bsub_log//MC15ri_etapip_gg_fitv6_toyMC_100_0.log"> was submitted from host <ccw07> by user <jaeyoung> in cluster <centralcluster> at Thu Jul 11 15:26:45 2024
Job was executed on host(s) <ccb008>, in queue <h>, as user <jaeyoung> in cluster <centralcluster> at Thu Jul 11 15:26:46 2024
</home/belle2/jaeyoung> was used as the home directory.
</home/belle2/jaeyoung/workspace/DRAW_and_FITTING/main/FITTING/etapip/MC15ri_generic/tight_v2_fit_v6/ToyMC> was used as the working directory.
Started at Thu Jul 11 15:26:46 2024
Terminated at Thu Jul 11 15:27:06 2024
Results reported at Thu Jul 11 15:27:06 2024

Your job looked like:

------------------------------------------------------------
# LSBATCH: User input
bash -c "basf2 etapip_gg_fit_v6_toymc_100.py 0 > /home/belle2/jaeyoung/storage_ghi/Ntuples_ghi_2/MC15ri_generic/MC15ri_etaetapip_tight_v2_240419_Kp_BCS_etapi0const/bsub_log//MC15ri_etapip_gg_fitv6_toyMC_100_0.log"
------------------------------------------------------------

Exited with exit code 1.

Resource usage summary:

    CPU time :                                   15.42 sec.
    Max Memory :                                 446 MB
    Average Memory :                             303.00 MB
    Total Requested Memory :                     4000.00 MB
    Delta Memory :                               3554.00 MB
    Max Swap :                                   -
    Max Processes :                              9
    Max Threads :                                50
    Run time :                                   21 sec.
    Turnaround time :                            21 sec.

The output (if any) follows:



PS:

Read file <0.err> for stderr output of this job.

Sender: LSF System <lsfadmin@ccb125>
Subject: Job 47968920: <bash -c "basf2 etapip_gg_fit_v6_toymc_100.py 0 > /home/belle2/jaeyoung/storage_ghi/Ntuples_ghi_2/MC15ri_generic/MC15ri_etaetapip_tight_v2_240419_Kp_BCS_etapi0const/bsub_log//MC15ri_etapip_gg_fitv6_toyMC_100_0.log"> in cluster <centralcluster> Done

Job <bash -c "basf2 etapip_gg_fit_v6_toymc_100.py 0 > /home/belle2/jaeyoung/storage_ghi/Ntuples_ghi_2/MC15ri_generic/MC15ri_etaetapip_tight_v2_240419_Kp_BCS_etapi0const/bsub_log//MC15ri_etapip_gg_fitv6_toyMC_100_0.log"> was submitted from host <ccw07> by user <jaeyoung> in cluster <centralcluster> at Thu Jul 11 15:28:58 2024
Job was executed on host(s) <ccb125>, in queue <h>, as user <jaeyoung> in cluster <centralcluster> at Thu Jul 11 15:28:59 2024
</home/belle2/jaeyoung> was used as the home directory.
</home/belle2/jaeyoung/workspace/DRAW_and_FITTING/main/FITTING/etapip/MC15ri_generic/tight_v2_fit_v6/ToyMC> was used as the working directory.
Started at Thu Jul 11 15:28:59 2024
Terminated at Thu Jul 11 16:35:02 2024
Results reported at Thu Jul 11 16:35:02 2024

Your job looked like:

------------------------------------------------------------
# LSBATCH: User input
bash -c "basf2 etapip_gg_fit_v6_toymc_100.py 0 > /home/belle2/jaeyoung/storage_ghi/Ntuples_ghi_2/MC15ri_generic/MC15ri_etaetapip_tight_v2_240419_Kp_BCS_etapi0const/bsub_log//MC15ri_etapip_gg_fitv6_toyMC_100_0.log"
------------------------------------------------------------

Successfully completed.

Resource usage summary:

    CPU time :                                   3907.18 sec.
    Max Memory :                                 1283 MB
    Average Memory :                             989.48 MB
    Total Requested Memory :                     4000.00 MB
    Delta Memory :                               2717.00 MB
    Max Swap :                                   -
    Max Processes :                              19
    Max Threads :                                20
    Run time :                                   3964 sec.
    Turnaround time :                            3964 sec.

The output (if any) follows:



PS:

Read file <0.err> for stderr output of this job.

