Sender: LSF System <lsfadmin@ccb267>
Subject: Job 47532695: <bash -c "basf2 etapip_gg_fit_v6_toymc_100.py 14 > /home/belle2/jaeyoung/storage_ghi/Ntuples_ghi_2/MC15ri_generic/MC15ri_etaetapip_tight_v2_240419_Kp_BCS_etapi0const/bsub_log//MC15ri_etapip_gg_fitv6_toyMC_100_14.log"> in cluster <centralcluster> Exited

Job <bash -c "basf2 etapip_gg_fit_v6_toymc_100.py 14 > /home/belle2/jaeyoung/storage_ghi/Ntuples_ghi_2/MC15ri_generic/MC15ri_etaetapip_tight_v2_240419_Kp_BCS_etapi0const/bsub_log//MC15ri_etapip_gg_fitv6_toyMC_100_14.log"> was submitted from host <ccw02> by user <jaeyoung> in cluster <centralcluster> at Wed Jul 10 21:10:39 2024
Job was executed on host(s) <ccb267>, in queue <h>, as user <jaeyoung> in cluster <centralcluster> at Wed Jul 10 21:10:43 2024
</home/belle2/jaeyoung> was used as the home directory.
</home/belle2/jaeyoung/workspace/DRAW_and_FITTING/main/FITTING/etapip/MC15ri_generic/tight_v2_fit_v6/ToyMC> was used as the working directory.
Started at Wed Jul 10 21:10:43 2024
Terminated at Wed Jul 10 21:11:23 2024
Results reported at Wed Jul 10 21:11:23 2024

Your job looked like:

------------------------------------------------------------
# LSBATCH: User input
bash -c "basf2 etapip_gg_fit_v6_toymc_100.py 14 > /home/belle2/jaeyoung/storage_ghi/Ntuples_ghi_2/MC15ri_generic/MC15ri_etaetapip_tight_v2_240419_Kp_BCS_etapi0const/bsub_log//MC15ri_etapip_gg_fitv6_toyMC_100_14.log"
------------------------------------------------------------

Exited with exit code 129.

Resource usage summary:

    CPU time :                                   26.66 sec.
    Max Memory :                                 571 MB
    Average Memory :                             423.62 MB
    Total Requested Memory :                     4000.00 MB
    Delta Memory :                               3429.00 MB
    Max Swap :                                   -
    Max Processes :                              9
    Max Threads :                                50
    Run time :                                   41 sec.
    Turnaround time :                            44 sec.

The output (if any) follows:



PS:

Read file <14.err> for stderr output of this job.

Sender: LSF System <lsfadmin@ccb135>
Subject: Job 47535889: <bash -c "basf2 etapip_gg_fit_v6_toymc_100.py 14 > /home/belle2/jaeyoung/storage_ghi/Ntuples_ghi_2/MC15ri_generic/MC15ri_etaetapip_tight_v2_240419_Kp_BCS_etapi0const/bsub_log//MC15ri_etapip_gg_fitv6_toyMC_100_14.log"> in cluster <centralcluster> Exited

Job <bash -c "basf2 etapip_gg_fit_v6_toymc_100.py 14 > /home/belle2/jaeyoung/storage_ghi/Ntuples_ghi_2/MC15ri_generic/MC15ri_etaetapip_tight_v2_240419_Kp_BCS_etapi0const/bsub_log//MC15ri_etapip_gg_fitv6_toyMC_100_14.log"> was submitted from host <ccw02> by user <jaeyoung> in cluster <centralcluster> at Wed Jul 10 21:14:15 2024
Job was executed on host(s) <ccb135>, in queue <h>, as user <jaeyoung> in cluster <centralcluster> at Wed Jul 10 21:14:16 2024
</home/belle2/jaeyoung> was used as the home directory.
</home/belle2/jaeyoung/workspace/DRAW_and_FITTING/main/FITTING/etapip/MC15ri_generic/tight_v2_fit_v6/ToyMC> was used as the working directory.
Started at Wed Jul 10 21:14:16 2024
Terminated at Wed Jul 10 21:14:56 2024
Results reported at Wed Jul 10 21:14:56 2024

Your job looked like:

------------------------------------------------------------
# LSBATCH: User input
bash -c "basf2 etapip_gg_fit_v6_toymc_100.py 14 > /home/belle2/jaeyoung/storage_ghi/Ntuples_ghi_2/MC15ri_generic/MC15ri_etaetapip_tight_v2_240419_Kp_BCS_etapi0const/bsub_log//MC15ri_etapip_gg_fitv6_toyMC_100_14.log"
------------------------------------------------------------

Exited with exit code 129.

Resource usage summary:

    CPU time :                                   27.11 sec.
    Max Memory :                                 611 MB
    Average Memory :                             384.50 MB
    Total Requested Memory :                     4000.00 MB
    Delta Memory :                               3389.00 MB
    Max Swap :                                   -
    Max Processes :                              9
    Max Threads :                                50
    Run time :                                   40 sec.
    Turnaround time :                            41 sec.

The output (if any) follows:



PS:

Read file <14.err> for stderr output of this job.

Sender: LSF System <lsfadmin@ccb155>
Subject: Job 47537842: <bash -c "basf2 etapip_gg_fit_v6_toymc_100.py 14 > /home/belle2/jaeyoung/storage_ghi/Ntuples_ghi_2/MC15ri_generic/MC15ri_etaetapip_tight_v2_240419_Kp_BCS_etapi0const/bsub_log//MC15ri_etapip_gg_fitv6_toyMC_100_14.log"> in cluster <centralcluster> Done

Job <bash -c "basf2 etapip_gg_fit_v6_toymc_100.py 14 > /home/belle2/jaeyoung/storage_ghi/Ntuples_ghi_2/MC15ri_generic/MC15ri_etaetapip_tight_v2_240419_Kp_BCS_etapi0const/bsub_log//MC15ri_etapip_gg_fitv6_toyMC_100_14.log"> was submitted from host <ccw02> by user <jaeyoung> in cluster <centralcluster> at Wed Jul 10 21:16:21 2024
Job was executed on host(s) <ccb155>, in queue <h>, as user <jaeyoung> in cluster <centralcluster> at Wed Jul 10 21:16:27 2024
</home/belle2/jaeyoung> was used as the home directory.
</home/belle2/jaeyoung/workspace/DRAW_and_FITTING/main/FITTING/etapip/MC15ri_generic/tight_v2_fit_v6/ToyMC> was used as the working directory.
Started at Wed Jul 10 21:16:27 2024
Terminated at Wed Jul 10 22:11:31 2024
Results reported at Wed Jul 10 22:11:31 2024

Your job looked like:

------------------------------------------------------------
# LSBATCH: User input
bash -c "basf2 etapip_gg_fit_v6_toymc_100.py 14 > /home/belle2/jaeyoung/storage_ghi/Ntuples_ghi_2/MC15ri_generic/MC15ri_etaetapip_tight_v2_240419_Kp_BCS_etapi0const/bsub_log//MC15ri_etapip_gg_fitv6_toyMC_100_14.log"
------------------------------------------------------------

Successfully completed.

Resource usage summary:

    CPU time :                                   3184.79 sec.
    Max Memory :                                 1280 MB
    Average Memory :                             1192.52 MB
    Total Requested Memory :                     4000.00 MB
    Delta Memory :                               2720.00 MB
    Max Swap :                                   -
    Max Processes :                              19
    Max Threads :                                20
    Run time :                                   3305 sec.
    Turnaround time :                            3310 sec.

The output (if any) follows:



PS:

Read file <14.err> for stderr output of this job.

Sender: LSF System <lsfadmin@ccb172>
Subject: Job 47967185: <bash -c "basf2 etapip_gg_fit_v6_toymc_100.py 14 > /home/belle2/jaeyoung/storage_ghi/Ntuples_ghi_2/MC15ri_generic/MC15ri_etaetapip_tight_v2_240419_Kp_BCS_etapi0const/bsub_log//MC15ri_etapip_gg_fitv6_toyMC_100_14.log"> in cluster <centralcluster> Exited

Job <bash -c "basf2 etapip_gg_fit_v6_toymc_100.py 14 > /home/belle2/jaeyoung/storage_ghi/Ntuples_ghi_2/MC15ri_generic/MC15ri_etaetapip_tight_v2_240419_Kp_BCS_etapi0const/bsub_log//MC15ri_etapip_gg_fitv6_toyMC_100_14.log"> was submitted from host <ccw07> by user <jaeyoung> in cluster <centralcluster> at Thu Jul 11 15:26:50 2024
Job was executed on host(s) <ccb172>, in queue <h>, as user <jaeyoung> in cluster <centralcluster> at Thu Jul 11 15:26:52 2024
</home/belle2/jaeyoung> was used as the home directory.
</home/belle2/jaeyoung/workspace/DRAW_and_FITTING/main/FITTING/etapip/MC15ri_generic/tight_v2_fit_v6/ToyMC> was used as the working directory.
Started at Thu Jul 11 15:26:52 2024
Terminated at Thu Jul 11 15:27:12 2024
Results reported at Thu Jul 11 15:27:12 2024

Your job looked like:

------------------------------------------------------------
# LSBATCH: User input
bash -c "basf2 etapip_gg_fit_v6_toymc_100.py 14 > /home/belle2/jaeyoung/storage_ghi/Ntuples_ghi_2/MC15ri_generic/MC15ri_etaetapip_tight_v2_240419_Kp_BCS_etapi0const/bsub_log//MC15ri_etapip_gg_fitv6_toyMC_100_14.log"
------------------------------------------------------------

Exited with exit code 1.

Resource usage summary:

    CPU time :                                   14.99 sec.
    Max Memory :                                 455 MB
    Average Memory :                             340.00 MB
    Total Requested Memory :                     4000.00 MB
    Delta Memory :                               3545.00 MB
    Max Swap :                                   -
    Max Processes :                              9
    Max Threads :                                50
    Run time :                                   20 sec.
    Turnaround time :                            22 sec.

The output (if any) follows:



PS:

Read file <14.err> for stderr output of this job.

Sender: LSF System <lsfadmin@ccb139>
Subject: Job 47968995: <bash -c "basf2 etapip_gg_fit_v6_toymc_100.py 14 > /home/belle2/jaeyoung/storage_ghi/Ntuples_ghi_2/MC15ri_generic/MC15ri_etaetapip_tight_v2_240419_Kp_BCS_etapi0const/bsub_log//MC15ri_etapip_gg_fitv6_toyMC_100_14.log"> in cluster <centralcluster> Done

Job <bash -c "basf2 etapip_gg_fit_v6_toymc_100.py 14 > /home/belle2/jaeyoung/storage_ghi/Ntuples_ghi_2/MC15ri_generic/MC15ri_etaetapip_tight_v2_240419_Kp_BCS_etapi0const/bsub_log//MC15ri_etapip_gg_fitv6_toyMC_100_14.log"> was submitted from host <ccw07> by user <jaeyoung> in cluster <centralcluster> at Thu Jul 11 15:29:02 2024
Job was executed on host(s) <ccb139>, in queue <h>, as user <jaeyoung> in cluster <centralcluster> at Thu Jul 11 15:29:03 2024
</home/belle2/jaeyoung> was used as the home directory.
</home/belle2/jaeyoung/workspace/DRAW_and_FITTING/main/FITTING/etapip/MC15ri_generic/tight_v2_fit_v6/ToyMC> was used as the working directory.
Started at Thu Jul 11 15:29:03 2024
Terminated at Thu Jul 11 16:37:11 2024
Results reported at Thu Jul 11 16:37:11 2024

Your job looked like:

------------------------------------------------------------
# LSBATCH: User input
bash -c "basf2 etapip_gg_fit_v6_toymc_100.py 14 > /home/belle2/jaeyoung/storage_ghi/Ntuples_ghi_2/MC15ri_generic/MC15ri_etaetapip_tight_v2_240419_Kp_BCS_etapi0const/bsub_log//MC15ri_etapip_gg_fitv6_toyMC_100_14.log"
------------------------------------------------------------

Successfully completed.

Resource usage summary:

    CPU time :                                   4028.93 sec.
    Max Memory :                                 1285 MB
    Average Memory :                             1022.89 MB
    Total Requested Memory :                     4000.00 MB
    Delta Memory :                               2715.00 MB
    Max Swap :                                   -
    Max Processes :                              19
    Max Threads :                                20
    Run time :                                   4088 sec.
    Turnaround time :                            4089 sec.

The output (if any) follows:



PS:

Read file <14.err> for stderr output of this job.

