Sender: LSF System <lsfadmin@ccb206>
Subject: Job 47532712: <bash -c "basf2 etapip_gg_fit_v6_toymc_100.py 15 > /home/belle2/jaeyoung/storage_ghi/Ntuples_ghi_2/MC15ri_generic/MC15ri_etaetapip_tight_v2_240419_Kp_BCS_etapi0const/bsub_log//MC15ri_etapip_gg_fitv6_toyMC_100_15.log"> in cluster <centralcluster> Exited

Job <bash -c "basf2 etapip_gg_fit_v6_toymc_100.py 15 > /home/belle2/jaeyoung/storage_ghi/Ntuples_ghi_2/MC15ri_generic/MC15ri_etaetapip_tight_v2_240419_Kp_BCS_etapi0const/bsub_log//MC15ri_etapip_gg_fitv6_toyMC_100_15.log"> was submitted from host <ccw02> by user <jaeyoung> in cluster <centralcluster> at Wed Jul 10 21:10:40 2024
Job was executed on host(s) <ccb206>, in queue <h>, as user <jaeyoung> in cluster <centralcluster> at Wed Jul 10 21:10:46 2024
</home/belle2/jaeyoung> was used as the home directory.
</home/belle2/jaeyoung/workspace/DRAW_and_FITTING/main/FITTING/etapip/MC15ri_generic/tight_v2_fit_v6/ToyMC> was used as the working directory.
Started at Wed Jul 10 21:10:46 2024
Terminated at Wed Jul 10 21:11:26 2024
Results reported at Wed Jul 10 21:11:26 2024

Your job looked like:

------------------------------------------------------------
# LSBATCH: User input
bash -c "basf2 etapip_gg_fit_v6_toymc_100.py 15 > /home/belle2/jaeyoung/storage_ghi/Ntuples_ghi_2/MC15ri_generic/MC15ri_etaetapip_tight_v2_240419_Kp_BCS_etapi0const/bsub_log//MC15ri_etapip_gg_fitv6_toyMC_100_15.log"
------------------------------------------------------------

Exited with exit code 129.

Resource usage summary:

    CPU time :                                   28.34 sec.
    Max Memory :                                 449 MB
    Average Memory :                             200.00 MB
    Total Requested Memory :                     4000.00 MB
    Delta Memory :                               3551.00 MB
    Max Swap :                                   -
    Max Processes :                              9
    Max Threads :                                50
    Run time :                                   40 sec.
    Turnaround time :                            46 sec.

The output (if any) follows:



PS:

Read file <15.err> for stderr output of this job.

Sender: LSF System <lsfadmin@ccb031>
Subject: Job 47535898: <bash -c "basf2 etapip_gg_fit_v6_toymc_100.py 15 > /home/belle2/jaeyoung/storage_ghi/Ntuples_ghi_2/MC15ri_generic/MC15ri_etaetapip_tight_v2_240419_Kp_BCS_etapi0const/bsub_log//MC15ri_etapip_gg_fitv6_toyMC_100_15.log"> in cluster <centralcluster> Exited

Job <bash -c "basf2 etapip_gg_fit_v6_toymc_100.py 15 > /home/belle2/jaeyoung/storage_ghi/Ntuples_ghi_2/MC15ri_generic/MC15ri_etaetapip_tight_v2_240419_Kp_BCS_etapi0const/bsub_log//MC15ri_etapip_gg_fitv6_toyMC_100_15.log"> was submitted from host <ccw02> by user <jaeyoung> in cluster <centralcluster> at Wed Jul 10 21:14:15 2024
Job was executed on host(s) <ccb031>, in queue <h>, as user <jaeyoung> in cluster <centralcluster> at Wed Jul 10 21:14:16 2024
</home/belle2/jaeyoung> was used as the home directory.
</home/belle2/jaeyoung/workspace/DRAW_and_FITTING/main/FITTING/etapip/MC15ri_generic/tight_v2_fit_v6/ToyMC> was used as the working directory.
Started at Wed Jul 10 21:14:16 2024
Terminated at Wed Jul 10 21:14:49 2024
Results reported at Wed Jul 10 21:14:49 2024

Your job looked like:

------------------------------------------------------------
# LSBATCH: User input
bash -c "basf2 etapip_gg_fit_v6_toymc_100.py 15 > /home/belle2/jaeyoung/storage_ghi/Ntuples_ghi_2/MC15ri_generic/MC15ri_etaetapip_tight_v2_240419_Kp_BCS_etapi0const/bsub_log//MC15ri_etapip_gg_fitv6_toyMC_100_15.log"
------------------------------------------------------------

Exited with exit code 129.

Resource usage summary:

    CPU time :                                   26.59 sec.
    Max Memory :                                 449 MB
    Average Memory :                             323.17 MB
    Total Requested Memory :                     4000.00 MB
    Delta Memory :                               3551.00 MB
    Max Swap :                                   -
    Max Processes :                              9
    Max Threads :                                50
    Run time :                                   33 sec.
    Turnaround time :                            34 sec.

The output (if any) follows:



PS:

Read file <15.err> for stderr output of this job.

Sender: LSF System <lsfadmin@ccb166>
Subject: Job 47537849: <bash -c "basf2 etapip_gg_fit_v6_toymc_100.py 15 > /home/belle2/jaeyoung/storage_ghi/Ntuples_ghi_2/MC15ri_generic/MC15ri_etaetapip_tight_v2_240419_Kp_BCS_etapi0const/bsub_log//MC15ri_etapip_gg_fitv6_toyMC_100_15.log"> in cluster <centralcluster> Done

Job <bash -c "basf2 etapip_gg_fit_v6_toymc_100.py 15 > /home/belle2/jaeyoung/storage_ghi/Ntuples_ghi_2/MC15ri_generic/MC15ri_etaetapip_tight_v2_240419_Kp_BCS_etapi0const/bsub_log//MC15ri_etapip_gg_fitv6_toyMC_100_15.log"> was submitted from host <ccw02> by user <jaeyoung> in cluster <centralcluster> at Wed Jul 10 21:16:21 2024
Job was executed on host(s) <ccb166>, in queue <h>, as user <jaeyoung> in cluster <centralcluster> at Wed Jul 10 21:16:28 2024
</home/belle2/jaeyoung> was used as the home directory.
</home/belle2/jaeyoung/workspace/DRAW_and_FITTING/main/FITTING/etapip/MC15ri_generic/tight_v2_fit_v6/ToyMC> was used as the working directory.
Started at Wed Jul 10 21:16:28 2024
Terminated at Wed Jul 10 22:07:53 2024
Results reported at Wed Jul 10 22:07:53 2024

Your job looked like:

------------------------------------------------------------
# LSBATCH: User input
bash -c "basf2 etapip_gg_fit_v6_toymc_100.py 15 > /home/belle2/jaeyoung/storage_ghi/Ntuples_ghi_2/MC15ri_generic/MC15ri_etaetapip_tight_v2_240419_Kp_BCS_etapi0const/bsub_log//MC15ri_etapip_gg_fitv6_toyMC_100_15.log"
------------------------------------------------------------

Successfully completed.

Resource usage summary:

    CPU time :                                   3038.16 sec.
    Max Memory :                                 1280 MB
    Average Memory :                             1186.45 MB
    Total Requested Memory :                     4000.00 MB
    Delta Memory :                               2720.00 MB
    Max Swap :                                   -
    Max Processes :                              19
    Max Threads :                                20
    Run time :                                   3086 sec.
    Turnaround time :                            3092 sec.

The output (if any) follows:



PS:

Read file <15.err> for stderr output of this job.

Sender: LSF System <lsfadmin@ccb097>
Subject: Job 47967191: <bash -c "basf2 etapip_gg_fit_v6_toymc_100.py 15 > /home/belle2/jaeyoung/storage_ghi/Ntuples_ghi_2/MC15ri_generic/MC15ri_etaetapip_tight_v2_240419_Kp_BCS_etapi0const/bsub_log//MC15ri_etapip_gg_fitv6_toyMC_100_15.log"> in cluster <centralcluster> Exited

Job <bash -c "basf2 etapip_gg_fit_v6_toymc_100.py 15 > /home/belle2/jaeyoung/storage_ghi/Ntuples_ghi_2/MC15ri_generic/MC15ri_etaetapip_tight_v2_240419_Kp_BCS_etapi0const/bsub_log//MC15ri_etapip_gg_fitv6_toyMC_100_15.log"> was submitted from host <ccw07> by user <jaeyoung> in cluster <centralcluster> at Thu Jul 11 15:26:50 2024
Job was executed on host(s) <ccb097>, in queue <h>, as user <jaeyoung> in cluster <centralcluster> at Thu Jul 11 15:26:52 2024
</home/belle2/jaeyoung> was used as the home directory.
</home/belle2/jaeyoung/workspace/DRAW_and_FITTING/main/FITTING/etapip/MC15ri_generic/tight_v2_fit_v6/ToyMC> was used as the working directory.
Started at Thu Jul 11 15:26:52 2024
Terminated at Thu Jul 11 15:27:18 2024
Results reported at Thu Jul 11 15:27:18 2024

Your job looked like:

------------------------------------------------------------
# LSBATCH: User input
bash -c "basf2 etapip_gg_fit_v6_toymc_100.py 15 > /home/belle2/jaeyoung/storage_ghi/Ntuples_ghi_2/MC15ri_generic/MC15ri_etaetapip_tight_v2_240419_Kp_BCS_etapi0const/bsub_log//MC15ri_etapip_gg_fitv6_toyMC_100_15.log"
------------------------------------------------------------

Exited with exit code 1.

Resource usage summary:

    CPU time :                                   15.10 sec.
    Max Memory :                                 459 MB
    Average Memory :                             343.60 MB
    Total Requested Memory :                     4000.00 MB
    Delta Memory :                               3541.00 MB
    Max Swap :                                   -
    Max Processes :                              9
    Max Threads :                                50
    Run time :                                   27 sec.
    Turnaround time :                            28 sec.

The output (if any) follows:



PS:

Read file <15.err> for stderr output of this job.

Sender: LSF System <lsfadmin@ccb122>
Subject: Job 47969000: <bash -c "basf2 etapip_gg_fit_v6_toymc_100.py 15 > /home/belle2/jaeyoung/storage_ghi/Ntuples_ghi_2/MC15ri_generic/MC15ri_etaetapip_tight_v2_240419_Kp_BCS_etapi0const/bsub_log//MC15ri_etapip_gg_fitv6_toyMC_100_15.log"> in cluster <centralcluster> Done

Job <bash -c "basf2 etapip_gg_fit_v6_toymc_100.py 15 > /home/belle2/jaeyoung/storage_ghi/Ntuples_ghi_2/MC15ri_generic/MC15ri_etaetapip_tight_v2_240419_Kp_BCS_etapi0const/bsub_log//MC15ri_etapip_gg_fitv6_toyMC_100_15.log"> was submitted from host <ccw07> by user <jaeyoung> in cluster <centralcluster> at Thu Jul 11 15:29:03 2024
Job was executed on host(s) <ccb122>, in queue <h>, as user <jaeyoung> in cluster <centralcluster> at Thu Jul 11 15:29:05 2024
</home/belle2/jaeyoung> was used as the home directory.
</home/belle2/jaeyoung/workspace/DRAW_and_FITTING/main/FITTING/etapip/MC15ri_generic/tight_v2_fit_v6/ToyMC> was used as the working directory.
Started at Thu Jul 11 15:29:05 2024
Terminated at Thu Jul 11 16:37:15 2024
Results reported at Thu Jul 11 16:37:15 2024

Your job looked like:

------------------------------------------------------------
# LSBATCH: User input
bash -c "basf2 etapip_gg_fit_v6_toymc_100.py 15 > /home/belle2/jaeyoung/storage_ghi/Ntuples_ghi_2/MC15ri_generic/MC15ri_etaetapip_tight_v2_240419_Kp_BCS_etapi0const/bsub_log//MC15ri_etapip_gg_fitv6_toyMC_100_15.log"
------------------------------------------------------------

Successfully completed.

Resource usage summary:

    CPU time :                                   4062.11 sec.
    Max Memory :                                 1290 MB
    Average Memory :                             1032.08 MB
    Total Requested Memory :                     4000.00 MB
    Delta Memory :                               2710.00 MB
    Max Swap :                                   -
    Max Processes :                              19
    Max Threads :                                20
    Run time :                                   4090 sec.
    Turnaround time :                            4092 sec.

The output (if any) follows:



PS:

Read file <15.err> for stderr output of this job.

