Sender: LSF System <lsfadmin@ccb013>
Subject: Job 47532749: <bash -c "basf2 etapip_gg_fit_v6_toymc_100.py 17 > /home/belle2/jaeyoung/storage_ghi/Ntuples_ghi_2/MC15ri_generic/MC15ri_etaetapip_tight_v2_240419_Kp_BCS_etapi0const/bsub_log//MC15ri_etapip_gg_fitv6_toyMC_100_17.log"> in cluster <centralcluster> Exited

Job <bash -c "basf2 etapip_gg_fit_v6_toymc_100.py 17 > /home/belle2/jaeyoung/storage_ghi/Ntuples_ghi_2/MC15ri_generic/MC15ri_etaetapip_tight_v2_240419_Kp_BCS_etapi0const/bsub_log//MC15ri_etapip_gg_fitv6_toyMC_100_17.log"> was submitted from host <ccw02> by user <jaeyoung> in cluster <centralcluster> at Wed Jul 10 21:10:42 2024
Job was executed on host(s) <ccb013>, in queue <h>, as user <jaeyoung> in cluster <centralcluster> at Wed Jul 10 21:10:52 2024
</home/belle2/jaeyoung> was used as the home directory.
</home/belle2/jaeyoung/workspace/DRAW_and_FITTING/main/FITTING/etapip/MC15ri_generic/tight_v2_fit_v6/ToyMC> was used as the working directory.
Started at Wed Jul 10 21:10:52 2024
Terminated at Wed Jul 10 21:11:40 2024
Results reported at Wed Jul 10 21:11:40 2024

Your job looked like:

------------------------------------------------------------
# LSBATCH: User input
bash -c "basf2 etapip_gg_fit_v6_toymc_100.py 17 > /home/belle2/jaeyoung/storage_ghi/Ntuples_ghi_2/MC15ri_generic/MC15ri_etaetapip_tight_v2_240419_Kp_BCS_etapi0const/bsub_log//MC15ri_etapip_gg_fitv6_toyMC_100_17.log"
------------------------------------------------------------

Exited with exit code 129.

Resource usage summary:

    CPU time :                                   32.61 sec.
    Max Memory :                                 454 MB
    Average Memory :                             325.75 MB
    Total Requested Memory :                     4000.00 MB
    Delta Memory :                               3546.00 MB
    Max Swap :                                   -
    Max Processes :                              9
    Max Threads :                                50
    Run time :                                   47 sec.
    Turnaround time :                            58 sec.

The output (if any) follows:



PS:

Read file <17.err> for stderr output of this job.

Sender: LSF System <lsfadmin@ccb200>
Subject: Job 47535910: <bash -c "basf2 etapip_gg_fit_v6_toymc_100.py 17 > /home/belle2/jaeyoung/storage_ghi/Ntuples_ghi_2/MC15ri_generic/MC15ri_etaetapip_tight_v2_240419_Kp_BCS_etapi0const/bsub_log//MC15ri_etapip_gg_fitv6_toyMC_100_17.log"> in cluster <centralcluster> Exited

Job <bash -c "basf2 etapip_gg_fit_v6_toymc_100.py 17 > /home/belle2/jaeyoung/storage_ghi/Ntuples_ghi_2/MC15ri_generic/MC15ri_etaetapip_tight_v2_240419_Kp_BCS_etapi0const/bsub_log//MC15ri_etapip_gg_fitv6_toyMC_100_17.log"> was submitted from host <ccw02> by user <jaeyoung> in cluster <centralcluster> at Wed Jul 10 21:14:16 2024
Job was executed on host(s) <ccb200>, in queue <h>, as user <jaeyoung> in cluster <centralcluster> at Wed Jul 10 21:14:17 2024
</home/belle2/jaeyoung> was used as the home directory.
</home/belle2/jaeyoung/workspace/DRAW_and_FITTING/main/FITTING/etapip/MC15ri_generic/tight_v2_fit_v6/ToyMC> was used as the working directory.
Started at Wed Jul 10 21:14:17 2024
Terminated at Wed Jul 10 21:14:50 2024
Results reported at Wed Jul 10 21:14:50 2024

Your job looked like:

------------------------------------------------------------
# LSBATCH: User input
bash -c "basf2 etapip_gg_fit_v6_toymc_100.py 17 > /home/belle2/jaeyoung/storage_ghi/Ntuples_ghi_2/MC15ri_generic/MC15ri_etaetapip_tight_v2_240419_Kp_BCS_etapi0const/bsub_log//MC15ri_etapip_gg_fitv6_toyMC_100_17.log"
------------------------------------------------------------

Exited with exit code 129.

Resource usage summary:

    CPU time :                                   26.90 sec.
    Max Memory :                                 449 MB
    Average Memory :                             347.86 MB
    Total Requested Memory :                     4000.00 MB
    Delta Memory :                               3551.00 MB
    Max Swap :                                   -
    Max Processes :                              9
    Max Threads :                                50
    Run time :                                   32 sec.
    Turnaround time :                            34 sec.

The output (if any) follows:



PS:

Read file <17.err> for stderr output of this job.

Sender: LSF System <lsfadmin@ccb202>
Subject: Job 47537862: <bash -c "basf2 etapip_gg_fit_v6_toymc_100.py 17 > /home/belle2/jaeyoung/storage_ghi/Ntuples_ghi_2/MC15ri_generic/MC15ri_etaetapip_tight_v2_240419_Kp_BCS_etapi0const/bsub_log//MC15ri_etapip_gg_fitv6_toyMC_100_17.log"> in cluster <centralcluster> Done

Job <bash -c "basf2 etapip_gg_fit_v6_toymc_100.py 17 > /home/belle2/jaeyoung/storage_ghi/Ntuples_ghi_2/MC15ri_generic/MC15ri_etaetapip_tight_v2_240419_Kp_BCS_etapi0const/bsub_log//MC15ri_etapip_gg_fitv6_toyMC_100_17.log"> was submitted from host <ccw02> by user <jaeyoung> in cluster <centralcluster> at Wed Jul 10 21:16:22 2024
Job was executed on host(s) <ccb202>, in queue <h>, as user <jaeyoung> in cluster <centralcluster> at Wed Jul 10 21:16:29 2024
</home/belle2/jaeyoung> was used as the home directory.
</home/belle2/jaeyoung/workspace/DRAW_and_FITTING/main/FITTING/etapip/MC15ri_generic/tight_v2_fit_v6/ToyMC> was used as the working directory.
Started at Wed Jul 10 21:16:29 2024
Terminated at Wed Jul 10 22:09:49 2024
Results reported at Wed Jul 10 22:09:49 2024

Your job looked like:

------------------------------------------------------------
# LSBATCH: User input
bash -c "basf2 etapip_gg_fit_v6_toymc_100.py 17 > /home/belle2/jaeyoung/storage_ghi/Ntuples_ghi_2/MC15ri_generic/MC15ri_etaetapip_tight_v2_240419_Kp_BCS_etapi0const/bsub_log//MC15ri_etapip_gg_fitv6_toyMC_100_17.log"
------------------------------------------------------------

Successfully completed.

Resource usage summary:

    CPU time :                                   3101.71 sec.
    Max Memory :                                 1280 MB
    Average Memory :                             1187.55 MB
    Total Requested Memory :                     4000.00 MB
    Delta Memory :                               2720.00 MB
    Max Swap :                                   -
    Max Processes :                              19
    Max Threads :                                20
    Run time :                                   3200 sec.
    Turnaround time :                            3207 sec.

The output (if any) follows:



PS:

Read file <17.err> for stderr output of this job.

Sender: LSF System <lsfadmin@ccb204>
Subject: Job 47967203: <bash -c "basf2 etapip_gg_fit_v6_toymc_100.py 17 > /home/belle2/jaeyoung/storage_ghi/Ntuples_ghi_2/MC15ri_generic/MC15ri_etaetapip_tight_v2_240419_Kp_BCS_etapi0const/bsub_log//MC15ri_etapip_gg_fitv6_toyMC_100_17.log"> in cluster <centralcluster> Exited

Job <bash -c "basf2 etapip_gg_fit_v6_toymc_100.py 17 > /home/belle2/jaeyoung/storage_ghi/Ntuples_ghi_2/MC15ri_generic/MC15ri_etaetapip_tight_v2_240419_Kp_BCS_etapi0const/bsub_log//MC15ri_etapip_gg_fitv6_toyMC_100_17.log"> was submitted from host <ccw07> by user <jaeyoung> in cluster <centralcluster> at Thu Jul 11 15:26:51 2024
Job was executed on host(s) <ccb204>, in queue <h>, as user <jaeyoung> in cluster <centralcluster> at Thu Jul 11 15:26:53 2024
</home/belle2/jaeyoung> was used as the home directory.
</home/belle2/jaeyoung/workspace/DRAW_and_FITTING/main/FITTING/etapip/MC15ri_generic/tight_v2_fit_v6/ToyMC> was used as the working directory.
Started at Thu Jul 11 15:26:53 2024
Terminated at Thu Jul 11 15:27:15 2024
Results reported at Thu Jul 11 15:27:15 2024

Your job looked like:

------------------------------------------------------------
# LSBATCH: User input
bash -c "basf2 etapip_gg_fit_v6_toymc_100.py 17 > /home/belle2/jaeyoung/storage_ghi/Ntuples_ghi_2/MC15ri_generic/MC15ri_etaetapip_tight_v2_240419_Kp_BCS_etapi0const/bsub_log//MC15ri_etapip_gg_fitv6_toyMC_100_17.log"
------------------------------------------------------------

Exited with exit code 1.

Resource usage summary:

    CPU time :                                   15.50 sec.
    Max Memory :                                 449 MB
    Average Memory :                             334.20 MB
    Total Requested Memory :                     4000.00 MB
    Delta Memory :                               3551.00 MB
    Max Swap :                                   -
    Max Processes :                              9
    Max Threads :                                50
    Run time :                                   22 sec.
    Turnaround time :                            24 sec.

The output (if any) follows:



PS:

Read file <17.err> for stderr output of this job.

Sender: LSF System <lsfadmin@ccb281>
Subject: Job 47969012: <bash -c "basf2 etapip_gg_fit_v6_toymc_100.py 17 > /home/belle2/jaeyoung/storage_ghi/Ntuples_ghi_2/MC15ri_generic/MC15ri_etaetapip_tight_v2_240419_Kp_BCS_etapi0const/bsub_log//MC15ri_etapip_gg_fitv6_toyMC_100_17.log"> in cluster <centralcluster> Done

Job <bash -c "basf2 etapip_gg_fit_v6_toymc_100.py 17 > /home/belle2/jaeyoung/storage_ghi/Ntuples_ghi_2/MC15ri_generic/MC15ri_etaetapip_tight_v2_240419_Kp_BCS_etapi0const/bsub_log//MC15ri_etapip_gg_fitv6_toyMC_100_17.log"> was submitted from host <ccw07> by user <jaeyoung> in cluster <centralcluster> at Thu Jul 11 15:29:03 2024
Job was executed on host(s) <ccb281>, in queue <h>, as user <jaeyoung> in cluster <centralcluster> at Thu Jul 11 15:29:05 2024
</home/belle2/jaeyoung> was used as the home directory.
</home/belle2/jaeyoung/workspace/DRAW_and_FITTING/main/FITTING/etapip/MC15ri_generic/tight_v2_fit_v6/ToyMC> was used as the working directory.
Started at Thu Jul 11 15:29:05 2024
Terminated at Thu Jul 11 16:34:21 2024
Results reported at Thu Jul 11 16:34:21 2024

Your job looked like:

------------------------------------------------------------
# LSBATCH: User input
bash -c "basf2 etapip_gg_fit_v6_toymc_100.py 17 > /home/belle2/jaeyoung/storage_ghi/Ntuples_ghi_2/MC15ri_generic/MC15ri_etaetapip_tight_v2_240419_Kp_BCS_etapi0const/bsub_log//MC15ri_etapip_gg_fitv6_toyMC_100_17.log"
------------------------------------------------------------

Successfully completed.

Resource usage summary:

    CPU time :                                   3862.06 sec.
    Max Memory :                                 1282 MB
    Average Memory :                             1005.89 MB
    Total Requested Memory :                     4000.00 MB
    Delta Memory :                               2718.00 MB
    Max Swap :                                   -
    Max Processes :                              19
    Max Threads :                                20
    Run time :                                   3917 sec.
    Turnaround time :                            3918 sec.

The output (if any) follows:



PS:

Read file <17.err> for stderr output of this job.

