Sender: LSF System <lsfadmin@ccb216>
Subject: Job 26252837: <bash -c "basf2 etapip_gg_fit_v6_toymc_100.py 19 > /home/belle2/jaeyoung/storage_ghi/Ntuples_ghi_2/MC15ri_generic/MC15ri_etaetapip_tight_v2_240419_Kp_BCS_etapi0const/bsub_log//MC15ri_etapip_gg_fitv6_toyMC_100_19.log"> in cluster <centralcluster> Exited

Job <bash -c "basf2 etapip_gg_fit_v6_toymc_100.py 19 > /home/belle2/jaeyoung/storage_ghi/Ntuples_ghi_2/MC15ri_generic/MC15ri_etaetapip_tight_v2_240419_Kp_BCS_etapi0const/bsub_log//MC15ri_etapip_gg_fitv6_toyMC_100_19.log"> was submitted from host <ccw03> by user <jaeyoung> in cluster <centralcluster> at Thu Jun 13 23:19:09 2024
Job was executed on host(s) <ccb216>, in queue <h>, as user <jaeyoung> in cluster <centralcluster> at Thu Jun 13 23:19:09 2024
</home/belle2/jaeyoung> was used as the home directory.
</home/belle2/jaeyoung/workspace/DRAW_and_FITTING/main/FITTING/etapip/MC15ri_generic/tight_v2_fit_v6/ToyMC> was used as the working directory.
Started at Thu Jun 13 23:19:09 2024
Terminated at Thu Jun 13 23:21:00 2024
Results reported at Thu Jun 13 23:21:00 2024

Your job looked like:

------------------------------------------------------------
# LSBATCH: User input
bash -c "basf2 etapip_gg_fit_v6_toymc_100.py 19 > /home/belle2/jaeyoung/storage_ghi/Ntuples_ghi_2/MC15ri_generic/MC15ri_etaetapip_tight_v2_240419_Kp_BCS_etapi0const/bsub_log//MC15ri_etapip_gg_fitv6_toyMC_100_19.log"
------------------------------------------------------------

TERM_PROCESSLIMIT: job killed after reaching LSF process limit.
Exited with exit code 143.

Resource usage summary:

    CPU time :                                   105.00 sec.
    Max Memory :                                 371 MB
    Average Memory :                             216.18 MB
    Total Requested Memory :                     4000.00 MB
    Delta Memory :                               3629.00 MB
    Max Swap :                                   -
    Max Processes :                              34
    Max Threads :                                35
    Run time :                                   108 sec.
    Turnaround time :                            111 sec.

The output (if any) follows:



PS:

Read file <19.err> for stderr output of this job.

Sender: LSF System <lsfadmin@ccb085>
Subject: Job 26269879: <bash -c "basf2 etapip_gg_fit_v6_toymc_100.py 19 > /home/belle2/jaeyoung/storage_ghi/Ntuples_ghi_2/MC15ri_generic/MC15ri_etaetapip_tight_v2_240419_Kp_BCS_etapi0const/bsub_log//MC15ri_etapip_gg_fitv6_toyMC_100_19.log"> in cluster <centralcluster> Exited

Job <bash -c "basf2 etapip_gg_fit_v6_toymc_100.py 19 > /home/belle2/jaeyoung/storage_ghi/Ntuples_ghi_2/MC15ri_generic/MC15ri_etaetapip_tight_v2_240419_Kp_BCS_etapi0const/bsub_log//MC15ri_etapip_gg_fitv6_toyMC_100_19.log"> was submitted from host <ccw03> by user <jaeyoung> in cluster <centralcluster> at Thu Jun 13 23:34:20 2024
Job was executed on host(s) <ccb085>, in queue <h>, as user <jaeyoung> in cluster <centralcluster> at Thu Jun 13 23:34:21 2024
</home/belle2/jaeyoung> was used as the home directory.
</home/belle2/jaeyoung/workspace/DRAW_and_FITTING/main/FITTING/etapip/MC15ri_generic/tight_v2_fit_v6/ToyMC> was used as the working directory.
Started at Thu Jun 13 23:34:21 2024
Terminated at Thu Jun 13 23:35:57 2024
Results reported at Thu Jun 13 23:35:57 2024

Your job looked like:

------------------------------------------------------------
# LSBATCH: User input
bash -c "basf2 etapip_gg_fit_v6_toymc_100.py 19 > /home/belle2/jaeyoung/storage_ghi/Ntuples_ghi_2/MC15ri_generic/MC15ri_etaetapip_tight_v2_240419_Kp_BCS_etapi0const/bsub_log//MC15ri_etapip_gg_fitv6_toyMC_100_19.log"
------------------------------------------------------------

TERM_PROCESSLIMIT: job killed after reaching LSF process limit.
Exited with exit code 143.

Resource usage summary:

    CPU time :                                   94.00 sec.
    Max Memory :                                 319 MB
    Average Memory :                             199.50 MB
    Total Requested Memory :                     4000.00 MB
    Delta Memory :                               3681.00 MB
    Max Swap :                                   -
    Max Processes :                              24
    Max Threads :                                25
    Run time :                                   95 sec.
    Turnaround time :                            97 sec.

The output (if any) follows:



PS:

Read file <19.err> for stderr output of this job.

Sender: LSF System <lsfadmin@ccb136>
Subject: Job 26275242: <bash -c "basf2 etapip_gg_fit_v6_toymc_100.py 19 > /home/belle2/jaeyoung/storage_ghi/Ntuples_ghi_2/MC15ri_generic/MC15ri_etaetapip_tight_v2_240419_Kp_BCS_etapi0const/bsub_log//MC15ri_etapip_gg_fitv6_toyMC_100_19.log"> in cluster <centralcluster> Done

Job <bash -c "basf2 etapip_gg_fit_v6_toymc_100.py 19 > /home/belle2/jaeyoung/storage_ghi/Ntuples_ghi_2/MC15ri_generic/MC15ri_etaetapip_tight_v2_240419_Kp_BCS_etapi0const/bsub_log//MC15ri_etapip_gg_fitv6_toyMC_100_19.log"> was submitted from host <ccw03> by user <jaeyoung> in cluster <centralcluster> at Thu Jun 13 23:44:36 2024
Job was executed on host(s) <ccb136>, in queue <h>, as user <jaeyoung> in cluster <centralcluster> at Thu Jun 13 23:44:37 2024
</home/belle2/jaeyoung> was used as the home directory.
</home/belle2/jaeyoung/workspace/DRAW_and_FITTING/main/FITTING/etapip/MC15ri_generic/tight_v2_fit_v6/ToyMC> was used as the working directory.
Started at Thu Jun 13 23:44:37 2024
Terminated at Fri Jun 14 00:03:16 2024
Results reported at Fri Jun 14 00:03:16 2024

Your job looked like:

------------------------------------------------------------
# LSBATCH: User input
bash -c "basf2 etapip_gg_fit_v6_toymc_100.py 19 > /home/belle2/jaeyoung/storage_ghi/Ntuples_ghi_2/MC15ri_generic/MC15ri_etaetapip_tight_v2_240419_Kp_BCS_etapi0const/bsub_log//MC15ri_etapip_gg_fitv6_toyMC_100_19.log"
------------------------------------------------------------

Successfully completed.

Resource usage summary:

    CPU time :                                   1115.19 sec.
    Max Memory :                                 296 MB
    Average Memory :                             271.43 MB
    Total Requested Memory :                     4000.00 MB
    Delta Memory :                               3704.00 MB
    Max Swap :                                   -
    Max Processes :                              19
    Max Threads :                                20
    Run time :                                   1119 sec.
    Turnaround time :                            1120 sec.

The output (if any) follows:



PS:

Read file <19.err> for stderr output of this job.

Sender: LSF System <lsfadmin@ccb150>
Subject: Job 26296865: <bash -c "basf2 etapip_gg_fit_v6_toymc_100.py 19 > /home/belle2/jaeyoung/storage_ghi/Ntuples_ghi_2/MC15ri_generic/MC15ri_etaetapip_tight_v2_240419_Kp_BCS_etapi0const/bsub_log//MC15ri_etapip_gg_fitv6_toyMC_100_19.log"> in cluster <centralcluster> Done

Job <bash -c "basf2 etapip_gg_fit_v6_toymc_100.py 19 > /home/belle2/jaeyoung/storage_ghi/Ntuples_ghi_2/MC15ri_generic/MC15ri_etaetapip_tight_v2_240419_Kp_BCS_etapi0const/bsub_log//MC15ri_etapip_gg_fitv6_toyMC_100_19.log"> was submitted from host <ccw03> by user <jaeyoung> in cluster <centralcluster> at Fri Jun 14 00:18:34 2024
Job was executed on host(s) <ccb150>, in queue <h>, as user <jaeyoung> in cluster <centralcluster> at Fri Jun 14 00:18:35 2024
</home/belle2/jaeyoung> was used as the home directory.
</home/belle2/jaeyoung/workspace/DRAW_and_FITTING/main/FITTING/etapip/MC15ri_generic/tight_v2_fit_v6/ToyMC> was used as the working directory.
Started at Fri Jun 14 00:18:35 2024
Terminated at Fri Jun 14 02:12:15 2024
Results reported at Fri Jun 14 02:12:15 2024

Your job looked like:

------------------------------------------------------------
# LSBATCH: User input
bash -c "basf2 etapip_gg_fit_v6_toymc_100.py 19 > /home/belle2/jaeyoung/storage_ghi/Ntuples_ghi_2/MC15ri_generic/MC15ri_etaetapip_tight_v2_240419_Kp_BCS_etapi0const/bsub_log//MC15ri_etapip_gg_fitv6_toyMC_100_19.log"
------------------------------------------------------------

Successfully completed.

Resource usage summary:

    CPU time :                                   6432.72 sec.
    Max Memory :                                 1327 MB
    Average Memory :                             645.62 MB
    Total Requested Memory :                     4000.00 MB
    Delta Memory :                               2673.00 MB
    Max Swap :                                   -
    Max Processes :                              19
    Max Threads :                                20
    Run time :                                   6820 sec.
    Turnaround time :                            6821 sec.

The output (if any) follows:



PS:

Read file <19.err> for stderr output of this job.

Sender: LSF System <lsfadmin@ccb269>
Subject: Job 26431754: <bash -c "basf2 etapip_gg_fit_v6_toymc_100.py 19 > /home/belle2/jaeyoung/storage_ghi/Ntuples_ghi_2/MC15ri_generic/MC15ri_etaetapip_tight_v2_240419_Kp_BCS_etapi0const/bsub_log//MC15ri_etapip_gg_fitv6_toyMC_100_19.log"> in cluster <centralcluster> Done

Job <bash -c "basf2 etapip_gg_fit_v6_toymc_100.py 19 > /home/belle2/jaeyoung/storage_ghi/Ntuples_ghi_2/MC15ri_generic/MC15ri_etaetapip_tight_v2_240419_Kp_BCS_etapi0const/bsub_log//MC15ri_etapip_gg_fitv6_toyMC_100_19.log"> was submitted from host <ccw03> by user <jaeyoung> in cluster <centralcluster> at Fri Jun 14 02:34:54 2024
Job was executed on host(s) <ccb269>, in queue <h>, as user <jaeyoung> in cluster <centralcluster> at Fri Jun 14 02:34:55 2024
</home/belle2/jaeyoung> was used as the home directory.
</home/belle2/jaeyoung/workspace/DRAW_and_FITTING/main/FITTING/etapip/MC15ri_generic/tight_v2_fit_v6/ToyMC> was used as the working directory.
Started at Fri Jun 14 02:34:55 2024
Terminated at Fri Jun 14 04:26:46 2024
Results reported at Fri Jun 14 04:26:46 2024

Your job looked like:

------------------------------------------------------------
# LSBATCH: User input
bash -c "basf2 etapip_gg_fit_v6_toymc_100.py 19 > /home/belle2/jaeyoung/storage_ghi/Ntuples_ghi_2/MC15ri_generic/MC15ri_etaetapip_tight_v2_240419_Kp_BCS_etapi0const/bsub_log//MC15ri_etapip_gg_fitv6_toyMC_100_19.log"
------------------------------------------------------------

Successfully completed.

Resource usage summary:

    CPU time :                                   6162.86 sec.
    Max Memory :                                 1337 MB
    Average Memory :                             654.94 MB
    Total Requested Memory :                     4000.00 MB
    Delta Memory :                               2663.00 MB
    Max Swap :                                   -
    Max Processes :                              19
    Max Threads :                                20
    Run time :                                   6711 sec.
    Turnaround time :                            6712 sec.

The output (if any) follows:



PS:

Read file <19.err> for stderr output of this job.

