Sender: LSF System <lsfadmin@ccb216>
Subject: Job 26252839: <bash -c "basf2 etapip_gg_fit_v6_toymc_100.py 21 > /home/belle2/jaeyoung/storage_ghi/Ntuples_ghi_2/MC15ri_generic/MC15ri_etaetapip_tight_v2_240419_Kp_BCS_etapi0const/bsub_log//MC15ri_etapip_gg_fitv6_toyMC_100_21.log"> in cluster <centralcluster> Exited

Job <bash -c "basf2 etapip_gg_fit_v6_toymc_100.py 21 > /home/belle2/jaeyoung/storage_ghi/Ntuples_ghi_2/MC15ri_generic/MC15ri_etaetapip_tight_v2_240419_Kp_BCS_etapi0const/bsub_log//MC15ri_etapip_gg_fitv6_toyMC_100_21.log"> was submitted from host <ccw03> by user <jaeyoung> in cluster <centralcluster> at Thu Jun 13 23:19:10 2024
Job was executed on host(s) <ccb216>, in queue <h>, as user <jaeyoung> in cluster <centralcluster> at Thu Jun 13 23:19:11 2024
</home/belle2/jaeyoung> was used as the home directory.
</home/belle2/jaeyoung/workspace/DRAW_and_FITTING/main/FITTING/etapip/MC15ri_generic/tight_v2_fit_v6/ToyMC> was used as the working directory.
Started at Thu Jun 13 23:19:11 2024
Terminated at Thu Jun 13 23:20:59 2024
Results reported at Thu Jun 13 23:20:59 2024

Your job looked like:

------------------------------------------------------------
# LSBATCH: User input
bash -c "basf2 etapip_gg_fit_v6_toymc_100.py 21 > /home/belle2/jaeyoung/storage_ghi/Ntuples_ghi_2/MC15ri_generic/MC15ri_etaetapip_tight_v2_240419_Kp_BCS_etapi0const/bsub_log//MC15ri_etapip_gg_fitv6_toyMC_100_21.log"
------------------------------------------------------------

TERM_PROCESSLIMIT: job killed after reaching LSF process limit.
Exited with exit code 130.

Resource usage summary:

    CPU time :                                   103.00 sec.
    Max Memory :                                 355 MB
    Average Memory :                             203.12 MB
    Total Requested Memory :                     4000.00 MB
    Delta Memory :                               3645.00 MB
    Max Swap :                                   -
    Max Processes :                              34
    Max Threads :                                35
    Run time :                                   106 sec.
    Turnaround time :                            109 sec.

The output (if any) follows:



PS:

Read file <21.err> for stderr output of this job.

Sender: LSF System <lsfadmin@ccb121>
Subject: Job 26269881: <bash -c "basf2 etapip_gg_fit_v6_toymc_100.py 21 > /home/belle2/jaeyoung/storage_ghi/Ntuples_ghi_2/MC15ri_generic/MC15ri_etaetapip_tight_v2_240419_Kp_BCS_etapi0const/bsub_log//MC15ri_etapip_gg_fitv6_toyMC_100_21.log"> in cluster <centralcluster> Exited

Job <bash -c "basf2 etapip_gg_fit_v6_toymc_100.py 21 > /home/belle2/jaeyoung/storage_ghi/Ntuples_ghi_2/MC15ri_generic/MC15ri_etaetapip_tight_v2_240419_Kp_BCS_etapi0const/bsub_log//MC15ri_etapip_gg_fitv6_toyMC_100_21.log"> was submitted from host <ccw03> by user <jaeyoung> in cluster <centralcluster> at Thu Jun 13 23:34:22 2024
Job was executed on host(s) <ccb121>, in queue <h>, as user <jaeyoung> in cluster <centralcluster> at Thu Jun 13 23:34:23 2024
</home/belle2/jaeyoung> was used as the home directory.
</home/belle2/jaeyoung/workspace/DRAW_and_FITTING/main/FITTING/etapip/MC15ri_generic/tight_v2_fit_v6/ToyMC> was used as the working directory.
Started at Thu Jun 13 23:34:23 2024
Terminated at Thu Jun 13 23:35:59 2024
Results reported at Thu Jun 13 23:35:59 2024

Your job looked like:

------------------------------------------------------------
# LSBATCH: User input
bash -c "basf2 etapip_gg_fit_v6_toymc_100.py 21 > /home/belle2/jaeyoung/storage_ghi/Ntuples_ghi_2/MC15ri_generic/MC15ri_etaetapip_tight_v2_240419_Kp_BCS_etapi0const/bsub_log//MC15ri_etapip_gg_fitv6_toyMC_100_21.log"
------------------------------------------------------------

TERM_PROCESSLIMIT: job killed after reaching LSF process limit.
Exited with exit code 143.

Resource usage summary:

    CPU time :                                   94.00 sec.
    Max Memory :                                 318 MB
    Average Memory :                             207.12 MB
    Total Requested Memory :                     4000.00 MB
    Delta Memory :                               3682.00 MB
    Max Swap :                                   -
    Max Processes :                              24
    Max Threads :                                25
    Run time :                                   98 sec.
    Turnaround time :                            97 sec.

The output (if any) follows:



PS:

Read file <21.err> for stderr output of this job.

Sender: LSF System <lsfadmin@ccb165>
Subject: Job 26275245: <bash -c "basf2 etapip_gg_fit_v6_toymc_100.py 21 > /home/belle2/jaeyoung/storage_ghi/Ntuples_ghi_2/MC15ri_generic/MC15ri_etaetapip_tight_v2_240419_Kp_BCS_etapi0const/bsub_log//MC15ri_etapip_gg_fitv6_toyMC_100_21.log"> in cluster <centralcluster> Done

Job <bash -c "basf2 etapip_gg_fit_v6_toymc_100.py 21 > /home/belle2/jaeyoung/storage_ghi/Ntuples_ghi_2/MC15ri_generic/MC15ri_etaetapip_tight_v2_240419_Kp_BCS_etapi0const/bsub_log//MC15ri_etapip_gg_fitv6_toyMC_100_21.log"> was submitted from host <ccw03> by user <jaeyoung> in cluster <centralcluster> at Thu Jun 13 23:44:38 2024
Job was executed on host(s) <ccb165>, in queue <h>, as user <jaeyoung> in cluster <centralcluster> at Thu Jun 13 23:44:38 2024
</home/belle2/jaeyoung> was used as the home directory.
</home/belle2/jaeyoung/workspace/DRAW_and_FITTING/main/FITTING/etapip/MC15ri_generic/tight_v2_fit_v6/ToyMC> was used as the working directory.
Started at Thu Jun 13 23:44:38 2024
Terminated at Fri Jun 14 00:03:57 2024
Results reported at Fri Jun 14 00:03:57 2024

Your job looked like:

------------------------------------------------------------
# LSBATCH: User input
bash -c "basf2 etapip_gg_fit_v6_toymc_100.py 21 > /home/belle2/jaeyoung/storage_ghi/Ntuples_ghi_2/MC15ri_generic/MC15ri_etaetapip_tight_v2_240419_Kp_BCS_etapi0const/bsub_log//MC15ri_etapip_gg_fitv6_toyMC_100_21.log"
------------------------------------------------------------

Successfully completed.

Resource usage summary:

    CPU time :                                   1154.05 sec.
    Max Memory :                                 297 MB
    Average Memory :                             271.57 MB
    Total Requested Memory :                     4000.00 MB
    Delta Memory :                               3703.00 MB
    Max Swap :                                   -
    Max Processes :                              19
    Max Threads :                                20
    Run time :                                   1163 sec.
    Turnaround time :                            1159 sec.

The output (if any) follows:



PS:

Read file <21.err> for stderr output of this job.

Sender: LSF System <lsfadmin@ccb194>
Subject: Job 26296873: <bash -c "basf2 etapip_gg_fit_v6_toymc_100.py 21 > /home/belle2/jaeyoung/storage_ghi/Ntuples_ghi_2/MC15ri_generic/MC15ri_etaetapip_tight_v2_240419_Kp_BCS_etapi0const/bsub_log//MC15ri_etapip_gg_fitv6_toyMC_100_21.log"> in cluster <centralcluster> Done

Job <bash -c "basf2 etapip_gg_fit_v6_toymc_100.py 21 > /home/belle2/jaeyoung/storage_ghi/Ntuples_ghi_2/MC15ri_generic/MC15ri_etaetapip_tight_v2_240419_Kp_BCS_etapi0const/bsub_log//MC15ri_etapip_gg_fitv6_toyMC_100_21.log"> was submitted from host <ccw03> by user <jaeyoung> in cluster <centralcluster> at Fri Jun 14 00:18:35 2024
Job was executed on host(s) <ccb194>, in queue <h>, as user <jaeyoung> in cluster <centralcluster> at Fri Jun 14 00:18:36 2024
</home/belle2/jaeyoung> was used as the home directory.
</home/belle2/jaeyoung/workspace/DRAW_and_FITTING/main/FITTING/etapip/MC15ri_generic/tight_v2_fit_v6/ToyMC> was used as the working directory.
Started at Fri Jun 14 00:18:36 2024
Terminated at Fri Jun 14 02:10:13 2024
Results reported at Fri Jun 14 02:10:13 2024

Your job looked like:

------------------------------------------------------------
# LSBATCH: User input
bash -c "basf2 etapip_gg_fit_v6_toymc_100.py 21 > /home/belle2/jaeyoung/storage_ghi/Ntuples_ghi_2/MC15ri_generic/MC15ri_etaetapip_tight_v2_240419_Kp_BCS_etapi0const/bsub_log//MC15ri_etapip_gg_fitv6_toyMC_100_21.log"
------------------------------------------------------------

Successfully completed.

Resource usage summary:

    CPU time :                                   6197.55 sec.
    Max Memory :                                 1334 MB
    Average Memory :                             659.26 MB
    Total Requested Memory :                     4000.00 MB
    Delta Memory :                               2666.00 MB
    Max Swap :                                   -
    Max Processes :                              19
    Max Threads :                                20
    Run time :                                   6697 sec.
    Turnaround time :                            6698 sec.

The output (if any) follows:



PS:

Read file <21.err> for stderr output of this job.

Sender: LSF System <lsfadmin@ccb269>
Subject: Job 26431760: <bash -c "basf2 etapip_gg_fit_v6_toymc_100.py 21 > /home/belle2/jaeyoung/storage_ghi/Ntuples_ghi_2/MC15ri_generic/MC15ri_etaetapip_tight_v2_240419_Kp_BCS_etapi0const/bsub_log//MC15ri_etapip_gg_fitv6_toyMC_100_21.log"> in cluster <centralcluster> Done

Job <bash -c "basf2 etapip_gg_fit_v6_toymc_100.py 21 > /home/belle2/jaeyoung/storage_ghi/Ntuples_ghi_2/MC15ri_generic/MC15ri_etaetapip_tight_v2_240419_Kp_BCS_etapi0const/bsub_log//MC15ri_etapip_gg_fitv6_toyMC_100_21.log"> was submitted from host <ccw03> by user <jaeyoung> in cluster <centralcluster> at Fri Jun 14 02:34:55 2024
Job was executed on host(s) <ccb269>, in queue <h>, as user <jaeyoung> in cluster <centralcluster> at Fri Jun 14 02:34:56 2024
</home/belle2/jaeyoung> was used as the home directory.
</home/belle2/jaeyoung/workspace/DRAW_and_FITTING/main/FITTING/etapip/MC15ri_generic/tight_v2_fit_v6/ToyMC> was used as the working directory.
Started at Fri Jun 14 02:34:56 2024
Terminated at Fri Jun 14 04:29:11 2024
Results reported at Fri Jun 14 04:29:11 2024

Your job looked like:

------------------------------------------------------------
# LSBATCH: User input
bash -c "basf2 etapip_gg_fit_v6_toymc_100.py 21 > /home/belle2/jaeyoung/storage_ghi/Ntuples_ghi_2/MC15ri_generic/MC15ri_etaetapip_tight_v2_240419_Kp_BCS_etapi0const/bsub_log//MC15ri_etapip_gg_fitv6_toyMC_100_21.log"
------------------------------------------------------------

Successfully completed.

Resource usage summary:

    CPU time :                                   6280.62 sec.
    Max Memory :                                 1336 MB
    Average Memory :                             649.31 MB
    Total Requested Memory :                     4000.00 MB
    Delta Memory :                               2664.00 MB
    Max Swap :                                   -
    Max Processes :                              19
    Max Threads :                                20
    Run time :                                   6855 sec.
    Turnaround time :                            6856 sec.

The output (if any) follows:



PS:

Read file <21.err> for stderr output of this job.

