Sender: LSF System <lsfadmin@ccb140>
Subject: Job 47532837: <bash -c "basf2 etapip_gg_fit_v6_toymc_100.py 22 > /home/belle2/jaeyoung/storage_ghi/Ntuples_ghi_2/MC15ri_generic/MC15ri_etaetapip_tight_v2_240419_Kp_BCS_etapi0const/bsub_log//MC15ri_etapip_gg_fitv6_toyMC_100_22.log"> in cluster <centralcluster> Exited

Job <bash -c "basf2 etapip_gg_fit_v6_toymc_100.py 22 > /home/belle2/jaeyoung/storage_ghi/Ntuples_ghi_2/MC15ri_generic/MC15ri_etaetapip_tight_v2_240419_Kp_BCS_etapi0const/bsub_log//MC15ri_etapip_gg_fitv6_toyMC_100_22.log"> was submitted from host <ccw02> by user <jaeyoung> in cluster <centralcluster> at Wed Jul 10 21:10:46 2024
Job was executed on host(s) <ccb140>, in queue <h>, as user <jaeyoung> in cluster <centralcluster> at Wed Jul 10 21:11:05 2024
</home/belle2/jaeyoung> was used as the home directory.
</home/belle2/jaeyoung/workspace/DRAW_and_FITTING/main/FITTING/etapip/MC15ri_generic/tight_v2_fit_v6/ToyMC> was used as the working directory.
Started at Wed Jul 10 21:11:05 2024
Terminated at Wed Jul 10 21:11:38 2024
Results reported at Wed Jul 10 21:11:38 2024

Your job looked like:

------------------------------------------------------------
# LSBATCH: User input
bash -c "basf2 etapip_gg_fit_v6_toymc_100.py 22 > /home/belle2/jaeyoung/storage_ghi/Ntuples_ghi_2/MC15ri_generic/MC15ri_etaetapip_tight_v2_240419_Kp_BCS_etapi0const/bsub_log//MC15ri_etapip_gg_fitv6_toyMC_100_22.log"
------------------------------------------------------------

Exited with exit code 129.

Resource usage summary:

    CPU time :                                   28.59 sec.
    Max Memory :                                 589 MB
    Average Memory :                             408.43 MB
    Total Requested Memory :                     4000.00 MB
    Delta Memory :                               3411.00 MB
    Max Swap :                                   -
    Max Processes :                              9
    Max Threads :                                50
    Run time :                                   33 sec.
    Turnaround time :                            52 sec.

The output (if any) follows:



PS:

Read file <22.err> for stderr output of this job.

Sender: LSF System <lsfadmin@ccb050>
Subject: Job 47535947: <bash -c "basf2 etapip_gg_fit_v6_toymc_100.py 22 > /home/belle2/jaeyoung/storage_ghi/Ntuples_ghi_2/MC15ri_generic/MC15ri_etaetapip_tight_v2_240419_Kp_BCS_etapi0const/bsub_log//MC15ri_etapip_gg_fitv6_toyMC_100_22.log"> in cluster <centralcluster> Exited

Job <bash -c "basf2 etapip_gg_fit_v6_toymc_100.py 22 > /home/belle2/jaeyoung/storage_ghi/Ntuples_ghi_2/MC15ri_generic/MC15ri_etaetapip_tight_v2_240419_Kp_BCS_etapi0const/bsub_log//MC15ri_etapip_gg_fitv6_toyMC_100_22.log"> was submitted from host <ccw02> by user <jaeyoung> in cluster <centralcluster> at Wed Jul 10 21:14:17 2024
Job was executed on host(s) <ccb050>, in queue <h>, as user <jaeyoung> in cluster <centralcluster> at Wed Jul 10 21:14:18 2024
</home/belle2/jaeyoung> was used as the home directory.
</home/belle2/jaeyoung/workspace/DRAW_and_FITTING/main/FITTING/etapip/MC15ri_generic/tight_v2_fit_v6/ToyMC> was used as the working directory.
Started at Wed Jul 10 21:14:18 2024
Terminated at Wed Jul 10 21:14:50 2024
Results reported at Wed Jul 10 21:14:50 2024

Your job looked like:

------------------------------------------------------------
# LSBATCH: User input
bash -c "basf2 etapip_gg_fit_v6_toymc_100.py 22 > /home/belle2/jaeyoung/storage_ghi/Ntuples_ghi_2/MC15ri_generic/MC15ri_etaetapip_tight_v2_240419_Kp_BCS_etapi0const/bsub_log//MC15ri_etapip_gg_fitv6_toyMC_100_22.log"
------------------------------------------------------------

Exited with exit code 129.

Resource usage summary:

    CPU time :                                   25.92 sec.
    Max Memory :                                 486 MB
    Average Memory :                             372.57 MB
    Total Requested Memory :                     4000.00 MB
    Delta Memory :                               3514.00 MB
    Max Swap :                                   -
    Max Processes :                              9
    Max Threads :                                50
    Run time :                                   33 sec.
    Turnaround time :                            33 sec.

The output (if any) follows:



PS:

Read file <22.err> for stderr output of this job.

Sender: LSF System <lsfadmin@ccb020>
Subject: Job 47537896: <bash -c "basf2 etapip_gg_fit_v6_toymc_100.py 22 > /home/belle2/jaeyoung/storage_ghi/Ntuples_ghi_2/MC15ri_generic/MC15ri_etaetapip_tight_v2_240419_Kp_BCS_etapi0const/bsub_log//MC15ri_etapip_gg_fitv6_toyMC_100_22.log"> in cluster <centralcluster> Done

Job <bash -c "basf2 etapip_gg_fit_v6_toymc_100.py 22 > /home/belle2/jaeyoung/storage_ghi/Ntuples_ghi_2/MC15ri_generic/MC15ri_etaetapip_tight_v2_240419_Kp_BCS_etapi0const/bsub_log//MC15ri_etapip_gg_fitv6_toyMC_100_22.log"> was submitted from host <ccw02> by user <jaeyoung> in cluster <centralcluster> at Wed Jul 10 21:16:24 2024
Job was executed on host(s) <ccb020>, in queue <h>, as user <jaeyoung> in cluster <centralcluster> at Wed Jul 10 21:16:34 2024
</home/belle2/jaeyoung> was used as the home directory.
</home/belle2/jaeyoung/workspace/DRAW_and_FITTING/main/FITTING/etapip/MC15ri_generic/tight_v2_fit_v6/ToyMC> was used as the working directory.
Started at Wed Jul 10 21:16:34 2024
Terminated at Wed Jul 10 22:11:15 2024
Results reported at Wed Jul 10 22:11:15 2024

Your job looked like:

------------------------------------------------------------
# LSBATCH: User input
bash -c "basf2 etapip_gg_fit_v6_toymc_100.py 22 > /home/belle2/jaeyoung/storage_ghi/Ntuples_ghi_2/MC15ri_generic/MC15ri_etaetapip_tight_v2_240419_Kp_BCS_etapi0const/bsub_log//MC15ri_etapip_gg_fitv6_toyMC_100_22.log"
------------------------------------------------------------

Successfully completed.

Resource usage summary:

    CPU time :                                   3156.62 sec.
    Max Memory :                                 1282 MB
    Average Memory :                             1197.13 MB
    Total Requested Memory :                     4000.00 MB
    Delta Memory :                               2718.00 MB
    Max Swap :                                   -
    Max Processes :                              19
    Max Threads :                                20
    Run time :                                   3282 sec.
    Turnaround time :                            3291 sec.

The output (if any) follows:



PS:

Read file <22.err> for stderr output of this job.

Sender: LSF System <lsfadmin@ccb197>
Subject: Job 47967232: <bash -c "basf2 etapip_gg_fit_v6_toymc_100.py 22 > /home/belle2/jaeyoung/storage_ghi/Ntuples_ghi_2/MC15ri_generic/MC15ri_etaetapip_tight_v2_240419_Kp_BCS_etapi0const/bsub_log//MC15ri_etapip_gg_fitv6_toyMC_100_22.log"> in cluster <centralcluster> Exited

Job <bash -c "basf2 etapip_gg_fit_v6_toymc_100.py 22 > /home/belle2/jaeyoung/storage_ghi/Ntuples_ghi_2/MC15ri_generic/MC15ri_etaetapip_tight_v2_240419_Kp_BCS_etapi0const/bsub_log//MC15ri_etapip_gg_fitv6_toyMC_100_22.log"> was submitted from host <ccw07> by user <jaeyoung> in cluster <centralcluster> at Thu Jul 11 15:26:53 2024
Job was executed on host(s) <ccb197>, in queue <h>, as user <jaeyoung> in cluster <centralcluster> at Thu Jul 11 15:26:54 2024
</home/belle2/jaeyoung> was used as the home directory.
</home/belle2/jaeyoung/workspace/DRAW_and_FITTING/main/FITTING/etapip/MC15ri_generic/tight_v2_fit_v6/ToyMC> was used as the working directory.
Started at Thu Jul 11 15:26:54 2024
Terminated at Thu Jul 11 15:27:17 2024
Results reported at Thu Jul 11 15:27:17 2024

Your job looked like:

------------------------------------------------------------
# LSBATCH: User input
bash -c "basf2 etapip_gg_fit_v6_toymc_100.py 22 > /home/belle2/jaeyoung/storage_ghi/Ntuples_ghi_2/MC15ri_generic/MC15ri_etaetapip_tight_v2_240419_Kp_BCS_etapi0const/bsub_log//MC15ri_etapip_gg_fitv6_toyMC_100_22.log"
------------------------------------------------------------

Exited with exit code 1.

Resource usage summary:

    CPU time :                                   15.53 sec.
    Max Memory :                                 621 MB
    Average Memory :                             407.80 MB
    Total Requested Memory :                     4000.00 MB
    Delta Memory :                               3379.00 MB
    Max Swap :                                   -
    Max Processes :                              9
    Max Threads :                                50
    Run time :                                   24 sec.
    Turnaround time :                            24 sec.

The output (if any) follows:



PS:

Read file <22.err> for stderr output of this job.

Sender: LSF System <lsfadmin@ccb116>
Subject: Job 47969038: <bash -c "basf2 etapip_gg_fit_v6_toymc_100.py 22 > /home/belle2/jaeyoung/storage_ghi/Ntuples_ghi_2/MC15ri_generic/MC15ri_etaetapip_tight_v2_240419_Kp_BCS_etapi0const/bsub_log//MC15ri_etapip_gg_fitv6_toyMC_100_22.log"> in cluster <centralcluster> Done

Job <bash -c "basf2 etapip_gg_fit_v6_toymc_100.py 22 > /home/belle2/jaeyoung/storage_ghi/Ntuples_ghi_2/MC15ri_generic/MC15ri_etaetapip_tight_v2_240419_Kp_BCS_etapi0const/bsub_log//MC15ri_etapip_gg_fitv6_toyMC_100_22.log"> was submitted from host <ccw07> by user <jaeyoung> in cluster <centralcluster> at Thu Jul 11 15:29:05 2024
Job was executed on host(s) <ccb116>, in queue <h>, as user <jaeyoung> in cluster <centralcluster> at Thu Jul 11 15:29:06 2024
</home/belle2/jaeyoung> was used as the home directory.
</home/belle2/jaeyoung/workspace/DRAW_and_FITTING/main/FITTING/etapip/MC15ri_generic/tight_v2_fit_v6/ToyMC> was used as the working directory.
Started at Thu Jul 11 15:29:06 2024
Terminated at Thu Jul 11 16:34:39 2024
Results reported at Thu Jul 11 16:34:39 2024

Your job looked like:

------------------------------------------------------------
# LSBATCH: User input
bash -c "basf2 etapip_gg_fit_v6_toymc_100.py 22 > /home/belle2/jaeyoung/storage_ghi/Ntuples_ghi_2/MC15ri_generic/MC15ri_etaetapip_tight_v2_240419_Kp_BCS_etapi0const/bsub_log//MC15ri_etapip_gg_fitv6_toyMC_100_22.log"
------------------------------------------------------------

Successfully completed.

Resource usage summary:

    CPU time :                                   3885.38 sec.
    Max Memory :                                 1282 MB
    Average Memory :                             1012.65 MB
    Total Requested Memory :                     4000.00 MB
    Delta Memory :                               2718.00 MB
    Max Swap :                                   -
    Max Processes :                              19
    Max Threads :                                20
    Run time :                                   3933 sec.
    Turnaround time :                            3934 sec.

The output (if any) follows:



PS:

Read file <22.err> for stderr output of this job.

