Sender: LSF System <lsfadmin@ccb170>
Subject: Job 47532888: <bash -c "basf2 etapip_gg_fit_v6_toymc_100.py 25 > /home/belle2/jaeyoung/storage_ghi/Ntuples_ghi_2/MC15ri_generic/MC15ri_etaetapip_tight_v2_240419_Kp_BCS_etapi0const/bsub_log//MC15ri_etapip_gg_fitv6_toyMC_100_25.log"> in cluster <centralcluster> Exited

Job <bash -c "basf2 etapip_gg_fit_v6_toymc_100.py 25 > /home/belle2/jaeyoung/storage_ghi/Ntuples_ghi_2/MC15ri_generic/MC15ri_etaetapip_tight_v2_240419_Kp_BCS_etapi0const/bsub_log//MC15ri_etapip_gg_fitv6_toyMC_100_25.log"> was submitted from host <ccw02> by user <jaeyoung> in cluster <centralcluster> at Wed Jul 10 21:10:48 2024
Job was executed on host(s) <ccb170>, in queue <h>, as user <jaeyoung> in cluster <centralcluster> at Wed Jul 10 21:11:07 2024
</home/belle2/jaeyoung> was used as the home directory.
</home/belle2/jaeyoung/workspace/DRAW_and_FITTING/main/FITTING/etapip/MC15ri_generic/tight_v2_fit_v6/ToyMC> was used as the working directory.
Started at Wed Jul 10 21:11:07 2024
Terminated at Wed Jul 10 21:11:45 2024
Results reported at Wed Jul 10 21:11:45 2024

Your job looked like:

------------------------------------------------------------
# LSBATCH: User input
bash -c "basf2 etapip_gg_fit_v6_toymc_100.py 25 > /home/belle2/jaeyoung/storage_ghi/Ntuples_ghi_2/MC15ri_generic/MC15ri_etaetapip_tight_v2_240419_Kp_BCS_etapi0const/bsub_log//MC15ri_etapip_gg_fitv6_toyMC_100_25.log"
------------------------------------------------------------

Exited with exit code 129.

Resource usage summary:

    CPU time :                                   26.34 sec.
    Max Memory :                                 603 MB
    Average Memory :                             405.62 MB
    Total Requested Memory :                     4000.00 MB
    Delta Memory :                               3397.00 MB
    Max Swap :                                   -
    Max Processes :                              9
    Max Threads :                                50
    Run time :                                   38 sec.
    Turnaround time :                            57 sec.

The output (if any) follows:



PS:

Read file <25.err> for stderr output of this job.

Sender: LSF System <lsfadmin@ccb217>
Subject: Job 47535969: <bash -c "basf2 etapip_gg_fit_v6_toymc_100.py 25 > /home/belle2/jaeyoung/storage_ghi/Ntuples_ghi_2/MC15ri_generic/MC15ri_etaetapip_tight_v2_240419_Kp_BCS_etapi0const/bsub_log//MC15ri_etapip_gg_fitv6_toyMC_100_25.log"> in cluster <centralcluster> Exited

Job <bash -c "basf2 etapip_gg_fit_v6_toymc_100.py 25 > /home/belle2/jaeyoung/storage_ghi/Ntuples_ghi_2/MC15ri_generic/MC15ri_etaetapip_tight_v2_240419_Kp_BCS_etapi0const/bsub_log//MC15ri_etapip_gg_fitv6_toyMC_100_25.log"> was submitted from host <ccw02> by user <jaeyoung> in cluster <centralcluster> at Wed Jul 10 21:14:18 2024
Job was executed on host(s) <ccb217>, in queue <h>, as user <jaeyoung> in cluster <centralcluster> at Wed Jul 10 21:14:19 2024
</home/belle2/jaeyoung> was used as the home directory.
</home/belle2/jaeyoung/workspace/DRAW_and_FITTING/main/FITTING/etapip/MC15ri_generic/tight_v2_fit_v6/ToyMC> was used as the working directory.
Started at Wed Jul 10 21:14:19 2024
Terminated at Wed Jul 10 21:14:54 2024
Results reported at Wed Jul 10 21:14:54 2024

Your job looked like:

------------------------------------------------------------
# LSBATCH: User input
bash -c "basf2 etapip_gg_fit_v6_toymc_100.py 25 > /home/belle2/jaeyoung/storage_ghi/Ntuples_ghi_2/MC15ri_generic/MC15ri_etaetapip_tight_v2_240419_Kp_BCS_etapi0const/bsub_log//MC15ri_etapip_gg_fitv6_toyMC_100_25.log"
------------------------------------------------------------

Exited with exit code 129.

Resource usage summary:

    CPU time :                                   27.56 sec.
    Max Memory :                                 587 MB
    Average Memory :                             333.29 MB
    Total Requested Memory :                     4000.00 MB
    Delta Memory :                               3413.00 MB
    Max Swap :                                   -
    Max Processes :                              9
    Max Threads :                                50
    Run time :                                   34 sec.
    Turnaround time :                            36 sec.

The output (if any) follows:



PS:

Read file <25.err> for stderr output of this job.

Sender: LSF System <lsfadmin@ccb029>
Subject: Job 47537913: <bash -c "basf2 etapip_gg_fit_v6_toymc_100.py 25 > /home/belle2/jaeyoung/storage_ghi/Ntuples_ghi_2/MC15ri_generic/MC15ri_etaetapip_tight_v2_240419_Kp_BCS_etapi0const/bsub_log//MC15ri_etapip_gg_fitv6_toyMC_100_25.log"> in cluster <centralcluster> Done

Job <bash -c "basf2 etapip_gg_fit_v6_toymc_100.py 25 > /home/belle2/jaeyoung/storage_ghi/Ntuples_ghi_2/MC15ri_generic/MC15ri_etaetapip_tight_v2_240419_Kp_BCS_etapi0const/bsub_log//MC15ri_etapip_gg_fitv6_toyMC_100_25.log"> was submitted from host <ccw02> by user <jaeyoung> in cluster <centralcluster> at Wed Jul 10 21:16:25 2024
Job was executed on host(s) <ccb029>, in queue <h>, as user <jaeyoung> in cluster <centralcluster> at Wed Jul 10 21:16:39 2024
</home/belle2/jaeyoung> was used as the home directory.
</home/belle2/jaeyoung/workspace/DRAW_and_FITTING/main/FITTING/etapip/MC15ri_generic/tight_v2_fit_v6/ToyMC> was used as the working directory.
Started at Wed Jul 10 21:16:39 2024
Terminated at Wed Jul 10 22:07:01 2024
Results reported at Wed Jul 10 22:07:01 2024

Your job looked like:

------------------------------------------------------------
# LSBATCH: User input
bash -c "basf2 etapip_gg_fit_v6_toymc_100.py 25 > /home/belle2/jaeyoung/storage_ghi/Ntuples_ghi_2/MC15ri_generic/MC15ri_etaetapip_tight_v2_240419_Kp_BCS_etapi0const/bsub_log//MC15ri_etapip_gg_fitv6_toyMC_100_25.log"
------------------------------------------------------------

Successfully completed.

Resource usage summary:

    CPU time :                                   2954.17 sec.
    Max Memory :                                 1280 MB
    Average Memory :                             1188.53 MB
    Total Requested Memory :                     4000.00 MB
    Delta Memory :                               2720.00 MB
    Max Swap :                                   -
    Max Processes :                              19
    Max Threads :                                20
    Run time :                                   3022 sec.
    Turnaround time :                            3036 sec.

The output (if any) follows:



PS:

Read file <25.err> for stderr output of this job.

Sender: LSF System <lsfadmin@ccb101>
Subject: Job 47967250: <bash -c "basf2 etapip_gg_fit_v6_toymc_100.py 25 > /home/belle2/jaeyoung/storage_ghi/Ntuples_ghi_2/MC15ri_generic/MC15ri_etaetapip_tight_v2_240419_Kp_BCS_etapi0const/bsub_log//MC15ri_etapip_gg_fitv6_toyMC_100_25.log"> in cluster <centralcluster> Exited

Job <bash -c "basf2 etapip_gg_fit_v6_toymc_100.py 25 > /home/belle2/jaeyoung/storage_ghi/Ntuples_ghi_2/MC15ri_generic/MC15ri_etaetapip_tight_v2_240419_Kp_BCS_etapi0const/bsub_log//MC15ri_etapip_gg_fitv6_toyMC_100_25.log"> was submitted from host <ccw07> by user <jaeyoung> in cluster <centralcluster> at Thu Jul 11 15:26:54 2024
Job was executed on host(s) <ccb101>, in queue <h>, as user <jaeyoung> in cluster <centralcluster> at Thu Jul 11 15:26:55 2024
</home/belle2/jaeyoung> was used as the home directory.
</home/belle2/jaeyoung/workspace/DRAW_and_FITTING/main/FITTING/etapip/MC15ri_generic/tight_v2_fit_v6/ToyMC> was used as the working directory.
Started at Thu Jul 11 15:26:55 2024
Terminated at Thu Jul 11 15:27:12 2024
Results reported at Thu Jul 11 15:27:12 2024

Your job looked like:

------------------------------------------------------------
# LSBATCH: User input
bash -c "basf2 etapip_gg_fit_v6_toymc_100.py 25 > /home/belle2/jaeyoung/storage_ghi/Ntuples_ghi_2/MC15ri_generic/MC15ri_etaetapip_tight_v2_240419_Kp_BCS_etapi0const/bsub_log//MC15ri_etapip_gg_fitv6_toyMC_100_25.log"
------------------------------------------------------------

Exited with exit code 1.

Resource usage summary:

    CPU time :                                   14.44 sec.
    Max Memory :                                 632 MB
    Average Memory :                             454.40 MB
    Total Requested Memory :                     4000.00 MB
    Delta Memory :                               3368.00 MB
    Max Swap :                                   -
    Max Processes :                              9
    Max Threads :                                50
    Run time :                                   16 sec.
    Turnaround time :                            18 sec.

The output (if any) follows:



PS:

Read file <25.err> for stderr output of this job.

Sender: LSF System <lsfadmin@ccb259>
Subject: Job 47969054: <bash -c "basf2 etapip_gg_fit_v6_toymc_100.py 25 > /home/belle2/jaeyoung/storage_ghi/Ntuples_ghi_2/MC15ri_generic/MC15ri_etaetapip_tight_v2_240419_Kp_BCS_etapi0const/bsub_log//MC15ri_etapip_gg_fitv6_toyMC_100_25.log"> in cluster <centralcluster> Done

Job <bash -c "basf2 etapip_gg_fit_v6_toymc_100.py 25 > /home/belle2/jaeyoung/storage_ghi/Ntuples_ghi_2/MC15ri_generic/MC15ri_etaetapip_tight_v2_240419_Kp_BCS_etapi0const/bsub_log//MC15ri_etapip_gg_fitv6_toyMC_100_25.log"> was submitted from host <ccw07> by user <jaeyoung> in cluster <centralcluster> at Thu Jul 11 15:29:06 2024
Job was executed on host(s) <ccb259>, in queue <h>, as user <jaeyoung> in cluster <centralcluster> at Thu Jul 11 15:29:07 2024
</home/belle2/jaeyoung> was used as the home directory.
</home/belle2/jaeyoung/workspace/DRAW_and_FITTING/main/FITTING/etapip/MC15ri_generic/tight_v2_fit_v6/ToyMC> was used as the working directory.
Started at Thu Jul 11 15:29:07 2024
Terminated at Thu Jul 11 16:33:07 2024
Results reported at Thu Jul 11 16:33:07 2024

Your job looked like:

------------------------------------------------------------
# LSBATCH: User input
bash -c "basf2 etapip_gg_fit_v6_toymc_100.py 25 > /home/belle2/jaeyoung/storage_ghi/Ntuples_ghi_2/MC15ri_generic/MC15ri_etaetapip_tight_v2_240419_Kp_BCS_etapi0const/bsub_log//MC15ri_etapip_gg_fitv6_toyMC_100_25.log"
------------------------------------------------------------

Successfully completed.

Resource usage summary:

    CPU time :                                   3799.37 sec.
    Max Memory :                                 1282 MB
    Average Memory :                             1008.45 MB
    Total Requested Memory :                     4000.00 MB
    Delta Memory :                               2718.00 MB
    Max Swap :                                   -
    Max Processes :                              19
    Max Threads :                                20
    Run time :                                   3839 sec.
    Turnaround time :                            3841 sec.

The output (if any) follows:



PS:

Read file <25.err> for stderr output of this job.

