Sender: LSF System <lsfadmin@ccb216>
Subject: Job 26252849: <bash -c "basf2 etapip_gg_fit_v6_toymc_100.py 29 > /home/belle2/jaeyoung/storage_ghi/Ntuples_ghi_2/MC15ri_generic/MC15ri_etaetapip_tight_v2_240419_Kp_BCS_etapi0const/bsub_log//MC15ri_etapip_gg_fitv6_toyMC_100_29.log"> in cluster <centralcluster> Exited

Job <bash -c "basf2 etapip_gg_fit_v6_toymc_100.py 29 > /home/belle2/jaeyoung/storage_ghi/Ntuples_ghi_2/MC15ri_generic/MC15ri_etaetapip_tight_v2_240419_Kp_BCS_etapi0const/bsub_log//MC15ri_etapip_gg_fitv6_toyMC_100_29.log"> was submitted from host <ccw03> by user <jaeyoung> in cluster <centralcluster> at Thu Jun 13 23:19:17 2024
Job was executed on host(s) <ccb216>, in queue <h>, as user <jaeyoung> in cluster <centralcluster> at Thu Jun 13 23:19:18 2024
</home/belle2/jaeyoung> was used as the home directory.
</home/belle2/jaeyoung/workspace/DRAW_and_FITTING/main/FITTING/etapip/MC15ri_generic/tight_v2_fit_v6/ToyMC> was used as the working directory.
Started at Thu Jun 13 23:19:18 2024
Terminated at Thu Jun 13 23:20:57 2024
Results reported at Thu Jun 13 23:20:57 2024

Your job looked like:

------------------------------------------------------------
# LSBATCH: User input
bash -c "basf2 etapip_gg_fit_v6_toymc_100.py 29 > /home/belle2/jaeyoung/storage_ghi/Ntuples_ghi_2/MC15ri_generic/MC15ri_etaetapip_tight_v2_240419_Kp_BCS_etapi0const/bsub_log//MC15ri_etapip_gg_fitv6_toyMC_100_29.log"
------------------------------------------------------------

TERM_PROCESSLIMIT: job killed after reaching LSF process limit.
Exited with exit code 143.

Resource usage summary:

    CPU time :                                   97.00 sec.
    Max Memory :                                 361 MB
    Average Memory :                             215.87 MB
    Total Requested Memory :                     4000.00 MB
    Delta Memory :                               3639.00 MB
    Max Swap :                                   -
    Max Processes :                              34
    Max Threads :                                35
    Run time :                                   98 sec.
    Turnaround time :                            100 sec.

The output (if any) follows:



PS:

Read file <29.err> for stderr output of this job.

Sender: LSF System <lsfadmin@ccb095>
Subject: Job 26269890: <bash -c "basf2 etapip_gg_fit_v6_toymc_100.py 29 > /home/belle2/jaeyoung/storage_ghi/Ntuples_ghi_2/MC15ri_generic/MC15ri_etaetapip_tight_v2_240419_Kp_BCS_etapi0const/bsub_log//MC15ri_etapip_gg_fitv6_toyMC_100_29.log"> in cluster <centralcluster> Exited

Job <bash -c "basf2 etapip_gg_fit_v6_toymc_100.py 29 > /home/belle2/jaeyoung/storage_ghi/Ntuples_ghi_2/MC15ri_generic/MC15ri_etaetapip_tight_v2_240419_Kp_BCS_etapi0const/bsub_log//MC15ri_etapip_gg_fitv6_toyMC_100_29.log"> was submitted from host <ccw03> by user <jaeyoung> in cluster <centralcluster> at Thu Jun 13 23:34:29 2024
Job was executed on host(s) <ccb095>, in queue <h>, as user <jaeyoung> in cluster <centralcluster> at Thu Jun 13 23:34:30 2024
</home/belle2/jaeyoung> was used as the home directory.
</home/belle2/jaeyoung/workspace/DRAW_and_FITTING/main/FITTING/etapip/MC15ri_generic/tight_v2_fit_v6/ToyMC> was used as the working directory.
Started at Thu Jun 13 23:34:30 2024
Terminated at Thu Jun 13 23:35:59 2024
Results reported at Thu Jun 13 23:35:59 2024

Your job looked like:

------------------------------------------------------------
# LSBATCH: User input
bash -c "basf2 etapip_gg_fit_v6_toymc_100.py 29 > /home/belle2/jaeyoung/storage_ghi/Ntuples_ghi_2/MC15ri_generic/MC15ri_etaetapip_tight_v2_240419_Kp_BCS_etapi0const/bsub_log//MC15ri_etapip_gg_fitv6_toyMC_100_29.log"
------------------------------------------------------------

TERM_PROCESSLIMIT: job killed after reaching LSF process limit.
Exited with exit code 143.

Resource usage summary:

    CPU time :                                   87.00 sec.
    Max Memory :                                 319 MB
    Average Memory :                             195.33 MB
    Total Requested Memory :                     4000.00 MB
    Delta Memory :                               3681.00 MB
    Max Swap :                                   -
    Max Processes :                              24
    Max Threads :                                25
    Run time :                                   88 sec.
    Turnaround time :                            90 sec.

The output (if any) follows:



PS:

Read file <29.err> for stderr output of this job.

Sender: LSF System <lsfadmin@ccb089>
Subject: Job 26275267: <bash -c "basf2 etapip_gg_fit_v6_toymc_100.py 29 > /home/belle2/jaeyoung/storage_ghi/Ntuples_ghi_2/MC15ri_generic/MC15ri_etaetapip_tight_v2_240419_Kp_BCS_etapi0const/bsub_log//MC15ri_etapip_gg_fitv6_toyMC_100_29.log"> in cluster <centralcluster> Done

Job <bash -c "basf2 etapip_gg_fit_v6_toymc_100.py 29 > /home/belle2/jaeyoung/storage_ghi/Ntuples_ghi_2/MC15ri_generic/MC15ri_etaetapip_tight_v2_240419_Kp_BCS_etapi0const/bsub_log//MC15ri_etapip_gg_fitv6_toyMC_100_29.log"> was submitted from host <ccw03> by user <jaeyoung> in cluster <centralcluster> at Thu Jun 13 23:44:44 2024
Job was executed on host(s) <ccb089>, in queue <h>, as user <jaeyoung> in cluster <centralcluster> at Thu Jun 13 23:44:45 2024
</home/belle2/jaeyoung> was used as the home directory.
</home/belle2/jaeyoung/workspace/DRAW_and_FITTING/main/FITTING/etapip/MC15ri_generic/tight_v2_fit_v6/ToyMC> was used as the working directory.
Started at Thu Jun 13 23:44:45 2024
Terminated at Fri Jun 14 00:05:15 2024
Results reported at Fri Jun 14 00:05:15 2024

Your job looked like:

------------------------------------------------------------
# LSBATCH: User input
bash -c "basf2 etapip_gg_fit_v6_toymc_100.py 29 > /home/belle2/jaeyoung/storage_ghi/Ntuples_ghi_2/MC15ri_generic/MC15ri_etaetapip_tight_v2_240419_Kp_BCS_etapi0const/bsub_log//MC15ri_etapip_gg_fitv6_toyMC_100_29.log"
------------------------------------------------------------

Successfully completed.

Resource usage summary:

    CPU time :                                   1227.00 sec.
    Max Memory :                                 296 MB
    Average Memory :                             271.24 MB
    Total Requested Memory :                     4000.00 MB
    Delta Memory :                               3704.00 MB
    Max Swap :                                   -
    Max Processes :                              19
    Max Threads :                                20
    Run time :                                   1230 sec.
    Turnaround time :                            1231 sec.

The output (if any) follows:



PS:

Read file <29.err> for stderr output of this job.

Sender: LSF System <lsfadmin@ccb236>
Subject: Job 26296906: <bash -c "basf2 etapip_gg_fit_v6_toymc_100.py 29 > /home/belle2/jaeyoung/storage_ghi/Ntuples_ghi_2/MC15ri_generic/MC15ri_etaetapip_tight_v2_240419_Kp_BCS_etapi0const/bsub_log//MC15ri_etapip_gg_fitv6_toyMC_100_29.log"> in cluster <centralcluster> Done

Job <bash -c "basf2 etapip_gg_fit_v6_toymc_100.py 29 > /home/belle2/jaeyoung/storage_ghi/Ntuples_ghi_2/MC15ri_generic/MC15ri_etaetapip_tight_v2_240419_Kp_BCS_etapi0const/bsub_log//MC15ri_etapip_gg_fitv6_toyMC_100_29.log"> was submitted from host <ccw03> by user <jaeyoung> in cluster <centralcluster> at Fri Jun 14 00:18:42 2024
Job was executed on host(s) <ccb236>, in queue <h>, as user <jaeyoung> in cluster <centralcluster> at Fri Jun 14 00:18:43 2024
</home/belle2/jaeyoung> was used as the home directory.
</home/belle2/jaeyoung/workspace/DRAW_and_FITTING/main/FITTING/etapip/MC15ri_generic/tight_v2_fit_v6/ToyMC> was used as the working directory.
Started at Fri Jun 14 00:18:43 2024
Terminated at Fri Jun 14 02:15:46 2024
Results reported at Fri Jun 14 02:15:46 2024

Your job looked like:

------------------------------------------------------------
# LSBATCH: User input
bash -c "basf2 etapip_gg_fit_v6_toymc_100.py 29 > /home/belle2/jaeyoung/storage_ghi/Ntuples_ghi_2/MC15ri_generic/MC15ri_etaetapip_tight_v2_240419_Kp_BCS_etapi0const/bsub_log//MC15ri_etapip_gg_fitv6_toyMC_100_29.log"
------------------------------------------------------------

Successfully completed.

Resource usage summary:

    CPU time :                                   6687.30 sec.
    Max Memory :                                 1329 MB
    Average Memory :                             667.38 MB
    Total Requested Memory :                     4000.00 MB
    Delta Memory :                               2671.00 MB
    Max Swap :                                   27 MB
    Max Processes :                              19
    Max Threads :                                20
    Run time :                                   7023 sec.
    Turnaround time :                            7024 sec.

The output (if any) follows:



PS:

Read file <29.err> for stderr output of this job.

Sender: LSF System <lsfadmin@ccb089>
Subject: Job 26431786: <bash -c "basf2 etapip_gg_fit_v6_toymc_100.py 29 > /home/belle2/jaeyoung/storage_ghi/Ntuples_ghi_2/MC15ri_generic/MC15ri_etaetapip_tight_v2_240419_Kp_BCS_etapi0const/bsub_log//MC15ri_etapip_gg_fitv6_toyMC_100_29.log"> in cluster <centralcluster> Done

Job <bash -c "basf2 etapip_gg_fit_v6_toymc_100.py 29 > /home/belle2/jaeyoung/storage_ghi/Ntuples_ghi_2/MC15ri_generic/MC15ri_etaetapip_tight_v2_240419_Kp_BCS_etapi0const/bsub_log//MC15ri_etapip_gg_fitv6_toyMC_100_29.log"> was submitted from host <ccw03> by user <jaeyoung> in cluster <centralcluster> at Fri Jun 14 02:35:02 2024
Job was executed on host(s) <ccb089>, in queue <h>, as user <jaeyoung> in cluster <centralcluster> at Fri Jun 14 02:35:03 2024
</home/belle2/jaeyoung> was used as the home directory.
</home/belle2/jaeyoung/workspace/DRAW_and_FITTING/main/FITTING/etapip/MC15ri_generic/tight_v2_fit_v6/ToyMC> was used as the working directory.
Started at Fri Jun 14 02:35:03 2024
Terminated at Fri Jun 14 04:29:03 2024
Results reported at Fri Jun 14 04:29:03 2024

Your job looked like:

------------------------------------------------------------
# LSBATCH: User input
bash -c "basf2 etapip_gg_fit_v6_toymc_100.py 29 > /home/belle2/jaeyoung/storage_ghi/Ntuples_ghi_2/MC15ri_generic/MC15ri_etaetapip_tight_v2_240419_Kp_BCS_etapi0const/bsub_log//MC15ri_etapip_gg_fitv6_toyMC_100_29.log"
------------------------------------------------------------

Successfully completed.

Resource usage summary:

    CPU time :                                   6218.24 sec.
    Max Memory :                                 1337 MB
    Average Memory :                             664.26 MB
    Total Requested Memory :                     4000.00 MB
    Delta Memory :                               2663.00 MB
    Max Swap :                                   -
    Max Processes :                              19
    Max Threads :                                20
    Run time :                                   6840 sec.
    Turnaround time :                            6841 sec.

The output (if any) follows:



PS:

Read file <29.err> for stderr output of this job.

