Sender: LSF System <lsfadmin@ccb205>
Subject: Job 47532542: <bash -c "basf2 etapip_gg_fit_v6_toymc_100.py 3 > /home/belle2/jaeyoung/storage_ghi/Ntuples_ghi_2/MC15ri_generic/MC15ri_etaetapip_tight_v2_240419_Kp_BCS_etapi0const/bsub_log//MC15ri_etapip_gg_fitv6_toyMC_100_3.log"> in cluster <centralcluster> Exited

Job <bash -c "basf2 etapip_gg_fit_v6_toymc_100.py 3 > /home/belle2/jaeyoung/storage_ghi/Ntuples_ghi_2/MC15ri_generic/MC15ri_etaetapip_tight_v2_240419_Kp_BCS_etapi0const/bsub_log//MC15ri_etapip_gg_fitv6_toyMC_100_3.log"> was submitted from host <ccw02> by user <jaeyoung> in cluster <centralcluster> at Wed Jul 10 21:10:30 2024
Job was executed on host(s) <ccb205>, in queue <h>, as user <jaeyoung> in cluster <centralcluster> at Wed Jul 10 21:10:31 2024
</home/belle2/jaeyoung> was used as the home directory.
</home/belle2/jaeyoung/workspace/DRAW_and_FITTING/main/FITTING/etapip/MC15ri_generic/tight_v2_fit_v6/ToyMC> was used as the working directory.
Started at Wed Jul 10 21:10:31 2024
Terminated at Wed Jul 10 21:11:11 2024
Results reported at Wed Jul 10 21:11:11 2024

Your job looked like:

------------------------------------------------------------
# LSBATCH: User input
bash -c "basf2 etapip_gg_fit_v6_toymc_100.py 3 > /home/belle2/jaeyoung/storage_ghi/Ntuples_ghi_2/MC15ri_generic/MC15ri_etaetapip_tight_v2_240419_Kp_BCS_etapi0const/bsub_log//MC15ri_etapip_gg_fitv6_toyMC_100_3.log"
------------------------------------------------------------

Exited with exit code 129.

Resource usage summary:

    CPU time :                                   26.48 sec.
    Max Memory :                                 449 MB
    Average Memory :                             339.12 MB
    Total Requested Memory :                     4000.00 MB
    Delta Memory :                               3551.00 MB
    Max Swap :                                   -
    Max Processes :                              9
    Max Threads :                                50
    Run time :                                   41 sec.
    Turnaround time :                            41 sec.

The output (if any) follows:



PS:

Read file <3.err> for stderr output of this job.

Sender: LSF System <lsfadmin@ccb242>
Subject: Job 47535825: <bash -c "basf2 etapip_gg_fit_v6_toymc_100.py 3 > /home/belle2/jaeyoung/storage_ghi/Ntuples_ghi_2/MC15ri_generic/MC15ri_etaetapip_tight_v2_240419_Kp_BCS_etapi0const/bsub_log//MC15ri_etapip_gg_fitv6_toyMC_100_3.log"> in cluster <centralcluster> Exited

Job <bash -c "basf2 etapip_gg_fit_v6_toymc_100.py 3 > /home/belle2/jaeyoung/storage_ghi/Ntuples_ghi_2/MC15ri_generic/MC15ri_etaetapip_tight_v2_240419_Kp_BCS_etapi0const/bsub_log//MC15ri_etapip_gg_fitv6_toyMC_100_3.log"> was submitted from host <ccw02> by user <jaeyoung> in cluster <centralcluster> at Wed Jul 10 21:14:11 2024
Job was executed on host(s) <ccb242>, in queue <h>, as user <jaeyoung> in cluster <centralcluster> at Wed Jul 10 21:14:12 2024
</home/belle2/jaeyoung> was used as the home directory.
</home/belle2/jaeyoung/workspace/DRAW_and_FITTING/main/FITTING/etapip/MC15ri_generic/tight_v2_fit_v6/ToyMC> was used as the working directory.
Started at Wed Jul 10 21:14:12 2024
Terminated at Wed Jul 10 21:14:47 2024
Results reported at Wed Jul 10 21:14:47 2024

Your job looked like:

------------------------------------------------------------
# LSBATCH: User input
bash -c "basf2 etapip_gg_fit_v6_toymc_100.py 3 > /home/belle2/jaeyoung/storage_ghi/Ntuples_ghi_2/MC15ri_generic/MC15ri_etaetapip_tight_v2_240419_Kp_BCS_etapi0const/bsub_log//MC15ri_etapip_gg_fitv6_toyMC_100_3.log"
------------------------------------------------------------

Exited with exit code 129.

Resource usage summary:

    CPU time :                                   27.24 sec.
    Max Memory :                                 448 MB
    Average Memory :                             342.43 MB
    Total Requested Memory :                     4000.00 MB
    Delta Memory :                               3552.00 MB
    Max Swap :                                   -
    Max Processes :                              9
    Max Threads :                                50
    Run time :                                   35 sec.
    Turnaround time :                            36 sec.

The output (if any) follows:



PS:

Read file <3.err> for stderr output of this job.

Sender: LSF System <lsfadmin@ccb279>
Subject: Job 47537771: <bash -c "basf2 etapip_gg_fit_v6_toymc_100.py 3 > /home/belle2/jaeyoung/storage_ghi/Ntuples_ghi_2/MC15ri_generic/MC15ri_etaetapip_tight_v2_240419_Kp_BCS_etapi0const/bsub_log//MC15ri_etapip_gg_fitv6_toyMC_100_3.log"> in cluster <centralcluster> Done

Job <bash -c "basf2 etapip_gg_fit_v6_toymc_100.py 3 > /home/belle2/jaeyoung/storage_ghi/Ntuples_ghi_2/MC15ri_generic/MC15ri_etaetapip_tight_v2_240419_Kp_BCS_etapi0const/bsub_log//MC15ri_etapip_gg_fitv6_toyMC_100_3.log"> was submitted from host <ccw02> by user <jaeyoung> in cluster <centralcluster> at Wed Jul 10 21:16:18 2024
Job was executed on host(s) <ccb279>, in queue <h>, as user <jaeyoung> in cluster <centralcluster> at Wed Jul 10 21:16:20 2024
</home/belle2/jaeyoung> was used as the home directory.
</home/belle2/jaeyoung/workspace/DRAW_and_FITTING/main/FITTING/etapip/MC15ri_generic/tight_v2_fit_v6/ToyMC> was used as the working directory.
Started at Wed Jul 10 21:16:20 2024
Terminated at Wed Jul 10 22:05:40 2024
Results reported at Wed Jul 10 22:05:40 2024

Your job looked like:

------------------------------------------------------------
# LSBATCH: User input
bash -c "basf2 etapip_gg_fit_v6_toymc_100.py 3 > /home/belle2/jaeyoung/storage_ghi/Ntuples_ghi_2/MC15ri_generic/MC15ri_etaetapip_tight_v2_240419_Kp_BCS_etapi0const/bsub_log//MC15ri_etapip_gg_fitv6_toyMC_100_3.log"
------------------------------------------------------------

Successfully completed.

Resource usage summary:

    CPU time :                                   2948.04 sec.
    Max Memory :                                 1318 MB
    Average Memory :                             1209.41 MB
    Total Requested Memory :                     4000.00 MB
    Delta Memory :                               2682.00 MB
    Max Swap :                                   -
    Max Processes :                              19
    Max Threads :                                20
    Run time :                                   2961 sec.
    Turnaround time :                            2962 sec.

The output (if any) follows:



PS:

Read file <3.err> for stderr output of this job.

Sender: LSF System <lsfadmin@ccb266>
Subject: Job 47967117: <bash -c "basf2 etapip_gg_fit_v6_toymc_100.py 3 > /home/belle2/jaeyoung/storage_ghi/Ntuples_ghi_2/MC15ri_generic/MC15ri_etaetapip_tight_v2_240419_Kp_BCS_etapi0const/bsub_log//MC15ri_etapip_gg_fitv6_toyMC_100_3.log"> in cluster <centralcluster> Exited

Job <bash -c "basf2 etapip_gg_fit_v6_toymc_100.py 3 > /home/belle2/jaeyoung/storage_ghi/Ntuples_ghi_2/MC15ri_generic/MC15ri_etaetapip_tight_v2_240419_Kp_BCS_etapi0const/bsub_log//MC15ri_etapip_gg_fitv6_toyMC_100_3.log"> was submitted from host <ccw07> by user <jaeyoung> in cluster <centralcluster> at Thu Jul 11 15:26:46 2024
Job was executed on host(s) <ccb266>, in queue <h>, as user <jaeyoung> in cluster <centralcluster> at Thu Jul 11 15:26:47 2024
</home/belle2/jaeyoung> was used as the home directory.
</home/belle2/jaeyoung/workspace/DRAW_and_FITTING/main/FITTING/etapip/MC15ri_generic/tight_v2_fit_v6/ToyMC> was used as the working directory.
Started at Thu Jul 11 15:26:47 2024
Terminated at Thu Jul 11 15:27:09 2024
Results reported at Thu Jul 11 15:27:09 2024

Your job looked like:

------------------------------------------------------------
# LSBATCH: User input
bash -c "basf2 etapip_gg_fit_v6_toymc_100.py 3 > /home/belle2/jaeyoung/storage_ghi/Ntuples_ghi_2/MC15ri_generic/MC15ri_etaetapip_tight_v2_240419_Kp_BCS_etapi0const/bsub_log//MC15ri_etapip_gg_fitv6_toyMC_100_3.log"
------------------------------------------------------------

Exited with exit code 1.

Resource usage summary:

    CPU time :                                   14.95 sec.
    Max Memory :                                 448 MB
    Average Memory :                             341.00 MB
    Total Requested Memory :                     4000.00 MB
    Delta Memory :                               3552.00 MB
    Max Swap :                                   -
    Max Processes :                              9
    Max Threads :                                50
    Run time :                                   22 sec.
    Turnaround time :                            23 sec.

The output (if any) follows:



PS:

Read file <3.err> for stderr output of this job.

Sender: LSF System <lsfadmin@ccb265>
Subject: Job 47968936: <bash -c "basf2 etapip_gg_fit_v6_toymc_100.py 3 > /home/belle2/jaeyoung/storage_ghi/Ntuples_ghi_2/MC15ri_generic/MC15ri_etaetapip_tight_v2_240419_Kp_BCS_etapi0const/bsub_log//MC15ri_etapip_gg_fitv6_toyMC_100_3.log"> in cluster <centralcluster> Done

Job <bash -c "basf2 etapip_gg_fit_v6_toymc_100.py 3 > /home/belle2/jaeyoung/storage_ghi/Ntuples_ghi_2/MC15ri_generic/MC15ri_etaetapip_tight_v2_240419_Kp_BCS_etapi0const/bsub_log//MC15ri_etapip_gg_fitv6_toyMC_100_3.log"> was submitted from host <ccw07> by user <jaeyoung> in cluster <centralcluster> at Thu Jul 11 15:28:59 2024
Job was executed on host(s) <ccb265>, in queue <h>, as user <jaeyoung> in cluster <centralcluster> at Thu Jul 11 15:29:00 2024
</home/belle2/jaeyoung> was used as the home directory.
</home/belle2/jaeyoung/workspace/DRAW_and_FITTING/main/FITTING/etapip/MC15ri_generic/tight_v2_fit_v6/ToyMC> was used as the working directory.
Started at Thu Jul 11 15:29:00 2024
Terminated at Thu Jul 11 16:35:28 2024
Results reported at Thu Jul 11 16:35:28 2024

Your job looked like:

------------------------------------------------------------
# LSBATCH: User input
bash -c "basf2 etapip_gg_fit_v6_toymc_100.py 3 > /home/belle2/jaeyoung/storage_ghi/Ntuples_ghi_2/MC15ri_generic/MC15ri_etaetapip_tight_v2_240419_Kp_BCS_etapi0const/bsub_log//MC15ri_etapip_gg_fitv6_toyMC_100_3.log"
------------------------------------------------------------

Successfully completed.

Resource usage summary:

    CPU time :                                   3929.57 sec.
    Max Memory :                                 1282 MB
    Average Memory :                             989.26 MB
    Total Requested Memory :                     4000.00 MB
    Delta Memory :                               2718.00 MB
    Max Swap :                                   -
    Max Processes :                              19
    Max Threads :                                20
    Run time :                                   3988 sec.
    Turnaround time :                            3989 sec.

The output (if any) follows:



PS:

Read file <3.err> for stderr output of this job.

