Sender: LSF System <lsfadmin@ccb092>
Subject: Job 47532975: <bash -c "basf2 etapip_gg_fit_v6_toymc_100.py 30 > /home/belle2/jaeyoung/storage_ghi/Ntuples_ghi_2/MC15ri_generic/MC15ri_etaetapip_tight_v2_240419_Kp_BCS_etapi0const/bsub_log//MC15ri_etapip_gg_fitv6_toyMC_100_30.log"> in cluster <centralcluster> Exited

Job <bash -c "basf2 etapip_gg_fit_v6_toymc_100.py 30 > /home/belle2/jaeyoung/storage_ghi/Ntuples_ghi_2/MC15ri_generic/MC15ri_etaetapip_tight_v2_240419_Kp_BCS_etapi0const/bsub_log//MC15ri_etapip_gg_fitv6_toyMC_100_30.log"> was submitted from host <ccw02> by user <jaeyoung> in cluster <centralcluster> at Wed Jul 10 21:10:52 2024
Job was executed on host(s) <ccb092>, in queue <h>, as user <jaeyoung> in cluster <centralcluster> at Wed Jul 10 21:11:11 2024
</home/belle2/jaeyoung> was used as the home directory.
</home/belle2/jaeyoung/workspace/DRAW_and_FITTING/main/FITTING/etapip/MC15ri_generic/tight_v2_fit_v6/ToyMC> was used as the working directory.
Started at Wed Jul 10 21:11:11 2024
Terminated at Wed Jul 10 21:11:46 2024
Results reported at Wed Jul 10 21:11:46 2024

Your job looked like:

------------------------------------------------------------
# LSBATCH: User input
bash -c "basf2 etapip_gg_fit_v6_toymc_100.py 30 > /home/belle2/jaeyoung/storage_ghi/Ntuples_ghi_2/MC15ri_generic/MC15ri_etaetapip_tight_v2_240419_Kp_BCS_etapi0const/bsub_log//MC15ri_etapip_gg_fitv6_toyMC_100_30.log"
------------------------------------------------------------

Exited with exit code 129.

Resource usage summary:

    CPU time :                                   26.74 sec.
    Max Memory :                                 493 MB
    Average Memory :                             365.14 MB
    Total Requested Memory :                     4000.00 MB
    Delta Memory :                               3507.00 MB
    Max Swap :                                   -
    Max Processes :                              9
    Max Threads :                                50
    Run time :                                   35 sec.
    Turnaround time :                            54 sec.

The output (if any) follows:



PS:

Read file <30.err> for stderr output of this job.

Sender: LSF System <lsfadmin@ccb290>
Subject: Job 47536004: <bash -c "basf2 etapip_gg_fit_v6_toymc_100.py 30 > /home/belle2/jaeyoung/storage_ghi/Ntuples_ghi_2/MC15ri_generic/MC15ri_etaetapip_tight_v2_240419_Kp_BCS_etapi0const/bsub_log//MC15ri_etapip_gg_fitv6_toyMC_100_30.log"> in cluster <centralcluster> Exited

Job <bash -c "basf2 etapip_gg_fit_v6_toymc_100.py 30 > /home/belle2/jaeyoung/storage_ghi/Ntuples_ghi_2/MC15ri_generic/MC15ri_etaetapip_tight_v2_240419_Kp_BCS_etapi0const/bsub_log//MC15ri_etapip_gg_fitv6_toyMC_100_30.log"> was submitted from host <ccw02> by user <jaeyoung> in cluster <centralcluster> at Wed Jul 10 21:14:20 2024
Job was executed on host(s) <ccb290>, in queue <h>, as user <jaeyoung> in cluster <centralcluster> at Wed Jul 10 21:14:21 2024
</home/belle2/jaeyoung> was used as the home directory.
</home/belle2/jaeyoung/workspace/DRAW_and_FITTING/main/FITTING/etapip/MC15ri_generic/tight_v2_fit_v6/ToyMC> was used as the working directory.
Started at Wed Jul 10 21:14:21 2024
Terminated at Wed Jul 10 21:14:49 2024
Results reported at Wed Jul 10 21:14:49 2024

Your job looked like:

------------------------------------------------------------
# LSBATCH: User input
bash -c "basf2 etapip_gg_fit_v6_toymc_100.py 30 > /home/belle2/jaeyoung/storage_ghi/Ntuples_ghi_2/MC15ri_generic/MC15ri_etaetapip_tight_v2_240419_Kp_BCS_etapi0const/bsub_log//MC15ri_etapip_gg_fitv6_toyMC_100_30.log"
------------------------------------------------------------

Exited with exit code 129.

Resource usage summary:

    CPU time :                                   26.89 sec.
    Max Memory :                                 594 MB
    Average Memory :                             336.17 MB
    Total Requested Memory :                     4000.00 MB
    Delta Memory :                               3406.00 MB
    Max Swap :                                   -
    Max Processes :                              9
    Max Threads :                                50
    Run time :                                   29 sec.
    Turnaround time :                            29 sec.

The output (if any) follows:



PS:

Read file <30.err> for stderr output of this job.

Sender: LSF System <lsfadmin@ccb033>
Subject: Job 47537943: <bash -c "basf2 etapip_gg_fit_v6_toymc_100.py 30 > /home/belle2/jaeyoung/storage_ghi/Ntuples_ghi_2/MC15ri_generic/MC15ri_etaetapip_tight_v2_240419_Kp_BCS_etapi0const/bsub_log//MC15ri_etapip_gg_fitv6_toyMC_100_30.log"> in cluster <centralcluster> Done

Job <bash -c "basf2 etapip_gg_fit_v6_toymc_100.py 30 > /home/belle2/jaeyoung/storage_ghi/Ntuples_ghi_2/MC15ri_generic/MC15ri_etaetapip_tight_v2_240419_Kp_BCS_etapi0const/bsub_log//MC15ri_etapip_gg_fitv6_toyMC_100_30.log"> was submitted from host <ccw02> by user <jaeyoung> in cluster <centralcluster> at Wed Jul 10 21:16:26 2024
Job was executed on host(s) <ccb033>, in queue <h>, as user <jaeyoung> in cluster <centralcluster> at Wed Jul 10 21:16:42 2024
</home/belle2/jaeyoung> was used as the home directory.
</home/belle2/jaeyoung/workspace/DRAW_and_FITTING/main/FITTING/etapip/MC15ri_generic/tight_v2_fit_v6/ToyMC> was used as the working directory.
Started at Wed Jul 10 21:16:42 2024
Terminated at Wed Jul 10 22:05:27 2024
Results reported at Wed Jul 10 22:05:27 2024

Your job looked like:

------------------------------------------------------------
# LSBATCH: User input
bash -c "basf2 etapip_gg_fit_v6_toymc_100.py 30 > /home/belle2/jaeyoung/storage_ghi/Ntuples_ghi_2/MC15ri_generic/MC15ri_etaetapip_tight_v2_240419_Kp_BCS_etapi0const/bsub_log//MC15ri_etapip_gg_fitv6_toyMC_100_30.log"
------------------------------------------------------------

Successfully completed.

Resource usage summary:

    CPU time :                                   2897.54 sec.
    Max Memory :                                 1280 MB
    Average Memory :                             1191.83 MB
    Total Requested Memory :                     4000.00 MB
    Delta Memory :                               2720.00 MB
    Max Swap :                                   -
    Max Processes :                              19
    Max Threads :                                20
    Run time :                                   2925 sec.
    Turnaround time :                            2941 sec.

The output (if any) follows:



PS:

Read file <30.err> for stderr output of this job.

Sender: LSF System <lsfadmin@ccb120>
Subject: Job 47967279: <bash -c "basf2 etapip_gg_fit_v6_toymc_100.py 30 > /home/belle2/jaeyoung/storage_ghi/Ntuples_ghi_2/MC15ri_generic/MC15ri_etaetapip_tight_v2_240419_Kp_BCS_etapi0const/bsub_log//MC15ri_etapip_gg_fitv6_toyMC_100_30.log"> in cluster <centralcluster> Exited

Job <bash -c "basf2 etapip_gg_fit_v6_toymc_100.py 30 > /home/belle2/jaeyoung/storage_ghi/Ntuples_ghi_2/MC15ri_generic/MC15ri_etaetapip_tight_v2_240419_Kp_BCS_etapi0const/bsub_log//MC15ri_etapip_gg_fitv6_toyMC_100_30.log"> was submitted from host <ccw07> by user <jaeyoung> in cluster <centralcluster> at Thu Jul 11 15:26:56 2024
Job was executed on host(s) <ccb120>, in queue <h>, as user <jaeyoung> in cluster <centralcluster> at Thu Jul 11 15:26:57 2024
</home/belle2/jaeyoung> was used as the home directory.
</home/belle2/jaeyoung/workspace/DRAW_and_FITTING/main/FITTING/etapip/MC15ri_generic/tight_v2_fit_v6/ToyMC> was used as the working directory.
Started at Thu Jul 11 15:26:57 2024
Terminated at Thu Jul 11 15:27:14 2024
Results reported at Thu Jul 11 15:27:14 2024

Your job looked like:

------------------------------------------------------------
# LSBATCH: User input
bash -c "basf2 etapip_gg_fit_v6_toymc_100.py 30 > /home/belle2/jaeyoung/storage_ghi/Ntuples_ghi_2/MC15ri_generic/MC15ri_etaetapip_tight_v2_240419_Kp_BCS_etapi0const/bsub_log//MC15ri_etapip_gg_fitv6_toyMC_100_30.log"
------------------------------------------------------------

Exited with exit code 1.

Resource usage summary:

    CPU time :                                   14.93 sec.
    Max Memory :                                 559 MB
    Average Memory :                             404.20 MB
    Total Requested Memory :                     4000.00 MB
    Delta Memory :                               3441.00 MB
    Max Swap :                                   -
    Max Processes :                              9
    Max Threads :                                50
    Run time :                                   17 sec.
    Turnaround time :                            18 sec.

The output (if any) follows:



PS:

Read file <30.err> for stderr output of this job.

Sender: LSF System <lsfadmin@ccb076>
Subject: Job 47969083: <bash -c "basf2 etapip_gg_fit_v6_toymc_100.py 30 > /home/belle2/jaeyoung/storage_ghi/Ntuples_ghi_2/MC15ri_generic/MC15ri_etaetapip_tight_v2_240419_Kp_BCS_etapi0const/bsub_log//MC15ri_etapip_gg_fitv6_toyMC_100_30.log"> in cluster <centralcluster> Done

Job <bash -c "basf2 etapip_gg_fit_v6_toymc_100.py 30 > /home/belle2/jaeyoung/storage_ghi/Ntuples_ghi_2/MC15ri_generic/MC15ri_etaetapip_tight_v2_240419_Kp_BCS_etapi0const/bsub_log//MC15ri_etapip_gg_fitv6_toyMC_100_30.log"> was submitted from host <ccw07> by user <jaeyoung> in cluster <centralcluster> at Thu Jul 11 15:29:08 2024
Job was executed on host(s) <ccb076>, in queue <h>, as user <jaeyoung> in cluster <centralcluster> at Thu Jul 11 15:29:09 2024
</home/belle2/jaeyoung> was used as the home directory.
</home/belle2/jaeyoung/workspace/DRAW_and_FITTING/main/FITTING/etapip/MC15ri_generic/tight_v2_fit_v6/ToyMC> was used as the working directory.
Started at Thu Jul 11 15:29:09 2024
Terminated at Thu Jul 11 16:35:19 2024
Results reported at Thu Jul 11 16:35:19 2024

Your job looked like:

------------------------------------------------------------
# LSBATCH: User input
bash -c "basf2 etapip_gg_fit_v6_toymc_100.py 30 > /home/belle2/jaeyoung/storage_ghi/Ntuples_ghi_2/MC15ri_generic/MC15ri_etaetapip_tight_v2_240419_Kp_BCS_etapi0const/bsub_log//MC15ri_etapip_gg_fitv6_toyMC_100_30.log"
------------------------------------------------------------

Successfully completed.

Resource usage summary:

    CPU time :                                   3920.27 sec.
    Max Memory :                                 1282 MB
    Average Memory :                             1001.83 MB
    Total Requested Memory :                     4000.00 MB
    Delta Memory :                               2718.00 MB
    Max Swap :                                   -
    Max Processes :                              19
    Max Threads :                                20
    Run time :                                   3970 sec.
    Turnaround time :                            3971 sec.

The output (if any) follows:



PS:

Read file <30.err> for stderr output of this job.

