Error in <TFile::TFile>: file /home/belle2/jaeyoung/storage_ghi/reduced_ntuples/MC15ri/etapip_eteeta/MC15ri_etaetapip_tight_v2_240708_Kp_BCS_etapi0const_ccbar.root does not exist
Error in <TFile::TFile>: file /home/belle2/jaeyoung/storage_ghi/reduced_ntuples/MC15ri/etapip_eteeta/MC15ri_etaetapip_tight_v2_240708_Kp_BCS_etapi0const_uubar.root does not exist
Error in <TFile::TFile>: file /home/belle2/jaeyoung/storage_ghi/reduced_ntuples/MC15ri/etapip_eteeta/MC15ri_etaetapip_tight_v2_240708_Kp_BCS_etapi0const_uubar.root does not exist
Error in <TFile::TFile>: file /home/belle2/jaeyoung/storage_ghi/reduced_ntuples/MC15ri/etapip_eteeta/MC15ri_etaetapip_tight_v2_240708_Kp_BCS_etapi0const_ssbar.root does not exist
Error in <TFile::TFile>: file /home/belle2/jaeyoung/storage_ghi/reduced_ntuples/MC15ri/etapip_eteeta/MC15ri_etaetapip_tight_v2_240708_Kp_BCS_etapi0const_charged.root does not exist
Error in <TFile::TFile>: file /home/belle2/jaeyoung/storage_ghi/reduced_ntuples/MC15ri/etapip_eteeta/MC15ri_etaetapip_tight_v2_240708_Kp_BCS_etapi0const_mixed.root does not exist
Error in <TFile::TFile>: file /home/belle2/jaeyoung/storage_ghi/reduced_ntuples/MC15ri/etapip_eteeta/MC15ri_etaetapip_tight_v2_240708_Kp_BCS_etapi0const_taupair.root does not exist
Error in <TFile::TFile>: file /home/belle2/jaeyoung/storage_ghi/reduced_ntuples/MC15ri/etapip_eteeta/MC15ri_etaetapip_tight_v2_240708_Kp_BCS_etapi0const_ccbar.root does not exist
Error in <TFile::TFile>: file /home/belle2/jaeyoung/storage_ghi/reduced_ntuples/MC15ri/etapip_eteeta/MC15ri_etaetapip_tight_v2_240708_Kp_BCS_etapi0const_ccbar.root does not exist
Error in <TFile::TFile>: file /home/belle2/jaeyoung/storage_ghi/reduced_ntuples/MC15ri/etapip_eteeta/MC15ri_etaetapip_tight_v2_240708_Kp_BCS_etapi0const_ccbar.root does not exist
Error in <TFile::TFile>: file /home/belle2/jaeyoung/storage_ghi/reduced_ntuples/MC15ri/etapip_eteeta/MC15ri_etaetapip_tight_v2_240708_Kp_BCS_etapi0const_ccbar.root does not exist
 *** Break *** segmentation violation



===========================================================
There was a crash.
This is the entire stack trace of all threads:
===========================================================
#0  0x00002ab37b99e60c in waitpid () from /lib64/libc.so.6
#1  0x00002ab37b91bf62 in do_system () from /lib64/libc.so.6
#2  0x00002ab37bf9b84c in TUnixSystem::Exec (shellcmd=<optimized out>, this=0x1cfc570) at /cvmfs/belle.cern.ch/el7/externals/v02-00-03/src/root/core/unix/src/TUnixSystem.cxx:2120
#3  TUnixSystem::StackTrace (this=0x1cfc570) at /cvmfs/belle.cern.ch/el7/externals/v02-00-03/src/root/core/unix/src/TUnixSystem.cxx:2411
#4  0x00002ab37ec61dd3 in (anonymous namespace)::do_trace (sig=1) at /cvmfs/belle.cern.ch/el7/externals/v02-00-03/src/root/bindings/pyroot/cppyy/cppyy-backend/clingwrapper/src/clingwrapper.cxx:182
#5  (anonymous namespace)::TExceptionHandlerImp::HandleException (this=<optimized out>, sig=1) at /cvmfs/belle.cern.ch/el7/externals/v02-00-03/src/root/bindings/pyroot/cppyy/cppyy-backend/clingwrapper/src/clingwrapper.cxx:195
#6  0x00002ab37bf98cd1 in TUnixSystem::DispatchSignals (this=0x1cfc570, sig=kSigSegmentationViolation) at /cvmfs/belle.cern.ch/el7/externals/v02-00-03/src/root/core/unix/src/TUnixSystem.cxx:3644
#7  <signal handler called>
#8  0x00002ab37d021b10 in TBranch::Init (this=0x6e0de00, name=0x7ffe91338999 "Dp_M", leaflist=0x7ffe91338c89 "Dp_M/D", compress=<optimized out>) at /cvmfs/belle.cern.ch/el7/externals/v02-00-03/src/root/tree/tree/src/TBranch.cxx:431
#9  0x00002ab37d0222bc in TBranch::TBranch (this=this
entry=0x6e0de00, tree=tree
entry=0x698c9c0, name=name
entry=0x7ffe91338999 "Dp_M", address=address
entry=0x6997030, leaflist=leaflist
entry=0x7ffe91338c89 "Dp_M/D", basketsize=basketsize
entry=10485760, compress=-1) at /cvmfs/belle.cern.ch/el7/externals/v02-00-03/src/root/tree/tree/src/TBranch.cxx:243
#10 0x00002ab37d099e2c in TTree::Branch (this=0x698c9c0, name=0x7ffe91338999 "Dp_M", address=0x6997030, leaflist=0x7ffe91338c89 "Dp_M/D", bufsize=10485760) at /cvmfs/belle.cern.ch/el7/externals/v02-00-03/src/root/tree/tree/src/TTree.cxx:1969
#11 0x00002ab3967e8e6a in RooAbsReal::attachToTree (this=this
entry=0x6996d90, t=..., bufSize=bufSize
entry=10485760) at /cvmfs/belle.cern.ch/el7/externals/v02-00-03/src/root/roofit/roofitcore/src/RooAbsReal.cxx:3346
#12 0x00002ab396984236 in RooRealVar::attachToTree (this=0x6996d90, t=..., bufSize=10485760) at /cvmfs/belle.cern.ch/el7/externals/v02-00-03/src/root/roofit/roofitcore/src/RooRealVar.cxx:1105
#13 0x00002ab3969c03bb in RooTreeDataStore::loadValues (this=0x65b41a0, t=0x65b56c0, select=0x7ffe91339250) at /cvmfs/belle.cern.ch/el7/externals/v02-00-03/src/root/roofit/roofitcore/src/RooTreeDataStore.cxx:478
#14 0x00002ab3969c3d47 in RooTreeDataStore::RooTreeDataStore (this=this
entry=0x65b41a0, name=name
entry=0x658b9a8 "data", title=0x7ffe913391d0 "\030\244\026|\263*", title
entry=0x682e4d8 "", vars=..., t=..., selExpr=selExpr
entry=0x659a520 "etapip_gg_rank==1", wgtVarName=0x0) at /cvmfs/belle.cern.ch/el7/externals/v02-00-03/src/root/roofit/roofitcore/src/RooTreeDataStore.cxx:169
#15 0x00002ab396875238 in RooDataSet::RooDataSet (this=0x68b0b00, name=0x658b9a8 "data", title=0x682e4d8 "", theTree=0x65b56c0, vars=..., cuts=0x659a520 "etapip_gg_rank==1", wgtVarName=0x0) at /cvmfs/belle.cern.ch/el7/externals/v02-00-03/src/root/roofit/roofitcore/src/RooDataSet.cxx:786
#16 0x00002ab39a1bc206 in ?? ()
#17 0x0000000000000000 in ?? ()
===========================================================


The lines below might hint at the cause of the crash.
You may get help by asking at the ROOT forum https://root.cern.ch/forum
Only if you are really convinced it is a bug in ROOT then please submit a
report at https://root.cern.ch/bugs Please post the ENTIRE stack trace
from above as an attachment in addition to anything else
that might help us fixing this issue.
===========================================================
#8  0x00002ab37d021b10 in TBranch::Init (this=0x6e0de00, name=0x7ffe91338999 "Dp_M", leaflist=0x7ffe91338c89 "Dp_M/D", compress=<optimized out>) at /cvmfs/belle.cern.ch/el7/externals/v02-00-03/src/root/tree/tree/src/TBranch.cxx:431
#9  0x00002ab37d0222bc in TBranch::TBranch (this=this
entry=0x6e0de00, tree=tree
entry=0x698c9c0, name=name
entry=0x7ffe91338999 "Dp_M", address=address
entry=0x6997030, leaflist=leaflist
entry=0x7ffe91338c89 "Dp_M/D", basketsize=basketsize
entry=10485760, compress=-1) at /cvmfs/belle.cern.ch/el7/externals/v02-00-03/src/root/tree/tree/src/TBranch.cxx:243
#10 0x00002ab37d099e2c in TTree::Branch (this=0x698c9c0, name=0x7ffe91338999 "Dp_M", address=0x6997030, leaflist=0x7ffe91338c89 "Dp_M/D", bufsize=10485760) at /cvmfs/belle.cern.ch/el7/externals/v02-00-03/src/root/tree/tree/src/TTree.cxx:1969
#11 0x00002ab3967e8e6a in RooAbsReal::attachToTree (this=this
entry=0x6996d90, t=..., bufSize=bufSize
entry=10485760) at /cvmfs/belle.cern.ch/el7/externals/v02-00-03/src/root/roofit/roofitcore/src/RooAbsReal.cxx:3346
#12 0x00002ab396984236 in RooRealVar::attachToTree (this=0x6996d90, t=..., bufSize=10485760) at /cvmfs/belle.cern.ch/el7/externals/v02-00-03/src/root/roofit/roofitcore/src/RooRealVar.cxx:1105
#13 0x00002ab3969c03bb in RooTreeDataStore::loadValues (this=0x65b41a0, t=0x65b56c0, select=0x7ffe91339250) at /cvmfs/belle.cern.ch/el7/externals/v02-00-03/src/root/roofit/roofitcore/src/RooTreeDataStore.cxx:478
#14 0x00002ab3969c3d47 in RooTreeDataStore::RooTreeDataStore (this=this
entry=0x65b41a0, name=name
entry=0x658b9a8 "data", title=0x7ffe913391d0 "030244026|263*", title
entry=0x682e4d8 "", vars=..., t=..., selExpr=selExpr
entry=0x659a520 "etapip_gg_rank==1", wgtVarName=0x0) at /cvmfs/belle.cern.ch/el7/externals/v02-00-03/src/root/roofit/roofitcore/src/RooTreeDataStore.cxx:169
#15 0x00002ab396875238 in RooDataSet::RooDataSet (this=0x68b0b00, name=0x658b9a8 "data", title=0x682e4d8 "", theTree=0x65b56c0, vars=..., cuts=0x659a520 "etapip_gg_rank==1", wgtVarName=0x0) at /cvmfs/belle.cern.ch/el7/externals/v02-00-03/src/root/roofit/roofitcore/src/RooDataSet.cxx:786
#16 0x00002ab39a1bc206 in ?? ()
#17 0x0000000000000000 in ?? ()
===========================================================


 *** Break *** segmentation violation



===========================================================
There was a crash.
This is the entire stack trace of all threads:
===========================================================
#0  0x00002ab37b99e60c in waitpid () from /lib64/libc.so.6
#1  0x00002ab37b91bf62 in do_system () from /lib64/libc.so.6
#2  0x00002ab37bf9b84c in TUnixSystem::Exec (shellcmd=<optimized out>, this=0x1cfc570) at /cvmfs/belle.cern.ch/el7/externals/v02-00-03/src/root/core/unix/src/TUnixSystem.cxx:2120
#3  TUnixSystem::StackTrace (this=0x1cfc570) at /cvmfs/belle.cern.ch/el7/externals/v02-00-03/src/root/core/unix/src/TUnixSystem.cxx:2411
#4  0x00002ab37ec61c53 in (anonymous namespace)::do_trace (sig=1) at /cvmfs/belle.cern.ch/el7/externals/v02-00-03/src/root/bindings/pyroot/cppyy/cppyy-backend/clingwrapper/src/clingwrapper.cxx:182
#5  (anonymous namespace)::TExceptionHandlerImp::HandleException (this=<optimized out>, sig=1) at /cvmfs/belle.cern.ch/el7/externals/v02-00-03/src/root/bindings/pyroot/cppyy/cppyy-backend/clingwrapper/src/clingwrapper.cxx:201
#6  0x00002ab37bf98cd1 in TUnixSystem::DispatchSignals (this=0x1cfc570, sig=kSigSegmentationViolation) at /cvmfs/belle.cern.ch/el7/externals/v02-00-03/src/root/core/unix/src/TUnixSystem.cxx:3644
#7  <signal handler called>
#8  0x00002ab37d021b10 in TBranch::Init (this=0x6e0de00, name=0x7ffe91338999 "Dp_M", leaflist=0x7ffe91338c89 "Dp_M/D", compress=<optimized out>) at /cvmfs/belle.cern.ch/el7/externals/v02-00-03/src/root/tree/tree/src/TBranch.cxx:431
#9  0x00002ab37d0222bc in TBranch::TBranch (this=this
entry=0x6e0de00, tree=tree
entry=0x698c9c0, name=name
entry=0x7ffe91338999 "Dp_M", address=address
entry=0x6997030, leaflist=leaflist
entry=0x7ffe91338c89 "Dp_M/D", basketsize=basketsize
entry=10485760, compress=-1) at /cvmfs/belle.cern.ch/el7/externals/v02-00-03/src/root/tree/tree/src/TBranch.cxx:243
#10 0x00002ab37d099e2c in TTree::Branch (this=0x698c9c0, name=0x7ffe91338999 "Dp_M", address=0x6997030, leaflist=0x7ffe91338c89 "Dp_M/D", bufsize=10485760) at /cvmfs/belle.cern.ch/el7/externals/v02-00-03/src/root/tree/tree/src/TTree.cxx:1969
#11 0x00002ab3967e8e6a in RooAbsReal::attachToTree (this=this
entry=0x6996d90, t=..., bufSize=bufSize
entry=10485760) at /cvmfs/belle.cern.ch/el7/externals/v02-00-03/src/root/roofit/roofitcore/src/RooAbsReal.cxx:3346
#12 0x00002ab396984236 in RooRealVar::attachToTree (this=0x6996d90, t=..., bufSize=10485760) at /cvmfs/belle.cern.ch/el7/externals/v02-00-03/src/root/roofit/roofitcore/src/RooRealVar.cxx:1105
#13 0x00002ab3969c03bb in RooTreeDataStore::loadValues (this=0x65b41a0, t=0x65b56c0, select=0x7ffe91339250) at /cvmfs/belle.cern.ch/el7/externals/v02-00-03/src/root/roofit/roofitcore/src/RooTreeDataStore.cxx:478
#14 0x00002ab3969c3d47 in RooTreeDataStore::RooTreeDataStore (this=this
entry=0x65b41a0, name=name
entry=0x658b9a8 "data", title=0x7ffe913391d0 "\030\244\026|\263*", title
entry=0x682e4d8 "", vars=..., t=..., selExpr=selExpr
entry=0x659a520 "etapip_gg_rank==1", wgtVarName=0x0) at /cvmfs/belle.cern.ch/el7/externals/v02-00-03/src/root/roofit/roofitcore/src/RooTreeDataStore.cxx:169
#15 0x00002ab396875238 in RooDataSet::RooDataSet (this=0x68b0b00, name=0x658b9a8 "data", title=0x682e4d8 "", theTree=0x65b56c0, vars=..., cuts=0x659a520 "etapip_gg_rank==1", wgtVarName=0x0) at /cvmfs/belle.cern.ch/el7/externals/v02-00-03/src/root/roofit/roofitcore/src/RooDataSet.cxx:786
#16 0x00002ab39a1bc206 in ?? ()
#17 0x0000000000000000 in ?? ()
===========================================================


The lines below might hint at the cause of the crash.
You may get help by asking at the ROOT forum https://root.cern.ch/forum
Only if you are really convinced it is a bug in ROOT then please submit a
report at https://root.cern.ch/bugs Please post the ENTIRE stack trace
from above as an attachment in addition to anything else
that might help us fixing this issue.
===========================================================
#8  0x00002ab37d021b10 in TBranch::Init (this=0x6e0de00, name=0x7ffe91338999 "Dp_M", leaflist=0x7ffe91338c89 "Dp_M/D", compress=<optimized out>) at /cvmfs/belle.cern.ch/el7/externals/v02-00-03/src/root/tree/tree/src/TBranch.cxx:431
#9  0x00002ab37d0222bc in TBranch::TBranch (this=this
entry=0x6e0de00, tree=tree
entry=0x698c9c0, name=name
entry=0x7ffe91338999 "Dp_M", address=address
entry=0x6997030, leaflist=leaflist
entry=0x7ffe91338c89 "Dp_M/D", basketsize=basketsize
entry=10485760, compress=-1) at /cvmfs/belle.cern.ch/el7/externals/v02-00-03/src/root/tree/tree/src/TBranch.cxx:243
#10 0x00002ab37d099e2c in TTree::Branch (this=0x698c9c0, name=0x7ffe91338999 "Dp_M", address=0x6997030, leaflist=0x7ffe91338c89 "Dp_M/D", bufsize=10485760) at /cvmfs/belle.cern.ch/el7/externals/v02-00-03/src/root/tree/tree/src/TTree.cxx:1969
#11 0x00002ab3967e8e6a in RooAbsReal::attachToTree (this=this
entry=0x6996d90, t=..., bufSize=bufSize
entry=10485760) at /cvmfs/belle.cern.ch/el7/externals/v02-00-03/src/root/roofit/roofitcore/src/RooAbsReal.cxx:3346
#12 0x00002ab396984236 in RooRealVar::attachToTree (this=0x6996d90, t=..., bufSize=10485760) at /cvmfs/belle.cern.ch/el7/externals/v02-00-03/src/root/roofit/roofitcore/src/RooRealVar.cxx:1105
#13 0x00002ab3969c03bb in RooTreeDataStore::loadValues (this=0x65b41a0, t=0x65b56c0, select=0x7ffe91339250) at /cvmfs/belle.cern.ch/el7/externals/v02-00-03/src/root/roofit/roofitcore/src/RooTreeDataStore.cxx:478
#14 0x00002ab3969c3d47 in RooTreeDataStore::RooTreeDataStore (this=this
entry=0x65b41a0, name=name
entry=0x658b9a8 "data", title=0x7ffe913391d0 "030244026|263*", title
entry=0x682e4d8 "", vars=..., t=..., selExpr=selExpr
entry=0x659a520 "etapip_gg_rank==1", wgtVarName=0x0) at /cvmfs/belle.cern.ch/el7/externals/v02-00-03/src/root/roofit/roofitcore/src/RooTreeDataStore.cxx:169
#15 0x00002ab396875238 in RooDataSet::RooDataSet (this=0x68b0b00, name=0x658b9a8 "data", title=0x682e4d8 "", theTree=0x65b56c0, vars=..., cuts=0x659a520 "etapip_gg_rank==1", wgtVarName=0x0) at /cvmfs/belle.cern.ch/el7/externals/v02-00-03/src/root/roofit/roofitcore/src/RooDataSet.cxx:786
#16 0x00002ab39a1bc206 in ?? ()
#17 0x0000000000000000 in ?? ()
===========================================================


Error in <TFile::TFile>: file /gpfs/home/belle2/jaeyoung/workspace/DRAW_and_FITTING/main/FITTING/etapip/MC15ri_generic/tight_v2_fit_v6/ToyMC/home/belle2/jaeyoung/storage_b2/storage/reduced_ntuples/MC15ri/etapip_eteeta/MC15ri_etaetapip_tight_v2_240708_Kp_BCS_etapi0const_ccbar.root does not exist
Error in <TFile::TFile>: file /gpfs/home/belle2/jaeyoung/workspace/DRAW_and_FITTING/main/FITTING/etapip/MC15ri_generic/tight_v2_fit_v6/ToyMC/home/belle2/jaeyoung/storage_b2/storage/reduced_ntuples/MC15ri/etapip_eteeta/MC15ri_etaetapip_tight_v2_240708_Kp_BCS_etapi0const_uubar.root does not exist
Error in <TFile::TFile>: file /gpfs/home/belle2/jaeyoung/workspace/DRAW_and_FITTING/main/FITTING/etapip/MC15ri_generic/tight_v2_fit_v6/ToyMC/home/belle2/jaeyoung/storage_b2/storage/reduced_ntuples/MC15ri/etapip_eteeta/MC15ri_etaetapip_tight_v2_240708_Kp_BCS_etapi0const_uubar.root does not exist
Error in <TFile::TFile>: file /gpfs/home/belle2/jaeyoung/workspace/DRAW_and_FITTING/main/FITTING/etapip/MC15ri_generic/tight_v2_fit_v6/ToyMC/home/belle2/jaeyoung/storage_b2/storage/reduced_ntuples/MC15ri/etapip_eteeta/MC15ri_etaetapip_tight_v2_240708_Kp_BCS_etapi0const_ssbar.root does not exist
Error in <TFile::TFile>: file /gpfs/home/belle2/jaeyoung/workspace/DRAW_and_FITTING/main/FITTING/etapip/MC15ri_generic/tight_v2_fit_v6/ToyMC/home/belle2/jaeyoung/storage_b2/storage/reduced_ntuples/MC15ri/etapip_eteeta/MC15ri_etaetapip_tight_v2_240708_Kp_BCS_etapi0const_charged.root does not exist
Error in <TFile::TFile>: file /gpfs/home/belle2/jaeyoung/workspace/DRAW_and_FITTING/main/FITTING/etapip/MC15ri_generic/tight_v2_fit_v6/ToyMC/home/belle2/jaeyoung/storage_b2/storage/reduced_ntuples/MC15ri/etapip_eteeta/MC15ri_etaetapip_tight_v2_240708_Kp_BCS_etapi0const_mixed.root does not exist
Error in <TFile::TFile>: file /gpfs/home/belle2/jaeyoung/workspace/DRAW_and_FITTING/main/FITTING/etapip/MC15ri_generic/tight_v2_fit_v6/ToyMC/home/belle2/jaeyoung/storage_b2/storage/reduced_ntuples/MC15ri/etapip_eteeta/MC15ri_etaetapip_tight_v2_240708_Kp_BCS_etapi0const_taupair.root does not exist
Error in <TFile::TFile>: file /gpfs/home/belle2/jaeyoung/workspace/DRAW_and_FITTING/main/FITTING/etapip/MC15ri_generic/tight_v2_fit_v6/ToyMC/home/belle2/jaeyoung/storage_b2/storage/reduced_ntuples/MC15ri/etapip_eteeta/MC15ri_etaetapip_tight_v2_240708_Kp_BCS_etapi0const_ccbar.root does not exist
Error in <TFile::TFile>: file /gpfs/home/belle2/jaeyoung/workspace/DRAW_and_FITTING/main/FITTING/etapip/MC15ri_generic/tight_v2_fit_v6/ToyMC/home/belle2/jaeyoung/storage_b2/storage/reduced_ntuples/MC15ri/etapip_eteeta/MC15ri_etaetapip_tight_v2_240708_Kp_BCS_etapi0const_ccbar.root does not exist
Error in <TFile::TFile>: file /gpfs/home/belle2/jaeyoung/workspace/DRAW_and_FITTING/main/FITTING/etapip/MC15ri_generic/tight_v2_fit_v6/ToyMC/home/belle2/jaeyoung/storage_b2/storage/reduced_ntuples/MC15ri/etapip_eteeta/MC15ri_etaetapip_tight_v2_240708_Kp_BCS_etapi0const_ccbar.root does not exist
Error in <TFile::TFile>: file /gpfs/home/belle2/jaeyoung/workspace/DRAW_and_FITTING/main/FITTING/etapip/MC15ri_generic/tight_v2_fit_v6/ToyMC/home/belle2/jaeyoung/storage_b2/storage/reduced_ntuples/MC15ri/etapip_eteeta/MC15ri_etaetapip_tight_v2_240708_Kp_BCS_etapi0const_ccbar.root does not exist
 *** Break *** segmentation violation



===========================================================
There was a crash.
This is the entire stack trace of all threads:
===========================================================
#0  0x00002b3df8be160c in waitpid () from /lib64/libc.so.6
#1  0x00002b3df8b5ef62 in do_system () from /lib64/libc.so.6
#2  0x00002b3df91de84c in TUnixSystem::Exec (shellcmd=<optimized out>, this=0x985570) at /cvmfs/belle.cern.ch/el7/externals/v02-00-03/src/root/core/unix/src/TUnixSystem.cxx:2120
#3  TUnixSystem::StackTrace (this=0x985570) at /cvmfs/belle.cern.ch/el7/externals/v02-00-03/src/root/core/unix/src/TUnixSystem.cxx:2411
#4  0x00002b3dfbea4dd3 in (anonymous namespace)::do_trace (sig=1) at /cvmfs/belle.cern.ch/el7/externals/v02-00-03/src/root/bindings/pyroot/cppyy/cppyy-backend/clingwrapper/src/clingwrapper.cxx:182
#5  (anonymous namespace)::TExceptionHandlerImp::HandleException (this=<optimized out>, sig=1) at /cvmfs/belle.cern.ch/el7/externals/v02-00-03/src/root/bindings/pyroot/cppyy/cppyy-backend/clingwrapper/src/clingwrapper.cxx:195
#6  0x00002b3df91dbcd1 in TUnixSystem::DispatchSignals (this=0x985570, sig=kSigSegmentationViolation) at /cvmfs/belle.cern.ch/el7/externals/v02-00-03/src/root/core/unix/src/TUnixSystem.cxx:3644
#7  <signal handler called>
#8  0x00002b3dfa264b10 in TBranch::Init (this=0x531ed80, name=0x7ffd5b951939 "Dp_M", leaflist=0x7ffd5b951c29 "Dp_M/D", compress=<optimized out>) at /cvmfs/belle.cern.ch/el7/externals/v02-00-03/src/root/tree/tree/src/TBranch.cxx:431
#9  0x00002b3dfa2652bc in TBranch::TBranch (this=this
entry=0x531ed80, tree=tree
entry=0x5616fa0, name=name
entry=0x7ffd5b951939 "Dp_M", address=address
entry=0x561a060, leaflist=leaflist
entry=0x7ffd5b951c29 "Dp_M/D", basketsize=basketsize
entry=10485760, compress=-1) at /cvmfs/belle.cern.ch/el7/externals/v02-00-03/src/root/tree/tree/src/TBranch.cxx:243
#10 0x00002b3dfa2dce2c in TTree::Branch (this=0x5616fa0, name=0x7ffd5b951939 "Dp_M", address=0x561a060, leaflist=0x7ffd5b951c29 "Dp_M/D", bufsize=10485760) at /cvmfs/belle.cern.ch/el7/externals/v02-00-03/src/root/tree/tree/src/TTree.cxx:1969
#11 0x00002b3e13a2be6a in RooAbsReal::attachToTree (this=this
entry=0x5619dc0, t=..., bufSize=bufSize
entry=10485760) at /cvmfs/belle.cern.ch/el7/externals/v02-00-03/src/root/roofit/roofitcore/src/RooAbsReal.cxx:3346
#12 0x00002b3e13bc7236 in RooRealVar::attachToTree (this=0x5619dc0, t=..., bufSize=10485760) at /cvmfs/belle.cern.ch/el7/externals/v02-00-03/src/root/roofit/roofitcore/src/RooRealVar.cxx:1105
#13 0x00002b3e13c033bb in RooTreeDataStore::loadValues (this=0x52e3c10, t=0x5208680, select=0x7ffd5b9521f0) at /cvmfs/belle.cern.ch/el7/externals/v02-00-03/src/root/roofit/roofitcore/src/RooTreeDataStore.cxx:478
#14 0x00002b3e13c06d47 in RooTreeDataStore::RooTreeDataStore (this=this
entry=0x52e3c10, name=name
entry=0x521e808 "data", title=0x7ffd5b952170 "\030\324:\371=+", title
entry=0x521e848 "", vars=..., t=..., selExpr=selExpr
entry=0x5271820 "etapip_gg_rank==1", wgtVarName=0x0) at /cvmfs/belle.cern.ch/el7/externals/v02-00-03/src/root/roofit/roofitcore/src/RooTreeDataStore.cxx:169
#15 0x00002b3e13ab8238 in RooDataSet::RooDataSet (this=0x553b210, name=0x521e808 "data", title=0x521e848 "", theTree=0x5208680, vars=..., cuts=0x5271820 "etapip_gg_rank==1", wgtVarName=0x0) at /cvmfs/belle.cern.ch/el7/externals/v02-00-03/src/root/roofit/roofitcore/src/RooDataSet.cxx:786
#16 0x00002b3e173ff206 in ?? ()
#17 0x0000000000000000 in ?? ()
===========================================================


The lines below might hint at the cause of the crash.
You may get help by asking at the ROOT forum https://root.cern.ch/forum
Only if you are really convinced it is a bug in ROOT then please submit a
report at https://root.cern.ch/bugs Please post the ENTIRE stack trace
from above as an attachment in addition to anything else
that might help us fixing this issue.
===========================================================
#8  0x00002b3dfa264b10 in TBranch::Init (this=0x531ed80, name=0x7ffd5b951939 "Dp_M", leaflist=0x7ffd5b951c29 "Dp_M/D", compress=<optimized out>) at /cvmfs/belle.cern.ch/el7/externals/v02-00-03/src/root/tree/tree/src/TBranch.cxx:431
#9  0x00002b3dfa2652bc in TBranch::TBranch (this=this
entry=0x531ed80, tree=tree
entry=0x5616fa0, name=name
entry=0x7ffd5b951939 "Dp_M", address=address
entry=0x561a060, leaflist=leaflist
entry=0x7ffd5b951c29 "Dp_M/D", basketsize=basketsize
entry=10485760, compress=-1) at /cvmfs/belle.cern.ch/el7/externals/v02-00-03/src/root/tree/tree/src/TBranch.cxx:243
#10 0x00002b3dfa2dce2c in TTree::Branch (this=0x5616fa0, name=0x7ffd5b951939 "Dp_M", address=0x561a060, leaflist=0x7ffd5b951c29 "Dp_M/D", bufsize=10485760) at /cvmfs/belle.cern.ch/el7/externals/v02-00-03/src/root/tree/tree/src/TTree.cxx:1969
#11 0x00002b3e13a2be6a in RooAbsReal::attachToTree (this=this
entry=0x5619dc0, t=..., bufSize=bufSize
entry=10485760) at /cvmfs/belle.cern.ch/el7/externals/v02-00-03/src/root/roofit/roofitcore/src/RooAbsReal.cxx:3346
#12 0x00002b3e13bc7236 in RooRealVar::attachToTree (this=0x5619dc0, t=..., bufSize=10485760) at /cvmfs/belle.cern.ch/el7/externals/v02-00-03/src/root/roofit/roofitcore/src/RooRealVar.cxx:1105
#13 0x00002b3e13c033bb in RooTreeDataStore::loadValues (this=0x52e3c10, t=0x5208680, select=0x7ffd5b9521f0) at /cvmfs/belle.cern.ch/el7/externals/v02-00-03/src/root/roofit/roofitcore/src/RooTreeDataStore.cxx:478
#14 0x00002b3e13c06d47 in RooTreeDataStore::RooTreeDataStore (this=this
entry=0x52e3c10, name=name
entry=0x521e808 "data", title=0x7ffd5b952170 "030324:371=+", title
entry=0x521e848 "", vars=..., t=..., selExpr=selExpr
entry=0x5271820 "etapip_gg_rank==1", wgtVarName=0x0) at /cvmfs/belle.cern.ch/el7/externals/v02-00-03/src/root/roofit/roofitcore/src/RooTreeDataStore.cxx:169
#15 0x00002b3e13ab8238 in RooDataSet::RooDataSet (this=0x553b210, name=0x521e808 "data", title=0x521e848 "", theTree=0x5208680, vars=..., cuts=0x5271820 "etapip_gg_rank==1", wgtVarName=0x0) at /cvmfs/belle.cern.ch/el7/externals/v02-00-03/src/root/roofit/roofitcore/src/RooDataSet.cxx:786
#16 0x00002b3e173ff206 in ?? ()
#17 0x0000000000000000 in ?? ()
===========================================================


 *** Break *** segmentation violation



===========================================================
There was a crash.
This is the entire stack trace of all threads:
===========================================================
#0  0x00002b3df8be160c in waitpid () from /lib64/libc.so.6
#1  0x00002b3df8b5ef62 in do_system () from /lib64/libc.so.6
#2  0x00002b3df91de84c in TUnixSystem::Exec (shellcmd=<optimized out>, this=0x985570) at /cvmfs/belle.cern.ch/el7/externals/v02-00-03/src/root/core/unix/src/TUnixSystem.cxx:2120
#3  TUnixSystem::StackTrace (this=0x985570) at /cvmfs/belle.cern.ch/el7/externals/v02-00-03/src/root/core/unix/src/TUnixSystem.cxx:2411
#4  0x00002b3dfbea4c53 in (anonymous namespace)::do_trace (sig=1) at /cvmfs/belle.cern.ch/el7/externals/v02-00-03/src/root/bindings/pyroot/cppyy/cppyy-backend/clingwrapper/src/clingwrapper.cxx:182
#5  (anonymous namespace)::TExceptionHandlerImp::HandleException (this=<optimized out>, sig=1) at /cvmfs/belle.cern.ch/el7/externals/v02-00-03/src/root/bindings/pyroot/cppyy/cppyy-backend/clingwrapper/src/clingwrapper.cxx:201
#6  0x00002b3df91dbcd1 in TUnixSystem::DispatchSignals (this=0x985570, sig=kSigSegmentationViolation) at /cvmfs/belle.cern.ch/el7/externals/v02-00-03/src/root/core/unix/src/TUnixSystem.cxx:3644
#7  <signal handler called>
#8  0x00002b3dfa264b10 in TBranch::Init (this=0x531ed80, name=0x7ffd5b951939 "Dp_M", leaflist=0x7ffd5b951c29 "Dp_M/D", compress=<optimized out>) at /cvmfs/belle.cern.ch/el7/externals/v02-00-03/src/root/tree/tree/src/TBranch.cxx:431
#9  0x00002b3dfa2652bc in TBranch::TBranch (this=this
entry=0x531ed80, tree=tree
entry=0x5616fa0, name=name
entry=0x7ffd5b951939 "Dp_M", address=address
entry=0x561a060, leaflist=leaflist
entry=0x7ffd5b951c29 "Dp_M/D", basketsize=basketsize
entry=10485760, compress=-1) at /cvmfs/belle.cern.ch/el7/externals/v02-00-03/src/root/tree/tree/src/TBranch.cxx:243
#10 0x00002b3dfa2dce2c in TTree::Branch (this=0x5616fa0, name=0x7ffd5b951939 "Dp_M", address=0x561a060, leaflist=0x7ffd5b951c29 "Dp_M/D", bufsize=10485760) at /cvmfs/belle.cern.ch/el7/externals/v02-00-03/src/root/tree/tree/src/TTree.cxx:1969
#11 0x00002b3e13a2be6a in RooAbsReal::attachToTree (this=this
entry=0x5619dc0, t=..., bufSize=bufSize
entry=10485760) at /cvmfs/belle.cern.ch/el7/externals/v02-00-03/src/root/roofit/roofitcore/src/RooAbsReal.cxx:3346
#12 0x00002b3e13bc7236 in RooRealVar::attachToTree (this=0x5619dc0, t=..., bufSize=10485760) at /cvmfs/belle.cern.ch/el7/externals/v02-00-03/src/root/roofit/roofitcore/src/RooRealVar.cxx:1105
#13 0x00002b3e13c033bb in RooTreeDataStore::loadValues (this=0x52e3c10, t=0x5208680, select=0x7ffd5b9521f0) at /cvmfs/belle.cern.ch/el7/externals/v02-00-03/src/root/roofit/roofitcore/src/RooTreeDataStore.cxx:478
#14 0x00002b3e13c06d47 in RooTreeDataStore::RooTreeDataStore (this=this
entry=0x52e3c10, name=name
entry=0x521e808 "data", title=0x7ffd5b952170 "\030\324:\371=+", title
entry=0x521e848 "", vars=..., t=..., selExpr=selExpr
entry=0x5271820 "etapip_gg_rank==1", wgtVarName=0x0) at /cvmfs/belle.cern.ch/el7/externals/v02-00-03/src/root/roofit/roofitcore/src/RooTreeDataStore.cxx:169
#15 0x00002b3e13ab8238 in RooDataSet::RooDataSet (this=0x553b210, name=0x521e808 "data", title=0x521e848 "", theTree=0x5208680, vars=..., cuts=0x5271820 "etapip_gg_rank==1", wgtVarName=0x0) at /cvmfs/belle.cern.ch/el7/externals/v02-00-03/src/root/roofit/roofitcore/src/RooDataSet.cxx:786
#16 0x00002b3e173ff206 in ?? ()
#17 0x0000000000000000 in ?? ()
===========================================================


The lines below might hint at the cause of the crash.
You may get help by asking at the ROOT forum https://root.cern.ch/forum
Only if you are really convinced it is a bug in ROOT then please submit a
report at https://root.cern.ch/bugs Please post the ENTIRE stack trace
from above as an attachment in addition to anything else
that might help us fixing this issue.
===========================================================
#8  0x00002b3dfa264b10 in TBranch::Init (this=0x531ed80, name=0x7ffd5b951939 "Dp_M", leaflist=0x7ffd5b951c29 "Dp_M/D", compress=<optimized out>) at /cvmfs/belle.cern.ch/el7/externals/v02-00-03/src/root/tree/tree/src/TBranch.cxx:431
#9  0x00002b3dfa2652bc in TBranch::TBranch (this=this
entry=0x531ed80, tree=tree
entry=0x5616fa0, name=name
entry=0x7ffd5b951939 "Dp_M", address=address
entry=0x561a060, leaflist=leaflist
entry=0x7ffd5b951c29 "Dp_M/D", basketsize=basketsize
entry=10485760, compress=-1) at /cvmfs/belle.cern.ch/el7/externals/v02-00-03/src/root/tree/tree/src/TBranch.cxx:243
#10 0x00002b3dfa2dce2c in TTree::Branch (this=0x5616fa0, name=0x7ffd5b951939 "Dp_M", address=0x561a060, leaflist=0x7ffd5b951c29 "Dp_M/D", bufsize=10485760) at /cvmfs/belle.cern.ch/el7/externals/v02-00-03/src/root/tree/tree/src/TTree.cxx:1969
#11 0x00002b3e13a2be6a in RooAbsReal::attachToTree (this=this
entry=0x5619dc0, t=..., bufSize=bufSize
entry=10485760) at /cvmfs/belle.cern.ch/el7/externals/v02-00-03/src/root/roofit/roofitcore/src/RooAbsReal.cxx:3346
#12 0x00002b3e13bc7236 in RooRealVar::attachToTree (this=0x5619dc0, t=..., bufSize=10485760) at /cvmfs/belle.cern.ch/el7/externals/v02-00-03/src/root/roofit/roofitcore/src/RooRealVar.cxx:1105
#13 0x00002b3e13c033bb in RooTreeDataStore::loadValues (this=0x52e3c10, t=0x5208680, select=0x7ffd5b9521f0) at /cvmfs/belle.cern.ch/el7/externals/v02-00-03/src/root/roofit/roofitcore/src/RooTreeDataStore.cxx:478
#14 0x00002b3e13c06d47 in RooTreeDataStore::RooTreeDataStore (this=this
entry=0x52e3c10, name=name
entry=0x521e808 "data", title=0x7ffd5b952170 "030324:371=+", title
entry=0x521e848 "", vars=..., t=..., selExpr=selExpr
entry=0x5271820 "etapip_gg_rank==1", wgtVarName=0x0) at /cvmfs/belle.cern.ch/el7/externals/v02-00-03/src/root/roofit/roofitcore/src/RooTreeDataStore.cxx:169
#15 0x00002b3e13ab8238 in RooDataSet::RooDataSet (this=0x553b210, name=0x521e808 "data", title=0x521e848 "", theTree=0x5208680, vars=..., cuts=0x5271820 "etapip_gg_rank==1", wgtVarName=0x0) at /cvmfs/belle.cern.ch/el7/externals/v02-00-03/src/root/roofit/roofitcore/src/RooDataSet.cxx:786
#16 0x00002b3e173ff206 in ?? ()
#17 0x0000000000000000 in ?? ()
===========================================================


Info in <TMinuitMinimizer::Minimize>: Finished to run MIGRAD - status 4
Info in <TMinuitMinimizer::Minimize>: Finished to run MIGRAD - status 4
Error in <TGClient::TGClient>: can't open display "ccw07:57.0", switching to batch mode...
 In case you run from a remote ssh session, reconnect with ssh -Y
Error in <TFile::TFile>: file /home/belle2/jaeyoung/storage_b2/storage/reduced_ntuples/MC15ri/etapip_eteeta/MC15ri_etaetapip_tight_v2_240708_Kp_BCS_etapi0const_ccbar.root does not exist
Error in <TFile::TFile>: file /home/belle2/jaeyoung/storage_b2/storage/reduced_ntuples/MC15ri/etapip_eteeta/MC15ri_etaetapip_tight_v2_240708_Kp_BCS_etapi0const_uubar.root does not exist
Error in <TFile::TFile>: file /home/belle2/jaeyoung/storage_b2/storage/reduced_ntuples/MC15ri/etapip_eteeta/MC15ri_etaetapip_tight_v2_240708_Kp_BCS_etapi0const_uubar.root does not exist
Error in <TFile::TFile>: file /home/belle2/jaeyoung/storage_b2/storage/reduced_ntuples/MC15ri/etapip_eteeta/MC15ri_etaetapip_tight_v2_240708_Kp_BCS_etapi0const_ssbar.root does not exist
Error in <TFile::TFile>: file /home/belle2/jaeyoung/storage_b2/storage/reduced_ntuples/MC15ri/etapip_eteeta/MC15ri_etaetapip_tight_v2_240708_Kp_BCS_etapi0const_charged.root does not exist
Error in <TFile::TFile>: file /home/belle2/jaeyoung/storage_b2/storage/reduced_ntuples/MC15ri/etapip_eteeta/MC15ri_etaetapip_tight_v2_240708_Kp_BCS_etapi0const_mixed.root does not exist
Error in <TFile::TFile>: file /home/belle2/jaeyoung/storage_b2/storage/reduced_ntuples/MC15ri/etapip_eteeta/MC15ri_etaetapip_tight_v2_240708_Kp_BCS_etapi0const_taupair.root does not exist
Error in <TFile::TFile>: file /home/belle2/jaeyoung/storage_b2/storage/reduced_ntuples/MC15ri/etapip_eteeta/MC15ri_etaetapip_tight_v2_240708_Kp_BCS_etapi0const_ccbar.root does not exist
Error in <TFile::TFile>: file /home/belle2/jaeyoung/storage_b2/storage/reduced_ntuples/MC15ri/etapip_eteeta/MC15ri_etaetapip_tight_v2_240708_Kp_BCS_etapi0const_ccbar.root does not exist
Error in <TFile::TFile>: file /home/belle2/jaeyoung/storage_b2/storage/reduced_ntuples/MC15ri/etapip_eteeta/MC15ri_etaetapip_tight_v2_240708_Kp_BCS_etapi0const_ccbar.root does not exist
Error in <TFile::TFile>: file /home/belle2/jaeyoung/storage_b2/storage/reduced_ntuples/MC15ri/etapip_eteeta/MC15ri_etaetapip_tight_v2_240708_Kp_BCS_etapi0const_ccbar.root does not exist
 *** Break *** segmentation violation



===========================================================
There was a crash.
This is the entire stack trace of all threads:
===========================================================
#0  0x00002b4507e3760c in waitpid () from /lib64/libc.so.6
#1  0x00002b4507db4f62 in do_system () from /lib64/libc.so.6
#2  0x00002b450843484c in TUnixSystem::Exec (shellcmd=<optimized out>, this=0x8db570) at /cvmfs/belle.cern.ch/el7/externals/v02-00-03/src/root/core/unix/src/TUnixSystem.cxx:2120
#3  TUnixSystem::StackTrace (this=0x8db570) at /cvmfs/belle.cern.ch/el7/externals/v02-00-03/src/root/core/unix/src/TUnixSystem.cxx:2411
#4  0x00002b450b0fadd3 in (anonymous namespace)::do_trace (sig=1) at /cvmfs/belle.cern.ch/el7/externals/v02-00-03/src/root/bindings/pyroot/cppyy/cppyy-backend/clingwrapper/src/clingwrapper.cxx:182
#5  (anonymous namespace)::TExceptionHandlerImp::HandleException (this=<optimized out>, sig=1) at /cvmfs/belle.cern.ch/el7/externals/v02-00-03/src/root/bindings/pyroot/cppyy/cppyy-backend/clingwrapper/src/clingwrapper.cxx:195
#6  0x00002b4508431cd1 in TUnixSystem::DispatchSignals (this=0x8db570, sig=kSigSegmentationViolation) at /cvmfs/belle.cern.ch/el7/externals/v02-00-03/src/root/core/unix/src/TUnixSystem.cxx:3644
#7  <signal handler called>
#8  0x00002b45094bab10 in TBranch::Init (this=0x5aaf380, name=0x7ffc0c3ed459 "Dp_M", leaflist=0x7ffc0c3ed749 "Dp_M/D", compress=<optimized out>) at /cvmfs/belle.cern.ch/el7/externals/v02-00-03/src/root/tree/tree/src/TBranch.cxx:431
#9  0x00002b45094bb2bc in TBranch::TBranch (this=this
entry=0x5aaf380, tree=tree
entry=0x56666b0, name=name
entry=0x7ffc0c3ed459 "Dp_M", address=address
entry=0x5a89640, leaflist=leaflist
entry=0x7ffc0c3ed749 "Dp_M/D", basketsize=basketsize
entry=10485760, compress=-1) at /cvmfs/belle.cern.ch/el7/externals/v02-00-03/src/root/tree/tree/src/TBranch.cxx:243
#10 0x00002b4509532e2c in TTree::Branch (this=0x56666b0, name=0x7ffc0c3ed459 "Dp_M", address=0x5a89640, leaflist=0x7ffc0c3ed749 "Dp_M/D", bufsize=10485760) at /cvmfs/belle.cern.ch/el7/externals/v02-00-03/src/root/tree/tree/src/TTree.cxx:1969
#11 0x00002b452457ae6a in RooAbsReal::attachToTree (this=this
entry=0x5a893a0, t=..., bufSize=bufSize
entry=10485760) at /cvmfs/belle.cern.ch/el7/externals/v02-00-03/src/root/roofit/roofitcore/src/RooAbsReal.cxx:3346
#12 0x00002b4524716236 in RooRealVar::attachToTree (this=0x5a893a0, t=..., bufSize=10485760) at /cvmfs/belle.cern.ch/el7/externals/v02-00-03/src/root/roofit/roofitcore/src/RooRealVar.cxx:1105
#13 0x00002b45247523bb in RooTreeDataStore::loadValues (this=0x5371370, t=0x5247540, select=0x7ffc0c3edd10) at /cvmfs/belle.cern.ch/el7/externals/v02-00-03/src/root/roofit/roofitcore/src/RooTreeDataStore.cxx:478
#14 0x00002b4524755d47 in RooTreeDataStore::RooTreeDataStore (this=this
entry=0x5371370, name=name
entry=0x5530118 "data", title=0x7ffc0c3edc90 "\030\064`\bE+", title
entry=0x5387748 "", vars=..., t=..., selExpr=selExpr
entry=0x525bf70 "etapip_gg_rank==1", wgtVarName=0x0) at /cvmfs/belle.cern.ch/el7/externals/v02-00-03/src/root/roofit/roofitcore/src/RooTreeDataStore.cxx:169
#15 0x00002b4524607238 in RooDataSet::RooDataSet (this=0x558bd40, name=0x5530118 "data", title=0x5387748 "", theTree=0x5247540, vars=..., cuts=0x525bf70 "etapip_gg_rank==1", wgtVarName=0x0) at /cvmfs/belle.cern.ch/el7/externals/v02-00-03/src/root/roofit/roofitcore/src/RooDataSet.cxx:786
#16 0x00002b4527fc5206 in ?? ()
#17 0x0000000000000000 in ?? ()
===========================================================


The lines below might hint at the cause of the crash.
You may get help by asking at the ROOT forum https://root.cern.ch/forum
Only if you are really convinced it is a bug in ROOT then please submit a
report at https://root.cern.ch/bugs Please post the ENTIRE stack trace
from above as an attachment in addition to anything else
that might help us fixing this issue.
===========================================================
#8  0x00002b45094bab10 in TBranch::Init (this=0x5aaf380, name=0x7ffc0c3ed459 "Dp_M", leaflist=0x7ffc0c3ed749 "Dp_M/D", compress=<optimized out>) at /cvmfs/belle.cern.ch/el7/externals/v02-00-03/src/root/tree/tree/src/TBranch.cxx:431
#9  0x00002b45094bb2bc in TBranch::TBranch (this=this
entry=0x5aaf380, tree=tree
entry=0x56666b0, name=name
entry=0x7ffc0c3ed459 "Dp_M", address=address
entry=0x5a89640, leaflist=leaflist
entry=0x7ffc0c3ed749 "Dp_M/D", basketsize=basketsize
entry=10485760, compress=-1) at /cvmfs/belle.cern.ch/el7/externals/v02-00-03/src/root/tree/tree/src/TBranch.cxx:243
#10 0x00002b4509532e2c in TTree::Branch (this=0x56666b0, name=0x7ffc0c3ed459 "Dp_M", address=0x5a89640, leaflist=0x7ffc0c3ed749 "Dp_M/D", bufsize=10485760) at /cvmfs/belle.cern.ch/el7/externals/v02-00-03/src/root/tree/tree/src/TTree.cxx:1969
#11 0x00002b452457ae6a in RooAbsReal::attachToTree (this=this
entry=0x5a893a0, t=..., bufSize=bufSize
entry=10485760) at /cvmfs/belle.cern.ch/el7/externals/v02-00-03/src/root/roofit/roofitcore/src/RooAbsReal.cxx:3346
#12 0x00002b4524716236 in RooRealVar::attachToTree (this=0x5a893a0, t=..., bufSize=10485760) at /cvmfs/belle.cern.ch/el7/externals/v02-00-03/src/root/roofit/roofitcore/src/RooRealVar.cxx:1105
#13 0x00002b45247523bb in RooTreeDataStore::loadValues (this=0x5371370, t=0x5247540, select=0x7ffc0c3edd10) at /cvmfs/belle.cern.ch/el7/externals/v02-00-03/src/root/roofit/roofitcore/src/RooTreeDataStore.cxx:478
#14 0x00002b4524755d47 in RooTreeDataStore::RooTreeDataStore (this=this
entry=0x5371370, name=name
entry=0x5530118 "data", title=0x7ffc0c3edc90 "030064`bE+", title
entry=0x5387748 "", vars=..., t=..., selExpr=selExpr
entry=0x525bf70 "etapip_gg_rank==1", wgtVarName=0x0) at /cvmfs/belle.cern.ch/el7/externals/v02-00-03/src/root/roofit/roofitcore/src/RooTreeDataStore.cxx:169
#15 0x00002b4524607238 in RooDataSet::RooDataSet (this=0x558bd40, name=0x5530118 "data", title=0x5387748 "", theTree=0x5247540, vars=..., cuts=0x525bf70 "etapip_gg_rank==1", wgtVarName=0x0) at /cvmfs/belle.cern.ch/el7/externals/v02-00-03/src/root/roofit/roofitcore/src/RooDataSet.cxx:786
#16 0x00002b4527fc5206 in ?? ()
#17 0x0000000000000000 in ?? ()
===========================================================


Error in <TFile::TFile>: file /home/belle2/jaeyoung/storage_b2/storage/reduced_ntuples/MC15ri/etapip_eteeta/MC15ri_etaetapip_tight_v2_240708_Kp_BCS_etapi0const_ccbar.root does not exist
Error in <TFile::TFile>: file /home/belle2/jaeyoung/storage_b2/storage/reduced_ntuples/MC15ri/etapip_eteeta/MC15ri_etaetapip_tight_v2_240708_Kp_BCS_etapi0const_uubar.root does not exist
Error in <TFile::TFile>: file /home/belle2/jaeyoung/storage_b2/storage/reduced_ntuples/MC15ri/etapip_eteeta/MC15ri_etaetapip_tight_v2_240708_Kp_BCS_etapi0const_uubar.root does not exist
Error in <TFile::TFile>: file /home/belle2/jaeyoung/storage_b2/storage/reduced_ntuples/MC15ri/etapip_eteeta/MC15ri_etaetapip_tight_v2_240708_Kp_BCS_etapi0const_ssbar.root does not exist
Error in <TFile::TFile>: file /home/belle2/jaeyoung/storage_b2/storage/reduced_ntuples/MC15ri/etapip_eteeta/MC15ri_etaetapip_tight_v2_240708_Kp_BCS_etapi0const_charged.root does not exist
Error in <TFile::TFile>: file /home/belle2/jaeyoung/storage_b2/storage/reduced_ntuples/MC15ri/etapip_eteeta/MC15ri_etaetapip_tight_v2_240708_Kp_BCS_etapi0const_mixed.root does not exist
Error in <TFile::TFile>: file /home/belle2/jaeyoung/storage_b2/storage/reduced_ntuples/MC15ri/etapip_eteeta/MC15ri_etaetapip_tight_v2_240708_Kp_BCS_etapi0const_taupair.root does not exist
Error in <TFile::TFile>: file /home/belle2/jaeyoung/storage_b2/storage/reduced_ntuples/MC15ri/etapip_eteeta/MC15ri_etaetapip_tight_v2_240708_Kp_BCS_etapi0const_ccbar.root does not exist
Error in <TFile::TFile>: file /home/belle2/jaeyoung/storage_b2/storage/reduced_ntuples/MC15ri/etapip_eteeta/MC15ri_etaetapip_tight_v2_240708_Kp_BCS_etapi0const_ccbar.root does not exist
Error in <TFile::TFile>: file /home/belle2/jaeyoung/storage_b2/storage/reduced_ntuples/MC15ri/etapip_eteeta/MC15ri_etaetapip_tight_v2_240708_Kp_BCS_etapi0const_ccbar.root does not exist
Error in <TFile::TFile>: file /home/belle2/jaeyoung/storage_b2/storage/reduced_ntuples/MC15ri/etapip_eteeta/MC15ri_etaetapip_tight_v2_240708_Kp_BCS_etapi0const_ccbar.root does not exist
Error in <TFile::TFile>: file /home/belle2/jaeyoung/storage_b2/storage/reduced_ntuples/MC15ri/etapip_eteeta/MC15ri_etaetapip_tight_v2_240708_Kp_BCS_etapi0const_ccbar.root does not exist
Error in <TFile::TFile>: file /home/belle2/jaeyoung/storage_b2/storage/reduced_ntuples/MC15ri/etapip_eteeta/MC15ri_etaetapip_tight_v2_240708_Kp_BCS_etapi0const_ccbar.root does not exist
Error in <TFile::TFile>: file /home/belle2/jaeyoung/storage_b2/storage/reduced_ntuples/MC15ri/etapip_eteeta/MC15ri_etaetapip_tight_v2_240708_Kp_BCS_etapi0const_ccbar.root does not exist
Error in <TFile::TFile>: file /home/belle2/jaeyoung/storage_b2/storage/reduced_ntuples/MC15ri/etapip_eteeta/MC15ri_etaetapip_tight_v2_240708_Kp_BCS_etapi0const_ccbar.root does not exist
Error in <TFile::TFile>: file /home/belle2/jaeyoung/storage_b2/storage/reduced_ntuples/MC15ri/etapip_eteeta/MC15ri_etaetapip_tight_v2_240708_Kp_BCS_etapi0const_ccbar.root does not exist
Error in <TFile::TFile>: file /home/belle2/jaeyoung/storage_b2/storage/reduced_ntuples/MC15ri/etapip_eteeta/MC15ri_etaetapip_tight_v2_240708_Kp_BCS_etapi0const_ccbar.root does not exist
Error in <TFile::TFile>: file /home/belle2/jaeyoung/storage_b2/storage/reduced_ntuples/MC15ri/etapip_eteeta/MC15ri_etaetapip_tight_v2_240708_Kp_BCS_etapi0const_ccbar.root does not exist
Error in <TFile::TFile>: file /home/belle2/jaeyoung/storage_b2/storage/reduced_ntuples/MC15ri/etapip_eteeta/MC15ri_etaetapip_tight_v2_240708_Kp_BCS_etapi0const_ccbar.root does not exist
Error in <TFile::TFile>: file /home/belle2/jaeyoung/storage_b2/storage/reduced_ntuples/MC15ri/etapip_eteeta/MC15ri_etaetapip_tight_v2_240708_Kp_BCS_etapi0const_ccbar.root does not exist
Error in <TFile::TFile>: file /home/belle2/jaeyoung/storage_b2/storage/reduced_ntuples/MC15ri/etapip_eteeta/MC15ri_etaetapip_tight_v2_240708_Kp_BCS_etapi0const_ccbar.root does not exist
Error in <TFile::TFile>: file /home/belle2/jaeyoung/storage_b2/storage/reduced_ntuples/MC15ri/etapip_eteeta/MC15ri_etaetapip_tight_v2_240708_Kp_BCS_etapi0const_ccbar.root does not exist
Error in <TFile::TFile>: file /home/belle2/jaeyoung/storage_b2/storage/reduced_ntuples/MC15ri/etapip_eteeta/MC15ri_etaetapip_tight_v2_240708_Kp_BCS_etapi0const_ccbar.root does not exist
Error in <TFile::TFile>: file /home/belle2/jaeyoung/storage_b2/storage/reduced_ntuples/MC15ri/etapip_eteeta/MC15ri_etaetapip_tight_v2_240708_Kp_BCS_etapi0const_ccbar.root does not exist
Error in <TFile::TFile>: file /home/belle2/jaeyoung/storage_b2/storage/reduced_ntuples/MC15ri/etapip_eteeta/MC15ri_etaetapip_tight_v2_240708_Kp_BCS_etapi0const_ccbar.root does not exist
Error in <TFile::TFile>: file /home/belle2/jaeyoung/storage_b2/storage/reduced_ntuples/MC15ri/etapip_eteeta/MC15ri_etaetapip_tight_v2_240708_Kp_BCS_etapi0const_ccbar.root does not exist
Error in <TFile::TFile>: file /home/belle2/jaeyoung/storage_b2/storage/reduced_ntuples/MC15ri/etapip_eteeta/MC15ri_etaetapip_tight_v2_240708_Kp_BCS_etapi0const_ccbar.root does not exist
Error in <TFile::TFile>: file /home/belle2/jaeyoung/storage_b2/storage/reduced_ntuples/MC15ri/etapip_eteeta/MC15ri_etaetapip_tight_v2_240708_Kp_BCS_etapi0const_ccbar.root does not exist
Error in <TFile::TFile>: file /home/belle2/jaeyoung/storage_b2/storage/reduced_ntuples/MC15ri/etapip_eteeta/MC15ri_etaetapip_tight_v2_240708_Kp_BCS_etapi0const_ccbar.root does not exist
Error in <TFile::TFile>: file /home/belle2/jaeyoung/storage_b2/storage/reduced_ntuples/MC15ri/etapip_eteeta/MC15ri_etaetapip_tight_v2_240708_Kp_BCS_etapi0const_ccbar.root does not exist
Traceback (most recent call last):
  File "/gpfs/home/belle2/jaeyoung/workspace/DRAW_and_FITTING/main/FITTING/etapip/MC15ri_generic/tight_v2_fit_v6/ToyMC/etapip_gg_fit_v6_toymc_100.py", line 88, in <module>
    before_data = ROOT.RooDataSet("data","", mychain, ROOT.RooArgSet(x,chiProb_rank,Pip_charge), cuts)
TypeError: none of the 8 overloaded methods succeeded. Full details:
  RooDataSet::RooDataSet(const char* name, const char* title, TTree* tree, const RooArgSet& vars, const RooFormulaVar& cutVar, const char* wgtVarName = 0) =>
    TypeError: could not convert argument 5
  RooDataSet::RooDataSet(const char* name, const char* title, RooDataSet* data, const RooArgSet& vars, const RooFormulaVar& cutVar, const char* wgtVarName = 0) =>
    TypeError: could not convert argument 3
  RooDataSet::RooDataSet(const char* name, const char* title, TTree* tree, const RooArgSet& vars, const char* cuts = 0, const char* wgtVarName = 0) =>
    SegmentationViolation: segfault in C++; program state was reset
  RooDataSet::RooDataSet(const char* name, const char* title, const RooArgSet& vars, const RooCmdArg& arg1, const RooCmdArg& arg2 = RooCmdArg(), const RooCmdArg& arg3 = RooCmdArg(), const RooCmdArg& arg4 = RooCmdArg(), const RooCmdArg& arg5 = RooCmdArg(), const RooCmdArg& arg6 = RooCmdArg(), const RooCmdArg& arg7 = RooCmdArg(), const RooCmdArg& arg8 = RooCmdArg()) =>
    TypeError: could not convert argument 3
  RooDataSet::RooDataSet(const char* name, const char* title, RooDataSet* data, const RooArgSet& vars, const char* cuts = 0, const char* wgtVarName = 0) =>
    TypeError: could not convert argument 3
  RooDataSet::RooDataSet(const RooDataSet& other, const char* newname = 0) =>
    TypeError: takes at most 2 arguments (5 given)
  RooDataSet::RooDataSet() =>
    TypeError: takes at most 0 arguments (5 given)
  RooDataSet::RooDataSet(const char* name, const char* title, const RooArgSet& vars, const char* wgtVarName = 0) =>
    TypeError: takes at most 4 arguments (5 given)
Error in <TGClient::TGClient>: can't open display "ccw07:57.0", switching to batch mode...
 In case you run from a remote ssh session, reconnect with ssh -Y
Info in <TMinuitMinimizer::Minimize>: Finished to run MIGRAD - status 4
Info in <TMinuitMinimizer::Minimize>: Finished to run MIGRAD - status 4
