Error in <TFile::TFile>: file /home/belle2/jaeyoung/storage_ghi/reduced_ntuples/MC15ri/etapip_eteeta/MC15ri_etaetapip_tight_v2_240708_Kp_BCS_etapi0const_ccbar.root does not exist
Error in <TFile::TFile>: file /home/belle2/jaeyoung/storage_ghi/reduced_ntuples/MC15ri/etapip_eteeta/MC15ri_etaetapip_tight_v2_240708_Kp_BCS_etapi0const_uubar.root does not exist
Error in <TFile::TFile>: file /home/belle2/jaeyoung/storage_ghi/reduced_ntuples/MC15ri/etapip_eteeta/MC15ri_etaetapip_tight_v2_240708_Kp_BCS_etapi0const_uubar.root does not exist
Error in <TFile::TFile>: file /home/belle2/jaeyoung/storage_ghi/reduced_ntuples/MC15ri/etapip_eteeta/MC15ri_etaetapip_tight_v2_240708_Kp_BCS_etapi0const_ssbar.root does not exist
Error in <TFile::TFile>: file /home/belle2/jaeyoung/storage_ghi/reduced_ntuples/MC15ri/etapip_eteeta/MC15ri_etaetapip_tight_v2_240708_Kp_BCS_etapi0const_charged.root does not exist
Error in <TFile::TFile>: file /home/belle2/jaeyoung/storage_ghi/reduced_ntuples/MC15ri/etapip_eteeta/MC15ri_etaetapip_tight_v2_240708_Kp_BCS_etapi0const_mixed.root does not exist
Error in <TFile::TFile>: file /home/belle2/jaeyoung/storage_ghi/reduced_ntuples/MC15ri/etapip_eteeta/MC15ri_etaetapip_tight_v2_240708_Kp_BCS_etapi0const_taupair.root does not exist
Error in <TFile::TFile>: file /home/belle2/jaeyoung/storage_ghi/reduced_ntuples/MC15ri/etapip_eteeta/MC15ri_etaetapip_tight_v2_240708_Kp_BCS_etapi0const_ccbar.root does not exist
Error in <TFile::TFile>: file /home/belle2/jaeyoung/storage_ghi/reduced_ntuples/MC15ri/etapip_eteeta/MC15ri_etaetapip_tight_v2_240708_Kp_BCS_etapi0const_ccbar.root does not exist
Error in <TFile::TFile>: file /home/belle2/jaeyoung/storage_ghi/reduced_ntuples/MC15ri/etapip_eteeta/MC15ri_etaetapip_tight_v2_240708_Kp_BCS_etapi0const_ccbar.root does not exist
Error in <TFile::TFile>: file /home/belle2/jaeyoung/storage_ghi/reduced_ntuples/MC15ri/etapip_eteeta/MC15ri_etaetapip_tight_v2_240708_Kp_BCS_etapi0const_ccbar.root does not exist
 *** Break *** segmentation violation



===========================================================
There was a crash.
This is the entire stack trace of all threads:
===========================================================
#0  0x00002af56753a60c in waitpid () from /lib64/libc.so.6
#1  0x00002af5674b7f62 in do_system () from /lib64/libc.so.6
#2  0x00002af567b3784c in TUnixSystem::Exec (shellcmd=<optimized out>, this=0x1178570) at /cvmfs/belle.cern.ch/el7/externals/v02-00-03/src/root/core/unix/src/TUnixSystem.cxx:2120
#3  TUnixSystem::StackTrace (this=0x1178570) at /cvmfs/belle.cern.ch/el7/externals/v02-00-03/src/root/core/unix/src/TUnixSystem.cxx:2411
#4  0x00002af56a7fddd3 in (anonymous namespace)::do_trace (sig=1) at /cvmfs/belle.cern.ch/el7/externals/v02-00-03/src/root/bindings/pyroot/cppyy/cppyy-backend/clingwrapper/src/clingwrapper.cxx:182
#5  (anonymous namespace)::TExceptionHandlerImp::HandleException (this=<optimized out>, sig=1) at /cvmfs/belle.cern.ch/el7/externals/v02-00-03/src/root/bindings/pyroot/cppyy/cppyy-backend/clingwrapper/src/clingwrapper.cxx:195
#6  0x00002af567b34cd1 in TUnixSystem::DispatchSignals (this=0x1178570, sig=kSigSegmentationViolation) at /cvmfs/belle.cern.ch/el7/externals/v02-00-03/src/root/core/unix/src/TUnixSystem.cxx:3644
#7  <signal handler called>
#8  0x00002af568bbdb10 in TBranch::Init (this=0x625b8e0, name=0x7fff1398e5e9 "Dp_M", leaflist=0x7fff1398e8d9 "Dp_M/D", compress=<optimized out>) at /cvmfs/belle.cern.ch/el7/externals/v02-00-03/src/root/tree/tree/src/TBranch.cxx:431
#9  0x00002af568bbe2bc in TBranch::TBranch (this=this
entry=0x625b8e0, tree=tree
entry=0x5e08ba0, name=name
entry=0x7fff1398e5e9 "Dp_M", address=address
entry=0x5e0ba70, leaflist=leaflist
entry=0x7fff1398e8d9 "Dp_M/D", basketsize=basketsize
entry=10485760, compress=-1) at /cvmfs/belle.cern.ch/el7/externals/v02-00-03/src/root/tree/tree/src/TBranch.cxx:243
#10 0x00002af568c35e2c in TTree::Branch (this=0x5e08ba0, name=0x7fff1398e5e9 "Dp_M", address=0x5e0ba70, leaflist=0x7fff1398e8d9 "Dp_M/D", bufsize=10485760) at /cvmfs/belle.cern.ch/el7/externals/v02-00-03/src/root/tree/tree/src/TTree.cxx:1969
#11 0x00002af582384e6a in RooAbsReal::attachToTree (this=this
entry=0x5e0b7d0, t=..., bufSize=bufSize
entry=10485760) at /cvmfs/belle.cern.ch/el7/externals/v02-00-03/src/root/roofit/roofitcore/src/RooAbsReal.cxx:3346
#12 0x00002af582520236 in RooRealVar::attachToTree (this=0x5e0b7d0, t=..., bufSize=10485760) at /cvmfs/belle.cern.ch/el7/externals/v02-00-03/src/root/roofit/roofitcore/src/RooRealVar.cxx:1105
#13 0x00002af58255c3bb in RooTreeDataStore::loadValues (this=0x5a63110, t=0x5a31870, select=0x7fff1398eea0) at /cvmfs/belle.cern.ch/el7/externals/v02-00-03/src/root/roofit/roofitcore/src/RooTreeDataStore.cxx:478
#14 0x00002af58255fd47 in RooTreeDataStore::RooTreeDataStore (this=this
entry=0x5a63110, name=name
entry=0x59fa128 "data", title=0x7fff1398ee20 "\030d\320g\365*", title
entry=0x59fa168 "", vars=..., t=..., selExpr=selExpr
entry=0x5a4f350 "etapip_gg_rank==1", wgtVarName=0x0) at /cvmfs/belle.cern.ch/el7/externals/v02-00-03/src/root/roofit/roofitcore/src/RooTreeDataStore.cxx:169
#15 0x00002af582411238 in RooDataSet::RooDataSet (this=0x5d2cdb0, name=0x59fa128 "data", title=0x59fa168 "", theTree=0x5a31870, vars=..., cuts=0x5a4f350 "etapip_gg_rank==1", wgtVarName=0x0) at /cvmfs/belle.cern.ch/el7/externals/v02-00-03/src/root/roofit/roofitcore/src/RooDataSet.cxx:786
#16 0x00002af585d58206 in ?? ()
#17 0x0000000000000000 in ?? ()
===========================================================


The lines below might hint at the cause of the crash.
You may get help by asking at the ROOT forum https://root.cern.ch/forum
Only if you are really convinced it is a bug in ROOT then please submit a
report at https://root.cern.ch/bugs Please post the ENTIRE stack trace
from above as an attachment in addition to anything else
that might help us fixing this issue.
===========================================================
#8  0x00002af568bbdb10 in TBranch::Init (this=0x625b8e0, name=0x7fff1398e5e9 "Dp_M", leaflist=0x7fff1398e8d9 "Dp_M/D", compress=<optimized out>) at /cvmfs/belle.cern.ch/el7/externals/v02-00-03/src/root/tree/tree/src/TBranch.cxx:431
#9  0x00002af568bbe2bc in TBranch::TBranch (this=this
entry=0x625b8e0, tree=tree
entry=0x5e08ba0, name=name
entry=0x7fff1398e5e9 "Dp_M", address=address
entry=0x5e0ba70, leaflist=leaflist
entry=0x7fff1398e8d9 "Dp_M/D", basketsize=basketsize
entry=10485760, compress=-1) at /cvmfs/belle.cern.ch/el7/externals/v02-00-03/src/root/tree/tree/src/TBranch.cxx:243
#10 0x00002af568c35e2c in TTree::Branch (this=0x5e08ba0, name=0x7fff1398e5e9 "Dp_M", address=0x5e0ba70, leaflist=0x7fff1398e8d9 "Dp_M/D", bufsize=10485760) at /cvmfs/belle.cern.ch/el7/externals/v02-00-03/src/root/tree/tree/src/TTree.cxx:1969
#11 0x00002af582384e6a in RooAbsReal::attachToTree (this=this
entry=0x5e0b7d0, t=..., bufSize=bufSize
entry=10485760) at /cvmfs/belle.cern.ch/el7/externals/v02-00-03/src/root/roofit/roofitcore/src/RooAbsReal.cxx:3346
#12 0x00002af582520236 in RooRealVar::attachToTree (this=0x5e0b7d0, t=..., bufSize=10485760) at /cvmfs/belle.cern.ch/el7/externals/v02-00-03/src/root/roofit/roofitcore/src/RooRealVar.cxx:1105
#13 0x00002af58255c3bb in RooTreeDataStore::loadValues (this=0x5a63110, t=0x5a31870, select=0x7fff1398eea0) at /cvmfs/belle.cern.ch/el7/externals/v02-00-03/src/root/roofit/roofitcore/src/RooTreeDataStore.cxx:478
#14 0x00002af58255fd47 in RooTreeDataStore::RooTreeDataStore (this=this
entry=0x5a63110, name=name
entry=0x59fa128 "data", title=0x7fff1398ee20 "030d320g365*", title
entry=0x59fa168 "", vars=..., t=..., selExpr=selExpr
entry=0x5a4f350 "etapip_gg_rank==1", wgtVarName=0x0) at /cvmfs/belle.cern.ch/el7/externals/v02-00-03/src/root/roofit/roofitcore/src/RooTreeDataStore.cxx:169
#15 0x00002af582411238 in RooDataSet::RooDataSet (this=0x5d2cdb0, name=0x59fa128 "data", title=0x59fa168 "", theTree=0x5a31870, vars=..., cuts=0x5a4f350 "etapip_gg_rank==1", wgtVarName=0x0) at /cvmfs/belle.cern.ch/el7/externals/v02-00-03/src/root/roofit/roofitcore/src/RooDataSet.cxx:786
#16 0x00002af585d58206 in ?? ()
#17 0x0000000000000000 in ?? ()
===========================================================


 *** Break *** segmentation violation



===========================================================
There was a crash.
This is the entire stack trace of all threads:
===========================================================
#0  0x00002af56753a60c in waitpid () from /lib64/libc.so.6
#1  0x00002af5674b7f62 in do_system () from /lib64/libc.so.6
#2  0x00002af567b3784c in TUnixSystem::Exec (shellcmd=<optimized out>, this=0x1178570) at /cvmfs/belle.cern.ch/el7/externals/v02-00-03/src/root/core/unix/src/TUnixSystem.cxx:2120
#3  TUnixSystem::StackTrace (this=0x1178570) at /cvmfs/belle.cern.ch/el7/externals/v02-00-03/src/root/core/unix/src/TUnixSystem.cxx:2411
#4  0x00002af56a7fdc53 in (anonymous namespace)::do_trace (sig=1) at /cvmfs/belle.cern.ch/el7/externals/v02-00-03/src/root/bindings/pyroot/cppyy/cppyy-backend/clingwrapper/src/clingwrapper.cxx:182
#5  (anonymous namespace)::TExceptionHandlerImp::HandleException (this=<optimized out>, sig=1) at /cvmfs/belle.cern.ch/el7/externals/v02-00-03/src/root/bindings/pyroot/cppyy/cppyy-backend/clingwrapper/src/clingwrapper.cxx:201
#6  0x00002af567b34cd1 in TUnixSystem::DispatchSignals (this=0x1178570, sig=kSigSegmentationViolation) at /cvmfs/belle.cern.ch/el7/externals/v02-00-03/src/root/core/unix/src/TUnixSystem.cxx:3644
#7  <signal handler called>
#8  0x00002af568bbdb10 in TBranch::Init (this=0x625b8e0, name=0x7fff1398e5e9 "Dp_M", leaflist=0x7fff1398e8d9 "Dp_M/D", compress=<optimized out>) at /cvmfs/belle.cern.ch/el7/externals/v02-00-03/src/root/tree/tree/src/TBranch.cxx:431
#9  0x00002af568bbe2bc in TBranch::TBranch (this=this
entry=0x625b8e0, tree=tree
entry=0x5e08ba0, name=name
entry=0x7fff1398e5e9 "Dp_M", address=address
entry=0x5e0ba70, leaflist=leaflist
entry=0x7fff1398e8d9 "Dp_M/D", basketsize=basketsize
entry=10485760, compress=-1) at /cvmfs/belle.cern.ch/el7/externals/v02-00-03/src/root/tree/tree/src/TBranch.cxx:243
#10 0x00002af568c35e2c in TTree::Branch (this=0x5e08ba0, name=0x7fff1398e5e9 "Dp_M", address=0x5e0ba70, leaflist=0x7fff1398e8d9 "Dp_M/D", bufsize=10485760) at /cvmfs/belle.cern.ch/el7/externals/v02-00-03/src/root/tree/tree/src/TTree.cxx:1969
#11 0x00002af582384e6a in RooAbsReal::attachToTree (this=this
entry=0x5e0b7d0, t=..., bufSize=bufSize
entry=10485760) at /cvmfs/belle.cern.ch/el7/externals/v02-00-03/src/root/roofit/roofitcore/src/RooAbsReal.cxx:3346
#12 0x00002af582520236 in RooRealVar::attachToTree (this=0x5e0b7d0, t=..., bufSize=10485760) at /cvmfs/belle.cern.ch/el7/externals/v02-00-03/src/root/roofit/roofitcore/src/RooRealVar.cxx:1105
#13 0x00002af58255c3bb in RooTreeDataStore::loadValues (this=0x5a63110, t=0x5a31870, select=0x7fff1398eea0) at /cvmfs/belle.cern.ch/el7/externals/v02-00-03/src/root/roofit/roofitcore/src/RooTreeDataStore.cxx:478
#14 0x00002af58255fd47 in RooTreeDataStore::RooTreeDataStore (this=this
entry=0x5a63110, name=name
entry=0x59fa128 "data", title=0x7fff1398ee20 "\030d\320g\365*", title
entry=0x59fa168 "", vars=..., t=..., selExpr=selExpr
entry=0x5a4f350 "etapip_gg_rank==1", wgtVarName=0x0) at /cvmfs/belle.cern.ch/el7/externals/v02-00-03/src/root/roofit/roofitcore/src/RooTreeDataStore.cxx:169
#15 0x00002af582411238 in RooDataSet::RooDataSet (this=0x5d2cdb0, name=0x59fa128 "data", title=0x59fa168 "", theTree=0x5a31870, vars=..., cuts=0x5a4f350 "etapip_gg_rank==1", wgtVarName=0x0) at /cvmfs/belle.cern.ch/el7/externals/v02-00-03/src/root/roofit/roofitcore/src/RooDataSet.cxx:786
#16 0x00002af585d58206 in ?? ()
#17 0x0000000000000000 in ?? ()
===========================================================


The lines below might hint at the cause of the crash.
You may get help by asking at the ROOT forum https://root.cern.ch/forum
Only if you are really convinced it is a bug in ROOT then please submit a
report at https://root.cern.ch/bugs Please post the ENTIRE stack trace
from above as an attachment in addition to anything else
that might help us fixing this issue.
===========================================================
#8  0x00002af568bbdb10 in TBranch::Init (this=0x625b8e0, name=0x7fff1398e5e9 "Dp_M", leaflist=0x7fff1398e8d9 "Dp_M/D", compress=<optimized out>) at /cvmfs/belle.cern.ch/el7/externals/v02-00-03/src/root/tree/tree/src/TBranch.cxx:431
#9  0x00002af568bbe2bc in TBranch::TBranch (this=this
entry=0x625b8e0, tree=tree
entry=0x5e08ba0, name=name
entry=0x7fff1398e5e9 "Dp_M", address=address
entry=0x5e0ba70, leaflist=leaflist
entry=0x7fff1398e8d9 "Dp_M/D", basketsize=basketsize
entry=10485760, compress=-1) at /cvmfs/belle.cern.ch/el7/externals/v02-00-03/src/root/tree/tree/src/TBranch.cxx:243
#10 0x00002af568c35e2c in TTree::Branch (this=0x5e08ba0, name=0x7fff1398e5e9 "Dp_M", address=0x5e0ba70, leaflist=0x7fff1398e8d9 "Dp_M/D", bufsize=10485760) at /cvmfs/belle.cern.ch/el7/externals/v02-00-03/src/root/tree/tree/src/TTree.cxx:1969
#11 0x00002af582384e6a in RooAbsReal::attachToTree (this=this
entry=0x5e0b7d0, t=..., bufSize=bufSize
entry=10485760) at /cvmfs/belle.cern.ch/el7/externals/v02-00-03/src/root/roofit/roofitcore/src/RooAbsReal.cxx:3346
#12 0x00002af582520236 in RooRealVar::attachToTree (this=0x5e0b7d0, t=..., bufSize=10485760) at /cvmfs/belle.cern.ch/el7/externals/v02-00-03/src/root/roofit/roofitcore/src/RooRealVar.cxx:1105
#13 0x00002af58255c3bb in RooTreeDataStore::loadValues (this=0x5a63110, t=0x5a31870, select=0x7fff1398eea0) at /cvmfs/belle.cern.ch/el7/externals/v02-00-03/src/root/roofit/roofitcore/src/RooTreeDataStore.cxx:478
#14 0x00002af58255fd47 in RooTreeDataStore::RooTreeDataStore (this=this
entry=0x5a63110, name=name
entry=0x59fa128 "data", title=0x7fff1398ee20 "030d320g365*", title
entry=0x59fa168 "", vars=..., t=..., selExpr=selExpr
entry=0x5a4f350 "etapip_gg_rank==1", wgtVarName=0x0) at /cvmfs/belle.cern.ch/el7/externals/v02-00-03/src/root/roofit/roofitcore/src/RooTreeDataStore.cxx:169
#15 0x00002af582411238 in RooDataSet::RooDataSet (this=0x5d2cdb0, name=0x59fa128 "data", title=0x59fa168 "", theTree=0x5a31870, vars=..., cuts=0x5a4f350 "etapip_gg_rank==1", wgtVarName=0x0) at /cvmfs/belle.cern.ch/el7/externals/v02-00-03/src/root/roofit/roofitcore/src/RooDataSet.cxx:786
#16 0x00002af585d58206 in ?? ()
#17 0x0000000000000000 in ?? ()
===========================================================


Error in <TFile::TFile>: file /gpfs/home/belle2/jaeyoung/workspace/DRAW_and_FITTING/main/FITTING/etapip/MC15ri_generic/tight_v2_fit_v6/ToyMC/home/belle2/jaeyoung/storage_b2/storage/reduced_ntuples/MC15ri/etapip_eteeta/MC15ri_etaetapip_tight_v2_240708_Kp_BCS_etapi0const_ccbar.root does not exist
Error in <TFile::TFile>: file /gpfs/home/belle2/jaeyoung/workspace/DRAW_and_FITTING/main/FITTING/etapip/MC15ri_generic/tight_v2_fit_v6/ToyMC/home/belle2/jaeyoung/storage_b2/storage/reduced_ntuples/MC15ri/etapip_eteeta/MC15ri_etaetapip_tight_v2_240708_Kp_BCS_etapi0const_uubar.root does not exist
Error in <TFile::TFile>: file /gpfs/home/belle2/jaeyoung/workspace/DRAW_and_FITTING/main/FITTING/etapip/MC15ri_generic/tight_v2_fit_v6/ToyMC/home/belle2/jaeyoung/storage_b2/storage/reduced_ntuples/MC15ri/etapip_eteeta/MC15ri_etaetapip_tight_v2_240708_Kp_BCS_etapi0const_uubar.root does not exist
Error in <TFile::TFile>: file /gpfs/home/belle2/jaeyoung/workspace/DRAW_and_FITTING/main/FITTING/etapip/MC15ri_generic/tight_v2_fit_v6/ToyMC/home/belle2/jaeyoung/storage_b2/storage/reduced_ntuples/MC15ri/etapip_eteeta/MC15ri_etaetapip_tight_v2_240708_Kp_BCS_etapi0const_ssbar.root does not exist
Error in <TFile::TFile>: file /gpfs/home/belle2/jaeyoung/workspace/DRAW_and_FITTING/main/FITTING/etapip/MC15ri_generic/tight_v2_fit_v6/ToyMC/home/belle2/jaeyoung/storage_b2/storage/reduced_ntuples/MC15ri/etapip_eteeta/MC15ri_etaetapip_tight_v2_240708_Kp_BCS_etapi0const_charged.root does not exist
Error in <TFile::TFile>: file /gpfs/home/belle2/jaeyoung/workspace/DRAW_and_FITTING/main/FITTING/etapip/MC15ri_generic/tight_v2_fit_v6/ToyMC/home/belle2/jaeyoung/storage_b2/storage/reduced_ntuples/MC15ri/etapip_eteeta/MC15ri_etaetapip_tight_v2_240708_Kp_BCS_etapi0const_mixed.root does not exist
Error in <TFile::TFile>: file /gpfs/home/belle2/jaeyoung/workspace/DRAW_and_FITTING/main/FITTING/etapip/MC15ri_generic/tight_v2_fit_v6/ToyMC/home/belle2/jaeyoung/storage_b2/storage/reduced_ntuples/MC15ri/etapip_eteeta/MC15ri_etaetapip_tight_v2_240708_Kp_BCS_etapi0const_taupair.root does not exist
Error in <TFile::TFile>: file /gpfs/home/belle2/jaeyoung/workspace/DRAW_and_FITTING/main/FITTING/etapip/MC15ri_generic/tight_v2_fit_v6/ToyMC/home/belle2/jaeyoung/storage_b2/storage/reduced_ntuples/MC15ri/etapip_eteeta/MC15ri_etaetapip_tight_v2_240708_Kp_BCS_etapi0const_ccbar.root does not exist
Error in <TFile::TFile>: file /gpfs/home/belle2/jaeyoung/workspace/DRAW_and_FITTING/main/FITTING/etapip/MC15ri_generic/tight_v2_fit_v6/ToyMC/home/belle2/jaeyoung/storage_b2/storage/reduced_ntuples/MC15ri/etapip_eteeta/MC15ri_etaetapip_tight_v2_240708_Kp_BCS_etapi0const_ccbar.root does not exist
Error in <TFile::TFile>: file /gpfs/home/belle2/jaeyoung/workspace/DRAW_and_FITTING/main/FITTING/etapip/MC15ri_generic/tight_v2_fit_v6/ToyMC/home/belle2/jaeyoung/storage_b2/storage/reduced_ntuples/MC15ri/etapip_eteeta/MC15ri_etaetapip_tight_v2_240708_Kp_BCS_etapi0const_ccbar.root does not exist
Error in <TFile::TFile>: file /gpfs/home/belle2/jaeyoung/workspace/DRAW_and_FITTING/main/FITTING/etapip/MC15ri_generic/tight_v2_fit_v6/ToyMC/home/belle2/jaeyoung/storage_b2/storage/reduced_ntuples/MC15ri/etapip_eteeta/MC15ri_etaetapip_tight_v2_240708_Kp_BCS_etapi0const_ccbar.root does not exist
 *** Break *** segmentation violation



===========================================================
There was a crash.
This is the entire stack trace of all threads:
===========================================================
#0  0x00002ad2b3e9760c in waitpid () from /lib64/libc.so.6
#1  0x00002ad2b3e14f62 in do_system () from /lib64/libc.so.6
#2  0x00002ad2b449484c in TUnixSystem::Exec (shellcmd=<optimized out>, this=0x8e2570) at /cvmfs/belle.cern.ch/el7/externals/v02-00-03/src/root/core/unix/src/TUnixSystem.cxx:2120
#3  TUnixSystem::StackTrace (this=0x8e2570) at /cvmfs/belle.cern.ch/el7/externals/v02-00-03/src/root/core/unix/src/TUnixSystem.cxx:2411
#4  0x00002ad2b715add3 in (anonymous namespace)::do_trace (sig=1) at /cvmfs/belle.cern.ch/el7/externals/v02-00-03/src/root/bindings/pyroot/cppyy/cppyy-backend/clingwrapper/src/clingwrapper.cxx:182
#5  (anonymous namespace)::TExceptionHandlerImp::HandleException (this=<optimized out>, sig=1) at /cvmfs/belle.cern.ch/el7/externals/v02-00-03/src/root/bindings/pyroot/cppyy/cppyy-backend/clingwrapper/src/clingwrapper.cxx:195
#6  0x00002ad2b4491cd1 in TUnixSystem::DispatchSignals (this=0x8e2570, sig=kSigSegmentationViolation) at /cvmfs/belle.cern.ch/el7/externals/v02-00-03/src/root/core/unix/src/TUnixSystem.cxx:3644
#7  <signal handler called>
#8  0x00002ad2b551ab10 in TBranch::Init (this=0x59febe0, name=0x7fff3b2b14e9 "Dp_M", leaflist=0x7fff3b2b17d9 "Dp_M/D", compress=<optimized out>) at /cvmfs/belle.cern.ch/el7/externals/v02-00-03/src/root/tree/tree/src/TBranch.cxx:431
#9  0x00002ad2b551b2bc in TBranch::TBranch (this=this
entry=0x59febe0, tree=tree
entry=0x5573f50, name=name
entry=0x7fff3b2b14e9 "Dp_M", address=address
entry=0x557f690, leaflist=leaflist
entry=0x7fff3b2b17d9 "Dp_M/D", basketsize=basketsize
entry=10485760, compress=-1) at /cvmfs/belle.cern.ch/el7/externals/v02-00-03/src/root/tree/tree/src/TBranch.cxx:243
#10 0x00002ad2b5592e2c in TTree::Branch (this=0x5573f50, name=0x7fff3b2b14e9 "Dp_M", address=0x557f690, leaflist=0x7fff3b2b17d9 "Dp_M/D", bufsize=10485760) at /cvmfs/belle.cern.ch/el7/externals/v02-00-03/src/root/tree/tree/src/TTree.cxx:1969
#11 0x00002ad2cece1e6a in RooAbsReal::attachToTree (this=this
entry=0x557f3f0, t=..., bufSize=bufSize
entry=10485760) at /cvmfs/belle.cern.ch/el7/externals/v02-00-03/src/root/roofit/roofitcore/src/RooAbsReal.cxx:3346
#12 0x00002ad2cee7d236 in RooRealVar::attachToTree (this=0x557f3f0, t=..., bufSize=10485760) at /cvmfs/belle.cern.ch/el7/externals/v02-00-03/src/root/roofit/roofitcore/src/RooRealVar.cxx:1105
#13 0x00002ad2ceeb93bb in RooTreeDataStore::loadValues (this=0x52470f0, t=0x5146540, select=0x7fff3b2b1da0) at /cvmfs/belle.cern.ch/el7/externals/v02-00-03/src/root/roofit/roofitcore/src/RooTreeDataStore.cxx:478
#14 0x00002ad2ceebcd47 in RooTreeDataStore::RooTreeDataStore (this=this
entry=0x52470f0, name=name
entry=0x5151998 "data", title=0x7fff3b2b1d20 "\030\064f\264\322*", title
entry=0x51519d8 "", vars=..., t=..., selExpr=selExpr
entry=0x51481d0 "etapip_gg_rank==1", wgtVarName=0x0) at /cvmfs/belle.cern.ch/el7/externals/v02-00-03/src/root/roofit/roofitcore/src/RooTreeDataStore.cxx:169
#15 0x00002ad2ced6e238 in RooDataSet::RooDataSet (this=0x54981b0, name=0x5151998 "data", title=0x51519d8 "", theTree=0x5146540, vars=..., cuts=0x51481d0 "etapip_gg_rank==1", wgtVarName=0x0) at /cvmfs/belle.cern.ch/el7/externals/v02-00-03/src/root/roofit/roofitcore/src/RooDataSet.cxx:786
#16 0x00002ad2d26b5206 in ?? ()
#17 0x0000000000000000 in ?? ()
===========================================================


The lines below might hint at the cause of the crash.
You may get help by asking at the ROOT forum https://root.cern.ch/forum
Only if you are really convinced it is a bug in ROOT then please submit a
report at https://root.cern.ch/bugs Please post the ENTIRE stack trace
from above as an attachment in addition to anything else
that might help us fixing this issue.
===========================================================
#8  0x00002ad2b551ab10 in TBranch::Init (this=0x59febe0, name=0x7fff3b2b14e9 "Dp_M", leaflist=0x7fff3b2b17d9 "Dp_M/D", compress=<optimized out>) at /cvmfs/belle.cern.ch/el7/externals/v02-00-03/src/root/tree/tree/src/TBranch.cxx:431
#9  0x00002ad2b551b2bc in TBranch::TBranch (this=this
entry=0x59febe0, tree=tree
entry=0x5573f50, name=name
entry=0x7fff3b2b14e9 "Dp_M", address=address
entry=0x557f690, leaflist=leaflist
entry=0x7fff3b2b17d9 "Dp_M/D", basketsize=basketsize
entry=10485760, compress=-1) at /cvmfs/belle.cern.ch/el7/externals/v02-00-03/src/root/tree/tree/src/TBranch.cxx:243
#10 0x00002ad2b5592e2c in TTree::Branch (this=0x5573f50, name=0x7fff3b2b14e9 "Dp_M", address=0x557f690, leaflist=0x7fff3b2b17d9 "Dp_M/D", bufsize=10485760) at /cvmfs/belle.cern.ch/el7/externals/v02-00-03/src/root/tree/tree/src/TTree.cxx:1969
#11 0x00002ad2cece1e6a in RooAbsReal::attachToTree (this=this
entry=0x557f3f0, t=..., bufSize=bufSize
entry=10485760) at /cvmfs/belle.cern.ch/el7/externals/v02-00-03/src/root/roofit/roofitcore/src/RooAbsReal.cxx:3346
#12 0x00002ad2cee7d236 in RooRealVar::attachToTree (this=0x557f3f0, t=..., bufSize=10485760) at /cvmfs/belle.cern.ch/el7/externals/v02-00-03/src/root/roofit/roofitcore/src/RooRealVar.cxx:1105
#13 0x00002ad2ceeb93bb in RooTreeDataStore::loadValues (this=0x52470f0, t=0x5146540, select=0x7fff3b2b1da0) at /cvmfs/belle.cern.ch/el7/externals/v02-00-03/src/root/roofit/roofitcore/src/RooTreeDataStore.cxx:478
#14 0x00002ad2ceebcd47 in RooTreeDataStore::RooTreeDataStore (this=this
entry=0x52470f0, name=name
entry=0x5151998 "data", title=0x7fff3b2b1d20 "030064f264322*", title
entry=0x51519d8 "", vars=..., t=..., selExpr=selExpr
entry=0x51481d0 "etapip_gg_rank==1", wgtVarName=0x0) at /cvmfs/belle.cern.ch/el7/externals/v02-00-03/src/root/roofit/roofitcore/src/RooTreeDataStore.cxx:169
#15 0x00002ad2ced6e238 in RooDataSet::RooDataSet (this=0x54981b0, name=0x5151998 "data", title=0x51519d8 "", theTree=0x5146540, vars=..., cuts=0x51481d0 "etapip_gg_rank==1", wgtVarName=0x0) at /cvmfs/belle.cern.ch/el7/externals/v02-00-03/src/root/roofit/roofitcore/src/RooDataSet.cxx:786
#16 0x00002ad2d26b5206 in ?? ()
#17 0x0000000000000000 in ?? ()
===========================================================


 *** Break *** segmentation violation



===========================================================
There was a crash.
This is the entire stack trace of all threads:
===========================================================
#0  0x00002ad2b3e9760c in waitpid () from /lib64/libc.so.6
#1  0x00002ad2b3e14f62 in do_system () from /lib64/libc.so.6
#2  0x00002ad2b449484c in TUnixSystem::Exec (shellcmd=<optimized out>, this=0x8e2570) at /cvmfs/belle.cern.ch/el7/externals/v02-00-03/src/root/core/unix/src/TUnixSystem.cxx:2120
#3  TUnixSystem::StackTrace (this=0x8e2570) at /cvmfs/belle.cern.ch/el7/externals/v02-00-03/src/root/core/unix/src/TUnixSystem.cxx:2411
#4  0x00002ad2b715ac53 in (anonymous namespace)::do_trace (sig=1) at /cvmfs/belle.cern.ch/el7/externals/v02-00-03/src/root/bindings/pyroot/cppyy/cppyy-backend/clingwrapper/src/clingwrapper.cxx:182
#5  (anonymous namespace)::TExceptionHandlerImp::HandleException (this=<optimized out>, sig=1) at /cvmfs/belle.cern.ch/el7/externals/v02-00-03/src/root/bindings/pyroot/cppyy/cppyy-backend/clingwrapper/src/clingwrapper.cxx:201
#6  0x00002ad2b4491cd1 in TUnixSystem::DispatchSignals (this=0x8e2570, sig=kSigSegmentationViolation) at /cvmfs/belle.cern.ch/el7/externals/v02-00-03/src/root/core/unix/src/TUnixSystem.cxx:3644
#7  <signal handler called>
#8  0x00002ad2b551ab10 in TBranch::Init (this=0x59febe0, name=0x7fff3b2b14e9 "Dp_M", leaflist=0x7fff3b2b17d9 "Dp_M/D", compress=<optimized out>) at /cvmfs/belle.cern.ch/el7/externals/v02-00-03/src/root/tree/tree/src/TBranch.cxx:431
#9  0x00002ad2b551b2bc in TBranch::TBranch (this=this
entry=0x59febe0, tree=tree
entry=0x5573f50, name=name
entry=0x7fff3b2b14e9 "Dp_M", address=address
entry=0x557f690, leaflist=leaflist
entry=0x7fff3b2b17d9 "Dp_M/D", basketsize=basketsize
entry=10485760, compress=-1) at /cvmfs/belle.cern.ch/el7/externals/v02-00-03/src/root/tree/tree/src/TBranch.cxx:243
#10 0x00002ad2b5592e2c in TTree::Branch (this=0x5573f50, name=0x7fff3b2b14e9 "Dp_M", address=0x557f690, leaflist=0x7fff3b2b17d9 "Dp_M/D", bufsize=10485760) at /cvmfs/belle.cern.ch/el7/externals/v02-00-03/src/root/tree/tree/src/TTree.cxx:1969
#11 0x00002ad2cece1e6a in RooAbsReal::attachToTree (this=this
entry=0x557f3f0, t=..., bufSize=bufSize
entry=10485760) at /cvmfs/belle.cern.ch/el7/externals/v02-00-03/src/root/roofit/roofitcore/src/RooAbsReal.cxx:3346
#12 0x00002ad2cee7d236 in RooRealVar::attachToTree (this=0x557f3f0, t=..., bufSize=10485760) at /cvmfs/belle.cern.ch/el7/externals/v02-00-03/src/root/roofit/roofitcore/src/RooRealVar.cxx:1105
#13 0x00002ad2ceeb93bb in RooTreeDataStore::loadValues (this=0x52470f0, t=0x5146540, select=0x7fff3b2b1da0) at /cvmfs/belle.cern.ch/el7/externals/v02-00-03/src/root/roofit/roofitcore/src/RooTreeDataStore.cxx:478
#14 0x00002ad2ceebcd47 in RooTreeDataStore::RooTreeDataStore (this=this
entry=0x52470f0, name=name
entry=0x5151998 "data", title=0x7fff3b2b1d20 "\030\064f\264\322*", title
entry=0x51519d8 "", vars=..., t=..., selExpr=selExpr
entry=0x51481d0 "etapip_gg_rank==1", wgtVarName=0x0) at /cvmfs/belle.cern.ch/el7/externals/v02-00-03/src/root/roofit/roofitcore/src/RooTreeDataStore.cxx:169
#15 0x00002ad2ced6e238 in RooDataSet::RooDataSet (this=0x54981b0, name=0x5151998 "data", title=0x51519d8 "", theTree=0x5146540, vars=..., cuts=0x51481d0 "etapip_gg_rank==1", wgtVarName=0x0) at /cvmfs/belle.cern.ch/el7/externals/v02-00-03/src/root/roofit/roofitcore/src/RooDataSet.cxx:786
#16 0x00002ad2d26b5206 in ?? ()
#17 0x0000000000000000 in ?? ()
===========================================================


The lines below might hint at the cause of the crash.
You may get help by asking at the ROOT forum https://root.cern.ch/forum
Only if you are really convinced it is a bug in ROOT then please submit a
report at https://root.cern.ch/bugs Please post the ENTIRE stack trace
from above as an attachment in addition to anything else
that might help us fixing this issue.
===========================================================
#8  0x00002ad2b551ab10 in TBranch::Init (this=0x59febe0, name=0x7fff3b2b14e9 "Dp_M", leaflist=0x7fff3b2b17d9 "Dp_M/D", compress=<optimized out>) at /cvmfs/belle.cern.ch/el7/externals/v02-00-03/src/root/tree/tree/src/TBranch.cxx:431
#9  0x00002ad2b551b2bc in TBranch::TBranch (this=this
entry=0x59febe0, tree=tree
entry=0x5573f50, name=name
entry=0x7fff3b2b14e9 "Dp_M", address=address
entry=0x557f690, leaflist=leaflist
entry=0x7fff3b2b17d9 "Dp_M/D", basketsize=basketsize
entry=10485760, compress=-1) at /cvmfs/belle.cern.ch/el7/externals/v02-00-03/src/root/tree/tree/src/TBranch.cxx:243
#10 0x00002ad2b5592e2c in TTree::Branch (this=0x5573f50, name=0x7fff3b2b14e9 "Dp_M", address=0x557f690, leaflist=0x7fff3b2b17d9 "Dp_M/D", bufsize=10485760) at /cvmfs/belle.cern.ch/el7/externals/v02-00-03/src/root/tree/tree/src/TTree.cxx:1969
#11 0x00002ad2cece1e6a in RooAbsReal::attachToTree (this=this
entry=0x557f3f0, t=..., bufSize=bufSize
entry=10485760) at /cvmfs/belle.cern.ch/el7/externals/v02-00-03/src/root/roofit/roofitcore/src/RooAbsReal.cxx:3346
#12 0x00002ad2cee7d236 in RooRealVar::attachToTree (this=0x557f3f0, t=..., bufSize=10485760) at /cvmfs/belle.cern.ch/el7/externals/v02-00-03/src/root/roofit/roofitcore/src/RooRealVar.cxx:1105
#13 0x00002ad2ceeb93bb in RooTreeDataStore::loadValues (this=0x52470f0, t=0x5146540, select=0x7fff3b2b1da0) at /cvmfs/belle.cern.ch/el7/externals/v02-00-03/src/root/roofit/roofitcore/src/RooTreeDataStore.cxx:478
#14 0x00002ad2ceebcd47 in RooTreeDataStore::RooTreeDataStore (this=this
entry=0x52470f0, name=name
entry=0x5151998 "data", title=0x7fff3b2b1d20 "030064f264322*", title
entry=0x51519d8 "", vars=..., t=..., selExpr=selExpr
entry=0x51481d0 "etapip_gg_rank==1", wgtVarName=0x0) at /cvmfs/belle.cern.ch/el7/externals/v02-00-03/src/root/roofit/roofitcore/src/RooTreeDataStore.cxx:169
#15 0x00002ad2ced6e238 in RooDataSet::RooDataSet (this=0x54981b0, name=0x5151998 "data", title=0x51519d8 "", theTree=0x5146540, vars=..., cuts=0x51481d0 "etapip_gg_rank==1", wgtVarName=0x0) at /cvmfs/belle.cern.ch/el7/externals/v02-00-03/src/root/roofit/roofitcore/src/RooDataSet.cxx:786
#16 0x00002ad2d26b5206 in ?? ()
#17 0x0000000000000000 in ?? ()
===========================================================


Info in <TMinuitMinimizer::Minimize>: Finished to run MIGRAD - status 4
Info in <TMinuitMinimizer::Minimize>: Finished to run MIGRAD - status 4
Error in <TGClient::TGClient>: can't open display "ccw07:57.0", switching to batch mode...
 In case you run from a remote ssh session, reconnect with ssh -Y
Error in <TFile::TFile>: file /home/belle2/jaeyoung/storage_b2/storage/reduced_ntuples/MC15ri/etapip_eteeta/MC15ri_etaetapip_tight_v2_240708_Kp_BCS_etapi0const_ccbar.root does not exist
Error in <TFile::TFile>: file /home/belle2/jaeyoung/storage_b2/storage/reduced_ntuples/MC15ri/etapip_eteeta/MC15ri_etaetapip_tight_v2_240708_Kp_BCS_etapi0const_uubar.root does not exist
Error in <TFile::TFile>: file /home/belle2/jaeyoung/storage_b2/storage/reduced_ntuples/MC15ri/etapip_eteeta/MC15ri_etaetapip_tight_v2_240708_Kp_BCS_etapi0const_uubar.root does not exist
Error in <TFile::TFile>: file /home/belle2/jaeyoung/storage_b2/storage/reduced_ntuples/MC15ri/etapip_eteeta/MC15ri_etaetapip_tight_v2_240708_Kp_BCS_etapi0const_ssbar.root does not exist
Error in <TFile::TFile>: file /home/belle2/jaeyoung/storage_b2/storage/reduced_ntuples/MC15ri/etapip_eteeta/MC15ri_etaetapip_tight_v2_240708_Kp_BCS_etapi0const_charged.root does not exist
Error in <TFile::TFile>: file /home/belle2/jaeyoung/storage_b2/storage/reduced_ntuples/MC15ri/etapip_eteeta/MC15ri_etaetapip_tight_v2_240708_Kp_BCS_etapi0const_mixed.root does not exist
Error in <TFile::TFile>: file /home/belle2/jaeyoung/storage_b2/storage/reduced_ntuples/MC15ri/etapip_eteeta/MC15ri_etaetapip_tight_v2_240708_Kp_BCS_etapi0const_taupair.root does not exist
Error in <TFile::TFile>: file /home/belle2/jaeyoung/storage_b2/storage/reduced_ntuples/MC15ri/etapip_eteeta/MC15ri_etaetapip_tight_v2_240708_Kp_BCS_etapi0const_ccbar.root does not exist
Error in <TFile::TFile>: file /home/belle2/jaeyoung/storage_b2/storage/reduced_ntuples/MC15ri/etapip_eteeta/MC15ri_etaetapip_tight_v2_240708_Kp_BCS_etapi0const_ccbar.root does not exist
Error in <TFile::TFile>: file /home/belle2/jaeyoung/storage_b2/storage/reduced_ntuples/MC15ri/etapip_eteeta/MC15ri_etaetapip_tight_v2_240708_Kp_BCS_etapi0const_ccbar.root does not exist
Error in <TFile::TFile>: file /home/belle2/jaeyoung/storage_b2/storage/reduced_ntuples/MC15ri/etapip_eteeta/MC15ri_etaetapip_tight_v2_240708_Kp_BCS_etapi0const_ccbar.root does not exist
 *** Break *** segmentation violation



===========================================================
There was a crash.
This is the entire stack trace of all threads:
===========================================================
#0  0x00002adcbf2b760c in waitpid () from /lib64/libc.so.6
#1  0x00002adcbf234f62 in do_system () from /lib64/libc.so.6
#2  0x00002adcbf8b484c in TUnixSystem::Exec (shellcmd=<optimized out>, this=0xd8b570) at /cvmfs/belle.cern.ch/el7/externals/v02-00-03/src/root/core/unix/src/TUnixSystem.cxx:2120
#3  TUnixSystem::StackTrace (this=0xd8b570) at /cvmfs/belle.cern.ch/el7/externals/v02-00-03/src/root/core/unix/src/TUnixSystem.cxx:2411
#4  0x00002adcc257add3 in (anonymous namespace)::do_trace (sig=1) at /cvmfs/belle.cern.ch/el7/externals/v02-00-03/src/root/bindings/pyroot/cppyy/cppyy-backend/clingwrapper/src/clingwrapper.cxx:182
#5  (anonymous namespace)::TExceptionHandlerImp::HandleException (this=<optimized out>, sig=1) at /cvmfs/belle.cern.ch/el7/externals/v02-00-03/src/root/bindings/pyroot/cppyy/cppyy-backend/clingwrapper/src/clingwrapper.cxx:195
#6  0x00002adcbf8b1cd1 in TUnixSystem::DispatchSignals (this=0xd8b570, sig=kSigSegmentationViolation) at /cvmfs/belle.cern.ch/el7/externals/v02-00-03/src/root/core/unix/src/TUnixSystem.cxx:3644
#7  <signal handler called>
#8  0x00002adcc093ab10 in TBranch::Init (this=0x5fd2910, name=0x7fffd350c6e9 "Dp_M", leaflist=0x7fffd350c9d9 "Dp_M/D", compress=<optimized out>) at /cvmfs/belle.cern.ch/el7/externals/v02-00-03/src/root/tree/tree/src/TBranch.cxx:431
#9  0x00002adcc093b2bc in TBranch::TBranch (this=this
entry=0x5fd2910, tree=tree
entry=0x5b16570, name=name
entry=0x7fffd350c6e9 "Dp_M", address=address
entry=0x5f396b0, leaflist=leaflist
entry=0x7fffd350c9d9 "Dp_M/D", basketsize=basketsize
entry=10485760, compress=-1) at /cvmfs/belle.cern.ch/el7/externals/v02-00-03/src/root/tree/tree/src/TBranch.cxx:243
#10 0x00002adcc09b2e2c in TTree::Branch (this=0x5b16570, name=0x7fffd350c6e9 "Dp_M", address=0x5f396b0, leaflist=0x7fffd350c9d9 "Dp_M/D", bufsize=10485760) at /cvmfs/belle.cern.ch/el7/externals/v02-00-03/src/root/tree/tree/src/TTree.cxx:1969
#11 0x00002adcdb9fae6a in RooAbsReal::attachToTree (this=this
entry=0x5f39410, t=..., bufSize=bufSize
entry=10485760) at /cvmfs/belle.cern.ch/el7/externals/v02-00-03/src/root/roofit/roofitcore/src/RooAbsReal.cxx:3346
#12 0x00002adcdbb96236 in RooRealVar::attachToTree (this=0x5f39410, t=..., bufSize=10485760) at /cvmfs/belle.cern.ch/el7/externals/v02-00-03/src/root/roofit/roofitcore/src/RooRealVar.cxx:1105
#13 0x00002adcdbbd23bb in RooTreeDataStore::loadValues (this=0x54aa560, t=0x56f75d0, select=0x7fffd350cfa0) at /cvmfs/belle.cern.ch/el7/externals/v02-00-03/src/root/roofit/roofitcore/src/RooTreeDataStore.cxx:478
#14 0x00002adcdbbd5d47 in RooTreeDataStore::RooTreeDataStore (this=this
entry=0x54aa560, name=name
entry=0x5804968 "data", title=0x7fffd350cf20 "\030\064\250\277\334*", title
entry=0x58049a8 "", vars=..., t=..., selExpr=selExpr
entry=0x56f4910 "etapip_gg_rank==1", wgtVarName=0x0) at /cvmfs/belle.cern.ch/el7/externals/v02-00-03/src/root/roofit/roofitcore/src/RooTreeDataStore.cxx:169
#15 0x00002adcdba87238 in RooDataSet::RooDataSet (this=0x5a3bc80, name=0x5804968 "data", title=0x58049a8 "", theTree=0x56f75d0, vars=..., cuts=0x56f4910 "etapip_gg_rank==1", wgtVarName=0x0) at /cvmfs/belle.cern.ch/el7/externals/v02-00-03/src/root/roofit/roofitcore/src/RooDataSet.cxx:786
#16 0x00002adcdf445206 in ?? ()
#17 0x0000000000000000 in ?? ()
===========================================================


The lines below might hint at the cause of the crash.
You may get help by asking at the ROOT forum https://root.cern.ch/forum
Only if you are really convinced it is a bug in ROOT then please submit a
report at https://root.cern.ch/bugs Please post the ENTIRE stack trace
from above as an attachment in addition to anything else
that might help us fixing this issue.
===========================================================
#8  0x00002adcc093ab10 in TBranch::Init (this=0x5fd2910, name=0x7fffd350c6e9 "Dp_M", leaflist=0x7fffd350c9d9 "Dp_M/D", compress=<optimized out>) at /cvmfs/belle.cern.ch/el7/externals/v02-00-03/src/root/tree/tree/src/TBranch.cxx:431
#9  0x00002adcc093b2bc in TBranch::TBranch (this=this
entry=0x5fd2910, tree=tree
entry=0x5b16570, name=name
entry=0x7fffd350c6e9 "Dp_M", address=address
entry=0x5f396b0, leaflist=leaflist
entry=0x7fffd350c9d9 "Dp_M/D", basketsize=basketsize
entry=10485760, compress=-1) at /cvmfs/belle.cern.ch/el7/externals/v02-00-03/src/root/tree/tree/src/TBranch.cxx:243
#10 0x00002adcc09b2e2c in TTree::Branch (this=0x5b16570, name=0x7fffd350c6e9 "Dp_M", address=0x5f396b0, leaflist=0x7fffd350c9d9 "Dp_M/D", bufsize=10485760) at /cvmfs/belle.cern.ch/el7/externals/v02-00-03/src/root/tree/tree/src/TTree.cxx:1969
#11 0x00002adcdb9fae6a in RooAbsReal::attachToTree (this=this
entry=0x5f39410, t=..., bufSize=bufSize
entry=10485760) at /cvmfs/belle.cern.ch/el7/externals/v02-00-03/src/root/roofit/roofitcore/src/RooAbsReal.cxx:3346
#12 0x00002adcdbb96236 in RooRealVar::attachToTree (this=0x5f39410, t=..., bufSize=10485760) at /cvmfs/belle.cern.ch/el7/externals/v02-00-03/src/root/roofit/roofitcore/src/RooRealVar.cxx:1105
#13 0x00002adcdbbd23bb in RooTreeDataStore::loadValues (this=0x54aa560, t=0x56f75d0, select=0x7fffd350cfa0) at /cvmfs/belle.cern.ch/el7/externals/v02-00-03/src/root/roofit/roofitcore/src/RooTreeDataStore.cxx:478
#14 0x00002adcdbbd5d47 in RooTreeDataStore::RooTreeDataStore (this=this
entry=0x54aa560, name=name
entry=0x5804968 "data", title=0x7fffd350cf20 "030064250277334*", title
entry=0x58049a8 "", vars=..., t=..., selExpr=selExpr
entry=0x56f4910 "etapip_gg_rank==1", wgtVarName=0x0) at /cvmfs/belle.cern.ch/el7/externals/v02-00-03/src/root/roofit/roofitcore/src/RooTreeDataStore.cxx:169
#15 0x00002adcdba87238 in RooDataSet::RooDataSet (this=0x5a3bc80, name=0x5804968 "data", title=0x58049a8 "", theTree=0x56f75d0, vars=..., cuts=0x56f4910 "etapip_gg_rank==1", wgtVarName=0x0) at /cvmfs/belle.cern.ch/el7/externals/v02-00-03/src/root/roofit/roofitcore/src/RooDataSet.cxx:786
#16 0x00002adcdf445206 in ?? ()
#17 0x0000000000000000 in ?? ()
===========================================================


Error in <TFile::TFile>: file /home/belle2/jaeyoung/storage_b2/storage/reduced_ntuples/MC15ri/etapip_eteeta/MC15ri_etaetapip_tight_v2_240708_Kp_BCS_etapi0const_ccbar.root does not exist
Error in <TFile::TFile>: file /home/belle2/jaeyoung/storage_b2/storage/reduced_ntuples/MC15ri/etapip_eteeta/MC15ri_etaetapip_tight_v2_240708_Kp_BCS_etapi0const_uubar.root does not exist
Error in <TFile::TFile>: file /home/belle2/jaeyoung/storage_b2/storage/reduced_ntuples/MC15ri/etapip_eteeta/MC15ri_etaetapip_tight_v2_240708_Kp_BCS_etapi0const_uubar.root does not exist
Error in <TFile::TFile>: file /home/belle2/jaeyoung/storage_b2/storage/reduced_ntuples/MC15ri/etapip_eteeta/MC15ri_etaetapip_tight_v2_240708_Kp_BCS_etapi0const_ssbar.root does not exist
Error in <TFile::TFile>: file /home/belle2/jaeyoung/storage_b2/storage/reduced_ntuples/MC15ri/etapip_eteeta/MC15ri_etaetapip_tight_v2_240708_Kp_BCS_etapi0const_charged.root does not exist
Error in <TFile::TFile>: file /home/belle2/jaeyoung/storage_b2/storage/reduced_ntuples/MC15ri/etapip_eteeta/MC15ri_etaetapip_tight_v2_240708_Kp_BCS_etapi0const_mixed.root does not exist
Error in <TFile::TFile>: file /home/belle2/jaeyoung/storage_b2/storage/reduced_ntuples/MC15ri/etapip_eteeta/MC15ri_etaetapip_tight_v2_240708_Kp_BCS_etapi0const_taupair.root does not exist
Error in <TFile::TFile>: file /home/belle2/jaeyoung/storage_b2/storage/reduced_ntuples/MC15ri/etapip_eteeta/MC15ri_etaetapip_tight_v2_240708_Kp_BCS_etapi0const_ccbar.root does not exist
Error in <TFile::TFile>: file /home/belle2/jaeyoung/storage_b2/storage/reduced_ntuples/MC15ri/etapip_eteeta/MC15ri_etaetapip_tight_v2_240708_Kp_BCS_etapi0const_ccbar.root does not exist
Error in <TFile::TFile>: file /home/belle2/jaeyoung/storage_b2/storage/reduced_ntuples/MC15ri/etapip_eteeta/MC15ri_etaetapip_tight_v2_240708_Kp_BCS_etapi0const_ccbar.root does not exist
Error in <TFile::TFile>: file /home/belle2/jaeyoung/storage_b2/storage/reduced_ntuples/MC15ri/etapip_eteeta/MC15ri_etaetapip_tight_v2_240708_Kp_BCS_etapi0const_ccbar.root does not exist
Error in <TFile::TFile>: file /home/belle2/jaeyoung/storage_b2/storage/reduced_ntuples/MC15ri/etapip_eteeta/MC15ri_etaetapip_tight_v2_240708_Kp_BCS_etapi0const_ccbar.root does not exist
Error in <TFile::TFile>: file /home/belle2/jaeyoung/storage_b2/storage/reduced_ntuples/MC15ri/etapip_eteeta/MC15ri_etaetapip_tight_v2_240708_Kp_BCS_etapi0const_ccbar.root does not exist
Error in <TFile::TFile>: file /home/belle2/jaeyoung/storage_b2/storage/reduced_ntuples/MC15ri/etapip_eteeta/MC15ri_etaetapip_tight_v2_240708_Kp_BCS_etapi0const_ccbar.root does not exist
Error in <TFile::TFile>: file /home/belle2/jaeyoung/storage_b2/storage/reduced_ntuples/MC15ri/etapip_eteeta/MC15ri_etaetapip_tight_v2_240708_Kp_BCS_etapi0const_ccbar.root does not exist
Error in <TFile::TFile>: file /home/belle2/jaeyoung/storage_b2/storage/reduced_ntuples/MC15ri/etapip_eteeta/MC15ri_etaetapip_tight_v2_240708_Kp_BCS_etapi0const_ccbar.root does not exist
Error in <TFile::TFile>: file /home/belle2/jaeyoung/storage_b2/storage/reduced_ntuples/MC15ri/etapip_eteeta/MC15ri_etaetapip_tight_v2_240708_Kp_BCS_etapi0const_ccbar.root does not exist
Error in <TFile::TFile>: file /home/belle2/jaeyoung/storage_b2/storage/reduced_ntuples/MC15ri/etapip_eteeta/MC15ri_etaetapip_tight_v2_240708_Kp_BCS_etapi0const_ccbar.root does not exist
Error in <TFile::TFile>: file /home/belle2/jaeyoung/storage_b2/storage/reduced_ntuples/MC15ri/etapip_eteeta/MC15ri_etaetapip_tight_v2_240708_Kp_BCS_etapi0const_ccbar.root does not exist
Error in <TFile::TFile>: file /home/belle2/jaeyoung/storage_b2/storage/reduced_ntuples/MC15ri/etapip_eteeta/MC15ri_etaetapip_tight_v2_240708_Kp_BCS_etapi0const_ccbar.root does not exist
Error in <TFile::TFile>: file /home/belle2/jaeyoung/storage_b2/storage/reduced_ntuples/MC15ri/etapip_eteeta/MC15ri_etaetapip_tight_v2_240708_Kp_BCS_etapi0const_ccbar.root does not exist
Error in <TFile::TFile>: file /home/belle2/jaeyoung/storage_b2/storage/reduced_ntuples/MC15ri/etapip_eteeta/MC15ri_etaetapip_tight_v2_240708_Kp_BCS_etapi0const_ccbar.root does not exist
Error in <TFile::TFile>: file /home/belle2/jaeyoung/storage_b2/storage/reduced_ntuples/MC15ri/etapip_eteeta/MC15ri_etaetapip_tight_v2_240708_Kp_BCS_etapi0const_ccbar.root does not exist
Error in <TFile::TFile>: file /home/belle2/jaeyoung/storage_b2/storage/reduced_ntuples/MC15ri/etapip_eteeta/MC15ri_etaetapip_tight_v2_240708_Kp_BCS_etapi0const_ccbar.root does not exist
Error in <TFile::TFile>: file /home/belle2/jaeyoung/storage_b2/storage/reduced_ntuples/MC15ri/etapip_eteeta/MC15ri_etaetapip_tight_v2_240708_Kp_BCS_etapi0const_ccbar.root does not exist
Error in <TFile::TFile>: file /home/belle2/jaeyoung/storage_b2/storage/reduced_ntuples/MC15ri/etapip_eteeta/MC15ri_etaetapip_tight_v2_240708_Kp_BCS_etapi0const_ccbar.root does not exist
Error in <TFile::TFile>: file /home/belle2/jaeyoung/storage_b2/storage/reduced_ntuples/MC15ri/etapip_eteeta/MC15ri_etaetapip_tight_v2_240708_Kp_BCS_etapi0const_ccbar.root does not exist
Error in <TFile::TFile>: file /home/belle2/jaeyoung/storage_b2/storage/reduced_ntuples/MC15ri/etapip_eteeta/MC15ri_etaetapip_tight_v2_240708_Kp_BCS_etapi0const_ccbar.root does not exist
Error in <TFile::TFile>: file /home/belle2/jaeyoung/storage_b2/storage/reduced_ntuples/MC15ri/etapip_eteeta/MC15ri_etaetapip_tight_v2_240708_Kp_BCS_etapi0const_ccbar.root does not exist
Error in <TFile::TFile>: file /home/belle2/jaeyoung/storage_b2/storage/reduced_ntuples/MC15ri/etapip_eteeta/MC15ri_etaetapip_tight_v2_240708_Kp_BCS_etapi0const_ccbar.root does not exist
Traceback (most recent call last):
  File "/gpfs/home/belle2/jaeyoung/workspace/DRAW_and_FITTING/main/FITTING/etapip/MC15ri_generic/tight_v2_fit_v6/ToyMC/etapip_gg_fit_v6_toymc_100.py", line 88, in <module>
    before_data = ROOT.RooDataSet("data","", mychain, ROOT.RooArgSet(x,chiProb_rank,Pip_charge), cuts)
TypeError: none of the 8 overloaded methods succeeded. Full details:
  RooDataSet::RooDataSet(const char* name, const char* title, TTree* tree, const RooArgSet& vars, const RooFormulaVar& cutVar, const char* wgtVarName = 0) =>
    TypeError: could not convert argument 5
  RooDataSet::RooDataSet(const char* name, const char* title, RooDataSet* data, const RooArgSet& vars, const RooFormulaVar& cutVar, const char* wgtVarName = 0) =>
    TypeError: could not convert argument 3
  RooDataSet::RooDataSet(const char* name, const char* title, TTree* tree, const RooArgSet& vars, const char* cuts = 0, const char* wgtVarName = 0) =>
    SegmentationViolation: segfault in C++; program state was reset
  RooDataSet::RooDataSet(const char* name, const char* title, const RooArgSet& vars, const RooCmdArg& arg1, const RooCmdArg& arg2 = RooCmdArg(), const RooCmdArg& arg3 = RooCmdArg(), const RooCmdArg& arg4 = RooCmdArg(), const RooCmdArg& arg5 = RooCmdArg(), const RooCmdArg& arg6 = RooCmdArg(), const RooCmdArg& arg7 = RooCmdArg(), const RooCmdArg& arg8 = RooCmdArg()) =>
    TypeError: could not convert argument 3
  RooDataSet::RooDataSet(const char* name, const char* title, RooDataSet* data, const RooArgSet& vars, const char* cuts = 0, const char* wgtVarName = 0) =>
    TypeError: could not convert argument 3
  RooDataSet::RooDataSet(const RooDataSet& other, const char* newname = 0) =>
    TypeError: takes at most 2 arguments (5 given)
  RooDataSet::RooDataSet() =>
    TypeError: takes at most 0 arguments (5 given)
  RooDataSet::RooDataSet(const char* name, const char* title, const RooArgSet& vars, const char* wgtVarName = 0) =>
    TypeError: takes at most 4 arguments (5 given)
Error in <TGClient::TGClient>: can't open display "ccw07:57.0", switching to batch mode...
 In case you run from a remote ssh session, reconnect with ssh -Y
Info in <TMinuitMinimizer::Minimize>: Finished to run MIGRAD - status 4
Info in <TMinuitMinimizer::Minimize>: Finished to run MIGRAD - status 4
