Error in <TFile::TFile>: file /home/belle2/jaeyoung/storage_ghi/reduced_ntuples/MC15ri/etapip_eteeta/MC15ri_etaetapip_tight_v2_240708_Kp_BCS_etapi0const_ccbar.root does not exist
Error in <TFile::TFile>: file /home/belle2/jaeyoung/storage_ghi/reduced_ntuples/MC15ri/etapip_eteeta/MC15ri_etaetapip_tight_v2_240708_Kp_BCS_etapi0const_uubar.root does not exist
Error in <TFile::TFile>: file /home/belle2/jaeyoung/storage_ghi/reduced_ntuples/MC15ri/etapip_eteeta/MC15ri_etaetapip_tight_v2_240708_Kp_BCS_etapi0const_uubar.root does not exist
Error in <TFile::TFile>: file /home/belle2/jaeyoung/storage_ghi/reduced_ntuples/MC15ri/etapip_eteeta/MC15ri_etaetapip_tight_v2_240708_Kp_BCS_etapi0const_ssbar.root does not exist
Error in <TFile::TFile>: file /home/belle2/jaeyoung/storage_ghi/reduced_ntuples/MC15ri/etapip_eteeta/MC15ri_etaetapip_tight_v2_240708_Kp_BCS_etapi0const_charged.root does not exist
Error in <TFile::TFile>: file /home/belle2/jaeyoung/storage_ghi/reduced_ntuples/MC15ri/etapip_eteeta/MC15ri_etaetapip_tight_v2_240708_Kp_BCS_etapi0const_mixed.root does not exist
Error in <TFile::TFile>: file /home/belle2/jaeyoung/storage_ghi/reduced_ntuples/MC15ri/etapip_eteeta/MC15ri_etaetapip_tight_v2_240708_Kp_BCS_etapi0const_taupair.root does not exist
Error in <TFile::TFile>: file /home/belle2/jaeyoung/storage_ghi/reduced_ntuples/MC15ri/etapip_eteeta/MC15ri_etaetapip_tight_v2_240708_Kp_BCS_etapi0const_ccbar.root does not exist
Error in <TFile::TFile>: file /home/belle2/jaeyoung/storage_ghi/reduced_ntuples/MC15ri/etapip_eteeta/MC15ri_etaetapip_tight_v2_240708_Kp_BCS_etapi0const_ccbar.root does not exist
Error in <TFile::TFile>: file /home/belle2/jaeyoung/storage_ghi/reduced_ntuples/MC15ri/etapip_eteeta/MC15ri_etaetapip_tight_v2_240708_Kp_BCS_etapi0const_ccbar.root does not exist
Error in <TFile::TFile>: file /home/belle2/jaeyoung/storage_ghi/reduced_ntuples/MC15ri/etapip_eteeta/MC15ri_etaetapip_tight_v2_240708_Kp_BCS_etapi0const_ccbar.root does not exist
 *** Break *** segmentation violation



===========================================================
There was a crash.
This is the entire stack trace of all threads:
===========================================================
#0  0x00002b684725460c in waitpid () from /lib64/libc.so.6
#1  0x00002b68471d1f62 in do_system () from /lib64/libc.so.6
#2  0x00002b684785184c in TUnixSystem::Exec (shellcmd=<optimized out>, this=0xfd5570) at /cvmfs/belle.cern.ch/el7/externals/v02-00-03/src/root/core/unix/src/TUnixSystem.cxx:2120
#3  TUnixSystem::StackTrace (this=0xfd5570) at /cvmfs/belle.cern.ch/el7/externals/v02-00-03/src/root/core/unix/src/TUnixSystem.cxx:2411
#4  0x00002b684a517dd3 in (anonymous namespace)::do_trace (sig=1) at /cvmfs/belle.cern.ch/el7/externals/v02-00-03/src/root/bindings/pyroot/cppyy/cppyy-backend/clingwrapper/src/clingwrapper.cxx:182
#5  (anonymous namespace)::TExceptionHandlerImp::HandleException (this=<optimized out>, sig=1) at /cvmfs/belle.cern.ch/el7/externals/v02-00-03/src/root/bindings/pyroot/cppyy/cppyy-backend/clingwrapper/src/clingwrapper.cxx:195
#6  0x00002b684784ecd1 in TUnixSystem::DispatchSignals (this=0xfd5570, sig=kSigSegmentationViolation) at /cvmfs/belle.cern.ch/el7/externals/v02-00-03/src/root/core/unix/src/TUnixSystem.cxx:3644
#7  <signal handler called>
#8  0x00002b68488d7b10 in TBranch::Init (this=0x5c53960, name=0x7ffdb8733389 "Dp_M", leaflist=0x7ffdb8733679 "Dp_M/D", compress=<optimized out>) at /cvmfs/belle.cern.ch/el7/externals/v02-00-03/src/root/tree/tree/src/TBranch.cxx:431
#9  0x00002b68488d82bc in TBranch::TBranch (this=this
entry=0x5c53960, tree=tree
entry=0x5c65cb0, name=name
entry=0x7ffdb8733389 "Dp_M", address=address
entry=0x5b6a470, leaflist=leaflist
entry=0x7ffdb8733679 "Dp_M/D", basketsize=basketsize
entry=10485760, compress=-1) at /cvmfs/belle.cern.ch/el7/externals/v02-00-03/src/root/tree/tree/src/TBranch.cxx:243
#10 0x00002b684894fe2c in TTree::Branch (this=0x5c65cb0, name=0x7ffdb8733389 "Dp_M", address=0x5b6a470, leaflist=0x7ffdb8733679 "Dp_M/D", bufsize=10485760) at /cvmfs/belle.cern.ch/el7/externals/v02-00-03/src/root/tree/tree/src/TTree.cxx:1969
#11 0x00002b686209ee6a in RooAbsReal::attachToTree (this=this
entry=0x5b6a1d0, t=..., bufSize=bufSize
entry=10485760) at /cvmfs/belle.cern.ch/el7/externals/v02-00-03/src/root/roofit/roofitcore/src/RooAbsReal.cxx:3346
#12 0x00002b686223a236 in RooRealVar::attachToTree (this=0x5b6a1d0, t=..., bufSize=10485760) at /cvmfs/belle.cern.ch/el7/externals/v02-00-03/src/root/roofit/roofitcore/src/RooRealVar.cxx:1105
#13 0x00002b68622763bb in RooTreeDataStore::loadValues (this=0x58590b0, t=0x588e910, select=0x7ffdb8733c40) at /cvmfs/belle.cern.ch/el7/externals/v02-00-03/src/root/roofit/roofitcore/src/RooTreeDataStore.cxx:478
#14 0x00002b6862279d47 in RooTreeDataStore::RooTreeDataStore (this=this
entry=0x58590b0, name=name
entry=0x5869358 "data", title=0x7ffdb8733bc0 "\030\004\242Gh+", title
entry=0x5869308 "", vars=..., t=..., selExpr=selExpr
entry=0x58657c0 "etapip_gg_rank==1", wgtVarName=0x0) at /cvmfs/belle.cern.ch/el7/externals/v02-00-03/src/root/roofit/roofitcore/src/RooTreeDataStore.cxx:169
#15 0x00002b686212b238 in RooDataSet::RooDataSet (this=0x5b89e10, name=0x5869358 "data", title=0x5869308 "", theTree=0x588e910, vars=..., cuts=0x58657c0 "etapip_gg_rank==1", wgtVarName=0x0) at /cvmfs/belle.cern.ch/el7/externals/v02-00-03/src/root/roofit/roofitcore/src/RooDataSet.cxx:786
#16 0x00002b6865a72206 in ?? ()
#17 0x0000000000000000 in ?? ()
===========================================================


The lines below might hint at the cause of the crash.
You may get help by asking at the ROOT forum https://root.cern.ch/forum
Only if you are really convinced it is a bug in ROOT then please submit a
report at https://root.cern.ch/bugs Please post the ENTIRE stack trace
from above as an attachment in addition to anything else
that might help us fixing this issue.
===========================================================
#8  0x00002b68488d7b10 in TBranch::Init (this=0x5c53960, name=0x7ffdb8733389 "Dp_M", leaflist=0x7ffdb8733679 "Dp_M/D", compress=<optimized out>) at /cvmfs/belle.cern.ch/el7/externals/v02-00-03/src/root/tree/tree/src/TBranch.cxx:431
#9  0x00002b68488d82bc in TBranch::TBranch (this=this
entry=0x5c53960, tree=tree
entry=0x5c65cb0, name=name
entry=0x7ffdb8733389 "Dp_M", address=address
entry=0x5b6a470, leaflist=leaflist
entry=0x7ffdb8733679 "Dp_M/D", basketsize=basketsize
entry=10485760, compress=-1) at /cvmfs/belle.cern.ch/el7/externals/v02-00-03/src/root/tree/tree/src/TBranch.cxx:243
#10 0x00002b684894fe2c in TTree::Branch (this=0x5c65cb0, name=0x7ffdb8733389 "Dp_M", address=0x5b6a470, leaflist=0x7ffdb8733679 "Dp_M/D", bufsize=10485760) at /cvmfs/belle.cern.ch/el7/externals/v02-00-03/src/root/tree/tree/src/TTree.cxx:1969
#11 0x00002b686209ee6a in RooAbsReal::attachToTree (this=this
entry=0x5b6a1d0, t=..., bufSize=bufSize
entry=10485760) at /cvmfs/belle.cern.ch/el7/externals/v02-00-03/src/root/roofit/roofitcore/src/RooAbsReal.cxx:3346
#12 0x00002b686223a236 in RooRealVar::attachToTree (this=0x5b6a1d0, t=..., bufSize=10485760) at /cvmfs/belle.cern.ch/el7/externals/v02-00-03/src/root/roofit/roofitcore/src/RooRealVar.cxx:1105
#13 0x00002b68622763bb in RooTreeDataStore::loadValues (this=0x58590b0, t=0x588e910, select=0x7ffdb8733c40) at /cvmfs/belle.cern.ch/el7/externals/v02-00-03/src/root/roofit/roofitcore/src/RooTreeDataStore.cxx:478
#14 0x00002b6862279d47 in RooTreeDataStore::RooTreeDataStore (this=this
entry=0x58590b0, name=name
entry=0x5869358 "data", title=0x7ffdb8733bc0 "030004242Gh+", title
entry=0x5869308 "", vars=..., t=..., selExpr=selExpr
entry=0x58657c0 "etapip_gg_rank==1", wgtVarName=0x0) at /cvmfs/belle.cern.ch/el7/externals/v02-00-03/src/root/roofit/roofitcore/src/RooTreeDataStore.cxx:169
#15 0x00002b686212b238 in RooDataSet::RooDataSet (this=0x5b89e10, name=0x5869358 "data", title=0x5869308 "", theTree=0x588e910, vars=..., cuts=0x58657c0 "etapip_gg_rank==1", wgtVarName=0x0) at /cvmfs/belle.cern.ch/el7/externals/v02-00-03/src/root/roofit/roofitcore/src/RooDataSet.cxx:786
#16 0x00002b6865a72206 in ?? ()
#17 0x0000000000000000 in ?? ()
===========================================================


 *** Break *** segmentation violation



===========================================================
There was a crash.
This is the entire stack trace of all threads:
===========================================================
#0  0x00002b684725460c in waitpid () from /lib64/libc.so.6
#1  0x00002b68471d1f62 in do_system () from /lib64/libc.so.6
#2  0x00002b684785184c in TUnixSystem::Exec (shellcmd=<optimized out>, this=0xfd5570) at /cvmfs/belle.cern.ch/el7/externals/v02-00-03/src/root/core/unix/src/TUnixSystem.cxx:2120
#3  TUnixSystem::StackTrace (this=0xfd5570) at /cvmfs/belle.cern.ch/el7/externals/v02-00-03/src/root/core/unix/src/TUnixSystem.cxx:2411
#4  0x00002b684a517c53 in (anonymous namespace)::do_trace (sig=1) at /cvmfs/belle.cern.ch/el7/externals/v02-00-03/src/root/bindings/pyroot/cppyy/cppyy-backend/clingwrapper/src/clingwrapper.cxx:182
#5  (anonymous namespace)::TExceptionHandlerImp::HandleException (this=<optimized out>, sig=1) at /cvmfs/belle.cern.ch/el7/externals/v02-00-03/src/root/bindings/pyroot/cppyy/cppyy-backend/clingwrapper/src/clingwrapper.cxx:201
#6  0x00002b684784ecd1 in TUnixSystem::DispatchSignals (this=0xfd5570, sig=kSigSegmentationViolation) at /cvmfs/belle.cern.ch/el7/externals/v02-00-03/src/root/core/unix/src/TUnixSystem.cxx:3644
#7  <signal handler called>
#8  0x00002b68488d7b10 in TBranch::Init (this=0x5c53960, name=0x7ffdb8733389 "Dp_M", leaflist=0x7ffdb8733679 "Dp_M/D", compress=<optimized out>) at /cvmfs/belle.cern.ch/el7/externals/v02-00-03/src/root/tree/tree/src/TBranch.cxx:431
#9  0x00002b68488d82bc in TBranch::TBranch (this=this
entry=0x5c53960, tree=tree
entry=0x5c65cb0, name=name
entry=0x7ffdb8733389 "Dp_M", address=address
entry=0x5b6a470, leaflist=leaflist
entry=0x7ffdb8733679 "Dp_M/D", basketsize=basketsize
entry=10485760, compress=-1) at /cvmfs/belle.cern.ch/el7/externals/v02-00-03/src/root/tree/tree/src/TBranch.cxx:243
#10 0x00002b684894fe2c in TTree::Branch (this=0x5c65cb0, name=0x7ffdb8733389 "Dp_M", address=0x5b6a470, leaflist=0x7ffdb8733679 "Dp_M/D", bufsize=10485760) at /cvmfs/belle.cern.ch/el7/externals/v02-00-03/src/root/tree/tree/src/TTree.cxx:1969
#11 0x00002b686209ee6a in RooAbsReal::attachToTree (this=this
entry=0x5b6a1d0, t=..., bufSize=bufSize
entry=10485760) at /cvmfs/belle.cern.ch/el7/externals/v02-00-03/src/root/roofit/roofitcore/src/RooAbsReal.cxx:3346
#12 0x00002b686223a236 in RooRealVar::attachToTree (this=0x5b6a1d0, t=..., bufSize=10485760) at /cvmfs/belle.cern.ch/el7/externals/v02-00-03/src/root/roofit/roofitcore/src/RooRealVar.cxx:1105
#13 0x00002b68622763bb in RooTreeDataStore::loadValues (this=0x58590b0, t=0x588e910, select=0x7ffdb8733c40) at /cvmfs/belle.cern.ch/el7/externals/v02-00-03/src/root/roofit/roofitcore/src/RooTreeDataStore.cxx:478
#14 0x00002b6862279d47 in RooTreeDataStore::RooTreeDataStore (this=this
entry=0x58590b0, name=name
entry=0x5869358 "data", title=0x7ffdb8733bc0 "\030\004\242Gh+", title
entry=0x5869308 "", vars=..., t=..., selExpr=selExpr
entry=0x58657c0 "etapip_gg_rank==1", wgtVarName=0x0) at /cvmfs/belle.cern.ch/el7/externals/v02-00-03/src/root/roofit/roofitcore/src/RooTreeDataStore.cxx:169
#15 0x00002b686212b238 in RooDataSet::RooDataSet (this=0x5b89e10, name=0x5869358 "data", title=0x5869308 "", theTree=0x588e910, vars=..., cuts=0x58657c0 "etapip_gg_rank==1", wgtVarName=0x0) at /cvmfs/belle.cern.ch/el7/externals/v02-00-03/src/root/roofit/roofitcore/src/RooDataSet.cxx:786
#16 0x00002b6865a72206 in ?? ()
#17 0x0000000000000000 in ?? ()
===========================================================


The lines below might hint at the cause of the crash.
You may get help by asking at the ROOT forum https://root.cern.ch/forum
Only if you are really convinced it is a bug in ROOT then please submit a
report at https://root.cern.ch/bugs Please post the ENTIRE stack trace
from above as an attachment in addition to anything else
that might help us fixing this issue.
===========================================================
#8  0x00002b68488d7b10 in TBranch::Init (this=0x5c53960, name=0x7ffdb8733389 "Dp_M", leaflist=0x7ffdb8733679 "Dp_M/D", compress=<optimized out>) at /cvmfs/belle.cern.ch/el7/externals/v02-00-03/src/root/tree/tree/src/TBranch.cxx:431
#9  0x00002b68488d82bc in TBranch::TBranch (this=this
entry=0x5c53960, tree=tree
entry=0x5c65cb0, name=name
entry=0x7ffdb8733389 "Dp_M", address=address
entry=0x5b6a470, leaflist=leaflist
entry=0x7ffdb8733679 "Dp_M/D", basketsize=basketsize
entry=10485760, compress=-1) at /cvmfs/belle.cern.ch/el7/externals/v02-00-03/src/root/tree/tree/src/TBranch.cxx:243
#10 0x00002b684894fe2c in TTree::Branch (this=0x5c65cb0, name=0x7ffdb8733389 "Dp_M", address=0x5b6a470, leaflist=0x7ffdb8733679 "Dp_M/D", bufsize=10485760) at /cvmfs/belle.cern.ch/el7/externals/v02-00-03/src/root/tree/tree/src/TTree.cxx:1969
#11 0x00002b686209ee6a in RooAbsReal::attachToTree (this=this
entry=0x5b6a1d0, t=..., bufSize=bufSize
entry=10485760) at /cvmfs/belle.cern.ch/el7/externals/v02-00-03/src/root/roofit/roofitcore/src/RooAbsReal.cxx:3346
#12 0x00002b686223a236 in RooRealVar::attachToTree (this=0x5b6a1d0, t=..., bufSize=10485760) at /cvmfs/belle.cern.ch/el7/externals/v02-00-03/src/root/roofit/roofitcore/src/RooRealVar.cxx:1105
#13 0x00002b68622763bb in RooTreeDataStore::loadValues (this=0x58590b0, t=0x588e910, select=0x7ffdb8733c40) at /cvmfs/belle.cern.ch/el7/externals/v02-00-03/src/root/roofit/roofitcore/src/RooTreeDataStore.cxx:478
#14 0x00002b6862279d47 in RooTreeDataStore::RooTreeDataStore (this=this
entry=0x58590b0, name=name
entry=0x5869358 "data", title=0x7ffdb8733bc0 "030004242Gh+", title
entry=0x5869308 "", vars=..., t=..., selExpr=selExpr
entry=0x58657c0 "etapip_gg_rank==1", wgtVarName=0x0) at /cvmfs/belle.cern.ch/el7/externals/v02-00-03/src/root/roofit/roofitcore/src/RooTreeDataStore.cxx:169
#15 0x00002b686212b238 in RooDataSet::RooDataSet (this=0x5b89e10, name=0x5869358 "data", title=0x5869308 "", theTree=0x588e910, vars=..., cuts=0x58657c0 "etapip_gg_rank==1", wgtVarName=0x0) at /cvmfs/belle.cern.ch/el7/externals/v02-00-03/src/root/roofit/roofitcore/src/RooDataSet.cxx:786
#16 0x00002b6865a72206 in ?? ()
#17 0x0000000000000000 in ?? ()
===========================================================


Error in <TFile::TFile>: file /gpfs/home/belle2/jaeyoung/workspace/DRAW_and_FITTING/main/FITTING/etapip/MC15ri_generic/tight_v2_fit_v6/ToyMC/home/belle2/jaeyoung/storage_b2/storage/reduced_ntuples/MC15ri/etapip_eteeta/MC15ri_etaetapip_tight_v2_240708_Kp_BCS_etapi0const_ccbar.root does not exist
Error in <TFile::TFile>: file /gpfs/home/belle2/jaeyoung/workspace/DRAW_and_FITTING/main/FITTING/etapip/MC15ri_generic/tight_v2_fit_v6/ToyMC/home/belle2/jaeyoung/storage_b2/storage/reduced_ntuples/MC15ri/etapip_eteeta/MC15ri_etaetapip_tight_v2_240708_Kp_BCS_etapi0const_uubar.root does not exist
Error in <TFile::TFile>: file /gpfs/home/belle2/jaeyoung/workspace/DRAW_and_FITTING/main/FITTING/etapip/MC15ri_generic/tight_v2_fit_v6/ToyMC/home/belle2/jaeyoung/storage_b2/storage/reduced_ntuples/MC15ri/etapip_eteeta/MC15ri_etaetapip_tight_v2_240708_Kp_BCS_etapi0const_uubar.root does not exist
Error in <TFile::TFile>: file /gpfs/home/belle2/jaeyoung/workspace/DRAW_and_FITTING/main/FITTING/etapip/MC15ri_generic/tight_v2_fit_v6/ToyMC/home/belle2/jaeyoung/storage_b2/storage/reduced_ntuples/MC15ri/etapip_eteeta/MC15ri_etaetapip_tight_v2_240708_Kp_BCS_etapi0const_ssbar.root does not exist
Error in <TFile::TFile>: file /gpfs/home/belle2/jaeyoung/workspace/DRAW_and_FITTING/main/FITTING/etapip/MC15ri_generic/tight_v2_fit_v6/ToyMC/home/belle2/jaeyoung/storage_b2/storage/reduced_ntuples/MC15ri/etapip_eteeta/MC15ri_etaetapip_tight_v2_240708_Kp_BCS_etapi0const_charged.root does not exist
Error in <TFile::TFile>: file /gpfs/home/belle2/jaeyoung/workspace/DRAW_and_FITTING/main/FITTING/etapip/MC15ri_generic/tight_v2_fit_v6/ToyMC/home/belle2/jaeyoung/storage_b2/storage/reduced_ntuples/MC15ri/etapip_eteeta/MC15ri_etaetapip_tight_v2_240708_Kp_BCS_etapi0const_mixed.root does not exist
Error in <TFile::TFile>: file /gpfs/home/belle2/jaeyoung/workspace/DRAW_and_FITTING/main/FITTING/etapip/MC15ri_generic/tight_v2_fit_v6/ToyMC/home/belle2/jaeyoung/storage_b2/storage/reduced_ntuples/MC15ri/etapip_eteeta/MC15ri_etaetapip_tight_v2_240708_Kp_BCS_etapi0const_taupair.root does not exist
Error in <TFile::TFile>: file /gpfs/home/belle2/jaeyoung/workspace/DRAW_and_FITTING/main/FITTING/etapip/MC15ri_generic/tight_v2_fit_v6/ToyMC/home/belle2/jaeyoung/storage_b2/storage/reduced_ntuples/MC15ri/etapip_eteeta/MC15ri_etaetapip_tight_v2_240708_Kp_BCS_etapi0const_ccbar.root does not exist
Error in <TFile::TFile>: file /gpfs/home/belle2/jaeyoung/workspace/DRAW_and_FITTING/main/FITTING/etapip/MC15ri_generic/tight_v2_fit_v6/ToyMC/home/belle2/jaeyoung/storage_b2/storage/reduced_ntuples/MC15ri/etapip_eteeta/MC15ri_etaetapip_tight_v2_240708_Kp_BCS_etapi0const_ccbar.root does not exist
Error in <TFile::TFile>: file /gpfs/home/belle2/jaeyoung/workspace/DRAW_and_FITTING/main/FITTING/etapip/MC15ri_generic/tight_v2_fit_v6/ToyMC/home/belle2/jaeyoung/storage_b2/storage/reduced_ntuples/MC15ri/etapip_eteeta/MC15ri_etaetapip_tight_v2_240708_Kp_BCS_etapi0const_ccbar.root does not exist
Error in <TFile::TFile>: file /gpfs/home/belle2/jaeyoung/workspace/DRAW_and_FITTING/main/FITTING/etapip/MC15ri_generic/tight_v2_fit_v6/ToyMC/home/belle2/jaeyoung/storage_b2/storage/reduced_ntuples/MC15ri/etapip_eteeta/MC15ri_etaetapip_tight_v2_240708_Kp_BCS_etapi0const_ccbar.root does not exist
 *** Break *** segmentation violation



===========================================================
There was a crash.
This is the entire stack trace of all threads:
===========================================================
#0  0x00002b684fe5960c in waitpid () from /lib64/libc.so.6
#1  0x00002b684fdd6f62 in do_system () from /lib64/libc.so.6
#2  0x00002b685045684c in TUnixSystem::Exec (shellcmd=<optimized out>, this=0x10ad570) at /cvmfs/belle.cern.ch/el7/externals/v02-00-03/src/root/core/unix/src/TUnixSystem.cxx:2120
#3  TUnixSystem::StackTrace (this=0x10ad570) at /cvmfs/belle.cern.ch/el7/externals/v02-00-03/src/root/core/unix/src/TUnixSystem.cxx:2411
#4  0x00002b685311cdd3 in (anonymous namespace)::do_trace (sig=1) at /cvmfs/belle.cern.ch/el7/externals/v02-00-03/src/root/bindings/pyroot/cppyy/cppyy-backend/clingwrapper/src/clingwrapper.cxx:182
#5  (anonymous namespace)::TExceptionHandlerImp::HandleException (this=<optimized out>, sig=1) at /cvmfs/belle.cern.ch/el7/externals/v02-00-03/src/root/bindings/pyroot/cppyy/cppyy-backend/clingwrapper/src/clingwrapper.cxx:195
#6  0x00002b6850453cd1 in TUnixSystem::DispatchSignals (this=0x10ad570, sig=kSigSegmentationViolation) at /cvmfs/belle.cern.ch/el7/externals/v02-00-03/src/root/core/unix/src/TUnixSystem.cxx:3644
#7  <signal handler called>
#8  0x00002b68514dcb10 in TBranch::Init (this=0x61cc750, name=0x7ffd4ff8d189 "Dp_M", leaflist=0x7ffd4ff8d479 "Dp_M/D", compress=<optimized out>) at /cvmfs/belle.cern.ch/el7/externals/v02-00-03/src/root/tree/tree/src/TBranch.cxx:431
#9  0x00002b68514dd2bc in TBranch::TBranch (this=this
entry=0x61cc750, tree=tree
entry=0x5d3f000, name=name
entry=0x7ffd4ff8d189 "Dp_M", address=address
entry=0x5d49df0, leaflist=leaflist
entry=0x7ffd4ff8d479 "Dp_M/D", basketsize=basketsize
entry=10485760, compress=-1) at /cvmfs/belle.cern.ch/el7/externals/v02-00-03/src/root/tree/tree/src/TBranch.cxx:243
#10 0x00002b6851554e2c in TTree::Branch (this=0x5d3f000, name=0x7ffd4ff8d189 "Dp_M", address=0x5d49df0, leaflist=0x7ffd4ff8d479 "Dp_M/D", bufsize=10485760) at /cvmfs/belle.cern.ch/el7/externals/v02-00-03/src/root/tree/tree/src/TTree.cxx:1969
#11 0x00002b686aca3e6a in RooAbsReal::attachToTree (this=this
entry=0x5d49b50, t=..., bufSize=bufSize
entry=10485760) at /cvmfs/belle.cern.ch/el7/externals/v02-00-03/src/root/roofit/roofitcore/src/RooAbsReal.cxx:3346
#12 0x00002b686ae3f236 in RooRealVar::attachToTree (this=0x5d49b50, t=..., bufSize=10485760) at /cvmfs/belle.cern.ch/el7/externals/v02-00-03/src/root/roofit/roofitcore/src/RooRealVar.cxx:1105
#13 0x00002b686ae7b3bb in RooTreeDataStore::loadValues (this=0x5c42bb0, t=0x5960c20, select=0x7ffd4ff8da40) at /cvmfs/belle.cern.ch/el7/externals/v02-00-03/src/root/roofit/roofitcore/src/RooTreeDataStore.cxx:478
#14 0x00002b686ae7ed47 in RooTreeDataStore::RooTreeDataStore (this=this
entry=0x5c42bb0, name=name
entry=0x5bc3c18 "data", title=0x7ffd4ff8d9c0 "\030TbPh+", title
entry=0x5bc3c58 "", vars=..., t=..., selExpr=selExpr
entry=0x58dae00 "etapip_gg_rank==1", wgtVarName=0x0) at /cvmfs/belle.cern.ch/el7/externals/v02-00-03/src/root/roofit/roofitcore/src/RooTreeDataStore.cxx:169
#15 0x00002b686ad30238 in RooDataSet::RooDataSet (this=0x5c63150, name=0x5bc3c18 "data", title=0x5bc3c58 "", theTree=0x5960c20, vars=..., cuts=0x58dae00 "etapip_gg_rank==1", wgtVarName=0x0) at /cvmfs/belle.cern.ch/el7/externals/v02-00-03/src/root/roofit/roofitcore/src/RooDataSet.cxx:786
#16 0x00002b686e677206 in ?? ()
#17 0x0000000000000000 in ?? ()
===========================================================


The lines below might hint at the cause of the crash.
You may get help by asking at the ROOT forum https://root.cern.ch/forum
Only if you are really convinced it is a bug in ROOT then please submit a
report at https://root.cern.ch/bugs Please post the ENTIRE stack trace
from above as an attachment in addition to anything else
that might help us fixing this issue.
===========================================================
#8  0x00002b68514dcb10 in TBranch::Init (this=0x61cc750, name=0x7ffd4ff8d189 "Dp_M", leaflist=0x7ffd4ff8d479 "Dp_M/D", compress=<optimized out>) at /cvmfs/belle.cern.ch/el7/externals/v02-00-03/src/root/tree/tree/src/TBranch.cxx:431
#9  0x00002b68514dd2bc in TBranch::TBranch (this=this
entry=0x61cc750, tree=tree
entry=0x5d3f000, name=name
entry=0x7ffd4ff8d189 "Dp_M", address=address
entry=0x5d49df0, leaflist=leaflist
entry=0x7ffd4ff8d479 "Dp_M/D", basketsize=basketsize
entry=10485760, compress=-1) at /cvmfs/belle.cern.ch/el7/externals/v02-00-03/src/root/tree/tree/src/TBranch.cxx:243
#10 0x00002b6851554e2c in TTree::Branch (this=0x5d3f000, name=0x7ffd4ff8d189 "Dp_M", address=0x5d49df0, leaflist=0x7ffd4ff8d479 "Dp_M/D", bufsize=10485760) at /cvmfs/belle.cern.ch/el7/externals/v02-00-03/src/root/tree/tree/src/TTree.cxx:1969
#11 0x00002b686aca3e6a in RooAbsReal::attachToTree (this=this
entry=0x5d49b50, t=..., bufSize=bufSize
entry=10485760) at /cvmfs/belle.cern.ch/el7/externals/v02-00-03/src/root/roofit/roofitcore/src/RooAbsReal.cxx:3346
#12 0x00002b686ae3f236 in RooRealVar::attachToTree (this=0x5d49b50, t=..., bufSize=10485760) at /cvmfs/belle.cern.ch/el7/externals/v02-00-03/src/root/roofit/roofitcore/src/RooRealVar.cxx:1105
#13 0x00002b686ae7b3bb in RooTreeDataStore::loadValues (this=0x5c42bb0, t=0x5960c20, select=0x7ffd4ff8da40) at /cvmfs/belle.cern.ch/el7/externals/v02-00-03/src/root/roofit/roofitcore/src/RooTreeDataStore.cxx:478
#14 0x00002b686ae7ed47 in RooTreeDataStore::RooTreeDataStore (this=this
entry=0x5c42bb0, name=name
entry=0x5bc3c18 "data", title=0x7ffd4ff8d9c0 "030TbPh+", title
entry=0x5bc3c58 "", vars=..., t=..., selExpr=selExpr
entry=0x58dae00 "etapip_gg_rank==1", wgtVarName=0x0) at /cvmfs/belle.cern.ch/el7/externals/v02-00-03/src/root/roofit/roofitcore/src/RooTreeDataStore.cxx:169
#15 0x00002b686ad30238 in RooDataSet::RooDataSet (this=0x5c63150, name=0x5bc3c18 "data", title=0x5bc3c58 "", theTree=0x5960c20, vars=..., cuts=0x58dae00 "etapip_gg_rank==1", wgtVarName=0x0) at /cvmfs/belle.cern.ch/el7/externals/v02-00-03/src/root/roofit/roofitcore/src/RooDataSet.cxx:786
#16 0x00002b686e677206 in ?? ()
#17 0x0000000000000000 in ?? ()
===========================================================


 *** Break *** segmentation violation



===========================================================
There was a crash.
This is the entire stack trace of all threads:
===========================================================
#0  0x00002b684fe5960c in waitpid () from /lib64/libc.so.6
#1  0x00002b684fdd6f62 in do_system () from /lib64/libc.so.6
#2  0x00002b685045684c in TUnixSystem::Exec (shellcmd=<optimized out>, this=0x10ad570) at /cvmfs/belle.cern.ch/el7/externals/v02-00-03/src/root/core/unix/src/TUnixSystem.cxx:2120
#3  TUnixSystem::StackTrace (this=0x10ad570) at /cvmfs/belle.cern.ch/el7/externals/v02-00-03/src/root/core/unix/src/TUnixSystem.cxx:2411
#4  0x00002b685311cc53 in (anonymous namespace)::do_trace (sig=1) at /cvmfs/belle.cern.ch/el7/externals/v02-00-03/src/root/bindings/pyroot/cppyy/cppyy-backend/clingwrapper/src/clingwrapper.cxx:182
#5  (anonymous namespace)::TExceptionHandlerImp::HandleException (this=<optimized out>, sig=1) at /cvmfs/belle.cern.ch/el7/externals/v02-00-03/src/root/bindings/pyroot/cppyy/cppyy-backend/clingwrapper/src/clingwrapper.cxx:201
#6  0x00002b6850453cd1 in TUnixSystem::DispatchSignals (this=0x10ad570, sig=kSigSegmentationViolation) at /cvmfs/belle.cern.ch/el7/externals/v02-00-03/src/root/core/unix/src/TUnixSystem.cxx:3644
#7  <signal handler called>
#8  0x00002b68514dcb10 in TBranch::Init (this=0x61cc750, name=0x7ffd4ff8d189 "Dp_M", leaflist=0x7ffd4ff8d479 "Dp_M/D", compress=<optimized out>) at /cvmfs/belle.cern.ch/el7/externals/v02-00-03/src/root/tree/tree/src/TBranch.cxx:431
#9  0x00002b68514dd2bc in TBranch::TBranch (this=this
entry=0x61cc750, tree=tree
entry=0x5d3f000, name=name
entry=0x7ffd4ff8d189 "Dp_M", address=address
entry=0x5d49df0, leaflist=leaflist
entry=0x7ffd4ff8d479 "Dp_M/D", basketsize=basketsize
entry=10485760, compress=-1) at /cvmfs/belle.cern.ch/el7/externals/v02-00-03/src/root/tree/tree/src/TBranch.cxx:243
#10 0x00002b6851554e2c in TTree::Branch (this=0x5d3f000, name=0x7ffd4ff8d189 "Dp_M", address=0x5d49df0, leaflist=0x7ffd4ff8d479 "Dp_M/D", bufsize=10485760) at /cvmfs/belle.cern.ch/el7/externals/v02-00-03/src/root/tree/tree/src/TTree.cxx:1969
#11 0x00002b686aca3e6a in RooAbsReal::attachToTree (this=this
entry=0x5d49b50, t=..., bufSize=bufSize
entry=10485760) at /cvmfs/belle.cern.ch/el7/externals/v02-00-03/src/root/roofit/roofitcore/src/RooAbsReal.cxx:3346
#12 0x00002b686ae3f236 in RooRealVar::attachToTree (this=0x5d49b50, t=..., bufSize=10485760) at /cvmfs/belle.cern.ch/el7/externals/v02-00-03/src/root/roofit/roofitcore/src/RooRealVar.cxx:1105
#13 0x00002b686ae7b3bb in RooTreeDataStore::loadValues (this=0x5c42bb0, t=0x5960c20, select=0x7ffd4ff8da40) at /cvmfs/belle.cern.ch/el7/externals/v02-00-03/src/root/roofit/roofitcore/src/RooTreeDataStore.cxx:478
#14 0x00002b686ae7ed47 in RooTreeDataStore::RooTreeDataStore (this=this
entry=0x5c42bb0, name=name
entry=0x5bc3c18 "data", title=0x7ffd4ff8d9c0 "\030TbPh+", title
entry=0x5bc3c58 "", vars=..., t=..., selExpr=selExpr
entry=0x58dae00 "etapip_gg_rank==1", wgtVarName=0x0) at /cvmfs/belle.cern.ch/el7/externals/v02-00-03/src/root/roofit/roofitcore/src/RooTreeDataStore.cxx:169
#15 0x00002b686ad30238 in RooDataSet::RooDataSet (this=0x5c63150, name=0x5bc3c18 "data", title=0x5bc3c58 "", theTree=0x5960c20, vars=..., cuts=0x58dae00 "etapip_gg_rank==1", wgtVarName=0x0) at /cvmfs/belle.cern.ch/el7/externals/v02-00-03/src/root/roofit/roofitcore/src/RooDataSet.cxx:786
#16 0x00002b686e677206 in ?? ()
#17 0x0000000000000000 in ?? ()
===========================================================


The lines below might hint at the cause of the crash.
You may get help by asking at the ROOT forum https://root.cern.ch/forum
Only if you are really convinced it is a bug in ROOT then please submit a
report at https://root.cern.ch/bugs Please post the ENTIRE stack trace
from above as an attachment in addition to anything else
that might help us fixing this issue.
===========================================================
#8  0x00002b68514dcb10 in TBranch::Init (this=0x61cc750, name=0x7ffd4ff8d189 "Dp_M", leaflist=0x7ffd4ff8d479 "Dp_M/D", compress=<optimized out>) at /cvmfs/belle.cern.ch/el7/externals/v02-00-03/src/root/tree/tree/src/TBranch.cxx:431
#9  0x00002b68514dd2bc in TBranch::TBranch (this=this
entry=0x61cc750, tree=tree
entry=0x5d3f000, name=name
entry=0x7ffd4ff8d189 "Dp_M", address=address
entry=0x5d49df0, leaflist=leaflist
entry=0x7ffd4ff8d479 "Dp_M/D", basketsize=basketsize
entry=10485760, compress=-1) at /cvmfs/belle.cern.ch/el7/externals/v02-00-03/src/root/tree/tree/src/TBranch.cxx:243
#10 0x00002b6851554e2c in TTree::Branch (this=0x5d3f000, name=0x7ffd4ff8d189 "Dp_M", address=0x5d49df0, leaflist=0x7ffd4ff8d479 "Dp_M/D", bufsize=10485760) at /cvmfs/belle.cern.ch/el7/externals/v02-00-03/src/root/tree/tree/src/TTree.cxx:1969
#11 0x00002b686aca3e6a in RooAbsReal::attachToTree (this=this
entry=0x5d49b50, t=..., bufSize=bufSize
entry=10485760) at /cvmfs/belle.cern.ch/el7/externals/v02-00-03/src/root/roofit/roofitcore/src/RooAbsReal.cxx:3346
#12 0x00002b686ae3f236 in RooRealVar::attachToTree (this=0x5d49b50, t=..., bufSize=10485760) at /cvmfs/belle.cern.ch/el7/externals/v02-00-03/src/root/roofit/roofitcore/src/RooRealVar.cxx:1105
#13 0x00002b686ae7b3bb in RooTreeDataStore::loadValues (this=0x5c42bb0, t=0x5960c20, select=0x7ffd4ff8da40) at /cvmfs/belle.cern.ch/el7/externals/v02-00-03/src/root/roofit/roofitcore/src/RooTreeDataStore.cxx:478
#14 0x00002b686ae7ed47 in RooTreeDataStore::RooTreeDataStore (this=this
entry=0x5c42bb0, name=name
entry=0x5bc3c18 "data", title=0x7ffd4ff8d9c0 "030TbPh+", title
entry=0x5bc3c58 "", vars=..., t=..., selExpr=selExpr
entry=0x58dae00 "etapip_gg_rank==1", wgtVarName=0x0) at /cvmfs/belle.cern.ch/el7/externals/v02-00-03/src/root/roofit/roofitcore/src/RooTreeDataStore.cxx:169
#15 0x00002b686ad30238 in RooDataSet::RooDataSet (this=0x5c63150, name=0x5bc3c18 "data", title=0x5bc3c58 "", theTree=0x5960c20, vars=..., cuts=0x58dae00 "etapip_gg_rank==1", wgtVarName=0x0) at /cvmfs/belle.cern.ch/el7/externals/v02-00-03/src/root/roofit/roofitcore/src/RooDataSet.cxx:786
#16 0x00002b686e677206 in ?? ()
#17 0x0000000000000000 in ?? ()
===========================================================


Info in <TMinuitMinimizer::Minimize>: Finished to run MIGRAD - status 4
Info in <TMinuitMinimizer::Minimize>: Finished to run MIGRAD - status 4
Error in <TGClient::TGClient>: can't open display "ccw07:57.0", switching to batch mode...
 In case you run from a remote ssh session, reconnect with ssh -Y
Error in <TFile::TFile>: file /home/belle2/jaeyoung/storage_b2/storage/reduced_ntuples/MC15ri/etapip_eteeta/MC15ri_etaetapip_tight_v2_240708_Kp_BCS_etapi0const_ccbar.root does not exist
Error in <TFile::TFile>: file /home/belle2/jaeyoung/storage_b2/storage/reduced_ntuples/MC15ri/etapip_eteeta/MC15ri_etaetapip_tight_v2_240708_Kp_BCS_etapi0const_uubar.root does not exist
Error in <TFile::TFile>: file /home/belle2/jaeyoung/storage_b2/storage/reduced_ntuples/MC15ri/etapip_eteeta/MC15ri_etaetapip_tight_v2_240708_Kp_BCS_etapi0const_uubar.root does not exist
Error in <TFile::TFile>: file /home/belle2/jaeyoung/storage_b2/storage/reduced_ntuples/MC15ri/etapip_eteeta/MC15ri_etaetapip_tight_v2_240708_Kp_BCS_etapi0const_ssbar.root does not exist
Error in <TFile::TFile>: file /home/belle2/jaeyoung/storage_b2/storage/reduced_ntuples/MC15ri/etapip_eteeta/MC15ri_etaetapip_tight_v2_240708_Kp_BCS_etapi0const_charged.root does not exist
Error in <TFile::TFile>: file /home/belle2/jaeyoung/storage_b2/storage/reduced_ntuples/MC15ri/etapip_eteeta/MC15ri_etaetapip_tight_v2_240708_Kp_BCS_etapi0const_mixed.root does not exist
Error in <TFile::TFile>: file /home/belle2/jaeyoung/storage_b2/storage/reduced_ntuples/MC15ri/etapip_eteeta/MC15ri_etaetapip_tight_v2_240708_Kp_BCS_etapi0const_taupair.root does not exist
Error in <TFile::TFile>: file /home/belle2/jaeyoung/storage_b2/storage/reduced_ntuples/MC15ri/etapip_eteeta/MC15ri_etaetapip_tight_v2_240708_Kp_BCS_etapi0const_ccbar.root does not exist
Error in <TFile::TFile>: file /home/belle2/jaeyoung/storage_b2/storage/reduced_ntuples/MC15ri/etapip_eteeta/MC15ri_etaetapip_tight_v2_240708_Kp_BCS_etapi0const_ccbar.root does not exist
Error in <TFile::TFile>: file /home/belle2/jaeyoung/storage_b2/storage/reduced_ntuples/MC15ri/etapip_eteeta/MC15ri_etaetapip_tight_v2_240708_Kp_BCS_etapi0const_ccbar.root does not exist
Error in <TFile::TFile>: file /home/belle2/jaeyoung/storage_b2/storage/reduced_ntuples/MC15ri/etapip_eteeta/MC15ri_etaetapip_tight_v2_240708_Kp_BCS_etapi0const_ccbar.root does not exist
 *** Break *** segmentation violation



===========================================================
There was a crash.
This is the entire stack trace of all threads:
===========================================================
#0  0x00002b5aad4a560c in waitpid () from /lib64/libc.so.6
#1  0x00002b5aad422f62 in do_system () from /lib64/libc.so.6
#2  0x00002b5aadaa284c in TUnixSystem::Exec (shellcmd=<optimized out>, this=0x184a570) at /cvmfs/belle.cern.ch/el7/externals/v02-00-03/src/root/core/unix/src/TUnixSystem.cxx:2120
#3  TUnixSystem::StackTrace (this=0x184a570) at /cvmfs/belle.cern.ch/el7/externals/v02-00-03/src/root/core/unix/src/TUnixSystem.cxx:2411
#4  0x00002b5ab0768dd3 in (anonymous namespace)::do_trace (sig=1) at /cvmfs/belle.cern.ch/el7/externals/v02-00-03/src/root/bindings/pyroot/cppyy/cppyy-backend/clingwrapper/src/clingwrapper.cxx:182
#5  (anonymous namespace)::TExceptionHandlerImp::HandleException (this=<optimized out>, sig=1) at /cvmfs/belle.cern.ch/el7/externals/v02-00-03/src/root/bindings/pyroot/cppyy/cppyy-backend/clingwrapper/src/clingwrapper.cxx:195
#6  0x00002b5aada9fcd1 in TUnixSystem::DispatchSignals (this=0x184a570, sig=kSigSegmentationViolation) at /cvmfs/belle.cern.ch/el7/externals/v02-00-03/src/root/core/unix/src/TUnixSystem.cxx:3644
#7  <signal handler called>
#8  0x00002b5aaeb28b10 in TBranch::Init (this=0x6a37e50, name=0x7ffd10e277d9 "Dp_M", leaflist=0x7ffd10e27ac9 "Dp_M/D", compress=<optimized out>) at /cvmfs/belle.cern.ch/el7/externals/v02-00-03/src/root/tree/tree/src/TBranch.cxx:431
#9  0x00002b5aaeb292bc in TBranch::TBranch (this=this
entry=0x6a37e50, tree=tree
entry=0x65d5610, name=name
entry=0x7ffd10e277d9 "Dp_M", address=address
entry=0x69f8610, leaflist=leaflist
entry=0x7ffd10e27ac9 "Dp_M/D", basketsize=basketsize
entry=10485760, compress=-1) at /cvmfs/belle.cern.ch/el7/externals/v02-00-03/src/root/tree/tree/src/TBranch.cxx:243
#10 0x00002b5aaeba0e2c in TTree::Branch (this=0x65d5610, name=0x7ffd10e277d9 "Dp_M", address=0x69f8610, leaflist=0x7ffd10e27ac9 "Dp_M/D", bufsize=10485760) at /cvmfs/belle.cern.ch/el7/externals/v02-00-03/src/root/tree/tree/src/TTree.cxx:1969
#11 0x00002b5ac9be8e6a in RooAbsReal::attachToTree (this=this
entry=0x69f8370, t=..., bufSize=bufSize
entry=10485760) at /cvmfs/belle.cern.ch/el7/externals/v02-00-03/src/root/roofit/roofitcore/src/RooAbsReal.cxx:3346
#12 0x00002b5ac9d84236 in RooRealVar::attachToTree (this=0x69f8370, t=..., bufSize=10485760) at /cvmfs/belle.cern.ch/el7/externals/v02-00-03/src/root/roofit/roofitcore/src/RooRealVar.cxx:1105
#13 0x00002b5ac9dc03bb in RooTreeDataStore::loadValues (this=0x62de9f0, t=0x61f7020, select=0x7ffd10e28090) at /cvmfs/belle.cern.ch/el7/externals/v02-00-03/src/root/roofit/roofitcore/src/RooTreeDataStore.cxx:478
#14 0x00002b5ac9dc3d47 in RooTreeDataStore::RooTreeDataStore (this=this
entry=0x62de9f0, name=name
entry=0x38f77a8 "data", title=0x7ffd10e28010 "\030\024ǭZ+", title
entry=0x38f77e8 "", vars=..., t=..., selExpr=selExpr
entry=0x62b0ed0 "etapip_gg_rank==1", wgtVarName=0x0) at /cvmfs/belle.cern.ch/el7/externals/v02-00-03/src/root/roofit/roofitcore/src/RooTreeDataStore.cxx:169
#15 0x00002b5ac9c75238 in RooDataSet::RooDataSet (this=0x64face0, name=0x38f77a8 "data", title=0x38f77e8 "", theTree=0x61f7020, vars=..., cuts=0x62b0ed0 "etapip_gg_rank==1", wgtVarName=0x0) at /cvmfs/belle.cern.ch/el7/externals/v02-00-03/src/root/roofit/roofitcore/src/RooDataSet.cxx:786
#16 0x00002b5acd633206 in ?? ()
#17 0x0000000000000000 in ?? ()
===========================================================


The lines below might hint at the cause of the crash.
You may get help by asking at the ROOT forum https://root.cern.ch/forum
Only if you are really convinced it is a bug in ROOT then please submit a
report at https://root.cern.ch/bugs Please post the ENTIRE stack trace
from above as an attachment in addition to anything else
that might help us fixing this issue.
===========================================================
#8  0x00002b5aaeb28b10 in TBranch::Init (this=0x6a37e50, name=0x7ffd10e277d9 "Dp_M", leaflist=0x7ffd10e27ac9 "Dp_M/D", compress=<optimized out>) at /cvmfs/belle.cern.ch/el7/externals/v02-00-03/src/root/tree/tree/src/TBranch.cxx:431
#9  0x00002b5aaeb292bc in TBranch::TBranch (this=this
entry=0x6a37e50, tree=tree
entry=0x65d5610, name=name
entry=0x7ffd10e277d9 "Dp_M", address=address
entry=0x69f8610, leaflist=leaflist
entry=0x7ffd10e27ac9 "Dp_M/D", basketsize=basketsize
entry=10485760, compress=-1) at /cvmfs/belle.cern.ch/el7/externals/v02-00-03/src/root/tree/tree/src/TBranch.cxx:243
#10 0x00002b5aaeba0e2c in TTree::Branch (this=0x65d5610, name=0x7ffd10e277d9 "Dp_M", address=0x69f8610, leaflist=0x7ffd10e27ac9 "Dp_M/D", bufsize=10485760) at /cvmfs/belle.cern.ch/el7/externals/v02-00-03/src/root/tree/tree/src/TTree.cxx:1969
#11 0x00002b5ac9be8e6a in RooAbsReal::attachToTree (this=this
entry=0x69f8370, t=..., bufSize=bufSize
entry=10485760) at /cvmfs/belle.cern.ch/el7/externals/v02-00-03/src/root/roofit/roofitcore/src/RooAbsReal.cxx:3346
#12 0x00002b5ac9d84236 in RooRealVar::attachToTree (this=0x69f8370, t=..., bufSize=10485760) at /cvmfs/belle.cern.ch/el7/externals/v02-00-03/src/root/roofit/roofitcore/src/RooRealVar.cxx:1105
#13 0x00002b5ac9dc03bb in RooTreeDataStore::loadValues (this=0x62de9f0, t=0x61f7020, select=0x7ffd10e28090) at /cvmfs/belle.cern.ch/el7/externals/v02-00-03/src/root/roofit/roofitcore/src/RooTreeDataStore.cxx:478
#14 0x00002b5ac9dc3d47 in RooTreeDataStore::RooTreeDataStore (this=this
entry=0x62de9f0, name=name
entry=0x38f77a8 "data", title=0x7ffd10e28010 "030024ǭZ+", title
entry=0x38f77e8 "", vars=..., t=..., selExpr=selExpr
entry=0x62b0ed0 "etapip_gg_rank==1", wgtVarName=0x0) at /cvmfs/belle.cern.ch/el7/externals/v02-00-03/src/root/roofit/roofitcore/src/RooTreeDataStore.cxx:169
#15 0x00002b5ac9c75238 in RooDataSet::RooDataSet (this=0x64face0, name=0x38f77a8 "data", title=0x38f77e8 "", theTree=0x61f7020, vars=..., cuts=0x62b0ed0 "etapip_gg_rank==1", wgtVarName=0x0) at /cvmfs/belle.cern.ch/el7/externals/v02-00-03/src/root/roofit/roofitcore/src/RooDataSet.cxx:786
#16 0x00002b5acd633206 in ?? ()
#17 0x0000000000000000 in ?? ()
===========================================================


Error in <TFile::TFile>: file /home/belle2/jaeyoung/storage_b2/storage/reduced_ntuples/MC15ri/etapip_eteeta/MC15ri_etaetapip_tight_v2_240708_Kp_BCS_etapi0const_ccbar.root does not exist
Error in <TFile::TFile>: file /home/belle2/jaeyoung/storage_b2/storage/reduced_ntuples/MC15ri/etapip_eteeta/MC15ri_etaetapip_tight_v2_240708_Kp_BCS_etapi0const_uubar.root does not exist
Error in <TFile::TFile>: file /home/belle2/jaeyoung/storage_b2/storage/reduced_ntuples/MC15ri/etapip_eteeta/MC15ri_etaetapip_tight_v2_240708_Kp_BCS_etapi0const_uubar.root does not exist
Error in <TFile::TFile>: file /home/belle2/jaeyoung/storage_b2/storage/reduced_ntuples/MC15ri/etapip_eteeta/MC15ri_etaetapip_tight_v2_240708_Kp_BCS_etapi0const_ssbar.root does not exist
Error in <TFile::TFile>: file /home/belle2/jaeyoung/storage_b2/storage/reduced_ntuples/MC15ri/etapip_eteeta/MC15ri_etaetapip_tight_v2_240708_Kp_BCS_etapi0const_charged.root does not exist
Error in <TFile::TFile>: file /home/belle2/jaeyoung/storage_b2/storage/reduced_ntuples/MC15ri/etapip_eteeta/MC15ri_etaetapip_tight_v2_240708_Kp_BCS_etapi0const_mixed.root does not exist
Error in <TFile::TFile>: file /home/belle2/jaeyoung/storage_b2/storage/reduced_ntuples/MC15ri/etapip_eteeta/MC15ri_etaetapip_tight_v2_240708_Kp_BCS_etapi0const_taupair.root does not exist
Error in <TFile::TFile>: file /home/belle2/jaeyoung/storage_b2/storage/reduced_ntuples/MC15ri/etapip_eteeta/MC15ri_etaetapip_tight_v2_240708_Kp_BCS_etapi0const_ccbar.root does not exist
Error in <TFile::TFile>: file /home/belle2/jaeyoung/storage_b2/storage/reduced_ntuples/MC15ri/etapip_eteeta/MC15ri_etaetapip_tight_v2_240708_Kp_BCS_etapi0const_ccbar.root does not exist
Error in <TFile::TFile>: file /home/belle2/jaeyoung/storage_b2/storage/reduced_ntuples/MC15ri/etapip_eteeta/MC15ri_etaetapip_tight_v2_240708_Kp_BCS_etapi0const_ccbar.root does not exist
Error in <TFile::TFile>: file /home/belle2/jaeyoung/storage_b2/storage/reduced_ntuples/MC15ri/etapip_eteeta/MC15ri_etaetapip_tight_v2_240708_Kp_BCS_etapi0const_ccbar.root does not exist
Error in <TFile::TFile>: file /home/belle2/jaeyoung/storage_b2/storage/reduced_ntuples/MC15ri/etapip_eteeta/MC15ri_etaetapip_tight_v2_240708_Kp_BCS_etapi0const_ccbar.root does not exist
Error in <TFile::TFile>: file /home/belle2/jaeyoung/storage_b2/storage/reduced_ntuples/MC15ri/etapip_eteeta/MC15ri_etaetapip_tight_v2_240708_Kp_BCS_etapi0const_ccbar.root does not exist
Error in <TFile::TFile>: file /home/belle2/jaeyoung/storage_b2/storage/reduced_ntuples/MC15ri/etapip_eteeta/MC15ri_etaetapip_tight_v2_240708_Kp_BCS_etapi0const_ccbar.root does not exist
Error in <TFile::TFile>: file /home/belle2/jaeyoung/storage_b2/storage/reduced_ntuples/MC15ri/etapip_eteeta/MC15ri_etaetapip_tight_v2_240708_Kp_BCS_etapi0const_ccbar.root does not exist
Error in <TFile::TFile>: file /home/belle2/jaeyoung/storage_b2/storage/reduced_ntuples/MC15ri/etapip_eteeta/MC15ri_etaetapip_tight_v2_240708_Kp_BCS_etapi0const_ccbar.root does not exist
Error in <TFile::TFile>: file /home/belle2/jaeyoung/storage_b2/storage/reduced_ntuples/MC15ri/etapip_eteeta/MC15ri_etaetapip_tight_v2_240708_Kp_BCS_etapi0const_ccbar.root does not exist
Error in <TFile::TFile>: file /home/belle2/jaeyoung/storage_b2/storage/reduced_ntuples/MC15ri/etapip_eteeta/MC15ri_etaetapip_tight_v2_240708_Kp_BCS_etapi0const_ccbar.root does not exist
Error in <TFile::TFile>: file /home/belle2/jaeyoung/storage_b2/storage/reduced_ntuples/MC15ri/etapip_eteeta/MC15ri_etaetapip_tight_v2_240708_Kp_BCS_etapi0const_ccbar.root does not exist
Error in <TFile::TFile>: file /home/belle2/jaeyoung/storage_b2/storage/reduced_ntuples/MC15ri/etapip_eteeta/MC15ri_etaetapip_tight_v2_240708_Kp_BCS_etapi0const_ccbar.root does not exist
Error in <TFile::TFile>: file /home/belle2/jaeyoung/storage_b2/storage/reduced_ntuples/MC15ri/etapip_eteeta/MC15ri_etaetapip_tight_v2_240708_Kp_BCS_etapi0const_ccbar.root does not exist
Error in <TFile::TFile>: file /home/belle2/jaeyoung/storage_b2/storage/reduced_ntuples/MC15ri/etapip_eteeta/MC15ri_etaetapip_tight_v2_240708_Kp_BCS_etapi0const_ccbar.root does not exist
Error in <TFile::TFile>: file /home/belle2/jaeyoung/storage_b2/storage/reduced_ntuples/MC15ri/etapip_eteeta/MC15ri_etaetapip_tight_v2_240708_Kp_BCS_etapi0const_ccbar.root does not exist
Error in <TFile::TFile>: file /home/belle2/jaeyoung/storage_b2/storage/reduced_ntuples/MC15ri/etapip_eteeta/MC15ri_etaetapip_tight_v2_240708_Kp_BCS_etapi0const_ccbar.root does not exist
Error in <TFile::TFile>: file /home/belle2/jaeyoung/storage_b2/storage/reduced_ntuples/MC15ri/etapip_eteeta/MC15ri_etaetapip_tight_v2_240708_Kp_BCS_etapi0const_ccbar.root does not exist
Error in <TFile::TFile>: file /home/belle2/jaeyoung/storage_b2/storage/reduced_ntuples/MC15ri/etapip_eteeta/MC15ri_etaetapip_tight_v2_240708_Kp_BCS_etapi0const_ccbar.root does not exist
Error in <TFile::TFile>: file /home/belle2/jaeyoung/storage_b2/storage/reduced_ntuples/MC15ri/etapip_eteeta/MC15ri_etaetapip_tight_v2_240708_Kp_BCS_etapi0const_ccbar.root does not exist
Error in <TFile::TFile>: file /home/belle2/jaeyoung/storage_b2/storage/reduced_ntuples/MC15ri/etapip_eteeta/MC15ri_etaetapip_tight_v2_240708_Kp_BCS_etapi0const_ccbar.root does not exist
Error in <TFile::TFile>: file /home/belle2/jaeyoung/storage_b2/storage/reduced_ntuples/MC15ri/etapip_eteeta/MC15ri_etaetapip_tight_v2_240708_Kp_BCS_etapi0const_ccbar.root does not exist
Error in <TFile::TFile>: file /home/belle2/jaeyoung/storage_b2/storage/reduced_ntuples/MC15ri/etapip_eteeta/MC15ri_etaetapip_tight_v2_240708_Kp_BCS_etapi0const_ccbar.root does not exist
Traceback (most recent call last):
  File "/gpfs/home/belle2/jaeyoung/workspace/DRAW_and_FITTING/main/FITTING/etapip/MC15ri_generic/tight_v2_fit_v6/ToyMC/etapip_gg_fit_v6_toymc_100.py", line 88, in <module>
    before_data = ROOT.RooDataSet("data","", mychain, ROOT.RooArgSet(x,chiProb_rank,Pip_charge), cuts)
TypeError: none of the 8 overloaded methods succeeded. Full details:
  RooDataSet::RooDataSet(const char* name, const char* title, TTree* tree, const RooArgSet& vars, const RooFormulaVar& cutVar, const char* wgtVarName = 0) =>
    TypeError: could not convert argument 5
  RooDataSet::RooDataSet(const char* name, const char* title, RooDataSet* data, const RooArgSet& vars, const RooFormulaVar& cutVar, const char* wgtVarName = 0) =>
    TypeError: could not convert argument 3
  RooDataSet::RooDataSet(const char* name, const char* title, TTree* tree, const RooArgSet& vars, const char* cuts = 0, const char* wgtVarName = 0) =>
    SegmentationViolation: segfault in C++; program state was reset
  RooDataSet::RooDataSet(const char* name, const char* title, const RooArgSet& vars, const RooCmdArg& arg1, const RooCmdArg& arg2 = RooCmdArg(), const RooCmdArg& arg3 = RooCmdArg(), const RooCmdArg& arg4 = RooCmdArg(), const RooCmdArg& arg5 = RooCmdArg(), const RooCmdArg& arg6 = RooCmdArg(), const RooCmdArg& arg7 = RooCmdArg(), const RooCmdArg& arg8 = RooCmdArg()) =>
    TypeError: could not convert argument 3
  RooDataSet::RooDataSet(const char* name, const char* title, RooDataSet* data, const RooArgSet& vars, const char* cuts = 0, const char* wgtVarName = 0) =>
    TypeError: could not convert argument 3
  RooDataSet::RooDataSet(const RooDataSet& other, const char* newname = 0) =>
    TypeError: takes at most 2 arguments (5 given)
  RooDataSet::RooDataSet() =>
    TypeError: takes at most 0 arguments (5 given)
  RooDataSet::RooDataSet(const char* name, const char* title, const RooArgSet& vars, const char* wgtVarName = 0) =>
    TypeError: takes at most 4 arguments (5 given)
Error in <TGClient::TGClient>: can't open display "ccw07:57.0", switching to batch mode...
 In case you run from a remote ssh session, reconnect with ssh -Y
Info in <TMinuitMinimizer::Minimize>: Finished to run MIGRAD - status 4
Info in <TMinuitMinimizer::Minimize>: Finished to run MIGRAD - status 4
