Sender: LSF System <lsfadmin@ccb261>
Subject: Job 26252867: <bash -c "basf2 etapip_gg_fit_v6_toymc_100.py 44 > /home/belle2/jaeyoung/storage_ghi/Ntuples_ghi_2/MC15ri_generic/MC15ri_etaetapip_tight_v2_240419_Kp_BCS_etapi0const/bsub_log//MC15ri_etapip_gg_fitv6_toyMC_100_44.log"> in cluster <centralcluster> Exited

Job <bash -c "basf2 etapip_gg_fit_v6_toymc_100.py 44 > /home/belle2/jaeyoung/storage_ghi/Ntuples_ghi_2/MC15ri_generic/MC15ri_etaetapip_tight_v2_240419_Kp_BCS_etapi0const/bsub_log//MC15ri_etapip_gg_fitv6_toyMC_100_44.log"> was submitted from host <ccw03> by user <jaeyoung> in cluster <centralcluster> at Thu Jun 13 23:19:30 2024
Job was executed on host(s) <ccb261>, in queue <h>, as user <jaeyoung> in cluster <centralcluster> at Thu Jun 13 23:19:31 2024
</home/belle2/jaeyoung> was used as the home directory.
</home/belle2/jaeyoung/workspace/DRAW_and_FITTING/main/FITTING/etapip/MC15ri_generic/tight_v2_fit_v6/ToyMC> was used as the working directory.
Started at Thu Jun 13 23:19:31 2024
Terminated at Thu Jun 13 23:21:12 2024
Results reported at Thu Jun 13 23:21:12 2024

Your job looked like:

------------------------------------------------------------
# LSBATCH: User input
bash -c "basf2 etapip_gg_fit_v6_toymc_100.py 44 > /home/belle2/jaeyoung/storage_ghi/Ntuples_ghi_2/MC15ri_generic/MC15ri_etaetapip_tight_v2_240419_Kp_BCS_etapi0const/bsub_log//MC15ri_etapip_gg_fitv6_toyMC_100_44.log"
------------------------------------------------------------

TERM_PROCESSLIMIT: job killed after reaching LSF process limit.
Exited with exit code 130.

Resource usage summary:

    CPU time :                                   100.00 sec.
    Max Memory :                                 361 MB
    Average Memory :                             206.41 MB
    Total Requested Memory :                     4000.00 MB
    Delta Memory :                               3639.00 MB
    Max Swap :                                   -
    Max Processes :                              34
    Max Threads :                                35
    Run time :                                   101 sec.
    Turnaround time :                            102 sec.

The output (if any) follows:



PS:

Read file <44.err> for stderr output of this job.

Sender: LSF System <lsfadmin@ccb055>
Subject: Job 26269909: <bash -c "basf2 etapip_gg_fit_v6_toymc_100.py 44 > /home/belle2/jaeyoung/storage_ghi/Ntuples_ghi_2/MC15ri_generic/MC15ri_etaetapip_tight_v2_240419_Kp_BCS_etapi0const/bsub_log//MC15ri_etapip_gg_fitv6_toyMC_100_44.log"> in cluster <centralcluster> Exited

Job <bash -c "basf2 etapip_gg_fit_v6_toymc_100.py 44 > /home/belle2/jaeyoung/storage_ghi/Ntuples_ghi_2/MC15ri_generic/MC15ri_etaetapip_tight_v2_240419_Kp_BCS_etapi0const/bsub_log//MC15ri_etapip_gg_fitv6_toyMC_100_44.log"> was submitted from host <ccw03> by user <jaeyoung> in cluster <centralcluster> at Thu Jun 13 23:34:51 2024
Job was executed on host(s) <ccb055>, in queue <h>, as user <jaeyoung> in cluster <centralcluster> at Thu Jun 13 23:34:52 2024
</home/belle2/jaeyoung> was used as the home directory.
</home/belle2/jaeyoung/workspace/DRAW_and_FITTING/main/FITTING/etapip/MC15ri_generic/tight_v2_fit_v6/ToyMC> was used as the working directory.
Started at Thu Jun 13 23:34:52 2024
Terminated at Thu Jun 13 23:36:27 2024
Results reported at Thu Jun 13 23:36:27 2024

Your job looked like:

------------------------------------------------------------
# LSBATCH: User input
bash -c "basf2 etapip_gg_fit_v6_toymc_100.py 44 > /home/belle2/jaeyoung/storage_ghi/Ntuples_ghi_2/MC15ri_generic/MC15ri_etaetapip_tight_v2_240419_Kp_BCS_etapi0const/bsub_log//MC15ri_etapip_gg_fitv6_toyMC_100_44.log"
------------------------------------------------------------

TERM_PROCESSLIMIT: job killed after reaching LSF process limit.
Exited with exit code 143.

Resource usage summary:

    CPU time :                                   92.00 sec.
    Max Memory :                                 318 MB
    Average Memory :                             240.12 MB
    Total Requested Memory :                     4000.00 MB
    Delta Memory :                               3682.00 MB
    Max Swap :                                   -
    Max Processes :                              24
    Max Threads :                                25
    Run time :                                   97 sec.
    Turnaround time :                            96 sec.

The output (if any) follows:



PS:

Read file <44.err> for stderr output of this job.

Sender: LSF System <lsfadmin@ccb276>
Subject: Job 26275330: <bash -c "basf2 etapip_gg_fit_v6_toymc_100.py 44 > /home/belle2/jaeyoung/storage_ghi/Ntuples_ghi_2/MC15ri_generic/MC15ri_etaetapip_tight_v2_240419_Kp_BCS_etapi0const/bsub_log//MC15ri_etapip_gg_fitv6_toyMC_100_44.log"> in cluster <centralcluster> Done

Job <bash -c "basf2 etapip_gg_fit_v6_toymc_100.py 44 > /home/belle2/jaeyoung/storage_ghi/Ntuples_ghi_2/MC15ri_generic/MC15ri_etaetapip_tight_v2_240419_Kp_BCS_etapi0const/bsub_log//MC15ri_etapip_gg_fitv6_toyMC_100_44.log"> was submitted from host <ccw03> by user <jaeyoung> in cluster <centralcluster> at Thu Jun 13 23:44:57 2024
Job was executed on host(s) <ccb276>, in queue <h>, as user <jaeyoung> in cluster <centralcluster> at Thu Jun 13 23:44:58 2024
</home/belle2/jaeyoung> was used as the home directory.
</home/belle2/jaeyoung/workspace/DRAW_and_FITTING/main/FITTING/etapip/MC15ri_generic/tight_v2_fit_v6/ToyMC> was used as the working directory.
Started at Thu Jun 13 23:44:58 2024
Terminated at Fri Jun 14 00:01:31 2024
Results reported at Fri Jun 14 00:01:31 2024

Your job looked like:

------------------------------------------------------------
# LSBATCH: User input
bash -c "basf2 etapip_gg_fit_v6_toymc_100.py 44 > /home/belle2/jaeyoung/storage_ghi/Ntuples_ghi_2/MC15ri_generic/MC15ri_etaetapip_tight_v2_240419_Kp_BCS_etapi0const/bsub_log//MC15ri_etapip_gg_fitv6_toyMC_100_44.log"
------------------------------------------------------------

Successfully completed.

Resource usage summary:

    CPU time :                                   988.85 sec.
    Max Memory :                                 297 MB
    Average Memory :                             271.50 MB
    Total Requested Memory :                     4000.00 MB
    Delta Memory :                               3703.00 MB
    Max Swap :                                   -
    Max Processes :                              19
    Max Threads :                                20
    Run time :                                   999 sec.
    Turnaround time :                            994 sec.

The output (if any) follows:



PS:

Read file <44.err> for stderr output of this job.

Sender: LSF System <lsfadmin@ccb067>
Subject: Job 26296964: <bash -c "basf2 etapip_gg_fit_v6_toymc_100.py 44 > /home/belle2/jaeyoung/storage_ghi/Ntuples_ghi_2/MC15ri_generic/MC15ri_etaetapip_tight_v2_240419_Kp_BCS_etapi0const/bsub_log//MC15ri_etapip_gg_fitv6_toyMC_100_44.log"> in cluster <centralcluster> Done

Job <bash -c "basf2 etapip_gg_fit_v6_toymc_100.py 44 > /home/belle2/jaeyoung/storage_ghi/Ntuples_ghi_2/MC15ri_generic/MC15ri_etaetapip_tight_v2_240419_Kp_BCS_etapi0const/bsub_log//MC15ri_etapip_gg_fitv6_toyMC_100_44.log"> was submitted from host <ccw03> by user <jaeyoung> in cluster <centralcluster> at Fri Jun 14 00:18:55 2024
Job was executed on host(s) <ccb067>, in queue <h>, as user <jaeyoung> in cluster <centralcluster> at Fri Jun 14 00:18:56 2024
</home/belle2/jaeyoung> was used as the home directory.
</home/belle2/jaeyoung/workspace/DRAW_and_FITTING/main/FITTING/etapip/MC15ri_generic/tight_v2_fit_v6/ToyMC> was used as the working directory.
Started at Fri Jun 14 00:18:56 2024
Terminated at Fri Jun 14 02:13:45 2024
Results reported at Fri Jun 14 02:13:45 2024

Your job looked like:

------------------------------------------------------------
# LSBATCH: User input
bash -c "basf2 etapip_gg_fit_v6_toymc_100.py 44 > /home/belle2/jaeyoung/storage_ghi/Ntuples_ghi_2/MC15ri_generic/MC15ri_etaetapip_tight_v2_240419_Kp_BCS_etapi0const/bsub_log//MC15ri_etapip_gg_fitv6_toyMC_100_44.log"
------------------------------------------------------------

Successfully completed.

Resource usage summary:

    CPU time :                                   6578.17 sec.
    Max Memory :                                 1337 MB
    Average Memory :                             666.60 MB
    Total Requested Memory :                     4000.00 MB
    Delta Memory :                               2663.00 MB
    Max Swap :                                   -
    Max Processes :                              19
    Max Threads :                                20
    Run time :                                   6889 sec.
    Turnaround time :                            6890 sec.

The output (if any) follows:



PS:

Read file <44.err> for stderr output of this job.

Sender: LSF System <lsfadmin@ccb228>
Subject: Job 26431833: <bash -c "basf2 etapip_gg_fit_v6_toymc_100.py 44 > /home/belle2/jaeyoung/storage_ghi/Ntuples_ghi_2/MC15ri_generic/MC15ri_etaetapip_tight_v2_240419_Kp_BCS_etapi0const/bsub_log//MC15ri_etapip_gg_fitv6_toyMC_100_44.log"> in cluster <centralcluster> Done

Job <bash -c "basf2 etapip_gg_fit_v6_toymc_100.py 44 > /home/belle2/jaeyoung/storage_ghi/Ntuples_ghi_2/MC15ri_generic/MC15ri_etaetapip_tight_v2_240419_Kp_BCS_etapi0const/bsub_log//MC15ri_etapip_gg_fitv6_toyMC_100_44.log"> was submitted from host <ccw03> by user <jaeyoung> in cluster <centralcluster> at Fri Jun 14 02:35:14 2024
Job was executed on host(s) <ccb228>, in queue <h>, as user <jaeyoung> in cluster <centralcluster> at Fri Jun 14 02:35:15 2024
</home/belle2/jaeyoung> was used as the home directory.
</home/belle2/jaeyoung/workspace/DRAW_and_FITTING/main/FITTING/etapip/MC15ri_generic/tight_v2_fit_v6/ToyMC> was used as the working directory.
Started at Fri Jun 14 02:35:15 2024
Terminated at Fri Jun 14 04:27:28 2024
Results reported at Fri Jun 14 04:27:28 2024

Your job looked like:

------------------------------------------------------------
# LSBATCH: User input
bash -c "basf2 etapip_gg_fit_v6_toymc_100.py 44 > /home/belle2/jaeyoung/storage_ghi/Ntuples_ghi_2/MC15ri_generic/MC15ri_etaetapip_tight_v2_240419_Kp_BCS_etapi0const/bsub_log//MC15ri_etapip_gg_fitv6_toyMC_100_44.log"
------------------------------------------------------------

Successfully completed.

Resource usage summary:

    CPU time :                                   6231.06 sec.
    Max Memory :                                 1327 MB
    Average Memory :                             649.17 MB
    Total Requested Memory :                     4000.00 MB
    Delta Memory :                               2673.00 MB
    Max Swap :                                   -
    Max Processes :                              19
    Max Threads :                                20
    Run time :                                   6734 sec.
    Turnaround time :                            6734 sec.

The output (if any) follows:



PS:

Read file <44.err> for stderr output of this job.

