Sender: LSF System <lsfadmin@ccb261>
Subject: Job 26252868: <bash -c "basf2 etapip_gg_fit_v6_toymc_100.py 45 > /home/belle2/jaeyoung/storage_ghi/Ntuples_ghi_2/MC15ri_generic/MC15ri_etaetapip_tight_v2_240419_Kp_BCS_etapi0const/bsub_log//MC15ri_etapip_gg_fitv6_toyMC_100_45.log"> in cluster <centralcluster> Exited

Job <bash -c "basf2 etapip_gg_fit_v6_toymc_100.py 45 > /home/belle2/jaeyoung/storage_ghi/Ntuples_ghi_2/MC15ri_generic/MC15ri_etaetapip_tight_v2_240419_Kp_BCS_etapi0const/bsub_log//MC15ri_etapip_gg_fitv6_toyMC_100_45.log"> was submitted from host <ccw03> by user <jaeyoung> in cluster <centralcluster> at Thu Jun 13 23:19:31 2024
Job was executed on host(s) <ccb261>, in queue <h>, as user <jaeyoung> in cluster <centralcluster> at Thu Jun 13 23:19:31 2024
</home/belle2/jaeyoung> was used as the home directory.
</home/belle2/jaeyoung/workspace/DRAW_and_FITTING/main/FITTING/etapip/MC15ri_generic/tight_v2_fit_v6/ToyMC> was used as the working directory.
Started at Thu Jun 13 23:19:31 2024
Terminated at Thu Jun 13 23:21:12 2024
Results reported at Thu Jun 13 23:21:12 2024

Your job looked like:

------------------------------------------------------------
# LSBATCH: User input
bash -c "basf2 etapip_gg_fit_v6_toymc_100.py 45 > /home/belle2/jaeyoung/storage_ghi/Ntuples_ghi_2/MC15ri_generic/MC15ri_etaetapip_tight_v2_240419_Kp_BCS_etapi0const/bsub_log//MC15ri_etapip_gg_fitv6_toyMC_100_45.log"
------------------------------------------------------------

TERM_PROCESSLIMIT: job killed after reaching LSF process limit.
Exited with exit code 130.

Resource usage summary:

    CPU time :                                   100.00 sec.
    Max Memory :                                 360 MB
    Average Memory :                             211.18 MB
    Total Requested Memory :                     4000.00 MB
    Delta Memory :                               3640.00 MB
    Max Swap :                                   -
    Max Processes :                              34
    Max Threads :                                35
    Run time :                                   101 sec.
    Turnaround time :                            101 sec.

The output (if any) follows:



PS:

Read file <45.err> for stderr output of this job.

Sender: LSF System <lsfadmin@ccb275>
Subject: Job 26269910: <bash -c "basf2 etapip_gg_fit_v6_toymc_100.py 45 > /home/belle2/jaeyoung/storage_ghi/Ntuples_ghi_2/MC15ri_generic/MC15ri_etaetapip_tight_v2_240419_Kp_BCS_etapi0const/bsub_log//MC15ri_etapip_gg_fitv6_toyMC_100_45.log"> in cluster <centralcluster> Exited

Job <bash -c "basf2 etapip_gg_fit_v6_toymc_100.py 45 > /home/belle2/jaeyoung/storage_ghi/Ntuples_ghi_2/MC15ri_generic/MC15ri_etaetapip_tight_v2_240419_Kp_BCS_etapi0const/bsub_log//MC15ri_etapip_gg_fitv6_toyMC_100_45.log"> was submitted from host <ccw03> by user <jaeyoung> in cluster <centralcluster> at Thu Jun 13 23:34:52 2024
Job was executed on host(s) <ccb275>, in queue <h>, as user <jaeyoung> in cluster <centralcluster> at Thu Jun 13 23:34:53 2024
</home/belle2/jaeyoung> was used as the home directory.
</home/belle2/jaeyoung/workspace/DRAW_and_FITTING/main/FITTING/etapip/MC15ri_generic/tight_v2_fit_v6/ToyMC> was used as the working directory.
Started at Thu Jun 13 23:34:53 2024
Terminated at Thu Jun 13 23:36:28 2024
Results reported at Thu Jun 13 23:36:28 2024

Your job looked like:

------------------------------------------------------------
# LSBATCH: User input
bash -c "basf2 etapip_gg_fit_v6_toymc_100.py 45 > /home/belle2/jaeyoung/storage_ghi/Ntuples_ghi_2/MC15ri_generic/MC15ri_etaetapip_tight_v2_240419_Kp_BCS_etapi0const/bsub_log//MC15ri_etapip_gg_fitv6_toyMC_100_45.log"
------------------------------------------------------------

TERM_PROCESSLIMIT: job killed after reaching LSF process limit.
Exited with exit code 143.

Resource usage summary:

    CPU time :                                   93.00 sec.
    Max Memory :                                 373 MB
    Average Memory :                             252.93 MB
    Total Requested Memory :                     4000.00 MB
    Delta Memory :                               3627.00 MB
    Max Swap :                                   -
    Max Processes :                              24
    Max Threads :                                25
    Run time :                                   96 sec.
    Turnaround time :                            96 sec.

The output (if any) follows:



PS:

Read file <45.err> for stderr output of this job.

Sender: LSF System <lsfadmin@ccb220>
Subject: Job 26275335: <bash -c "basf2 etapip_gg_fit_v6_toymc_100.py 45 > /home/belle2/jaeyoung/storage_ghi/Ntuples_ghi_2/MC15ri_generic/MC15ri_etaetapip_tight_v2_240419_Kp_BCS_etapi0const/bsub_log//MC15ri_etapip_gg_fitv6_toyMC_100_45.log"> in cluster <centralcluster> Done

Job <bash -c "basf2 etapip_gg_fit_v6_toymc_100.py 45 > /home/belle2/jaeyoung/storage_ghi/Ntuples_ghi_2/MC15ri_generic/MC15ri_etaetapip_tight_v2_240419_Kp_BCS_etapi0const/bsub_log//MC15ri_etapip_gg_fitv6_toyMC_100_45.log"> was submitted from host <ccw03> by user <jaeyoung> in cluster <centralcluster> at Thu Jun 13 23:44:58 2024
Job was executed on host(s) <ccb220>, in queue <h>, as user <jaeyoung> in cluster <centralcluster> at Thu Jun 13 23:44:59 2024
</home/belle2/jaeyoung> was used as the home directory.
</home/belle2/jaeyoung/workspace/DRAW_and_FITTING/main/FITTING/etapip/MC15ri_generic/tight_v2_fit_v6/ToyMC> was used as the working directory.
Started at Thu Jun 13 23:44:59 2024
Terminated at Fri Jun 14 00:01:44 2024
Results reported at Fri Jun 14 00:01:44 2024

Your job looked like:

------------------------------------------------------------
# LSBATCH: User input
bash -c "basf2 etapip_gg_fit_v6_toymc_100.py 45 > /home/belle2/jaeyoung/storage_ghi/Ntuples_ghi_2/MC15ri_generic/MC15ri_etaetapip_tight_v2_240419_Kp_BCS_etapi0const/bsub_log//MC15ri_etapip_gg_fitv6_toyMC_100_45.log"
------------------------------------------------------------

Successfully completed.

Resource usage summary:

    CPU time :                                   997.54 sec.
    Max Memory :                                 350 MB
    Average Memory :                             285.44 MB
    Total Requested Memory :                     4000.00 MB
    Delta Memory :                               3650.00 MB
    Max Swap :                                   -
    Max Processes :                              19
    Max Threads :                                20
    Run time :                                   1004 sec.
    Turnaround time :                            1006 sec.

The output (if any) follows:



PS:

Read file <45.err> for stderr output of this job.

Sender: LSF System <lsfadmin@ccb067>
Subject: Job 26296968: <bash -c "basf2 etapip_gg_fit_v6_toymc_100.py 45 > /home/belle2/jaeyoung/storage_ghi/Ntuples_ghi_2/MC15ri_generic/MC15ri_etaetapip_tight_v2_240419_Kp_BCS_etapi0const/bsub_log//MC15ri_etapip_gg_fitv6_toyMC_100_45.log"> in cluster <centralcluster> Done

Job <bash -c "basf2 etapip_gg_fit_v6_toymc_100.py 45 > /home/belle2/jaeyoung/storage_ghi/Ntuples_ghi_2/MC15ri_generic/MC15ri_etaetapip_tight_v2_240419_Kp_BCS_etapi0const/bsub_log//MC15ri_etapip_gg_fitv6_toyMC_100_45.log"> was submitted from host <ccw03> by user <jaeyoung> in cluster <centralcluster> at Fri Jun 14 00:18:56 2024
Job was executed on host(s) <ccb067>, in queue <h>, as user <jaeyoung> in cluster <centralcluster> at Fri Jun 14 00:18:56 2024
</home/belle2/jaeyoung> was used as the home directory.
</home/belle2/jaeyoung/workspace/DRAW_and_FITTING/main/FITTING/etapip/MC15ri_generic/tight_v2_fit_v6/ToyMC> was used as the working directory.
Started at Fri Jun 14 00:18:56 2024
Terminated at Fri Jun 14 02:12:23 2024
Results reported at Fri Jun 14 02:12:23 2024

Your job looked like:

------------------------------------------------------------
# LSBATCH: User input
bash -c "basf2 etapip_gg_fit_v6_toymc_100.py 45 > /home/belle2/jaeyoung/storage_ghi/Ntuples_ghi_2/MC15ri_generic/MC15ri_etaetapip_tight_v2_240419_Kp_BCS_etapi0const/bsub_log//MC15ri_etapip_gg_fitv6_toyMC_100_45.log"
------------------------------------------------------------

Successfully completed.

Resource usage summary:

    CPU time :                                   6429.40 sec.
    Max Memory :                                 1326 MB
    Average Memory :                             667.92 MB
    Total Requested Memory :                     4000.00 MB
    Delta Memory :                               2674.00 MB
    Max Swap :                                   -
    Max Processes :                              19
    Max Threads :                                20
    Run time :                                   6808 sec.
    Turnaround time :                            6807 sec.

The output (if any) follows:



PS:

Read file <45.err> for stderr output of this job.

Sender: LSF System <lsfadmin@ccb228>
Subject: Job 26431836: <bash -c "basf2 etapip_gg_fit_v6_toymc_100.py 45 > /home/belle2/jaeyoung/storage_ghi/Ntuples_ghi_2/MC15ri_generic/MC15ri_etaetapip_tight_v2_240419_Kp_BCS_etapi0const/bsub_log//MC15ri_etapip_gg_fitv6_toyMC_100_45.log"> in cluster <centralcluster> Done

Job <bash -c "basf2 etapip_gg_fit_v6_toymc_100.py 45 > /home/belle2/jaeyoung/storage_ghi/Ntuples_ghi_2/MC15ri_generic/MC15ri_etaetapip_tight_v2_240419_Kp_BCS_etapi0const/bsub_log//MC15ri_etapip_gg_fitv6_toyMC_100_45.log"> was submitted from host <ccw03> by user <jaeyoung> in cluster <centralcluster> at Fri Jun 14 02:35:15 2024
Job was executed on host(s) <ccb228>, in queue <h>, as user <jaeyoung> in cluster <centralcluster> at Fri Jun 14 02:35:16 2024
</home/belle2/jaeyoung> was used as the home directory.
</home/belle2/jaeyoung/workspace/DRAW_and_FITTING/main/FITTING/etapip/MC15ri_generic/tight_v2_fit_v6/ToyMC> was used as the working directory.
Started at Fri Jun 14 02:35:16 2024
Terminated at Fri Jun 14 04:28:40 2024
Results reported at Fri Jun 14 04:28:40 2024

Your job looked like:

------------------------------------------------------------
# LSBATCH: User input
bash -c "basf2 etapip_gg_fit_v6_toymc_100.py 45 > /home/belle2/jaeyoung/storage_ghi/Ntuples_ghi_2/MC15ri_generic/MC15ri_etaetapip_tight_v2_240419_Kp_BCS_etapi0const/bsub_log//MC15ri_etapip_gg_fitv6_toyMC_100_45.log"
------------------------------------------------------------

Successfully completed.

Resource usage summary:

    CPU time :                                   6330.63 sec.
    Max Memory :                                 1327 MB
    Average Memory :                             643.37 MB
    Total Requested Memory :                     4000.00 MB
    Delta Memory :                               2673.00 MB
    Max Swap :                                   -
    Max Processes :                              19
    Max Threads :                                20
    Run time :                                   6804 sec.
    Turnaround time :                            6805 sec.

The output (if any) follows:



PS:

Read file <45.err> for stderr output of this job.

