Sender: LSF System <lsfadmin@ccb288>
Subject: Job 47533185: <bash -c "basf2 etapip_gg_fit_v6_toymc_100.py 47 > /home/belle2/jaeyoung/storage_ghi/Ntuples_ghi_2/MC15ri_generic/MC15ri_etaetapip_tight_v2_240419_Kp_BCS_etapi0const/bsub_log//MC15ri_etapip_gg_fitv6_toyMC_100_47.log"> in cluster <centralcluster> Exited

Job <bash -c "basf2 etapip_gg_fit_v6_toymc_100.py 47 > /home/belle2/jaeyoung/storage_ghi/Ntuples_ghi_2/MC15ri_generic/MC15ri_etaetapip_tight_v2_240419_Kp_BCS_etapi0const/bsub_log//MC15ri_etapip_gg_fitv6_toyMC_100_47.log"> was submitted from host <ccw02> by user <jaeyoung> in cluster <centralcluster> at Wed Jul 10 21:11:07 2024
Job was executed on host(s) <ccb288>, in queue <h>, as user <jaeyoung> in cluster <centralcluster> at Wed Jul 10 21:11:22 2024
</home/belle2/jaeyoung> was used as the home directory.
</home/belle2/jaeyoung/workspace/DRAW_and_FITTING/main/FITTING/etapip/MC15ri_generic/tight_v2_fit_v6/ToyMC> was used as the working directory.
Started at Wed Jul 10 21:11:22 2024
Terminated at Wed Jul 10 21:12:02 2024
Results reported at Wed Jul 10 21:12:02 2024

Your job looked like:

------------------------------------------------------------
# LSBATCH: User input
bash -c "basf2 etapip_gg_fit_v6_toymc_100.py 47 > /home/belle2/jaeyoung/storage_ghi/Ntuples_ghi_2/MC15ri_generic/MC15ri_etaetapip_tight_v2_240419_Kp_BCS_etapi0const/bsub_log//MC15ri_etapip_gg_fitv6_toyMC_100_47.log"
------------------------------------------------------------

Exited with exit code 129.

Resource usage summary:

    CPU time :                                   27.81 sec.
    Max Memory :                                 536 MB
    Average Memory :                             372.88 MB
    Total Requested Memory :                     4000.00 MB
    Delta Memory :                               3464.00 MB
    Max Swap :                                   -
    Max Processes :                              9
    Max Threads :                                50
    Run time :                                   40 sec.
    Turnaround time :                            55 sec.

The output (if any) follows:



PS:

Read file <47.err> for stderr output of this job.

Sender: LSF System <lsfadmin@ccb233>
Subject: Job 47536111: <bash -c "basf2 etapip_gg_fit_v6_toymc_100.py 47 > /home/belle2/jaeyoung/storage_ghi/Ntuples_ghi_2/MC15ri_generic/MC15ri_etaetapip_tight_v2_240419_Kp_BCS_etapi0const/bsub_log//MC15ri_etapip_gg_fitv6_toyMC_100_47.log"> in cluster <centralcluster> Exited

Job <bash -c "basf2 etapip_gg_fit_v6_toymc_100.py 47 > /home/belle2/jaeyoung/storage_ghi/Ntuples_ghi_2/MC15ri_generic/MC15ri_etaetapip_tight_v2_240419_Kp_BCS_etapi0const/bsub_log//MC15ri_etapip_gg_fitv6_toyMC_100_47.log"> was submitted from host <ccw02> by user <jaeyoung> in cluster <centralcluster> at Wed Jul 10 21:14:26 2024
Job was executed on host(s) <ccb233>, in queue <h>, as user <jaeyoung> in cluster <centralcluster> at Wed Jul 10 21:14:32 2024
</home/belle2/jaeyoung> was used as the home directory.
</home/belle2/jaeyoung/workspace/DRAW_and_FITTING/main/FITTING/etapip/MC15ri_generic/tight_v2_fit_v6/ToyMC> was used as the working directory.
Started at Wed Jul 10 21:14:32 2024
Terminated at Wed Jul 10 21:15:05 2024
Results reported at Wed Jul 10 21:15:05 2024

Your job looked like:

------------------------------------------------------------
# LSBATCH: User input
bash -c "basf2 etapip_gg_fit_v6_toymc_100.py 47 > /home/belle2/jaeyoung/storage_ghi/Ntuples_ghi_2/MC15ri_generic/MC15ri_etaetapip_tight_v2_240419_Kp_BCS_etapi0const/bsub_log//MC15ri_etapip_gg_fitv6_toyMC_100_47.log"
------------------------------------------------------------

Exited with exit code 129.

Resource usage summary:

    CPU time :                                   26.14 sec.
    Max Memory :                                 449 MB
    Average Memory :                             347.71 MB
    Total Requested Memory :                     4000.00 MB
    Delta Memory :                               3551.00 MB
    Max Swap :                                   -
    Max Processes :                              9
    Max Threads :                                50
    Run time :                                   34 sec.
    Turnaround time :                            39 sec.

The output (if any) follows:



PS:

Read file <47.err> for stderr output of this job.

Sender: LSF System <lsfadmin@ccb004>
Subject: Job 47538043: <bash -c "basf2 etapip_gg_fit_v6_toymc_100.py 47 > /home/belle2/jaeyoung/storage_ghi/Ntuples_ghi_2/MC15ri_generic/MC15ri_etaetapip_tight_v2_240419_Kp_BCS_etapi0const/bsub_log//MC15ri_etapip_gg_fitv6_toyMC_100_47.log"> in cluster <centralcluster> Done

Job <bash -c "basf2 etapip_gg_fit_v6_toymc_100.py 47 > /home/belle2/jaeyoung/storage_ghi/Ntuples_ghi_2/MC15ri_generic/MC15ri_etaetapip_tight_v2_240419_Kp_BCS_etapi0const/bsub_log//MC15ri_etapip_gg_fitv6_toyMC_100_47.log"> was submitted from host <ccw02> by user <jaeyoung> in cluster <centralcluster> at Wed Jul 10 21:16:32 2024
Job was executed on host(s) <ccb004>, in queue <h>, as user <jaeyoung> in cluster <centralcluster> at Wed Jul 10 21:16:50 2024
</home/belle2/jaeyoung> was used as the home directory.
</home/belle2/jaeyoung/workspace/DRAW_and_FITTING/main/FITTING/etapip/MC15ri_generic/tight_v2_fit_v6/ToyMC> was used as the working directory.
Started at Wed Jul 10 21:16:50 2024
Terminated at Wed Jul 10 22:21:43 2024
Results reported at Wed Jul 10 22:21:43 2024

Your job looked like:

------------------------------------------------------------
# LSBATCH: User input
bash -c "basf2 etapip_gg_fit_v6_toymc_100.py 47 > /home/belle2/jaeyoung/storage_ghi/Ntuples_ghi_2/MC15ri_generic/MC15ri_etaetapip_tight_v2_240419_Kp_BCS_etapi0const/bsub_log//MC15ri_etapip_gg_fitv6_toyMC_100_47.log"
------------------------------------------------------------

Successfully completed.

Resource usage summary:

    CPU time :                                   3872.59 sec.
    Max Memory :                                 1280 MB
    Average Memory :                             1193.84 MB
    Total Requested Memory :                     4000.00 MB
    Delta Memory :                               2720.00 MB
    Max Swap :                                   -
    Max Processes :                              19
    Max Threads :                                20
    Run time :                                   3894 sec.
    Turnaround time :                            3911 sec.

The output (if any) follows:



PS:

Read file <47.err> for stderr output of this job.

Sender: LSF System <lsfadmin@ccb198>
Subject: Job 47967375: <bash -c "basf2 etapip_gg_fit_v6_toymc_100.py 47 > /home/belle2/jaeyoung/storage_ghi/Ntuples_ghi_2/MC15ri_generic/MC15ri_etaetapip_tight_v2_240419_Kp_BCS_etapi0const/bsub_log//MC15ri_etapip_gg_fitv6_toyMC_100_47.log"> in cluster <centralcluster> Exited

Job <bash -c "basf2 etapip_gg_fit_v6_toymc_100.py 47 > /home/belle2/jaeyoung/storage_ghi/Ntuples_ghi_2/MC15ri_generic/MC15ri_etaetapip_tight_v2_240419_Kp_BCS_etapi0const/bsub_log//MC15ri_etapip_gg_fitv6_toyMC_100_47.log"> was submitted from host <ccw07> by user <jaeyoung> in cluster <centralcluster> at Thu Jul 11 15:27:02 2024
Job was executed on host(s) <ccb198>, in queue <h>, as user <jaeyoung> in cluster <centralcluster> at Thu Jul 11 15:27:02 2024
</home/belle2/jaeyoung> was used as the home directory.
</home/belle2/jaeyoung/workspace/DRAW_and_FITTING/main/FITTING/etapip/MC15ri_generic/tight_v2_fit_v6/ToyMC> was used as the working directory.
Started at Thu Jul 11 15:27:02 2024
Terminated at Thu Jul 11 15:27:23 2024
Results reported at Thu Jul 11 15:27:23 2024

Your job looked like:

------------------------------------------------------------
# LSBATCH: User input
bash -c "basf2 etapip_gg_fit_v6_toymc_100.py 47 > /home/belle2/jaeyoung/storage_ghi/Ntuples_ghi_2/MC15ri_generic/MC15ri_etaetapip_tight_v2_240419_Kp_BCS_etapi0const/bsub_log//MC15ri_etapip_gg_fitv6_toyMC_100_47.log"
------------------------------------------------------------

Exited with exit code 1.

Resource usage summary:

    CPU time :                                   15.56 sec.
    Max Memory :                                 478 MB
    Average Memory :                             362.20 MB
    Total Requested Memory :                     4000.00 MB
    Delta Memory :                               3522.00 MB
    Max Swap :                                   -
    Max Processes :                              9
    Max Threads :                                50
    Run time :                                   22 sec.
    Turnaround time :                            21 sec.

The output (if any) follows:



PS:

Read file <47.err> for stderr output of this job.

Sender: LSF System <lsfadmin@ccb136>
Subject: Job 47969175: <bash -c "basf2 etapip_gg_fit_v6_toymc_100.py 47 > /home/belle2/jaeyoung/storage_ghi/Ntuples_ghi_2/MC15ri_generic/MC15ri_etaetapip_tight_v2_240419_Kp_BCS_etapi0const/bsub_log//MC15ri_etapip_gg_fitv6_toyMC_100_47.log"> in cluster <centralcluster> Done

Job <bash -c "basf2 etapip_gg_fit_v6_toymc_100.py 47 > /home/belle2/jaeyoung/storage_ghi/Ntuples_ghi_2/MC15ri_generic/MC15ri_etaetapip_tight_v2_240419_Kp_BCS_etapi0const/bsub_log//MC15ri_etapip_gg_fitv6_toyMC_100_47.log"> was submitted from host <ccw07> by user <jaeyoung> in cluster <centralcluster> at Thu Jul 11 15:29:13 2024
Job was executed on host(s) <ccb136>, in queue <h>, as user <jaeyoung> in cluster <centralcluster> at Thu Jul 11 15:29:15 2024
</home/belle2/jaeyoung> was used as the home directory.
</home/belle2/jaeyoung/workspace/DRAW_and_FITTING/main/FITTING/etapip/MC15ri_generic/tight_v2_fit_v6/ToyMC> was used as the working directory.
Started at Thu Jul 11 15:29:15 2024
Terminated at Thu Jul 11 16:34:58 2024
Results reported at Thu Jul 11 16:34:58 2024

Your job looked like:

------------------------------------------------------------
# LSBATCH: User input
bash -c "basf2 etapip_gg_fit_v6_toymc_100.py 47 > /home/belle2/jaeyoung/storage_ghi/Ntuples_ghi_2/MC15ri_generic/MC15ri_etaetapip_tight_v2_240419_Kp_BCS_etapi0const/bsub_log//MC15ri_etapip_gg_fitv6_toyMC_100_47.log"
------------------------------------------------------------

Successfully completed.

Resource usage summary:

    CPU time :                                   3883.71 sec.
    Max Memory :                                 1283 MB
    Average Memory :                             1017.20 MB
    Total Requested Memory :                     4000.00 MB
    Delta Memory :                               2717.00 MB
    Max Swap :                                   -
    Max Processes :                              19
    Max Threads :                                20
    Run time :                                   3944 sec.
    Turnaround time :                            3945 sec.

The output (if any) follows:



PS:

Read file <47.err> for stderr output of this job.

