Sender: LSF System <lsfadmin@ccb126>
Subject: Job 47533273: <bash -c "basf2 etapip_gg_fit_v6_toymc_100.py 56 > /home/belle2/jaeyoung/storage_ghi/Ntuples_ghi_2/MC15ri_generic/MC15ri_etaetapip_tight_v2_240419_Kp_BCS_etapi0const/bsub_log//MC15ri_etapip_gg_fitv6_toyMC_100_56.log"> in cluster <centralcluster> Exited

Job <bash -c "basf2 etapip_gg_fit_v6_toymc_100.py 56 > /home/belle2/jaeyoung/storage_ghi/Ntuples_ghi_2/MC15ri_generic/MC15ri_etaetapip_tight_v2_240419_Kp_BCS_etapi0const/bsub_log//MC15ri_etapip_gg_fitv6_toyMC_100_56.log"> was submitted from host <ccw02> by user <jaeyoung> in cluster <centralcluster> at Wed Jul 10 21:11:15 2024
Job was executed on host(s) <ccb126>, in queue <h>, as user <jaeyoung> in cluster <centralcluster> at Wed Jul 10 21:11:33 2024
</home/belle2/jaeyoung> was used as the home directory.
</home/belle2/jaeyoung/workspace/DRAW_and_FITTING/main/FITTING/etapip/MC15ri_generic/tight_v2_fit_v6/ToyMC> was used as the working directory.
Started at Wed Jul 10 21:11:33 2024
Terminated at Wed Jul 10 21:12:08 2024
Results reported at Wed Jul 10 21:12:08 2024

Your job looked like:

------------------------------------------------------------
# LSBATCH: User input
bash -c "basf2 etapip_gg_fit_v6_toymc_100.py 56 > /home/belle2/jaeyoung/storage_ghi/Ntuples_ghi_2/MC15ri_generic/MC15ri_etaetapip_tight_v2_240419_Kp_BCS_etapi0const/bsub_log//MC15ri_etapip_gg_fitv6_toyMC_100_56.log"
------------------------------------------------------------

Exited with exit code 129.

Resource usage summary:

    CPU time :                                   27.60 sec.
    Max Memory :                                 466 MB
    Average Memory :                             345.00 MB
    Total Requested Memory :                     4000.00 MB
    Delta Memory :                               3534.00 MB
    Max Swap :                                   -
    Max Processes :                              9
    Max Threads :                                50
    Run time :                                   36 sec.
    Turnaround time :                            53 sec.

The output (if any) follows:



PS:

Read file <56.err> for stderr output of this job.

Sender: LSF System <lsfadmin@ccb043>
Subject: Job 47536170: <bash -c "basf2 etapip_gg_fit_v6_toymc_100.py 56 > /home/belle2/jaeyoung/storage_ghi/Ntuples_ghi_2/MC15ri_generic/MC15ri_etaetapip_tight_v2_240419_Kp_BCS_etapi0const/bsub_log//MC15ri_etapip_gg_fitv6_toyMC_100_56.log"> in cluster <centralcluster> Exited

Job <bash -c "basf2 etapip_gg_fit_v6_toymc_100.py 56 > /home/belle2/jaeyoung/storage_ghi/Ntuples_ghi_2/MC15ri_generic/MC15ri_etaetapip_tight_v2_240419_Kp_BCS_etapi0const/bsub_log//MC15ri_etapip_gg_fitv6_toyMC_100_56.log"> was submitted from host <ccw02> by user <jaeyoung> in cluster <centralcluster> at Wed Jul 10 21:14:28 2024
Job was executed on host(s) <ccb043>, in queue <h>, as user <jaeyoung> in cluster <centralcluster> at Wed Jul 10 21:14:34 2024
</home/belle2/jaeyoung> was used as the home directory.
</home/belle2/jaeyoung/workspace/DRAW_and_FITTING/main/FITTING/etapip/MC15ri_generic/tight_v2_fit_v6/ToyMC> was used as the working directory.
Started at Wed Jul 10 21:14:34 2024
Terminated at Wed Jul 10 21:15:07 2024
Results reported at Wed Jul 10 21:15:07 2024

Your job looked like:

------------------------------------------------------------
# LSBATCH: User input
bash -c "basf2 etapip_gg_fit_v6_toymc_100.py 56 > /home/belle2/jaeyoung/storage_ghi/Ntuples_ghi_2/MC15ri_generic/MC15ri_etaetapip_tight_v2_240419_Kp_BCS_etapi0const/bsub_log//MC15ri_etapip_gg_fitv6_toyMC_100_56.log"
------------------------------------------------------------

Exited with exit code 129.

Resource usage summary:

    CPU time :                                   27.38 sec.
    Max Memory :                                 454 MB
    Average Memory :                             363.50 MB
    Total Requested Memory :                     4000.00 MB
    Delta Memory :                               3546.00 MB
    Max Swap :                                   -
    Max Processes :                              9
    Max Threads :                                50
    Run time :                                   33 sec.
    Turnaround time :                            39 sec.

The output (if any) follows:



PS:

Read file <56.err> for stderr output of this job.

Sender: LSF System <lsfadmin@ccb128>
Subject: Job 47538083: <bash -c "basf2 etapip_gg_fit_v6_toymc_100.py 56 > /home/belle2/jaeyoung/storage_ghi/Ntuples_ghi_2/MC15ri_generic/MC15ri_etaetapip_tight_v2_240419_Kp_BCS_etapi0const/bsub_log//MC15ri_etapip_gg_fitv6_toyMC_100_56.log"> in cluster <centralcluster> Done

Job <bash -c "basf2 etapip_gg_fit_v6_toymc_100.py 56 > /home/belle2/jaeyoung/storage_ghi/Ntuples_ghi_2/MC15ri_generic/MC15ri_etaetapip_tight_v2_240419_Kp_BCS_etapi0const/bsub_log//MC15ri_etapip_gg_fitv6_toyMC_100_56.log"> was submitted from host <ccw02> by user <jaeyoung> in cluster <centralcluster> at Wed Jul 10 21:16:35 2024
Job was executed on host(s) <ccb128>, in queue <h>, as user <jaeyoung> in cluster <centralcluster> at Wed Jul 10 21:16:54 2024
</home/belle2/jaeyoung> was used as the home directory.
</home/belle2/jaeyoung/workspace/DRAW_and_FITTING/main/FITTING/etapip/MC15ri_generic/tight_v2_fit_v6/ToyMC> was used as the working directory.
Started at Wed Jul 10 21:16:54 2024
Terminated at Wed Jul 10 22:07:34 2024
Results reported at Wed Jul 10 22:07:34 2024

Your job looked like:

------------------------------------------------------------
# LSBATCH: User input
bash -c "basf2 etapip_gg_fit_v6_toymc_100.py 56 > /home/belle2/jaeyoung/storage_ghi/Ntuples_ghi_2/MC15ri_generic/MC15ri_etaetapip_tight_v2_240419_Kp_BCS_etapi0const/bsub_log//MC15ri_etapip_gg_fitv6_toyMC_100_56.log"
------------------------------------------------------------

Successfully completed.

Resource usage summary:

    CPU time :                                   2917.29 sec.
    Max Memory :                                 1280 MB
    Average Memory :                             1188.89 MB
    Total Requested Memory :                     4000.00 MB
    Delta Memory :                               2720.00 MB
    Max Swap :                                   -
    Max Processes :                              19
    Max Threads :                                20
    Run time :                                   3040 sec.
    Turnaround time :                            3059 sec.

The output (if any) follows:



PS:

Read file <56.err> for stderr output of this job.

Sender: LSF System <lsfadmin@ccb170>
Subject: Job 47967426: <bash -c "basf2 etapip_gg_fit_v6_toymc_100.py 56 > /home/belle2/jaeyoung/storage_ghi/Ntuples_ghi_2/MC15ri_generic/MC15ri_etaetapip_tight_v2_240419_Kp_BCS_etapi0const/bsub_log//MC15ri_etapip_gg_fitv6_toyMC_100_56.log"> in cluster <centralcluster> Exited

Job <bash -c "basf2 etapip_gg_fit_v6_toymc_100.py 56 > /home/belle2/jaeyoung/storage_ghi/Ntuples_ghi_2/MC15ri_generic/MC15ri_etaetapip_tight_v2_240419_Kp_BCS_etapi0const/bsub_log//MC15ri_etapip_gg_fitv6_toyMC_100_56.log"> was submitted from host <ccw07> by user <jaeyoung> in cluster <centralcluster> at Thu Jul 11 15:27:04 2024
Job was executed on host(s) <ccb170>, in queue <h>, as user <jaeyoung> in cluster <centralcluster> at Thu Jul 11 15:27:05 2024
</home/belle2/jaeyoung> was used as the home directory.
</home/belle2/jaeyoung/workspace/DRAW_and_FITTING/main/FITTING/etapip/MC15ri_generic/tight_v2_fit_v6/ToyMC> was used as the working directory.
Started at Thu Jul 11 15:27:05 2024
Terminated at Thu Jul 11 15:27:22 2024
Results reported at Thu Jul 11 15:27:22 2024

Your job looked like:

------------------------------------------------------------
# LSBATCH: User input
bash -c "basf2 etapip_gg_fit_v6_toymc_100.py 56 > /home/belle2/jaeyoung/storage_ghi/Ntuples_ghi_2/MC15ri_generic/MC15ri_etaetapip_tight_v2_240419_Kp_BCS_etapi0const/bsub_log//MC15ri_etapip_gg_fitv6_toyMC_100_56.log"
------------------------------------------------------------

Exited with exit code 1.

Resource usage summary:

    CPU time :                                   14.49 sec.
    Max Memory :                                 515 MB
    Average Memory :                             376.40 MB
    Total Requested Memory :                     4000.00 MB
    Delta Memory :                               3485.00 MB
    Max Swap :                                   -
    Max Processes :                              9
    Max Threads :                                50
    Run time :                                   17 sec.
    Turnaround time :                            18 sec.

The output (if any) follows:



PS:

Read file <56.err> for stderr output of this job.

Sender: LSF System <lsfadmin@ccb214>
Subject: Job 47969227: <bash -c "basf2 etapip_gg_fit_v6_toymc_100.py 56 > /home/belle2/jaeyoung/storage_ghi/Ntuples_ghi_2/MC15ri_generic/MC15ri_etaetapip_tight_v2_240419_Kp_BCS_etapi0const/bsub_log//MC15ri_etapip_gg_fitv6_toyMC_100_56.log"> in cluster <centralcluster> Done

Job <bash -c "basf2 etapip_gg_fit_v6_toymc_100.py 56 > /home/belle2/jaeyoung/storage_ghi/Ntuples_ghi_2/MC15ri_generic/MC15ri_etaetapip_tight_v2_240419_Kp_BCS_etapi0const/bsub_log//MC15ri_etapip_gg_fitv6_toyMC_100_56.log"> was submitted from host <ccw07> by user <jaeyoung> in cluster <centralcluster> at Thu Jul 11 15:29:16 2024
Job was executed on host(s) <ccb214>, in queue <h>, as user <jaeyoung> in cluster <centralcluster> at Thu Jul 11 15:29:17 2024
</home/belle2/jaeyoung> was used as the home directory.
</home/belle2/jaeyoung/workspace/DRAW_and_FITTING/main/FITTING/etapip/MC15ri_generic/tight_v2_fit_v6/ToyMC> was used as the working directory.
Started at Thu Jul 11 15:29:17 2024
Terminated at Thu Jul 11 16:35:39 2024
Results reported at Thu Jul 11 16:35:39 2024

Your job looked like:

------------------------------------------------------------
# LSBATCH: User input
bash -c "basf2 etapip_gg_fit_v6_toymc_100.py 56 > /home/belle2/jaeyoung/storage_ghi/Ntuples_ghi_2/MC15ri_generic/MC15ri_etaetapip_tight_v2_240419_Kp_BCS_etapi0const/bsub_log//MC15ri_etapip_gg_fitv6_toyMC_100_56.log"
------------------------------------------------------------

Successfully completed.

Resource usage summary:

    CPU time :                                   3937.59 sec.
    Max Memory :                                 1285 MB
    Average Memory :                             1028.46 MB
    Total Requested Memory :                     4000.00 MB
    Delta Memory :                               2715.00 MB
    Max Swap :                                   -
    Max Processes :                              19
    Max Threads :                                20
    Run time :                                   3983 sec.
    Turnaround time :                            3983 sec.

The output (if any) follows:



PS:

Read file <56.err> for stderr output of this job.

