Sender: LSF System <lsfadmin@ccb012>
Subject: Job 47533315: <bash -c "basf2 etapip_gg_fit_v6_toymc_100.py 60 > /home/belle2/jaeyoung/storage_ghi/Ntuples_ghi_2/MC15ri_generic/MC15ri_etaetapip_tight_v2_240419_Kp_BCS_etapi0const/bsub_log//MC15ri_etapip_gg_fitv6_toyMC_100_60.log"> in cluster <centralcluster> Exited

Job <bash -c "basf2 etapip_gg_fit_v6_toymc_100.py 60 > /home/belle2/jaeyoung/storage_ghi/Ntuples_ghi_2/MC15ri_generic/MC15ri_etaetapip_tight_v2_240419_Kp_BCS_etapi0const/bsub_log//MC15ri_etapip_gg_fitv6_toyMC_100_60.log"> was submitted from host <ccw02> by user <jaeyoung> in cluster <centralcluster> at Wed Jul 10 21:11:18 2024
Job was executed on host(s) <ccb012>, in queue <h>, as user <jaeyoung> in cluster <centralcluster> at Wed Jul 10 21:11:36 2024
</home/belle2/jaeyoung> was used as the home directory.
</home/belle2/jaeyoung/workspace/DRAW_and_FITTING/main/FITTING/etapip/MC15ri_generic/tight_v2_fit_v6/ToyMC> was used as the working directory.
Started at Wed Jul 10 21:11:36 2024
Terminated at Wed Jul 10 21:12:05 2024
Results reported at Wed Jul 10 21:12:05 2024

Your job looked like:

------------------------------------------------------------
# LSBATCH: User input
bash -c "basf2 etapip_gg_fit_v6_toymc_100.py 60 > /home/belle2/jaeyoung/storage_ghi/Ntuples_ghi_2/MC15ri_generic/MC15ri_etaetapip_tight_v2_240419_Kp_BCS_etapi0const/bsub_log//MC15ri_etapip_gg_fitv6_toyMC_100_60.log"
------------------------------------------------------------

Exited with exit code 129.

Resource usage summary:

    CPU time :                                   27.05 sec.
    Max Memory :                                 593 MB
    Average Memory :                             408.17 MB
    Total Requested Memory :                     4000.00 MB
    Delta Memory :                               3407.00 MB
    Max Swap :                                   -
    Max Processes :                              9
    Max Threads :                                50
    Run time :                                   29 sec.
    Turnaround time :                            47 sec.

The output (if any) follows:



PS:

Read file <60.err> for stderr output of this job.

Sender: LSF System <lsfadmin@ccb055>
Subject: Job 47536191: <bash -c "basf2 etapip_gg_fit_v6_toymc_100.py 60 > /home/belle2/jaeyoung/storage_ghi/Ntuples_ghi_2/MC15ri_generic/MC15ri_etaetapip_tight_v2_240419_Kp_BCS_etapi0const/bsub_log//MC15ri_etapip_gg_fitv6_toyMC_100_60.log"> in cluster <centralcluster> Exited

Job <bash -c "basf2 etapip_gg_fit_v6_toymc_100.py 60 > /home/belle2/jaeyoung/storage_ghi/Ntuples_ghi_2/MC15ri_generic/MC15ri_etaetapip_tight_v2_240419_Kp_BCS_etapi0const/bsub_log//MC15ri_etapip_gg_fitv6_toyMC_100_60.log"> was submitted from host <ccw02> by user <jaeyoung> in cluster <centralcluster> at Wed Jul 10 21:14:30 2024
Job was executed on host(s) <ccb055>, in queue <h>, as user <jaeyoung> in cluster <centralcluster> at Wed Jul 10 21:14:43 2024
</home/belle2/jaeyoung> was used as the home directory.
</home/belle2/jaeyoung/workspace/DRAW_and_FITTING/main/FITTING/etapip/MC15ri_generic/tight_v2_fit_v6/ToyMC> was used as the working directory.
Started at Wed Jul 10 21:14:43 2024
Terminated at Wed Jul 10 21:15:13 2024
Results reported at Wed Jul 10 21:15:13 2024

Your job looked like:

------------------------------------------------------------
# LSBATCH: User input
bash -c "basf2 etapip_gg_fit_v6_toymc_100.py 60 > /home/belle2/jaeyoung/storage_ghi/Ntuples_ghi_2/MC15ri_generic/MC15ri_etaetapip_tight_v2_240419_Kp_BCS_etapi0const/bsub_log//MC15ri_etapip_gg_fitv6_toyMC_100_60.log"
------------------------------------------------------------

Exited with exit code 129.

Resource usage summary:

    CPU time :                                   28.01 sec.
    Max Memory :                                 536 MB
    Average Memory :                             401.71 MB
    Total Requested Memory :                     4000.00 MB
    Delta Memory :                               3464.00 MB
    Max Swap :                                   -
    Max Processes :                              9
    Max Threads :                                50
    Run time :                                   30 sec.
    Turnaround time :                            43 sec.

The output (if any) follows:



PS:

Read file <60.err> for stderr output of this job.

Sender: LSF System <lsfadmin@ccb228>
Subject: Job 47538101: <bash -c "basf2 etapip_gg_fit_v6_toymc_100.py 60 > /home/belle2/jaeyoung/storage_ghi/Ntuples_ghi_2/MC15ri_generic/MC15ri_etaetapip_tight_v2_240419_Kp_BCS_etapi0const/bsub_log//MC15ri_etapip_gg_fitv6_toyMC_100_60.log"> in cluster <centralcluster> Done

Job <bash -c "basf2 etapip_gg_fit_v6_toymc_100.py 60 > /home/belle2/jaeyoung/storage_ghi/Ntuples_ghi_2/MC15ri_generic/MC15ri_etaetapip_tight_v2_240419_Kp_BCS_etapi0const/bsub_log//MC15ri_etapip_gg_fitv6_toyMC_100_60.log"> was submitted from host <ccw02> by user <jaeyoung> in cluster <centralcluster> at Wed Jul 10 21:16:36 2024
Job was executed on host(s) <ccb228>, in queue <h>, as user <jaeyoung> in cluster <centralcluster> at Wed Jul 10 21:16:57 2024
</home/belle2/jaeyoung> was used as the home directory.
</home/belle2/jaeyoung/workspace/DRAW_and_FITTING/main/FITTING/etapip/MC15ri_generic/tight_v2_fit_v6/ToyMC> was used as the working directory.
Started at Wed Jul 10 21:16:57 2024
Terminated at Wed Jul 10 22:10:50 2024
Results reported at Wed Jul 10 22:10:50 2024

Your job looked like:

------------------------------------------------------------
# LSBATCH: User input
bash -c "basf2 etapip_gg_fit_v6_toymc_100.py 60 > /home/belle2/jaeyoung/storage_ghi/Ntuples_ghi_2/MC15ri_generic/MC15ri_etaetapip_tight_v2_240419_Kp_BCS_etapi0const/bsub_log//MC15ri_etapip_gg_fitv6_toyMC_100_60.log"
------------------------------------------------------------

Successfully completed.

Resource usage summary:

    CPU time :                                   3148.93 sec.
    Max Memory :                                 1281 MB
    Average Memory :                             1192.69 MB
    Total Requested Memory :                     4000.00 MB
    Delta Memory :                               2719.00 MB
    Max Swap :                                   -
    Max Processes :                              19
    Max Threads :                                20
    Run time :                                   3233 sec.
    Turnaround time :                            3254 sec.

The output (if any) follows:



PS:

Read file <60.err> for stderr output of this job.

Sender: LSF System <lsfadmin@ccb096>
Subject: Job 47967447: <bash -c "basf2 etapip_gg_fit_v6_toymc_100.py 60 > /home/belle2/jaeyoung/storage_ghi/Ntuples_ghi_2/MC15ri_generic/MC15ri_etaetapip_tight_v2_240419_Kp_BCS_etapi0const/bsub_log//MC15ri_etapip_gg_fitv6_toyMC_100_60.log"> in cluster <centralcluster> Exited

Job <bash -c "basf2 etapip_gg_fit_v6_toymc_100.py 60 > /home/belle2/jaeyoung/storage_ghi/Ntuples_ghi_2/MC15ri_generic/MC15ri_etaetapip_tight_v2_240419_Kp_BCS_etapi0const/bsub_log//MC15ri_etapip_gg_fitv6_toyMC_100_60.log"> was submitted from host <ccw07> by user <jaeyoung> in cluster <centralcluster> at Thu Jul 11 15:27:06 2024
Job was executed on host(s) <ccb096>, in queue <h>, as user <jaeyoung> in cluster <centralcluster> at Thu Jul 11 15:27:07 2024
</home/belle2/jaeyoung> was used as the home directory.
</home/belle2/jaeyoung/workspace/DRAW_and_FITTING/main/FITTING/etapip/MC15ri_generic/tight_v2_fit_v6/ToyMC> was used as the working directory.
Started at Thu Jul 11 15:27:07 2024
Terminated at Thu Jul 11 15:27:24 2024
Results reported at Thu Jul 11 15:27:24 2024

Your job looked like:

------------------------------------------------------------
# LSBATCH: User input
bash -c "basf2 etapip_gg_fit_v6_toymc_100.py 60 > /home/belle2/jaeyoung/storage_ghi/Ntuples_ghi_2/MC15ri_generic/MC15ri_etaetapip_tight_v2_240419_Kp_BCS_etapi0const/bsub_log//MC15ri_etapip_gg_fitv6_toyMC_100_60.log"
------------------------------------------------------------

Exited with exit code 1.

Resource usage summary:

    CPU time :                                   15.09 sec.
    Max Memory :                                 553 MB
    Average Memory :                             393.40 MB
    Total Requested Memory :                     4000.00 MB
    Delta Memory :                               3447.00 MB
    Max Swap :                                   -
    Max Processes :                              9
    Max Threads :                                50
    Run time :                                   17 sec.
    Turnaround time :                            18 sec.

The output (if any) follows:



PS:

Read file <60.err> for stderr output of this job.

Sender: LSF System <lsfadmin@ccb276>
Subject: Job 47969254: <bash -c "basf2 etapip_gg_fit_v6_toymc_100.py 60 > /home/belle2/jaeyoung/storage_ghi/Ntuples_ghi_2/MC15ri_generic/MC15ri_etaetapip_tight_v2_240419_Kp_BCS_etapi0const/bsub_log//MC15ri_etapip_gg_fitv6_toyMC_100_60.log"> in cluster <centralcluster> Done

Job <bash -c "basf2 etapip_gg_fit_v6_toymc_100.py 60 > /home/belle2/jaeyoung/storage_ghi/Ntuples_ghi_2/MC15ri_generic/MC15ri_etaetapip_tight_v2_240419_Kp_BCS_etapi0const/bsub_log//MC15ri_etapip_gg_fitv6_toyMC_100_60.log"> was submitted from host <ccw07> by user <jaeyoung> in cluster <centralcluster> at Thu Jul 11 15:29:18 2024
Job was executed on host(s) <ccb276>, in queue <h>, as user <jaeyoung> in cluster <centralcluster> at Thu Jul 11 15:29:19 2024
</home/belle2/jaeyoung> was used as the home directory.
</home/belle2/jaeyoung/workspace/DRAW_and_FITTING/main/FITTING/etapip/MC15ri_generic/tight_v2_fit_v6/ToyMC> was used as the working directory.
Started at Thu Jul 11 15:29:19 2024
Terminated at Thu Jul 11 16:37:22 2024
Results reported at Thu Jul 11 16:37:22 2024

Your job looked like:

------------------------------------------------------------
# LSBATCH: User input
bash -c "basf2 etapip_gg_fit_v6_toymc_100.py 60 > /home/belle2/jaeyoung/storage_ghi/Ntuples_ghi_2/MC15ri_generic/MC15ri_etaetapip_tight_v2_240419_Kp_BCS_etapi0const/bsub_log//MC15ri_etapip_gg_fitv6_toyMC_100_60.log"
------------------------------------------------------------

Successfully completed.

Resource usage summary:

    CPU time :                                   3978.57 sec.
    Max Memory :                                 1297 MB
    Average Memory :                             1026.63 MB
    Total Requested Memory :                     4000.00 MB
    Delta Memory :                               2703.00 MB
    Max Swap :                                   -
    Max Processes :                              19
    Max Threads :                                20
    Run time :                                   4084 sec.
    Turnaround time :                            4084 sec.

The output (if any) follows:



PS:

Read file <60.err> for stderr output of this job.

