Sender: LSF System <lsfadmin@ccb273>
Subject: Job 47533486: <bash -c "basf2 etapip_gg_fit_v6_toymc_100.py 70 > /home/belle2/jaeyoung/storage_ghi/Ntuples_ghi_2/MC15ri_generic/MC15ri_etaetapip_tight_v2_240419_Kp_BCS_etapi0const/bsub_log//MC15ri_etapip_gg_fitv6_toyMC_100_70.log"> in cluster <centralcluster> Exited

Job <bash -c "basf2 etapip_gg_fit_v6_toymc_100.py 70 > /home/belle2/jaeyoung/storage_ghi/Ntuples_ghi_2/MC15ri_generic/MC15ri_etaetapip_tight_v2_240419_Kp_BCS_etapi0const/bsub_log//MC15ri_etapip_gg_fitv6_toyMC_100_70.log"> was submitted from host <ccw02> by user <jaeyoung> in cluster <centralcluster> at Wed Jul 10 21:11:26 2024
Job was executed on host(s) <ccb273>, in queue <h>, as user <jaeyoung> in cluster <centralcluster> at Wed Jul 10 21:11:42 2024
</home/belle2/jaeyoung> was used as the home directory.
</home/belle2/jaeyoung/workspace/DRAW_and_FITTING/main/FITTING/etapip/MC15ri_generic/tight_v2_fit_v6/ToyMC> was used as the working directory.
Started at Wed Jul 10 21:11:42 2024
Terminated at Wed Jul 10 21:12:13 2024
Results reported at Wed Jul 10 21:12:13 2024

Your job looked like:

------------------------------------------------------------
# LSBATCH: User input
bash -c "basf2 etapip_gg_fit_v6_toymc_100.py 70 > /home/belle2/jaeyoung/storage_ghi/Ntuples_ghi_2/MC15ri_generic/MC15ri_etaetapip_tight_v2_240419_Kp_BCS_etapi0const/bsub_log//MC15ri_etapip_gg_fitv6_toyMC_100_70.log"
------------------------------------------------------------

Exited with exit code 129.

Resource usage summary:

    CPU time :                                   26.96 sec.
    Max Memory :                                 597 MB
    Average Memory :                             425.43 MB
    Total Requested Memory :                     4000.00 MB
    Delta Memory :                               3403.00 MB
    Max Swap :                                   -
    Max Processes :                              9
    Max Threads :                                50
    Run time :                                   32 sec.
    Turnaround time :                            47 sec.

The output (if any) follows:



PS:

Read file <70.err> for stderr output of this job.

Sender: LSF System <lsfadmin@ccb208>
Subject: Job 47536232: <bash -c "basf2 etapip_gg_fit_v6_toymc_100.py 70 > /home/belle2/jaeyoung/storage_ghi/Ntuples_ghi_2/MC15ri_generic/MC15ri_etaetapip_tight_v2_240419_Kp_BCS_etapi0const/bsub_log//MC15ri_etapip_gg_fitv6_toyMC_100_70.log"> in cluster <centralcluster> Exited

Job <bash -c "basf2 etapip_gg_fit_v6_toymc_100.py 70 > /home/belle2/jaeyoung/storage_ghi/Ntuples_ghi_2/MC15ri_generic/MC15ri_etaetapip_tight_v2_240419_Kp_BCS_etapi0const/bsub_log//MC15ri_etapip_gg_fitv6_toyMC_100_70.log"> was submitted from host <ccw02> by user <jaeyoung> in cluster <centralcluster> at Wed Jul 10 21:14:33 2024
Job was executed on host(s) <ccb208>, in queue <h>, as user <jaeyoung> in cluster <centralcluster> at Wed Jul 10 21:14:46 2024
</home/belle2/jaeyoung> was used as the home directory.
</home/belle2/jaeyoung/workspace/DRAW_and_FITTING/main/FITTING/etapip/MC15ri_generic/tight_v2_fit_v6/ToyMC> was used as the working directory.
Started at Wed Jul 10 21:14:46 2024
Terminated at Wed Jul 10 21:15:18 2024
Results reported at Wed Jul 10 21:15:18 2024

Your job looked like:

------------------------------------------------------------
# LSBATCH: User input
bash -c "basf2 etapip_gg_fit_v6_toymc_100.py 70 > /home/belle2/jaeyoung/storage_ghi/Ntuples_ghi_2/MC15ri_generic/MC15ri_etaetapip_tight_v2_240419_Kp_BCS_etapi0const/bsub_log//MC15ri_etapip_gg_fitv6_toyMC_100_70.log"
------------------------------------------------------------

Exited with exit code 129.

Resource usage summary:

    CPU time :                                   26.78 sec.
    Max Memory :                                 449 MB
    Average Memory :                             331.50 MB
    Total Requested Memory :                     4000.00 MB
    Delta Memory :                               3551.00 MB
    Max Swap :                                   -
    Max Processes :                              9
    Max Threads :                                50
    Run time :                                   32 sec.
    Turnaround time :                            45 sec.

The output (if any) follows:



PS:

Read file <70.err> for stderr output of this job.

Sender: LSF System <lsfadmin@ccb043>
Subject: Job 47538141: <bash -c "basf2 etapip_gg_fit_v6_toymc_100.py 70 > /home/belle2/jaeyoung/storage_ghi/Ntuples_ghi_2/MC15ri_generic/MC15ri_etaetapip_tight_v2_240419_Kp_BCS_etapi0const/bsub_log//MC15ri_etapip_gg_fitv6_toyMC_100_70.log"> in cluster <centralcluster> Done

Job <bash -c "basf2 etapip_gg_fit_v6_toymc_100.py 70 > /home/belle2/jaeyoung/storage_ghi/Ntuples_ghi_2/MC15ri_generic/MC15ri_etaetapip_tight_v2_240419_Kp_BCS_etapi0const/bsub_log//MC15ri_etapip_gg_fitv6_toyMC_100_70.log"> was submitted from host <ccw02> by user <jaeyoung> in cluster <centralcluster> at Wed Jul 10 21:16:39 2024
Job was executed on host(s) <ccb043>, in queue <h>, as user <jaeyoung> in cluster <centralcluster> at Wed Jul 10 21:17:04 2024
</home/belle2/jaeyoung> was used as the home directory.
</home/belle2/jaeyoung/workspace/DRAW_and_FITTING/main/FITTING/etapip/MC15ri_generic/tight_v2_fit_v6/ToyMC> was used as the working directory.
Started at Wed Jul 10 21:17:04 2024
Terminated at Wed Jul 10 22:08:55 2024
Results reported at Wed Jul 10 22:08:55 2024

Your job looked like:

------------------------------------------------------------
# LSBATCH: User input
bash -c "basf2 etapip_gg_fit_v6_toymc_100.py 70 > /home/belle2/jaeyoung/storage_ghi/Ntuples_ghi_2/MC15ri_generic/MC15ri_etaetapip_tight_v2_240419_Kp_BCS_etapi0const/bsub_log//MC15ri_etapip_gg_fitv6_toyMC_100_70.log"
------------------------------------------------------------

Successfully completed.

Resource usage summary:

    CPU time :                                   3051.63 sec.
    Max Memory :                                 1281 MB
    Average Memory :                             1187.90 MB
    Total Requested Memory :                     4000.00 MB
    Delta Memory :                               2719.00 MB
    Max Swap :                                   -
    Max Processes :                              19
    Max Threads :                                20
    Run time :                                   3112 sec.
    Turnaround time :                            3136 sec.

The output (if any) follows:



PS:

Read file <70.err> for stderr output of this job.

Sender: LSF System <lsfadmin@ccb106>
Subject: Job 47967500: <bash -c "basf2 etapip_gg_fit_v6_toymc_100.py 70 > /home/belle2/jaeyoung/storage_ghi/Ntuples_ghi_2/MC15ri_generic/MC15ri_etaetapip_tight_v2_240419_Kp_BCS_etapi0const/bsub_log//MC15ri_etapip_gg_fitv6_toyMC_100_70.log"> in cluster <centralcluster> Exited

Job <bash -c "basf2 etapip_gg_fit_v6_toymc_100.py 70 > /home/belle2/jaeyoung/storage_ghi/Ntuples_ghi_2/MC15ri_generic/MC15ri_etaetapip_tight_v2_240419_Kp_BCS_etapi0const/bsub_log//MC15ri_etapip_gg_fitv6_toyMC_100_70.log"> was submitted from host <ccw07> by user <jaeyoung> in cluster <centralcluster> at Thu Jul 11 15:27:09 2024
Job was executed on host(s) <ccb106>, in queue <h>, as user <jaeyoung> in cluster <centralcluster> at Thu Jul 11 15:27:10 2024
</home/belle2/jaeyoung> was used as the home directory.
</home/belle2/jaeyoung/workspace/DRAW_and_FITTING/main/FITTING/etapip/MC15ri_generic/tight_v2_fit_v6/ToyMC> was used as the working directory.
Started at Thu Jul 11 15:27:10 2024
Terminated at Thu Jul 11 15:27:30 2024
Results reported at Thu Jul 11 15:27:30 2024

Your job looked like:

------------------------------------------------------------
# LSBATCH: User input
bash -c "basf2 etapip_gg_fit_v6_toymc_100.py 70 > /home/belle2/jaeyoung/storage_ghi/Ntuples_ghi_2/MC15ri_generic/MC15ri_etaetapip_tight_v2_240419_Kp_BCS_etapi0const/bsub_log//MC15ri_etapip_gg_fitv6_toyMC_100_70.log"
------------------------------------------------------------

Exited with exit code 1.

Resource usage summary:

    CPU time :                                   15.98 sec.
    Max Memory :                                 614 MB
    Average Memory :                             400.40 MB
    Total Requested Memory :                     4000.00 MB
    Delta Memory :                               3386.00 MB
    Max Swap :                                   -
    Max Processes :                              9
    Max Threads :                                90
    Run time :                                   21 sec.
    Turnaround time :                            22 sec.

The output (if any) follows:



PS:

Read file <70.err> for stderr output of this job.

Sender: LSF System <lsfadmin@ccb226>
Subject: Job 47969324: <bash -c "basf2 etapip_gg_fit_v6_toymc_100.py 70 > /home/belle2/jaeyoung/storage_ghi/Ntuples_ghi_2/MC15ri_generic/MC15ri_etaetapip_tight_v2_240419_Kp_BCS_etapi0const/bsub_log//MC15ri_etapip_gg_fitv6_toyMC_100_70.log"> in cluster <centralcluster> Done

Job <bash -c "basf2 etapip_gg_fit_v6_toymc_100.py 70 > /home/belle2/jaeyoung/storage_ghi/Ntuples_ghi_2/MC15ri_generic/MC15ri_etaetapip_tight_v2_240419_Kp_BCS_etapi0const/bsub_log//MC15ri_etapip_gg_fitv6_toyMC_100_70.log"> was submitted from host <ccw07> by user <jaeyoung> in cluster <centralcluster> at Thu Jul 11 15:29:21 2024
Job was executed on host(s) <ccb226>, in queue <h>, as user <jaeyoung> in cluster <centralcluster> at Thu Jul 11 15:29:23 2024
</home/belle2/jaeyoung> was used as the home directory.
</home/belle2/jaeyoung/workspace/DRAW_and_FITTING/main/FITTING/etapip/MC15ri_generic/tight_v2_fit_v6/ToyMC> was used as the working directory.
Started at Thu Jul 11 15:29:23 2024
Terminated at Thu Jul 11 16:34:34 2024
Results reported at Thu Jul 11 16:34:34 2024

Your job looked like:

------------------------------------------------------------
# LSBATCH: User input
bash -c "basf2 etapip_gg_fit_v6_toymc_100.py 70 > /home/belle2/jaeyoung/storage_ghi/Ntuples_ghi_2/MC15ri_generic/MC15ri_etaetapip_tight_v2_240419_Kp_BCS_etapi0const/bsub_log//MC15ri_etapip_gg_fitv6_toyMC_100_70.log"
------------------------------------------------------------

Successfully completed.

Resource usage summary:

    CPU time :                                   3840.58 sec.
    Max Memory :                                 1283 MB
    Average Memory :                             1012.74 MB
    Total Requested Memory :                     4000.00 MB
    Delta Memory :                               2717.00 MB
    Max Swap :                                   -
    Max Processes :                              19
    Max Threads :                                20
    Run time :                                   3912 sec.
    Turnaround time :                            3913 sec.

The output (if any) follows:



PS:

Read file <70.err> for stderr output of this job.

