Error in <TFile::TFile>: file /home/belle2/jaeyoung/storage_ghi/reduced_ntuples/MC15ri/etapip_eteeta/MC15ri_etaetapip_tight_v2_240708_Kp_BCS_etapi0const_ccbar.root does not exist
Error in <TFile::TFile>: file /home/belle2/jaeyoung/storage_ghi/reduced_ntuples/MC15ri/etapip_eteeta/MC15ri_etaetapip_tight_v2_240708_Kp_BCS_etapi0const_uubar.root does not exist
Error in <TFile::TFile>: file /home/belle2/jaeyoung/storage_ghi/reduced_ntuples/MC15ri/etapip_eteeta/MC15ri_etaetapip_tight_v2_240708_Kp_BCS_etapi0const_uubar.root does not exist
Error in <TFile::TFile>: file /home/belle2/jaeyoung/storage_ghi/reduced_ntuples/MC15ri/etapip_eteeta/MC15ri_etaetapip_tight_v2_240708_Kp_BCS_etapi0const_ssbar.root does not exist
Error in <TFile::TFile>: file /home/belle2/jaeyoung/storage_ghi/reduced_ntuples/MC15ri/etapip_eteeta/MC15ri_etaetapip_tight_v2_240708_Kp_BCS_etapi0const_charged.root does not exist
Error in <TFile::TFile>: file /home/belle2/jaeyoung/storage_ghi/reduced_ntuples/MC15ri/etapip_eteeta/MC15ri_etaetapip_tight_v2_240708_Kp_BCS_etapi0const_mixed.root does not exist
Error in <TFile::TFile>: file /home/belle2/jaeyoung/storage_ghi/reduced_ntuples/MC15ri/etapip_eteeta/MC15ri_etaetapip_tight_v2_240708_Kp_BCS_etapi0const_taupair.root does not exist
Error in <TFile::TFile>: file /home/belle2/jaeyoung/storage_ghi/reduced_ntuples/MC15ri/etapip_eteeta/MC15ri_etaetapip_tight_v2_240708_Kp_BCS_etapi0const_ccbar.root does not exist
Error in <TFile::TFile>: file /home/belle2/jaeyoung/storage_ghi/reduced_ntuples/MC15ri/etapip_eteeta/MC15ri_etaetapip_tight_v2_240708_Kp_BCS_etapi0const_ccbar.root does not exist
Error in <TFile::TFile>: file /home/belle2/jaeyoung/storage_ghi/reduced_ntuples/MC15ri/etapip_eteeta/MC15ri_etaetapip_tight_v2_240708_Kp_BCS_etapi0const_ccbar.root does not exist
Error in <TFile::TFile>: file /home/belle2/jaeyoung/storage_ghi/reduced_ntuples/MC15ri/etapip_eteeta/MC15ri_etaetapip_tight_v2_240708_Kp_BCS_etapi0const_ccbar.root does not exist
 *** Break *** segmentation violation



===========================================================
There was a crash.
This is the entire stack trace of all threads:
===========================================================
#0  0x00002b931f6fb60c in waitpid () from /lib64/libc.so.6
#1  0x00002b931f678f62 in do_system () from /lib64/libc.so.6
#2  0x00002b931fcf884c in TUnixSystem::Exec (shellcmd=<optimized out>, this=0x19ea570) at /cvmfs/belle.cern.ch/el7/externals/v02-00-03/src/root/core/unix/src/TUnixSystem.cxx:2120
#3  TUnixSystem::StackTrace (this=0x19ea570) at /cvmfs/belle.cern.ch/el7/externals/v02-00-03/src/root/core/unix/src/TUnixSystem.cxx:2411
#4  0x00002b93229bedd3 in (anonymous namespace)::do_trace (sig=1) at /cvmfs/belle.cern.ch/el7/externals/v02-00-03/src/root/bindings/pyroot/cppyy/cppyy-backend/clingwrapper/src/clingwrapper.cxx:182
#5  (anonymous namespace)::TExceptionHandlerImp::HandleException (this=<optimized out>, sig=1) at /cvmfs/belle.cern.ch/el7/externals/v02-00-03/src/root/bindings/pyroot/cppyy/cppyy-backend/clingwrapper/src/clingwrapper.cxx:195
#6  0x00002b931fcf5cd1 in TUnixSystem::DispatchSignals (this=0x19ea570, sig=kSigSegmentationViolation) at /cvmfs/belle.cern.ch/el7/externals/v02-00-03/src/root/core/unix/src/TUnixSystem.cxx:3644
#7  <signal handler called>
#8  0x00002b9320d7eb10 in TBranch::Init (this=0x6afd640, name=0x7ffc0aa7d719 "Dp_M", leaflist=0x7ffc0aa7da09 "Dp_M/D", compress=<optimized out>) at /cvmfs/belle.cern.ch/el7/externals/v02-00-03/src/root/tree/tree/src/TBranch.cxx:431
#9  0x00002b9320d7f2bc in TBranch::TBranch (this=this
entry=0x6afd640, tree=tree
entry=0x667bfb0, name=name
entry=0x7ffc0aa7d719 "Dp_M", address=address
entry=0x6590ca0, leaflist=leaflist
entry=0x7ffc0aa7da09 "Dp_M/D", basketsize=basketsize
entry=10485760, compress=-1) at /cvmfs/belle.cern.ch/el7/externals/v02-00-03/src/root/tree/tree/src/TBranch.cxx:243
#10 0x00002b9320df6e2c in TTree::Branch (this=0x667bfb0, name=0x7ffc0aa7d719 "Dp_M", address=0x6590ca0, leaflist=0x7ffc0aa7da09 "Dp_M/D", bufsize=10485760) at /cvmfs/belle.cern.ch/el7/externals/v02-00-03/src/root/tree/tree/src/TTree.cxx:1969
#11 0x00002b933a545e6a in RooAbsReal::attachToTree (this=this
entry=0x6590a00, t=..., bufSize=bufSize
entry=10485760) at /cvmfs/belle.cern.ch/el7/externals/v02-00-03/src/root/roofit/roofitcore/src/RooAbsReal.cxx:3346
#12 0x00002b933a6e1236 in RooRealVar::attachToTree (this=0x6590a00, t=..., bufSize=10485760) at /cvmfs/belle.cern.ch/el7/externals/v02-00-03/src/root/roofit/roofitcore/src/RooRealVar.cxx:1105
#13 0x00002b933a71d3bb in RooTreeDataStore::loadValues (this=0x6357e40, t=0x62a4c50, select=0x7ffc0aa7dfd0) at /cvmfs/belle.cern.ch/el7/externals/v02-00-03/src/root/roofit/roofitcore/src/RooTreeDataStore.cxx:478
#14 0x00002b933a720d47 in RooTreeDataStore::RooTreeDataStore (this=this
entry=0x6357e40, name=name
entry=0x6511d38 "data", title=0x7ffc0aa7df50 "\030t\354\037\223+", title
entry=0x6511d78 "", vars=..., t=..., selExpr=selExpr
entry=0x63572a0 "etapip_gg_rank==1", wgtVarName=0x0) at /cvmfs/belle.cern.ch/el7/externals/v02-00-03/src/root/roofit/roofitcore/src/RooTreeDataStore.cxx:169
#15 0x00002b933a5d2238 in RooDataSet::RooDataSet (this=0x65a0160, name=0x6511d38 "data", title=0x6511d78 "", theTree=0x62a4c50, vars=..., cuts=0x63572a0 "etapip_gg_rank==1", wgtVarName=0x0) at /cvmfs/belle.cern.ch/el7/externals/v02-00-03/src/root/roofit/roofitcore/src/RooDataSet.cxx:786
#16 0x00002b933df19206 in ?? ()
#17 0x0000000000000000 in ?? ()
===========================================================


The lines below might hint at the cause of the crash.
You may get help by asking at the ROOT forum https://root.cern.ch/forum
Only if you are really convinced it is a bug in ROOT then please submit a
report at https://root.cern.ch/bugs Please post the ENTIRE stack trace
from above as an attachment in addition to anything else
that might help us fixing this issue.
===========================================================
#8  0x00002b9320d7eb10 in TBranch::Init (this=0x6afd640, name=0x7ffc0aa7d719 "Dp_M", leaflist=0x7ffc0aa7da09 "Dp_M/D", compress=<optimized out>) at /cvmfs/belle.cern.ch/el7/externals/v02-00-03/src/root/tree/tree/src/TBranch.cxx:431
#9  0x00002b9320d7f2bc in TBranch::TBranch (this=this
entry=0x6afd640, tree=tree
entry=0x667bfb0, name=name
entry=0x7ffc0aa7d719 "Dp_M", address=address
entry=0x6590ca0, leaflist=leaflist
entry=0x7ffc0aa7da09 "Dp_M/D", basketsize=basketsize
entry=10485760, compress=-1) at /cvmfs/belle.cern.ch/el7/externals/v02-00-03/src/root/tree/tree/src/TBranch.cxx:243
#10 0x00002b9320df6e2c in TTree::Branch (this=0x667bfb0, name=0x7ffc0aa7d719 "Dp_M", address=0x6590ca0, leaflist=0x7ffc0aa7da09 "Dp_M/D", bufsize=10485760) at /cvmfs/belle.cern.ch/el7/externals/v02-00-03/src/root/tree/tree/src/TTree.cxx:1969
#11 0x00002b933a545e6a in RooAbsReal::attachToTree (this=this
entry=0x6590a00, t=..., bufSize=bufSize
entry=10485760) at /cvmfs/belle.cern.ch/el7/externals/v02-00-03/src/root/roofit/roofitcore/src/RooAbsReal.cxx:3346
#12 0x00002b933a6e1236 in RooRealVar::attachToTree (this=0x6590a00, t=..., bufSize=10485760) at /cvmfs/belle.cern.ch/el7/externals/v02-00-03/src/root/roofit/roofitcore/src/RooRealVar.cxx:1105
#13 0x00002b933a71d3bb in RooTreeDataStore::loadValues (this=0x6357e40, t=0x62a4c50, select=0x7ffc0aa7dfd0) at /cvmfs/belle.cern.ch/el7/externals/v02-00-03/src/root/roofit/roofitcore/src/RooTreeDataStore.cxx:478
#14 0x00002b933a720d47 in RooTreeDataStore::RooTreeDataStore (this=this
entry=0x6357e40, name=name
entry=0x6511d38 "data", title=0x7ffc0aa7df50 "030t354037223+", title
entry=0x6511d78 "", vars=..., t=..., selExpr=selExpr
entry=0x63572a0 "etapip_gg_rank==1", wgtVarName=0x0) at /cvmfs/belle.cern.ch/el7/externals/v02-00-03/src/root/roofit/roofitcore/src/RooTreeDataStore.cxx:169
#15 0x00002b933a5d2238 in RooDataSet::RooDataSet (this=0x65a0160, name=0x6511d38 "data", title=0x6511d78 "", theTree=0x62a4c50, vars=..., cuts=0x63572a0 "etapip_gg_rank==1", wgtVarName=0x0) at /cvmfs/belle.cern.ch/el7/externals/v02-00-03/src/root/roofit/roofitcore/src/RooDataSet.cxx:786
#16 0x00002b933df19206 in ?? ()
#17 0x0000000000000000 in ?? ()
===========================================================


 *** Break *** segmentation violation



===========================================================
There was a crash.
This is the entire stack trace of all threads:
===========================================================
#0  0x00002b931f6fb60c in waitpid () from /lib64/libc.so.6
#1  0x00002b931f678f62 in do_system () from /lib64/libc.so.6
#2  0x00002b931fcf884c in TUnixSystem::Exec (shellcmd=<optimized out>, this=0x19ea570) at /cvmfs/belle.cern.ch/el7/externals/v02-00-03/src/root/core/unix/src/TUnixSystem.cxx:2120
#3  TUnixSystem::StackTrace (this=0x19ea570) at /cvmfs/belle.cern.ch/el7/externals/v02-00-03/src/root/core/unix/src/TUnixSystem.cxx:2411
#4  0x00002b93229bec53 in (anonymous namespace)::do_trace (sig=1) at /cvmfs/belle.cern.ch/el7/externals/v02-00-03/src/root/bindings/pyroot/cppyy/cppyy-backend/clingwrapper/src/clingwrapper.cxx:182
#5  (anonymous namespace)::TExceptionHandlerImp::HandleException (this=<optimized out>, sig=1) at /cvmfs/belle.cern.ch/el7/externals/v02-00-03/src/root/bindings/pyroot/cppyy/cppyy-backend/clingwrapper/src/clingwrapper.cxx:201
#6  0x00002b931fcf5cd1 in TUnixSystem::DispatchSignals (this=0x19ea570, sig=kSigSegmentationViolation) at /cvmfs/belle.cern.ch/el7/externals/v02-00-03/src/root/core/unix/src/TUnixSystem.cxx:3644
#7  <signal handler called>
#8  0x00002b9320d7eb10 in TBranch::Init (this=0x6afd640, name=0x7ffc0aa7d719 "Dp_M", leaflist=0x7ffc0aa7da09 "Dp_M/D", compress=<optimized out>) at /cvmfs/belle.cern.ch/el7/externals/v02-00-03/src/root/tree/tree/src/TBranch.cxx:431
#9  0x00002b9320d7f2bc in TBranch::TBranch (this=this
entry=0x6afd640, tree=tree
entry=0x667bfb0, name=name
entry=0x7ffc0aa7d719 "Dp_M", address=address
entry=0x6590ca0, leaflist=leaflist
entry=0x7ffc0aa7da09 "Dp_M/D", basketsize=basketsize
entry=10485760, compress=-1) at /cvmfs/belle.cern.ch/el7/externals/v02-00-03/src/root/tree/tree/src/TBranch.cxx:243
#10 0x00002b9320df6e2c in TTree::Branch (this=0x667bfb0, name=0x7ffc0aa7d719 "Dp_M", address=0x6590ca0, leaflist=0x7ffc0aa7da09 "Dp_M/D", bufsize=10485760) at /cvmfs/belle.cern.ch/el7/externals/v02-00-03/src/root/tree/tree/src/TTree.cxx:1969
#11 0x00002b933a545e6a in RooAbsReal::attachToTree (this=this
entry=0x6590a00, t=..., bufSize=bufSize
entry=10485760) at /cvmfs/belle.cern.ch/el7/externals/v02-00-03/src/root/roofit/roofitcore/src/RooAbsReal.cxx:3346
#12 0x00002b933a6e1236 in RooRealVar::attachToTree (this=0x6590a00, t=..., bufSize=10485760) at /cvmfs/belle.cern.ch/el7/externals/v02-00-03/src/root/roofit/roofitcore/src/RooRealVar.cxx:1105
#13 0x00002b933a71d3bb in RooTreeDataStore::loadValues (this=0x6357e40, t=0x62a4c50, select=0x7ffc0aa7dfd0) at /cvmfs/belle.cern.ch/el7/externals/v02-00-03/src/root/roofit/roofitcore/src/RooTreeDataStore.cxx:478
#14 0x00002b933a720d47 in RooTreeDataStore::RooTreeDataStore (this=this
entry=0x6357e40, name=name
entry=0x6511d38 "data", title=0x7ffc0aa7df50 "\030t\354\037\223+", title
entry=0x6511d78 "", vars=..., t=..., selExpr=selExpr
entry=0x63572a0 "etapip_gg_rank==1", wgtVarName=0x0) at /cvmfs/belle.cern.ch/el7/externals/v02-00-03/src/root/roofit/roofitcore/src/RooTreeDataStore.cxx:169
#15 0x00002b933a5d2238 in RooDataSet::RooDataSet (this=0x65a0160, name=0x6511d38 "data", title=0x6511d78 "", theTree=0x62a4c50, vars=..., cuts=0x63572a0 "etapip_gg_rank==1", wgtVarName=0x0) at /cvmfs/belle.cern.ch/el7/externals/v02-00-03/src/root/roofit/roofitcore/src/RooDataSet.cxx:786
#16 0x00002b933df19206 in ?? ()
#17 0x0000000000000000 in ?? ()
===========================================================


The lines below might hint at the cause of the crash.
You may get help by asking at the ROOT forum https://root.cern.ch/forum
Only if you are really convinced it is a bug in ROOT then please submit a
report at https://root.cern.ch/bugs Please post the ENTIRE stack trace
from above as an attachment in addition to anything else
that might help us fixing this issue.
===========================================================
#8  0x00002b9320d7eb10 in TBranch::Init (this=0x6afd640, name=0x7ffc0aa7d719 "Dp_M", leaflist=0x7ffc0aa7da09 "Dp_M/D", compress=<optimized out>) at /cvmfs/belle.cern.ch/el7/externals/v02-00-03/src/root/tree/tree/src/TBranch.cxx:431
#9  0x00002b9320d7f2bc in TBranch::TBranch (this=this
entry=0x6afd640, tree=tree
entry=0x667bfb0, name=name
entry=0x7ffc0aa7d719 "Dp_M", address=address
entry=0x6590ca0, leaflist=leaflist
entry=0x7ffc0aa7da09 "Dp_M/D", basketsize=basketsize
entry=10485760, compress=-1) at /cvmfs/belle.cern.ch/el7/externals/v02-00-03/src/root/tree/tree/src/TBranch.cxx:243
#10 0x00002b9320df6e2c in TTree::Branch (this=0x667bfb0, name=0x7ffc0aa7d719 "Dp_M", address=0x6590ca0, leaflist=0x7ffc0aa7da09 "Dp_M/D", bufsize=10485760) at /cvmfs/belle.cern.ch/el7/externals/v02-00-03/src/root/tree/tree/src/TTree.cxx:1969
#11 0x00002b933a545e6a in RooAbsReal::attachToTree (this=this
entry=0x6590a00, t=..., bufSize=bufSize
entry=10485760) at /cvmfs/belle.cern.ch/el7/externals/v02-00-03/src/root/roofit/roofitcore/src/RooAbsReal.cxx:3346
#12 0x00002b933a6e1236 in RooRealVar::attachToTree (this=0x6590a00, t=..., bufSize=10485760) at /cvmfs/belle.cern.ch/el7/externals/v02-00-03/src/root/roofit/roofitcore/src/RooRealVar.cxx:1105
#13 0x00002b933a71d3bb in RooTreeDataStore::loadValues (this=0x6357e40, t=0x62a4c50, select=0x7ffc0aa7dfd0) at /cvmfs/belle.cern.ch/el7/externals/v02-00-03/src/root/roofit/roofitcore/src/RooTreeDataStore.cxx:478
#14 0x00002b933a720d47 in RooTreeDataStore::RooTreeDataStore (this=this
entry=0x6357e40, name=name
entry=0x6511d38 "data", title=0x7ffc0aa7df50 "030t354037223+", title
entry=0x6511d78 "", vars=..., t=..., selExpr=selExpr
entry=0x63572a0 "etapip_gg_rank==1", wgtVarName=0x0) at /cvmfs/belle.cern.ch/el7/externals/v02-00-03/src/root/roofit/roofitcore/src/RooTreeDataStore.cxx:169
#15 0x00002b933a5d2238 in RooDataSet::RooDataSet (this=0x65a0160, name=0x6511d38 "data", title=0x6511d78 "", theTree=0x62a4c50, vars=..., cuts=0x63572a0 "etapip_gg_rank==1", wgtVarName=0x0) at /cvmfs/belle.cern.ch/el7/externals/v02-00-03/src/root/roofit/roofitcore/src/RooDataSet.cxx:786
#16 0x00002b933df19206 in ?? ()
#17 0x0000000000000000 in ?? ()
===========================================================


Error in <TFile::TFile>: file /gpfs/home/belle2/jaeyoung/workspace/DRAW_and_FITTING/main/FITTING/etapip/MC15ri_generic/tight_v2_fit_v6/ToyMC/home/belle2/jaeyoung/storage_b2/storage/reduced_ntuples/MC15ri/etapip_eteeta/MC15ri_etaetapip_tight_v2_240708_Kp_BCS_etapi0const_ccbar.root does not exist
Error in <TFile::TFile>: file /gpfs/home/belle2/jaeyoung/workspace/DRAW_and_FITTING/main/FITTING/etapip/MC15ri_generic/tight_v2_fit_v6/ToyMC/home/belle2/jaeyoung/storage_b2/storage/reduced_ntuples/MC15ri/etapip_eteeta/MC15ri_etaetapip_tight_v2_240708_Kp_BCS_etapi0const_uubar.root does not exist
Error in <TFile::TFile>: file /gpfs/home/belle2/jaeyoung/workspace/DRAW_and_FITTING/main/FITTING/etapip/MC15ri_generic/tight_v2_fit_v6/ToyMC/home/belle2/jaeyoung/storage_b2/storage/reduced_ntuples/MC15ri/etapip_eteeta/MC15ri_etaetapip_tight_v2_240708_Kp_BCS_etapi0const_uubar.root does not exist
Error in <TFile::TFile>: file /gpfs/home/belle2/jaeyoung/workspace/DRAW_and_FITTING/main/FITTING/etapip/MC15ri_generic/tight_v2_fit_v6/ToyMC/home/belle2/jaeyoung/storage_b2/storage/reduced_ntuples/MC15ri/etapip_eteeta/MC15ri_etaetapip_tight_v2_240708_Kp_BCS_etapi0const_ssbar.root does not exist
Error in <TFile::TFile>: file /gpfs/home/belle2/jaeyoung/workspace/DRAW_and_FITTING/main/FITTING/etapip/MC15ri_generic/tight_v2_fit_v6/ToyMC/home/belle2/jaeyoung/storage_b2/storage/reduced_ntuples/MC15ri/etapip_eteeta/MC15ri_etaetapip_tight_v2_240708_Kp_BCS_etapi0const_charged.root does not exist
Error in <TFile::TFile>: file /gpfs/home/belle2/jaeyoung/workspace/DRAW_and_FITTING/main/FITTING/etapip/MC15ri_generic/tight_v2_fit_v6/ToyMC/home/belle2/jaeyoung/storage_b2/storage/reduced_ntuples/MC15ri/etapip_eteeta/MC15ri_etaetapip_tight_v2_240708_Kp_BCS_etapi0const_mixed.root does not exist
Error in <TFile::TFile>: file /gpfs/home/belle2/jaeyoung/workspace/DRAW_and_FITTING/main/FITTING/etapip/MC15ri_generic/tight_v2_fit_v6/ToyMC/home/belle2/jaeyoung/storage_b2/storage/reduced_ntuples/MC15ri/etapip_eteeta/MC15ri_etaetapip_tight_v2_240708_Kp_BCS_etapi0const_taupair.root does not exist
Error in <TFile::TFile>: file /gpfs/home/belle2/jaeyoung/workspace/DRAW_and_FITTING/main/FITTING/etapip/MC15ri_generic/tight_v2_fit_v6/ToyMC/home/belle2/jaeyoung/storage_b2/storage/reduced_ntuples/MC15ri/etapip_eteeta/MC15ri_etaetapip_tight_v2_240708_Kp_BCS_etapi0const_ccbar.root does not exist
Error in <TFile::TFile>: file /gpfs/home/belle2/jaeyoung/workspace/DRAW_and_FITTING/main/FITTING/etapip/MC15ri_generic/tight_v2_fit_v6/ToyMC/home/belle2/jaeyoung/storage_b2/storage/reduced_ntuples/MC15ri/etapip_eteeta/MC15ri_etaetapip_tight_v2_240708_Kp_BCS_etapi0const_ccbar.root does not exist
Error in <TFile::TFile>: file /gpfs/home/belle2/jaeyoung/workspace/DRAW_and_FITTING/main/FITTING/etapip/MC15ri_generic/tight_v2_fit_v6/ToyMC/home/belle2/jaeyoung/storage_b2/storage/reduced_ntuples/MC15ri/etapip_eteeta/MC15ri_etaetapip_tight_v2_240708_Kp_BCS_etapi0const_ccbar.root does not exist
Error in <TFile::TFile>: file /gpfs/home/belle2/jaeyoung/workspace/DRAW_and_FITTING/main/FITTING/etapip/MC15ri_generic/tight_v2_fit_v6/ToyMC/home/belle2/jaeyoung/storage_b2/storage/reduced_ntuples/MC15ri/etapip_eteeta/MC15ri_etaetapip_tight_v2_240708_Kp_BCS_etapi0const_ccbar.root does not exist
 *** Break *** segmentation violation



===========================================================
There was a crash.
This is the entire stack trace of all threads:
===========================================================
#0  0x00002b5050ef460c in waitpid () from /lib64/libc.so.6
#1  0x00002b5050e71f62 in do_system () from /lib64/libc.so.6
#2  0x00002b50514f184c in TUnixSystem::Exec (shellcmd=<optimized out>, this=0x8a1570) at /cvmfs/belle.cern.ch/el7/externals/v02-00-03/src/root/core/unix/src/TUnixSystem.cxx:2120
#3  TUnixSystem::StackTrace (this=0x8a1570) at /cvmfs/belle.cern.ch/el7/externals/v02-00-03/src/root/core/unix/src/TUnixSystem.cxx:2411
#4  0x00002b50541b7dd3 in (anonymous namespace)::do_trace (sig=1) at /cvmfs/belle.cern.ch/el7/externals/v02-00-03/src/root/bindings/pyroot/cppyy/cppyy-backend/clingwrapper/src/clingwrapper.cxx:182
#5  (anonymous namespace)::TExceptionHandlerImp::HandleException (this=<optimized out>, sig=1) at /cvmfs/belle.cern.ch/el7/externals/v02-00-03/src/root/bindings/pyroot/cppyy/cppyy-backend/clingwrapper/src/clingwrapper.cxx:195
#6  0x00002b50514eecd1 in TUnixSystem::DispatchSignals (this=0x8a1570, sig=kSigSegmentationViolation) at /cvmfs/belle.cern.ch/el7/externals/v02-00-03/src/root/core/unix/src/TUnixSystem.cxx:3644
#7  <signal handler called>
#8  0x00002b5052577b10 in TBranch::Init (this=0x5986410, name=0x7ffec5b463b9 "Dp_M", leaflist=0x7ffec5b466a9 "Dp_M/D", compress=<optimized out>) at /cvmfs/belle.cern.ch/el7/externals/v02-00-03/src/root/tree/tree/src/TBranch.cxx:431
#9  0x00002b50525782bc in TBranch::TBranch (this=this
entry=0x5986410, tree=tree
entry=0x5532de0, name=name
entry=0x7ffec5b463b9 "Dp_M", address=address
entry=0x5535df0, leaflist=leaflist
entry=0x7ffec5b466a9 "Dp_M/D", basketsize=basketsize
entry=10485760, compress=-1) at /cvmfs/belle.cern.ch/el7/externals/v02-00-03/src/root/tree/tree/src/TBranch.cxx:243
#10 0x00002b50525efe2c in TTree::Branch (this=0x5532de0, name=0x7ffec5b463b9 "Dp_M", address=0x5535df0, leaflist=0x7ffec5b466a9 "Dp_M/D", bufsize=10485760) at /cvmfs/belle.cern.ch/el7/externals/v02-00-03/src/root/tree/tree/src/TTree.cxx:1969
#11 0x00002b506bd3ee6a in RooAbsReal::attachToTree (this=this
entry=0x5535b50, t=..., bufSize=bufSize
entry=10485760) at /cvmfs/belle.cern.ch/el7/externals/v02-00-03/src/root/roofit/roofitcore/src/RooAbsReal.cxx:3346
#12 0x00002b506beda236 in RooRealVar::attachToTree (this=0x5535b50, t=..., bufSize=10485760) at /cvmfs/belle.cern.ch/el7/externals/v02-00-03/src/root/roofit/roofitcore/src/RooRealVar.cxx:1105
#13 0x00002b506bf163bb in RooTreeDataStore::loadValues (this=0x540ef90, t=0x515bbc0, select=0x7ffec5b46c70) at /cvmfs/belle.cern.ch/el7/externals/v02-00-03/src/root/roofit/roofitcore/src/RooTreeDataStore.cxx:478
#14 0x00002b506bf19d47 in RooTreeDataStore::RooTreeDataStore (this=this
entry=0x540ef90, name=name
entry=0x513d278 "data", title=0x7ffec5b46bf0 "\030\004lQP+", title
entry=0x5147208 "", vars=..., t=..., selExpr=selExpr
entry=0x514a730 "etapip_gg_rank==1", wgtVarName=0x0) at /cvmfs/belle.cern.ch/el7/externals/v02-00-03/src/root/roofit/roofitcore/src/RooTreeDataStore.cxx:169
#15 0x00002b506bdcb238 in RooDataSet::RooDataSet (this=0x5456fa0, name=0x513d278 "data", title=0x5147208 "", theTree=0x515bbc0, vars=..., cuts=0x514a730 "etapip_gg_rank==1", wgtVarName=0x0) at /cvmfs/belle.cern.ch/el7/externals/v02-00-03/src/root/roofit/roofitcore/src/RooDataSet.cxx:786
#16 0x00002b506f712206 in ?? ()
#17 0x0000000000000000 in ?? ()
===========================================================


The lines below might hint at the cause of the crash.
You may get help by asking at the ROOT forum https://root.cern.ch/forum
Only if you are really convinced it is a bug in ROOT then please submit a
report at https://root.cern.ch/bugs Please post the ENTIRE stack trace
from above as an attachment in addition to anything else
that might help us fixing this issue.
===========================================================
#8  0x00002b5052577b10 in TBranch::Init (this=0x5986410, name=0x7ffec5b463b9 "Dp_M", leaflist=0x7ffec5b466a9 "Dp_M/D", compress=<optimized out>) at /cvmfs/belle.cern.ch/el7/externals/v02-00-03/src/root/tree/tree/src/TBranch.cxx:431
#9  0x00002b50525782bc in TBranch::TBranch (this=this
entry=0x5986410, tree=tree
entry=0x5532de0, name=name
entry=0x7ffec5b463b9 "Dp_M", address=address
entry=0x5535df0, leaflist=leaflist
entry=0x7ffec5b466a9 "Dp_M/D", basketsize=basketsize
entry=10485760, compress=-1) at /cvmfs/belle.cern.ch/el7/externals/v02-00-03/src/root/tree/tree/src/TBranch.cxx:243
#10 0x00002b50525efe2c in TTree::Branch (this=0x5532de0, name=0x7ffec5b463b9 "Dp_M", address=0x5535df0, leaflist=0x7ffec5b466a9 "Dp_M/D", bufsize=10485760) at /cvmfs/belle.cern.ch/el7/externals/v02-00-03/src/root/tree/tree/src/TTree.cxx:1969
#11 0x00002b506bd3ee6a in RooAbsReal::attachToTree (this=this
entry=0x5535b50, t=..., bufSize=bufSize
entry=10485760) at /cvmfs/belle.cern.ch/el7/externals/v02-00-03/src/root/roofit/roofitcore/src/RooAbsReal.cxx:3346
#12 0x00002b506beda236 in RooRealVar::attachToTree (this=0x5535b50, t=..., bufSize=10485760) at /cvmfs/belle.cern.ch/el7/externals/v02-00-03/src/root/roofit/roofitcore/src/RooRealVar.cxx:1105
#13 0x00002b506bf163bb in RooTreeDataStore::loadValues (this=0x540ef90, t=0x515bbc0, select=0x7ffec5b46c70) at /cvmfs/belle.cern.ch/el7/externals/v02-00-03/src/root/roofit/roofitcore/src/RooTreeDataStore.cxx:478
#14 0x00002b506bf19d47 in RooTreeDataStore::RooTreeDataStore (this=this
entry=0x540ef90, name=name
entry=0x513d278 "data", title=0x7ffec5b46bf0 "030004lQP+", title
entry=0x5147208 "", vars=..., t=..., selExpr=selExpr
entry=0x514a730 "etapip_gg_rank==1", wgtVarName=0x0) at /cvmfs/belle.cern.ch/el7/externals/v02-00-03/src/root/roofit/roofitcore/src/RooTreeDataStore.cxx:169
#15 0x00002b506bdcb238 in RooDataSet::RooDataSet (this=0x5456fa0, name=0x513d278 "data", title=0x5147208 "", theTree=0x515bbc0, vars=..., cuts=0x514a730 "etapip_gg_rank==1", wgtVarName=0x0) at /cvmfs/belle.cern.ch/el7/externals/v02-00-03/src/root/roofit/roofitcore/src/RooDataSet.cxx:786
#16 0x00002b506f712206 in ?? ()
#17 0x0000000000000000 in ?? ()
===========================================================


 *** Break *** segmentation violation



===========================================================
There was a crash.
This is the entire stack trace of all threads:
===========================================================
#0  0x00002b5050ef460c in waitpid () from /lib64/libc.so.6
#1  0x00002b5050e71f62 in do_system () from /lib64/libc.so.6
#2  0x00002b50514f184c in TUnixSystem::Exec (shellcmd=<optimized out>, this=0x8a1570) at /cvmfs/belle.cern.ch/el7/externals/v02-00-03/src/root/core/unix/src/TUnixSystem.cxx:2120
#3  TUnixSystem::StackTrace (this=0x8a1570) at /cvmfs/belle.cern.ch/el7/externals/v02-00-03/src/root/core/unix/src/TUnixSystem.cxx:2411
#4  0x00002b50541b7c53 in (anonymous namespace)::do_trace (sig=1) at /cvmfs/belle.cern.ch/el7/externals/v02-00-03/src/root/bindings/pyroot/cppyy/cppyy-backend/clingwrapper/src/clingwrapper.cxx:182
#5  (anonymous namespace)::TExceptionHandlerImp::HandleException (this=<optimized out>, sig=1) at /cvmfs/belle.cern.ch/el7/externals/v02-00-03/src/root/bindings/pyroot/cppyy/cppyy-backend/clingwrapper/src/clingwrapper.cxx:201
#6  0x00002b50514eecd1 in TUnixSystem::DispatchSignals (this=0x8a1570, sig=kSigSegmentationViolation) at /cvmfs/belle.cern.ch/el7/externals/v02-00-03/src/root/core/unix/src/TUnixSystem.cxx:3644
#7  <signal handler called>
#8  0x00002b5052577b10 in TBranch::Init (this=0x5986410, name=0x7ffec5b463b9 "Dp_M", leaflist=0x7ffec5b466a9 "Dp_M/D", compress=<optimized out>) at /cvmfs/belle.cern.ch/el7/externals/v02-00-03/src/root/tree/tree/src/TBranch.cxx:431
#9  0x00002b50525782bc in TBranch::TBranch (this=this
entry=0x5986410, tree=tree
entry=0x5532de0, name=name
entry=0x7ffec5b463b9 "Dp_M", address=address
entry=0x5535df0, leaflist=leaflist
entry=0x7ffec5b466a9 "Dp_M/D", basketsize=basketsize
entry=10485760, compress=-1) at /cvmfs/belle.cern.ch/el7/externals/v02-00-03/src/root/tree/tree/src/TBranch.cxx:243
#10 0x00002b50525efe2c in TTree::Branch (this=0x5532de0, name=0x7ffec5b463b9 "Dp_M", address=0x5535df0, leaflist=0x7ffec5b466a9 "Dp_M/D", bufsize=10485760) at /cvmfs/belle.cern.ch/el7/externals/v02-00-03/src/root/tree/tree/src/TTree.cxx:1969
#11 0x00002b506bd3ee6a in RooAbsReal::attachToTree (this=this
entry=0x5535b50, t=..., bufSize=bufSize
entry=10485760) at /cvmfs/belle.cern.ch/el7/externals/v02-00-03/src/root/roofit/roofitcore/src/RooAbsReal.cxx:3346
#12 0x00002b506beda236 in RooRealVar::attachToTree (this=0x5535b50, t=..., bufSize=10485760) at /cvmfs/belle.cern.ch/el7/externals/v02-00-03/src/root/roofit/roofitcore/src/RooRealVar.cxx:1105
#13 0x00002b506bf163bb in RooTreeDataStore::loadValues (this=0x540ef90, t=0x515bbc0, select=0x7ffec5b46c70) at /cvmfs/belle.cern.ch/el7/externals/v02-00-03/src/root/roofit/roofitcore/src/RooTreeDataStore.cxx:478
#14 0x00002b506bf19d47 in RooTreeDataStore::RooTreeDataStore (this=this
entry=0x540ef90, name=name
entry=0x513d278 "data", title=0x7ffec5b46bf0 "\030\004lQP+", title
entry=0x5147208 "", vars=..., t=..., selExpr=selExpr
entry=0x514a730 "etapip_gg_rank==1", wgtVarName=0x0) at /cvmfs/belle.cern.ch/el7/externals/v02-00-03/src/root/roofit/roofitcore/src/RooTreeDataStore.cxx:169
#15 0x00002b506bdcb238 in RooDataSet::RooDataSet (this=0x5456fa0, name=0x513d278 "data", title=0x5147208 "", theTree=0x515bbc0, vars=..., cuts=0x514a730 "etapip_gg_rank==1", wgtVarName=0x0) at /cvmfs/belle.cern.ch/el7/externals/v02-00-03/src/root/roofit/roofitcore/src/RooDataSet.cxx:786
#16 0x00002b506f712206 in ?? ()
#17 0x0000000000000000 in ?? ()
===========================================================


The lines below might hint at the cause of the crash.
You may get help by asking at the ROOT forum https://root.cern.ch/forum
Only if you are really convinced it is a bug in ROOT then please submit a
report at https://root.cern.ch/bugs Please post the ENTIRE stack trace
from above as an attachment in addition to anything else
that might help us fixing this issue.
===========================================================
#8  0x00002b5052577b10 in TBranch::Init (this=0x5986410, name=0x7ffec5b463b9 "Dp_M", leaflist=0x7ffec5b466a9 "Dp_M/D", compress=<optimized out>) at /cvmfs/belle.cern.ch/el7/externals/v02-00-03/src/root/tree/tree/src/TBranch.cxx:431
#9  0x00002b50525782bc in TBranch::TBranch (this=this
entry=0x5986410, tree=tree
entry=0x5532de0, name=name
entry=0x7ffec5b463b9 "Dp_M", address=address
entry=0x5535df0, leaflist=leaflist
entry=0x7ffec5b466a9 "Dp_M/D", basketsize=basketsize
entry=10485760, compress=-1) at /cvmfs/belle.cern.ch/el7/externals/v02-00-03/src/root/tree/tree/src/TBranch.cxx:243
#10 0x00002b50525efe2c in TTree::Branch (this=0x5532de0, name=0x7ffec5b463b9 "Dp_M", address=0x5535df0, leaflist=0x7ffec5b466a9 "Dp_M/D", bufsize=10485760) at /cvmfs/belle.cern.ch/el7/externals/v02-00-03/src/root/tree/tree/src/TTree.cxx:1969
#11 0x00002b506bd3ee6a in RooAbsReal::attachToTree (this=this
entry=0x5535b50, t=..., bufSize=bufSize
entry=10485760) at /cvmfs/belle.cern.ch/el7/externals/v02-00-03/src/root/roofit/roofitcore/src/RooAbsReal.cxx:3346
#12 0x00002b506beda236 in RooRealVar::attachToTree (this=0x5535b50, t=..., bufSize=10485760) at /cvmfs/belle.cern.ch/el7/externals/v02-00-03/src/root/roofit/roofitcore/src/RooRealVar.cxx:1105
#13 0x00002b506bf163bb in RooTreeDataStore::loadValues (this=0x540ef90, t=0x515bbc0, select=0x7ffec5b46c70) at /cvmfs/belle.cern.ch/el7/externals/v02-00-03/src/root/roofit/roofitcore/src/RooTreeDataStore.cxx:478
#14 0x00002b506bf19d47 in RooTreeDataStore::RooTreeDataStore (this=this
entry=0x540ef90, name=name
entry=0x513d278 "data", title=0x7ffec5b46bf0 "030004lQP+", title
entry=0x5147208 "", vars=..., t=..., selExpr=selExpr
entry=0x514a730 "etapip_gg_rank==1", wgtVarName=0x0) at /cvmfs/belle.cern.ch/el7/externals/v02-00-03/src/root/roofit/roofitcore/src/RooTreeDataStore.cxx:169
#15 0x00002b506bdcb238 in RooDataSet::RooDataSet (this=0x5456fa0, name=0x513d278 "data", title=0x5147208 "", theTree=0x515bbc0, vars=..., cuts=0x514a730 "etapip_gg_rank==1", wgtVarName=0x0) at /cvmfs/belle.cern.ch/el7/externals/v02-00-03/src/root/roofit/roofitcore/src/RooDataSet.cxx:786
#16 0x00002b506f712206 in ?? ()
#17 0x0000000000000000 in ?? ()
===========================================================


Info in <TMinuitMinimizer::Minimize>: Finished to run MIGRAD - status 4
Info in <TMinuitMinimizer::Minimize>: Finished to run MIGRAD - status 4
Error in <TGClient::TGClient>: can't open display "ccw07:57.0", switching to batch mode...
 In case you run from a remote ssh session, reconnect with ssh -Y
Error in <TFile::TFile>: file /home/belle2/jaeyoung/storage_b2/storage/reduced_ntuples/MC15ri/etapip_eteeta/MC15ri_etaetapip_tight_v2_240708_Kp_BCS_etapi0const_ccbar.root does not exist
Error in <TFile::TFile>: file /home/belle2/jaeyoung/storage_b2/storage/reduced_ntuples/MC15ri/etapip_eteeta/MC15ri_etaetapip_tight_v2_240708_Kp_BCS_etapi0const_uubar.root does not exist
Error in <TFile::TFile>: file /home/belle2/jaeyoung/storage_b2/storage/reduced_ntuples/MC15ri/etapip_eteeta/MC15ri_etaetapip_tight_v2_240708_Kp_BCS_etapi0const_uubar.root does not exist
Error in <TFile::TFile>: file /home/belle2/jaeyoung/storage_b2/storage/reduced_ntuples/MC15ri/etapip_eteeta/MC15ri_etaetapip_tight_v2_240708_Kp_BCS_etapi0const_ssbar.root does not exist
Error in <TFile::TFile>: file /home/belle2/jaeyoung/storage_b2/storage/reduced_ntuples/MC15ri/etapip_eteeta/MC15ri_etaetapip_tight_v2_240708_Kp_BCS_etapi0const_charged.root does not exist
Error in <TFile::TFile>: file /home/belle2/jaeyoung/storage_b2/storage/reduced_ntuples/MC15ri/etapip_eteeta/MC15ri_etaetapip_tight_v2_240708_Kp_BCS_etapi0const_mixed.root does not exist
Error in <TFile::TFile>: file /home/belle2/jaeyoung/storage_b2/storage/reduced_ntuples/MC15ri/etapip_eteeta/MC15ri_etaetapip_tight_v2_240708_Kp_BCS_etapi0const_taupair.root does not exist
Error in <TFile::TFile>: file /home/belle2/jaeyoung/storage_b2/storage/reduced_ntuples/MC15ri/etapip_eteeta/MC15ri_etaetapip_tight_v2_240708_Kp_BCS_etapi0const_ccbar.root does not exist
Error in <TFile::TFile>: file /home/belle2/jaeyoung/storage_b2/storage/reduced_ntuples/MC15ri/etapip_eteeta/MC15ri_etaetapip_tight_v2_240708_Kp_BCS_etapi0const_ccbar.root does not exist
Error in <TFile::TFile>: file /home/belle2/jaeyoung/storage_b2/storage/reduced_ntuples/MC15ri/etapip_eteeta/MC15ri_etaetapip_tight_v2_240708_Kp_BCS_etapi0const_ccbar.root does not exist
Error in <TFile::TFile>: file /home/belle2/jaeyoung/storage_b2/storage/reduced_ntuples/MC15ri/etapip_eteeta/MC15ri_etaetapip_tight_v2_240708_Kp_BCS_etapi0const_ccbar.root does not exist
 *** Break *** segmentation violation



===========================================================
There was a crash.
This is the entire stack trace of all threads:
===========================================================
#0  0x00002ab8f7ee360c in waitpid () from /lib64/libc.so.6
#1  0x00002ab8f7e60f62 in do_system () from /lib64/libc.so.6
#2  0x00002ab8f84e084c in TUnixSystem::Exec (shellcmd=<optimized out>, this=0x62a570) at /cvmfs/belle.cern.ch/el7/externals/v02-00-03/src/root/core/unix/src/TUnixSystem.cxx:2120
#3  TUnixSystem::StackTrace (this=0x62a570) at /cvmfs/belle.cern.ch/el7/externals/v02-00-03/src/root/core/unix/src/TUnixSystem.cxx:2411
#4  0x00002ab8fb1a6dd3 in (anonymous namespace)::do_trace (sig=1) at /cvmfs/belle.cern.ch/el7/externals/v02-00-03/src/root/bindings/pyroot/cppyy/cppyy-backend/clingwrapper/src/clingwrapper.cxx:182
#5  (anonymous namespace)::TExceptionHandlerImp::HandleException (this=<optimized out>, sig=1) at /cvmfs/belle.cern.ch/el7/externals/v02-00-03/src/root/bindings/pyroot/cppyy/cppyy-backend/clingwrapper/src/clingwrapper.cxx:195
#6  0x00002ab8f84ddcd1 in TUnixSystem::DispatchSignals (this=0x62a570, sig=kSigSegmentationViolation) at /cvmfs/belle.cern.ch/el7/externals/v02-00-03/src/root/core/unix/src/TUnixSystem.cxx:3644
#7  <signal handler called>
#8  0x00002ab8f9566b10 in TBranch::Init (this=0x50b36b0, name=0x7ffcfc61b209 "Dp_M", leaflist=0x7ffcfc61b4f9 "Dp_M/D", compress=<optimized out>) at /cvmfs/belle.cern.ch/el7/externals/v02-00-03/src/root/tree/tree/src/TBranch.cxx:431
#9  0x00002ab8f95672bc in TBranch::TBranch (this=this
entry=0x50b36b0, tree=tree
entry=0x53b5550, name=name
entry=0x7ffcfc61b209 "Dp_M", address=address
entry=0x57d8510, leaflist=leaflist
entry=0x7ffcfc61b4f9 "Dp_M/D", basketsize=basketsize
entry=10485760, compress=-1) at /cvmfs/belle.cern.ch/el7/externals/v02-00-03/src/root/tree/tree/src/TBranch.cxx:243
#10 0x00002ab8f95dee2c in TTree::Branch (this=0x53b5550, name=0x7ffcfc61b209 "Dp_M", address=0x57d8510, leaflist=0x7ffcfc61b4f9 "Dp_M/D", bufsize=10485760) at /cvmfs/belle.cern.ch/el7/externals/v02-00-03/src/root/tree/tree/src/TTree.cxx:1969
#11 0x00002ab914626e6a in RooAbsReal::attachToTree (this=this
entry=0x57d8270, t=..., bufSize=bufSize
entry=10485760) at /cvmfs/belle.cern.ch/el7/externals/v02-00-03/src/root/roofit/roofitcore/src/RooAbsReal.cxx:3346
#12 0x00002ab9147c2236 in RooRealVar::attachToTree (this=0x57d8270, t=..., bufSize=10485760) at /cvmfs/belle.cern.ch/el7/externals/v02-00-03/src/root/roofit/roofitcore/src/RooRealVar.cxx:1105
#13 0x00002ab9147fe3bb in RooTreeDataStore::loadValues (this=0x508dd40, t=0x4fd8100, select=0x7ffcfc61bac0) at /cvmfs/belle.cern.ch/el7/externals/v02-00-03/src/root/roofit/roofitcore/src/RooTreeDataStore.cxx:478
#14 0x00002ab914801d47 in RooTreeDataStore::RooTreeDataStore (this=this
entry=0x508dd40, name=name
entry=0x5280cb8 "data", title=0x7ffcfc61ba40 "\030\364j\370\270*", title
entry=0x5280cf8 "", vars=..., t=..., selExpr=selExpr
entry=0x4fa81f0 "etapip_gg_rank==1", wgtVarName=0x0) at /cvmfs/belle.cern.ch/el7/externals/v02-00-03/src/root/roofit/roofitcore/src/RooTreeDataStore.cxx:169
#15 0x00002ab9146b3238 in RooDataSet::RooDataSet (this=0x52dacc0, name=0x5280cb8 "data", title=0x5280cf8 "", theTree=0x4fd8100, vars=..., cuts=0x4fa81f0 "etapip_gg_rank==1", wgtVarName=0x0) at /cvmfs/belle.cern.ch/el7/externals/v02-00-03/src/root/roofit/roofitcore/src/RooDataSet.cxx:786
#16 0x00002ab918071206 in ?? ()
#17 0x0000000000000000 in ?? ()
===========================================================


The lines below might hint at the cause of the crash.
You may get help by asking at the ROOT forum https://root.cern.ch/forum
Only if you are really convinced it is a bug in ROOT then please submit a
report at https://root.cern.ch/bugs Please post the ENTIRE stack trace
from above as an attachment in addition to anything else
that might help us fixing this issue.
===========================================================
#8  0x00002ab8f9566b10 in TBranch::Init (this=0x50b36b0, name=0x7ffcfc61b209 "Dp_M", leaflist=0x7ffcfc61b4f9 "Dp_M/D", compress=<optimized out>) at /cvmfs/belle.cern.ch/el7/externals/v02-00-03/src/root/tree/tree/src/TBranch.cxx:431
#9  0x00002ab8f95672bc in TBranch::TBranch (this=this
entry=0x50b36b0, tree=tree
entry=0x53b5550, name=name
entry=0x7ffcfc61b209 "Dp_M", address=address
entry=0x57d8510, leaflist=leaflist
entry=0x7ffcfc61b4f9 "Dp_M/D", basketsize=basketsize
entry=10485760, compress=-1) at /cvmfs/belle.cern.ch/el7/externals/v02-00-03/src/root/tree/tree/src/TBranch.cxx:243
#10 0x00002ab8f95dee2c in TTree::Branch (this=0x53b5550, name=0x7ffcfc61b209 "Dp_M", address=0x57d8510, leaflist=0x7ffcfc61b4f9 "Dp_M/D", bufsize=10485760) at /cvmfs/belle.cern.ch/el7/externals/v02-00-03/src/root/tree/tree/src/TTree.cxx:1969
#11 0x00002ab914626e6a in RooAbsReal::attachToTree (this=this
entry=0x57d8270, t=..., bufSize=bufSize
entry=10485760) at /cvmfs/belle.cern.ch/el7/externals/v02-00-03/src/root/roofit/roofitcore/src/RooAbsReal.cxx:3346
#12 0x00002ab9147c2236 in RooRealVar::attachToTree (this=0x57d8270, t=..., bufSize=10485760) at /cvmfs/belle.cern.ch/el7/externals/v02-00-03/src/root/roofit/roofitcore/src/RooRealVar.cxx:1105
#13 0x00002ab9147fe3bb in RooTreeDataStore::loadValues (this=0x508dd40, t=0x4fd8100, select=0x7ffcfc61bac0) at /cvmfs/belle.cern.ch/el7/externals/v02-00-03/src/root/roofit/roofitcore/src/RooTreeDataStore.cxx:478
#14 0x00002ab914801d47 in RooTreeDataStore::RooTreeDataStore (this=this
entry=0x508dd40, name=name
entry=0x5280cb8 "data", title=0x7ffcfc61ba40 "030364j370270*", title
entry=0x5280cf8 "", vars=..., t=..., selExpr=selExpr
entry=0x4fa81f0 "etapip_gg_rank==1", wgtVarName=0x0) at /cvmfs/belle.cern.ch/el7/externals/v02-00-03/src/root/roofit/roofitcore/src/RooTreeDataStore.cxx:169
#15 0x00002ab9146b3238 in RooDataSet::RooDataSet (this=0x52dacc0, name=0x5280cb8 "data", title=0x5280cf8 "", theTree=0x4fd8100, vars=..., cuts=0x4fa81f0 "etapip_gg_rank==1", wgtVarName=0x0) at /cvmfs/belle.cern.ch/el7/externals/v02-00-03/src/root/roofit/roofitcore/src/RooDataSet.cxx:786
#16 0x00002ab918071206 in ?? ()
#17 0x0000000000000000 in ?? ()
===========================================================


Error in <TFile::TFile>: file /home/belle2/jaeyoung/storage_b2/storage/reduced_ntuples/MC15ri/etapip_eteeta/MC15ri_etaetapip_tight_v2_240708_Kp_BCS_etapi0const_ccbar.root does not exist
Error in <TFile::TFile>: file /home/belle2/jaeyoung/storage_b2/storage/reduced_ntuples/MC15ri/etapip_eteeta/MC15ri_etaetapip_tight_v2_240708_Kp_BCS_etapi0const_uubar.root does not exist
Error in <TFile::TFile>: file /home/belle2/jaeyoung/storage_b2/storage/reduced_ntuples/MC15ri/etapip_eteeta/MC15ri_etaetapip_tight_v2_240708_Kp_BCS_etapi0const_uubar.root does not exist
Error in <TFile::TFile>: file /home/belle2/jaeyoung/storage_b2/storage/reduced_ntuples/MC15ri/etapip_eteeta/MC15ri_etaetapip_tight_v2_240708_Kp_BCS_etapi0const_ssbar.root does not exist
Error in <TFile::TFile>: file /home/belle2/jaeyoung/storage_b2/storage/reduced_ntuples/MC15ri/etapip_eteeta/MC15ri_etaetapip_tight_v2_240708_Kp_BCS_etapi0const_charged.root does not exist
Error in <TFile::TFile>: file /home/belle2/jaeyoung/storage_b2/storage/reduced_ntuples/MC15ri/etapip_eteeta/MC15ri_etaetapip_tight_v2_240708_Kp_BCS_etapi0const_mixed.root does not exist
Error in <TFile::TFile>: file /home/belle2/jaeyoung/storage_b2/storage/reduced_ntuples/MC15ri/etapip_eteeta/MC15ri_etaetapip_tight_v2_240708_Kp_BCS_etapi0const_taupair.root does not exist
Error in <TFile::TFile>: file /home/belle2/jaeyoung/storage_b2/storage/reduced_ntuples/MC15ri/etapip_eteeta/MC15ri_etaetapip_tight_v2_240708_Kp_BCS_etapi0const_ccbar.root does not exist
Error in <TFile::TFile>: file /home/belle2/jaeyoung/storage_b2/storage/reduced_ntuples/MC15ri/etapip_eteeta/MC15ri_etaetapip_tight_v2_240708_Kp_BCS_etapi0const_ccbar.root does not exist
Error in <TFile::TFile>: file /home/belle2/jaeyoung/storage_b2/storage/reduced_ntuples/MC15ri/etapip_eteeta/MC15ri_etaetapip_tight_v2_240708_Kp_BCS_etapi0const_ccbar.root does not exist
Error in <TFile::TFile>: file /home/belle2/jaeyoung/storage_b2/storage/reduced_ntuples/MC15ri/etapip_eteeta/MC15ri_etaetapip_tight_v2_240708_Kp_BCS_etapi0const_ccbar.root does not exist
Error in <TFile::TFile>: file /home/belle2/jaeyoung/storage_b2/storage/reduced_ntuples/MC15ri/etapip_eteeta/MC15ri_etaetapip_tight_v2_240708_Kp_BCS_etapi0const_ccbar.root does not exist
Error in <TFile::TFile>: file /home/belle2/jaeyoung/storage_b2/storage/reduced_ntuples/MC15ri/etapip_eteeta/MC15ri_etaetapip_tight_v2_240708_Kp_BCS_etapi0const_ccbar.root does not exist
Error in <TFile::TFile>: file /home/belle2/jaeyoung/storage_b2/storage/reduced_ntuples/MC15ri/etapip_eteeta/MC15ri_etaetapip_tight_v2_240708_Kp_BCS_etapi0const_ccbar.root does not exist
Error in <TFile::TFile>: file /home/belle2/jaeyoung/storage_b2/storage/reduced_ntuples/MC15ri/etapip_eteeta/MC15ri_etaetapip_tight_v2_240708_Kp_BCS_etapi0const_ccbar.root does not exist
Error in <TFile::TFile>: file /home/belle2/jaeyoung/storage_b2/storage/reduced_ntuples/MC15ri/etapip_eteeta/MC15ri_etaetapip_tight_v2_240708_Kp_BCS_etapi0const_ccbar.root does not exist
Error in <TFile::TFile>: file /home/belle2/jaeyoung/storage_b2/storage/reduced_ntuples/MC15ri/etapip_eteeta/MC15ri_etaetapip_tight_v2_240708_Kp_BCS_etapi0const_ccbar.root does not exist
Error in <TFile::TFile>: file /home/belle2/jaeyoung/storage_b2/storage/reduced_ntuples/MC15ri/etapip_eteeta/MC15ri_etaetapip_tight_v2_240708_Kp_BCS_etapi0const_ccbar.root does not exist
Error in <TFile::TFile>: file /home/belle2/jaeyoung/storage_b2/storage/reduced_ntuples/MC15ri/etapip_eteeta/MC15ri_etaetapip_tight_v2_240708_Kp_BCS_etapi0const_ccbar.root does not exist
Error in <TFile::TFile>: file /home/belle2/jaeyoung/storage_b2/storage/reduced_ntuples/MC15ri/etapip_eteeta/MC15ri_etaetapip_tight_v2_240708_Kp_BCS_etapi0const_ccbar.root does not exist
Error in <TFile::TFile>: file /home/belle2/jaeyoung/storage_b2/storage/reduced_ntuples/MC15ri/etapip_eteeta/MC15ri_etaetapip_tight_v2_240708_Kp_BCS_etapi0const_ccbar.root does not exist
Error in <TFile::TFile>: file /home/belle2/jaeyoung/storage_b2/storage/reduced_ntuples/MC15ri/etapip_eteeta/MC15ri_etaetapip_tight_v2_240708_Kp_BCS_etapi0const_ccbar.root does not exist
Error in <TFile::TFile>: file /home/belle2/jaeyoung/storage_b2/storage/reduced_ntuples/MC15ri/etapip_eteeta/MC15ri_etaetapip_tight_v2_240708_Kp_BCS_etapi0const_ccbar.root does not exist
Error in <TFile::TFile>: file /home/belle2/jaeyoung/storage_b2/storage/reduced_ntuples/MC15ri/etapip_eteeta/MC15ri_etaetapip_tight_v2_240708_Kp_BCS_etapi0const_ccbar.root does not exist
Error in <TFile::TFile>: file /home/belle2/jaeyoung/storage_b2/storage/reduced_ntuples/MC15ri/etapip_eteeta/MC15ri_etaetapip_tight_v2_240708_Kp_BCS_etapi0const_ccbar.root does not exist
Error in <TFile::TFile>: file /home/belle2/jaeyoung/storage_b2/storage/reduced_ntuples/MC15ri/etapip_eteeta/MC15ri_etaetapip_tight_v2_240708_Kp_BCS_etapi0const_ccbar.root does not exist
Error in <TFile::TFile>: file /home/belle2/jaeyoung/storage_b2/storage/reduced_ntuples/MC15ri/etapip_eteeta/MC15ri_etaetapip_tight_v2_240708_Kp_BCS_etapi0const_ccbar.root does not exist
Error in <TFile::TFile>: file /home/belle2/jaeyoung/storage_b2/storage/reduced_ntuples/MC15ri/etapip_eteeta/MC15ri_etaetapip_tight_v2_240708_Kp_BCS_etapi0const_ccbar.root does not exist
Error in <TFile::TFile>: file /home/belle2/jaeyoung/storage_b2/storage/reduced_ntuples/MC15ri/etapip_eteeta/MC15ri_etaetapip_tight_v2_240708_Kp_BCS_etapi0const_ccbar.root does not exist
Error in <TFile::TFile>: file /home/belle2/jaeyoung/storage_b2/storage/reduced_ntuples/MC15ri/etapip_eteeta/MC15ri_etaetapip_tight_v2_240708_Kp_BCS_etapi0const_ccbar.root does not exist
Traceback (most recent call last):
  File "/gpfs/home/belle2/jaeyoung/workspace/DRAW_and_FITTING/main/FITTING/etapip/MC15ri_generic/tight_v2_fit_v6/ToyMC/etapip_gg_fit_v6_toymc_100.py", line 88, in <module>
    before_data = ROOT.RooDataSet("data","", mychain, ROOT.RooArgSet(x,chiProb_rank,Pip_charge), cuts)
TypeError: none of the 8 overloaded methods succeeded. Full details:
  RooDataSet::RooDataSet(const char* name, const char* title, TTree* tree, const RooArgSet& vars, const RooFormulaVar& cutVar, const char* wgtVarName = 0) =>
    TypeError: could not convert argument 5
  RooDataSet::RooDataSet(const char* name, const char* title, RooDataSet* data, const RooArgSet& vars, const RooFormulaVar& cutVar, const char* wgtVarName = 0) =>
    TypeError: could not convert argument 3
  RooDataSet::RooDataSet(const char* name, const char* title, TTree* tree, const RooArgSet& vars, const char* cuts = 0, const char* wgtVarName = 0) =>
    SegmentationViolation: segfault in C++; program state was reset
  RooDataSet::RooDataSet(const char* name, const char* title, const RooArgSet& vars, const RooCmdArg& arg1, const RooCmdArg& arg2 = RooCmdArg(), const RooCmdArg& arg3 = RooCmdArg(), const RooCmdArg& arg4 = RooCmdArg(), const RooCmdArg& arg5 = RooCmdArg(), const RooCmdArg& arg6 = RooCmdArg(), const RooCmdArg& arg7 = RooCmdArg(), const RooCmdArg& arg8 = RooCmdArg()) =>
    TypeError: could not convert argument 3
  RooDataSet::RooDataSet(const char* name, const char* title, RooDataSet* data, const RooArgSet& vars, const char* cuts = 0, const char* wgtVarName = 0) =>
    TypeError: could not convert argument 3
  RooDataSet::RooDataSet(const RooDataSet& other, const char* newname = 0) =>
    TypeError: takes at most 2 arguments (5 given)
  RooDataSet::RooDataSet() =>
    TypeError: takes at most 0 arguments (5 given)
  RooDataSet::RooDataSet(const char* name, const char* title, const RooArgSet& vars, const char* wgtVarName = 0) =>
    TypeError: takes at most 4 arguments (5 given)
Error in <TGClient::TGClient>: can't open display "ccw07:57.0", switching to batch mode...
 In case you run from a remote ssh session, reconnect with ssh -Y
Info in <TMinuitMinimizer::Minimize>: Finished to run MIGRAD - status 4
Info in <TMinuitMinimizer::Minimize>: Finished to run MIGRAD - status 4
