Sender: LSF System <lsfadmin@ccb099>
Subject: Job 26252903: <bash -c "basf2 etapip_gg_fit_v6_toymc_100.py 75 > /home/belle2/jaeyoung/storage_ghi/Ntuples_ghi_2/MC15ri_generic/MC15ri_etaetapip_tight_v2_240419_Kp_BCS_etapi0const/bsub_log//MC15ri_etapip_gg_fitv6_toyMC_100_75.log"> in cluster <centralcluster> Exited

Job <bash -c "basf2 etapip_gg_fit_v6_toymc_100.py 75 > /home/belle2/jaeyoung/storage_ghi/Ntuples_ghi_2/MC15ri_generic/MC15ri_etaetapip_tight_v2_240419_Kp_BCS_etapi0const/bsub_log//MC15ri_etapip_gg_fitv6_toyMC_100_75.log"> was submitted from host <ccw03> by user <jaeyoung> in cluster <centralcluster> at Thu Jun 13 23:19:56 2024
Job was executed on host(s) <ccb099>, in queue <h>, as user <jaeyoung> in cluster <centralcluster> at Thu Jun 13 23:19:57 2024
</home/belle2/jaeyoung> was used as the home directory.
</home/belle2/jaeyoung/workspace/DRAW_and_FITTING/main/FITTING/etapip/MC15ri_generic/tight_v2_fit_v6/ToyMC> was used as the working directory.
Started at Thu Jun 13 23:19:57 2024
Terminated at Thu Jun 13 23:21:37 2024
Results reported at Thu Jun 13 23:21:37 2024

Your job looked like:

------------------------------------------------------------
# LSBATCH: User input
bash -c "basf2 etapip_gg_fit_v6_toymc_100.py 75 > /home/belle2/jaeyoung/storage_ghi/Ntuples_ghi_2/MC15ri_generic/MC15ri_etaetapip_tight_v2_240419_Kp_BCS_etapi0const/bsub_log//MC15ri_etapip_gg_fitv6_toyMC_100_75.log"
------------------------------------------------------------

TERM_PROCESSLIMIT: job killed after reaching LSF process limit.
Exited with exit code 130.

Resource usage summary:

    CPU time :                                   96.00 sec.
    Max Memory :                                 384 MB
    Average Memory :                             212.62 MB
    Total Requested Memory :                     4000.00 MB
    Delta Memory :                               3616.00 MB
    Max Swap :                                   -
    Max Processes :                              34
    Max Threads :                                35
    Run time :                                   104 sec.
    Turnaround time :                            101 sec.

The output (if any) follows:



PS:

Read file <75.err> for stderr output of this job.

Sender: LSF System <lsfadmin@ccb054>
Subject: Job 26269946: <bash -c "basf2 etapip_gg_fit_v6_toymc_100.py 75 > /home/belle2/jaeyoung/storage_ghi/Ntuples_ghi_2/MC15ri_generic/MC15ri_etaetapip_tight_v2_240419_Kp_BCS_etapi0const/bsub_log//MC15ri_etapip_gg_fitv6_toyMC_100_75.log"> in cluster <centralcluster> Exited

Job <bash -c "basf2 etapip_gg_fit_v6_toymc_100.py 75 > /home/belle2/jaeyoung/storage_ghi/Ntuples_ghi_2/MC15ri_generic/MC15ri_etaetapip_tight_v2_240419_Kp_BCS_etapi0const/bsub_log//MC15ri_etapip_gg_fitv6_toyMC_100_75.log"> was submitted from host <ccw03> by user <jaeyoung> in cluster <centralcluster> at Thu Jun 13 23:35:17 2024
Job was executed on host(s) <ccb054>, in queue <h>, as user <jaeyoung> in cluster <centralcluster> at Thu Jun 13 23:35:18 2024
</home/belle2/jaeyoung> was used as the home directory.
</home/belle2/jaeyoung/workspace/DRAW_and_FITTING/main/FITTING/etapip/MC15ri_generic/tight_v2_fit_v6/ToyMC> was used as the working directory.
Started at Thu Jun 13 23:35:18 2024
Terminated at Thu Jun 13 23:36:55 2024
Results reported at Thu Jun 13 23:36:55 2024

Your job looked like:

------------------------------------------------------------
# LSBATCH: User input
bash -c "basf2 etapip_gg_fit_v6_toymc_100.py 75 > /home/belle2/jaeyoung/storage_ghi/Ntuples_ghi_2/MC15ri_generic/MC15ri_etaetapip_tight_v2_240419_Kp_BCS_etapi0const/bsub_log//MC15ri_etapip_gg_fitv6_toyMC_100_75.log"
------------------------------------------------------------

TERM_PROCESSLIMIT: job killed after reaching LSF process limit.
Exited with exit code 143.

Resource usage summary:

    CPU time :                                   95.00 sec.
    Max Memory :                                 319 MB
    Average Memory :                             231.81 MB
    Total Requested Memory :                     4000.00 MB
    Delta Memory :                               3681.00 MB
    Max Swap :                                   -
    Max Processes :                              24
    Max Threads :                                25
    Run time :                                   97 sec.
    Turnaround time :                            98 sec.

The output (if any) follows:



PS:

Read file <75.err> for stderr output of this job.

Sender: LSF System <lsfadmin@ccb018>
Subject: Job 26275438: <bash -c "basf2 etapip_gg_fit_v6_toymc_100.py 75 > /home/belle2/jaeyoung/storage_ghi/Ntuples_ghi_2/MC15ri_generic/MC15ri_etaetapip_tight_v2_240419_Kp_BCS_etapi0const/bsub_log//MC15ri_etapip_gg_fitv6_toyMC_100_75.log"> in cluster <centralcluster> Done

Job <bash -c "basf2 etapip_gg_fit_v6_toymc_100.py 75 > /home/belle2/jaeyoung/storage_ghi/Ntuples_ghi_2/MC15ri_generic/MC15ri_etaetapip_tight_v2_240419_Kp_BCS_etapi0const/bsub_log//MC15ri_etapip_gg_fitv6_toyMC_100_75.log"> was submitted from host <ccw03> by user <jaeyoung> in cluster <centralcluster> at Thu Jun 13 23:45:24 2024
Job was executed on host(s) <ccb018>, in queue <h>, as user <jaeyoung> in cluster <centralcluster> at Thu Jun 13 23:45:24 2024
</home/belle2/jaeyoung> was used as the home directory.
</home/belle2/jaeyoung/workspace/DRAW_and_FITTING/main/FITTING/etapip/MC15ri_generic/tight_v2_fit_v6/ToyMC> was used as the working directory.
Started at Thu Jun 13 23:45:24 2024
Terminated at Fri Jun 14 00:03:02 2024
Results reported at Fri Jun 14 00:03:02 2024

Your job looked like:

------------------------------------------------------------
# LSBATCH: User input
bash -c "basf2 etapip_gg_fit_v6_toymc_100.py 75 > /home/belle2/jaeyoung/storage_ghi/Ntuples_ghi_2/MC15ri_generic/MC15ri_etaetapip_tight_v2_240419_Kp_BCS_etapi0const/bsub_log//MC15ri_etapip_gg_fitv6_toyMC_100_75.log"
------------------------------------------------------------

Successfully completed.

Resource usage summary:

    CPU time :                                   1055.43 sec.
    Max Memory :                                 297 MB
    Average Memory :                             271.08 MB
    Total Requested Memory :                     4000.00 MB
    Delta Memory :                               3703.00 MB
    Max Swap :                                   -
    Max Processes :                              19
    Max Threads :                                20
    Run time :                                   1058 sec.
    Turnaround time :                            1058 sec.

The output (if any) follows:



PS:

Read file <75.err> for stderr output of this job.

Sender: LSF System <lsfadmin@ccb145>
Subject: Job 26297207: <bash -c "basf2 etapip_gg_fit_v6_toymc_100.py 75 > /home/belle2/jaeyoung/storage_ghi/Ntuples_ghi_2/MC15ri_generic/MC15ri_etaetapip_tight_v2_240419_Kp_BCS_etapi0const/bsub_log//MC15ri_etapip_gg_fitv6_toyMC_100_75.log"> in cluster <centralcluster> Done

Job <bash -c "basf2 etapip_gg_fit_v6_toymc_100.py 75 > /home/belle2/jaeyoung/storage_ghi/Ntuples_ghi_2/MC15ri_generic/MC15ri_etaetapip_tight_v2_240419_Kp_BCS_etapi0const/bsub_log//MC15ri_etapip_gg_fitv6_toyMC_100_75.log"> was submitted from host <ccw03> by user <jaeyoung> in cluster <centralcluster> at Fri Jun 14 00:19:21 2024
Job was executed on host(s) <ccb145>, in queue <h>, as user <jaeyoung> in cluster <centralcluster> at Fri Jun 14 00:19:22 2024
</home/belle2/jaeyoung> was used as the home directory.
</home/belle2/jaeyoung/workspace/DRAW_and_FITTING/main/FITTING/etapip/MC15ri_generic/tight_v2_fit_v6/ToyMC> was used as the working directory.
Started at Fri Jun 14 00:19:22 2024
Terminated at Fri Jun 14 02:10:53 2024
Results reported at Fri Jun 14 02:10:53 2024

Your job looked like:

------------------------------------------------------------
# LSBATCH: User input
bash -c "basf2 etapip_gg_fit_v6_toymc_100.py 75 > /home/belle2/jaeyoung/storage_ghi/Ntuples_ghi_2/MC15ri_generic/MC15ri_etaetapip_tight_v2_240419_Kp_BCS_etapi0const/bsub_log//MC15ri_etapip_gg_fitv6_toyMC_100_75.log"
------------------------------------------------------------

Successfully completed.

Resource usage summary:

    CPU time :                                   6272.42 sec.
    Max Memory :                                 1335 MB
    Average Memory :                             653.24 MB
    Total Requested Memory :                     4000.00 MB
    Delta Memory :                               2665.00 MB
    Max Swap :                                   -
    Max Processes :                              19
    Max Threads :                                20
    Run time :                                   6690 sec.
    Turnaround time :                            6692 sec.

The output (if any) follows:



PS:

Read file <75.err> for stderr output of this job.

Sender: LSF System <lsfadmin@ccb222>
Subject: Job 26431936: <bash -c "basf2 etapip_gg_fit_v6_toymc_100.py 75 > /home/belle2/jaeyoung/storage_ghi/Ntuples_ghi_2/MC15ri_generic/MC15ri_etaetapip_tight_v2_240419_Kp_BCS_etapi0const/bsub_log//MC15ri_etapip_gg_fitv6_toyMC_100_75.log"> in cluster <centralcluster> Done

Job <bash -c "basf2 etapip_gg_fit_v6_toymc_100.py 75 > /home/belle2/jaeyoung/storage_ghi/Ntuples_ghi_2/MC15ri_generic/MC15ri_etaetapip_tight_v2_240419_Kp_BCS_etapi0const/bsub_log//MC15ri_etapip_gg_fitv6_toyMC_100_75.log"> was submitted from host <ccw03> by user <jaeyoung> in cluster <centralcluster> at Fri Jun 14 02:35:40 2024
Job was executed on host(s) <ccb222>, in queue <h>, as user <jaeyoung> in cluster <centralcluster> at Fri Jun 14 02:35:41 2024
</home/belle2/jaeyoung> was used as the home directory.
</home/belle2/jaeyoung/workspace/DRAW_and_FITTING/main/FITTING/etapip/MC15ri_generic/tight_v2_fit_v6/ToyMC> was used as the working directory.
Started at Fri Jun 14 02:35:41 2024
Terminated at Fri Jun 14 04:27:20 2024
Results reported at Fri Jun 14 04:27:20 2024

Your job looked like:

------------------------------------------------------------
# LSBATCH: User input
bash -c "basf2 etapip_gg_fit_v6_toymc_100.py 75 > /home/belle2/jaeyoung/storage_ghi/Ntuples_ghi_2/MC15ri_generic/MC15ri_etaetapip_tight_v2_240419_Kp_BCS_etapi0const/bsub_log//MC15ri_etapip_gg_fitv6_toyMC_100_75.log"
------------------------------------------------------------

Successfully completed.

Resource usage summary:

    CPU time :                                   6275.93 sec.
    Max Memory :                                 1336 MB
    Average Memory :                             653.34 MB
    Total Requested Memory :                     4000.00 MB
    Delta Memory :                               2664.00 MB
    Max Swap :                                   -
    Max Processes :                              19
    Max Threads :                                20
    Run time :                                   6705 sec.
    Turnaround time :                            6700 sec.

The output (if any) follows:



PS:

Read file <75.err> for stderr output of this job.

