Sender: LSF System <lsfadmin@ccb099>
Subject: Job 26252904: <bash -c "basf2 etapip_gg_fit_v6_toymc_100.py 76 > /home/belle2/jaeyoung/storage_ghi/Ntuples_ghi_2/MC15ri_generic/MC15ri_etaetapip_tight_v2_240419_Kp_BCS_etapi0const/bsub_log//MC15ri_etapip_gg_fitv6_toyMC_100_76.log"> in cluster <centralcluster> Exited

Job <bash -c "basf2 etapip_gg_fit_v6_toymc_100.py 76 > /home/belle2/jaeyoung/storage_ghi/Ntuples_ghi_2/MC15ri_generic/MC15ri_etaetapip_tight_v2_240419_Kp_BCS_etapi0const/bsub_log//MC15ri_etapip_gg_fitv6_toyMC_100_76.log"> was submitted from host <ccw03> by user <jaeyoung> in cluster <centralcluster> at Thu Jun 13 23:19:57 2024
Job was executed on host(s) <ccb099>, in queue <h>, as user <jaeyoung> in cluster <centralcluster> at Thu Jun 13 23:19:57 2024
</home/belle2/jaeyoung> was used as the home directory.
</home/belle2/jaeyoung/workspace/DRAW_and_FITTING/main/FITTING/etapip/MC15ri_generic/tight_v2_fit_v6/ToyMC> was used as the working directory.
Started at Thu Jun 13 23:19:57 2024
Terminated at Thu Jun 13 23:21:37 2024
Results reported at Thu Jun 13 23:21:37 2024

Your job looked like:

------------------------------------------------------------
# LSBATCH: User input
bash -c "basf2 etapip_gg_fit_v6_toymc_100.py 76 > /home/belle2/jaeyoung/storage_ghi/Ntuples_ghi_2/MC15ri_generic/MC15ri_etaetapip_tight_v2_240419_Kp_BCS_etapi0const/bsub_log//MC15ri_etapip_gg_fitv6_toyMC_100_76.log"
------------------------------------------------------------

TERM_PROCESSLIMIT: job killed after reaching LSF process limit.
Exited with exit code 143.

Resource usage summary:

    CPU time :                                   96.00 sec.
    Max Memory :                                 380 MB
    Average Memory :                             259.44 MB
    Total Requested Memory :                     4000.00 MB
    Delta Memory :                               3620.00 MB
    Max Swap :                                   -
    Max Processes :                              34
    Max Threads :                                35
    Run time :                                   104 sec.
    Turnaround time :                            100 sec.

The output (if any) follows:



PS:

Read file <76.err> for stderr output of this job.

Sender: LSF System <lsfadmin@ccb172>
Subject: Job 26269947: <bash -c "basf2 etapip_gg_fit_v6_toymc_100.py 76 > /home/belle2/jaeyoung/storage_ghi/Ntuples_ghi_2/MC15ri_generic/MC15ri_etaetapip_tight_v2_240419_Kp_BCS_etapi0const/bsub_log//MC15ri_etapip_gg_fitv6_toyMC_100_76.log"> in cluster <centralcluster> Exited

Job <bash -c "basf2 etapip_gg_fit_v6_toymc_100.py 76 > /home/belle2/jaeyoung/storage_ghi/Ntuples_ghi_2/MC15ri_generic/MC15ri_etaetapip_tight_v2_240419_Kp_BCS_etapi0const/bsub_log//MC15ri_etapip_gg_fitv6_toyMC_100_76.log"> was submitted from host <ccw03> by user <jaeyoung> in cluster <centralcluster> at Thu Jun 13 23:35:18 2024
Job was executed on host(s) <ccb172>, in queue <h>, as user <jaeyoung> in cluster <centralcluster> at Thu Jun 13 23:35:19 2024
</home/belle2/jaeyoung> was used as the home directory.
</home/belle2/jaeyoung/workspace/DRAW_and_FITTING/main/FITTING/etapip/MC15ri_generic/tight_v2_fit_v6/ToyMC> was used as the working directory.
Started at Thu Jun 13 23:35:19 2024
Terminated at Thu Jun 13 23:36:56 2024
Results reported at Thu Jun 13 23:36:56 2024

Your job looked like:

------------------------------------------------------------
# LSBATCH: User input
bash -c "basf2 etapip_gg_fit_v6_toymc_100.py 76 > /home/belle2/jaeyoung/storage_ghi/Ntuples_ghi_2/MC15ri_generic/MC15ri_etaetapip_tight_v2_240419_Kp_BCS_etapi0const/bsub_log//MC15ri_etapip_gg_fitv6_toyMC_100_76.log"
------------------------------------------------------------

TERM_PROCESSLIMIT: job killed after reaching LSF process limit.
Exited with exit code 143.

Resource usage summary:

    CPU time :                                   95.00 sec.
    Max Memory :                                 319 MB
    Average Memory :                             238.56 MB
    Total Requested Memory :                     4000.00 MB
    Delta Memory :                               3681.00 MB
    Max Swap :                                   -
    Max Processes :                              24
    Max Threads :                                25
    Run time :                                   103 sec.
    Turnaround time :                            98 sec.

The output (if any) follows:



PS:

Read file <76.err> for stderr output of this job.

Sender: LSF System <lsfadmin@ccb155>
Subject: Job 26275442: <bash -c "basf2 etapip_gg_fit_v6_toymc_100.py 76 > /home/belle2/jaeyoung/storage_ghi/Ntuples_ghi_2/MC15ri_generic/MC15ri_etaetapip_tight_v2_240419_Kp_BCS_etapi0const/bsub_log//MC15ri_etapip_gg_fitv6_toyMC_100_76.log"> in cluster <centralcluster> Done

Job <bash -c "basf2 etapip_gg_fit_v6_toymc_100.py 76 > /home/belle2/jaeyoung/storage_ghi/Ntuples_ghi_2/MC15ri_generic/MC15ri_etaetapip_tight_v2_240419_Kp_BCS_etapi0const/bsub_log//MC15ri_etapip_gg_fitv6_toyMC_100_76.log"> was submitted from host <ccw03> by user <jaeyoung> in cluster <centralcluster> at Thu Jun 13 23:45:25 2024
Job was executed on host(s) <ccb155>, in queue <h>, as user <jaeyoung> in cluster <centralcluster> at Thu Jun 13 23:45:26 2024
</home/belle2/jaeyoung> was used as the home directory.
</home/belle2/jaeyoung/workspace/DRAW_and_FITTING/main/FITTING/etapip/MC15ri_generic/tight_v2_fit_v6/ToyMC> was used as the working directory.
Started at Thu Jun 13 23:45:26 2024
Terminated at Fri Jun 14 00:03:05 2024
Results reported at Fri Jun 14 00:03:05 2024

Your job looked like:

------------------------------------------------------------
# LSBATCH: User input
bash -c "basf2 etapip_gg_fit_v6_toymc_100.py 76 > /home/belle2/jaeyoung/storage_ghi/Ntuples_ghi_2/MC15ri_generic/MC15ri_etaetapip_tight_v2_240419_Kp_BCS_etapi0const/bsub_log//MC15ri_etapip_gg_fitv6_toyMC_100_76.log"
------------------------------------------------------------

Successfully completed.

Resource usage summary:

    CPU time :                                   1055.33 sec.
    Max Memory :                                 341 MB
    Average Memory :                             288.72 MB
    Total Requested Memory :                     4000.00 MB
    Delta Memory :                               3659.00 MB
    Max Swap :                                   -
    Max Processes :                              19
    Max Threads :                                20
    Run time :                                   1065 sec.
    Turnaround time :                            1060 sec.

The output (if any) follows:



PS:

Read file <76.err> for stderr output of this job.

Sender: LSF System <lsfadmin@ccb145>
Subject: Job 26297212: <bash -c "basf2 etapip_gg_fit_v6_toymc_100.py 76 > /home/belle2/jaeyoung/storage_ghi/Ntuples_ghi_2/MC15ri_generic/MC15ri_etaetapip_tight_v2_240419_Kp_BCS_etapi0const/bsub_log//MC15ri_etapip_gg_fitv6_toyMC_100_76.log"> in cluster <centralcluster> Done

Job <bash -c "basf2 etapip_gg_fit_v6_toymc_100.py 76 > /home/belle2/jaeyoung/storage_ghi/Ntuples_ghi_2/MC15ri_generic/MC15ri_etaetapip_tight_v2_240419_Kp_BCS_etapi0const/bsub_log//MC15ri_etapip_gg_fitv6_toyMC_100_76.log"> was submitted from host <ccw03> by user <jaeyoung> in cluster <centralcluster> at Fri Jun 14 00:19:22 2024
Job was executed on host(s) <ccb145>, in queue <h>, as user <jaeyoung> in cluster <centralcluster> at Fri Jun 14 00:19:23 2024
</home/belle2/jaeyoung> was used as the home directory.
</home/belle2/jaeyoung/workspace/DRAW_and_FITTING/main/FITTING/etapip/MC15ri_generic/tight_v2_fit_v6/ToyMC> was used as the working directory.
Started at Fri Jun 14 00:19:23 2024
Terminated at Fri Jun 14 02:11:35 2024
Results reported at Fri Jun 14 02:11:35 2024

Your job looked like:

------------------------------------------------------------
# LSBATCH: User input
bash -c "basf2 etapip_gg_fit_v6_toymc_100.py 76 > /home/belle2/jaeyoung/storage_ghi/Ntuples_ghi_2/MC15ri_generic/MC15ri_etaetapip_tight_v2_240419_Kp_BCS_etapi0const/bsub_log//MC15ri_etapip_gg_fitv6_toyMC_100_76.log"
------------------------------------------------------------

Successfully completed.

Resource usage summary:

    CPU time :                                   6441.41 sec.
    Max Memory :                                 1327 MB
    Average Memory :                             648.64 MB
    Total Requested Memory :                     4000.00 MB
    Delta Memory :                               2673.00 MB
    Max Swap :                                   -
    Max Processes :                              19
    Max Threads :                                20
    Run time :                                   6733 sec.
    Turnaround time :                            6733 sec.

The output (if any) follows:



PS:

Read file <76.err> for stderr output of this job.

Sender: LSF System <lsfadmin@ccb222>
Subject: Job 26431939: <bash -c "basf2 etapip_gg_fit_v6_toymc_100.py 76 > /home/belle2/jaeyoung/storage_ghi/Ntuples_ghi_2/MC15ri_generic/MC15ri_etaetapip_tight_v2_240419_Kp_BCS_etapi0const/bsub_log//MC15ri_etapip_gg_fitv6_toyMC_100_76.log"> in cluster <centralcluster> Done

Job <bash -c "basf2 etapip_gg_fit_v6_toymc_100.py 76 > /home/belle2/jaeyoung/storage_ghi/Ntuples_ghi_2/MC15ri_generic/MC15ri_etaetapip_tight_v2_240419_Kp_BCS_etapi0const/bsub_log//MC15ri_etapip_gg_fitv6_toyMC_100_76.log"> was submitted from host <ccw03> by user <jaeyoung> in cluster <centralcluster> at Fri Jun 14 02:35:41 2024
Job was executed on host(s) <ccb222>, in queue <h>, as user <jaeyoung> in cluster <centralcluster> at Fri Jun 14 02:35:42 2024
</home/belle2/jaeyoung> was used as the home directory.
</home/belle2/jaeyoung/workspace/DRAW_and_FITTING/main/FITTING/etapip/MC15ri_generic/tight_v2_fit_v6/ToyMC> was used as the working directory.
Started at Fri Jun 14 02:35:42 2024
Terminated at Fri Jun 14 04:22:30 2024
Results reported at Fri Jun 14 04:22:30 2024

Your job looked like:

------------------------------------------------------------
# LSBATCH: User input
bash -c "basf2 etapip_gg_fit_v6_toymc_100.py 76 > /home/belle2/jaeyoung/storage_ghi/Ntuples_ghi_2/MC15ri_generic/MC15ri_etaetapip_tight_v2_240419_Kp_BCS_etapi0const/bsub_log//MC15ri_etapip_gg_fitv6_toyMC_100_76.log"
------------------------------------------------------------

Successfully completed.

Resource usage summary:

    CPU time :                                   5849.34 sec.
    Max Memory :                                 1336 MB
    Average Memory :                             630.54 MB
    Total Requested Memory :                     4000.00 MB
    Delta Memory :                               2664.00 MB
    Max Swap :                                   -
    Max Processes :                              19
    Max Threads :                                20
    Run time :                                   6415 sec.
    Turnaround time :                            6409 sec.

The output (if any) follows:



PS:

Read file <76.err> for stderr output of this job.

