Sender: LSF System <lsfadmin@ccb099>
Subject: Job 26252913: <bash -c "basf2 etapip_gg_fit_v6_toymc_100.py 79 > /home/belle2/jaeyoung/storage_ghi/Ntuples_ghi_2/MC15ri_generic/MC15ri_etaetapip_tight_v2_240419_Kp_BCS_etapi0const/bsub_log//MC15ri_etapip_gg_fitv6_toyMC_100_79.log"> in cluster <centralcluster> Exited

Job <bash -c "basf2 etapip_gg_fit_v6_toymc_100.py 79 > /home/belle2/jaeyoung/storage_ghi/Ntuples_ghi_2/MC15ri_generic/MC15ri_etaetapip_tight_v2_240419_Kp_BCS_etapi0const/bsub_log//MC15ri_etapip_gg_fitv6_toyMC_100_79.log"> was submitted from host <ccw03> by user <jaeyoung> in cluster <centralcluster> at Thu Jun 13 23:20:00 2024
Job was executed on host(s) <ccb099>, in queue <h>, as user <jaeyoung> in cluster <centralcluster> at Thu Jun 13 23:20:01 2024
</home/belle2/jaeyoung> was used as the home directory.
</home/belle2/jaeyoung/workspace/DRAW_and_FITTING/main/FITTING/etapip/MC15ri_generic/tight_v2_fit_v6/ToyMC> was used as the working directory.
Started at Thu Jun 13 23:20:01 2024
Terminated at Thu Jun 13 23:21:43 2024
Results reported at Thu Jun 13 23:21:43 2024

Your job looked like:

------------------------------------------------------------
# LSBATCH: User input
bash -c "basf2 etapip_gg_fit_v6_toymc_100.py 79 > /home/belle2/jaeyoung/storage_ghi/Ntuples_ghi_2/MC15ri_generic/MC15ri_etaetapip_tight_v2_240419_Kp_BCS_etapi0const/bsub_log//MC15ri_etapip_gg_fitv6_toyMC_100_79.log"
------------------------------------------------------------

TERM_PROCESSLIMIT: job killed after reaching LSF process limit.
Exited with exit code 143.

Resource usage summary:

    CPU time :                                   101.00 sec.
    Max Memory :                                 360 MB
    Average Memory :                             241.56 MB
    Total Requested Memory :                     4000.00 MB
    Delta Memory :                               3640.00 MB
    Max Swap :                                   -
    Max Processes :                              34
    Max Threads :                                35
    Run time :                                   102 sec.
    Turnaround time :                            103 sec.

The output (if any) follows:



PS:

Read file <79.err> for stderr output of this job.

Sender: LSF System <lsfadmin@ccb040>
Subject: Job 26269951: <bash -c "basf2 etapip_gg_fit_v6_toymc_100.py 79 > /home/belle2/jaeyoung/storage_ghi/Ntuples_ghi_2/MC15ri_generic/MC15ri_etaetapip_tight_v2_240419_Kp_BCS_etapi0const/bsub_log//MC15ri_etapip_gg_fitv6_toyMC_100_79.log"> in cluster <centralcluster> Exited

Job <bash -c "basf2 etapip_gg_fit_v6_toymc_100.py 79 > /home/belle2/jaeyoung/storage_ghi/Ntuples_ghi_2/MC15ri_generic/MC15ri_etaetapip_tight_v2_240419_Kp_BCS_etapi0const/bsub_log//MC15ri_etapip_gg_fitv6_toyMC_100_79.log"> was submitted from host <ccw03> by user <jaeyoung> in cluster <centralcluster> at Thu Jun 13 23:35:21 2024
Job was executed on host(s) <ccb040>, in queue <h>, as user <jaeyoung> in cluster <centralcluster> at Thu Jun 13 23:35:21 2024
</home/belle2/jaeyoung> was used as the home directory.
</home/belle2/jaeyoung/workspace/DRAW_and_FITTING/main/FITTING/etapip/MC15ri_generic/tight_v2_fit_v6/ToyMC> was used as the working directory.
Started at Thu Jun 13 23:35:21 2024
Terminated at Thu Jun 13 23:36:56 2024
Results reported at Thu Jun 13 23:36:56 2024

Your job looked like:

------------------------------------------------------------
# LSBATCH: User input
bash -c "basf2 etapip_gg_fit_v6_toymc_100.py 79 > /home/belle2/jaeyoung/storage_ghi/Ntuples_ghi_2/MC15ri_generic/MC15ri_etaetapip_tight_v2_240419_Kp_BCS_etapi0const/bsub_log//MC15ri_etapip_gg_fitv6_toyMC_100_79.log"
------------------------------------------------------------

TERM_PROCESSLIMIT: job killed after reaching LSF process limit.
Exited with exit code 143.

Resource usage summary:

    CPU time :                                   94.00 sec.
    Max Memory :                                 333 MB
    Average Memory :                             179.07 MB
    Total Requested Memory :                     4000.00 MB
    Delta Memory :                               3667.00 MB
    Max Swap :                                   -
    Max Processes :                              24
    Max Threads :                                25
    Run time :                                   95 sec.
    Turnaround time :                            95 sec.

The output (if any) follows:



PS:

Read file <79.err> for stderr output of this job.

Sender: LSF System <lsfadmin@ccb068>
Subject: Job 26275453: <bash -c "basf2 etapip_gg_fit_v6_toymc_100.py 79 > /home/belle2/jaeyoung/storage_ghi/Ntuples_ghi_2/MC15ri_generic/MC15ri_etaetapip_tight_v2_240419_Kp_BCS_etapi0const/bsub_log//MC15ri_etapip_gg_fitv6_toyMC_100_79.log"> in cluster <centralcluster> Done

Job <bash -c "basf2 etapip_gg_fit_v6_toymc_100.py 79 > /home/belle2/jaeyoung/storage_ghi/Ntuples_ghi_2/MC15ri_generic/MC15ri_etaetapip_tight_v2_240419_Kp_BCS_etapi0const/bsub_log//MC15ri_etapip_gg_fitv6_toyMC_100_79.log"> was submitted from host <ccw03> by user <jaeyoung> in cluster <centralcluster> at Thu Jun 13 23:45:27 2024
Job was executed on host(s) <ccb068>, in queue <h>, as user <jaeyoung> in cluster <centralcluster> at Thu Jun 13 23:45:28 2024
</home/belle2/jaeyoung> was used as the home directory.
</home/belle2/jaeyoung/workspace/DRAW_and_FITTING/main/FITTING/etapip/MC15ri_generic/tight_v2_fit_v6/ToyMC> was used as the working directory.
Started at Thu Jun 13 23:45:28 2024
Terminated at Fri Jun 14 00:03:25 2024
Results reported at Fri Jun 14 00:03:25 2024

Your job looked like:

------------------------------------------------------------
# LSBATCH: User input
bash -c "basf2 etapip_gg_fit_v6_toymc_100.py 79 > /home/belle2/jaeyoung/storage_ghi/Ntuples_ghi_2/MC15ri_generic/MC15ri_etaetapip_tight_v2_240419_Kp_BCS_etapi0const/bsub_log//MC15ri_etapip_gg_fitv6_toyMC_100_79.log"
------------------------------------------------------------

Successfully completed.

Resource usage summary:

    CPU time :                                   1072.85 sec.
    Max Memory :                                 297 MB
    Average Memory :                             269.90 MB
    Total Requested Memory :                     4000.00 MB
    Delta Memory :                               3703.00 MB
    Max Swap :                                   -
    Max Processes :                              19
    Max Threads :                                20
    Run time :                                   1079 sec.
    Turnaround time :                            1078 sec.

The output (if any) follows:



PS:

Read file <79.err> for stderr output of this job.

Sender: LSF System <lsfadmin@ccb145>
Subject: Job 26297223: <bash -c "basf2 etapip_gg_fit_v6_toymc_100.py 79 > /home/belle2/jaeyoung/storage_ghi/Ntuples_ghi_2/MC15ri_generic/MC15ri_etaetapip_tight_v2_240419_Kp_BCS_etapi0const/bsub_log//MC15ri_etapip_gg_fitv6_toyMC_100_79.log"> in cluster <centralcluster> Done

Job <bash -c "basf2 etapip_gg_fit_v6_toymc_100.py 79 > /home/belle2/jaeyoung/storage_ghi/Ntuples_ghi_2/MC15ri_generic/MC15ri_etaetapip_tight_v2_240419_Kp_BCS_etapi0const/bsub_log//MC15ri_etapip_gg_fitv6_toyMC_100_79.log"> was submitted from host <ccw03> by user <jaeyoung> in cluster <centralcluster> at Fri Jun 14 00:19:24 2024
Job was executed on host(s) <ccb145>, in queue <h>, as user <jaeyoung> in cluster <centralcluster> at Fri Jun 14 00:19:25 2024
</home/belle2/jaeyoung> was used as the home directory.
</home/belle2/jaeyoung/workspace/DRAW_and_FITTING/main/FITTING/etapip/MC15ri_generic/tight_v2_fit_v6/ToyMC> was used as the working directory.
Started at Fri Jun 14 00:19:25 2024
Terminated at Fri Jun 14 02:12:48 2024
Results reported at Fri Jun 14 02:12:48 2024

Your job looked like:

------------------------------------------------------------
# LSBATCH: User input
bash -c "basf2 etapip_gg_fit_v6_toymc_100.py 79 > /home/belle2/jaeyoung/storage_ghi/Ntuples_ghi_2/MC15ri_generic/MC15ri_etaetapip_tight_v2_240419_Kp_BCS_etapi0const/bsub_log//MC15ri_etapip_gg_fitv6_toyMC_100_79.log"
------------------------------------------------------------

Successfully completed.

Resource usage summary:

    CPU time :                                   6485.89 sec.
    Max Memory :                                 1327 MB
    Average Memory :                             638.50 MB
    Total Requested Memory :                     4000.00 MB
    Delta Memory :                               2673.00 MB
    Max Swap :                                   -
    Max Processes :                              19
    Max Threads :                                20
    Run time :                                   6804 sec.
    Turnaround time :                            6804 sec.

The output (if any) follows:



PS:

Read file <79.err> for stderr output of this job.

Sender: LSF System <lsfadmin@ccb145>
Subject: Job 26431948: <bash -c "basf2 etapip_gg_fit_v6_toymc_100.py 79 > /home/belle2/jaeyoung/storage_ghi/Ntuples_ghi_2/MC15ri_generic/MC15ri_etaetapip_tight_v2_240419_Kp_BCS_etapi0const/bsub_log//MC15ri_etapip_gg_fitv6_toyMC_100_79.log"> in cluster <centralcluster> Done

Job <bash -c "basf2 etapip_gg_fit_v6_toymc_100.py 79 > /home/belle2/jaeyoung/storage_ghi/Ntuples_ghi_2/MC15ri_generic/MC15ri_etaetapip_tight_v2_240419_Kp_BCS_etapi0const/bsub_log//MC15ri_etapip_gg_fitv6_toyMC_100_79.log"> was submitted from host <ccw03> by user <jaeyoung> in cluster <centralcluster> at Fri Jun 14 02:35:44 2024
Job was executed on host(s) <ccb145>, in queue <h>, as user <jaeyoung> in cluster <centralcluster> at Fri Jun 14 02:35:45 2024
</home/belle2/jaeyoung> was used as the home directory.
</home/belle2/jaeyoung/workspace/DRAW_and_FITTING/main/FITTING/etapip/MC15ri_generic/tight_v2_fit_v6/ToyMC> was used as the working directory.
Started at Fri Jun 14 02:35:45 2024
Terminated at Fri Jun 14 04:22:26 2024
Results reported at Fri Jun 14 04:22:26 2024

Your job looked like:

------------------------------------------------------------
# LSBATCH: User input
bash -c "basf2 etapip_gg_fit_v6_toymc_100.py 79 > /home/belle2/jaeyoung/storage_ghi/Ntuples_ghi_2/MC15ri_generic/MC15ri_etaetapip_tight_v2_240419_Kp_BCS_etapi0const/bsub_log//MC15ri_etapip_gg_fitv6_toyMC_100_79.log"
------------------------------------------------------------

Successfully completed.

Resource usage summary:

    CPU time :                                   5868.43 sec.
    Max Memory :                                 1331 MB
    Average Memory :                             634.26 MB
    Total Requested Memory :                     4000.00 MB
    Delta Memory :                               2669.00 MB
    Max Swap :                                   -
    Max Processes :                              19
    Max Threads :                                20
    Run time :                                   6404 sec.
    Turnaround time :                            6402 sec.

The output (if any) follows:



PS:

Read file <79.err> for stderr output of this job.

