Sender: LSF System <lsfadmin@ccb085>
Subject: Job 26252920: <bash -c "basf2 etapip_gg_fit_v6_toymc_100.py 82 > /home/belle2/jaeyoung/storage_ghi/Ntuples_ghi_2/MC15ri_generic/MC15ri_etaetapip_tight_v2_240419_Kp_BCS_etapi0const/bsub_log//MC15ri_etapip_gg_fitv6_toyMC_100_82.log"> in cluster <centralcluster> Exited

Job <bash -c "basf2 etapip_gg_fit_v6_toymc_100.py 82 > /home/belle2/jaeyoung/storage_ghi/Ntuples_ghi_2/MC15ri_generic/MC15ri_etaetapip_tight_v2_240419_Kp_BCS_etapi0const/bsub_log//MC15ri_etapip_gg_fitv6_toyMC_100_82.log"> was submitted from host <ccw03> by user <jaeyoung> in cluster <centralcluster> at Thu Jun 13 23:20:02 2024
Job was executed on host(s) <ccb085>, in queue <h>, as user <jaeyoung> in cluster <centralcluster> at Thu Jun 13 23:20:03 2024
</home/belle2/jaeyoung> was used as the home directory.
</home/belle2/jaeyoung/workspace/DRAW_and_FITTING/main/FITTING/etapip/MC15ri_generic/tight_v2_fit_v6/ToyMC> was used as the working directory.
Started at Thu Jun 13 23:20:03 2024
Terminated at Thu Jun 13 23:21:35 2024
Results reported at Thu Jun 13 23:21:35 2024

Your job looked like:

------------------------------------------------------------
# LSBATCH: User input
bash -c "basf2 etapip_gg_fit_v6_toymc_100.py 82 > /home/belle2/jaeyoung/storage_ghi/Ntuples_ghi_2/MC15ri_generic/MC15ri_etaetapip_tight_v2_240419_Kp_BCS_etapi0const/bsub_log//MC15ri_etapip_gg_fitv6_toyMC_100_82.log"
------------------------------------------------------------

TERM_PROCESSLIMIT: job killed after reaching LSF process limit.
Exited with exit code 143.

Resource usage summary:

    CPU time :                                   89.00 sec.
    Max Memory :                                 375 MB
    Average Memory :                             261.60 MB
    Total Requested Memory :                     4000.00 MB
    Delta Memory :                               3625.00 MB
    Max Swap :                                   -
    Max Processes :                              34
    Max Threads :                                35
    Run time :                                   94 sec.
    Turnaround time :                            93 sec.

The output (if any) follows:



PS:

Read file <82.err> for stderr output of this job.

Sender: LSF System <lsfadmin@ccb186>
Subject: Job 26269954: <bash -c "basf2 etapip_gg_fit_v6_toymc_100.py 82 > /home/belle2/jaeyoung/storage_ghi/Ntuples_ghi_2/MC15ri_generic/MC15ri_etaetapip_tight_v2_240419_Kp_BCS_etapi0const/bsub_log//MC15ri_etapip_gg_fitv6_toyMC_100_82.log"> in cluster <centralcluster> Exited

Job <bash -c "basf2 etapip_gg_fit_v6_toymc_100.py 82 > /home/belle2/jaeyoung/storage_ghi/Ntuples_ghi_2/MC15ri_generic/MC15ri_etaetapip_tight_v2_240419_Kp_BCS_etapi0const/bsub_log//MC15ri_etapip_gg_fitv6_toyMC_100_82.log"> was submitted from host <ccw03> by user <jaeyoung> in cluster <centralcluster> at Thu Jun 13 23:35:23 2024
Job was executed on host(s) <ccb186>, in queue <h>, as user <jaeyoung> in cluster <centralcluster> at Thu Jun 13 23:35:24 2024
</home/belle2/jaeyoung> was used as the home directory.
</home/belle2/jaeyoung/workspace/DRAW_and_FITTING/main/FITTING/etapip/MC15ri_generic/tight_v2_fit_v6/ToyMC> was used as the working directory.
Started at Thu Jun 13 23:35:24 2024
Terminated at Thu Jun 13 23:36:57 2024
Results reported at Thu Jun 13 23:36:57 2024

Your job looked like:

------------------------------------------------------------
# LSBATCH: User input
bash -c "basf2 etapip_gg_fit_v6_toymc_100.py 82 > /home/belle2/jaeyoung/storage_ghi/Ntuples_ghi_2/MC15ri_generic/MC15ri_etaetapip_tight_v2_240419_Kp_BCS_etapi0const/bsub_log//MC15ri_etapip_gg_fitv6_toyMC_100_82.log"
------------------------------------------------------------

TERM_PROCESSLIMIT: job killed after reaching LSF process limit.
Exited with exit code 143.

Resource usage summary:

    CPU time :                                   90.00 sec.
    Max Memory :                                 332 MB
    Average Memory :                             207.53 MB
    Total Requested Memory :                     4000.00 MB
    Delta Memory :                               3668.00 MB
    Max Swap :                                   -
    Max Processes :                              24
    Max Threads :                                25
    Run time :                                   91 sec.
    Turnaround time :                            94 sec.

The output (if any) follows:



PS:

Read file <82.err> for stderr output of this job.

Sender: LSF System <lsfadmin@ccb179>
Subject: Job 26275463: <bash -c "basf2 etapip_gg_fit_v6_toymc_100.py 82 > /home/belle2/jaeyoung/storage_ghi/Ntuples_ghi_2/MC15ri_generic/MC15ri_etaetapip_tight_v2_240419_Kp_BCS_etapi0const/bsub_log//MC15ri_etapip_gg_fitv6_toyMC_100_82.log"> in cluster <centralcluster> Done

Job <bash -c "basf2 etapip_gg_fit_v6_toymc_100.py 82 > /home/belle2/jaeyoung/storage_ghi/Ntuples_ghi_2/MC15ri_generic/MC15ri_etaetapip_tight_v2_240419_Kp_BCS_etapi0const/bsub_log//MC15ri_etapip_gg_fitv6_toyMC_100_82.log"> was submitted from host <ccw03> by user <jaeyoung> in cluster <centralcluster> at Thu Jun 13 23:45:30 2024
Job was executed on host(s) <ccb179>, in queue <h>, as user <jaeyoung> in cluster <centralcluster> at Thu Jun 13 23:45:30 2024
</home/belle2/jaeyoung> was used as the home directory.
</home/belle2/jaeyoung/workspace/DRAW_and_FITTING/main/FITTING/etapip/MC15ri_generic/tight_v2_fit_v6/ToyMC> was used as the working directory.
Started at Thu Jun 13 23:45:30 2024
Terminated at Fri Jun 14 00:01:57 2024
Results reported at Fri Jun 14 00:01:57 2024

Your job looked like:

------------------------------------------------------------
# LSBATCH: User input
bash -c "basf2 etapip_gg_fit_v6_toymc_100.py 82 > /home/belle2/jaeyoung/storage_ghi/Ntuples_ghi_2/MC15ri_generic/MC15ri_etaetapip_tight_v2_240419_Kp_BCS_etapi0const/bsub_log//MC15ri_etapip_gg_fitv6_toyMC_100_82.log"
------------------------------------------------------------

Successfully completed.

Resource usage summary:

    CPU time :                                   984.00 sec.
    Max Memory :                                 317 MB
    Average Memory :                             279.34 MB
    Total Requested Memory :                     4000.00 MB
    Delta Memory :                               3683.00 MB
    Max Swap :                                   -
    Max Processes :                              19
    Max Threads :                                20
    Run time :                                   987 sec.
    Turnaround time :                            987 sec.

The output (if any) follows:



PS:

Read file <82.err> for stderr output of this job.

Sender: LSF System <lsfadmin@ccb246>
Subject: Job 26297234: <bash -c "basf2 etapip_gg_fit_v6_toymc_100.py 82 > /home/belle2/jaeyoung/storage_ghi/Ntuples_ghi_2/MC15ri_generic/MC15ri_etaetapip_tight_v2_240419_Kp_BCS_etapi0const/bsub_log//MC15ri_etapip_gg_fitv6_toyMC_100_82.log"> in cluster <centralcluster> Done

Job <bash -c "basf2 etapip_gg_fit_v6_toymc_100.py 82 > /home/belle2/jaeyoung/storage_ghi/Ntuples_ghi_2/MC15ri_generic/MC15ri_etaetapip_tight_v2_240419_Kp_BCS_etapi0const/bsub_log//MC15ri_etapip_gg_fitv6_toyMC_100_82.log"> was submitted from host <ccw03> by user <jaeyoung> in cluster <centralcluster> at Fri Jun 14 00:19:27 2024
Job was executed on host(s) <ccb246>, in queue <h>, as user <jaeyoung> in cluster <centralcluster> at Fri Jun 14 00:19:28 2024
</home/belle2/jaeyoung> was used as the home directory.
</home/belle2/jaeyoung/workspace/DRAW_and_FITTING/main/FITTING/etapip/MC15ri_generic/tight_v2_fit_v6/ToyMC> was used as the working directory.
Started at Fri Jun 14 00:19:28 2024
Terminated at Fri Jun 14 02:12:36 2024
Results reported at Fri Jun 14 02:12:36 2024

Your job looked like:

------------------------------------------------------------
# LSBATCH: User input
bash -c "basf2 etapip_gg_fit_v6_toymc_100.py 82 > /home/belle2/jaeyoung/storage_ghi/Ntuples_ghi_2/MC15ri_generic/MC15ri_etaetapip_tight_v2_240419_Kp_BCS_etapi0const/bsub_log//MC15ri_etapip_gg_fitv6_toyMC_100_82.log"
------------------------------------------------------------

Successfully completed.

Resource usage summary:

    CPU time :                                   6490.33 sec.
    Max Memory :                                 1327 MB
    Average Memory :                             655.65 MB
    Total Requested Memory :                     4000.00 MB
    Delta Memory :                               2673.00 MB
    Max Swap :                                   -
    Max Processes :                              19
    Max Threads :                                20
    Run time :                                   6788 sec.
    Turnaround time :                            6789 sec.

The output (if any) follows:



PS:

Read file <82.err> for stderr output of this job.

Sender: LSF System <lsfadmin@ccb176>
Subject: Job 26431957: <bash -c "basf2 etapip_gg_fit_v6_toymc_100.py 82 > /home/belle2/jaeyoung/storage_ghi/Ntuples_ghi_2/MC15ri_generic/MC15ri_etaetapip_tight_v2_240419_Kp_BCS_etapi0const/bsub_log//MC15ri_etapip_gg_fitv6_toyMC_100_82.log"> in cluster <centralcluster> Done

Job <bash -c "basf2 etapip_gg_fit_v6_toymc_100.py 82 > /home/belle2/jaeyoung/storage_ghi/Ntuples_ghi_2/MC15ri_generic/MC15ri_etaetapip_tight_v2_240419_Kp_BCS_etapi0const/bsub_log//MC15ri_etapip_gg_fitv6_toyMC_100_82.log"> was submitted from host <ccw03> by user <jaeyoung> in cluster <centralcluster> at Fri Jun 14 02:35:46 2024
Job was executed on host(s) <ccb176>, in queue <h>, as user <jaeyoung> in cluster <centralcluster> at Fri Jun 14 02:35:47 2024
</home/belle2/jaeyoung> was used as the home directory.
</home/belle2/jaeyoung/workspace/DRAW_and_FITTING/main/FITTING/etapip/MC15ri_generic/tight_v2_fit_v6/ToyMC> was used as the working directory.
Started at Fri Jun 14 02:35:47 2024
Terminated at Fri Jun 14 04:29:21 2024
Results reported at Fri Jun 14 04:29:21 2024

Your job looked like:

------------------------------------------------------------
# LSBATCH: User input
bash -c "basf2 etapip_gg_fit_v6_toymc_100.py 82 > /home/belle2/jaeyoung/storage_ghi/Ntuples_ghi_2/MC15ri_generic/MC15ri_etaetapip_tight_v2_240419_Kp_BCS_etapi0const/bsub_log//MC15ri_etapip_gg_fitv6_toyMC_100_82.log"
------------------------------------------------------------

Successfully completed.

Resource usage summary:

    CPU time :                                   6282.80 sec.
    Max Memory :                                 1327 MB
    Average Memory :                             664.75 MB
    Total Requested Memory :                     4000.00 MB
    Delta Memory :                               2673.00 MB
    Max Swap :                                   -
    Max Processes :                              19
    Max Threads :                                20
    Run time :                                   6815 sec.
    Turnaround time :                            6815 sec.

The output (if any) follows:



PS:

Read file <82.err> for stderr output of this job.

