Sender: LSF System <lsfadmin@ccb209>
Subject: Job 47533736: <bash -c "basf2 etapip_gg_fit_v6_toymc_100.py 84 > /home/belle2/jaeyoung/storage_ghi/Ntuples_ghi_2/MC15ri_generic/MC15ri_etaetapip_tight_v2_240419_Kp_BCS_etapi0const/bsub_log//MC15ri_etapip_gg_fitv6_toyMC_100_84.log"> in cluster <centralcluster> Exited

Job <bash -c "basf2 etapip_gg_fit_v6_toymc_100.py 84 > /home/belle2/jaeyoung/storage_ghi/Ntuples_ghi_2/MC15ri_generic/MC15ri_etaetapip_tight_v2_240419_Kp_BCS_etapi0const/bsub_log//MC15ri_etapip_gg_fitv6_toyMC_100_84.log"> was submitted from host <ccw02> by user <jaeyoung> in cluster <centralcluster> at Wed Jul 10 21:11:38 2024
Job was executed on host(s) <ccb209>, in queue <h>, as user <jaeyoung> in cluster <centralcluster> at Wed Jul 10 21:11:49 2024
</home/belle2/jaeyoung> was used as the home directory.
</home/belle2/jaeyoung/workspace/DRAW_and_FITTING/main/FITTING/etapip/MC15ri_generic/tight_v2_fit_v6/ToyMC> was used as the working directory.
Started at Wed Jul 10 21:11:49 2024
Terminated at Wed Jul 10 21:12:28 2024
Results reported at Wed Jul 10 21:12:28 2024

Your job looked like:

------------------------------------------------------------
# LSBATCH: User input
bash -c "basf2 etapip_gg_fit_v6_toymc_100.py 84 > /home/belle2/jaeyoung/storage_ghi/Ntuples_ghi_2/MC15ri_generic/MC15ri_etaetapip_tight_v2_240419_Kp_BCS_etapi0const/bsub_log//MC15ri_etapip_gg_fitv6_toyMC_100_84.log"
------------------------------------------------------------

Exited with exit code 129.

Resource usage summary:

    CPU time :                                   27.97 sec.
    Max Memory :                                 603 MB
    Average Memory :                             406.12 MB
    Total Requested Memory :                     4000.00 MB
    Delta Memory :                               3397.00 MB
    Max Swap :                                   -
    Max Processes :                              9
    Max Threads :                                50
    Run time :                                   38 sec.
    Turnaround time :                            50 sec.

The output (if any) follows:



PS:

Read file <84.err> for stderr output of this job.

Sender: LSF System <lsfadmin@ccb203>
Subject: Job 47536289: <bash -c "basf2 etapip_gg_fit_v6_toymc_100.py 84 > /home/belle2/jaeyoung/storage_ghi/Ntuples_ghi_2/MC15ri_generic/MC15ri_etaetapip_tight_v2_240419_Kp_BCS_etapi0const/bsub_log//MC15ri_etapip_gg_fitv6_toyMC_100_84.log"> in cluster <centralcluster> Exited

Job <bash -c "basf2 etapip_gg_fit_v6_toymc_100.py 84 > /home/belle2/jaeyoung/storage_ghi/Ntuples_ghi_2/MC15ri_generic/MC15ri_etaetapip_tight_v2_240419_Kp_BCS_etapi0const/bsub_log//MC15ri_etapip_gg_fitv6_toyMC_100_84.log"> was submitted from host <ccw02> by user <jaeyoung> in cluster <centralcluster> at Wed Jul 10 21:14:38 2024
Job was executed on host(s) <ccb203>, in queue <h>, as user <jaeyoung> in cluster <centralcluster> at Wed Jul 10 21:14:50 2024
</home/belle2/jaeyoung> was used as the home directory.
</home/belle2/jaeyoung/workspace/DRAW_and_FITTING/main/FITTING/etapip/MC15ri_generic/tight_v2_fit_v6/ToyMC> was used as the working directory.
Started at Wed Jul 10 21:14:50 2024
Terminated at Wed Jul 10 21:15:22 2024
Results reported at Wed Jul 10 21:15:22 2024

Your job looked like:

------------------------------------------------------------
# LSBATCH: User input
bash -c "basf2 etapip_gg_fit_v6_toymc_100.py 84 > /home/belle2/jaeyoung/storage_ghi/Ntuples_ghi_2/MC15ri_generic/MC15ri_etaetapip_tight_v2_240419_Kp_BCS_etapi0const/bsub_log//MC15ri_etapip_gg_fitv6_toyMC_100_84.log"
------------------------------------------------------------

Exited with exit code 129.

Resource usage summary:

    CPU time :                                   26.65 sec.
    Max Memory :                                 607 MB
    Average Memory :                             411.57 MB
    Total Requested Memory :                     4000.00 MB
    Delta Memory :                               3393.00 MB
    Max Swap :                                   -
    Max Processes :                              9
    Max Threads :                                50
    Run time :                                   31 sec.
    Turnaround time :                            44 sec.

The output (if any) follows:



PS:

Read file <84.err> for stderr output of this job.

Sender: LSF System <lsfadmin@ccb278>
Subject: Job 47538198: <bash -c "basf2 etapip_gg_fit_v6_toymc_100.py 84 > /home/belle2/jaeyoung/storage_ghi/Ntuples_ghi_2/MC15ri_generic/MC15ri_etaetapip_tight_v2_240419_Kp_BCS_etapi0const/bsub_log//MC15ri_etapip_gg_fitv6_toyMC_100_84.log"> in cluster <centralcluster> Done

Job <bash -c "basf2 etapip_gg_fit_v6_toymc_100.py 84 > /home/belle2/jaeyoung/storage_ghi/Ntuples_ghi_2/MC15ri_generic/MC15ri_etaetapip_tight_v2_240419_Kp_BCS_etapi0const/bsub_log//MC15ri_etapip_gg_fitv6_toyMC_100_84.log"> was submitted from host <ccw02> by user <jaeyoung> in cluster <centralcluster> at Wed Jul 10 21:16:44 2024
Job was executed on host(s) <ccb278>, in queue <h>, as user <jaeyoung> in cluster <centralcluster> at Wed Jul 10 21:17:25 2024
</home/belle2/jaeyoung> was used as the home directory.
</home/belle2/jaeyoung/workspace/DRAW_and_FITTING/main/FITTING/etapip/MC15ri_generic/tight_v2_fit_v6/ToyMC> was used as the working directory.
Started at Wed Jul 10 21:17:25 2024
Terminated at Wed Jul 10 22:05:09 2024
Results reported at Wed Jul 10 22:05:09 2024

Your job looked like:

------------------------------------------------------------
# LSBATCH: User input
bash -c "basf2 etapip_gg_fit_v6_toymc_100.py 84 > /home/belle2/jaeyoung/storage_ghi/Ntuples_ghi_2/MC15ri_generic/MC15ri_etaetapip_tight_v2_240419_Kp_BCS_etapi0const/bsub_log//MC15ri_etapip_gg_fitv6_toyMC_100_84.log"
------------------------------------------------------------

Successfully completed.

Resource usage summary:

    CPU time :                                   2851.29 sec.
    Max Memory :                                 1299 MB
    Average Memory :                             1217.49 MB
    Total Requested Memory :                     4000.00 MB
    Delta Memory :                               2701.00 MB
    Max Swap :                                   -
    Max Processes :                              19
    Max Threads :                                20
    Run time :                                   2863 sec.
    Turnaround time :                            2905 sec.

The output (if any) follows:



PS:

Read file <84.err> for stderr output of this job.

Sender: LSF System <lsfadmin@ccb197>
Subject: Job 47967581: <bash -c "basf2 etapip_gg_fit_v6_toymc_100.py 84 > /home/belle2/jaeyoung/storage_ghi/Ntuples_ghi_2/MC15ri_generic/MC15ri_etaetapip_tight_v2_240419_Kp_BCS_etapi0const/bsub_log//MC15ri_etapip_gg_fitv6_toyMC_100_84.log"> in cluster <centralcluster> Exited

Job <bash -c "basf2 etapip_gg_fit_v6_toymc_100.py 84 > /home/belle2/jaeyoung/storage_ghi/Ntuples_ghi_2/MC15ri_generic/MC15ri_etaetapip_tight_v2_240419_Kp_BCS_etapi0const/bsub_log//MC15ri_etapip_gg_fitv6_toyMC_100_84.log"> was submitted from host <ccw07> by user <jaeyoung> in cluster <centralcluster> at Thu Jul 11 15:27:14 2024
Job was executed on host(s) <ccb197>, in queue <h>, as user <jaeyoung> in cluster <centralcluster> at Thu Jul 11 15:27:15 2024
</home/belle2/jaeyoung> was used as the home directory.
</home/belle2/jaeyoung/workspace/DRAW_and_FITTING/main/FITTING/etapip/MC15ri_generic/tight_v2_fit_v6/ToyMC> was used as the working directory.
Started at Thu Jul 11 15:27:15 2024
Terminated at Thu Jul 11 15:27:32 2024
Results reported at Thu Jul 11 15:27:32 2024

Your job looked like:

------------------------------------------------------------
# LSBATCH: User input
bash -c "basf2 etapip_gg_fit_v6_toymc_100.py 84 > /home/belle2/jaeyoung/storage_ghi/Ntuples_ghi_2/MC15ri_generic/MC15ri_etaetapip_tight_v2_240419_Kp_BCS_etapi0const/bsub_log//MC15ri_etapip_gg_fitv6_toyMC_100_84.log"
------------------------------------------------------------

Exited with exit code 1.

Resource usage summary:

    CPU time :                                   15.07 sec.
    Max Memory :                                 543 MB
    Average Memory :                             401.40 MB
    Total Requested Memory :                     4000.00 MB
    Delta Memory :                               3457.00 MB
    Max Swap :                                   -
    Max Processes :                              9
    Max Threads :                                50
    Run time :                                   18 sec.
    Turnaround time :                            18 sec.

The output (if any) follows:



PS:

Read file <84.err> for stderr output of this job.

Sender: LSF System <lsfadmin@ccb186>
Subject: Job 47969419: <bash -c "basf2 etapip_gg_fit_v6_toymc_100.py 84 > /home/belle2/jaeyoung/storage_ghi/Ntuples_ghi_2/MC15ri_generic/MC15ri_etaetapip_tight_v2_240419_Kp_BCS_etapi0const/bsub_log//MC15ri_etapip_gg_fitv6_toyMC_100_84.log"> in cluster <centralcluster> Done

Job <bash -c "basf2 etapip_gg_fit_v6_toymc_100.py 84 > /home/belle2/jaeyoung/storage_ghi/Ntuples_ghi_2/MC15ri_generic/MC15ri_etaetapip_tight_v2_240419_Kp_BCS_etapi0const/bsub_log//MC15ri_etapip_gg_fitv6_toyMC_100_84.log"> was submitted from host <ccw07> by user <jaeyoung> in cluster <centralcluster> at Thu Jul 11 15:29:25 2024
Job was executed on host(s) <ccb186>, in queue <h>, as user <jaeyoung> in cluster <centralcluster> at Thu Jul 11 15:29:29 2024
</home/belle2/jaeyoung> was used as the home directory.
</home/belle2/jaeyoung/workspace/DRAW_and_FITTING/main/FITTING/etapip/MC15ri_generic/tight_v2_fit_v6/ToyMC> was used as the working directory.
Started at Thu Jul 11 15:29:29 2024
Terminated at Thu Jul 11 16:36:24 2024
Results reported at Thu Jul 11 16:36:24 2024

Your job looked like:

------------------------------------------------------------
# LSBATCH: User input
bash -c "basf2 etapip_gg_fit_v6_toymc_100.py 84 > /home/belle2/jaeyoung/storage_ghi/Ntuples_ghi_2/MC15ri_generic/MC15ri_etaetapip_tight_v2_240419_Kp_BCS_etapi0const/bsub_log//MC15ri_etapip_gg_fitv6_toyMC_100_84.log"
------------------------------------------------------------

Successfully completed.

Resource usage summary:

    CPU time :                                   3956.88 sec.
    Max Memory :                                 1284 MB
    Average Memory :                             1010.10 MB
    Total Requested Memory :                     4000.00 MB
    Delta Memory :                               2716.00 MB
    Max Swap :                                   -
    Max Processes :                              19
    Max Threads :                                20
    Run time :                                   4015 sec.
    Turnaround time :                            4019 sec.

The output (if any) follows:



PS:

Read file <84.err> for stderr output of this job.

