Error in <TFile::TFile>: file /home/belle2/jaeyoung/storage_ghi/reduced_ntuples/MC15ri/etapip_eteeta/MC15ri_etaetapip_tight_v2_240708_Kp_BCS_etapi0const_ccbar.root does not exist
Error in <TFile::TFile>: file /home/belle2/jaeyoung/storage_ghi/reduced_ntuples/MC15ri/etapip_eteeta/MC15ri_etaetapip_tight_v2_240708_Kp_BCS_etapi0const_uubar.root does not exist
Error in <TFile::TFile>: file /home/belle2/jaeyoung/storage_ghi/reduced_ntuples/MC15ri/etapip_eteeta/MC15ri_etaetapip_tight_v2_240708_Kp_BCS_etapi0const_uubar.root does not exist
Error in <TFile::TFile>: file /home/belle2/jaeyoung/storage_ghi/reduced_ntuples/MC15ri/etapip_eteeta/MC15ri_etaetapip_tight_v2_240708_Kp_BCS_etapi0const_ssbar.root does not exist
Error in <TFile::TFile>: file /home/belle2/jaeyoung/storage_ghi/reduced_ntuples/MC15ri/etapip_eteeta/MC15ri_etaetapip_tight_v2_240708_Kp_BCS_etapi0const_charged.root does not exist
Error in <TFile::TFile>: file /home/belle2/jaeyoung/storage_ghi/reduced_ntuples/MC15ri/etapip_eteeta/MC15ri_etaetapip_tight_v2_240708_Kp_BCS_etapi0const_mixed.root does not exist
Error in <TFile::TFile>: file /home/belle2/jaeyoung/storage_ghi/reduced_ntuples/MC15ri/etapip_eteeta/MC15ri_etaetapip_tight_v2_240708_Kp_BCS_etapi0const_taupair.root does not exist
Error in <TFile::TFile>: file /home/belle2/jaeyoung/storage_ghi/reduced_ntuples/MC15ri/etapip_eteeta/MC15ri_etaetapip_tight_v2_240708_Kp_BCS_etapi0const_ccbar.root does not exist
Error in <TFile::TFile>: file /home/belle2/jaeyoung/storage_ghi/reduced_ntuples/MC15ri/etapip_eteeta/MC15ri_etaetapip_tight_v2_240708_Kp_BCS_etapi0const_ccbar.root does not exist
Error in <TFile::TFile>: file /home/belle2/jaeyoung/storage_ghi/reduced_ntuples/MC15ri/etapip_eteeta/MC15ri_etaetapip_tight_v2_240708_Kp_BCS_etapi0const_ccbar.root does not exist
Error in <TFile::TFile>: file /home/belle2/jaeyoung/storage_ghi/reduced_ntuples/MC15ri/etapip_eteeta/MC15ri_etaetapip_tight_v2_240708_Kp_BCS_etapi0const_ccbar.root does not exist
 *** Break *** segmentation violation



===========================================================
There was a crash.
This is the entire stack trace of all threads:
===========================================================
#0  0x00002b66d314d60c in waitpid () from /lib64/libc.so.6
#1  0x00002b66d30caf62 in do_system () from /lib64/libc.so.6
#2  0x00002b66d374a84c in TUnixSystem::Exec (shellcmd=<optimized out>, this=0xf32570) at /cvmfs/belle.cern.ch/el7/externals/v02-00-03/src/root/core/unix/src/TUnixSystem.cxx:2120
#3  TUnixSystem::StackTrace (this=0xf32570) at /cvmfs/belle.cern.ch/el7/externals/v02-00-03/src/root/core/unix/src/TUnixSystem.cxx:2411
#4  0x00002b66d6410dd3 in (anonymous namespace)::do_trace (sig=1) at /cvmfs/belle.cern.ch/el7/externals/v02-00-03/src/root/bindings/pyroot/cppyy/cppyy-backend/clingwrapper/src/clingwrapper.cxx:182
#5  (anonymous namespace)::TExceptionHandlerImp::HandleException (this=<optimized out>, sig=1) at /cvmfs/belle.cern.ch/el7/externals/v02-00-03/src/root/bindings/pyroot/cppyy/cppyy-backend/clingwrapper/src/clingwrapper.cxx:195
#6  0x00002b66d3747cd1 in TUnixSystem::DispatchSignals (this=0xf32570, sig=kSigSegmentationViolation) at /cvmfs/belle.cern.ch/el7/externals/v02-00-03/src/root/core/unix/src/TUnixSystem.cxx:3644
#7  <signal handler called>
#8  0x00002b66d47d0b10 in TBranch::Init (this=0x60438f0, name=0x7ffffa83e4c9 "Dp_M", leaflist=0x7ffffa83e7b9 "Dp_M/D", compress=<optimized out>) at /cvmfs/belle.cern.ch/el7/externals/v02-00-03/src/root/tree/tree/src/TBranch.cxx:431
#9  0x00002b66d47d12bc in TBranch::TBranch (this=this
entry=0x60438f0, tree=tree
entry=0x5bc3e50, name=name
entry=0x7ffffa83e4c9 "Dp_M", address=address
entry=0x5bc6d70, leaflist=leaflist
entry=0x7ffffa83e7b9 "Dp_M/D", basketsize=basketsize
entry=10485760, compress=-1) at /cvmfs/belle.cern.ch/el7/externals/v02-00-03/src/root/tree/tree/src/TBranch.cxx:243
#10 0x00002b66d4848e2c in TTree::Branch (this=0x5bc3e50, name=0x7ffffa83e4c9 "Dp_M", address=0x5bc6d70, leaflist=0x7ffffa83e7b9 "Dp_M/D", bufsize=10485760) at /cvmfs/belle.cern.ch/el7/externals/v02-00-03/src/root/tree/tree/src/TTree.cxx:1969
#11 0x00002b66edf97e6a in RooAbsReal::attachToTree (this=this
entry=0x5bc6ad0, t=..., bufSize=bufSize
entry=10485760) at /cvmfs/belle.cern.ch/el7/externals/v02-00-03/src/root/roofit/roofitcore/src/RooAbsReal.cxx:3346
#12 0x00002b66ee133236 in RooRealVar::attachToTree (this=0x5bc6ad0, t=..., bufSize=10485760) at /cvmfs/belle.cern.ch/el7/externals/v02-00-03/src/root/roofit/roofitcore/src/RooRealVar.cxx:1105
#13 0x00002b66ee16f3bb in RooTreeDataStore::loadValues (this=0x5aa00d0, t=0x57ecca0, select=0x7ffffa83ed80) at /cvmfs/belle.cern.ch/el7/externals/v02-00-03/src/root/roofit/roofitcore/src/RooTreeDataStore.cxx:478
#14 0x00002b66ee172d47 in RooTreeDataStore::RooTreeDataStore (this=this
entry=0x5aa00d0, name=name
entry=0x58b24a8 "data", title=0x7ffffa83ed00 "\030\224\221\323f+", title
entry=0x58b24e8 "", vars=..., t=..., selExpr=selExpr
entry=0x5799460 "etapip_gg_rank==1", wgtVarName=0x0) at /cvmfs/belle.cern.ch/el7/externals/v02-00-03/src/root/roofit/roofitcore/src/RooTreeDataStore.cxx:169
#15 0x00002b66ee024238 in RooDataSet::RooDataSet (this=0x5ae8100, name=0x58b24a8 "data", title=0x58b24e8 "", theTree=0x57ecca0, vars=..., cuts=0x5799460 "etapip_gg_rank==1", wgtVarName=0x0) at /cvmfs/belle.cern.ch/el7/externals/v02-00-03/src/root/roofit/roofitcore/src/RooDataSet.cxx:786
#16 0x00002b66f196b206 in ?? ()
#17 0x0000000000000000 in ?? ()
===========================================================


The lines below might hint at the cause of the crash.
You may get help by asking at the ROOT forum https://root.cern.ch/forum
Only if you are really convinced it is a bug in ROOT then please submit a
report at https://root.cern.ch/bugs Please post the ENTIRE stack trace
from above as an attachment in addition to anything else
that might help us fixing this issue.
===========================================================
#8  0x00002b66d47d0b10 in TBranch::Init (this=0x60438f0, name=0x7ffffa83e4c9 "Dp_M", leaflist=0x7ffffa83e7b9 "Dp_M/D", compress=<optimized out>) at /cvmfs/belle.cern.ch/el7/externals/v02-00-03/src/root/tree/tree/src/TBranch.cxx:431
#9  0x00002b66d47d12bc in TBranch::TBranch (this=this
entry=0x60438f0, tree=tree
entry=0x5bc3e50, name=name
entry=0x7ffffa83e4c9 "Dp_M", address=address
entry=0x5bc6d70, leaflist=leaflist
entry=0x7ffffa83e7b9 "Dp_M/D", basketsize=basketsize
entry=10485760, compress=-1) at /cvmfs/belle.cern.ch/el7/externals/v02-00-03/src/root/tree/tree/src/TBranch.cxx:243
#10 0x00002b66d4848e2c in TTree::Branch (this=0x5bc3e50, name=0x7ffffa83e4c9 "Dp_M", address=0x5bc6d70, leaflist=0x7ffffa83e7b9 "Dp_M/D", bufsize=10485760) at /cvmfs/belle.cern.ch/el7/externals/v02-00-03/src/root/tree/tree/src/TTree.cxx:1969
#11 0x00002b66edf97e6a in RooAbsReal::attachToTree (this=this
entry=0x5bc6ad0, t=..., bufSize=bufSize
entry=10485760) at /cvmfs/belle.cern.ch/el7/externals/v02-00-03/src/root/roofit/roofitcore/src/RooAbsReal.cxx:3346
#12 0x00002b66ee133236 in RooRealVar::attachToTree (this=0x5bc6ad0, t=..., bufSize=10485760) at /cvmfs/belle.cern.ch/el7/externals/v02-00-03/src/root/roofit/roofitcore/src/RooRealVar.cxx:1105
#13 0x00002b66ee16f3bb in RooTreeDataStore::loadValues (this=0x5aa00d0, t=0x57ecca0, select=0x7ffffa83ed80) at /cvmfs/belle.cern.ch/el7/externals/v02-00-03/src/root/roofit/roofitcore/src/RooTreeDataStore.cxx:478
#14 0x00002b66ee172d47 in RooTreeDataStore::RooTreeDataStore (this=this
entry=0x5aa00d0, name=name
entry=0x58b24a8 "data", title=0x7ffffa83ed00 "030224221323f+", title
entry=0x58b24e8 "", vars=..., t=..., selExpr=selExpr
entry=0x5799460 "etapip_gg_rank==1", wgtVarName=0x0) at /cvmfs/belle.cern.ch/el7/externals/v02-00-03/src/root/roofit/roofitcore/src/RooTreeDataStore.cxx:169
#15 0x00002b66ee024238 in RooDataSet::RooDataSet (this=0x5ae8100, name=0x58b24a8 "data", title=0x58b24e8 "", theTree=0x57ecca0, vars=..., cuts=0x5799460 "etapip_gg_rank==1", wgtVarName=0x0) at /cvmfs/belle.cern.ch/el7/externals/v02-00-03/src/root/roofit/roofitcore/src/RooDataSet.cxx:786
#16 0x00002b66f196b206 in ?? ()
#17 0x0000000000000000 in ?? ()
===========================================================


 *** Break *** segmentation violation



===========================================================
There was a crash.
This is the entire stack trace of all threads:
===========================================================
#0  0x00002b66d314d60c in waitpid () from /lib64/libc.so.6
#1  0x00002b66d30caf62 in do_system () from /lib64/libc.so.6
#2  0x00002b66d374a84c in TUnixSystem::Exec (shellcmd=<optimized out>, this=0xf32570) at /cvmfs/belle.cern.ch/el7/externals/v02-00-03/src/root/core/unix/src/TUnixSystem.cxx:2120
#3  TUnixSystem::StackTrace (this=0xf32570) at /cvmfs/belle.cern.ch/el7/externals/v02-00-03/src/root/core/unix/src/TUnixSystem.cxx:2411
#4  0x00002b66d6410c53 in (anonymous namespace)::do_trace (sig=1) at /cvmfs/belle.cern.ch/el7/externals/v02-00-03/src/root/bindings/pyroot/cppyy/cppyy-backend/clingwrapper/src/clingwrapper.cxx:182
#5  (anonymous namespace)::TExceptionHandlerImp::HandleException (this=<optimized out>, sig=1) at /cvmfs/belle.cern.ch/el7/externals/v02-00-03/src/root/bindings/pyroot/cppyy/cppyy-backend/clingwrapper/src/clingwrapper.cxx:201
#6  0x00002b66d3747cd1 in TUnixSystem::DispatchSignals (this=0xf32570, sig=kSigSegmentationViolation) at /cvmfs/belle.cern.ch/el7/externals/v02-00-03/src/root/core/unix/src/TUnixSystem.cxx:3644
#7  <signal handler called>
#8  0x00002b66d47d0b10 in TBranch::Init (this=0x60438f0, name=0x7ffffa83e4c9 "Dp_M", leaflist=0x7ffffa83e7b9 "Dp_M/D", compress=<optimized out>) at /cvmfs/belle.cern.ch/el7/externals/v02-00-03/src/root/tree/tree/src/TBranch.cxx:431
#9  0x00002b66d47d12bc in TBranch::TBranch (this=this
entry=0x60438f0, tree=tree
entry=0x5bc3e50, name=name
entry=0x7ffffa83e4c9 "Dp_M", address=address
entry=0x5bc6d70, leaflist=leaflist
entry=0x7ffffa83e7b9 "Dp_M/D", basketsize=basketsize
entry=10485760, compress=-1) at /cvmfs/belle.cern.ch/el7/externals/v02-00-03/src/root/tree/tree/src/TBranch.cxx:243
#10 0x00002b66d4848e2c in TTree::Branch (this=0x5bc3e50, name=0x7ffffa83e4c9 "Dp_M", address=0x5bc6d70, leaflist=0x7ffffa83e7b9 "Dp_M/D", bufsize=10485760) at /cvmfs/belle.cern.ch/el7/externals/v02-00-03/src/root/tree/tree/src/TTree.cxx:1969
#11 0x00002b66edf97e6a in RooAbsReal::attachToTree (this=this
entry=0x5bc6ad0, t=..., bufSize=bufSize
entry=10485760) at /cvmfs/belle.cern.ch/el7/externals/v02-00-03/src/root/roofit/roofitcore/src/RooAbsReal.cxx:3346
#12 0x00002b66ee133236 in RooRealVar::attachToTree (this=0x5bc6ad0, t=..., bufSize=10485760) at /cvmfs/belle.cern.ch/el7/externals/v02-00-03/src/root/roofit/roofitcore/src/RooRealVar.cxx:1105
#13 0x00002b66ee16f3bb in RooTreeDataStore::loadValues (this=0x5aa00d0, t=0x57ecca0, select=0x7ffffa83ed80) at /cvmfs/belle.cern.ch/el7/externals/v02-00-03/src/root/roofit/roofitcore/src/RooTreeDataStore.cxx:478
#14 0x00002b66ee172d47 in RooTreeDataStore::RooTreeDataStore (this=this
entry=0x5aa00d0, name=name
entry=0x58b24a8 "data", title=0x7ffffa83ed00 "\030\224\221\323f+", title
entry=0x58b24e8 "", vars=..., t=..., selExpr=selExpr
entry=0x5799460 "etapip_gg_rank==1", wgtVarName=0x0) at /cvmfs/belle.cern.ch/el7/externals/v02-00-03/src/root/roofit/roofitcore/src/RooTreeDataStore.cxx:169
#15 0x00002b66ee024238 in RooDataSet::RooDataSet (this=0x5ae8100, name=0x58b24a8 "data", title=0x58b24e8 "", theTree=0x57ecca0, vars=..., cuts=0x5799460 "etapip_gg_rank==1", wgtVarName=0x0) at /cvmfs/belle.cern.ch/el7/externals/v02-00-03/src/root/roofit/roofitcore/src/RooDataSet.cxx:786
#16 0x00002b66f196b206 in ?? ()
#17 0x0000000000000000 in ?? ()
===========================================================


The lines below might hint at the cause of the crash.
You may get help by asking at the ROOT forum https://root.cern.ch/forum
Only if you are really convinced it is a bug in ROOT then please submit a
report at https://root.cern.ch/bugs Please post the ENTIRE stack trace
from above as an attachment in addition to anything else
that might help us fixing this issue.
===========================================================
#8  0x00002b66d47d0b10 in TBranch::Init (this=0x60438f0, name=0x7ffffa83e4c9 "Dp_M", leaflist=0x7ffffa83e7b9 "Dp_M/D", compress=<optimized out>) at /cvmfs/belle.cern.ch/el7/externals/v02-00-03/src/root/tree/tree/src/TBranch.cxx:431
#9  0x00002b66d47d12bc in TBranch::TBranch (this=this
entry=0x60438f0, tree=tree
entry=0x5bc3e50, name=name
entry=0x7ffffa83e4c9 "Dp_M", address=address
entry=0x5bc6d70, leaflist=leaflist
entry=0x7ffffa83e7b9 "Dp_M/D", basketsize=basketsize
entry=10485760, compress=-1) at /cvmfs/belle.cern.ch/el7/externals/v02-00-03/src/root/tree/tree/src/TBranch.cxx:243
#10 0x00002b66d4848e2c in TTree::Branch (this=0x5bc3e50, name=0x7ffffa83e4c9 "Dp_M", address=0x5bc6d70, leaflist=0x7ffffa83e7b9 "Dp_M/D", bufsize=10485760) at /cvmfs/belle.cern.ch/el7/externals/v02-00-03/src/root/tree/tree/src/TTree.cxx:1969
#11 0x00002b66edf97e6a in RooAbsReal::attachToTree (this=this
entry=0x5bc6ad0, t=..., bufSize=bufSize
entry=10485760) at /cvmfs/belle.cern.ch/el7/externals/v02-00-03/src/root/roofit/roofitcore/src/RooAbsReal.cxx:3346
#12 0x00002b66ee133236 in RooRealVar::attachToTree (this=0x5bc6ad0, t=..., bufSize=10485760) at /cvmfs/belle.cern.ch/el7/externals/v02-00-03/src/root/roofit/roofitcore/src/RooRealVar.cxx:1105
#13 0x00002b66ee16f3bb in RooTreeDataStore::loadValues (this=0x5aa00d0, t=0x57ecca0, select=0x7ffffa83ed80) at /cvmfs/belle.cern.ch/el7/externals/v02-00-03/src/root/roofit/roofitcore/src/RooTreeDataStore.cxx:478
#14 0x00002b66ee172d47 in RooTreeDataStore::RooTreeDataStore (this=this
entry=0x5aa00d0, name=name
entry=0x58b24a8 "data", title=0x7ffffa83ed00 "030224221323f+", title
entry=0x58b24e8 "", vars=..., t=..., selExpr=selExpr
entry=0x5799460 "etapip_gg_rank==1", wgtVarName=0x0) at /cvmfs/belle.cern.ch/el7/externals/v02-00-03/src/root/roofit/roofitcore/src/RooTreeDataStore.cxx:169
#15 0x00002b66ee024238 in RooDataSet::RooDataSet (this=0x5ae8100, name=0x58b24a8 "data", title=0x58b24e8 "", theTree=0x57ecca0, vars=..., cuts=0x5799460 "etapip_gg_rank==1", wgtVarName=0x0) at /cvmfs/belle.cern.ch/el7/externals/v02-00-03/src/root/roofit/roofitcore/src/RooDataSet.cxx:786
#16 0x00002b66f196b206 in ?? ()
#17 0x0000000000000000 in ?? ()
===========================================================


Error in <TFile::TFile>: file /gpfs/home/belle2/jaeyoung/workspace/DRAW_and_FITTING/main/FITTING/etapip/MC15ri_generic/tight_v2_fit_v6/ToyMC/home/belle2/jaeyoung/storage_b2/storage/reduced_ntuples/MC15ri/etapip_eteeta/MC15ri_etaetapip_tight_v2_240708_Kp_BCS_etapi0const_ccbar.root does not exist
Error in <TFile::TFile>: file /gpfs/home/belle2/jaeyoung/workspace/DRAW_and_FITTING/main/FITTING/etapip/MC15ri_generic/tight_v2_fit_v6/ToyMC/home/belle2/jaeyoung/storage_b2/storage/reduced_ntuples/MC15ri/etapip_eteeta/MC15ri_etaetapip_tight_v2_240708_Kp_BCS_etapi0const_uubar.root does not exist
Error in <TFile::TFile>: file /gpfs/home/belle2/jaeyoung/workspace/DRAW_and_FITTING/main/FITTING/etapip/MC15ri_generic/tight_v2_fit_v6/ToyMC/home/belle2/jaeyoung/storage_b2/storage/reduced_ntuples/MC15ri/etapip_eteeta/MC15ri_etaetapip_tight_v2_240708_Kp_BCS_etapi0const_uubar.root does not exist
Error in <TFile::TFile>: file /gpfs/home/belle2/jaeyoung/workspace/DRAW_and_FITTING/main/FITTING/etapip/MC15ri_generic/tight_v2_fit_v6/ToyMC/home/belle2/jaeyoung/storage_b2/storage/reduced_ntuples/MC15ri/etapip_eteeta/MC15ri_etaetapip_tight_v2_240708_Kp_BCS_etapi0const_ssbar.root does not exist
Error in <TFile::TFile>: file /gpfs/home/belle2/jaeyoung/workspace/DRAW_and_FITTING/main/FITTING/etapip/MC15ri_generic/tight_v2_fit_v6/ToyMC/home/belle2/jaeyoung/storage_b2/storage/reduced_ntuples/MC15ri/etapip_eteeta/MC15ri_etaetapip_tight_v2_240708_Kp_BCS_etapi0const_charged.root does not exist
Error in <TFile::TFile>: file /gpfs/home/belle2/jaeyoung/workspace/DRAW_and_FITTING/main/FITTING/etapip/MC15ri_generic/tight_v2_fit_v6/ToyMC/home/belle2/jaeyoung/storage_b2/storage/reduced_ntuples/MC15ri/etapip_eteeta/MC15ri_etaetapip_tight_v2_240708_Kp_BCS_etapi0const_mixed.root does not exist
Error in <TFile::TFile>: file /gpfs/home/belle2/jaeyoung/workspace/DRAW_and_FITTING/main/FITTING/etapip/MC15ri_generic/tight_v2_fit_v6/ToyMC/home/belle2/jaeyoung/storage_b2/storage/reduced_ntuples/MC15ri/etapip_eteeta/MC15ri_etaetapip_tight_v2_240708_Kp_BCS_etapi0const_taupair.root does not exist
Error in <TFile::TFile>: file /gpfs/home/belle2/jaeyoung/workspace/DRAW_and_FITTING/main/FITTING/etapip/MC15ri_generic/tight_v2_fit_v6/ToyMC/home/belle2/jaeyoung/storage_b2/storage/reduced_ntuples/MC15ri/etapip_eteeta/MC15ri_etaetapip_tight_v2_240708_Kp_BCS_etapi0const_ccbar.root does not exist
Error in <TFile::TFile>: file /gpfs/home/belle2/jaeyoung/workspace/DRAW_and_FITTING/main/FITTING/etapip/MC15ri_generic/tight_v2_fit_v6/ToyMC/home/belle2/jaeyoung/storage_b2/storage/reduced_ntuples/MC15ri/etapip_eteeta/MC15ri_etaetapip_tight_v2_240708_Kp_BCS_etapi0const_ccbar.root does not exist
Error in <TFile::TFile>: file /gpfs/home/belle2/jaeyoung/workspace/DRAW_and_FITTING/main/FITTING/etapip/MC15ri_generic/tight_v2_fit_v6/ToyMC/home/belle2/jaeyoung/storage_b2/storage/reduced_ntuples/MC15ri/etapip_eteeta/MC15ri_etaetapip_tight_v2_240708_Kp_BCS_etapi0const_ccbar.root does not exist
Error in <TFile::TFile>: file /gpfs/home/belle2/jaeyoung/workspace/DRAW_and_FITTING/main/FITTING/etapip/MC15ri_generic/tight_v2_fit_v6/ToyMC/home/belle2/jaeyoung/storage_b2/storage/reduced_ntuples/MC15ri/etapip_eteeta/MC15ri_etaetapip_tight_v2_240708_Kp_BCS_etapi0const_ccbar.root does not exist
 *** Break *** segmentation violation



===========================================================
There was a crash.
This is the entire stack trace of all threads:
===========================================================
#0  0x00002b8842a9960c in waitpid () from /lib64/libc.so.6
#1  0x00002b8842a16f62 in do_system () from /lib64/libc.so.6
#2  0x00002b884309684c in TUnixSystem::Exec (shellcmd=<optimized out>, this=0x23c8570) at /cvmfs/belle.cern.ch/el7/externals/v02-00-03/src/root/core/unix/src/TUnixSystem.cxx:2120
#3  TUnixSystem::StackTrace (this=0x23c8570) at /cvmfs/belle.cern.ch/el7/externals/v02-00-03/src/root/core/unix/src/TUnixSystem.cxx:2411
#4  0x00002b8845d5cdd3 in (anonymous namespace)::do_trace (sig=1) at /cvmfs/belle.cern.ch/el7/externals/v02-00-03/src/root/bindings/pyroot/cppyy/cppyy-backend/clingwrapper/src/clingwrapper.cxx:182
#5  (anonymous namespace)::TExceptionHandlerImp::HandleException (this=<optimized out>, sig=1) at /cvmfs/belle.cern.ch/el7/externals/v02-00-03/src/root/bindings/pyroot/cppyy/cppyy-backend/clingwrapper/src/clingwrapper.cxx:195
#6  0x00002b8843093cd1 in TUnixSystem::DispatchSignals (this=0x23c8570, sig=kSigSegmentationViolation) at /cvmfs/belle.cern.ch/el7/externals/v02-00-03/src/root/core/unix/src/TUnixSystem.cxx:3644
#7  <signal handler called>
#8  0x00002b884411cb10 in TBranch::Init (this=0x74d7b60, name=0x7ffcf158fcf9 "Dp_M", leaflist=0x7ffcf158ffe9 "Dp_M/D", compress=<optimized out>) at /cvmfs/belle.cern.ch/el7/externals/v02-00-03/src/root/tree/tree/src/TBranch.cxx:431
#9  0x00002b884411d2bc in TBranch::TBranch (this=this
entry=0x74d7b60, tree=tree
entry=0x7059d90, name=name
entry=0x7ffcf158fcf9 "Dp_M", address=address
entry=0x705cdc0, leaflist=leaflist
entry=0x7ffcf158ffe9 "Dp_M/D", basketsize=basketsize
entry=10485760, compress=-1) at /cvmfs/belle.cern.ch/el7/externals/v02-00-03/src/root/tree/tree/src/TBranch.cxx:243
#10 0x00002b8844194e2c in TTree::Branch (this=0x7059d90, name=0x7ffcf158fcf9 "Dp_M", address=0x705cdc0, leaflist=0x7ffcf158ffe9 "Dp_M/D", bufsize=10485760) at /cvmfs/belle.cern.ch/el7/externals/v02-00-03/src/root/tree/tree/src/TTree.cxx:1969
#11 0x00002b885d8e3e6a in RooAbsReal::attachToTree (this=this
entry=0x705cb20, t=..., bufSize=bufSize
entry=10485760) at /cvmfs/belle.cern.ch/el7/externals/v02-00-03/src/root/roofit/roofitcore/src/RooAbsReal.cxx:3346
#12 0x00002b885da7f236 in RooRealVar::attachToTree (this=0x705cb20, t=..., bufSize=10485760) at /cvmfs/belle.cern.ch/el7/externals/v02-00-03/src/root/roofit/roofitcore/src/RooRealVar.cxx:1105
#13 0x00002b885dabb3bb in RooTreeDataStore::loadValues (this=0x6cb4350, t=0x6c82b70, select=0x7ffcf15905b0) at /cvmfs/belle.cern.ch/el7/externals/v02-00-03/src/root/roofit/roofitcore/src/RooTreeDataStore.cxx:478
#14 0x00002b885dabed47 in RooTreeDataStore::RooTreeDataStore (this=this
entry=0x6cb4350, name=name
entry=0x6d41048 "data", title=0x7ffcf1590530 "\030T&C\210+", title
entry=0x6d41088 "", vars=..., t=..., selExpr=selExpr
entry=0x6b7c890 "etapip_gg_rank==1", wgtVarName=0x0) at /cvmfs/belle.cern.ch/el7/externals/v02-00-03/src/root/roofit/roofitcore/src/RooTreeDataStore.cxx:169
#15 0x00002b885d970238 in RooDataSet::RooDataSet (this=0x6f7e090, name=0x6d41048 "data", title=0x6d41088 "", theTree=0x6c82b70, vars=..., cuts=0x6b7c890 "etapip_gg_rank==1", wgtVarName=0x0) at /cvmfs/belle.cern.ch/el7/externals/v02-00-03/src/root/roofit/roofitcore/src/RooDataSet.cxx:786
#16 0x00002b88612b7206 in ?? ()
#17 0x0000000000000000 in ?? ()
===========================================================


The lines below might hint at the cause of the crash.
You may get help by asking at the ROOT forum https://root.cern.ch/forum
Only if you are really convinced it is a bug in ROOT then please submit a
report at https://root.cern.ch/bugs Please post the ENTIRE stack trace
from above as an attachment in addition to anything else
that might help us fixing this issue.
===========================================================
#8  0x00002b884411cb10 in TBranch::Init (this=0x74d7b60, name=0x7ffcf158fcf9 "Dp_M", leaflist=0x7ffcf158ffe9 "Dp_M/D", compress=<optimized out>) at /cvmfs/belle.cern.ch/el7/externals/v02-00-03/src/root/tree/tree/src/TBranch.cxx:431
#9  0x00002b884411d2bc in TBranch::TBranch (this=this
entry=0x74d7b60, tree=tree
entry=0x7059d90, name=name
entry=0x7ffcf158fcf9 "Dp_M", address=address
entry=0x705cdc0, leaflist=leaflist
entry=0x7ffcf158ffe9 "Dp_M/D", basketsize=basketsize
entry=10485760, compress=-1) at /cvmfs/belle.cern.ch/el7/externals/v02-00-03/src/root/tree/tree/src/TBranch.cxx:243
#10 0x00002b8844194e2c in TTree::Branch (this=0x7059d90, name=0x7ffcf158fcf9 "Dp_M", address=0x705cdc0, leaflist=0x7ffcf158ffe9 "Dp_M/D", bufsize=10485760) at /cvmfs/belle.cern.ch/el7/externals/v02-00-03/src/root/tree/tree/src/TTree.cxx:1969
#11 0x00002b885d8e3e6a in RooAbsReal::attachToTree (this=this
entry=0x705cb20, t=..., bufSize=bufSize
entry=10485760) at /cvmfs/belle.cern.ch/el7/externals/v02-00-03/src/root/roofit/roofitcore/src/RooAbsReal.cxx:3346
#12 0x00002b885da7f236 in RooRealVar::attachToTree (this=0x705cb20, t=..., bufSize=10485760) at /cvmfs/belle.cern.ch/el7/externals/v02-00-03/src/root/roofit/roofitcore/src/RooRealVar.cxx:1105
#13 0x00002b885dabb3bb in RooTreeDataStore::loadValues (this=0x6cb4350, t=0x6c82b70, select=0x7ffcf15905b0) at /cvmfs/belle.cern.ch/el7/externals/v02-00-03/src/root/roofit/roofitcore/src/RooTreeDataStore.cxx:478
#14 0x00002b885dabed47 in RooTreeDataStore::RooTreeDataStore (this=this
entry=0x6cb4350, name=name
entry=0x6d41048 "data", title=0x7ffcf1590530 "030T&C210+", title
entry=0x6d41088 "", vars=..., t=..., selExpr=selExpr
entry=0x6b7c890 "etapip_gg_rank==1", wgtVarName=0x0) at /cvmfs/belle.cern.ch/el7/externals/v02-00-03/src/root/roofit/roofitcore/src/RooTreeDataStore.cxx:169
#15 0x00002b885d970238 in RooDataSet::RooDataSet (this=0x6f7e090, name=0x6d41048 "data", title=0x6d41088 "", theTree=0x6c82b70, vars=..., cuts=0x6b7c890 "etapip_gg_rank==1", wgtVarName=0x0) at /cvmfs/belle.cern.ch/el7/externals/v02-00-03/src/root/roofit/roofitcore/src/RooDataSet.cxx:786
#16 0x00002b88612b7206 in ?? ()
#17 0x0000000000000000 in ?? ()
===========================================================


 *** Break *** segmentation violation



===========================================================
There was a crash.
This is the entire stack trace of all threads:
===========================================================
#0  0x00002b8842a9960c in waitpid () from /lib64/libc.so.6
#1  0x00002b8842a16f62 in do_system () from /lib64/libc.so.6
#2  0x00002b884309684c in TUnixSystem::Exec (shellcmd=<optimized out>, this=0x23c8570) at /cvmfs/belle.cern.ch/el7/externals/v02-00-03/src/root/core/unix/src/TUnixSystem.cxx:2120
#3  TUnixSystem::StackTrace (this=0x23c8570) at /cvmfs/belle.cern.ch/el7/externals/v02-00-03/src/root/core/unix/src/TUnixSystem.cxx:2411
#4  0x00002b8845d5cc53 in (anonymous namespace)::do_trace (sig=1) at /cvmfs/belle.cern.ch/el7/externals/v02-00-03/src/root/bindings/pyroot/cppyy/cppyy-backend/clingwrapper/src/clingwrapper.cxx:182
#5  (anonymous namespace)::TExceptionHandlerImp::HandleException (this=<optimized out>, sig=1) at /cvmfs/belle.cern.ch/el7/externals/v02-00-03/src/root/bindings/pyroot/cppyy/cppyy-backend/clingwrapper/src/clingwrapper.cxx:201
#6  0x00002b8843093cd1 in TUnixSystem::DispatchSignals (this=0x23c8570, sig=kSigSegmentationViolation) at /cvmfs/belle.cern.ch/el7/externals/v02-00-03/src/root/core/unix/src/TUnixSystem.cxx:3644
#7  <signal handler called>
#8  0x00002b884411cb10 in TBranch::Init (this=0x74d7b60, name=0x7ffcf158fcf9 "Dp_M", leaflist=0x7ffcf158ffe9 "Dp_M/D", compress=<optimized out>) at /cvmfs/belle.cern.ch/el7/externals/v02-00-03/src/root/tree/tree/src/TBranch.cxx:431
#9  0x00002b884411d2bc in TBranch::TBranch (this=this
entry=0x74d7b60, tree=tree
entry=0x7059d90, name=name
entry=0x7ffcf158fcf9 "Dp_M", address=address
entry=0x705cdc0, leaflist=leaflist
entry=0x7ffcf158ffe9 "Dp_M/D", basketsize=basketsize
entry=10485760, compress=-1) at /cvmfs/belle.cern.ch/el7/externals/v02-00-03/src/root/tree/tree/src/TBranch.cxx:243
#10 0x00002b8844194e2c in TTree::Branch (this=0x7059d90, name=0x7ffcf158fcf9 "Dp_M", address=0x705cdc0, leaflist=0x7ffcf158ffe9 "Dp_M/D", bufsize=10485760) at /cvmfs/belle.cern.ch/el7/externals/v02-00-03/src/root/tree/tree/src/TTree.cxx:1969
#11 0x00002b885d8e3e6a in RooAbsReal::attachToTree (this=this
entry=0x705cb20, t=..., bufSize=bufSize
entry=10485760) at /cvmfs/belle.cern.ch/el7/externals/v02-00-03/src/root/roofit/roofitcore/src/RooAbsReal.cxx:3346
#12 0x00002b885da7f236 in RooRealVar::attachToTree (this=0x705cb20, t=..., bufSize=10485760) at /cvmfs/belle.cern.ch/el7/externals/v02-00-03/src/root/roofit/roofitcore/src/RooRealVar.cxx:1105
#13 0x00002b885dabb3bb in RooTreeDataStore::loadValues (this=0x6cb4350, t=0x6c82b70, select=0x7ffcf15905b0) at /cvmfs/belle.cern.ch/el7/externals/v02-00-03/src/root/roofit/roofitcore/src/RooTreeDataStore.cxx:478
#14 0x00002b885dabed47 in RooTreeDataStore::RooTreeDataStore (this=this
entry=0x6cb4350, name=name
entry=0x6d41048 "data", title=0x7ffcf1590530 "\030T&C\210+", title
entry=0x6d41088 "", vars=..., t=..., selExpr=selExpr
entry=0x6b7c890 "etapip_gg_rank==1", wgtVarName=0x0) at /cvmfs/belle.cern.ch/el7/externals/v02-00-03/src/root/roofit/roofitcore/src/RooTreeDataStore.cxx:169
#15 0x00002b885d970238 in RooDataSet::RooDataSet (this=0x6f7e090, name=0x6d41048 "data", title=0x6d41088 "", theTree=0x6c82b70, vars=..., cuts=0x6b7c890 "etapip_gg_rank==1", wgtVarName=0x0) at /cvmfs/belle.cern.ch/el7/externals/v02-00-03/src/root/roofit/roofitcore/src/RooDataSet.cxx:786
#16 0x00002b88612b7206 in ?? ()
#17 0x0000000000000000 in ?? ()
===========================================================


The lines below might hint at the cause of the crash.
You may get help by asking at the ROOT forum https://root.cern.ch/forum
Only if you are really convinced it is a bug in ROOT then please submit a
report at https://root.cern.ch/bugs Please post the ENTIRE stack trace
from above as an attachment in addition to anything else
that might help us fixing this issue.
===========================================================
#8  0x00002b884411cb10 in TBranch::Init (this=0x74d7b60, name=0x7ffcf158fcf9 "Dp_M", leaflist=0x7ffcf158ffe9 "Dp_M/D", compress=<optimized out>) at /cvmfs/belle.cern.ch/el7/externals/v02-00-03/src/root/tree/tree/src/TBranch.cxx:431
#9  0x00002b884411d2bc in TBranch::TBranch (this=this
entry=0x74d7b60, tree=tree
entry=0x7059d90, name=name
entry=0x7ffcf158fcf9 "Dp_M", address=address
entry=0x705cdc0, leaflist=leaflist
entry=0x7ffcf158ffe9 "Dp_M/D", basketsize=basketsize
entry=10485760, compress=-1) at /cvmfs/belle.cern.ch/el7/externals/v02-00-03/src/root/tree/tree/src/TBranch.cxx:243
#10 0x00002b8844194e2c in TTree::Branch (this=0x7059d90, name=0x7ffcf158fcf9 "Dp_M", address=0x705cdc0, leaflist=0x7ffcf158ffe9 "Dp_M/D", bufsize=10485760) at /cvmfs/belle.cern.ch/el7/externals/v02-00-03/src/root/tree/tree/src/TTree.cxx:1969
#11 0x00002b885d8e3e6a in RooAbsReal::attachToTree (this=this
entry=0x705cb20, t=..., bufSize=bufSize
entry=10485760) at /cvmfs/belle.cern.ch/el7/externals/v02-00-03/src/root/roofit/roofitcore/src/RooAbsReal.cxx:3346
#12 0x00002b885da7f236 in RooRealVar::attachToTree (this=0x705cb20, t=..., bufSize=10485760) at /cvmfs/belle.cern.ch/el7/externals/v02-00-03/src/root/roofit/roofitcore/src/RooRealVar.cxx:1105
#13 0x00002b885dabb3bb in RooTreeDataStore::loadValues (this=0x6cb4350, t=0x6c82b70, select=0x7ffcf15905b0) at /cvmfs/belle.cern.ch/el7/externals/v02-00-03/src/root/roofit/roofitcore/src/RooTreeDataStore.cxx:478
#14 0x00002b885dabed47 in RooTreeDataStore::RooTreeDataStore (this=this
entry=0x6cb4350, name=name
entry=0x6d41048 "data", title=0x7ffcf1590530 "030T&C210+", title
entry=0x6d41088 "", vars=..., t=..., selExpr=selExpr
entry=0x6b7c890 "etapip_gg_rank==1", wgtVarName=0x0) at /cvmfs/belle.cern.ch/el7/externals/v02-00-03/src/root/roofit/roofitcore/src/RooTreeDataStore.cxx:169
#15 0x00002b885d970238 in RooDataSet::RooDataSet (this=0x6f7e090, name=0x6d41048 "data", title=0x6d41088 "", theTree=0x6c82b70, vars=..., cuts=0x6b7c890 "etapip_gg_rank==1", wgtVarName=0x0) at /cvmfs/belle.cern.ch/el7/externals/v02-00-03/src/root/roofit/roofitcore/src/RooDataSet.cxx:786
#16 0x00002b88612b7206 in ?? ()
#17 0x0000000000000000 in ?? ()
===========================================================


Info in <TMinuitMinimizer::Minimize>: Finished to run MIGRAD - status 4
Info in <TMinuitMinimizer::Minimize>: Finished to run MIGRAD - status 4
Error in <TGClient::TGClient>: can't open display "ccw07:57.0", switching to batch mode...
 In case you run from a remote ssh session, reconnect with ssh -Y
Error in <TFile::TFile>: file /home/belle2/jaeyoung/storage_b2/storage/reduced_ntuples/MC15ri/etapip_eteeta/MC15ri_etaetapip_tight_v2_240708_Kp_BCS_etapi0const_ccbar.root does not exist
Error in <TFile::TFile>: file /home/belle2/jaeyoung/storage_b2/storage/reduced_ntuples/MC15ri/etapip_eteeta/MC15ri_etaetapip_tight_v2_240708_Kp_BCS_etapi0const_uubar.root does not exist
Error in <TFile::TFile>: file /home/belle2/jaeyoung/storage_b2/storage/reduced_ntuples/MC15ri/etapip_eteeta/MC15ri_etaetapip_tight_v2_240708_Kp_BCS_etapi0const_uubar.root does not exist
Error in <TFile::TFile>: file /home/belle2/jaeyoung/storage_b2/storage/reduced_ntuples/MC15ri/etapip_eteeta/MC15ri_etaetapip_tight_v2_240708_Kp_BCS_etapi0const_ssbar.root does not exist
Error in <TFile::TFile>: file /home/belle2/jaeyoung/storage_b2/storage/reduced_ntuples/MC15ri/etapip_eteeta/MC15ri_etaetapip_tight_v2_240708_Kp_BCS_etapi0const_charged.root does not exist
Error in <TFile::TFile>: file /home/belle2/jaeyoung/storage_b2/storage/reduced_ntuples/MC15ri/etapip_eteeta/MC15ri_etaetapip_tight_v2_240708_Kp_BCS_etapi0const_mixed.root does not exist
Error in <TFile::TFile>: file /home/belle2/jaeyoung/storage_b2/storage/reduced_ntuples/MC15ri/etapip_eteeta/MC15ri_etaetapip_tight_v2_240708_Kp_BCS_etapi0const_taupair.root does not exist
Error in <TFile::TFile>: file /home/belle2/jaeyoung/storage_b2/storage/reduced_ntuples/MC15ri/etapip_eteeta/MC15ri_etaetapip_tight_v2_240708_Kp_BCS_etapi0const_ccbar.root does not exist
Error in <TFile::TFile>: file /home/belle2/jaeyoung/storage_b2/storage/reduced_ntuples/MC15ri/etapip_eteeta/MC15ri_etaetapip_tight_v2_240708_Kp_BCS_etapi0const_ccbar.root does not exist
Error in <TFile::TFile>: file /home/belle2/jaeyoung/storage_b2/storage/reduced_ntuples/MC15ri/etapip_eteeta/MC15ri_etaetapip_tight_v2_240708_Kp_BCS_etapi0const_ccbar.root does not exist
Error in <TFile::TFile>: file /home/belle2/jaeyoung/storage_b2/storage/reduced_ntuples/MC15ri/etapip_eteeta/MC15ri_etaetapip_tight_v2_240708_Kp_BCS_etapi0const_ccbar.root does not exist
 *** Break *** segmentation violation



===========================================================
There was a crash.
This is the entire stack trace of all threads:
===========================================================
#0  0x00002b47691b560c in waitpid () from /lib64/libc.so.6
#1  0x00002b4769132f62 in do_system () from /lib64/libc.so.6
#2  0x00002b47697b284c in TUnixSystem::Exec (shellcmd=<optimized out>, this=0x207c570) at /cvmfs/belle.cern.ch/el7/externals/v02-00-03/src/root/core/unix/src/TUnixSystem.cxx:2120
#3  TUnixSystem::StackTrace (this=0x207c570) at /cvmfs/belle.cern.ch/el7/externals/v02-00-03/src/root/core/unix/src/TUnixSystem.cxx:2411
#4  0x00002b476c478dd3 in (anonymous namespace)::do_trace (sig=1) at /cvmfs/belle.cern.ch/el7/externals/v02-00-03/src/root/bindings/pyroot/cppyy/cppyy-backend/clingwrapper/src/clingwrapper.cxx:182
#5  (anonymous namespace)::TExceptionHandlerImp::HandleException (this=<optimized out>, sig=1) at /cvmfs/belle.cern.ch/el7/externals/v02-00-03/src/root/bindings/pyroot/cppyy/cppyy-backend/clingwrapper/src/clingwrapper.cxx:195
#6  0x00002b47697afcd1 in TUnixSystem::DispatchSignals (this=0x207c570, sig=kSigSegmentationViolation) at /cvmfs/belle.cern.ch/el7/externals/v02-00-03/src/root/core/unix/src/TUnixSystem.cxx:3644
#7  <signal handler called>
#8  0x00002b476a838b10 in TBranch::Init (this=0x6b08290, name=0x7fff6f967799 "Dp_M", leaflist=0x7fff6f967a89 "Dp_M/D", compress=<optimized out>) at /cvmfs/belle.cern.ch/el7/externals/v02-00-03/src/root/tree/tree/src/TBranch.cxx:431
#9  0x00002b476a8392bc in TBranch::TBranch (this=this
entry=0x6b08290, tree=tree
entry=0x6e07730, name=name
entry=0x7fff6f967799 "Dp_M", address=address
entry=0x722a640, leaflist=leaflist
entry=0x7fff6f967a89 "Dp_M/D", basketsize=basketsize
entry=10485760, compress=-1) at /cvmfs/belle.cern.ch/el7/externals/v02-00-03/src/root/tree/tree/src/TBranch.cxx:243
#10 0x00002b476a8b0e2c in TTree::Branch (this=0x6e07730, name=0x7fff6f967799 "Dp_M", address=0x722a640, leaflist=0x7fff6f967a89 "Dp_M/D", bufsize=10485760) at /cvmfs/belle.cern.ch/el7/externals/v02-00-03/src/root/tree/tree/src/TTree.cxx:1969
#11 0x00002b47858f8e6a in RooAbsReal::attachToTree (this=this
entry=0x722a3a0, t=..., bufSize=bufSize
entry=10485760) at /cvmfs/belle.cern.ch/el7/externals/v02-00-03/src/root/roofit/roofitcore/src/RooAbsReal.cxx:3346
#12 0x00002b4785a94236 in RooRealVar::attachToTree (this=0x722a3a0, t=..., bufSize=10485760) at /cvmfs/belle.cern.ch/el7/externals/v02-00-03/src/root/roofit/roofitcore/src/RooRealVar.cxx:1105
#13 0x00002b4785ad03bb in RooTreeDataStore::loadValues (this=0x6a2dae0, t=0x6a0d5b0, select=0x7fff6f968050) at /cvmfs/belle.cern.ch/el7/externals/v02-00-03/src/root/roofit/roofitcore/src/RooTreeDataStore.cxx:478
#14 0x00002b4785ad3d47 in RooTreeDataStore::RooTreeDataStore (this=this
entry=0x6a2dae0, name=name
entry=0x6cd0728 "data", title=0x7fff6f967fd0 "\030\024\230iG+", title
entry=0x6cd0768 "", vars=..., t=..., selExpr=selExpr
entry=0x6a1b690 "etapip_gg_rank==1", wgtVarName=0x0) at /cvmfs/belle.cern.ch/el7/externals/v02-00-03/src/root/roofit/roofitcore/src/RooTreeDataStore.cxx:169
#15 0x00002b4785985238 in RooDataSet::RooDataSet (this=0x6d2cd80, name=0x6cd0728 "data", title=0x6cd0768 "", theTree=0x6a0d5b0, vars=..., cuts=0x6a1b690 "etapip_gg_rank==1", wgtVarName=0x0) at /cvmfs/belle.cern.ch/el7/externals/v02-00-03/src/root/roofit/roofitcore/src/RooDataSet.cxx:786
#16 0x00002b4789343206 in ?? ()
#17 0x0000000000000000 in ?? ()
===========================================================


The lines below might hint at the cause of the crash.
You may get help by asking at the ROOT forum https://root.cern.ch/forum
Only if you are really convinced it is a bug in ROOT then please submit a
report at https://root.cern.ch/bugs Please post the ENTIRE stack trace
from above as an attachment in addition to anything else
that might help us fixing this issue.
===========================================================
#8  0x00002b476a838b10 in TBranch::Init (this=0x6b08290, name=0x7fff6f967799 "Dp_M", leaflist=0x7fff6f967a89 "Dp_M/D", compress=<optimized out>) at /cvmfs/belle.cern.ch/el7/externals/v02-00-03/src/root/tree/tree/src/TBranch.cxx:431
#9  0x00002b476a8392bc in TBranch::TBranch (this=this
entry=0x6b08290, tree=tree
entry=0x6e07730, name=name
entry=0x7fff6f967799 "Dp_M", address=address
entry=0x722a640, leaflist=leaflist
entry=0x7fff6f967a89 "Dp_M/D", basketsize=basketsize
entry=10485760, compress=-1) at /cvmfs/belle.cern.ch/el7/externals/v02-00-03/src/root/tree/tree/src/TBranch.cxx:243
#10 0x00002b476a8b0e2c in TTree::Branch (this=0x6e07730, name=0x7fff6f967799 "Dp_M", address=0x722a640, leaflist=0x7fff6f967a89 "Dp_M/D", bufsize=10485760) at /cvmfs/belle.cern.ch/el7/externals/v02-00-03/src/root/tree/tree/src/TTree.cxx:1969
#11 0x00002b47858f8e6a in RooAbsReal::attachToTree (this=this
entry=0x722a3a0, t=..., bufSize=bufSize
entry=10485760) at /cvmfs/belle.cern.ch/el7/externals/v02-00-03/src/root/roofit/roofitcore/src/RooAbsReal.cxx:3346
#12 0x00002b4785a94236 in RooRealVar::attachToTree (this=0x722a3a0, t=..., bufSize=10485760) at /cvmfs/belle.cern.ch/el7/externals/v02-00-03/src/root/roofit/roofitcore/src/RooRealVar.cxx:1105
#13 0x00002b4785ad03bb in RooTreeDataStore::loadValues (this=0x6a2dae0, t=0x6a0d5b0, select=0x7fff6f968050) at /cvmfs/belle.cern.ch/el7/externals/v02-00-03/src/root/roofit/roofitcore/src/RooTreeDataStore.cxx:478
#14 0x00002b4785ad3d47 in RooTreeDataStore::RooTreeDataStore (this=this
entry=0x6a2dae0, name=name
entry=0x6cd0728 "data", title=0x7fff6f967fd0 "030024230iG+", title
entry=0x6cd0768 "", vars=..., t=..., selExpr=selExpr
entry=0x6a1b690 "etapip_gg_rank==1", wgtVarName=0x0) at /cvmfs/belle.cern.ch/el7/externals/v02-00-03/src/root/roofit/roofitcore/src/RooTreeDataStore.cxx:169
#15 0x00002b4785985238 in RooDataSet::RooDataSet (this=0x6d2cd80, name=0x6cd0728 "data", title=0x6cd0768 "", theTree=0x6a0d5b0, vars=..., cuts=0x6a1b690 "etapip_gg_rank==1", wgtVarName=0x0) at /cvmfs/belle.cern.ch/el7/externals/v02-00-03/src/root/roofit/roofitcore/src/RooDataSet.cxx:786
#16 0x00002b4789343206 in ?? ()
#17 0x0000000000000000 in ?? ()
===========================================================


Error in <TFile::TFile>: file /home/belle2/jaeyoung/storage_b2/storage/reduced_ntuples/MC15ri/etapip_eteeta/MC15ri_etaetapip_tight_v2_240708_Kp_BCS_etapi0const_ccbar.root does not exist
Error in <TFile::TFile>: file /home/belle2/jaeyoung/storage_b2/storage/reduced_ntuples/MC15ri/etapip_eteeta/MC15ri_etaetapip_tight_v2_240708_Kp_BCS_etapi0const_uubar.root does not exist
Error in <TFile::TFile>: file /home/belle2/jaeyoung/storage_b2/storage/reduced_ntuples/MC15ri/etapip_eteeta/MC15ri_etaetapip_tight_v2_240708_Kp_BCS_etapi0const_uubar.root does not exist
Error in <TFile::TFile>: file /home/belle2/jaeyoung/storage_b2/storage/reduced_ntuples/MC15ri/etapip_eteeta/MC15ri_etaetapip_tight_v2_240708_Kp_BCS_etapi0const_ssbar.root does not exist
Error in <TFile::TFile>: file /home/belle2/jaeyoung/storage_b2/storage/reduced_ntuples/MC15ri/etapip_eteeta/MC15ri_etaetapip_tight_v2_240708_Kp_BCS_etapi0const_charged.root does not exist
Error in <TFile::TFile>: file /home/belle2/jaeyoung/storage_b2/storage/reduced_ntuples/MC15ri/etapip_eteeta/MC15ri_etaetapip_tight_v2_240708_Kp_BCS_etapi0const_mixed.root does not exist
Error in <TFile::TFile>: file /home/belle2/jaeyoung/storage_b2/storage/reduced_ntuples/MC15ri/etapip_eteeta/MC15ri_etaetapip_tight_v2_240708_Kp_BCS_etapi0const_taupair.root does not exist
Error in <TFile::TFile>: file /home/belle2/jaeyoung/storage_b2/storage/reduced_ntuples/MC15ri/etapip_eteeta/MC15ri_etaetapip_tight_v2_240708_Kp_BCS_etapi0const_ccbar.root does not exist
Error in <TFile::TFile>: file /home/belle2/jaeyoung/storage_b2/storage/reduced_ntuples/MC15ri/etapip_eteeta/MC15ri_etaetapip_tight_v2_240708_Kp_BCS_etapi0const_ccbar.root does not exist
Error in <TFile::TFile>: file /home/belle2/jaeyoung/storage_b2/storage/reduced_ntuples/MC15ri/etapip_eteeta/MC15ri_etaetapip_tight_v2_240708_Kp_BCS_etapi0const_ccbar.root does not exist
Error in <TFile::TFile>: file /home/belle2/jaeyoung/storage_b2/storage/reduced_ntuples/MC15ri/etapip_eteeta/MC15ri_etaetapip_tight_v2_240708_Kp_BCS_etapi0const_ccbar.root does not exist
Error in <TFile::TFile>: file /home/belle2/jaeyoung/storage_b2/storage/reduced_ntuples/MC15ri/etapip_eteeta/MC15ri_etaetapip_tight_v2_240708_Kp_BCS_etapi0const_ccbar.root does not exist
Error in <TFile::TFile>: file /home/belle2/jaeyoung/storage_b2/storage/reduced_ntuples/MC15ri/etapip_eteeta/MC15ri_etaetapip_tight_v2_240708_Kp_BCS_etapi0const_ccbar.root does not exist
Error in <TFile::TFile>: file /home/belle2/jaeyoung/storage_b2/storage/reduced_ntuples/MC15ri/etapip_eteeta/MC15ri_etaetapip_tight_v2_240708_Kp_BCS_etapi0const_ccbar.root does not exist
Error in <TFile::TFile>: file /home/belle2/jaeyoung/storage_b2/storage/reduced_ntuples/MC15ri/etapip_eteeta/MC15ri_etaetapip_tight_v2_240708_Kp_BCS_etapi0const_ccbar.root does not exist
Error in <TFile::TFile>: file /home/belle2/jaeyoung/storage_b2/storage/reduced_ntuples/MC15ri/etapip_eteeta/MC15ri_etaetapip_tight_v2_240708_Kp_BCS_etapi0const_ccbar.root does not exist
Error in <TFile::TFile>: file /home/belle2/jaeyoung/storage_b2/storage/reduced_ntuples/MC15ri/etapip_eteeta/MC15ri_etaetapip_tight_v2_240708_Kp_BCS_etapi0const_ccbar.root does not exist
Error in <TFile::TFile>: file /home/belle2/jaeyoung/storage_b2/storage/reduced_ntuples/MC15ri/etapip_eteeta/MC15ri_etaetapip_tight_v2_240708_Kp_BCS_etapi0const_ccbar.root does not exist
Error in <TFile::TFile>: file /home/belle2/jaeyoung/storage_b2/storage/reduced_ntuples/MC15ri/etapip_eteeta/MC15ri_etaetapip_tight_v2_240708_Kp_BCS_etapi0const_ccbar.root does not exist
Error in <TFile::TFile>: file /home/belle2/jaeyoung/storage_b2/storage/reduced_ntuples/MC15ri/etapip_eteeta/MC15ri_etaetapip_tight_v2_240708_Kp_BCS_etapi0const_ccbar.root does not exist
Error in <TFile::TFile>: file /home/belle2/jaeyoung/storage_b2/storage/reduced_ntuples/MC15ri/etapip_eteeta/MC15ri_etaetapip_tight_v2_240708_Kp_BCS_etapi0const_ccbar.root does not exist
Error in <TFile::TFile>: file /home/belle2/jaeyoung/storage_b2/storage/reduced_ntuples/MC15ri/etapip_eteeta/MC15ri_etaetapip_tight_v2_240708_Kp_BCS_etapi0const_ccbar.root does not exist
Error in <TFile::TFile>: file /home/belle2/jaeyoung/storage_b2/storage/reduced_ntuples/MC15ri/etapip_eteeta/MC15ri_etaetapip_tight_v2_240708_Kp_BCS_etapi0const_ccbar.root does not exist
Error in <TFile::TFile>: file /home/belle2/jaeyoung/storage_b2/storage/reduced_ntuples/MC15ri/etapip_eteeta/MC15ri_etaetapip_tight_v2_240708_Kp_BCS_etapi0const_ccbar.root does not exist
Error in <TFile::TFile>: file /home/belle2/jaeyoung/storage_b2/storage/reduced_ntuples/MC15ri/etapip_eteeta/MC15ri_etaetapip_tight_v2_240708_Kp_BCS_etapi0const_ccbar.root does not exist
Error in <TFile::TFile>: file /home/belle2/jaeyoung/storage_b2/storage/reduced_ntuples/MC15ri/etapip_eteeta/MC15ri_etaetapip_tight_v2_240708_Kp_BCS_etapi0const_ccbar.root does not exist
Error in <TFile::TFile>: file /home/belle2/jaeyoung/storage_b2/storage/reduced_ntuples/MC15ri/etapip_eteeta/MC15ri_etaetapip_tight_v2_240708_Kp_BCS_etapi0const_ccbar.root does not exist
Error in <TFile::TFile>: file /home/belle2/jaeyoung/storage_b2/storage/reduced_ntuples/MC15ri/etapip_eteeta/MC15ri_etaetapip_tight_v2_240708_Kp_BCS_etapi0const_ccbar.root does not exist
Error in <TFile::TFile>: file /home/belle2/jaeyoung/storage_b2/storage/reduced_ntuples/MC15ri/etapip_eteeta/MC15ri_etaetapip_tight_v2_240708_Kp_BCS_etapi0const_ccbar.root does not exist
Error in <TFile::TFile>: file /home/belle2/jaeyoung/storage_b2/storage/reduced_ntuples/MC15ri/etapip_eteeta/MC15ri_etaetapip_tight_v2_240708_Kp_BCS_etapi0const_ccbar.root does not exist
Traceback (most recent call last):
  File "/gpfs/home/belle2/jaeyoung/workspace/DRAW_and_FITTING/main/FITTING/etapip/MC15ri_generic/tight_v2_fit_v6/ToyMC/etapip_gg_fit_v6_toymc_100.py", line 88, in <module>
    before_data = ROOT.RooDataSet("data","", mychain, ROOT.RooArgSet(x,chiProb_rank,Pip_charge), cuts)
TypeError: none of the 8 overloaded methods succeeded. Full details:
  RooDataSet::RooDataSet(const char* name, const char* title, TTree* tree, const RooArgSet& vars, const RooFormulaVar& cutVar, const char* wgtVarName = 0) =>
    TypeError: could not convert argument 5
  RooDataSet::RooDataSet(const char* name, const char* title, RooDataSet* data, const RooArgSet& vars, const RooFormulaVar& cutVar, const char* wgtVarName = 0) =>
    TypeError: could not convert argument 3
  RooDataSet::RooDataSet(const char* name, const char* title, TTree* tree, const RooArgSet& vars, const char* cuts = 0, const char* wgtVarName = 0) =>
    SegmentationViolation: segfault in C++; program state was reset
  RooDataSet::RooDataSet(const char* name, const char* title, const RooArgSet& vars, const RooCmdArg& arg1, const RooCmdArg& arg2 = RooCmdArg(), const RooCmdArg& arg3 = RooCmdArg(), const RooCmdArg& arg4 = RooCmdArg(), const RooCmdArg& arg5 = RooCmdArg(), const RooCmdArg& arg6 = RooCmdArg(), const RooCmdArg& arg7 = RooCmdArg(), const RooCmdArg& arg8 = RooCmdArg()) =>
    TypeError: could not convert argument 3
  RooDataSet::RooDataSet(const char* name, const char* title, RooDataSet* data, const RooArgSet& vars, const char* cuts = 0, const char* wgtVarName = 0) =>
    TypeError: could not convert argument 3
  RooDataSet::RooDataSet(const RooDataSet& other, const char* newname = 0) =>
    TypeError: takes at most 2 arguments (5 given)
  RooDataSet::RooDataSet() =>
    TypeError: takes at most 0 arguments (5 given)
  RooDataSet::RooDataSet(const char* name, const char* title, const RooArgSet& vars, const char* wgtVarName = 0) =>
    TypeError: takes at most 4 arguments (5 given)
Error in <TGClient::TGClient>: can't open display "ccw07:57.0", switching to batch mode...
 In case you run from a remote ssh session, reconnect with ssh -Y
Info in <TMinuitMinimizer::Minimize>: Finished to run MIGRAD - status 4
Info in <TMinuitMinimizer::Minimize>: Finished to run MIGRAD - status 4
