Sender: LSF System <lsfadmin@ccb085>
Subject: Job 26252925: <bash -c "basf2 etapip_gg_fit_v6_toymc_100.py 85 > /home/belle2/jaeyoung/storage_ghi/Ntuples_ghi_2/MC15ri_generic/MC15ri_etaetapip_tight_v2_240419_Kp_BCS_etapi0const/bsub_log//MC15ri_etapip_gg_fitv6_toyMC_100_85.log"> in cluster <centralcluster> Exited

Job <bash -c "basf2 etapip_gg_fit_v6_toymc_100.py 85 > /home/belle2/jaeyoung/storage_ghi/Ntuples_ghi_2/MC15ri_generic/MC15ri_etaetapip_tight_v2_240419_Kp_BCS_etapi0const/bsub_log//MC15ri_etapip_gg_fitv6_toyMC_100_85.log"> was submitted from host <ccw03> by user <jaeyoung> in cluster <centralcluster> at Thu Jun 13 23:20:05 2024
Job was executed on host(s) <ccb085>, in queue <h>, as user <jaeyoung> in cluster <centralcluster> at Thu Jun 13 23:20:06 2024
</home/belle2/jaeyoung> was used as the home directory.
</home/belle2/jaeyoung/workspace/DRAW_and_FITTING/main/FITTING/etapip/MC15ri_generic/tight_v2_fit_v6/ToyMC> was used as the working directory.
Started at Thu Jun 13 23:20:06 2024
Terminated at Thu Jun 13 23:21:35 2024
Results reported at Thu Jun 13 23:21:35 2024

Your job looked like:

------------------------------------------------------------
# LSBATCH: User input
bash -c "basf2 etapip_gg_fit_v6_toymc_100.py 85 > /home/belle2/jaeyoung/storage_ghi/Ntuples_ghi_2/MC15ri_generic/MC15ri_etaetapip_tight_v2_240419_Kp_BCS_etapi0const/bsub_log//MC15ri_etapip_gg_fitv6_toyMC_100_85.log"
------------------------------------------------------------

TERM_PROCESSLIMIT: job killed after reaching LSF process limit.
Exited with exit code 143.

Resource usage summary:

    CPU time :                                   86.00 sec.
    Max Memory :                                 398 MB
    Average Memory :                             265.73 MB
    Total Requested Memory :                     4000.00 MB
    Delta Memory :                               3602.00 MB
    Max Swap :                                   -
    Max Processes :                              34
    Max Threads :                                35
    Run time :                                   89 sec.
    Turnaround time :                            90 sec.

The output (if any) follows:



PS:

Read file <85.err> for stderr output of this job.

Sender: LSF System <lsfadmin@ccb186>
Subject: Job 26269957: <bash -c "basf2 etapip_gg_fit_v6_toymc_100.py 85 > /home/belle2/jaeyoung/storage_ghi/Ntuples_ghi_2/MC15ri_generic/MC15ri_etaetapip_tight_v2_240419_Kp_BCS_etapi0const/bsub_log//MC15ri_etapip_gg_fitv6_toyMC_100_85.log"> in cluster <centralcluster> Exited

Job <bash -c "basf2 etapip_gg_fit_v6_toymc_100.py 85 > /home/belle2/jaeyoung/storage_ghi/Ntuples_ghi_2/MC15ri_generic/MC15ri_etaetapip_tight_v2_240419_Kp_BCS_etapi0const/bsub_log//MC15ri_etapip_gg_fitv6_toyMC_100_85.log"> was submitted from host <ccw03> by user <jaeyoung> in cluster <centralcluster> at Thu Jun 13 23:35:26 2024
Job was executed on host(s) <ccb186>, in queue <h>, as user <jaeyoung> in cluster <centralcluster> at Thu Jun 13 23:35:26 2024
</home/belle2/jaeyoung> was used as the home directory.
</home/belle2/jaeyoung/workspace/DRAW_and_FITTING/main/FITTING/etapip/MC15ri_generic/tight_v2_fit_v6/ToyMC> was used as the working directory.
Started at Thu Jun 13 23:35:26 2024
Terminated at Thu Jun 13 23:36:56 2024
Results reported at Thu Jun 13 23:36:56 2024

Your job looked like:

------------------------------------------------------------
# LSBATCH: User input
bash -c "basf2 etapip_gg_fit_v6_toymc_100.py 85 > /home/belle2/jaeyoung/storage_ghi/Ntuples_ghi_2/MC15ri_generic/MC15ri_etaetapip_tight_v2_240419_Kp_BCS_etapi0const/bsub_log//MC15ri_etapip_gg_fitv6_toyMC_100_85.log"
------------------------------------------------------------

TERM_PROCESSLIMIT: job killed after reaching LSF process limit.
Exited with exit code 143.

Resource usage summary:

    CPU time :                                   88.00 sec.
    Max Memory :                                 319 MB
    Average Memory :                             196.13 MB
    Total Requested Memory :                     4000.00 MB
    Delta Memory :                               3681.00 MB
    Max Swap :                                   -
    Max Processes :                              24
    Max Threads :                                25
    Run time :                                   89 sec.
    Turnaround time :                            90 sec.

The output (if any) follows:



PS:

Read file <85.err> for stderr output of this job.

Sender: LSF System <lsfadmin@ccb073>
Subject: Job 26275473: <bash -c "basf2 etapip_gg_fit_v6_toymc_100.py 85 > /home/belle2/jaeyoung/storage_ghi/Ntuples_ghi_2/MC15ri_generic/MC15ri_etaetapip_tight_v2_240419_Kp_BCS_etapi0const/bsub_log//MC15ri_etapip_gg_fitv6_toyMC_100_85.log"> in cluster <centralcluster> Done

Job <bash -c "basf2 etapip_gg_fit_v6_toymc_100.py 85 > /home/belle2/jaeyoung/storage_ghi/Ntuples_ghi_2/MC15ri_generic/MC15ri_etaetapip_tight_v2_240419_Kp_BCS_etapi0const/bsub_log//MC15ri_etapip_gg_fitv6_toyMC_100_85.log"> was submitted from host <ccw03> by user <jaeyoung> in cluster <centralcluster> at Thu Jun 13 23:45:32 2024
Job was executed on host(s) <ccb073>, in queue <h>, as user <jaeyoung> in cluster <centralcluster> at Thu Jun 13 23:45:33 2024
</home/belle2/jaeyoung> was used as the home directory.
</home/belle2/jaeyoung/workspace/DRAW_and_FITTING/main/FITTING/etapip/MC15ri_generic/tight_v2_fit_v6/ToyMC> was used as the working directory.
Started at Thu Jun 13 23:45:33 2024
Terminated at Fri Jun 14 00:03:42 2024
Results reported at Fri Jun 14 00:03:42 2024

Your job looked like:

------------------------------------------------------------
# LSBATCH: User input
bash -c "basf2 etapip_gg_fit_v6_toymc_100.py 85 > /home/belle2/jaeyoung/storage_ghi/Ntuples_ghi_2/MC15ri_generic/MC15ri_etaetapip_tight_v2_240419_Kp_BCS_etapi0const/bsub_log//MC15ri_etapip_gg_fitv6_toyMC_100_85.log"
------------------------------------------------------------

Successfully completed.

Resource usage summary:

    CPU time :                                   1086.08 sec.
    Max Memory :                                 297 MB
    Average Memory :                             271.32 MB
    Total Requested Memory :                     4000.00 MB
    Delta Memory :                               3703.00 MB
    Max Swap :                                   -
    Max Processes :                              19
    Max Threads :                                20
    Run time :                                   1090 sec.
    Turnaround time :                            1090 sec.

The output (if any) follows:



PS:

Read file <85.err> for stderr output of this job.

Sender: LSF System <lsfadmin@ccb020>
Subject: Job 26297246: <bash -c "basf2 etapip_gg_fit_v6_toymc_100.py 85 > /home/belle2/jaeyoung/storage_ghi/Ntuples_ghi_2/MC15ri_generic/MC15ri_etaetapip_tight_v2_240419_Kp_BCS_etapi0const/bsub_log//MC15ri_etapip_gg_fitv6_toyMC_100_85.log"> in cluster <centralcluster> Done

Job <bash -c "basf2 etapip_gg_fit_v6_toymc_100.py 85 > /home/belle2/jaeyoung/storage_ghi/Ntuples_ghi_2/MC15ri_generic/MC15ri_etaetapip_tight_v2_240419_Kp_BCS_etapi0const/bsub_log//MC15ri_etapip_gg_fitv6_toyMC_100_85.log"> was submitted from host <ccw03> by user <jaeyoung> in cluster <centralcluster> at Fri Jun 14 00:19:29 2024
Job was executed on host(s) <ccb020>, in queue <h>, as user <jaeyoung> in cluster <centralcluster> at Fri Jun 14 00:19:30 2024
</home/belle2/jaeyoung> was used as the home directory.
</home/belle2/jaeyoung/workspace/DRAW_and_FITTING/main/FITTING/etapip/MC15ri_generic/tight_v2_fit_v6/ToyMC> was used as the working directory.
Started at Fri Jun 14 00:19:30 2024
Terminated at Fri Jun 14 02:22:00 2024
Results reported at Fri Jun 14 02:22:00 2024

Your job looked like:

------------------------------------------------------------
# LSBATCH: User input
bash -c "basf2 etapip_gg_fit_v6_toymc_100.py 85 > /home/belle2/jaeyoung/storage_ghi/Ntuples_ghi_2/MC15ri_generic/MC15ri_etaetapip_tight_v2_240419_Kp_BCS_etapi0const/bsub_log//MC15ri_etapip_gg_fitv6_toyMC_100_85.log"
------------------------------------------------------------

Successfully completed.

Resource usage summary:

    CPU time :                                   7011.69 sec.
    Max Memory :                                 1338 MB
    Average Memory :                             710.00 MB
    Total Requested Memory :                     4000.00 MB
    Delta Memory :                               2662.00 MB
    Max Swap :                                   -
    Max Processes :                              19
    Max Threads :                                20
    Run time :                                   7350 sec.
    Turnaround time :                            7351 sec.

The output (if any) follows:



PS:

Read file <85.err> for stderr output of this job.

Sender: LSF System <lsfadmin@ccb120>
Subject: Job 26431967: <bash -c "basf2 etapip_gg_fit_v6_toymc_100.py 85 > /home/belle2/jaeyoung/storage_ghi/Ntuples_ghi_2/MC15ri_generic/MC15ri_etaetapip_tight_v2_240419_Kp_BCS_etapi0const/bsub_log//MC15ri_etapip_gg_fitv6_toyMC_100_85.log"> in cluster <centralcluster> Done

Job <bash -c "basf2 etapip_gg_fit_v6_toymc_100.py 85 > /home/belle2/jaeyoung/storage_ghi/Ntuples_ghi_2/MC15ri_generic/MC15ri_etaetapip_tight_v2_240419_Kp_BCS_etapi0const/bsub_log//MC15ri_etapip_gg_fitv6_toyMC_100_85.log"> was submitted from host <ccw03> by user <jaeyoung> in cluster <centralcluster> at Fri Jun 14 02:35:49 2024
Job was executed on host(s) <ccb120>, in queue <h>, as user <jaeyoung> in cluster <centralcluster> at Fri Jun 14 02:35:50 2024
</home/belle2/jaeyoung> was used as the home directory.
</home/belle2/jaeyoung/workspace/DRAW_and_FITTING/main/FITTING/etapip/MC15ri_generic/tight_v2_fit_v6/ToyMC> was used as the working directory.
Started at Fri Jun 14 02:35:50 2024
Terminated at Fri Jun 14 04:26:47 2024
Results reported at Fri Jun 14 04:26:47 2024

Your job looked like:

------------------------------------------------------------
# LSBATCH: User input
bash -c "basf2 etapip_gg_fit_v6_toymc_100.py 85 > /home/belle2/jaeyoung/storage_ghi/Ntuples_ghi_2/MC15ri_generic/MC15ri_etaetapip_tight_v2_240419_Kp_BCS_etapi0const/bsub_log//MC15ri_etapip_gg_fitv6_toyMC_100_85.log"
------------------------------------------------------------

Successfully completed.

Resource usage summary:

    CPU time :                                   6168.17 sec.
    Max Memory :                                 1331 MB
    Average Memory :                             659.76 MB
    Total Requested Memory :                     4000.00 MB
    Delta Memory :                               2669.00 MB
    Max Swap :                                   -
    Max Processes :                              19
    Max Threads :                                20
    Run time :                                   6660 sec.
    Turnaround time :                            6658 sec.

The output (if any) follows:



PS:

Read file <85.err> for stderr output of this job.

