Sender: LSF System <lsfadmin@ccb085>
Subject: Job 26252929: <bash -c "basf2 etapip_gg_fit_v6_toymc_100.py 89 > /home/belle2/jaeyoung/storage_ghi/Ntuples_ghi_2/MC15ri_generic/MC15ri_etaetapip_tight_v2_240419_Kp_BCS_etapi0const/bsub_log//MC15ri_etapip_gg_fitv6_toyMC_100_89.log"> in cluster <centralcluster> Exited

Job <bash -c "basf2 etapip_gg_fit_v6_toymc_100.py 89 > /home/belle2/jaeyoung/storage_ghi/Ntuples_ghi_2/MC15ri_generic/MC15ri_etaetapip_tight_v2_240419_Kp_BCS_etapi0const/bsub_log//MC15ri_etapip_gg_fitv6_toyMC_100_89.log"> was submitted from host <ccw03> by user <jaeyoung> in cluster <centralcluster> at Thu Jun 13 23:20:08 2024
Job was executed on host(s) <ccb085>, in queue <h>, as user <jaeyoung> in cluster <centralcluster> at Thu Jun 13 23:20:09 2024
</home/belle2/jaeyoung> was used as the home directory.
</home/belle2/jaeyoung/workspace/DRAW_and_FITTING/main/FITTING/etapip/MC15ri_generic/tight_v2_fit_v6/ToyMC> was used as the working directory.
Started at Thu Jun 13 23:20:09 2024
Terminated at Thu Jun 13 23:21:52 2024
Results reported at Thu Jun 13 23:21:52 2024

Your job looked like:

------------------------------------------------------------
# LSBATCH: User input
bash -c "basf2 etapip_gg_fit_v6_toymc_100.py 89 > /home/belle2/jaeyoung/storage_ghi/Ntuples_ghi_2/MC15ri_generic/MC15ri_etaetapip_tight_v2_240419_Kp_BCS_etapi0const/bsub_log//MC15ri_etapip_gg_fitv6_toyMC_100_89.log"
------------------------------------------------------------

TERM_PROCESSLIMIT: job killed after reaching LSF process limit.
Exited with exit code 143.

Resource usage summary:

    CPU time :                                   100.00 sec.
    Max Memory :                                 360 MB
    Average Memory :                             202.94 MB
    Total Requested Memory :                     4000.00 MB
    Delta Memory :                               3640.00 MB
    Max Swap :                                   -
    Max Processes :                              34
    Max Threads :                                35
    Run time :                                   101 sec.
    Turnaround time :                            104 sec.

The output (if any) follows:



PS:

Read file <89.err> for stderr output of this job.

Sender: LSF System <lsfadmin@ccb129>
Subject: Job 26269962: <bash -c "basf2 etapip_gg_fit_v6_toymc_100.py 89 > /home/belle2/jaeyoung/storage_ghi/Ntuples_ghi_2/MC15ri_generic/MC15ri_etaetapip_tight_v2_240419_Kp_BCS_etapi0const/bsub_log//MC15ri_etapip_gg_fitv6_toyMC_100_89.log"> in cluster <centralcluster> Exited

Job <bash -c "basf2 etapip_gg_fit_v6_toymc_100.py 89 > /home/belle2/jaeyoung/storage_ghi/Ntuples_ghi_2/MC15ri_generic/MC15ri_etaetapip_tight_v2_240419_Kp_BCS_etapi0const/bsub_log//MC15ri_etapip_gg_fitv6_toyMC_100_89.log"> was submitted from host <ccw03> by user <jaeyoung> in cluster <centralcluster> at Thu Jun 13 23:35:29 2024
Job was executed on host(s) <ccb129>, in queue <h>, as user <jaeyoung> in cluster <centralcluster> at Thu Jun 13 23:35:30 2024
</home/belle2/jaeyoung> was used as the home directory.
</home/belle2/jaeyoung/workspace/DRAW_and_FITTING/main/FITTING/etapip/MC15ri_generic/tight_v2_fit_v6/ToyMC> was used as the working directory.
Started at Thu Jun 13 23:35:30 2024
Terminated at Thu Jun 13 23:36:59 2024
Results reported at Thu Jun 13 23:36:59 2024

Your job looked like:

------------------------------------------------------------
# LSBATCH: User input
bash -c "basf2 etapip_gg_fit_v6_toymc_100.py 89 > /home/belle2/jaeyoung/storage_ghi/Ntuples_ghi_2/MC15ri_generic/MC15ri_etaetapip_tight_v2_240419_Kp_BCS_etapi0const/bsub_log//MC15ri_etapip_gg_fitv6_toyMC_100_89.log"
------------------------------------------------------------

TERM_PROCESSLIMIT: job killed after reaching LSF process limit.
Exited with exit code 143.

Resource usage summary:

    CPU time :                                   88.00 sec.
    Max Memory :                                 319 MB
    Average Memory :                             237.13 MB
    Total Requested Memory :                     4000.00 MB
    Delta Memory :                               3681.00 MB
    Max Swap :                                   -
    Max Processes :                              24
    Max Threads :                                25
    Run time :                                   90 sec.
    Turnaround time :                            90 sec.

The output (if any) follows:



PS:

Read file <89.err> for stderr output of this job.

Sender: LSF System <lsfadmin@ccb194>
Subject: Job 26275488: <bash -c "basf2 etapip_gg_fit_v6_toymc_100.py 89 > /home/belle2/jaeyoung/storage_ghi/Ntuples_ghi_2/MC15ri_generic/MC15ri_etaetapip_tight_v2_240419_Kp_BCS_etapi0const/bsub_log//MC15ri_etapip_gg_fitv6_toyMC_100_89.log"> in cluster <centralcluster> Done

Job <bash -c "basf2 etapip_gg_fit_v6_toymc_100.py 89 > /home/belle2/jaeyoung/storage_ghi/Ntuples_ghi_2/MC15ri_generic/MC15ri_etaetapip_tight_v2_240419_Kp_BCS_etapi0const/bsub_log//MC15ri_etapip_gg_fitv6_toyMC_100_89.log"> was submitted from host <ccw03> by user <jaeyoung> in cluster <centralcluster> at Thu Jun 13 23:45:35 2024
Job was executed on host(s) <ccb194>, in queue <h>, as user <jaeyoung> in cluster <centralcluster> at Thu Jun 13 23:45:36 2024
</home/belle2/jaeyoung> was used as the home directory.
</home/belle2/jaeyoung/workspace/DRAW_and_FITTING/main/FITTING/etapip/MC15ri_generic/tight_v2_fit_v6/ToyMC> was used as the working directory.
Started at Thu Jun 13 23:45:36 2024
Terminated at Fri Jun 14 00:01:15 2024
Results reported at Fri Jun 14 00:01:15 2024

Your job looked like:

------------------------------------------------------------
# LSBATCH: User input
bash -c "basf2 etapip_gg_fit_v6_toymc_100.py 89 > /home/belle2/jaeyoung/storage_ghi/Ntuples_ghi_2/MC15ri_generic/MC15ri_etaetapip_tight_v2_240419_Kp_BCS_etapi0const/bsub_log//MC15ri_etapip_gg_fitv6_toyMC_100_89.log"
------------------------------------------------------------

Successfully completed.

Resource usage summary:

    CPU time :                                   934.85 sec.
    Max Memory :                                 334 MB
    Average Memory :                             280.17 MB
    Total Requested Memory :                     4000.00 MB
    Delta Memory :                               3666.00 MB
    Max Swap :                                   -
    Max Processes :                              19
    Max Threads :                                20
    Run time :                                   943 sec.
    Turnaround time :                            940 sec.

The output (if any) follows:



PS:

Read file <89.err> for stderr output of this job.

Sender: LSF System <lsfadmin@ccb191>
Subject: Job 26297261: <bash -c "basf2 etapip_gg_fit_v6_toymc_100.py 89 > /home/belle2/jaeyoung/storage_ghi/Ntuples_ghi_2/MC15ri_generic/MC15ri_etaetapip_tight_v2_240419_Kp_BCS_etapi0const/bsub_log//MC15ri_etapip_gg_fitv6_toyMC_100_89.log"> in cluster <centralcluster> Done

Job <bash -c "basf2 etapip_gg_fit_v6_toymc_100.py 89 > /home/belle2/jaeyoung/storage_ghi/Ntuples_ghi_2/MC15ri_generic/MC15ri_etaetapip_tight_v2_240419_Kp_BCS_etapi0const/bsub_log//MC15ri_etapip_gg_fitv6_toyMC_100_89.log"> was submitted from host <ccw03> by user <jaeyoung> in cluster <centralcluster> at Fri Jun 14 00:19:33 2024
Job was executed on host(s) <ccb191>, in queue <h>, as user <jaeyoung> in cluster <centralcluster> at Fri Jun 14 00:19:33 2024
</home/belle2/jaeyoung> was used as the home directory.
</home/belle2/jaeyoung/workspace/DRAW_and_FITTING/main/FITTING/etapip/MC15ri_generic/tight_v2_fit_v6/ToyMC> was used as the working directory.
Started at Fri Jun 14 00:19:33 2024
Terminated at Fri Jun 14 02:08:55 2024
Results reported at Fri Jun 14 02:08:55 2024

Your job looked like:

------------------------------------------------------------
# LSBATCH: User input
bash -c "basf2 etapip_gg_fit_v6_toymc_100.py 89 > /home/belle2/jaeyoung/storage_ghi/Ntuples_ghi_2/MC15ri_generic/MC15ri_etaetapip_tight_v2_240419_Kp_BCS_etapi0const/bsub_log//MC15ri_etapip_gg_fitv6_toyMC_100_89.log"
------------------------------------------------------------

Successfully completed.

Resource usage summary:

    CPU time :                                   6082.09 sec.
    Max Memory :                                 1327 MB
    Average Memory :                             638.71 MB
    Total Requested Memory :                     4000.00 MB
    Delta Memory :                               2673.00 MB
    Max Swap :                                   -
    Max Processes :                              19
    Max Threads :                                20
    Run time :                                   6562 sec.
    Turnaround time :                            6562 sec.

The output (if any) follows:



PS:

Read file <89.err> for stderr output of this job.

Sender: LSF System <lsfadmin@ccb040>
Subject: Job 26431979: <bash -c "basf2 etapip_gg_fit_v6_toymc_100.py 89 > /home/belle2/jaeyoung/storage_ghi/Ntuples_ghi_2/MC15ri_generic/MC15ri_etaetapip_tight_v2_240419_Kp_BCS_etapi0const/bsub_log//MC15ri_etapip_gg_fitv6_toyMC_100_89.log"> in cluster <centralcluster> Done

Job <bash -c "basf2 etapip_gg_fit_v6_toymc_100.py 89 > /home/belle2/jaeyoung/storage_ghi/Ntuples_ghi_2/MC15ri_generic/MC15ri_etaetapip_tight_v2_240419_Kp_BCS_etapi0const/bsub_log//MC15ri_etapip_gg_fitv6_toyMC_100_89.log"> was submitted from host <ccw03> by user <jaeyoung> in cluster <centralcluster> at Fri Jun 14 02:35:52 2024
Job was executed on host(s) <ccb040>, in queue <h>, as user <jaeyoung> in cluster <centralcluster> at Fri Jun 14 02:35:53 2024
</home/belle2/jaeyoung> was used as the home directory.
</home/belle2/jaeyoung/workspace/DRAW_and_FITTING/main/FITTING/etapip/MC15ri_generic/tight_v2_fit_v6/ToyMC> was used as the working directory.
Started at Fri Jun 14 02:35:53 2024
Terminated at Fri Jun 14 04:27:49 2024
Results reported at Fri Jun 14 04:27:49 2024

Your job looked like:

------------------------------------------------------------
# LSBATCH: User input
bash -c "basf2 etapip_gg_fit_v6_toymc_100.py 89 > /home/belle2/jaeyoung/storage_ghi/Ntuples_ghi_2/MC15ri_generic/MC15ri_etaetapip_tight_v2_240419_Kp_BCS_etapi0const/bsub_log//MC15ri_etapip_gg_fitv6_toyMC_100_89.log"
------------------------------------------------------------

Successfully completed.

Resource usage summary:

    CPU time :                                   6360.92 sec.
    Max Memory :                                 1333 MB
    Average Memory :                             651.61 MB
    Total Requested Memory :                     4000.00 MB
    Delta Memory :                               2667.00 MB
    Max Swap :                                   -
    Max Processes :                              19
    Max Threads :                                20
    Run time :                                   6716 sec.
    Turnaround time :                            6717 sec.

The output (if any) follows:



PS:

Read file <89.err> for stderr output of this job.

