Sender: LSF System <lsfadmin@ccb085>
Subject: Job 26252930: <bash -c "basf2 etapip_gg_fit_v6_toymc_100.py 90 > /home/belle2/jaeyoung/storage_ghi/Ntuples_ghi_2/MC15ri_generic/MC15ri_etaetapip_tight_v2_240419_Kp_BCS_etapi0const/bsub_log//MC15ri_etapip_gg_fitv6_toyMC_100_90.log"> in cluster <centralcluster> Exited

Job <bash -c "basf2 etapip_gg_fit_v6_toymc_100.py 90 > /home/belle2/jaeyoung/storage_ghi/Ntuples_ghi_2/MC15ri_generic/MC15ri_etaetapip_tight_v2_240419_Kp_BCS_etapi0const/bsub_log//MC15ri_etapip_gg_fitv6_toyMC_100_90.log"> was submitted from host <ccw03> by user <jaeyoung> in cluster <centralcluster> at Thu Jun 13 23:20:09 2024
Job was executed on host(s) <ccb085>, in queue <h>, as user <jaeyoung> in cluster <centralcluster> at Thu Jun 13 23:20:10 2024
</home/belle2/jaeyoung> was used as the home directory.
</home/belle2/jaeyoung/workspace/DRAW_and_FITTING/main/FITTING/etapip/MC15ri_generic/tight_v2_fit_v6/ToyMC> was used as the working directory.
Started at Thu Jun 13 23:20:10 2024
Terminated at Thu Jun 13 23:21:50 2024
Results reported at Thu Jun 13 23:21:50 2024

Your job looked like:

------------------------------------------------------------
# LSBATCH: User input
bash -c "basf2 etapip_gg_fit_v6_toymc_100.py 90 > /home/belle2/jaeyoung/storage_ghi/Ntuples_ghi_2/MC15ri_generic/MC15ri_etaetapip_tight_v2_240419_Kp_BCS_etapi0const/bsub_log//MC15ri_etapip_gg_fitv6_toyMC_100_90.log"
------------------------------------------------------------

TERM_PROCESSLIMIT: job killed after reaching LSF process limit.
Exited with exit code 143.

Resource usage summary:

    CPU time :                                   99.00 sec.
    Max Memory :                                 360 MB
    Average Memory :                             244.75 MB
    Total Requested Memory :                     4000.00 MB
    Delta Memory :                               3640.00 MB
    Max Swap :                                   -
    Max Processes :                              34
    Max Threads :                                35
    Run time :                                   100 sec.
    Turnaround time :                            101 sec.

The output (if any) follows:



PS:

Read file <90.err> for stderr output of this job.

Sender: LSF System <lsfadmin@ccb129>
Subject: Job 26269963: <bash -c "basf2 etapip_gg_fit_v6_toymc_100.py 90 > /home/belle2/jaeyoung/storage_ghi/Ntuples_ghi_2/MC15ri_generic/MC15ri_etaetapip_tight_v2_240419_Kp_BCS_etapi0const/bsub_log//MC15ri_etapip_gg_fitv6_toyMC_100_90.log"> in cluster <centralcluster> Exited

Job <bash -c "basf2 etapip_gg_fit_v6_toymc_100.py 90 > /home/belle2/jaeyoung/storage_ghi/Ntuples_ghi_2/MC15ri_generic/MC15ri_etaetapip_tight_v2_240419_Kp_BCS_etapi0const/bsub_log//MC15ri_etapip_gg_fitv6_toyMC_100_90.log"> was submitted from host <ccw03> by user <jaeyoung> in cluster <centralcluster> at Thu Jun 13 23:35:30 2024
Job was executed on host(s) <ccb129>, in queue <h>, as user <jaeyoung> in cluster <centralcluster> at Thu Jun 13 23:35:30 2024
</home/belle2/jaeyoung> was used as the home directory.
</home/belle2/jaeyoung/workspace/DRAW_and_FITTING/main/FITTING/etapip/MC15ri_generic/tight_v2_fit_v6/ToyMC> was used as the working directory.
Started at Thu Jun 13 23:35:30 2024
Terminated at Thu Jun 13 23:37:06 2024
Results reported at Thu Jun 13 23:37:06 2024

Your job looked like:

------------------------------------------------------------
# LSBATCH: User input
bash -c "basf2 etapip_gg_fit_v6_toymc_100.py 90 > /home/belle2/jaeyoung/storage_ghi/Ntuples_ghi_2/MC15ri_generic/MC15ri_etaetapip_tight_v2_240419_Kp_BCS_etapi0const/bsub_log//MC15ri_etapip_gg_fitv6_toyMC_100_90.log"
------------------------------------------------------------

TERM_PROCESSLIMIT: job killed after reaching LSF process limit.
Exited with exit code 143.

Resource usage summary:

    CPU time :                                   95.00 sec.
    Max Memory :                                 319 MB
    Average Memory :                             235.31 MB
    Total Requested Memory :                     4000.00 MB
    Delta Memory :                               3681.00 MB
    Max Swap :                                   -
    Max Processes :                              24
    Max Threads :                                25
    Run time :                                   97 sec.
    Turnaround time :                            96 sec.

The output (if any) follows:



PS:

Read file <90.err> for stderr output of this job.

Sender: LSF System <lsfadmin@ccb194>
Subject: Job 26275491: <bash -c "basf2 etapip_gg_fit_v6_toymc_100.py 90 > /home/belle2/jaeyoung/storage_ghi/Ntuples_ghi_2/MC15ri_generic/MC15ri_etaetapip_tight_v2_240419_Kp_BCS_etapi0const/bsub_log//MC15ri_etapip_gg_fitv6_toyMC_100_90.log"> in cluster <centralcluster> Done

Job <bash -c "basf2 etapip_gg_fit_v6_toymc_100.py 90 > /home/belle2/jaeyoung/storage_ghi/Ntuples_ghi_2/MC15ri_generic/MC15ri_etaetapip_tight_v2_240419_Kp_BCS_etapi0const/bsub_log//MC15ri_etapip_gg_fitv6_toyMC_100_90.log"> was submitted from host <ccw03> by user <jaeyoung> in cluster <centralcluster> at Thu Jun 13 23:45:36 2024
Job was executed on host(s) <ccb194>, in queue <h>, as user <jaeyoung> in cluster <centralcluster> at Thu Jun 13 23:45:37 2024
</home/belle2/jaeyoung> was used as the home directory.
</home/belle2/jaeyoung/workspace/DRAW_and_FITTING/main/FITTING/etapip/MC15ri_generic/tight_v2_fit_v6/ToyMC> was used as the working directory.
Started at Thu Jun 13 23:45:37 2024
Terminated at Fri Jun 14 00:03:56 2024
Results reported at Fri Jun 14 00:03:56 2024

Your job looked like:

------------------------------------------------------------
# LSBATCH: User input
bash -c "basf2 etapip_gg_fit_v6_toymc_100.py 90 > /home/belle2/jaeyoung/storage_ghi/Ntuples_ghi_2/MC15ri_generic/MC15ri_etaetapip_tight_v2_240419_Kp_BCS_etapi0const/bsub_log//MC15ri_etapip_gg_fitv6_toyMC_100_90.log"
------------------------------------------------------------

Successfully completed.

Resource usage summary:

    CPU time :                                   1095.40 sec.
    Max Memory :                                 297 MB
    Average Memory :                             272.41 MB
    Total Requested Memory :                     4000.00 MB
    Delta Memory :                               3703.00 MB
    Max Swap :                                   -
    Max Processes :                              19
    Max Threads :                                20
    Run time :                                   1099 sec.
    Turnaround time :                            1100 sec.

The output (if any) follows:



PS:

Read file <90.err> for stderr output of this job.

Sender: LSF System <lsfadmin@ccb021>
Subject: Job 26297268: <bash -c "basf2 etapip_gg_fit_v6_toymc_100.py 90 > /home/belle2/jaeyoung/storage_ghi/Ntuples_ghi_2/MC15ri_generic/MC15ri_etaetapip_tight_v2_240419_Kp_BCS_etapi0const/bsub_log//MC15ri_etapip_gg_fitv6_toyMC_100_90.log"> in cluster <centralcluster> Done

Job <bash -c "basf2 etapip_gg_fit_v6_toymc_100.py 90 > /home/belle2/jaeyoung/storage_ghi/Ntuples_ghi_2/MC15ri_generic/MC15ri_etaetapip_tight_v2_240419_Kp_BCS_etapi0const/bsub_log//MC15ri_etapip_gg_fitv6_toyMC_100_90.log"> was submitted from host <ccw03> by user <jaeyoung> in cluster <centralcluster> at Fri Jun 14 00:19:33 2024
Job was executed on host(s) <ccb021>, in queue <h>, as user <jaeyoung> in cluster <centralcluster> at Fri Jun 14 00:19:34 2024
</home/belle2/jaeyoung> was used as the home directory.
</home/belle2/jaeyoung/workspace/DRAW_and_FITTING/main/FITTING/etapip/MC15ri_generic/tight_v2_fit_v6/ToyMC> was used as the working directory.
Started at Fri Jun 14 00:19:34 2024
Terminated at Fri Jun 14 02:14:54 2024
Results reported at Fri Jun 14 02:14:54 2024

Your job looked like:

------------------------------------------------------------
# LSBATCH: User input
bash -c "basf2 etapip_gg_fit_v6_toymc_100.py 90 > /home/belle2/jaeyoung/storage_ghi/Ntuples_ghi_2/MC15ri_generic/MC15ri_etaetapip_tight_v2_240419_Kp_BCS_etapi0const/bsub_log//MC15ri_etapip_gg_fitv6_toyMC_100_90.log"
------------------------------------------------------------

Successfully completed.

Resource usage summary:

    CPU time :                                   6600.51 sec.
    Max Memory :                                 1336 MB
    Average Memory :                             646.77 MB
    Total Requested Memory :                     4000.00 MB
    Delta Memory :                               2664.00 MB
    Max Swap :                                   -
    Max Processes :                              19
    Max Threads :                                20
    Run time :                                   6926 sec.
    Turnaround time :                            6921 sec.

The output (if any) follows:



PS:

Read file <90.err> for stderr output of this job.

Sender: LSF System <lsfadmin@ccb040>
Subject: Job 26431982: <bash -c "basf2 etapip_gg_fit_v6_toymc_100.py 90 > /home/belle2/jaeyoung/storage_ghi/Ntuples_ghi_2/MC15ri_generic/MC15ri_etaetapip_tight_v2_240419_Kp_BCS_etapi0const/bsub_log//MC15ri_etapip_gg_fitv6_toyMC_100_90.log"> in cluster <centralcluster> Done

Job <bash -c "basf2 etapip_gg_fit_v6_toymc_100.py 90 > /home/belle2/jaeyoung/storage_ghi/Ntuples_ghi_2/MC15ri_generic/MC15ri_etaetapip_tight_v2_240419_Kp_BCS_etapi0const/bsub_log//MC15ri_etapip_gg_fitv6_toyMC_100_90.log"> was submitted from host <ccw03> by user <jaeyoung> in cluster <centralcluster> at Fri Jun 14 02:35:53 2024
Job was executed on host(s) <ccb040>, in queue <h>, as user <jaeyoung> in cluster <centralcluster> at Fri Jun 14 02:35:54 2024
</home/belle2/jaeyoung> was used as the home directory.
</home/belle2/jaeyoung/workspace/DRAW_and_FITTING/main/FITTING/etapip/MC15ri_generic/tight_v2_fit_v6/ToyMC> was used as the working directory.
Started at Fri Jun 14 02:35:54 2024
Terminated at Fri Jun 14 04:27:04 2024
Results reported at Fri Jun 14 04:27:04 2024

Your job looked like:

------------------------------------------------------------
# LSBATCH: User input
bash -c "basf2 etapip_gg_fit_v6_toymc_100.py 90 > /home/belle2/jaeyoung/storage_ghi/Ntuples_ghi_2/MC15ri_generic/MC15ri_etaetapip_tight_v2_240419_Kp_BCS_etapi0const/bsub_log//MC15ri_etapip_gg_fitv6_toyMC_100_90.log"
------------------------------------------------------------

Successfully completed.

Resource usage summary:

    CPU time :                                   6067.45 sec.
    Max Memory :                                 1337 MB
    Average Memory :                             627.96 MB
    Total Requested Memory :                     4000.00 MB
    Delta Memory :                               2663.00 MB
    Max Swap :                                   -
    Max Processes :                              19
    Max Threads :                                20
    Run time :                                   6671 sec.
    Turnaround time :                            6671 sec.

The output (if any) follows:



PS:

Read file <90.err> for stderr output of this job.

