Sender: LSF System <lsfadmin@ccb140>
Subject: Job 47533822: <bash -c "basf2 etapip_gg_fit_v6_toymc_100.py 91 > /home/belle2/jaeyoung/storage_ghi/Ntuples_ghi_2/MC15ri_generic/MC15ri_etaetapip_tight_v2_240419_Kp_BCS_etapi0const/bsub_log//MC15ri_etapip_gg_fitv6_toyMC_100_91.log"> in cluster <centralcluster> Exited

Job <bash -c "basf2 etapip_gg_fit_v6_toymc_100.py 91 > /home/belle2/jaeyoung/storage_ghi/Ntuples_ghi_2/MC15ri_generic/MC15ri_etaetapip_tight_v2_240419_Kp_BCS_etapi0const/bsub_log//MC15ri_etapip_gg_fitv6_toyMC_100_91.log"> was submitted from host <ccw02> by user <jaeyoung> in cluster <centralcluster> at Wed Jul 10 21:11:44 2024
Job was executed on host(s) <ccb140>, in queue <h>, as user <jaeyoung> in cluster <centralcluster> at Wed Jul 10 21:11:52 2024
</home/belle2/jaeyoung> was used as the home directory.
</home/belle2/jaeyoung/workspace/DRAW_and_FITTING/main/FITTING/etapip/MC15ri_generic/tight_v2_fit_v6/ToyMC> was used as the working directory.
Started at Wed Jul 10 21:11:52 2024
Terminated at Wed Jul 10 21:12:27 2024
Results reported at Wed Jul 10 21:12:27 2024

Your job looked like:

------------------------------------------------------------
# LSBATCH: User input
bash -c "basf2 etapip_gg_fit_v6_toymc_100.py 91 > /home/belle2/jaeyoung/storage_ghi/Ntuples_ghi_2/MC15ri_generic/MC15ri_etaetapip_tight_v2_240419_Kp_BCS_etapi0const/bsub_log//MC15ri_etapip_gg_fitv6_toyMC_100_91.log"
------------------------------------------------------------

Exited with exit code 129.

Resource usage summary:

    CPU time :                                   28.66 sec.
    Max Memory :                                 449 MB
    Average Memory :                             304.00 MB
    Total Requested Memory :                     4000.00 MB
    Delta Memory :                               3551.00 MB
    Max Swap :                                   -
    Max Processes :                              9
    Max Threads :                                50
    Run time :                                   36 sec.
    Turnaround time :                            43 sec.

The output (if any) follows:



PS:

Read file <91.err> for stderr output of this job.

Sender: LSF System <lsfadmin@ccb096>
Subject: Job 47536315: <bash -c "basf2 etapip_gg_fit_v6_toymc_100.py 91 > /home/belle2/jaeyoung/storage_ghi/Ntuples_ghi_2/MC15ri_generic/MC15ri_etaetapip_tight_v2_240419_Kp_BCS_etapi0const/bsub_log//MC15ri_etapip_gg_fitv6_toyMC_100_91.log"> in cluster <centralcluster> Exited

Job <bash -c "basf2 etapip_gg_fit_v6_toymc_100.py 91 > /home/belle2/jaeyoung/storage_ghi/Ntuples_ghi_2/MC15ri_generic/MC15ri_etaetapip_tight_v2_240419_Kp_BCS_etapi0const/bsub_log//MC15ri_etapip_gg_fitv6_toyMC_100_91.log"> was submitted from host <ccw02> by user <jaeyoung> in cluster <centralcluster> at Wed Jul 10 21:14:40 2024
Job was executed on host(s) <ccb096>, in queue <h>, as user <jaeyoung> in cluster <centralcluster> at Wed Jul 10 21:14:52 2024
</home/belle2/jaeyoung> was used as the home directory.
</home/belle2/jaeyoung/workspace/DRAW_and_FITTING/main/FITTING/etapip/MC15ri_generic/tight_v2_fit_v6/ToyMC> was used as the working directory.
Started at Wed Jul 10 21:14:52 2024
Terminated at Wed Jul 10 21:15:25 2024
Results reported at Wed Jul 10 21:15:25 2024

Your job looked like:

------------------------------------------------------------
# LSBATCH: User input
bash -c "basf2 etapip_gg_fit_v6_toymc_100.py 91 > /home/belle2/jaeyoung/storage_ghi/Ntuples_ghi_2/MC15ri_generic/MC15ri_etaetapip_tight_v2_240419_Kp_BCS_etapi0const/bsub_log//MC15ri_etapip_gg_fitv6_toyMC_100_91.log"
------------------------------------------------------------

Exited with exit code 129.

Resource usage summary:

    CPU time :                                   27.39 sec.
    Max Memory :                                 454 MB
    Average Memory :                             349.86 MB
    Total Requested Memory :                     4000.00 MB
    Delta Memory :                               3546.00 MB
    Max Swap :                                   -
    Max Processes :                              9
    Max Threads :                                50
    Run time :                                   33 sec.
    Turnaround time :                            45 sec.

The output (if any) follows:



PS:

Read file <91.err> for stderr output of this job.

Sender: LSF System <lsfadmin@ccb287>
Subject: Job 47538227: <bash -c "basf2 etapip_gg_fit_v6_toymc_100.py 91 > /home/belle2/jaeyoung/storage_ghi/Ntuples_ghi_2/MC15ri_generic/MC15ri_etaetapip_tight_v2_240419_Kp_BCS_etapi0const/bsub_log//MC15ri_etapip_gg_fitv6_toyMC_100_91.log"> in cluster <centralcluster> Done

Job <bash -c "basf2 etapip_gg_fit_v6_toymc_100.py 91 > /home/belle2/jaeyoung/storage_ghi/Ntuples_ghi_2/MC15ri_generic/MC15ri_etaetapip_tight_v2_240419_Kp_BCS_etapi0const/bsub_log//MC15ri_etapip_gg_fitv6_toyMC_100_91.log"> was submitted from host <ccw02> by user <jaeyoung> in cluster <centralcluster> at Wed Jul 10 21:16:46 2024
Job was executed on host(s) <ccb287>, in queue <h>, as user <jaeyoung> in cluster <centralcluster> at Wed Jul 10 21:17:28 2024
</home/belle2/jaeyoung> was used as the home directory.
</home/belle2/jaeyoung/workspace/DRAW_and_FITTING/main/FITTING/etapip/MC15ri_generic/tight_v2_fit_v6/ToyMC> was used as the working directory.
Started at Wed Jul 10 21:17:28 2024
Terminated at Wed Jul 10 22:06:12 2024
Results reported at Wed Jul 10 22:06:12 2024

Your job looked like:

------------------------------------------------------------
# LSBATCH: User input
bash -c "basf2 etapip_gg_fit_v6_toymc_100.py 91 > /home/belle2/jaeyoung/storage_ghi/Ntuples_ghi_2/MC15ri_generic/MC15ri_etaetapip_tight_v2_240419_Kp_BCS_etapi0const/bsub_log//MC15ri_etapip_gg_fitv6_toyMC_100_91.log"
------------------------------------------------------------

Successfully completed.

Resource usage summary:

    CPU time :                                   2892.74 sec.
    Max Memory :                                 1280 MB
    Average Memory :                             1183.36 MB
    Total Requested Memory :                     4000.00 MB
    Delta Memory :                               2720.00 MB
    Max Swap :                                   -
    Max Processes :                              19
    Max Threads :                                20
    Run time :                                   2924 sec.
    Turnaround time :                            2966 sec.

The output (if any) follows:



PS:

Read file <91.err> for stderr output of this job.

Sender: LSF System <lsfadmin@ccb197>
Subject: Job 47967619: <bash -c "basf2 etapip_gg_fit_v6_toymc_100.py 91 > /home/belle2/jaeyoung/storage_ghi/Ntuples_ghi_2/MC15ri_generic/MC15ri_etaetapip_tight_v2_240419_Kp_BCS_etapi0const/bsub_log//MC15ri_etapip_gg_fitv6_toyMC_100_91.log"> in cluster <centralcluster> Exited

Job <bash -c "basf2 etapip_gg_fit_v6_toymc_100.py 91 > /home/belle2/jaeyoung/storage_ghi/Ntuples_ghi_2/MC15ri_generic/MC15ri_etaetapip_tight_v2_240419_Kp_BCS_etapi0const/bsub_log//MC15ri_etapip_gg_fitv6_toyMC_100_91.log"> was submitted from host <ccw07> by user <jaeyoung> in cluster <centralcluster> at Thu Jul 11 15:27:16 2024
Job was executed on host(s) <ccb197>, in queue <h>, as user <jaeyoung> in cluster <centralcluster> at Thu Jul 11 15:27:17 2024
</home/belle2/jaeyoung> was used as the home directory.
</home/belle2/jaeyoung/workspace/DRAW_and_FITTING/main/FITTING/etapip/MC15ri_generic/tight_v2_fit_v6/ToyMC> was used as the working directory.
Started at Thu Jul 11 15:27:17 2024
Terminated at Thu Jul 11 15:27:34 2024
Results reported at Thu Jul 11 15:27:34 2024

Your job looked like:

------------------------------------------------------------
# LSBATCH: User input
bash -c "basf2 etapip_gg_fit_v6_toymc_100.py 91 > /home/belle2/jaeyoung/storage_ghi/Ntuples_ghi_2/MC15ri_generic/MC15ri_etaetapip_tight_v2_240419_Kp_BCS_etapi0const/bsub_log//MC15ri_etapip_gg_fitv6_toyMC_100_91.log"
------------------------------------------------------------

Exited with exit code 1.

Resource usage summary:

    CPU time :                                   15.10 sec.
    Max Memory :                                 596 MB
    Average Memory :                             173.75 MB
    Total Requested Memory :                     4000.00 MB
    Delta Memory :                               3404.00 MB
    Max Swap :                                   -
    Max Processes :                              9
    Max Threads :                                50
    Run time :                                   17 sec.
    Turnaround time :                            18 sec.

The output (if any) follows:



PS:

Read file <91.err> for stderr output of this job.

Sender: LSF System <lsfadmin@ccb014>
Subject: Job 47969470: <bash -c "basf2 etapip_gg_fit_v6_toymc_100.py 91 > /home/belle2/jaeyoung/storage_ghi/Ntuples_ghi_2/MC15ri_generic/MC15ri_etaetapip_tight_v2_240419_Kp_BCS_etapi0const/bsub_log//MC15ri_etapip_gg_fitv6_toyMC_100_91.log"> in cluster <centralcluster> Done

Job <bash -c "basf2 etapip_gg_fit_v6_toymc_100.py 91 > /home/belle2/jaeyoung/storage_ghi/Ntuples_ghi_2/MC15ri_generic/MC15ri_etaetapip_tight_v2_240419_Kp_BCS_etapi0const/bsub_log//MC15ri_etapip_gg_fitv6_toyMC_100_91.log"> was submitted from host <ccw07> by user <jaeyoung> in cluster <centralcluster> at Thu Jul 11 15:29:28 2024
Job was executed on host(s) <ccb014>, in queue <h>, as user <jaeyoung> in cluster <centralcluster> at Thu Jul 11 15:29:31 2024
</home/belle2/jaeyoung> was used as the home directory.
</home/belle2/jaeyoung/workspace/DRAW_and_FITTING/main/FITTING/etapip/MC15ri_generic/tight_v2_fit_v6/ToyMC> was used as the working directory.
Started at Thu Jul 11 15:29:31 2024
Terminated at Thu Jul 11 16:37:55 2024
Results reported at Thu Jul 11 16:37:55 2024

Your job looked like:

------------------------------------------------------------
# LSBATCH: User input
bash -c "basf2 etapip_gg_fit_v6_toymc_100.py 91 > /home/belle2/jaeyoung/storage_ghi/Ntuples_ghi_2/MC15ri_generic/MC15ri_etaetapip_tight_v2_240419_Kp_BCS_etapi0const/bsub_log//MC15ri_etapip_gg_fitv6_toyMC_100_91.log"
------------------------------------------------------------

Successfully completed.

Resource usage summary:

    CPU time :                                   4018.21 sec.
    Max Memory :                                 1283 MB
    Average Memory :                             1000.44 MB
    Total Requested Memory :                     4000.00 MB
    Delta Memory :                               2717.00 MB
    Max Swap :                                   -
    Max Processes :                              19
    Max Threads :                                20
    Run time :                                   4104 sec.
    Turnaround time :                            4107 sec.

The output (if any) follows:



PS:

Read file <91.err> for stderr output of this job.

