Sender: LSF System <lsfadmin@ccb003>
Subject: Job 47533848: <bash -c "basf2 etapip_gg_fit_v6_toymc_100.py 93 > /home/belle2/jaeyoung/storage_ghi/Ntuples_ghi_2/MC15ri_generic/MC15ri_etaetapip_tight_v2_240419_Kp_BCS_etapi0const/bsub_log//MC15ri_etapip_gg_fitv6_toyMC_100_93.log"> in cluster <centralcluster> Exited

Job <bash -c "basf2 etapip_gg_fit_v6_toymc_100.py 93 > /home/belle2/jaeyoung/storage_ghi/Ntuples_ghi_2/MC15ri_generic/MC15ri_etaetapip_tight_v2_240419_Kp_BCS_etapi0const/bsub_log//MC15ri_etapip_gg_fitv6_toyMC_100_93.log"> was submitted from host <ccw02> by user <jaeyoung> in cluster <centralcluster> at Wed Jul 10 21:11:46 2024
Job was executed on host(s) <ccb003>, in queue <h>, as user <jaeyoung> in cluster <centralcluster> at Wed Jul 10 21:11:53 2024
</home/belle2/jaeyoung> was used as the home directory.
</home/belle2/jaeyoung/workspace/DRAW_and_FITTING/main/FITTING/etapip/MC15ri_generic/tight_v2_fit_v6/ToyMC> was used as the working directory.
Started at Wed Jul 10 21:11:53 2024
Terminated at Wed Jul 10 21:12:29 2024
Results reported at Wed Jul 10 21:12:29 2024

Your job looked like:

------------------------------------------------------------
# LSBATCH: User input
bash -c "basf2 etapip_gg_fit_v6_toymc_100.py 93 > /home/belle2/jaeyoung/storage_ghi/Ntuples_ghi_2/MC15ri_generic/MC15ri_etaetapip_tight_v2_240419_Kp_BCS_etapi0const/bsub_log//MC15ri_etapip_gg_fitv6_toyMC_100_93.log"
------------------------------------------------------------

Exited with exit code 129.

Resource usage summary:

    CPU time :                                   27.19 sec.
    Max Memory :                                 586 MB
    Average Memory :                             389.00 MB
    Total Requested Memory :                     4000.00 MB
    Delta Memory :                               3414.00 MB
    Max Swap :                                   -
    Max Processes :                              9
    Max Threads :                                50
    Run time :                                   36 sec.
    Turnaround time :                            43 sec.

The output (if any) follows:



PS:

Read file <93.err> for stderr output of this job.

Sender: LSF System <lsfadmin@ccb236>
Subject: Job 47536323: <bash -c "basf2 etapip_gg_fit_v6_toymc_100.py 93 > /home/belle2/jaeyoung/storage_ghi/Ntuples_ghi_2/MC15ri_generic/MC15ri_etaetapip_tight_v2_240419_Kp_BCS_etapi0const/bsub_log//MC15ri_etapip_gg_fitv6_toyMC_100_93.log"> in cluster <centralcluster> Exited

Job <bash -c "basf2 etapip_gg_fit_v6_toymc_100.py 93 > /home/belle2/jaeyoung/storage_ghi/Ntuples_ghi_2/MC15ri_generic/MC15ri_etaetapip_tight_v2_240419_Kp_BCS_etapi0const/bsub_log//MC15ri_etapip_gg_fitv6_toyMC_100_93.log"> was submitted from host <ccw02> by user <jaeyoung> in cluster <centralcluster> at Wed Jul 10 21:14:41 2024
Job was executed on host(s) <ccb236>, in queue <h>, as user <jaeyoung> in cluster <centralcluster> at Wed Jul 10 21:14:53 2024
</home/belle2/jaeyoung> was used as the home directory.
</home/belle2/jaeyoung/workspace/DRAW_and_FITTING/main/FITTING/etapip/MC15ri_generic/tight_v2_fit_v6/ToyMC> was used as the working directory.
Started at Wed Jul 10 21:14:53 2024
Terminated at Wed Jul 10 21:15:23 2024
Results reported at Wed Jul 10 21:15:23 2024

Your job looked like:

------------------------------------------------------------
# LSBATCH: User input
bash -c "basf2 etapip_gg_fit_v6_toymc_100.py 93 > /home/belle2/jaeyoung/storage_ghi/Ntuples_ghi_2/MC15ri_generic/MC15ri_etaetapip_tight_v2_240419_Kp_BCS_etapi0const/bsub_log//MC15ri_etapip_gg_fitv6_toyMC_100_93.log"
------------------------------------------------------------

Exited with exit code 129.

Resource usage summary:

    CPU time :                                   26.33 sec.
    Max Memory :                                 594 MB
    Average Memory :                             370.17 MB
    Total Requested Memory :                     4000.00 MB
    Delta Memory :                               3406.00 MB
    Max Swap :                                   -
    Max Processes :                              9
    Max Threads :                                50
    Run time :                                   30 sec.
    Turnaround time :                            42 sec.

The output (if any) follows:



PS:

Read file <93.err> for stderr output of this job.

Sender: LSF System <lsfadmin@ccb008>
Subject: Job 47538244: <bash -c "basf2 etapip_gg_fit_v6_toymc_100.py 93 > /home/belle2/jaeyoung/storage_ghi/Ntuples_ghi_2/MC15ri_generic/MC15ri_etaetapip_tight_v2_240419_Kp_BCS_etapi0const/bsub_log//MC15ri_etapip_gg_fitv6_toyMC_100_93.log"> in cluster <centralcluster> Done

Job <bash -c "basf2 etapip_gg_fit_v6_toymc_100.py 93 > /home/belle2/jaeyoung/storage_ghi/Ntuples_ghi_2/MC15ri_generic/MC15ri_etaetapip_tight_v2_240419_Kp_BCS_etapi0const/bsub_log//MC15ri_etapip_gg_fitv6_toyMC_100_93.log"> was submitted from host <ccw02> by user <jaeyoung> in cluster <centralcluster> at Wed Jul 10 21:16:47 2024
Job was executed on host(s) <ccb008>, in queue <h>, as user <jaeyoung> in cluster <centralcluster> at Wed Jul 10 21:17:29 2024
</home/belle2/jaeyoung> was used as the home directory.
</home/belle2/jaeyoung/workspace/DRAW_and_FITTING/main/FITTING/etapip/MC15ri_generic/tight_v2_fit_v6/ToyMC> was used as the working directory.
Started at Wed Jul 10 21:17:29 2024
Terminated at Wed Jul 10 22:08:47 2024
Results reported at Wed Jul 10 22:08:47 2024

Your job looked like:

------------------------------------------------------------
# LSBATCH: User input
bash -c "basf2 etapip_gg_fit_v6_toymc_100.py 93 > /home/belle2/jaeyoung/storage_ghi/Ntuples_ghi_2/MC15ri_generic/MC15ri_etaetapip_tight_v2_240419_Kp_BCS_etapi0const/bsub_log//MC15ri_etapip_gg_fitv6_toyMC_100_93.log"
------------------------------------------------------------

Successfully completed.

Resource usage summary:

    CPU time :                                   3036.80 sec.
    Max Memory :                                 1282 MB
    Average Memory :                             1194.67 MB
    Total Requested Memory :                     4000.00 MB
    Delta Memory :                               2718.00 MB
    Max Swap :                                   -
    Max Processes :                              19
    Max Threads :                                20
    Run time :                                   3078 sec.
    Turnaround time :                            3120 sec.

The output (if any) follows:



PS:

Read file <93.err> for stderr output of this job.

Sender: LSF System <lsfadmin@ccb287>
Subject: Job 47967631: <bash -c "basf2 etapip_gg_fit_v6_toymc_100.py 93 > /home/belle2/jaeyoung/storage_ghi/Ntuples_ghi_2/MC15ri_generic/MC15ri_etaetapip_tight_v2_240419_Kp_BCS_etapi0const/bsub_log//MC15ri_etapip_gg_fitv6_toyMC_100_93.log"> in cluster <centralcluster> Exited

Job <bash -c "basf2 etapip_gg_fit_v6_toymc_100.py 93 > /home/belle2/jaeyoung/storage_ghi/Ntuples_ghi_2/MC15ri_generic/MC15ri_etaetapip_tight_v2_240419_Kp_BCS_etapi0const/bsub_log//MC15ri_etapip_gg_fitv6_toyMC_100_93.log"> was submitted from host <ccw07> by user <jaeyoung> in cluster <centralcluster> at Thu Jul 11 15:27:17 2024
Job was executed on host(s) <ccb287>, in queue <h>, as user <jaeyoung> in cluster <centralcluster> at Thu Jul 11 15:27:17 2024
</home/belle2/jaeyoung> was used as the home directory.
</home/belle2/jaeyoung/workspace/DRAW_and_FITTING/main/FITTING/etapip/MC15ri_generic/tight_v2_fit_v6/ToyMC> was used as the working directory.
Started at Thu Jul 11 15:27:17 2024
Terminated at Thu Jul 11 15:27:34 2024
Results reported at Thu Jul 11 15:27:34 2024

Your job looked like:

------------------------------------------------------------
# LSBATCH: User input
bash -c "basf2 etapip_gg_fit_v6_toymc_100.py 93 > /home/belle2/jaeyoung/storage_ghi/Ntuples_ghi_2/MC15ri_generic/MC15ri_etaetapip_tight_v2_240419_Kp_BCS_etapi0const/bsub_log//MC15ri_etapip_gg_fitv6_toyMC_100_93.log"
------------------------------------------------------------

Exited with exit code 1.

Resource usage summary:

    CPU time :                                   14.92 sec.
    Max Memory :                                 515 MB
    Average Memory :                             377.00 MB
    Total Requested Memory :                     4000.00 MB
    Delta Memory :                               3485.00 MB
    Max Swap :                                   -
    Max Processes :                              9
    Max Threads :                                50
    Run time :                                   17 sec.
    Turnaround time :                            17 sec.

The output (if any) follows:



PS:

Read file <93.err> for stderr output of this job.

Sender: LSF System <lsfadmin@ccb086>
Subject: Job 47969483: <bash -c "basf2 etapip_gg_fit_v6_toymc_100.py 93 > /home/belle2/jaeyoung/storage_ghi/Ntuples_ghi_2/MC15ri_generic/MC15ri_etaetapip_tight_v2_240419_Kp_BCS_etapi0const/bsub_log//MC15ri_etapip_gg_fitv6_toyMC_100_93.log"> in cluster <centralcluster> Done

Job <bash -c "basf2 etapip_gg_fit_v6_toymc_100.py 93 > /home/belle2/jaeyoung/storage_ghi/Ntuples_ghi_2/MC15ri_generic/MC15ri_etaetapip_tight_v2_240419_Kp_BCS_etapi0const/bsub_log//MC15ri_etapip_gg_fitv6_toyMC_100_93.log"> was submitted from host <ccw07> by user <jaeyoung> in cluster <centralcluster> at Thu Jul 11 15:29:28 2024
Job was executed on host(s) <ccb086>, in queue <h>, as user <jaeyoung> in cluster <centralcluster> at Thu Jul 11 15:29:34 2024
</home/belle2/jaeyoung> was used as the home directory.
</home/belle2/jaeyoung/workspace/DRAW_and_FITTING/main/FITTING/etapip/MC15ri_generic/tight_v2_fit_v6/ToyMC> was used as the working directory.
Started at Thu Jul 11 15:29:34 2024
Terminated at Thu Jul 11 16:35:37 2024
Results reported at Thu Jul 11 16:35:37 2024

Your job looked like:

------------------------------------------------------------
# LSBATCH: User input
bash -c "basf2 etapip_gg_fit_v6_toymc_100.py 93 > /home/belle2/jaeyoung/storage_ghi/Ntuples_ghi_2/MC15ri_generic/MC15ri_etaetapip_tight_v2_240419_Kp_BCS_etapi0const/bsub_log//MC15ri_etapip_gg_fitv6_toyMC_100_93.log"
------------------------------------------------------------

Successfully completed.

Resource usage summary:

    CPU time :                                   3912.39 sec.
    Max Memory :                                 1282 MB
    Average Memory :                             1002.16 MB
    Total Requested Memory :                     4000.00 MB
    Delta Memory :                               2718.00 MB
    Max Swap :                                   -
    Max Processes :                              19
    Max Threads :                                20
    Run time :                                   3964 sec.
    Turnaround time :                            3969 sec.

The output (if any) follows:



PS:

Read file <93.err> for stderr output of this job.

