Sender: LSF System <lsfadmin@ccb025>
Subject: Job 26252935: <bash -c "basf2 etapip_gg_fit_v6_toymc_100.py 95 > /home/belle2/jaeyoung/storage_ghi/Ntuples_ghi_2/MC15ri_generic/MC15ri_etaetapip_tight_v2_240419_Kp_BCS_etapi0const/bsub_log//MC15ri_etapip_gg_fitv6_toyMC_100_95.log"> in cluster <centralcluster> Exited

Job <bash -c "basf2 etapip_gg_fit_v6_toymc_100.py 95 > /home/belle2/jaeyoung/storage_ghi/Ntuples_ghi_2/MC15ri_generic/MC15ri_etaetapip_tight_v2_240419_Kp_BCS_etapi0const/bsub_log//MC15ri_etapip_gg_fitv6_toyMC_100_95.log"> was submitted from host <ccw03> by user <jaeyoung> in cluster <centralcluster> at Thu Jun 13 23:20:14 2024
Job was executed on host(s) <ccb025>, in queue <h>, as user <jaeyoung> in cluster <centralcluster> at Thu Jun 13 23:20:15 2024
</home/belle2/jaeyoung> was used as the home directory.
</home/belle2/jaeyoung/workspace/DRAW_and_FITTING/main/FITTING/etapip/MC15ri_generic/tight_v2_fit_v6/ToyMC> was used as the working directory.
Started at Thu Jun 13 23:20:15 2024
Terminated at Thu Jun 13 23:21:44 2024
Results reported at Thu Jun 13 23:21:44 2024

Your job looked like:

------------------------------------------------------------
# LSBATCH: User input
bash -c "basf2 etapip_gg_fit_v6_toymc_100.py 95 > /home/belle2/jaeyoung/storage_ghi/Ntuples_ghi_2/MC15ri_generic/MC15ri_etaetapip_tight_v2_240419_Kp_BCS_etapi0const/bsub_log//MC15ri_etapip_gg_fitv6_toyMC_100_95.log"
------------------------------------------------------------

TERM_PROCESSLIMIT: job killed after reaching LSF process limit.
Exited with exit code 143.

Resource usage summary:

    CPU time :                                   87.00 sec.
    Max Memory :                                 361 MB
    Average Memory :                             246.20 MB
    Total Requested Memory :                     4000.00 MB
    Delta Memory :                               3639.00 MB
    Max Swap :                                   -
    Max Processes :                              34
    Max Threads :                                35
    Run time :                                   89 sec.
    Turnaround time :                            90 sec.

The output (if any) follows:



PS:

Read file <95.err> for stderr output of this job.

Sender: LSF System <lsfadmin@ccb172>
Subject: Job 26269968: <bash -c "basf2 etapip_gg_fit_v6_toymc_100.py 95 > /home/belle2/jaeyoung/storage_ghi/Ntuples_ghi_2/MC15ri_generic/MC15ri_etaetapip_tight_v2_240419_Kp_BCS_etapi0const/bsub_log//MC15ri_etapip_gg_fitv6_toyMC_100_95.log"> in cluster <centralcluster> Exited

Job <bash -c "basf2 etapip_gg_fit_v6_toymc_100.py 95 > /home/belle2/jaeyoung/storage_ghi/Ntuples_ghi_2/MC15ri_generic/MC15ri_etaetapip_tight_v2_240419_Kp_BCS_etapi0const/bsub_log//MC15ri_etapip_gg_fitv6_toyMC_100_95.log"> was submitted from host <ccw03> by user <jaeyoung> in cluster <centralcluster> at Thu Jun 13 23:35:34 2024
Job was executed on host(s) <ccb172>, in queue <h>, as user <jaeyoung> in cluster <centralcluster> at Thu Jun 13 23:35:35 2024
</home/belle2/jaeyoung> was used as the home directory.
</home/belle2/jaeyoung/workspace/DRAW_and_FITTING/main/FITTING/etapip/MC15ri_generic/tight_v2_fit_v6/ToyMC> was used as the working directory.
Started at Thu Jun 13 23:35:35 2024
Terminated at Thu Jun 13 23:37:12 2024
Results reported at Thu Jun 13 23:37:12 2024

Your job looked like:

------------------------------------------------------------
# LSBATCH: User input
bash -c "basf2 etapip_gg_fit_v6_toymc_100.py 95 > /home/belle2/jaeyoung/storage_ghi/Ntuples_ghi_2/MC15ri_generic/MC15ri_etaetapip_tight_v2_240419_Kp_BCS_etapi0const/bsub_log//MC15ri_etapip_gg_fitv6_toyMC_100_95.log"
------------------------------------------------------------

TERM_PROCESSLIMIT: job killed after reaching LSF process limit.
Exited with exit code 143.

Resource usage summary:

    CPU time :                                   96.00 sec.
    Max Memory :                                 319 MB
    Average Memory :                             199.44 MB
    Total Requested Memory :                     4000.00 MB
    Delta Memory :                               3681.00 MB
    Max Swap :                                   -
    Max Processes :                              24
    Max Threads :                                25
    Run time :                                   97 sec.
    Turnaround time :                            98 sec.

The output (if any) follows:



PS:

Read file <95.err> for stderr output of this job.

Sender: LSF System <lsfadmin@ccb153>
Subject: Job 26275509: <bash -c "basf2 etapip_gg_fit_v6_toymc_100.py 95 > /home/belle2/jaeyoung/storage_ghi/Ntuples_ghi_2/MC15ri_generic/MC15ri_etaetapip_tight_v2_240419_Kp_BCS_etapi0const/bsub_log//MC15ri_etapip_gg_fitv6_toyMC_100_95.log"> in cluster <centralcluster> Done

Job <bash -c "basf2 etapip_gg_fit_v6_toymc_100.py 95 > /home/belle2/jaeyoung/storage_ghi/Ntuples_ghi_2/MC15ri_generic/MC15ri_etaetapip_tight_v2_240419_Kp_BCS_etapi0const/bsub_log//MC15ri_etapip_gg_fitv6_toyMC_100_95.log"> was submitted from host <ccw03> by user <jaeyoung> in cluster <centralcluster> at Thu Jun 13 23:45:41 2024
Job was executed on host(s) <ccb153>, in queue <h>, as user <jaeyoung> in cluster <centralcluster> at Thu Jun 13 23:45:41 2024
</home/belle2/jaeyoung> was used as the home directory.
</home/belle2/jaeyoung/workspace/DRAW_and_FITTING/main/FITTING/etapip/MC15ri_generic/tight_v2_fit_v6/ToyMC> was used as the working directory.
Started at Thu Jun 13 23:45:41 2024
Terminated at Fri Jun 14 00:03:51 2024
Results reported at Fri Jun 14 00:03:51 2024

Your job looked like:

------------------------------------------------------------
# LSBATCH: User input
bash -c "basf2 etapip_gg_fit_v6_toymc_100.py 95 > /home/belle2/jaeyoung/storage_ghi/Ntuples_ghi_2/MC15ri_generic/MC15ri_etaetapip_tight_v2_240419_Kp_BCS_etapi0const/bsub_log//MC15ri_etapip_gg_fitv6_toyMC_100_95.log"
------------------------------------------------------------

Successfully completed.

Resource usage summary:

    CPU time :                                   1086.81 sec.
    Max Memory :                                 296 MB
    Average Memory :                             270.81 MB
    Total Requested Memory :                     4000.00 MB
    Delta Memory :                               3704.00 MB
    Max Swap :                                   -
    Max Processes :                              19
    Max Threads :                                20
    Run time :                                   1090 sec.
    Turnaround time :                            1090 sec.

The output (if any) follows:



PS:

Read file <95.err> for stderr output of this job.

Sender: LSF System <lsfadmin@ccb090>
Subject: Job 26297292: <bash -c "basf2 etapip_gg_fit_v6_toymc_100.py 95 > /home/belle2/jaeyoung/storage_ghi/Ntuples_ghi_2/MC15ri_generic/MC15ri_etaetapip_tight_v2_240419_Kp_BCS_etapi0const/bsub_log//MC15ri_etapip_gg_fitv6_toyMC_100_95.log"> in cluster <centralcluster> Done

Job <bash -c "basf2 etapip_gg_fit_v6_toymc_100.py 95 > /home/belle2/jaeyoung/storage_ghi/Ntuples_ghi_2/MC15ri_generic/MC15ri_etaetapip_tight_v2_240419_Kp_BCS_etapi0const/bsub_log//MC15ri_etapip_gg_fitv6_toyMC_100_95.log"> was submitted from host <ccw03> by user <jaeyoung> in cluster <centralcluster> at Fri Jun 14 00:19:37 2024
Job was executed on host(s) <ccb090>, in queue <h>, as user <jaeyoung> in cluster <centralcluster> at Fri Jun 14 00:19:38 2024
</home/belle2/jaeyoung> was used as the home directory.
</home/belle2/jaeyoung/workspace/DRAW_and_FITTING/main/FITTING/etapip/MC15ri_generic/tight_v2_fit_v6/ToyMC> was used as the working directory.
Started at Fri Jun 14 00:19:38 2024
Terminated at Fri Jun 14 02:10:45 2024
Results reported at Fri Jun 14 02:10:45 2024

Your job looked like:

------------------------------------------------------------
# LSBATCH: User input
bash -c "basf2 etapip_gg_fit_v6_toymc_100.py 95 > /home/belle2/jaeyoung/storage_ghi/Ntuples_ghi_2/MC15ri_generic/MC15ri_etaetapip_tight_v2_240419_Kp_BCS_etapi0const/bsub_log//MC15ri_etapip_gg_fitv6_toyMC_100_95.log"
------------------------------------------------------------

Successfully completed.

Resource usage summary:

    CPU time :                                   6248.69 sec.
    Max Memory :                                 1327 MB
    Average Memory :                             656.17 MB
    Total Requested Memory :                     4000.00 MB
    Delta Memory :                               2673.00 MB
    Max Swap :                                   -
    Max Processes :                              19
    Max Threads :                                20
    Run time :                                   6668 sec.
    Turnaround time :                            6668 sec.

The output (if any) follows:



PS:

Read file <95.err> for stderr output of this job.

Sender: LSF System <lsfadmin@ccb264>
Subject: Job 26431997: <bash -c "basf2 etapip_gg_fit_v6_toymc_100.py 95 > /home/belle2/jaeyoung/storage_ghi/Ntuples_ghi_2/MC15ri_generic/MC15ri_etaetapip_tight_v2_240419_Kp_BCS_etapi0const/bsub_log//MC15ri_etapip_gg_fitv6_toyMC_100_95.log"> in cluster <centralcluster> Done

Job <bash -c "basf2 etapip_gg_fit_v6_toymc_100.py 95 > /home/belle2/jaeyoung/storage_ghi/Ntuples_ghi_2/MC15ri_generic/MC15ri_etaetapip_tight_v2_240419_Kp_BCS_etapi0const/bsub_log//MC15ri_etapip_gg_fitv6_toyMC_100_95.log"> was submitted from host <ccw03> by user <jaeyoung> in cluster <centralcluster> at Fri Jun 14 02:35:57 2024
Job was executed on host(s) <ccb264>, in queue <h>, as user <jaeyoung> in cluster <centralcluster> at Fri Jun 14 02:35:58 2024
</home/belle2/jaeyoung> was used as the home directory.
</home/belle2/jaeyoung/workspace/DRAW_and_FITTING/main/FITTING/etapip/MC15ri_generic/tight_v2_fit_v6/ToyMC> was used as the working directory.
Started at Fri Jun 14 02:35:58 2024
Terminated at Fri Jun 14 04:23:50 2024
Results reported at Fri Jun 14 04:23:50 2024

Your job looked like:

------------------------------------------------------------
# LSBATCH: User input
bash -c "basf2 etapip_gg_fit_v6_toymc_100.py 95 > /home/belle2/jaeyoung/storage_ghi/Ntuples_ghi_2/MC15ri_generic/MC15ri_etaetapip_tight_v2_240419_Kp_BCS_etapi0const/bsub_log//MC15ri_etapip_gg_fitv6_toyMC_100_95.log"
------------------------------------------------------------

Successfully completed.

Resource usage summary:

    CPU time :                                   5976.24 sec.
    Max Memory :                                 1330 MB
    Average Memory :                             645.76 MB
    Total Requested Memory :                     4000.00 MB
    Delta Memory :                               2670.00 MB
    Max Swap :                                   -
    Max Processes :                              19
    Max Threads :                                20
    Run time :                                   6471 sec.
    Turnaround time :                            6473 sec.

The output (if any) follows:



PS:

Read file <95.err> for stderr output of this job.

