Sender: LSF System <lsfadmin@ccb267>
Subject: Job 47533892: <bash -c "basf2 etapip_gg_fit_v6_toymc_100.py 97 > /home/belle2/jaeyoung/storage_ghi/Ntuples_ghi_2/MC15ri_generic/MC15ri_etaetapip_tight_v2_240419_Kp_BCS_etapi0const/bsub_log//MC15ri_etapip_gg_fitv6_toyMC_100_97.log"> in cluster <centralcluster> Exited

Job <bash -c "basf2 etapip_gg_fit_v6_toymc_100.py 97 > /home/belle2/jaeyoung/storage_ghi/Ntuples_ghi_2/MC15ri_generic/MC15ri_etaetapip_tight_v2_240419_Kp_BCS_etapi0const/bsub_log//MC15ri_etapip_gg_fitv6_toyMC_100_97.log"> was submitted from host <ccw02> by user <jaeyoung> in cluster <centralcluster> at Wed Jul 10 21:11:50 2024
Job was executed on host(s) <ccb267>, in queue <h>, as user <jaeyoung> in cluster <centralcluster> at Wed Jul 10 21:11:56 2024
</home/belle2/jaeyoung> was used as the home directory.
</home/belle2/jaeyoung/workspace/DRAW_and_FITTING/main/FITTING/etapip/MC15ri_generic/tight_v2_fit_v6/ToyMC> was used as the working directory.
Started at Wed Jul 10 21:11:56 2024
Terminated at Wed Jul 10 21:12:26 2024
Results reported at Wed Jul 10 21:12:26 2024

Your job looked like:

------------------------------------------------------------
# LSBATCH: User input
bash -c "basf2 etapip_gg_fit_v6_toymc_100.py 97 > /home/belle2/jaeyoung/storage_ghi/Ntuples_ghi_2/MC15ri_generic/MC15ri_etaetapip_tight_v2_240419_Kp_BCS_etapi0const/bsub_log//MC15ri_etapip_gg_fitv6_toyMC_100_97.log"
------------------------------------------------------------

Exited with exit code 129.

Resource usage summary:

    CPU time :                                   26.38 sec.
    Max Memory :                                 526 MB
    Average Memory :                             387.29 MB
    Total Requested Memory :                     4000.00 MB
    Delta Memory :                               3474.00 MB
    Max Swap :                                   -
    Max Processes :                              9
    Max Threads :                                50
    Run time :                                   30 sec.
    Turnaround time :                            36 sec.

The output (if any) follows:



PS:

Read file <97.err> for stderr output of this job.

Sender: LSF System <lsfadmin@ccb112>
Subject: Job 47536338: <bash -c "basf2 etapip_gg_fit_v6_toymc_100.py 97 > /home/belle2/jaeyoung/storage_ghi/Ntuples_ghi_2/MC15ri_generic/MC15ri_etaetapip_tight_v2_240419_Kp_BCS_etapi0const/bsub_log//MC15ri_etapip_gg_fitv6_toyMC_100_97.log"> in cluster <centralcluster> Exited

Job <bash -c "basf2 etapip_gg_fit_v6_toymc_100.py 97 > /home/belle2/jaeyoung/storage_ghi/Ntuples_ghi_2/MC15ri_generic/MC15ri_etaetapip_tight_v2_240419_Kp_BCS_etapi0const/bsub_log//MC15ri_etapip_gg_fitv6_toyMC_100_97.log"> was submitted from host <ccw02> by user <jaeyoung> in cluster <centralcluster> at Wed Jul 10 21:14:42 2024
Job was executed on host(s) <ccb112>, in queue <h>, as user <jaeyoung> in cluster <centralcluster> at Wed Jul 10 21:14:56 2024
</home/belle2/jaeyoung> was used as the home directory.
</home/belle2/jaeyoung/workspace/DRAW_and_FITTING/main/FITTING/etapip/MC15ri_generic/tight_v2_fit_v6/ToyMC> was used as the working directory.
Started at Wed Jul 10 21:14:56 2024
Terminated at Wed Jul 10 21:15:26 2024
Results reported at Wed Jul 10 21:15:26 2024

Your job looked like:

------------------------------------------------------------
# LSBATCH: User input
bash -c "basf2 etapip_gg_fit_v6_toymc_100.py 97 > /home/belle2/jaeyoung/storage_ghi/Ntuples_ghi_2/MC15ri_generic/MC15ri_etaetapip_tight_v2_240419_Kp_BCS_etapi0const/bsub_log//MC15ri_etapip_gg_fitv6_toyMC_100_97.log"
------------------------------------------------------------

Exited with exit code 129.

Resource usage summary:

    CPU time :                                   27.27 sec.
    Max Memory :                                 415 MB
    Average Memory :                             271.67 MB
    Total Requested Memory :                     4000.00 MB
    Delta Memory :                               3585.00 MB
    Max Swap :                                   -
    Max Processes :                              9
    Max Threads :                                50
    Run time :                                   31 sec.
    Turnaround time :                            44 sec.

The output (if any) follows:



PS:

Read file <97.err> for stderr output of this job.

Sender: LSF System <lsfadmin@ccb190>
Subject: Job 47538273: <bash -c "basf2 etapip_gg_fit_v6_toymc_100.py 97 > /home/belle2/jaeyoung/storage_ghi/Ntuples_ghi_2/MC15ri_generic/MC15ri_etaetapip_tight_v2_240419_Kp_BCS_etapi0const/bsub_log//MC15ri_etapip_gg_fitv6_toyMC_100_97.log"> in cluster <centralcluster> Done

Job <bash -c "basf2 etapip_gg_fit_v6_toymc_100.py 97 > /home/belle2/jaeyoung/storage_ghi/Ntuples_ghi_2/MC15ri_generic/MC15ri_etaetapip_tight_v2_240419_Kp_BCS_etapi0const/bsub_log//MC15ri_etapip_gg_fitv6_toyMC_100_97.log"> was submitted from host <ccw02> by user <jaeyoung> in cluster <centralcluster> at Wed Jul 10 21:16:48 2024
Job was executed on host(s) <ccb190>, in queue <h>, as user <jaeyoung> in cluster <centralcluster> at Wed Jul 10 21:17:32 2024
</home/belle2/jaeyoung> was used as the home directory.
</home/belle2/jaeyoung/workspace/DRAW_and_FITTING/main/FITTING/etapip/MC15ri_generic/tight_v2_fit_v6/ToyMC> was used as the working directory.
Started at Wed Jul 10 21:17:32 2024
Terminated at Wed Jul 10 22:06:58 2024
Results reported at Wed Jul 10 22:06:58 2024

Your job looked like:

------------------------------------------------------------
# LSBATCH: User input
bash -c "basf2 etapip_gg_fit_v6_toymc_100.py 97 > /home/belle2/jaeyoung/storage_ghi/Ntuples_ghi_2/MC15ri_generic/MC15ri_etaetapip_tight_v2_240419_Kp_BCS_etapi0const/bsub_log//MC15ri_etapip_gg_fitv6_toyMC_100_97.log"
------------------------------------------------------------

Successfully completed.

Resource usage summary:

    CPU time :                                   2899.37 sec.
    Max Memory :                                 1285 MB
    Average Memory :                             1191.38 MB
    Total Requested Memory :                     4000.00 MB
    Delta Memory :                               2715.00 MB
    Max Swap :                                   -
    Max Processes :                              19
    Max Threads :                                20
    Run time :                                   2967 sec.
    Turnaround time :                            3010 sec.

The output (if any) follows:



PS:

Read file <97.err> for stderr output of this job.

Sender: LSF System <lsfadmin@ccb200>
Subject: Job 47967654: <bash -c "basf2 etapip_gg_fit_v6_toymc_100.py 97 > /home/belle2/jaeyoung/storage_ghi/Ntuples_ghi_2/MC15ri_generic/MC15ri_etaetapip_tight_v2_240419_Kp_BCS_etapi0const/bsub_log//MC15ri_etapip_gg_fitv6_toyMC_100_97.log"> in cluster <centralcluster> Exited

Job <bash -c "basf2 etapip_gg_fit_v6_toymc_100.py 97 > /home/belle2/jaeyoung/storage_ghi/Ntuples_ghi_2/MC15ri_generic/MC15ri_etaetapip_tight_v2_240419_Kp_BCS_etapi0const/bsub_log//MC15ri_etapip_gg_fitv6_toyMC_100_97.log"> was submitted from host <ccw07> by user <jaeyoung> in cluster <centralcluster> at Thu Jul 11 15:27:18 2024
Job was executed on host(s) <ccb200>, in queue <h>, as user <jaeyoung> in cluster <centralcluster> at Thu Jul 11 15:27:19 2024
</home/belle2/jaeyoung> was used as the home directory.
</home/belle2/jaeyoung/workspace/DRAW_and_FITTING/main/FITTING/etapip/MC15ri_generic/tight_v2_fit_v6/ToyMC> was used as the working directory.
Started at Thu Jul 11 15:27:19 2024
Terminated at Thu Jul 11 15:27:36 2024
Results reported at Thu Jul 11 15:27:36 2024

Your job looked like:

------------------------------------------------------------
# LSBATCH: User input
bash -c "basf2 etapip_gg_fit_v6_toymc_100.py 97 > /home/belle2/jaeyoung/storage_ghi/Ntuples_ghi_2/MC15ri_generic/MC15ri_etaetapip_tight_v2_240419_Kp_BCS_etapi0const/bsub_log//MC15ri_etapip_gg_fitv6_toyMC_100_97.log"
------------------------------------------------------------

Exited with exit code 1.

Resource usage summary:

    CPU time :                                   14.70 sec.
    Max Memory :                                 504 MB
    Average Memory :                             377.00 MB
    Total Requested Memory :                     4000.00 MB
    Delta Memory :                               3496.00 MB
    Max Swap :                                   -
    Max Processes :                              9
    Max Threads :                                50
    Run time :                                   18 sec.
    Turnaround time :                            18 sec.

The output (if any) follows:



PS:

Read file <97.err> for stderr output of this job.

Sender: LSF System <lsfadmin@ccb280>
Subject: Job 47969511: <bash -c "basf2 etapip_gg_fit_v6_toymc_100.py 97 > /home/belle2/jaeyoung/storage_ghi/Ntuples_ghi_2/MC15ri_generic/MC15ri_etaetapip_tight_v2_240419_Kp_BCS_etapi0const/bsub_log//MC15ri_etapip_gg_fitv6_toyMC_100_97.log"> in cluster <centralcluster> Done

Job <bash -c "basf2 etapip_gg_fit_v6_toymc_100.py 97 > /home/belle2/jaeyoung/storage_ghi/Ntuples_ghi_2/MC15ri_generic/MC15ri_etaetapip_tight_v2_240419_Kp_BCS_etapi0const/bsub_log//MC15ri_etapip_gg_fitv6_toyMC_100_97.log"> was submitted from host <ccw07> by user <jaeyoung> in cluster <centralcluster> at Thu Jul 11 15:29:30 2024
Job was executed on host(s) <ccb280>, in queue <h>, as user <jaeyoung> in cluster <centralcluster> at Thu Jul 11 15:29:34 2024
</home/belle2/jaeyoung> was used as the home directory.
</home/belle2/jaeyoung/workspace/DRAW_and_FITTING/main/FITTING/etapip/MC15ri_generic/tight_v2_fit_v6/ToyMC> was used as the working directory.
Started at Thu Jul 11 15:29:34 2024
Terminated at Thu Jul 11 16:36:50 2024
Results reported at Thu Jul 11 16:36:50 2024

Your job looked like:

------------------------------------------------------------
# LSBATCH: User input
bash -c "basf2 etapip_gg_fit_v6_toymc_100.py 97 > /home/belle2/jaeyoung/storage_ghi/Ntuples_ghi_2/MC15ri_generic/MC15ri_etaetapip_tight_v2_240419_Kp_BCS_etapi0const/bsub_log//MC15ri_etapip_gg_fitv6_toyMC_100_97.log"
------------------------------------------------------------

Successfully completed.

Resource usage summary:

    CPU time :                                   4014.20 sec.
    Max Memory :                                 1301 MB
    Average Memory :                             1069.75 MB
    Total Requested Memory :                     4000.00 MB
    Delta Memory :                               2699.00 MB
    Max Swap :                                   -
    Max Processes :                              19
    Max Threads :                                20
    Run time :                                   4037 sec.
    Turnaround time :                            4040 sec.

The output (if any) follows:



PS:

Read file <97.err> for stderr output of this job.

